[2024-09-08T20:44:02.484+0000] {taskinstance.py:1157} INFO - Dependencies all met for dep_context=non-requeueable deps ti=<TaskInstance: data_pipeline_api.analyze_data scheduled__2024-09-07T00:30:00+00:00 [queued]>
[2024-09-08T20:44:02.509+0000] {taskinstance.py:1157} INFO - Dependencies all met for dep_context=requeueable deps ti=<TaskInstance: data_pipeline_api.analyze_data scheduled__2024-09-07T00:30:00+00:00 [queued]>
[2024-09-08T20:44:02.516+0000] {taskinstance.py:1359} INFO - Starting attempt 1 of 2
[2024-09-08T20:44:02.568+0000] {taskinstance.py:1380} INFO - Executing <Task(BashOperator): analyze_data> on 2024-09-07 00:30:00+00:00
[2024-09-08T20:44:02.585+0000] {standard_task_runner.py:57} INFO - Started process 194 to run task
[2024-09-08T20:44:02.588+0000] {standard_task_runner.py:84} INFO - Running: ['***', 'tasks', 'run', 'data_pipeline_api', 'analyze_data', 'scheduled__2024-09-07T00:30:00+00:00', '--job-id', '85', '--raw', '--subdir', 'DAGS_FOLDER/spark-jobs.py', '--cfg-path', '/tmp/tmp5xemh56v']
[2024-09-08T20:44:02.598+0000] {standard_task_runner.py:85} INFO - Job 85: Subtask analyze_data
[2024-09-08T20:44:02.702+0000] {task_command.py:415} INFO - Running <TaskInstance: data_pipeline_api.analyze_data scheduled__2024-09-07T00:30:00+00:00 [running]> on host 27ef58cc88fc
[2024-09-08T20:44:02.809+0000] {taskinstance.py:1660} INFO - Exporting env vars: AIRFLOW_CTX_DAG_OWNER='***' AIRFLOW_CTX_DAG_ID='data_pipeline_api' AIRFLOW_CTX_TASK_ID='analyze_data' AIRFLOW_CTX_EXECUTION_DATE='2024-09-07T00:30:00+00:00' AIRFLOW_CTX_TRY_NUMBER='1' AIRFLOW_CTX_DAG_RUN_ID='scheduled__2024-09-07T00:30:00+00:00'
[2024-09-08T20:44:02.814+0000] {subprocess.py:63} INFO - Tmp dir root location: /tmp
[2024-09-08T20:44:02.817+0000] {subprocess.py:75} INFO - Running command: ['/bin/bash', '-c', 'bash /opt/***/jobs/spark-submit.sh /opt/***/jobs/analyze_data.py ']
[2024-09-08T20:44:02.832+0000] {subprocess.py:86} INFO - Output:
[2024-09-08T20:44:02.851+0000] {subprocess.py:93} INFO - /opt/***/jobs/analyze_data.py
[2024-09-08T20:44:02.964+0000] {subprocess.py:93} INFO - /home/***/.local/lib/python3.11/site-packages/pyspark/bin/load-spark-env.sh: line 68: ps: command not found
[2024-09-08T20:44:06.037+0000] {subprocess.py:93} INFO - 24/09/08 20:44:06 WARN NativeCodeLoader: Unable to load native-hadoop library for your platform... using builtin-java classes where applicable
[2024-09-08T20:44:07.491+0000] {subprocess.py:93} INFO - 24/09/08 20:44:07 INFO SparkContext: Running Spark version 3.5.1
[2024-09-08T20:44:07.492+0000] {subprocess.py:93} INFO - 24/09/08 20:44:07 INFO SparkContext: OS info Linux, 6.6.32-linuxkit, aarch64
[2024-09-08T20:44:07.493+0000] {subprocess.py:93} INFO - 24/09/08 20:44:07 INFO SparkContext: Java version 11.0.23
[2024-09-08T20:44:07.551+0000] {subprocess.py:93} INFO - 24/09/08 20:44:07 INFO ResourceUtils: ==============================================================
[2024-09-08T20:44:07.552+0000] {subprocess.py:93} INFO - 24/09/08 20:44:07 INFO ResourceUtils: No custom resources configured for spark.driver.
[2024-09-08T20:44:07.552+0000] {subprocess.py:93} INFO - 24/09/08 20:44:07 INFO ResourceUtils: ==============================================================
[2024-09-08T20:44:07.552+0000] {subprocess.py:93} INFO - 24/09/08 20:44:07 INFO SparkContext: Submitted application: FinanceDataAnalysis
[2024-09-08T20:44:07.586+0000] {subprocess.py:93} INFO - 24/09/08 20:44:07 INFO ResourceProfile: Default ResourceProfile created, executor resources: Map(cores -> name: cores, amount: 1, script: , vendor: , memory -> name: memory, amount: 1024, script: , vendor: , offHeap -> name: offHeap, amount: 1024, script: , vendor: ), task resources: Map(cpus -> name: cpus, amount: 1.0)
[2024-09-08T20:44:07.604+0000] {subprocess.py:93} INFO - 24/09/08 20:44:07 INFO ResourceProfile: Limiting resource is cpus at 1 tasks per executor
[2024-09-08T20:44:07.604+0000] {subprocess.py:93} INFO - 24/09/08 20:44:07 INFO ResourceProfileManager: Added ResourceProfile id: 0
[2024-09-08T20:44:07.751+0000] {subprocess.py:93} INFO - 24/09/08 20:44:07 INFO SecurityManager: Changing view acls to: ***
[2024-09-08T20:44:07.753+0000] {subprocess.py:93} INFO - 24/09/08 20:44:07 INFO SecurityManager: Changing modify acls to: ***
[2024-09-08T20:44:07.754+0000] {subprocess.py:93} INFO - 24/09/08 20:44:07 INFO SecurityManager: Changing view acls groups to:
[2024-09-08T20:44:07.755+0000] {subprocess.py:93} INFO - 24/09/08 20:44:07 INFO SecurityManager: Changing modify acls groups to:
[2024-09-08T20:44:07.757+0000] {subprocess.py:93} INFO - 24/09/08 20:44:07 INFO SecurityManager: SecurityManager: authentication disabled; ui acls disabled; users with view permissions: ***; groups with view permissions: EMPTY; users with modify permissions: ***; groups with modify permissions: EMPTY
[2024-09-08T20:44:08.141+0000] {subprocess.py:93} INFO - 24/09/08 20:44:08 INFO Utils: Successfully started service 'sparkDriver' on port 36655.
[2024-09-08T20:44:08.228+0000] {subprocess.py:93} INFO - 24/09/08 20:44:08 INFO SparkEnv: Registering MapOutputTracker
[2024-09-08T20:44:08.277+0000] {subprocess.py:93} INFO - 24/09/08 20:44:08 INFO SparkEnv: Registering BlockManagerMaster
[2024-09-08T20:44:08.306+0000] {subprocess.py:93} INFO - 24/09/08 20:44:08 INFO BlockManagerMasterEndpoint: Using org.apache.spark.storage.DefaultTopologyMapper for getting topology information
[2024-09-08T20:44:08.308+0000] {subprocess.py:93} INFO - 24/09/08 20:44:08 INFO BlockManagerMasterEndpoint: BlockManagerMasterEndpoint up
[2024-09-08T20:44:08.312+0000] {subprocess.py:93} INFO - 24/09/08 20:44:08 INFO SparkEnv: Registering BlockManagerMasterHeartbeat
[2024-09-08T20:44:08.356+0000] {subprocess.py:93} INFO - 24/09/08 20:44:08 INFO DiskBlockManager: Created local directory at /tmp/blockmgr-ebb7d68e-27b9-48f0-b46f-0d612011c5e4
[2024-09-08T20:44:08.374+0000] {subprocess.py:93} INFO - 24/09/08 20:44:08 INFO MemoryStore: MemoryStore started with capacity 1458.4 MiB
[2024-09-08T20:44:08.419+0000] {subprocess.py:93} INFO - 24/09/08 20:44:08 INFO SparkEnv: Registering OutputCommitCoordinator
[2024-09-08T20:44:08.555+0000] {subprocess.py:93} INFO - 24/09/08 20:44:08 INFO JettyUtils: Start Jetty 0.0.0.0:4040 for SparkUI
[2024-09-08T20:44:08.623+0000] {subprocess.py:93} INFO - 24/09/08 20:44:08 WARN Utils: Service 'SparkUI' could not bind on port 4040. Attempting port 4041.
[2024-09-08T20:44:08.630+0000] {subprocess.py:93} INFO - 24/09/08 20:44:08 INFO Utils: Successfully started service 'SparkUI' on port 4041.
[2024-09-08T20:44:08.661+0000] {subprocess.py:93} INFO - 24/09/08 20:44:08 INFO SparkContext: Added JAR file:///opt/bitnami/spark/resources/elasticsearch-spark-30_2.12-8.4.3.jar at spark://27ef58cc88fc:36655/jars/elasticsearch-spark-30_2.12-8.4.3.jar with timestamp 1725828247473
[2024-09-08T20:44:08.783+0000] {subprocess.py:93} INFO - 24/09/08 20:44:08 INFO StandaloneAppClient$ClientEndpoint: Connecting to master spark://spark-master:7077...
[2024-09-08T20:44:08.829+0000] {subprocess.py:93} INFO - 24/09/08 20:44:08 INFO TransportClientFactory: Successfully created connection to spark-master/172.18.0.4:7077 after 22 ms (0 ms spent in bootstraps)
[2024-09-08T20:44:08.974+0000] {subprocess.py:93} INFO - 24/09/08 20:44:08 INFO StandaloneSchedulerBackend: Connected to Spark cluster with app ID app-20240908204408-0000
[2024-09-08T20:44:08.987+0000] {subprocess.py:93} INFO - 24/09/08 20:44:08 INFO Utils: Successfully started service 'org.apache.spark.network.netty.NettyBlockTransferService' on port 40797.
[2024-09-08T20:44:08.988+0000] {subprocess.py:93} INFO - 24/09/08 20:44:08 INFO NettyBlockTransferService: Server created on 27ef58cc88fc:40797
[2024-09-08T20:44:08.991+0000] {subprocess.py:93} INFO - 24/09/08 20:44:08 INFO BlockManager: Using org.apache.spark.storage.RandomBlockReplicationPolicy for block replication policy
[2024-09-08T20:44:08.999+0000] {subprocess.py:93} INFO - 24/09/08 20:44:08 INFO StandaloneAppClient$ClientEndpoint: Executor added: app-20240908204408-0000/0 on worker-20240908204352-172.18.0.8-33881 (172.18.0.8:33881) with 1 core(s)
[2024-09-08T20:44:09.004+0000] {subprocess.py:93} INFO - 24/09/08 20:44:09 INFO StandaloneSchedulerBackend: Granted executor ID app-20240908204408-0000/0 on hostPort 172.18.0.8:33881 with 1 core(s), 1024.0 MiB RAM
[2024-09-08T20:44:09.006+0000] {subprocess.py:93} INFO - 24/09/08 20:44:09 INFO StandaloneAppClient$ClientEndpoint: Executor added: app-20240908204408-0000/1 on worker-20240908204352-172.18.0.7-33815 (172.18.0.7:33815) with 1 core(s)
[2024-09-08T20:44:09.007+0000] {subprocess.py:93} INFO - 24/09/08 20:44:09 INFO BlockManagerMaster: Registering BlockManager BlockManagerId(driver, 27ef58cc88fc, 40797, None)
[2024-09-08T20:44:09.009+0000] {subprocess.py:93} INFO - 24/09/08 20:44:09 INFO StandaloneSchedulerBackend: Granted executor ID app-20240908204408-0000/1 on hostPort 172.18.0.7:33815 with 1 core(s), 1024.0 MiB RAM
[2024-09-08T20:44:09.011+0000] {subprocess.py:93} INFO - 24/09/08 20:44:09 INFO BlockManagerMasterEndpoint: Registering block manager 27ef58cc88fc:40797 with 1458.4 MiB RAM, BlockManagerId(driver, 27ef58cc88fc, 40797, None)
[2024-09-08T20:44:09.021+0000] {subprocess.py:93} INFO - 24/09/08 20:44:09 INFO BlockManagerMaster: Registered BlockManager BlockManagerId(driver, 27ef58cc88fc, 40797, None)
[2024-09-08T20:44:09.022+0000] {subprocess.py:93} INFO - 24/09/08 20:44:09 INFO BlockManager: Initialized BlockManager: BlockManagerId(driver, 27ef58cc88fc, 40797, None)
[2024-09-08T20:44:09.253+0000] {subprocess.py:93} INFO - 24/09/08 20:44:09 INFO StandaloneAppClient$ClientEndpoint: Executor updated: app-20240908204408-0000/1 is now RUNNING
[2024-09-08T20:44:09.254+0000] {subprocess.py:93} INFO - 24/09/08 20:44:09 INFO StandaloneAppClient$ClientEndpoint: Executor updated: app-20240908204408-0000/0 is now RUNNING
[2024-09-08T20:44:09.429+0000] {subprocess.py:93} INFO - 24/09/08 20:44:09 INFO StandaloneSchedulerBackend: SchedulerBackend is ready for scheduling beginning after reached minRegisteredResourcesRatio: 0.0
[2024-09-08T20:44:09.795+0000] {subprocess.py:93} INFO - 24/09/08 20:44:09 INFO SharedState: Setting hive.metastore.warehouse.dir ('null') to the value of spark.sql.warehouse.dir.
[2024-09-08T20:44:09.796+0000] {subprocess.py:93} INFO - 24/09/08 20:44:09 INFO SharedState: Warehouse path is 'file:/tmp/***tmpvbrcjq5r/spark-warehouse'.
[2024-09-08T20:44:11.445+0000] {subprocess.py:93} INFO - 24/09/08 20:44:11 INFO Version: Elasticsearch Hadoop v8.4.3 [a7873eb469]
[2024-09-08T20:44:11.882+0000] {subprocess.py:93} INFO - 24/09/08 20:44:11 INFO StandaloneSchedulerBackend$StandaloneDriverEndpoint: Registered executor NettyRpcEndpointRef(spark-client://Executor) (172.18.0.7:50610) with ID 1,  ResourceProfileId 0
[2024-09-08T20:44:11.923+0000] {subprocess.py:93} INFO - 24/09/08 20:44:11 INFO StandaloneSchedulerBackend$StandaloneDriverEndpoint: Registered executor NettyRpcEndpointRef(spark-client://Executor) (172.18.0.8:57770) with ID 0,  ResourceProfileId 0
[2024-09-08T20:44:11.987+0000] {subprocess.py:93} INFO - 24/09/08 20:44:11 INFO BlockManagerMasterEndpoint: Registering block manager 172.18.0.7:38205 with 1458.4 MiB RAM, BlockManagerId(1, 172.18.0.7, 38205, None)
[2024-09-08T20:44:11.994+0000] {subprocess.py:93} INFO - 24/09/08 20:44:11 INFO BlockManagerMasterEndpoint: Registering block manager 172.18.0.8:38425 with 1458.4 MiB RAM, BlockManagerId(0, 172.18.0.8, 38425, None)
[2024-09-08T20:44:14.528+0000] {subprocess.py:93} INFO - Traceback (most recent call last):
[2024-09-08T20:44:14.530+0000] {subprocess.py:93} INFO -   File "/opt/***/jobs/analyze_data.py", line 48, in <module>
[2024-09-08T20:44:14.531+0000] {subprocess.py:93} INFO -     save_analysis_result(top_gainers, "data/top_gainers.csv")
[2024-09-08T20:44:14.531+0000] {subprocess.py:93} INFO -   File "/opt/***/jobs/analyze_data.py", line 41, in save_analysis_result
[2024-09-08T20:44:14.533+0000] {subprocess.py:93} INFO -     df.coalesce(1).write.mode("overwrite").csv(file_path, header=True)
[2024-09-08T20:44:14.533+0000] {subprocess.py:93} INFO -   File "/home/***/.local/lib/python3.11/site-packages/pyspark/python/lib/pyspark.zip/pyspark/sql/readwriter.py", line 1864, in csv
[2024-09-08T20:44:14.533+0000] {subprocess.py:93} INFO -   File "/home/***/.local/lib/python3.11/site-packages/pyspark/python/lib/py4j-0.10.9.7-src.zip/py4j/java_gateway.py", line 1322, in __call__
[2024-09-08T20:44:14.533+0000] {subprocess.py:93} INFO -   File "/home/***/.local/lib/python3.11/site-packages/pyspark/python/lib/pyspark.zip/pyspark/errors/exceptions/captured.py", line 185, in deco
[2024-09-08T20:44:14.534+0000] {subprocess.py:93} INFO - pyspark.errors.exceptions.captured.AnalysisException: [UNSUPPORTED_DATA_TYPE_FOR_DATASOURCE] The CSV datasource doesn't support the column `_metadata` of the type "MAP<STRING, STRING>".
[2024-09-08T20:44:14.587+0000] {subprocess.py:93} INFO - 24/09/08 20:44:14 INFO SparkContext: Invoking stop() from shutdown hook
[2024-09-08T20:44:14.589+0000] {subprocess.py:93} INFO - 24/09/08 20:44:14 INFO SparkContext: SparkContext is stopping with exitCode 0.
[2024-09-08T20:44:14.595+0000] {subprocess.py:93} INFO - 24/09/08 20:44:14 INFO SparkUI: Stopped Spark web UI at http://27ef58cc88fc:4041
[2024-09-08T20:44:14.598+0000] {subprocess.py:93} INFO - 24/09/08 20:44:14 INFO StandaloneSchedulerBackend: Shutting down all executors
[2024-09-08T20:44:14.598+0000] {subprocess.py:93} INFO - 24/09/08 20:44:14 INFO StandaloneSchedulerBackend$StandaloneDriverEndpoint: Asking each executor to shut down
[2024-09-08T20:44:14.631+0000] {subprocess.py:93} INFO - 24/09/08 20:44:14 INFO MapOutputTrackerMasterEndpoint: MapOutputTrackerMasterEndpoint stopped!
[2024-09-08T20:44:14.650+0000] {subprocess.py:93} INFO - 24/09/08 20:44:14 INFO MemoryStore: MemoryStore cleared
[2024-09-08T20:44:14.651+0000] {subprocess.py:93} INFO - 24/09/08 20:44:14 INFO BlockManager: BlockManager stopped
[2024-09-08T20:44:14.667+0000] {subprocess.py:93} INFO - 24/09/08 20:44:14 INFO BlockManagerMaster: BlockManagerMaster stopped
[2024-09-08T20:44:14.673+0000] {subprocess.py:93} INFO - 24/09/08 20:44:14 INFO OutputCommitCoordinator$OutputCommitCoordinatorEndpoint: OutputCommitCoordinator stopped!
[2024-09-08T20:44:14.692+0000] {subprocess.py:93} INFO - 24/09/08 20:44:14 INFO SparkContext: Successfully stopped SparkContext
[2024-09-08T20:44:14.693+0000] {subprocess.py:93} INFO - 24/09/08 20:44:14 INFO ShutdownHookManager: Shutdown hook called
[2024-09-08T20:44:14.695+0000] {subprocess.py:93} INFO - 24/09/08 20:44:14 INFO ShutdownHookManager: Deleting directory /tmp/spark-50be4b1f-10d2-4d74-b6c1-e3f1545af0aa
[2024-09-08T20:44:14.705+0000] {subprocess.py:93} INFO - 24/09/08 20:44:14 INFO ShutdownHookManager: Deleting directory /tmp/spark-1ca10925-3d9b-418b-bcdb-6a1c67657c88/pyspark-98ad70de-fd47-4a08-bb82-ea7fc9caff91
[2024-09-08T20:44:14.717+0000] {subprocess.py:93} INFO - 24/09/08 20:44:14 INFO ShutdownHookManager: Deleting directory /tmp/spark-1ca10925-3d9b-418b-bcdb-6a1c67657c88
[2024-09-08T20:44:14.780+0000] {subprocess.py:97} INFO - Command exited with return code 1
[2024-09-08T20:44:14.810+0000] {taskinstance.py:1935} ERROR - Task failed with exception
Traceback (most recent call last):
  File "/home/airflow/.local/lib/python3.11/site-packages/airflow/operators/bash.py", line 210, in execute
    raise AirflowException(
airflow.exceptions.AirflowException: Bash command failed. The command returned a non-zero exit code 1.
[2024-09-08T20:44:14.834+0000] {taskinstance.py:1398} INFO - Marking task as UP_FOR_RETRY. dag_id=data_pipeline_api, task_id=analyze_data, execution_date=20240907T003000, start_date=20240908T204402, end_date=20240908T204414
[2024-09-08T20:44:14.854+0000] {standard_task_runner.py:104} ERROR - Failed to execute job 85 for task analyze_data (Bash command failed. The command returned a non-zero exit code 1.; 194)
[2024-09-08T20:44:14.868+0000] {local_task_job_runner.py:228} INFO - Task exited with return code 1
[2024-09-08T20:44:14.887+0000] {taskinstance.py:2776} INFO - 0 downstream tasks scheduled from follow-on schedule check
