[2024-09-12T00:42:03.126+0000] {taskinstance.py:1157} INFO - Dependencies all met for dep_context=non-requeueable deps ti=<TaskInstance: data_pipeline_api.fetch_data scheduled__2024-09-11T00:30:00+00:00 [queued]>
[2024-09-12T00:42:03.141+0000] {taskinstance.py:1157} INFO - Dependencies all met for dep_context=requeueable deps ti=<TaskInstance: data_pipeline_api.fetch_data scheduled__2024-09-11T00:30:00+00:00 [queued]>
[2024-09-12T00:42:03.142+0000] {taskinstance.py:1359} INFO - Starting attempt 1 of 2
[2024-09-12T00:42:03.164+0000] {taskinstance.py:1380} INFO - Executing <Task(BashOperator): fetch_data> on 2024-09-11 00:30:00+00:00
[2024-09-12T00:42:03.185+0000] {standard_task_runner.py:57} INFO - Started process 58827 to run task
[2024-09-12T00:42:03.203+0000] {standard_task_runner.py:84} INFO - Running: ['***', 'tasks', 'run', 'data_pipeline_api', 'fetch_data', 'scheduled__2024-09-11T00:30:00+00:00', '--job-id', '99', '--raw', '--subdir', 'DAGS_FOLDER/spark-jobs.py', '--cfg-path', '/tmp/tmplxa8db0k']
[2024-09-12T00:42:03.217+0000] {standard_task_runner.py:85} INFO - Job 99: Subtask fetch_data
[2024-09-12T00:42:03.433+0000] {task_command.py:415} INFO - Running <TaskInstance: data_pipeline_api.fetch_data scheduled__2024-09-11T00:30:00+00:00 [running]> on host 27ef58cc88fc
[2024-09-12T00:42:03.588+0000] {taskinstance.py:1660} INFO - Exporting env vars: AIRFLOW_CTX_DAG_OWNER='***' AIRFLOW_CTX_DAG_ID='data_pipeline_api' AIRFLOW_CTX_TASK_ID='fetch_data' AIRFLOW_CTX_EXECUTION_DATE='2024-09-11T00:30:00+00:00' AIRFLOW_CTX_TRY_NUMBER='1' AIRFLOW_CTX_DAG_RUN_ID='scheduled__2024-09-11T00:30:00+00:00'
[2024-09-12T00:42:03.592+0000] {subprocess.py:63} INFO - Tmp dir root location: /tmp
[2024-09-12T00:42:03.595+0000] {subprocess.py:75} INFO - Running command: ['/bin/bash', '-c', 'bash /opt/***/jobs/spark-submit.sh /opt/***/jobs/fetch_data.py ']
[2024-09-12T00:42:03.607+0000] {subprocess.py:86} INFO - Output:
[2024-09-12T00:42:03.625+0000] {subprocess.py:93} INFO - /opt/***/jobs/fetch_data.py
[2024-09-12T00:42:03.700+0000] {subprocess.py:93} INFO - /home/***/.local/lib/python3.11/site-packages/pyspark/bin/load-spark-env.sh: line 68: ps: command not found
[2024-09-12T00:42:05.469+0000] {subprocess.py:93} INFO - 24/09/12 00:42:05 WARN NativeCodeLoader: Unable to load native-hadoop library for your platform... using builtin-java classes where applicable
[2024-09-12T00:42:07.027+0000] {subprocess.py:93} INFO - 24/09/12 00:42:07 INFO ShutdownHookManager: Shutdown hook called
[2024-09-12T00:42:07.028+0000] {subprocess.py:93} INFO - 24/09/12 00:42:07 INFO ShutdownHookManager: Deleting directory /tmp/spark-1007b600-1bb6-4d1f-8ac0-3f3cb3080882
[2024-09-12T00:42:07.046+0000] {subprocess.py:97} INFO - Command exited with return code 0
[2024-09-12T00:42:07.069+0000] {taskinstance.py:1398} INFO - Marking task as SUCCESS. dag_id=data_pipeline_api, task_id=fetch_data, execution_date=20240911T003000, start_date=20240912T004203, end_date=20240912T004207
[2024-09-12T00:42:07.101+0000] {local_task_job_runner.py:228} INFO - Task exited with return code 0
[2024-09-12T00:42:07.125+0000] {taskinstance.py:2776} INFO - 0 downstream tasks scheduled from follow-on schedule check
