[2024-08-09T12:15:47.522+0000] {taskinstance.py:1157} INFO - Dependencies all met for dep_context=non-requeueable deps ti=<TaskInstance: data_pipeline_api.fetch_data scheduled__2024-08-08T00:30:00+00:00 [queued]>
[2024-08-09T12:15:47.526+0000] {taskinstance.py:1157} INFO - Dependencies all met for dep_context=requeueable deps ti=<TaskInstance: data_pipeline_api.fetch_data scheduled__2024-08-08T00:30:00+00:00 [queued]>
[2024-08-09T12:15:47.526+0000] {taskinstance.py:1359} INFO - Starting attempt 3 of 4
[2024-08-09T12:15:47.533+0000] {taskinstance.py:1380} INFO - Executing <Task(BashOperator): fetch_data> on 2024-08-08 00:30:00+00:00
[2024-08-09T12:15:47.536+0000] {standard_task_runner.py:57} INFO - Started process 13929 to run task
[2024-08-09T12:15:47.538+0000] {standard_task_runner.py:84} INFO - Running: ['***', 'tasks', 'run', 'data_pipeline_api', 'fetch_data', 'scheduled__2024-08-08T00:30:00+00:00', '--job-id', '97', '--raw', '--subdir', 'DAGS_FOLDER/spark-jobs.py', '--cfg-path', '/tmp/tmp9hna87t_']
[2024-08-09T12:15:47.541+0000] {standard_task_runner.py:85} INFO - Job 97: Subtask fetch_data
[2024-08-09T12:15:47.583+0000] {task_command.py:415} INFO - Running <TaskInstance: data_pipeline_api.fetch_data scheduled__2024-08-08T00:30:00+00:00 [running]> on host c553c98b8e80
[2024-08-09T12:15:47.626+0000] {taskinstance.py:1660} INFO - Exporting env vars: AIRFLOW_CTX_DAG_OWNER='***' AIRFLOW_CTX_DAG_ID='data_pipeline_api' AIRFLOW_CTX_TASK_ID='fetch_data' AIRFLOW_CTX_EXECUTION_DATE='2024-08-08T00:30:00+00:00' AIRFLOW_CTX_TRY_NUMBER='3' AIRFLOW_CTX_DAG_RUN_ID='scheduled__2024-08-08T00:30:00+00:00'
[2024-08-09T12:15:47.628+0000] {subprocess.py:63} INFO - Tmp dir root location: /tmp
[2024-08-09T12:15:47.629+0000] {subprocess.py:75} INFO - Running command: ['/bin/bash', '-c', 'bash /opt/***/jobs/spark-submit.sh /opt/***/jobs/fetch_data.py ']
[2024-08-09T12:15:47.633+0000] {subprocess.py:86} INFO - Output:
[2024-08-09T12:15:47.637+0000] {subprocess.py:93} INFO - /opt/***/jobs/fetch_data.py
[2024-08-09T12:15:47.700+0000] {subprocess.py:93} INFO - /home/***/.local/lib/python3.11/site-packages/pyspark/bin/load-spark-env.sh: line 68: ps: command not found
[2024-08-09T12:15:48.847+0000] {subprocess.py:93} INFO - 24/08/09 12:15:48 WARN NativeCodeLoader: Unable to load native-hadoop library for your platform... using builtin-java classes where applicable
[2024-08-09T12:15:51.932+0000] {subprocess.py:93} INFO - 24/08/09 12:15:51 INFO ShutdownHookManager: Shutdown hook called
[2024-08-09T12:15:51.946+0000] {subprocess.py:93} INFO - 24/08/09 12:15:51 INFO ShutdownHookManager: Deleting directory /tmp/spark-50a97be2-f246-4c5d-8d9f-f9a5cf6cf14e
[2024-08-09T12:15:51.987+0000] {subprocess.py:97} INFO - Command exited with return code 0
[2024-08-09T12:15:52.028+0000] {taskinstance.py:1398} INFO - Marking task as SUCCESS. dag_id=data_pipeline_api, task_id=fetch_data, execution_date=20240808T003000, start_date=20240809T121547, end_date=20240809T121552
[2024-08-09T12:15:52.046+0000] {local_task_job_runner.py:228} INFO - Task exited with return code 0
[2024-08-09T12:15:52.072+0000] {taskinstance.py:2776} INFO - 0 downstream tasks scheduled from follow-on schedule check
