[2024-08-09T12:04:50.324+0000] {taskinstance.py:1157} INFO - Dependencies all met for dep_context=non-requeueable deps ti=<TaskInstance: data_pipeline_api.fetch_data scheduled__2024-08-08T00:30:00+00:00 [queued]>
[2024-08-09T12:04:50.326+0000] {taskinstance.py:1157} INFO - Dependencies all met for dep_context=requeueable deps ti=<TaskInstance: data_pipeline_api.fetch_data scheduled__2024-08-08T00:30:00+00:00 [queued]>
[2024-08-09T12:04:50.326+0000] {taskinstance.py:1359} INFO - Starting attempt 1 of 2
[2024-08-09T12:04:50.330+0000] {taskinstance.py:1380} INFO - Executing <Task(BashOperator): fetch_data> on 2024-08-08 00:30:00+00:00
[2024-08-09T12:04:50.333+0000] {standard_task_runner.py:57} INFO - Started process 12514 to run task
[2024-08-09T12:04:50.334+0000] {standard_task_runner.py:84} INFO - Running: ['***', 'tasks', 'run', 'data_pipeline_api', 'fetch_data', 'scheduled__2024-08-08T00:30:00+00:00', '--job-id', '89', '--raw', '--subdir', 'DAGS_FOLDER/spark-jobs.py', '--cfg-path', '/tmp/tmpfop1txpr']
[2024-08-09T12:04:50.336+0000] {standard_task_runner.py:85} INFO - Job 89: Subtask fetch_data
[2024-08-09T12:04:50.372+0000] {task_command.py:415} INFO - Running <TaskInstance: data_pipeline_api.fetch_data scheduled__2024-08-08T00:30:00+00:00 [running]> on host c553c98b8e80
[2024-08-09T12:04:50.418+0000] {taskinstance.py:1660} INFO - Exporting env vars: AIRFLOW_CTX_DAG_OWNER='***' AIRFLOW_CTX_DAG_ID='data_pipeline_api' AIRFLOW_CTX_TASK_ID='fetch_data' AIRFLOW_CTX_EXECUTION_DATE='2024-08-08T00:30:00+00:00' AIRFLOW_CTX_TRY_NUMBER='1' AIRFLOW_CTX_DAG_RUN_ID='scheduled__2024-08-08T00:30:00+00:00'
[2024-08-09T12:04:50.422+0000] {subprocess.py:63} INFO - Tmp dir root location: /tmp
[2024-08-09T12:04:50.424+0000] {subprocess.py:75} INFO - Running command: ['/bin/bash', '-c', 'bash /opt/***/jobs/spark-submit.sh /opt/***/jobs/main.py ']
[2024-08-09T12:04:50.432+0000] {subprocess.py:86} INFO - Output:
[2024-08-09T12:04:50.434+0000] {subprocess.py:93} INFO - /opt/***/jobs/main.py
[2024-08-09T12:04:50.526+0000] {subprocess.py:93} INFO - /home/***/.local/lib/python3.11/site-packages/pyspark/bin/load-spark-env.sh: line 68: ps: command not found
[2024-08-09T12:04:52.304+0000] {subprocess.py:93} INFO - 24/08/09 12:04:52 WARN NativeCodeLoader: Unable to load native-hadoop library for your platform... using builtin-java classes where applicable
[2024-08-09T12:04:56.208+0000] {subprocess.py:93} INFO - 24/08/09 12:04:56 INFO SparkContext: Running Spark version 3.5.1
[2024-08-09T12:04:56.209+0000] {subprocess.py:93} INFO - 24/08/09 12:04:56 INFO SparkContext: OS info Linux, 6.6.32-linuxkit, aarch64
[2024-08-09T12:04:56.209+0000] {subprocess.py:93} INFO - 24/08/09 12:04:56 INFO SparkContext: Java version 11.0.23
[2024-08-09T12:04:56.227+0000] {subprocess.py:93} INFO - 24/08/09 12:04:56 INFO ResourceUtils: ==============================================================
[2024-08-09T12:04:56.227+0000] {subprocess.py:93} INFO - 24/08/09 12:04:56 INFO ResourceUtils: No custom resources configured for spark.driver.
[2024-08-09T12:04:56.228+0000] {subprocess.py:93} INFO - 24/08/09 12:04:56 INFO ResourceUtils: ==============================================================
[2024-08-09T12:04:56.228+0000] {subprocess.py:93} INFO - 24/08/09 12:04:56 INFO SparkContext: Submitted application: FinanceDataProcessing
[2024-08-09T12:04:56.245+0000] {subprocess.py:93} INFO - 24/08/09 12:04:56 INFO ResourceProfile: Default ResourceProfile created, executor resources: Map(cores -> name: cores, amount: 1, script: , vendor: , memory -> name: memory, amount: 2048, script: , vendor: , offHeap -> name: offHeap, amount: 2048, script: , vendor: ), task resources: Map(cpus -> name: cpus, amount: 1.0)
[2024-08-09T12:04:56.264+0000] {subprocess.py:93} INFO - 24/08/09 12:04:56 INFO ResourceProfile: Limiting resource is cpus at 1 tasks per executor
[2024-08-09T12:04:56.266+0000] {subprocess.py:93} INFO - 24/08/09 12:04:56 INFO ResourceProfileManager: Added ResourceProfile id: 0
[2024-08-09T12:04:56.331+0000] {subprocess.py:93} INFO - 24/08/09 12:04:56 INFO SecurityManager: Changing view acls to: ***
[2024-08-09T12:04:56.331+0000] {subprocess.py:93} INFO - 24/08/09 12:04:56 INFO SecurityManager: Changing modify acls to: ***
[2024-08-09T12:04:56.332+0000] {subprocess.py:93} INFO - 24/08/09 12:04:56 INFO SecurityManager: Changing view acls groups to:
[2024-08-09T12:04:56.332+0000] {subprocess.py:93} INFO - 24/08/09 12:04:56 INFO SecurityManager: Changing modify acls groups to:
[2024-08-09T12:04:56.332+0000] {subprocess.py:93} INFO - 24/08/09 12:04:56 INFO SecurityManager: SecurityManager: authentication disabled; ui acls disabled; users with view permissions: ***; groups with view permissions: EMPTY; users with modify permissions: ***; groups with modify permissions: EMPTY
[2024-08-09T12:04:56.581+0000] {subprocess.py:93} INFO - 24/08/09 12:04:56 INFO Utils: Successfully started service 'sparkDriver' on port 36533.
[2024-08-09T12:04:56.629+0000] {subprocess.py:93} INFO - 24/08/09 12:04:56 INFO SparkEnv: Registering MapOutputTracker
[2024-08-09T12:04:56.662+0000] {subprocess.py:93} INFO - 24/08/09 12:04:56 INFO SparkEnv: Registering BlockManagerMaster
[2024-08-09T12:04:56.678+0000] {subprocess.py:93} INFO - 24/08/09 12:04:56 INFO BlockManagerMasterEndpoint: Using org.apache.spark.storage.DefaultTopologyMapper for getting topology information
[2024-08-09T12:04:56.679+0000] {subprocess.py:93} INFO - 24/08/09 12:04:56 INFO BlockManagerMasterEndpoint: BlockManagerMasterEndpoint up
[2024-08-09T12:04:56.687+0000] {subprocess.py:93} INFO - 24/08/09 12:04:56 INFO SparkEnv: Registering BlockManagerMasterHeartbeat
[2024-08-09T12:04:56.706+0000] {subprocess.py:93} INFO - 24/08/09 12:04:56 INFO DiskBlockManager: Created local directory at /tmp/blockmgr-f9f2e06c-1688-4fdd-9f2b-e80774bc0902
[2024-08-09T12:04:56.715+0000] {subprocess.py:93} INFO - 24/08/09 12:04:56 INFO MemoryStore: MemoryStore started with capacity 3.0 GiB
[2024-08-09T12:04:56.738+0000] {subprocess.py:93} INFO - 24/08/09 12:04:56 INFO SparkEnv: Registering OutputCommitCoordinator
[2024-08-09T12:04:56.843+0000] {subprocess.py:93} INFO - 24/08/09 12:04:56 INFO JettyUtils: Start Jetty 0.0.0.0:4040 for SparkUI
[2024-08-09T12:04:56.911+0000] {subprocess.py:93} INFO - 24/08/09 12:04:56 WARN Utils: Service 'SparkUI' could not bind on port 4040. Attempting port 4041.
[2024-08-09T12:04:56.916+0000] {subprocess.py:93} INFO - 24/08/09 12:04:56 INFO Utils: Successfully started service 'SparkUI' on port 4041.
[2024-08-09T12:04:56.941+0000] {subprocess.py:93} INFO - 24/08/09 12:04:56 INFO SparkContext: Added JAR file:///opt/bitnami/spark/resources/elasticsearch-spark-30_2.12-8.4.3.jar at spark://c553c98b8e80:36533/jars/elasticsearch-spark-30_2.12-8.4.3.jar with timestamp 1723205096200
[2024-08-09T12:04:57.026+0000] {subprocess.py:93} INFO - 24/08/09 12:04:57 INFO StandaloneAppClient$ClientEndpoint: Connecting to master spark://spark-master:7077...
[2024-08-09T12:04:57.054+0000] {subprocess.py:93} INFO - 24/08/09 12:04:57 INFO TransportClientFactory: Successfully created connection to spark-master/172.18.0.3:7077 after 16 ms (0 ms spent in bootstraps)
[2024-08-09T12:04:57.130+0000] {subprocess.py:93} INFO - 24/08/09 12:04:57 INFO StandaloneSchedulerBackend: Connected to Spark cluster with app ID app-20240809120457-0002
[2024-08-09T12:04:57.139+0000] {subprocess.py:93} INFO - 24/08/09 12:04:57 INFO Utils: Successfully started service 'org.apache.spark.network.netty.NettyBlockTransferService' on port 38023.
[2024-08-09T12:04:57.139+0000] {subprocess.py:93} INFO - 24/08/09 12:04:57 INFO NettyBlockTransferService: Server created on c553c98b8e80:38023
[2024-08-09T12:04:57.142+0000] {subprocess.py:93} INFO - 24/08/09 12:04:57 INFO BlockManager: Using org.apache.spark.storage.RandomBlockReplicationPolicy for block replication policy
[2024-08-09T12:04:57.142+0000] {subprocess.py:93} INFO - 24/08/09 12:04:57 INFO BlockManager: external shuffle service port = 7337
[2024-08-09T12:04:57.146+0000] {subprocess.py:93} INFO - 24/08/09 12:04:57 INFO BlockManagerMaster: Registering BlockManager BlockManagerId(driver, c553c98b8e80, 38023, None)
[2024-08-09T12:04:57.147+0000] {subprocess.py:93} INFO - 24/08/09 12:04:57 INFO BlockManagerMasterEndpoint: Registering block manager c553c98b8e80:38023 with 3.0 GiB RAM, BlockManagerId(driver, c553c98b8e80, 38023, None)
[2024-08-09T12:04:57.149+0000] {subprocess.py:93} INFO - 24/08/09 12:04:57 INFO BlockManagerMaster: Registered BlockManager BlockManagerId(driver, c553c98b8e80, 38023, None)
[2024-08-09T12:04:57.150+0000] {subprocess.py:93} INFO - 24/08/09 12:04:57 INFO BlockManager: Initialized BlockManager: BlockManagerId(driver, c553c98b8e80, 38023, None)
[2024-08-09T12:04:57.302+0000] {subprocess.py:93} INFO - 24/08/09 12:04:57 WARN Utils: spark.executor.instances less than spark.dynamicAllocation.minExecutors is invalid, ignoring its setting, please update your configs.
[2024-08-09T12:04:57.303+0000] {subprocess.py:93} INFO - 24/08/09 12:04:57 INFO Utils: Using initial executors = 1, max of spark.dynamicAllocation.initialExecutors, spark.dynamicAllocation.minExecutors and spark.executor.instances
[2024-08-09T12:04:57.408+0000] {subprocess.py:93} INFO - 24/08/09 12:04:57 INFO StandaloneSchedulerBackend: SchedulerBackend is ready for scheduling beginning after reached minRegisteredResourcesRatio: 0.0
[2024-08-09T12:04:57.575+0000] {subprocess.py:93} INFO - 24/08/09 12:04:57 INFO SharedState: Setting hive.metastore.warehouse.dir ('null') to the value of spark.sql.warehouse.dir.
[2024-08-09T12:04:57.577+0000] {subprocess.py:93} INFO - 24/08/09 12:04:57 INFO SharedState: Warehouse path is 'file:/tmp/***tmpc0_v72rn/spark-warehouse'.
[2024-08-09T12:04:58.034+0000] {subprocess.py:93} INFO - 24/08/09 12:04:58 INFO Version: Elasticsearch Hadoop v8.4.3 [a7873eb469]
[2024-08-09T12:04:58.089+0000] {subprocess.py:93} INFO - 24/08/09 12:04:58 INFO InMemoryFileIndex: It took 29 ms to list leaf files for 1 paths.
[2024-08-09T12:04:58.125+0000] {subprocess.py:93} INFO - 24/08/09 12:04:58 INFO InMemoryFileIndex: It took 1 ms to list leaf files for 1 paths.
[2024-08-09T12:04:59.273+0000] {subprocess.py:93} INFO - 24/08/09 12:04:59 INFO FileSourceStrategy: Pushed Filters:
[2024-08-09T12:04:59.283+0000] {subprocess.py:93} INFO - 24/08/09 12:04:59 INFO FileSourceStrategy: Post-Scan Filters:
[2024-08-09T12:04:59.440+0000] {subprocess.py:93} INFO - 24/08/09 12:04:59 INFO MemoryStore: Block broadcast_0 stored as values in memory (estimated size 201.9 KiB, free 3.0 GiB)
[2024-08-09T12:04:59.474+0000] {subprocess.py:93} INFO - 24/08/09 12:04:59 INFO MemoryStore: Block broadcast_0_piece0 stored as bytes in memory (estimated size 34.8 KiB, free 3.0 GiB)
[2024-08-09T12:04:59.476+0000] {subprocess.py:93} INFO - 24/08/09 12:04:59 INFO BlockManagerInfo: Added broadcast_0_piece0 in memory on c553c98b8e80:38023 (size: 34.8 KiB, free: 3.0 GiB)
[2024-08-09T12:04:59.478+0000] {subprocess.py:93} INFO - 24/08/09 12:04:59 INFO SparkContext: Created broadcast 0 from json at NativeMethodAccessorImpl.java:0
[2024-08-09T12:04:59.484+0000] {subprocess.py:93} INFO - 24/08/09 12:04:59 INFO FileSourceScanExec: Planning scan with bin packing, max size: 4194304 bytes, open cost is considered as scanning 4194304 bytes.
[2024-08-09T12:04:59.565+0000] {subprocess.py:93} INFO - 24/08/09 12:04:59 INFO SparkContext: Starting job: json at NativeMethodAccessorImpl.java:0
[2024-08-09T12:04:59.576+0000] {subprocess.py:93} INFO - 24/08/09 12:04:59 INFO DAGScheduler: Got job 0 (json at NativeMethodAccessorImpl.java:0) with 1 output partitions
[2024-08-09T12:04:59.576+0000] {subprocess.py:93} INFO - 24/08/09 12:04:59 INFO DAGScheduler: Final stage: ResultStage 0 (json at NativeMethodAccessorImpl.java:0)
[2024-08-09T12:04:59.576+0000] {subprocess.py:93} INFO - 24/08/09 12:04:59 INFO DAGScheduler: Parents of final stage: List()
[2024-08-09T12:04:59.578+0000] {subprocess.py:93} INFO - 24/08/09 12:04:59 INFO DAGScheduler: Missing parents: List()
[2024-08-09T12:04:59.581+0000] {subprocess.py:93} INFO - 24/08/09 12:04:59 INFO DAGScheduler: Submitting ResultStage 0 (MapPartitionsRDD[3] at json at NativeMethodAccessorImpl.java:0), which has no missing parents
[2024-08-09T12:04:59.634+0000] {subprocess.py:93} INFO - 24/08/09 12:04:59 INFO MemoryStore: Block broadcast_1 stored as values in memory (estimated size 16.9 KiB, free 3.0 GiB)
[2024-08-09T12:04:59.639+0000] {subprocess.py:93} INFO - 24/08/09 12:04:59 INFO MemoryStore: Block broadcast_1_piece0 stored as bytes in memory (estimated size 7.9 KiB, free 3.0 GiB)
[2024-08-09T12:04:59.640+0000] {subprocess.py:93} INFO - 24/08/09 12:04:59 INFO BlockManagerInfo: Added broadcast_1_piece0 in memory on c553c98b8e80:38023 (size: 7.9 KiB, free: 3.0 GiB)
[2024-08-09T12:04:59.640+0000] {subprocess.py:93} INFO - 24/08/09 12:04:59 INFO SparkContext: Created broadcast 1 from broadcast at DAGScheduler.scala:1585
[2024-08-09T12:04:59.652+0000] {subprocess.py:93} INFO - 24/08/09 12:04:59 INFO DAGScheduler: Submitting 1 missing tasks from ResultStage 0 (MapPartitionsRDD[3] at json at NativeMethodAccessorImpl.java:0) (first 15 tasks are for partitions Vector(0))
[2024-08-09T12:04:59.652+0000] {subprocess.py:93} INFO - 24/08/09 12:04:59 INFO TaskSchedulerImpl: Adding task set 0.0 with 1 tasks resource profile 0
[2024-08-09T12:05:14.669+0000] {subprocess.py:93} INFO - 24/08/09 12:05:14 WARN TaskSchedulerImpl: Initial job has not accepted any resources; check your cluster UI to ensure that workers are registered and have sufficient resources
[2024-08-09T12:05:29.669+0000] {subprocess.py:93} INFO - 24/08/09 12:05:29 WARN TaskSchedulerImpl: Initial job has not accepted any resources; check your cluster UI to ensure that workers are registered and have sufficient resources
[2024-08-09T12:05:44.669+0000] {subprocess.py:93} INFO - 24/08/09 12:05:44 WARN TaskSchedulerImpl: Initial job has not accepted any resources; check your cluster UI to ensure that workers are registered and have sufficient resources
[2024-08-09T12:05:59.672+0000] {subprocess.py:93} INFO - 24/08/09 12:05:59 WARN TaskSchedulerImpl: Initial job has not accepted any resources; check your cluster UI to ensure that workers are registered and have sufficient resources
[2024-08-09T12:06:14.670+0000] {subprocess.py:93} INFO - 24/08/09 12:06:14 WARN TaskSchedulerImpl: Initial job has not accepted any resources; check your cluster UI to ensure that workers are registered and have sufficient resources
[2024-08-09T12:06:29.672+0000] {subprocess.py:93} INFO - 24/08/09 12:06:29 WARN TaskSchedulerImpl: Initial job has not accepted any resources; check your cluster UI to ensure that workers are registered and have sufficient resources
[2024-08-09T12:06:44.669+0000] {subprocess.py:93} INFO - 24/08/09 12:06:44 WARN TaskSchedulerImpl: Initial job has not accepted any resources; check your cluster UI to ensure that workers are registered and have sufficient resources
[2024-08-09T12:06:59.664+0000] {subprocess.py:93} INFO - 24/08/09 12:06:59 WARN TaskSchedulerImpl: Initial job has not accepted any resources; check your cluster UI to ensure that workers are registered and have sufficient resources
[2024-08-09T12:07:14.672+0000] {subprocess.py:93} INFO - 24/08/09 12:07:14 WARN TaskSchedulerImpl: Initial job has not accepted any resources; check your cluster UI to ensure that workers are registered and have sufficient resources
[2024-08-09T12:07:29.666+0000] {subprocess.py:93} INFO - 24/08/09 12:07:29 WARN TaskSchedulerImpl: Initial job has not accepted any resources; check your cluster UI to ensure that workers are registered and have sufficient resources
[2024-08-09T12:07:42.167+0000] {local_task_job_runner.py:274} WARNING - Recorded pid 13028 does not match the current pid 12514
[2024-08-09T12:07:42.170+0000] {process_utils.py:131} INFO - Sending 15 to group 12514. PIDs of all processes in the group: [12515, 12516, 12568, 12514]
[2024-08-09T12:07:42.171+0000] {process_utils.py:86} INFO - Sending the signal 15 to group 12514
[2024-08-09T12:07:42.172+0000] {taskinstance.py:1630} ERROR - Received SIGTERM. Terminating subprocesses.
[2024-08-09T12:07:42.174+0000] {subprocess.py:104} INFO - Sending SIGTERM signal to process group
[2024-08-09T12:07:42.181+0000] {process_utils.py:79} INFO - Process psutil.Process(pid=12568, status='terminated', started='12:04:52') (12568) terminated with exit code None
[2024-08-09T12:07:42.205+0000] {taskinstance.py:1935} ERROR - Task failed with exception
Traceback (most recent call last):
  File "/home/airflow/.local/lib/python3.11/site-packages/airflow/operators/bash.py", line 201, in execute
    result = self.subprocess_hook.run_command(
             ^^^^^^^^^^^^^^^^^^^^^^^^^^^^^^^^^
  File "/home/airflow/.local/lib/python3.11/site-packages/airflow/hooks/subprocess.py", line 91, in run_command
    for raw_line in iter(self.sub_process.stdout.readline, b""):
  File "/home/airflow/.local/lib/python3.11/site-packages/airflow/models/taskinstance.py", line 1632, in signal_handler
    raise AirflowException("Task received SIGTERM signal")
airflow.exceptions.AirflowException: Task received SIGTERM signal
[2024-08-09T12:07:42.220+0000] {taskinstance.py:1398} INFO - Marking task as UP_FOR_RETRY. dag_id=data_pipeline_api, task_id=fetch_data, execution_date=20240808T003000, start_date=20240809T120738, end_date=20240809T120742
[2024-08-09T12:07:42.239+0000] {standard_task_runner.py:104} ERROR - Failed to execute job 89 for task fetch_data (Task received SIGTERM signal; 12514)
[2024-08-09T12:07:42.281+0000] {process_utils.py:79} INFO - Process psutil.Process(pid=12515, status='terminated', started='12:04:50') (12515) terminated with exit code None
[2024-08-09T12:07:42.282+0000] {process_utils.py:79} INFO - Process psutil.Process(pid=12514, status='terminated', exitcode=1, started='12:04:49') (12514) terminated with exit code 1
[2024-08-09T12:07:42.421+0000] {process_utils.py:79} INFO - Process psutil.Process(pid=12516, status='terminated', started='12:04:50') (12516) terminated with exit code None
[2024-08-09T12:49:33.059+0000] {taskinstance.py:1157} INFO - Dependencies all met for dep_context=non-requeueable deps ti=<TaskInstance: data_pipeline_api.fetch_data scheduled__2024-08-08T00:30:00+00:00 [queued]>
[2024-08-09T12:49:33.063+0000] {taskinstance.py:1157} INFO - Dependencies all met for dep_context=requeueable deps ti=<TaskInstance: data_pipeline_api.fetch_data scheduled__2024-08-08T00:30:00+00:00 [queued]>
[2024-08-09T12:49:33.063+0000] {taskinstance.py:1359} INFO - Starting attempt 1 of 2
[2024-08-09T12:49:33.069+0000] {taskinstance.py:1380} INFO - Executing <Task(BashOperator): fetch_data> on 2024-08-08 00:30:00+00:00
[2024-08-09T12:49:33.073+0000] {standard_task_runner.py:57} INFO - Started process 205 to run task
[2024-08-09T12:49:33.081+0000] {standard_task_runner.py:84} INFO - Running: ['***', 'tasks', 'run', 'data_pipeline_api', 'fetch_data', 'scheduled__2024-08-08T00:30:00+00:00', '--job-id', '3', '--raw', '--subdir', 'DAGS_FOLDER/spark-jobs.py', '--cfg-path', '/tmp/tmpp8adu18q']
[2024-08-09T12:49:33.090+0000] {standard_task_runner.py:85} INFO - Job 3: Subtask fetch_data
[2024-08-09T12:49:33.161+0000] {task_command.py:415} INFO - Running <TaskInstance: data_pipeline_api.fetch_data scheduled__2024-08-08T00:30:00+00:00 [running]> on host 27ef58cc88fc
[2024-08-09T12:49:33.308+0000] {taskinstance.py:1660} INFO - Exporting env vars: AIRFLOW_CTX_DAG_OWNER='***' AIRFLOW_CTX_DAG_ID='data_pipeline_api' AIRFLOW_CTX_TASK_ID='fetch_data' AIRFLOW_CTX_EXECUTION_DATE='2024-08-08T00:30:00+00:00' AIRFLOW_CTX_TRY_NUMBER='1' AIRFLOW_CTX_DAG_RUN_ID='scheduled__2024-08-08T00:30:00+00:00'
[2024-08-09T12:49:33.309+0000] {subprocess.py:63} INFO - Tmp dir root location: /tmp
[2024-08-09T12:49:33.310+0000] {subprocess.py:75} INFO - Running command: ['/bin/bash', '-c', 'bash /opt/***/jobs/spark-submit.sh /opt/***/jobs/fetch_data.py ']
[2024-08-09T12:49:33.321+0000] {subprocess.py:86} INFO - Output:
[2024-08-09T12:49:33.323+0000] {subprocess.py:93} INFO - /opt/***/jobs/fetch_data.py
[2024-08-09T12:49:33.409+0000] {subprocess.py:93} INFO - /home/***/.local/lib/python3.11/site-packages/pyspark/bin/load-spark-env.sh: line 68: ps: command not found
[2024-08-09T12:49:35.526+0000] {subprocess.py:93} INFO - 24/08/09 12:49:35 WARN NativeCodeLoader: Unable to load native-hadoop library for your platform... using builtin-java classes where applicable
[2024-08-09T12:49:39.352+0000] {subprocess.py:93} INFO - 24/08/09 12:49:39 INFO ShutdownHookManager: Shutdown hook called
[2024-08-09T12:49:39.362+0000] {subprocess.py:93} INFO - 24/08/09 12:49:39 INFO ShutdownHookManager: Deleting directory /tmp/spark-747dd204-a2dd-4f8c-b7cd-89879762d09e
[2024-08-09T12:49:39.450+0000] {subprocess.py:97} INFO - Command exited with return code 0
[2024-08-09T12:49:39.550+0000] {taskinstance.py:1398} INFO - Marking task as SUCCESS. dag_id=data_pipeline_api, task_id=fetch_data, execution_date=20240808T003000, start_date=20240809T124933, end_date=20240809T124939
[2024-08-09T12:49:39.622+0000] {local_task_job_runner.py:228} INFO - Task exited with return code 0
[2024-08-09T12:49:39.654+0000] {taskinstance.py:2776} INFO - 0 downstream tasks scheduled from follow-on schedule check
