[2024-08-09T12:20:50.068+0000] {taskinstance.py:1157} INFO - Dependencies all met for dep_context=non-requeueable deps ti=<TaskInstance: data_pipeline_api.fetch_data scheduled__2024-08-08T00:30:00+00:00 [queued]>
[2024-08-09T12:20:50.071+0000] {taskinstance.py:1157} INFO - Dependencies all met for dep_context=requeueable deps ti=<TaskInstance: data_pipeline_api.fetch_data scheduled__2024-08-08T00:30:00+00:00 [queued]>
[2024-08-09T12:20:50.072+0000] {taskinstance.py:1359} INFO - Starting attempt 4 of 5
[2024-08-09T12:20:50.076+0000] {taskinstance.py:1380} INFO - Executing <Task(BashOperator): fetch_data> on 2024-08-08 00:30:00+00:00
[2024-08-09T12:20:50.079+0000] {standard_task_runner.py:57} INFO - Started process 14174 to run task
[2024-08-09T12:20:50.081+0000] {standard_task_runner.py:84} INFO - Running: ['***', 'tasks', 'run', 'data_pipeline_api', 'fetch_data', 'scheduled__2024-08-08T00:30:00+00:00', '--job-id', '99', '--raw', '--subdir', 'DAGS_FOLDER/spark-jobs.py', '--cfg-path', '/tmp/tmp910_r1lm']
[2024-08-09T12:20:50.085+0000] {standard_task_runner.py:85} INFO - Job 99: Subtask fetch_data
[2024-08-09T12:20:50.142+0000] {task_command.py:415} INFO - Running <TaskInstance: data_pipeline_api.fetch_data scheduled__2024-08-08T00:30:00+00:00 [running]> on host c553c98b8e80
[2024-08-09T12:20:50.186+0000] {taskinstance.py:1660} INFO - Exporting env vars: AIRFLOW_CTX_DAG_OWNER='***' AIRFLOW_CTX_DAG_ID='data_pipeline_api' AIRFLOW_CTX_TASK_ID='fetch_data' AIRFLOW_CTX_EXECUTION_DATE='2024-08-08T00:30:00+00:00' AIRFLOW_CTX_TRY_NUMBER='4' AIRFLOW_CTX_DAG_RUN_ID='scheduled__2024-08-08T00:30:00+00:00'
[2024-08-09T12:20:50.187+0000] {subprocess.py:63} INFO - Tmp dir root location: /tmp
[2024-08-09T12:20:50.188+0000] {subprocess.py:75} INFO - Running command: ['/bin/bash', '-c', 'bash /opt/***/jobs/spark-submit.sh /opt/***/jobs/fetch_data.py ']
[2024-08-09T12:20:50.192+0000] {subprocess.py:86} INFO - Output:
[2024-08-09T12:20:50.195+0000] {subprocess.py:93} INFO - /opt/***/jobs/fetch_data.py
[2024-08-09T12:20:50.263+0000] {subprocess.py:93} INFO - /home/***/.local/lib/python3.11/site-packages/pyspark/bin/load-spark-env.sh: line 68: ps: command not found
[2024-08-09T12:20:51.346+0000] {subprocess.py:93} INFO - 24/08/09 12:20:51 WARN NativeCodeLoader: Unable to load native-hadoop library for your platform... using builtin-java classes where applicable
[2024-08-09T12:20:54.429+0000] {subprocess.py:93} INFO - 24/08/09 12:20:54 INFO ShutdownHookManager: Shutdown hook called
[2024-08-09T12:20:54.431+0000] {subprocess.py:93} INFO - 24/08/09 12:20:54 INFO ShutdownHookManager: Deleting directory /tmp/spark-7a7c7bce-6d95-4d63-8e2c-bd8a0b2764c2
[2024-08-09T12:20:54.467+0000] {subprocess.py:97} INFO - Command exited with return code 0
[2024-08-09T12:20:54.489+0000] {taskinstance.py:1398} INFO - Marking task as SUCCESS. dag_id=data_pipeline_api, task_id=fetch_data, execution_date=20240808T003000, start_date=20240809T122050, end_date=20240809T122054
[2024-08-09T12:20:54.533+0000] {local_task_job_runner.py:228} INFO - Task exited with return code 0
[2024-08-09T12:20:54.547+0000] {taskinstance.py:2776} INFO - 0 downstream tasks scheduled from follow-on schedule check
