[2024-08-09T12:07:38.282+0000] {taskinstance.py:1157} INFO - Dependencies all met for dep_context=non-requeueable deps ti=<TaskInstance: data_pipeline_api.fetch_data scheduled__2024-08-08T00:30:00+00:00 [queued]>
[2024-08-09T12:07:38.287+0000] {taskinstance.py:1157} INFO - Dependencies all met for dep_context=requeueable deps ti=<TaskInstance: data_pipeline_api.fetch_data scheduled__2024-08-08T00:30:00+00:00 [queued]>
[2024-08-09T12:07:38.288+0000] {taskinstance.py:1359} INFO - Starting attempt 2 of 3
[2024-08-09T12:07:38.297+0000] {taskinstance.py:1380} INFO - Executing <Task(BashOperator): fetch_data> on 2024-08-08 00:30:00+00:00
[2024-08-09T12:07:38.302+0000] {standard_task_runner.py:57} INFO - Started process 13028 to run task
[2024-08-09T12:07:38.308+0000] {standard_task_runner.py:84} INFO - Running: ['***', 'tasks', 'run', 'data_pipeline_api', 'fetch_data', 'scheduled__2024-08-08T00:30:00+00:00', '--job-id', '92', '--raw', '--subdir', 'DAGS_FOLDER/spark-jobs.py', '--cfg-path', '/tmp/tmpvcm6uy8r']
[2024-08-09T12:07:38.312+0000] {standard_task_runner.py:85} INFO - Job 92: Subtask fetch_data
[2024-08-09T12:07:38.351+0000] {task_command.py:415} INFO - Running <TaskInstance: data_pipeline_api.fetch_data scheduled__2024-08-08T00:30:00+00:00 [running]> on host c553c98b8e80
[2024-08-09T12:07:38.400+0000] {taskinstance.py:1660} INFO - Exporting env vars: AIRFLOW_CTX_DAG_OWNER='***' AIRFLOW_CTX_DAG_ID='data_pipeline_api' AIRFLOW_CTX_TASK_ID='fetch_data' AIRFLOW_CTX_EXECUTION_DATE='2024-08-08T00:30:00+00:00' AIRFLOW_CTX_TRY_NUMBER='2' AIRFLOW_CTX_DAG_RUN_ID='scheduled__2024-08-08T00:30:00+00:00'
[2024-08-09T12:07:38.401+0000] {subprocess.py:63} INFO - Tmp dir root location: /tmp
[2024-08-09T12:07:38.401+0000] {subprocess.py:75} INFO - Running command: ['/bin/bash', '-c', 'bash /opt/***/jobs/spark-submit.sh /opt/***/jobs/fetch_data.py ']
[2024-08-09T12:07:38.410+0000] {subprocess.py:86} INFO - Output:
[2024-08-09T12:07:38.413+0000] {subprocess.py:93} INFO - /opt/***/jobs/fetch_data.py
[2024-08-09T12:07:38.516+0000] {subprocess.py:93} INFO - /home/***/.local/lib/python3.11/site-packages/pyspark/bin/load-spark-env.sh: line 68: ps: command not found
[2024-08-09T12:07:39.859+0000] {subprocess.py:93} INFO - 24/08/09 12:07:39 WARN NativeCodeLoader: Unable to load native-hadoop library for your platform... using builtin-java classes where applicable
[2024-08-09T12:07:43.147+0000] {subprocess.py:93} INFO - 24/08/09 12:07:43 INFO ShutdownHookManager: Shutdown hook called
[2024-08-09T12:07:43.153+0000] {subprocess.py:93} INFO - 24/08/09 12:07:43 INFO ShutdownHookManager: Deleting directory /tmp/spark-fb32da80-6a54-4363-8848-7ad812d35b0c
[2024-08-09T12:07:43.177+0000] {subprocess.py:97} INFO - Command exited with return code 0
[2024-08-09T12:07:43.224+0000] {taskinstance.py:1398} INFO - Marking task as SUCCESS. dag_id=data_pipeline_api, task_id=fetch_data, execution_date=20240808T003000, start_date=20240809T120738, end_date=20240809T120743
[2024-08-09T12:07:43.285+0000] {local_task_job_runner.py:228} INFO - Task exited with return code 0
[2024-08-09T12:07:43.332+0000] {taskinstance.py:2776} INFO - 0 downstream tasks scheduled from follow-on schedule check
