[2024-08-15T00:40:13.861+0000] {taskinstance.py:1157} INFO - Dependencies all met for dep_context=non-requeueable deps ti=<TaskInstance: data_pipeline_api.analyze_data scheduled__2024-08-14T00:30:00+00:00 [queued]>
[2024-08-15T00:40:13.864+0000] {taskinstance.py:1157} INFO - Dependencies all met for dep_context=requeueable deps ti=<TaskInstance: data_pipeline_api.analyze_data scheduled__2024-08-14T00:30:00+00:00 [queued]>
[2024-08-15T00:40:13.864+0000] {taskinstance.py:1359} INFO - Starting attempt 2 of 2
[2024-08-15T00:40:13.868+0000] {taskinstance.py:1380} INFO - Executing <Task(BashOperator): analyze_data> on 2024-08-14 00:30:00+00:00
[2024-08-15T00:40:13.871+0000] {standard_task_runner.py:57} INFO - Started process 43794 to run task
[2024-08-15T00:40:13.873+0000] {standard_task_runner.py:84} INFO - Running: ['***', 'tasks', 'run', 'data_pipeline_api', 'analyze_data', 'scheduled__2024-08-14T00:30:00+00:00', '--job-id', '50', '--raw', '--subdir', 'DAGS_FOLDER/spark-jobs.py', '--cfg-path', '/tmp/tmpdevxovam']
[2024-08-15T00:40:13.875+0000] {standard_task_runner.py:85} INFO - Job 50: Subtask analyze_data
[2024-08-15T00:40:13.901+0000] {task_command.py:415} INFO - Running <TaskInstance: data_pipeline_api.analyze_data scheduled__2024-08-14T00:30:00+00:00 [running]> on host 27ef58cc88fc
[2024-08-15T00:40:13.932+0000] {taskinstance.py:1660} INFO - Exporting env vars: AIRFLOW_CTX_DAG_OWNER='***' AIRFLOW_CTX_DAG_ID='data_pipeline_api' AIRFLOW_CTX_TASK_ID='analyze_data' AIRFLOW_CTX_EXECUTION_DATE='2024-08-14T00:30:00+00:00' AIRFLOW_CTX_TRY_NUMBER='2' AIRFLOW_CTX_DAG_RUN_ID='scheduled__2024-08-14T00:30:00+00:00'
[2024-08-15T00:40:13.933+0000] {subprocess.py:63} INFO - Tmp dir root location: /tmp
[2024-08-15T00:40:13.934+0000] {subprocess.py:75} INFO - Running command: ['/bin/bash', '-c', 'bash /opt/***/jobs/spark-submit.sh /opt/***/jobs/analyze_data.py ']
[2024-08-15T00:40:13.937+0000] {subprocess.py:86} INFO - Output:
[2024-08-15T00:40:13.940+0000] {subprocess.py:93} INFO - /opt/***/jobs/analyze_data.py
[2024-08-15T00:40:13.981+0000] {subprocess.py:93} INFO - /home/***/.local/lib/python3.11/site-packages/pyspark/bin/load-spark-env.sh: line 68: ps: command not found
[2024-08-15T00:40:14.878+0000] {subprocess.py:93} INFO - 24/08/15 00:40:14 WARN NativeCodeLoader: Unable to load native-hadoop library for your platform... using builtin-java classes where applicable
[2024-08-15T00:40:15.433+0000] {subprocess.py:93} INFO - 24/08/15 00:40:15 INFO SparkContext: Running Spark version 3.5.1
[2024-08-15T00:40:15.438+0000] {subprocess.py:93} INFO - 24/08/15 00:40:15 INFO SparkContext: OS info Linux, 6.6.32-linuxkit, aarch64
[2024-08-15T00:40:15.439+0000] {subprocess.py:93} INFO - 24/08/15 00:40:15 INFO SparkContext: Java version 11.0.23
[2024-08-15T00:40:15.445+0000] {subprocess.py:93} INFO - 24/08/15 00:40:15 INFO ResourceUtils: ==============================================================
[2024-08-15T00:40:15.445+0000] {subprocess.py:93} INFO - 24/08/15 00:40:15 INFO ResourceUtils: No custom resources configured for spark.driver.
[2024-08-15T00:40:15.445+0000] {subprocess.py:93} INFO - 24/08/15 00:40:15 INFO ResourceUtils: ==============================================================
[2024-08-15T00:40:15.445+0000] {subprocess.py:93} INFO - 24/08/15 00:40:15 INFO SparkContext: Submitted application: FinanceDataAnalysis
[2024-08-15T00:40:15.454+0000] {subprocess.py:93} INFO - 24/08/15 00:40:15 INFO ResourceProfile: Default ResourceProfile created, executor resources: Map(cores -> name: cores, amount: 1, script: , vendor: , memory -> name: memory, amount: 1024, script: , vendor: , offHeap -> name: offHeap, amount: 1024, script: , vendor: ), task resources: Map(cpus -> name: cpus, amount: 1.0)
[2024-08-15T00:40:15.459+0000] {subprocess.py:93} INFO - 24/08/15 00:40:15 INFO ResourceProfile: Limiting resource is cpus at 1 tasks per executor
[2024-08-15T00:40:15.459+0000] {subprocess.py:93} INFO - 24/08/15 00:40:15 INFO ResourceProfileManager: Added ResourceProfile id: 0
[2024-08-15T00:40:15.492+0000] {subprocess.py:93} INFO - 24/08/15 00:40:15 INFO SecurityManager: Changing view acls to: ***
[2024-08-15T00:40:15.492+0000] {subprocess.py:93} INFO - 24/08/15 00:40:15 INFO SecurityManager: Changing modify acls to: ***
[2024-08-15T00:40:15.493+0000] {subprocess.py:93} INFO - 24/08/15 00:40:15 INFO SecurityManager: Changing view acls groups to:
[2024-08-15T00:40:15.493+0000] {subprocess.py:93} INFO - 24/08/15 00:40:15 INFO SecurityManager: Changing modify acls groups to:
[2024-08-15T00:40:15.493+0000] {subprocess.py:93} INFO - 24/08/15 00:40:15 INFO SecurityManager: SecurityManager: authentication disabled; ui acls disabled; users with view permissions: ***; groups with view permissions: EMPTY; users with modify permissions: ***; groups with modify permissions: EMPTY
[2024-08-15T00:40:15.584+0000] {subprocess.py:93} INFO - 24/08/15 00:40:15 INFO Utils: Successfully started service 'sparkDriver' on port 45389.
[2024-08-15T00:40:15.596+0000] {subprocess.py:93} INFO - 24/08/15 00:40:15 INFO SparkEnv: Registering MapOutputTracker
[2024-08-15T00:40:15.612+0000] {subprocess.py:93} INFO - 24/08/15 00:40:15 INFO SparkEnv: Registering BlockManagerMaster
[2024-08-15T00:40:15.622+0000] {subprocess.py:93} INFO - 24/08/15 00:40:15 INFO BlockManagerMasterEndpoint: Using org.apache.spark.storage.DefaultTopologyMapper for getting topology information
[2024-08-15T00:40:15.623+0000] {subprocess.py:93} INFO - 24/08/15 00:40:15 INFO BlockManagerMasterEndpoint: BlockManagerMasterEndpoint up
[2024-08-15T00:40:15.624+0000] {subprocess.py:93} INFO - 24/08/15 00:40:15 INFO SparkEnv: Registering BlockManagerMasterHeartbeat
[2024-08-15T00:40:15.633+0000] {subprocess.py:93} INFO - 24/08/15 00:40:15 INFO DiskBlockManager: Created local directory at /tmp/blockmgr-55ccb2f7-d36c-496a-9c98-1fdf441e2ef2
[2024-08-15T00:40:15.638+0000] {subprocess.py:93} INFO - 24/08/15 00:40:15 INFO MemoryStore: MemoryStore started with capacity 1458.4 MiB
[2024-08-15T00:40:15.643+0000] {subprocess.py:93} INFO - 24/08/15 00:40:15 INFO SparkEnv: Registering OutputCommitCoordinator
[2024-08-15T00:40:15.695+0000] {subprocess.py:93} INFO - 24/08/15 00:40:15 INFO JettyUtils: Start Jetty 0.0.0.0:4040 for SparkUI
[2024-08-15T00:40:15.722+0000] {subprocess.py:93} INFO - 24/08/15 00:40:15 INFO Utils: Successfully started service 'SparkUI' on port 4040.
[2024-08-15T00:40:15.737+0000] {subprocess.py:93} INFO - 24/08/15 00:40:15 INFO SparkContext: Added JAR file:///opt/bitnami/spark/resources/elasticsearch-spark-30_2.12-8.4.3.jar at spark://27ef58cc88fc:45389/jars/elasticsearch-spark-30_2.12-8.4.3.jar with timestamp 1723682415429
[2024-08-15T00:40:15.771+0000] {subprocess.py:93} INFO - 24/08/15 00:40:15 INFO StandaloneAppClient$ClientEndpoint: Connecting to master spark://spark-master:7077...
[2024-08-15T00:40:15.792+0000] {subprocess.py:93} INFO - 24/08/15 00:40:15 INFO TransportClientFactory: Successfully created connection to spark-master/172.18.0.4:7077 after 11 ms (0 ms spent in bootstraps)
[2024-08-15T00:40:15.834+0000] {subprocess.py:93} INFO - 24/08/15 00:40:15 INFO StandaloneSchedulerBackend: Connected to Spark cluster with app ID app-20240815004015-0036
[2024-08-15T00:40:15.838+0000] {subprocess.py:93} INFO - 24/08/15 00:40:15 INFO StandaloneAppClient$ClientEndpoint: Executor added: app-20240815004015-0036/0 on worker-20240809124721-172.18.0.7-36933 (172.18.0.7:36933) with 1 core(s)
[2024-08-15T00:40:15.840+0000] {subprocess.py:93} INFO - 24/08/15 00:40:15 INFO StandaloneSchedulerBackend: Granted executor ID app-20240815004015-0036/0 on hostPort 172.18.0.7:36933 with 1 core(s), 1024.0 MiB RAM
[2024-08-15T00:40:15.840+0000] {subprocess.py:93} INFO - 24/08/15 00:40:15 INFO StandaloneAppClient$ClientEndpoint: Executor added: app-20240815004015-0036/1 on worker-20240809124721-172.18.0.6-35359 (172.18.0.6:35359) with 1 core(s)
[2024-08-15T00:40:15.840+0000] {subprocess.py:93} INFO - 24/08/15 00:40:15 INFO StandaloneSchedulerBackend: Granted executor ID app-20240815004015-0036/1 on hostPort 172.18.0.6:35359 with 1 core(s), 1024.0 MiB RAM
[2024-08-15T00:40:15.842+0000] {subprocess.py:93} INFO - 24/08/15 00:40:15 INFO Utils: Successfully started service 'org.apache.spark.network.netty.NettyBlockTransferService' on port 42343.
[2024-08-15T00:40:15.846+0000] {subprocess.py:93} INFO - 24/08/15 00:40:15 INFO NettyBlockTransferService: Server created on 27ef58cc88fc:42343
[2024-08-15T00:40:15.847+0000] {subprocess.py:93} INFO - 24/08/15 00:40:15 INFO BlockManager: Using org.apache.spark.storage.RandomBlockReplicationPolicy for block replication policy
[2024-08-15T00:40:15.848+0000] {subprocess.py:93} INFO - 24/08/15 00:40:15 INFO BlockManagerMaster: Registering BlockManager BlockManagerId(driver, 27ef58cc88fc, 42343, None)
[2024-08-15T00:40:15.850+0000] {subprocess.py:93} INFO - 24/08/15 00:40:15 INFO BlockManagerMasterEndpoint: Registering block manager 27ef58cc88fc:42343 with 1458.4 MiB RAM, BlockManagerId(driver, 27ef58cc88fc, 42343, None)
[2024-08-15T00:40:15.852+0000] {subprocess.py:93} INFO - 24/08/15 00:40:15 INFO BlockManagerMaster: Registered BlockManager BlockManagerId(driver, 27ef58cc88fc, 42343, None)
[2024-08-15T00:40:15.856+0000] {subprocess.py:93} INFO - 24/08/15 00:40:15 INFO BlockManager: Initialized BlockManager: BlockManagerId(driver, 27ef58cc88fc, 42343, None)
[2024-08-15T00:40:15.891+0000] {subprocess.py:93} INFO - 24/08/15 00:40:15 INFO StandaloneAppClient$ClientEndpoint: Executor updated: app-20240815004015-0036/0 is now RUNNING
[2024-08-15T00:40:15.892+0000] {subprocess.py:93} INFO - 24/08/15 00:40:15 INFO StandaloneAppClient$ClientEndpoint: Executor updated: app-20240815004015-0036/1 is now RUNNING
[2024-08-15T00:40:15.982+0000] {subprocess.py:93} INFO - 24/08/15 00:40:15 INFO StandaloneSchedulerBackend: SchedulerBackend is ready for scheduling beginning after reached minRegisteredResourcesRatio: 0.0
[2024-08-15T00:40:16.128+0000] {subprocess.py:93} INFO - 24/08/15 00:40:16 INFO SharedState: Setting hive.metastore.warehouse.dir ('null') to the value of spark.sql.warehouse.dir.
[2024-08-15T00:40:16.131+0000] {subprocess.py:93} INFO - 24/08/15 00:40:16 INFO SharedState: Warehouse path is 'file:/tmp/***tmp5op2g3wp/spark-warehouse'.
[2024-08-15T00:40:16.619+0000] {subprocess.py:93} INFO - 24/08/15 00:40:16 INFO Version: Elasticsearch Hadoop v8.4.3 [a7873eb469]
[2024-08-15T00:40:17.336+0000] {subprocess.py:93} INFO - 24/08/15 00:40:17 INFO StandaloneSchedulerBackend$StandaloneDriverEndpoint: Registered executor NettyRpcEndpointRef(spark-client://Executor) (172.18.0.7:35304) with ID 0,  ResourceProfileId 0
[2024-08-15T00:40:17.362+0000] {subprocess.py:93} INFO - 24/08/15 00:40:17 INFO StandaloneSchedulerBackend$StandaloneDriverEndpoint: Registered executor NettyRpcEndpointRef(spark-client://Executor) (172.18.0.6:35266) with ID 1,  ResourceProfileId 0
[2024-08-15T00:40:17.385+0000] {subprocess.py:93} INFO - 24/08/15 00:40:17 INFO BlockManagerMasterEndpoint: Registering block manager 172.18.0.7:37613 with 1458.4 MiB RAM, BlockManagerId(0, 172.18.0.7, 37613, None)
[2024-08-15T00:40:17.398+0000] {subprocess.py:93} INFO - 24/08/15 00:40:17 INFO BlockManagerMasterEndpoint: Registering block manager 172.18.0.6:41891 with 1458.4 MiB RAM, BlockManagerId(1, 172.18.0.6, 41891, None)
[2024-08-15T00:40:17.847+0000] {subprocess.py:93} INFO - Traceback (most recent call last):
[2024-08-15T00:40:17.848+0000] {subprocess.py:93} INFO -   File "/opt/***/jobs/analyze_data.py", line 48, in <module>
[2024-08-15T00:40:17.848+0000] {subprocess.py:93} INFO -     save_analysis_result(top_gainers, "data/top_gainers.csv")
[2024-08-15T00:40:17.848+0000] {subprocess.py:93} INFO -   File "/opt/***/jobs/analyze_data.py", line 41, in save_analysis_result
[2024-08-15T00:40:17.849+0000] {subprocess.py:93} INFO -     df.coalesce(1).write.mode("overwrite").csv(file_path, header=True)
[2024-08-15T00:40:17.849+0000] {subprocess.py:93} INFO -   File "/home/***/.local/lib/python3.11/site-packages/pyspark/python/lib/pyspark.zip/pyspark/sql/readwriter.py", line 1864, in csv
[2024-08-15T00:40:17.849+0000] {subprocess.py:93} INFO -   File "/home/***/.local/lib/python3.11/site-packages/pyspark/python/lib/py4j-0.10.9.7-src.zip/py4j/java_gateway.py", line 1322, in __call__
[2024-08-15T00:40:17.849+0000] {subprocess.py:93} INFO -   File "/home/***/.local/lib/python3.11/site-packages/pyspark/python/lib/pyspark.zip/pyspark/errors/exceptions/captured.py", line 185, in deco
[2024-08-15T00:40:17.851+0000] {subprocess.py:93} INFO - pyspark.errors.exceptions.captured.AnalysisException: [UNSUPPORTED_DATA_TYPE_FOR_DATASOURCE] The CSV datasource doesn't support the column `_metadata` of the type "MAP<STRING, STRING>".
[2024-08-15T00:40:17.872+0000] {subprocess.py:93} INFO - 24/08/15 00:40:17 INFO SparkContext: Invoking stop() from shutdown hook
[2024-08-15T00:40:17.872+0000] {subprocess.py:93} INFO - 24/08/15 00:40:17 INFO SparkContext: SparkContext is stopping with exitCode 0.
[2024-08-15T00:40:17.876+0000] {subprocess.py:93} INFO - 24/08/15 00:40:17 INFO SparkUI: Stopped Spark web UI at http://27ef58cc88fc:4040
[2024-08-15T00:40:17.878+0000] {subprocess.py:93} INFO - 24/08/15 00:40:17 INFO StandaloneSchedulerBackend: Shutting down all executors
[2024-08-15T00:40:17.878+0000] {subprocess.py:93} INFO - 24/08/15 00:40:17 INFO StandaloneSchedulerBackend$StandaloneDriverEndpoint: Asking each executor to shut down
[2024-08-15T00:40:17.891+0000] {subprocess.py:93} INFO - 24/08/15 00:40:17 INFO MapOutputTrackerMasterEndpoint: MapOutputTrackerMasterEndpoint stopped!
[2024-08-15T00:40:17.902+0000] {subprocess.py:93} INFO - 24/08/15 00:40:17 INFO MemoryStore: MemoryStore cleared
[2024-08-15T00:40:17.902+0000] {subprocess.py:93} INFO - 24/08/15 00:40:17 INFO BlockManager: BlockManager stopped
[2024-08-15T00:40:17.905+0000] {subprocess.py:93} INFO - 24/08/15 00:40:17 INFO BlockManagerMaster: BlockManagerMaster stopped
[2024-08-15T00:40:17.908+0000] {subprocess.py:93} INFO - 24/08/15 00:40:17 INFO OutputCommitCoordinator$OutputCommitCoordinatorEndpoint: OutputCommitCoordinator stopped!
[2024-08-15T00:40:17.912+0000] {subprocess.py:93} INFO - 24/08/15 00:40:17 INFO SparkContext: Successfully stopped SparkContext
[2024-08-15T00:40:17.912+0000] {subprocess.py:93} INFO - 24/08/15 00:40:17 INFO ShutdownHookManager: Shutdown hook called
[2024-08-15T00:40:17.912+0000] {subprocess.py:93} INFO - 24/08/15 00:40:17 INFO ShutdownHookManager: Deleting directory /tmp/spark-3985d6b8-5b72-4a4a-ae4a-9a0387b69486/pyspark-002b7970-1535-423b-a311-877ec8a28a95
[2024-08-15T00:40:17.914+0000] {subprocess.py:93} INFO - 24/08/15 00:40:17 INFO ShutdownHookManager: Deleting directory /tmp/spark-08bd7e60-8cf0-4654-b030-a81229f54ed0
[2024-08-15T00:40:17.916+0000] {subprocess.py:93} INFO - 24/08/15 00:40:17 INFO ShutdownHookManager: Deleting directory /tmp/spark-3985d6b8-5b72-4a4a-ae4a-9a0387b69486
[2024-08-15T00:40:17.935+0000] {subprocess.py:97} INFO - Command exited with return code 1
[2024-08-15T00:40:17.942+0000] {taskinstance.py:1935} ERROR - Task failed with exception
Traceback (most recent call last):
  File "/home/airflow/.local/lib/python3.11/site-packages/airflow/operators/bash.py", line 210, in execute
    raise AirflowException(
airflow.exceptions.AirflowException: Bash command failed. The command returned a non-zero exit code 1.
[2024-08-15T00:40:17.943+0000] {taskinstance.py:1398} INFO - Marking task as FAILED. dag_id=data_pipeline_api, task_id=analyze_data, execution_date=20240814T003000, start_date=20240815T004013, end_date=20240815T004017
[2024-08-15T00:40:17.950+0000] {standard_task_runner.py:104} ERROR - Failed to execute job 50 for task analyze_data (Bash command failed. The command returned a non-zero exit code 1.; 43794)
[2024-08-15T00:40:17.955+0000] {local_task_job_runner.py:228} INFO - Task exited with return code 1
[2024-08-15T00:40:17.965+0000] {taskinstance.py:2776} INFO - 0 downstream tasks scheduled from follow-on schedule check
