[2024-09-16T00:30:01.797+0000] {taskinstance.py:1157} INFO - Dependencies all met for dep_context=non-requeueable deps ti=<TaskInstance: data_pipeline_api.fetch_data scheduled__2024-09-15T00:30:00+00:00 [queued]>
[2024-09-16T00:30:01.800+0000] {taskinstance.py:1157} INFO - Dependencies all met for dep_context=requeueable deps ti=<TaskInstance: data_pipeline_api.fetch_data scheduled__2024-09-15T00:30:00+00:00 [queued]>
[2024-09-16T00:30:01.801+0000] {taskinstance.py:1359} INFO - Starting attempt 1 of 2
[2024-09-16T00:30:01.810+0000] {taskinstance.py:1380} INFO - Executing <Task(BashOperator): fetch_data> on 2024-09-15 00:30:00+00:00
[2024-09-16T00:30:01.815+0000] {standard_task_runner.py:57} INFO - Started process 23731 to run task
[2024-09-16T00:30:01.818+0000] {standard_task_runner.py:84} INFO - Running: ['***', 'tasks', 'run', 'data_pipeline_api', 'fetch_data', 'scheduled__2024-09-15T00:30:00+00:00', '--job-id', '11', '--raw', '--subdir', 'DAGS_FOLDER/spark-jobs.py', '--cfg-path', '/tmp/tmp9i0m3k1z']
[2024-09-16T00:30:01.821+0000] {standard_task_runner.py:85} INFO - Job 11: Subtask fetch_data
[2024-09-16T00:30:01.886+0000] {task_command.py:415} INFO - Running <TaskInstance: data_pipeline_api.fetch_data scheduled__2024-09-15T00:30:00+00:00 [running]> on host 595e69e30fc0
[2024-09-16T00:30:01.925+0000] {taskinstance.py:1660} INFO - Exporting env vars: AIRFLOW_CTX_DAG_OWNER='***' AIRFLOW_CTX_DAG_ID='data_pipeline_api' AIRFLOW_CTX_TASK_ID='fetch_data' AIRFLOW_CTX_EXECUTION_DATE='2024-09-15T00:30:00+00:00' AIRFLOW_CTX_TRY_NUMBER='1' AIRFLOW_CTX_DAG_RUN_ID='scheduled__2024-09-15T00:30:00+00:00'
[2024-09-16T00:30:01.926+0000] {subprocess.py:63} INFO - Tmp dir root location: /tmp
[2024-09-16T00:30:01.926+0000] {subprocess.py:75} INFO - Running command: ['/bin/bash', '-c', 'bash /opt/***/jobs/spark-submit.sh /opt/***/jobs/fetch_data.py ']
[2024-09-16T00:30:01.931+0000] {subprocess.py:86} INFO - Output:
[2024-09-16T00:30:01.943+0000] {subprocess.py:93} INFO - /opt/***/jobs/fetch_data.py
[2024-09-16T00:30:02.019+0000] {subprocess.py:93} INFO - /home/***/.local/lib/python3.11/site-packages/pyspark/bin/load-spark-env.sh: line 68: ps: command not found
[2024-09-16T00:30:04.213+0000] {subprocess.py:93} INFO - 24/09/16 00:30:04 WARN NativeCodeLoader: Unable to load native-hadoop library for your platform... using builtin-java classes where applicable
[2024-09-16T00:30:06.250+0000] {subprocess.py:93} INFO - 24/09/16 00:30:06 INFO ShutdownHookManager: Shutdown hook called
[2024-09-16T00:30:06.252+0000] {subprocess.py:93} INFO - 24/09/16 00:30:06 INFO ShutdownHookManager: Deleting directory /tmp/spark-adb5e186-55f7-46db-9d21-72e7b6b301c7
[2024-09-16T00:30:06.290+0000] {subprocess.py:97} INFO - Command exited with return code 0
[2024-09-16T00:30:06.334+0000] {taskinstance.py:1398} INFO - Marking task as SUCCESS. dag_id=data_pipeline_api, task_id=fetch_data, execution_date=20240915T003000, start_date=20240916T003001, end_date=20240916T003006
[2024-09-16T00:30:06.364+0000] {local_task_job_runner.py:228} INFO - Task exited with return code 0
[2024-09-16T00:30:06.414+0000] {taskinstance.py:2776} INFO - 0 downstream tasks scheduled from follow-on schedule check
