[2024-09-15T01:30:28.586+0000] {taskinstance.py:1157} INFO - Dependencies all met for dep_context=non-requeueable deps ti=<TaskInstance: data_pipeline_api.analyze_data manual__2024-09-15T01:30:26.762439+00:00 [queued]>
[2024-09-15T01:30:28.592+0000] {taskinstance.py:1157} INFO - Dependencies all met for dep_context=requeueable deps ti=<TaskInstance: data_pipeline_api.analyze_data manual__2024-09-15T01:30:26.762439+00:00 [queued]>
[2024-09-15T01:30:28.593+0000] {taskinstance.py:1359} INFO - Starting attempt 1 of 2
[2024-09-15T01:30:28.608+0000] {taskinstance.py:1380} INFO - Executing <Task(BashOperator): analyze_data> on 2024-09-15 01:30:26.762439+00:00
[2024-09-15T01:30:28.618+0000] {standard_task_runner.py:57} INFO - Started process 1297 to run task
[2024-09-15T01:30:28.626+0000] {standard_task_runner.py:84} INFO - Running: ['***', 'tasks', 'run', 'data_pipeline_api', 'analyze_data', 'manual__2024-09-15T01:30:26.762439+00:00', '--job-id', '8', '--raw', '--subdir', 'DAGS_FOLDER/spark-jobs.py', '--cfg-path', '/tmp/tmpo7k9m7db']
[2024-09-15T01:30:28.635+0000] {standard_task_runner.py:85} INFO - Job 8: Subtask analyze_data
[2024-09-15T01:30:28.802+0000] {task_command.py:415} INFO - Running <TaskInstance: data_pipeline_api.analyze_data manual__2024-09-15T01:30:26.762439+00:00 [running]> on host 595e69e30fc0
[2024-09-15T01:30:28.898+0000] {taskinstance.py:1660} INFO - Exporting env vars: AIRFLOW_CTX_DAG_OWNER='***' AIRFLOW_CTX_DAG_ID='data_pipeline_api' AIRFLOW_CTX_TASK_ID='analyze_data' AIRFLOW_CTX_EXECUTION_DATE='2024-09-15T01:30:26.762439+00:00' AIRFLOW_CTX_TRY_NUMBER='1' AIRFLOW_CTX_DAG_RUN_ID='manual__2024-09-15T01:30:26.762439+00:00'
[2024-09-15T01:30:28.900+0000] {subprocess.py:63} INFO - Tmp dir root location: /tmp
[2024-09-15T01:30:28.902+0000] {subprocess.py:75} INFO - Running command: ['/bin/bash', '-c', 'bash /opt/***/jobs/spark-submit.sh /opt/***/jobs/analyze_data.py ']
[2024-09-15T01:30:28.918+0000] {subprocess.py:86} INFO - Output:
[2024-09-15T01:30:28.921+0000] {subprocess.py:93} INFO - /opt/***/jobs/analyze_data.py
[2024-09-15T01:30:29.045+0000] {subprocess.py:93} INFO - /home/***/.local/lib/python3.11/site-packages/pyspark/bin/load-spark-env.sh: line 68: ps: command not found
[2024-09-15T01:30:30.925+0000] {subprocess.py:93} INFO - 24/09/15 01:30:30 WARN NativeCodeLoader: Unable to load native-hadoop library for your platform... using builtin-java classes where applicable
[2024-09-15T01:30:31.891+0000] {subprocess.py:93} INFO - 24/09/15 01:30:31 INFO SparkContext: Running Spark version 3.5.1
[2024-09-15T01:30:31.892+0000] {subprocess.py:93} INFO - 24/09/15 01:30:31 INFO SparkContext: OS info Linux, 6.6.32-linuxkit, aarch64
[2024-09-15T01:30:31.892+0000] {subprocess.py:93} INFO - 24/09/15 01:30:31 INFO SparkContext: Java version 11.0.23
[2024-09-15T01:30:31.916+0000] {subprocess.py:93} INFO - 24/09/15 01:30:31 INFO ResourceUtils: ==============================================================
[2024-09-15T01:30:31.916+0000] {subprocess.py:93} INFO - 24/09/15 01:30:31 INFO ResourceUtils: No custom resources configured for spark.driver.
[2024-09-15T01:30:31.917+0000] {subprocess.py:93} INFO - 24/09/15 01:30:31 INFO ResourceUtils: ==============================================================
[2024-09-15T01:30:31.917+0000] {subprocess.py:93} INFO - 24/09/15 01:30:31 INFO SparkContext: Submitted application: FinanceDataAnalysis
[2024-09-15T01:30:31.958+0000] {subprocess.py:93} INFO - 24/09/15 01:30:31 INFO ResourceProfile: Default ResourceProfile created, executor resources: Map(cores -> name: cores, amount: 1, script: , vendor: , memory -> name: memory, amount: 1024, script: , vendor: , offHeap -> name: offHeap, amount: 1024, script: , vendor: ), task resources: Map(cpus -> name: cpus, amount: 1.0)
[2024-09-15T01:30:31.965+0000] {subprocess.py:93} INFO - 24/09/15 01:30:31 INFO ResourceProfile: Limiting resource is cpus at 1 tasks per executor
[2024-09-15T01:30:31.966+0000] {subprocess.py:93} INFO - 24/09/15 01:30:31 INFO ResourceProfileManager: Added ResourceProfile id: 0
[2024-09-15T01:30:32.058+0000] {subprocess.py:93} INFO - 24/09/15 01:30:32 INFO SecurityManager: Changing view acls to: ***
[2024-09-15T01:30:32.059+0000] {subprocess.py:93} INFO - 24/09/15 01:30:32 INFO SecurityManager: Changing modify acls to: ***
[2024-09-15T01:30:32.059+0000] {subprocess.py:93} INFO - 24/09/15 01:30:32 INFO SecurityManager: Changing view acls groups to:
[2024-09-15T01:30:32.059+0000] {subprocess.py:93} INFO - 24/09/15 01:30:32 INFO SecurityManager: Changing modify acls groups to:
[2024-09-15T01:30:32.059+0000] {subprocess.py:93} INFO - 24/09/15 01:30:32 INFO SecurityManager: SecurityManager: authentication disabled; ui acls disabled; users with view permissions: ***; groups with view permissions: EMPTY; users with modify permissions: ***; groups with modify permissions: EMPTY
[2024-09-15T01:30:32.555+0000] {subprocess.py:93} INFO - 24/09/15 01:30:32 INFO Utils: Successfully started service 'sparkDriver' on port 33529.
[2024-09-15T01:30:32.592+0000] {subprocess.py:93} INFO - 24/09/15 01:30:32 INFO SparkEnv: Registering MapOutputTracker
[2024-09-15T01:30:32.667+0000] {subprocess.py:93} INFO - 24/09/15 01:30:32 INFO SparkEnv: Registering BlockManagerMaster
[2024-09-15T01:30:32.684+0000] {subprocess.py:93} INFO - 24/09/15 01:30:32 INFO BlockManagerMasterEndpoint: Using org.apache.spark.storage.DefaultTopologyMapper for getting topology information
[2024-09-15T01:30:32.684+0000] {subprocess.py:93} INFO - 24/09/15 01:30:32 INFO BlockManagerMasterEndpoint: BlockManagerMasterEndpoint up
[2024-09-15T01:30:32.688+0000] {subprocess.py:93} INFO - 24/09/15 01:30:32 INFO SparkEnv: Registering BlockManagerMasterHeartbeat
[2024-09-15T01:30:32.701+0000] {subprocess.py:93} INFO - 24/09/15 01:30:32 INFO DiskBlockManager: Created local directory at /tmp/blockmgr-feb15ab4-864d-451d-9c07-82da2518d316
[2024-09-15T01:30:32.708+0000] {subprocess.py:93} INFO - 24/09/15 01:30:32 INFO MemoryStore: MemoryStore started with capacity 1458.4 MiB
[2024-09-15T01:30:32.719+0000] {subprocess.py:93} INFO - 24/09/15 01:30:32 INFO SparkEnv: Registering OutputCommitCoordinator
[2024-09-15T01:30:32.831+0000] {subprocess.py:93} INFO - 24/09/15 01:30:32 INFO JettyUtils: Start Jetty 0.0.0.0:4040 for SparkUI
[2024-09-15T01:30:32.873+0000] {subprocess.py:93} INFO - 24/09/15 01:30:32 WARN Utils: Service 'SparkUI' could not bind on port 4040. Attempting port 4041.
[2024-09-15T01:30:32.882+0000] {subprocess.py:93} INFO - 24/09/15 01:30:32 INFO Utils: Successfully started service 'SparkUI' on port 4041.
[2024-09-15T01:30:32.910+0000] {subprocess.py:93} INFO - 24/09/15 01:30:32 INFO SparkContext: Added JAR file:///opt/bitnami/spark/resources/elasticsearch-spark-30_2.12-8.4.3.jar at spark://595e69e30fc0:33529/jars/elasticsearch-spark-30_2.12-8.4.3.jar with timestamp 1726363831880
[2024-09-15T01:30:32.958+0000] {subprocess.py:93} INFO - 24/09/15 01:30:32 INFO StandaloneAppClient$ClientEndpoint: Connecting to master spark://spark-master:7077...
[2024-09-15T01:30:32.997+0000] {subprocess.py:93} INFO - 24/09/15 01:30:32 INFO TransportClientFactory: Successfully created connection to spark-master/172.18.0.3:7077 after 21 ms (0 ms spent in bootstraps)
[2024-09-15T01:30:33.221+0000] {subprocess.py:93} INFO - 24/09/15 01:30:33 INFO StandaloneSchedulerBackend: Connected to Spark cluster with app ID app-20240915013033-0003
[2024-09-15T01:30:33.229+0000] {subprocess.py:93} INFO - 24/09/15 01:30:33 INFO Utils: Successfully started service 'org.apache.spark.network.netty.NettyBlockTransferService' on port 43533.
[2024-09-15T01:30:33.232+0000] {subprocess.py:93} INFO - 24/09/15 01:30:33 INFO NettyBlockTransferService: Server created on 595e69e30fc0:43533
[2024-09-15T01:30:33.232+0000] {subprocess.py:93} INFO - 24/09/15 01:30:33 INFO BlockManager: Using org.apache.spark.storage.RandomBlockReplicationPolicy for block replication policy
[2024-09-15T01:30:33.234+0000] {subprocess.py:93} INFO - 24/09/15 01:30:33 INFO BlockManagerMaster: Registering BlockManager BlockManagerId(driver, 595e69e30fc0, 43533, None)
[2024-09-15T01:30:33.236+0000] {subprocess.py:93} INFO - 24/09/15 01:30:33 INFO BlockManagerMasterEndpoint: Registering block manager 595e69e30fc0:43533 with 1458.4 MiB RAM, BlockManagerId(driver, 595e69e30fc0, 43533, None)
[2024-09-15T01:30:33.237+0000] {subprocess.py:93} INFO - 24/09/15 01:30:33 INFO BlockManagerMaster: Registered BlockManager BlockManagerId(driver, 595e69e30fc0, 43533, None)
[2024-09-15T01:30:33.241+0000] {subprocess.py:93} INFO - 24/09/15 01:30:33 INFO BlockManager: Initialized BlockManager: BlockManagerId(driver, 595e69e30fc0, 43533, None)
[2024-09-15T01:30:33.253+0000] {subprocess.py:93} INFO - 24/09/15 01:30:33 INFO StandaloneAppClient$ClientEndpoint: Executor added: app-20240915013033-0003/0 on worker-20240915011145-172.18.0.8-40123 (172.18.0.8:40123) with 1 core(s)
[2024-09-15T01:30:33.255+0000] {subprocess.py:93} INFO - 24/09/15 01:30:33 INFO StandaloneSchedulerBackend: Granted executor ID app-20240915013033-0003/0 on hostPort 172.18.0.8:40123 with 1 core(s), 1024.0 MiB RAM
[2024-09-15T01:30:33.298+0000] {subprocess.py:93} INFO - 24/09/15 01:30:33 INFO StandaloneAppClient$ClientEndpoint: Executor added: app-20240915013033-0003/1 on worker-20240915011145-172.18.0.9-43093 (172.18.0.9:43093) with 1 core(s)
[2024-09-15T01:30:33.299+0000] {subprocess.py:93} INFO - 24/09/15 01:30:33 INFO StandaloneSchedulerBackend: Granted executor ID app-20240915013033-0003/1 on hostPort 172.18.0.9:43093 with 1 core(s), 1024.0 MiB RAM
[2024-09-15T01:30:33.420+0000] {subprocess.py:93} INFO - 24/09/15 01:30:33 INFO StandaloneSchedulerBackend: SchedulerBackend is ready for scheduling beginning after reached minRegisteredResourcesRatio: 0.0
[2024-09-15T01:30:33.455+0000] {subprocess.py:93} INFO - 24/09/15 01:30:33 INFO StandaloneAppClient$ClientEndpoint: Executor updated: app-20240915013033-0003/1 is now RUNNING
[2024-09-15T01:30:33.456+0000] {subprocess.py:93} INFO - 24/09/15 01:30:33 INFO StandaloneAppClient$ClientEndpoint: Executor updated: app-20240915013033-0003/0 is now RUNNING
[2024-09-15T01:30:33.586+0000] {subprocess.py:93} INFO - 24/09/15 01:30:33 INFO SharedState: Setting hive.metastore.warehouse.dir ('null') to the value of spark.sql.warehouse.dir.
[2024-09-15T01:30:33.588+0000] {subprocess.py:93} INFO - 24/09/15 01:30:33 INFO SharedState: Warehouse path is 'file:/tmp/***tmpwr2t9ozh/spark-warehouse'.
[2024-09-15T01:30:34.563+0000] {subprocess.py:93} INFO - 24/09/15 01:30:34 INFO Version: Elasticsearch Hadoop v8.4.3 [a7873eb469]
[2024-09-15T01:30:36.051+0000] {subprocess.py:93} INFO - 24/09/15 01:30:36 INFO StandaloneSchedulerBackend$StandaloneDriverEndpoint: Registered executor NettyRpcEndpointRef(spark-client://Executor) (172.18.0.9:45190) with ID 1,  ResourceProfileId 0
[2024-09-15T01:30:36.071+0000] {subprocess.py:93} INFO - 24/09/15 01:30:36 INFO StandaloneSchedulerBackend$StandaloneDriverEndpoint: Registered executor NettyRpcEndpointRef(spark-client://Executor) (172.18.0.8:49426) with ID 0,  ResourceProfileId 0
[2024-09-15T01:30:36.123+0000] {subprocess.py:93} INFO - 24/09/15 01:30:36 INFO BlockManagerMasterEndpoint: Registering block manager 172.18.0.9:37693 with 1458.4 MiB RAM, BlockManagerId(1, 172.18.0.9, 37693, None)
[2024-09-15T01:30:36.126+0000] {subprocess.py:93} INFO - 24/09/15 01:30:36 INFO BlockManagerMasterEndpoint: Registering block manager 172.18.0.8:35557 with 1458.4 MiB RAM, BlockManagerId(0, 172.18.0.8, 35557, None)
[2024-09-15T01:30:36.794+0000] {subprocess.py:93} INFO - 24/09/15 01:30:36 INFO FileOutputCommitter: File Output Committer Algorithm version is 1
[2024-09-15T01:30:36.795+0000] {subprocess.py:93} INFO - 24/09/15 01:30:36 INFO FileOutputCommitter: FileOutputCommitter skip cleanup _temporary folders under output directory:false, ignore cleanup failures: false
[2024-09-15T01:30:36.795+0000] {subprocess.py:93} INFO - 24/09/15 01:30:36 INFO SQLHadoopMapReduceCommitProtocol: Using output committer class org.apache.hadoop.mapreduce.lib.output.FileOutputCommitter
[2024-09-15T01:30:37.011+0000] {subprocess.py:93} INFO - 24/09/15 01:30:37 INFO CodeGenerator: Code generated in 131.873042 ms
[2024-09-15T01:30:37.053+0000] {subprocess.py:93} INFO - 24/09/15 01:30:37 INFO CodeGenerator: Code generated in 15.715833 ms
[2024-09-15T01:30:37.093+0000] {subprocess.py:93} INFO - 24/09/15 01:30:37 INFO ScalaEsRowRDD: Reading from [market_trends]
[2024-09-15T01:30:37.145+0000] {subprocess.py:93} INFO - 24/09/15 01:30:37 INFO SparkContext: Starting job: csv at NativeMethodAccessorImpl.java:0
[2024-09-15T01:30:37.156+0000] {subprocess.py:93} INFO - 24/09/15 01:30:37 INFO DAGScheduler: Got job 0 (csv at NativeMethodAccessorImpl.java:0) with 1 output partitions
[2024-09-15T01:30:37.156+0000] {subprocess.py:93} INFO - 24/09/15 01:30:37 INFO DAGScheduler: Final stage: ResultStage 0 (csv at NativeMethodAccessorImpl.java:0)
[2024-09-15T01:30:37.156+0000] {subprocess.py:93} INFO - 24/09/15 01:30:37 INFO DAGScheduler: Parents of final stage: List()
[2024-09-15T01:30:37.157+0000] {subprocess.py:93} INFO - 24/09/15 01:30:37 INFO DAGScheduler: Missing parents: List()
[2024-09-15T01:30:37.161+0000] {subprocess.py:93} INFO - 24/09/15 01:30:37 INFO DAGScheduler: Submitting ResultStage 0 (MapPartitionsRDD[5] at csv at NativeMethodAccessorImpl.java:0), which has no missing parents
[2024-09-15T01:30:37.340+0000] {subprocess.py:93} INFO - 24/09/15 01:30:37 INFO MemoryStore: Block broadcast_0 stored as values in memory (estimated size 237.4 KiB, free 1458.2 MiB)
[2024-09-15T01:30:37.463+0000] {subprocess.py:93} INFO - 24/09/15 01:30:37 INFO MemoryStore: Block broadcast_0_piece0 stored as bytes in memory (estimated size 86.7 KiB, free 1458.1 MiB)
[2024-09-15T01:30:37.465+0000] {subprocess.py:93} INFO - 24/09/15 01:30:37 INFO BlockManagerInfo: Added broadcast_0_piece0 in memory on 595e69e30fc0:43533 (size: 86.7 KiB, free: 1458.3 MiB)
[2024-09-15T01:30:37.468+0000] {subprocess.py:93} INFO - 24/09/15 01:30:37 INFO SparkContext: Created broadcast 0 from broadcast at DAGScheduler.scala:1585
[2024-09-15T01:30:37.478+0000] {subprocess.py:93} INFO - 24/09/15 01:30:37 INFO DAGScheduler: Submitting 1 missing tasks from ResultStage 0 (MapPartitionsRDD[5] at csv at NativeMethodAccessorImpl.java:0) (first 15 tasks are for partitions Vector(0))
[2024-09-15T01:30:37.479+0000] {subprocess.py:93} INFO - 24/09/15 01:30:37 INFO TaskSchedulerImpl: Adding task set 0.0 with 1 tasks resource profile 0
[2024-09-15T01:30:37.504+0000] {subprocess.py:93} INFO - 24/09/15 01:30:37 INFO TaskSetManager: Starting task 0.0 in stage 0.0 (TID 0) (172.18.0.9, executor 1, partition 0, ANY, 15633 bytes)
[2024-09-15T01:30:37.781+0000] {subprocess.py:93} INFO - 24/09/15 01:30:37 INFO BlockManagerInfo: Added broadcast_0_piece0 in memory on 172.18.0.9:37693 (size: 86.7 KiB, free: 1458.3 MiB)
[2024-09-15T01:30:39.807+0000] {subprocess.py:93} INFO - 24/09/15 01:30:39 INFO TaskSetManager: Finished task 0.0 in stage 0.0 (TID 0) in 2313 ms on 172.18.0.9 (executor 1) (1/1)
[2024-09-15T01:30:39.808+0000] {subprocess.py:93} INFO - 24/09/15 01:30:39 INFO TaskSchedulerImpl: Removed TaskSet 0.0, whose tasks have all completed, from pool
[2024-09-15T01:30:39.811+0000] {subprocess.py:93} INFO - 24/09/15 01:30:39 INFO DAGScheduler: ResultStage 0 (csv at NativeMethodAccessorImpl.java:0) finished in 2.642 s
[2024-09-15T01:30:39.813+0000] {subprocess.py:93} INFO - 24/09/15 01:30:39 INFO DAGScheduler: Job 0 is finished. Cancelling potential speculative or zombie tasks for this job
[2024-09-15T01:30:39.813+0000] {subprocess.py:93} INFO - 24/09/15 01:30:39 INFO TaskSchedulerImpl: Killing all running tasks in stage 0: Stage finished
[2024-09-15T01:30:39.815+0000] {subprocess.py:93} INFO - 24/09/15 01:30:39 INFO DAGScheduler: Job 0 finished: csv at NativeMethodAccessorImpl.java:0, took 2.669447 s
[2024-09-15T01:30:39.817+0000] {subprocess.py:93} INFO - 24/09/15 01:30:39 INFO FileFormatWriter: Start to commit write Job 396416ef-80fa-4c99-8b69-eaef887964a4.
[2024-09-15T01:30:39.874+0000] {subprocess.py:93} INFO - 24/09/15 01:30:39 INFO BlockManagerInfo: Removed broadcast_0_piece0 on 172.18.0.9:37693 in memory (size: 86.7 KiB, free: 1458.4 MiB)
[2024-09-15T01:30:39.876+0000] {subprocess.py:93} INFO - 24/09/15 01:30:39 INFO BlockManagerInfo: Removed broadcast_0_piece0 on 595e69e30fc0:43533 in memory (size: 86.7 KiB, free: 1458.4 MiB)
[2024-09-15T01:30:39.882+0000] {subprocess.py:93} INFO - 24/09/15 01:30:39 INFO FileFormatWriter: Write Job 396416ef-80fa-4c99-8b69-eaef887964a4 committed. Elapsed time: 63 ms.
[2024-09-15T01:30:39.887+0000] {subprocess.py:93} INFO - 24/09/15 01:30:39 INFO FileFormatWriter: Finished processing stats for write job 396416ef-80fa-4c99-8b69-eaef887964a4.
[2024-09-15T01:30:39.953+0000] {subprocess.py:93} INFO - 24/09/15 01:30:39 INFO FileOutputCommitter: File Output Committer Algorithm version is 1
[2024-09-15T01:30:39.954+0000] {subprocess.py:93} INFO - 24/09/15 01:30:39 INFO FileOutputCommitter: FileOutputCommitter skip cleanup _temporary folders under output directory:false, ignore cleanup failures: false
[2024-09-15T01:30:39.954+0000] {subprocess.py:93} INFO - 24/09/15 01:30:39 INFO SQLHadoopMapReduceCommitProtocol: Using output committer class org.apache.hadoop.mapreduce.lib.output.FileOutputCommitter
[2024-09-15T01:30:39.975+0000] {subprocess.py:93} INFO - 24/09/15 01:30:39 INFO CodeGenerator: Code generated in 6.087334 ms
[2024-09-15T01:30:39.996+0000] {subprocess.py:93} INFO - 24/09/15 01:30:39 INFO ScalaEsRowRDD: Reading from [market_trends]
[2024-09-15T01:30:40.002+0000] {subprocess.py:93} INFO - 24/09/15 01:30:40 INFO SparkContext: Starting job: csv at NativeMethodAccessorImpl.java:0
[2024-09-15T01:30:40.003+0000] {subprocess.py:93} INFO - 24/09/15 01:30:40 INFO DAGScheduler: Got job 1 (csv at NativeMethodAccessorImpl.java:0) with 1 output partitions
[2024-09-15T01:30:40.003+0000] {subprocess.py:93} INFO - 24/09/15 01:30:40 INFO DAGScheduler: Final stage: ResultStage 1 (csv at NativeMethodAccessorImpl.java:0)
[2024-09-15T01:30:40.003+0000] {subprocess.py:93} INFO - 24/09/15 01:30:40 INFO DAGScheduler: Parents of final stage: List()
[2024-09-15T01:30:40.004+0000] {subprocess.py:93} INFO - 24/09/15 01:30:40 INFO DAGScheduler: Missing parents: List()
[2024-09-15T01:30:40.004+0000] {subprocess.py:93} INFO - 24/09/15 01:30:40 INFO DAGScheduler: Submitting ResultStage 1 (MapPartitionsRDD[11] at csv at NativeMethodAccessorImpl.java:0), which has no missing parents
[2024-09-15T01:30:40.016+0000] {subprocess.py:93} INFO - 24/09/15 01:30:40 INFO MemoryStore: Block broadcast_1 stored as values in memory (estimated size 237.4 KiB, free 1458.2 MiB)
[2024-09-15T01:30:40.017+0000] {subprocess.py:93} INFO - 24/09/15 01:30:40 INFO MemoryStore: Block broadcast_1_piece0 stored as bytes in memory (estimated size 86.8 KiB, free 1458.1 MiB)
[2024-09-15T01:30:40.017+0000] {subprocess.py:93} INFO - 24/09/15 01:30:40 INFO BlockManagerInfo: Added broadcast_1_piece0 in memory on 595e69e30fc0:43533 (size: 86.8 KiB, free: 1458.3 MiB)
[2024-09-15T01:30:40.018+0000] {subprocess.py:93} INFO - 24/09/15 01:30:40 INFO SparkContext: Created broadcast 1 from broadcast at DAGScheduler.scala:1585
[2024-09-15T01:30:40.018+0000] {subprocess.py:93} INFO - 24/09/15 01:30:40 INFO DAGScheduler: Submitting 1 missing tasks from ResultStage 1 (MapPartitionsRDD[11] at csv at NativeMethodAccessorImpl.java:0) (first 15 tasks are for partitions Vector(0))
[2024-09-15T01:30:40.018+0000] {subprocess.py:93} INFO - 24/09/15 01:30:40 INFO TaskSchedulerImpl: Adding task set 1.0 with 1 tasks resource profile 0
[2024-09-15T01:30:40.019+0000] {subprocess.py:93} INFO - 24/09/15 01:30:40 INFO TaskSetManager: Starting task 0.0 in stage 1.0 (TID 1) (172.18.0.9, executor 1, partition 0, ANY, 15633 bytes)
[2024-09-15T01:30:40.037+0000] {subprocess.py:93} INFO - 24/09/15 01:30:40 INFO BlockManagerInfo: Added broadcast_1_piece0 in memory on 172.18.0.9:37693 (size: 86.8 KiB, free: 1458.3 MiB)
[2024-09-15T01:30:40.130+0000] {subprocess.py:93} INFO - 24/09/15 01:30:40 INFO TaskSetManager: Finished task 0.0 in stage 1.0 (TID 1) in 111 ms on 172.18.0.9 (executor 1) (1/1)
[2024-09-15T01:30:40.132+0000] {subprocess.py:93} INFO - 24/09/15 01:30:40 INFO TaskSchedulerImpl: Removed TaskSet 1.0, whose tasks have all completed, from pool
[2024-09-15T01:30:40.133+0000] {subprocess.py:93} INFO - 24/09/15 01:30:40 INFO DAGScheduler: ResultStage 1 (csv at NativeMethodAccessorImpl.java:0) finished in 0.126 s
[2024-09-15T01:30:40.133+0000] {subprocess.py:93} INFO - 24/09/15 01:30:40 INFO DAGScheduler: Job 1 is finished. Cancelling potential speculative or zombie tasks for this job
[2024-09-15T01:30:40.133+0000] {subprocess.py:93} INFO - 24/09/15 01:30:40 INFO TaskSchedulerImpl: Killing all running tasks in stage 1: Stage finished
[2024-09-15T01:30:40.133+0000] {subprocess.py:93} INFO - 24/09/15 01:30:40 INFO DAGScheduler: Job 1 finished: csv at NativeMethodAccessorImpl.java:0, took 0.130646 s
[2024-09-15T01:30:40.133+0000] {subprocess.py:93} INFO - 24/09/15 01:30:40 INFO FileFormatWriter: Start to commit write Job c38e0f7c-698d-44d5-85d2-44a1142df4b4.
[2024-09-15T01:30:40.143+0000] {subprocess.py:93} INFO - 24/09/15 01:30:40 INFO FileFormatWriter: Write Job c38e0f7c-698d-44d5-85d2-44a1142df4b4 committed. Elapsed time: 9 ms.
[2024-09-15T01:30:40.144+0000] {subprocess.py:93} INFO - 24/09/15 01:30:40 INFO FileFormatWriter: Finished processing stats for write job c38e0f7c-698d-44d5-85d2-44a1142df4b4.
[2024-09-15T01:30:40.534+0000] {subprocess.py:93} INFO - 24/09/15 01:30:40 INFO CodeGenerator: Code generated in 81.378666 ms
[2024-09-15T01:30:40.571+0000] {subprocess.py:93} INFO - 24/09/15 01:30:40 INFO ScalaEsRowRDD: Reading from [stock_time_series]
[2024-09-15T01:30:40.591+0000] {subprocess.py:93} INFO - 24/09/15 01:30:40 INFO DAGScheduler: Registering RDD 15 (csv at NativeMethodAccessorImpl.java:0) as input to shuffle 0
[2024-09-15T01:30:40.593+0000] {subprocess.py:93} INFO - 24/09/15 01:30:40 INFO DAGScheduler: Got map stage job 2 (csv at NativeMethodAccessorImpl.java:0) with 1 output partitions
[2024-09-15T01:30:40.593+0000] {subprocess.py:93} INFO - 24/09/15 01:30:40 INFO DAGScheduler: Final stage: ShuffleMapStage 2 (csv at NativeMethodAccessorImpl.java:0)
[2024-09-15T01:30:40.593+0000] {subprocess.py:93} INFO - 24/09/15 01:30:40 INFO DAGScheduler: Parents of final stage: List()
[2024-09-15T01:30:40.594+0000] {subprocess.py:93} INFO - 24/09/15 01:30:40 INFO DAGScheduler: Missing parents: List()
[2024-09-15T01:30:40.595+0000] {subprocess.py:93} INFO - 24/09/15 01:30:40 INFO DAGScheduler: Submitting ShuffleMapStage 2 (MapPartitionsRDD[15] at csv at NativeMethodAccessorImpl.java:0), which has no missing parents
[2024-09-15T01:30:40.603+0000] {subprocess.py:93} INFO - 24/09/15 01:30:40 INFO MemoryStore: Block broadcast_2 stored as values in memory (estimated size 56.7 KiB, free 1458.0 MiB)
[2024-09-15T01:30:40.617+0000] {subprocess.py:93} INFO - 24/09/15 01:30:40 INFO MemoryStore: Block broadcast_2_piece0 stored as bytes in memory (estimated size 23.9 KiB, free 1458.0 MiB)
[2024-09-15T01:30:40.617+0000] {subprocess.py:93} INFO - 24/09/15 01:30:40 INFO BlockManagerInfo: Added broadcast_2_piece0 in memory on 595e69e30fc0:43533 (size: 23.9 KiB, free: 1458.3 MiB)
[2024-09-15T01:30:40.618+0000] {subprocess.py:93} INFO - 24/09/15 01:30:40 INFO SparkContext: Created broadcast 2 from broadcast at DAGScheduler.scala:1585
[2024-09-15T01:30:40.619+0000] {subprocess.py:93} INFO - 24/09/15 01:30:40 INFO DAGScheduler: Submitting 1 missing tasks from ShuffleMapStage 2 (MapPartitionsRDD[15] at csv at NativeMethodAccessorImpl.java:0) (first 15 tasks are for partitions Vector(0))
[2024-09-15T01:30:40.619+0000] {subprocess.py:93} INFO - 24/09/15 01:30:40 INFO TaskSchedulerImpl: Adding task set 2.0 with 1 tasks resource profile 0
[2024-09-15T01:30:40.621+0000] {subprocess.py:93} INFO - 24/09/15 01:30:40 INFO TaskSetManager: Starting task 0.0 in stage 2.0 (TID 2) (172.18.0.9, executor 1, partition 0, ANY, 15330 bytes)
[2024-09-15T01:30:40.642+0000] {subprocess.py:93} INFO - 24/09/15 01:30:40 INFO BlockManagerInfo: Added broadcast_2_piece0 in memory on 172.18.0.9:37693 (size: 23.9 KiB, free: 1458.3 MiB)
[2024-09-15T01:30:40.944+0000] {subprocess.py:93} INFO - 24/09/15 01:30:40 INFO TaskSetManager: Finished task 0.0 in stage 2.0 (TID 2) in 324 ms on 172.18.0.9 (executor 1) (1/1)
[2024-09-15T01:30:40.945+0000] {subprocess.py:93} INFO - 24/09/15 01:30:40 INFO TaskSchedulerImpl: Removed TaskSet 2.0, whose tasks have all completed, from pool
[2024-09-15T01:30:40.946+0000] {subprocess.py:93} INFO - 24/09/15 01:30:40 INFO DAGScheduler: ShuffleMapStage 2 (csv at NativeMethodAccessorImpl.java:0) finished in 0.350 s
[2024-09-15T01:30:40.946+0000] {subprocess.py:93} INFO - 24/09/15 01:30:40 INFO DAGScheduler: looking for newly runnable stages
[2024-09-15T01:30:40.947+0000] {subprocess.py:93} INFO - 24/09/15 01:30:40 INFO DAGScheduler: running: Set()
[2024-09-15T01:30:40.947+0000] {subprocess.py:93} INFO - 24/09/15 01:30:40 INFO DAGScheduler: waiting: Set()
[2024-09-15T01:30:40.947+0000] {subprocess.py:93} INFO - 24/09/15 01:30:40 INFO DAGScheduler: failed: Set()
[2024-09-15T01:30:40.961+0000] {subprocess.py:93} INFO - 24/09/15 01:30:40 INFO ShufflePartitionsUtil: For shuffle(0), advisory target size: 67108864, actual target size 1048576, minimum partition size: 1048576
[2024-09-15T01:30:40.974+0000] {subprocess.py:93} INFO - 24/09/15 01:30:40 INFO FileOutputCommitter: File Output Committer Algorithm version is 1
[2024-09-15T01:30:40.975+0000] {subprocess.py:93} INFO - 24/09/15 01:30:40 INFO FileOutputCommitter: FileOutputCommitter skip cleanup _temporary folders under output directory:false, ignore cleanup failures: false
[2024-09-15T01:30:40.975+0000] {subprocess.py:93} INFO - 24/09/15 01:30:40 INFO SQLHadoopMapReduceCommitProtocol: Using output committer class org.apache.hadoop.mapreduce.lib.output.FileOutputCommitter
[2024-09-15T01:30:40.985+0000] {subprocess.py:93} INFO - 24/09/15 01:30:40 INFO HashAggregateExec: spark.sql.codegen.aggregate.map.twolevel.enabled is set to true, but current version of codegened fast hashmap does not support this aggregate.
[2024-09-15T01:30:41.014+0000] {subprocess.py:93} INFO - 24/09/15 01:30:41 INFO CodeGenerator: Code generated in 18.274917 ms
[2024-09-15T01:30:41.039+0000] {subprocess.py:93} INFO - 24/09/15 01:30:41 INFO SparkContext: Starting job: csv at NativeMethodAccessorImpl.java:0
[2024-09-15T01:30:41.041+0000] {subprocess.py:93} INFO - 24/09/15 01:30:41 INFO DAGScheduler: Got job 3 (csv at NativeMethodAccessorImpl.java:0) with 1 output partitions
[2024-09-15T01:30:41.041+0000] {subprocess.py:93} INFO - 24/09/15 01:30:41 INFO DAGScheduler: Final stage: ResultStage 4 (csv at NativeMethodAccessorImpl.java:0)
[2024-09-15T01:30:41.041+0000] {subprocess.py:93} INFO - 24/09/15 01:30:41 INFO DAGScheduler: Parents of final stage: List(ShuffleMapStage 3)
[2024-09-15T01:30:41.041+0000] {subprocess.py:93} INFO - 24/09/15 01:30:41 INFO DAGScheduler: Missing parents: List()
[2024-09-15T01:30:41.042+0000] {subprocess.py:93} INFO - 24/09/15 01:30:41 INFO DAGScheduler: Submitting ResultStage 4 (MapPartitionsRDD[19] at csv at NativeMethodAccessorImpl.java:0), which has no missing parents
[2024-09-15T01:30:41.052+0000] {subprocess.py:93} INFO - 24/09/15 01:30:41 INFO MemoryStore: Block broadcast_3 stored as values in memory (estimated size 264.4 KiB, free 1457.7 MiB)
[2024-09-15T01:30:41.072+0000] {subprocess.py:93} INFO - 24/09/15 01:30:41 INFO MemoryStore: Block broadcast_3_piece0 stored as bytes in memory (estimated size 97.4 KiB, free 1457.7 MiB)
[2024-09-15T01:30:41.072+0000] {subprocess.py:93} INFO - 24/09/15 01:30:41 INFO BlockManagerInfo: Added broadcast_3_piece0 in memory on 595e69e30fc0:43533 (size: 97.4 KiB, free: 1458.2 MiB)
[2024-09-15T01:30:41.072+0000] {subprocess.py:93} INFO - 24/09/15 01:30:41 INFO SparkContext: Created broadcast 3 from broadcast at DAGScheduler.scala:1585
[2024-09-15T01:30:41.073+0000] {subprocess.py:93} INFO - 24/09/15 01:30:41 INFO DAGScheduler: Submitting 1 missing tasks from ResultStage 4 (MapPartitionsRDD[19] at csv at NativeMethodAccessorImpl.java:0) (first 15 tasks are for partitions Vector(0))
[2024-09-15T01:30:41.073+0000] {subprocess.py:93} INFO - 24/09/15 01:30:41 INFO TaskSchedulerImpl: Adding task set 4.0 with 1 tasks resource profile 0
[2024-09-15T01:30:41.075+0000] {subprocess.py:93} INFO - 24/09/15 01:30:41 INFO TaskSetManager: Starting task 0.0 in stage 4.0 (TID 3) (172.18.0.9, executor 1, partition 0, NODE_LOCAL, 8091 bytes)
[2024-09-15T01:30:41.086+0000] {subprocess.py:93} INFO - 24/09/15 01:30:41 INFO BlockManagerInfo: Added broadcast_3_piece0 in memory on 172.18.0.9:37693 (size: 97.4 KiB, free: 1458.2 MiB)
[2024-09-15T01:30:41.185+0000] {subprocess.py:93} INFO - 24/09/15 01:30:41 INFO MapOutputTrackerMasterEndpoint: Asked to send map output locations for shuffle 0 to 172.18.0.9:45190
[2024-09-15T01:30:41.268+0000] {subprocess.py:93} INFO - 24/09/15 01:30:41 INFO TaskSetManager: Finished task 0.0 in stage 4.0 (TID 3) in 193 ms on 172.18.0.9 (executor 1) (1/1)
[2024-09-15T01:30:41.268+0000] {subprocess.py:93} INFO - 24/09/15 01:30:41 INFO TaskSchedulerImpl: Removed TaskSet 4.0, whose tasks have all completed, from pool
[2024-09-15T01:30:41.269+0000] {subprocess.py:93} INFO - 24/09/15 01:30:41 INFO DAGScheduler: ResultStage 4 (csv at NativeMethodAccessorImpl.java:0) finished in 0.227 s
[2024-09-15T01:30:41.269+0000] {subprocess.py:93} INFO - 24/09/15 01:30:41 INFO DAGScheduler: Job 3 is finished. Cancelling potential speculative or zombie tasks for this job
[2024-09-15T01:30:41.270+0000] {subprocess.py:93} INFO - 24/09/15 01:30:41 INFO TaskSchedulerImpl: Killing all running tasks in stage 4: Stage finished
[2024-09-15T01:30:41.271+0000] {subprocess.py:93} INFO - 24/09/15 01:30:41 INFO DAGScheduler: Job 3 finished: csv at NativeMethodAccessorImpl.java:0, took 0.230099 s
[2024-09-15T01:30:41.271+0000] {subprocess.py:93} INFO - 24/09/15 01:30:41 INFO FileFormatWriter: Start to commit write Job ba7e9adf-85c7-47fc-8891-8682d27b2bcb.
[2024-09-15T01:30:41.278+0000] {subprocess.py:93} INFO - 24/09/15 01:30:41 INFO FileFormatWriter: Write Job ba7e9adf-85c7-47fc-8891-8682d27b2bcb committed. Elapsed time: 7 ms.
[2024-09-15T01:30:41.279+0000] {subprocess.py:93} INFO - 24/09/15 01:30:41 INFO FileFormatWriter: Finished processing stats for write job ba7e9adf-85c7-47fc-8891-8682d27b2bcb.
[2024-09-15T01:30:41.337+0000] {subprocess.py:93} INFO - 24/09/15 01:30:41 INFO CodeGenerator: Code generated in 23.260625 ms
[2024-09-15T01:30:41.355+0000] {subprocess.py:93} INFO - 24/09/15 01:30:41 INFO BlockManagerInfo: Removed broadcast_1_piece0 on 595e69e30fc0:43533 in memory (size: 86.8 KiB, free: 1458.3 MiB)
[2024-09-15T01:30:41.359+0000] {subprocess.py:93} INFO - 24/09/15 01:30:41 INFO BlockManagerInfo: Removed broadcast_1_piece0 on 172.18.0.9:37693 in memory (size: 86.8 KiB, free: 1458.3 MiB)
[2024-09-15T01:30:41.380+0000] {subprocess.py:93} INFO - 24/09/15 01:30:41 INFO ScalaEsRowRDD: Reading from [stock_time_series]
[2024-09-15T01:30:41.387+0000] {subprocess.py:93} INFO - 24/09/15 01:30:41 INFO DAGScheduler: Registering RDD 23 (csv at NativeMethodAccessorImpl.java:0) as input to shuffle 1
[2024-09-15T01:30:41.388+0000] {subprocess.py:93} INFO - 24/09/15 01:30:41 INFO DAGScheduler: Got map stage job 4 (csv at NativeMethodAccessorImpl.java:0) with 1 output partitions
[2024-09-15T01:30:41.388+0000] {subprocess.py:93} INFO - 24/09/15 01:30:41 INFO DAGScheduler: Final stage: ShuffleMapStage 5 (csv at NativeMethodAccessorImpl.java:0)
[2024-09-15T01:30:41.388+0000] {subprocess.py:93} INFO - 24/09/15 01:30:41 INFO DAGScheduler: Parents of final stage: List()
[2024-09-15T01:30:41.388+0000] {subprocess.py:93} INFO - 24/09/15 01:30:41 INFO DAGScheduler: Missing parents: List()
[2024-09-15T01:30:41.390+0000] {subprocess.py:93} INFO - 24/09/15 01:30:41 INFO DAGScheduler: Submitting ShuffleMapStage 5 (MapPartitionsRDD[23] at csv at NativeMethodAccessorImpl.java:0), which has no missing parents
[2024-09-15T01:30:41.393+0000] {subprocess.py:93} INFO - 24/09/15 01:30:41 INFO MemoryStore: Block broadcast_4 stored as values in memory (estimated size 53.7 KiB, free 1457.9 MiB)
[2024-09-15T01:30:41.398+0000] {subprocess.py:93} INFO - 24/09/15 01:30:41 INFO MemoryStore: Block broadcast_4_piece0 stored as bytes in memory (estimated size 23.1 KiB, free 1457.9 MiB)
[2024-09-15T01:30:41.402+0000] {subprocess.py:93} INFO - 24/09/15 01:30:41 INFO BlockManagerInfo: Added broadcast_4_piece0 in memory on 595e69e30fc0:43533 (size: 23.1 KiB, free: 1458.3 MiB)
[2024-09-15T01:30:41.402+0000] {subprocess.py:93} INFO - 24/09/15 01:30:41 INFO SparkContext: Created broadcast 4 from broadcast at DAGScheduler.scala:1585
[2024-09-15T01:30:41.405+0000] {subprocess.py:93} INFO - 24/09/15 01:30:41 INFO DAGScheduler: Submitting 1 missing tasks from ShuffleMapStage 5 (MapPartitionsRDD[23] at csv at NativeMethodAccessorImpl.java:0) (first 15 tasks are for partitions Vector(0))
[2024-09-15T01:30:41.406+0000] {subprocess.py:93} INFO - 24/09/15 01:30:41 INFO TaskSchedulerImpl: Adding task set 5.0 with 1 tasks resource profile 0
[2024-09-15T01:30:41.408+0000] {subprocess.py:93} INFO - 24/09/15 01:30:41 INFO BlockManagerInfo: Removed broadcast_2_piece0 on 595e69e30fc0:43533 in memory (size: 23.9 KiB, free: 1458.3 MiB)
[2024-09-15T01:30:41.412+0000] {subprocess.py:93} INFO - 24/09/15 01:30:41 INFO TaskSetManager: Starting task 0.0 in stage 5.0 (TID 4) (172.18.0.9, executor 1, partition 0, ANY, 15302 bytes)
[2024-09-15T01:30:41.424+0000] {subprocess.py:93} INFO - 24/09/15 01:30:41 INFO BlockManagerInfo: Removed broadcast_2_piece0 on 172.18.0.9:37693 in memory (size: 23.9 KiB, free: 1458.3 MiB)
[2024-09-15T01:30:41.441+0000] {subprocess.py:93} INFO - 24/09/15 01:30:41 INFO BlockManagerInfo: Added broadcast_4_piece0 in memory on 172.18.0.9:37693 (size: 23.1 KiB, free: 1458.3 MiB)
[2024-09-15T01:30:41.467+0000] {subprocess.py:93} INFO - 24/09/15 01:30:41 INFO BlockManagerInfo: Removed broadcast_3_piece0 on 595e69e30fc0:43533 in memory (size: 97.4 KiB, free: 1458.4 MiB)
[2024-09-15T01:30:41.470+0000] {subprocess.py:93} INFO - 24/09/15 01:30:41 INFO BlockManagerInfo: Removed broadcast_3_piece0 on 172.18.0.9:37693 in memory (size: 97.4 KiB, free: 1458.4 MiB)
[2024-09-15T01:30:41.549+0000] {subprocess.py:93} INFO - 24/09/15 01:30:41 INFO TaskSetManager: Finished task 0.0 in stage 5.0 (TID 4) in 144 ms on 172.18.0.9 (executor 1) (1/1)
[2024-09-15T01:30:41.550+0000] {subprocess.py:93} INFO - 24/09/15 01:30:41 INFO TaskSchedulerImpl: Removed TaskSet 5.0, whose tasks have all completed, from pool
[2024-09-15T01:30:41.550+0000] {subprocess.py:93} INFO - 24/09/15 01:30:41 INFO DAGScheduler: ShuffleMapStage 5 (csv at NativeMethodAccessorImpl.java:0) finished in 0.158 s
[2024-09-15T01:30:41.551+0000] {subprocess.py:93} INFO - 24/09/15 01:30:41 INFO DAGScheduler: looking for newly runnable stages
[2024-09-15T01:30:41.552+0000] {subprocess.py:93} INFO - 24/09/15 01:30:41 INFO DAGScheduler: running: Set()
[2024-09-15T01:30:41.552+0000] {subprocess.py:93} INFO - 24/09/15 01:30:41 INFO DAGScheduler: waiting: Set()
[2024-09-15T01:30:41.553+0000] {subprocess.py:93} INFO - 24/09/15 01:30:41 INFO DAGScheduler: failed: Set()
[2024-09-15T01:30:41.555+0000] {subprocess.py:93} INFO - 24/09/15 01:30:41 INFO ShufflePartitionsUtil: For shuffle(1), advisory target size: 67108864, actual target size 1048576, minimum partition size: 1048576
[2024-09-15T01:30:41.566+0000] {subprocess.py:93} INFO - 24/09/15 01:30:41 INFO FileOutputCommitter: File Output Committer Algorithm version is 1
[2024-09-15T01:30:41.567+0000] {subprocess.py:93} INFO - 24/09/15 01:30:41 INFO FileOutputCommitter: FileOutputCommitter skip cleanup _temporary folders under output directory:false, ignore cleanup failures: false
[2024-09-15T01:30:41.567+0000] {subprocess.py:93} INFO - 24/09/15 01:30:41 INFO SQLHadoopMapReduceCommitProtocol: Using output committer class org.apache.hadoop.mapreduce.lib.output.FileOutputCommitter
[2024-09-15T01:30:41.583+0000] {subprocess.py:93} INFO - 24/09/15 01:30:41 INFO HashAggregateExec: spark.sql.codegen.aggregate.map.twolevel.enabled is set to true, but current version of codegened fast hashmap does not support this aggregate.
[2024-09-15T01:30:41.595+0000] {subprocess.py:93} INFO - 24/09/15 01:30:41 INFO SparkContext: Starting job: csv at NativeMethodAccessorImpl.java:0
[2024-09-15T01:30:41.595+0000] {subprocess.py:93} INFO - 24/09/15 01:30:41 INFO DAGScheduler: Got job 5 (csv at NativeMethodAccessorImpl.java:0) with 1 output partitions
[2024-09-15T01:30:41.596+0000] {subprocess.py:93} INFO - 24/09/15 01:30:41 INFO DAGScheduler: Final stage: ResultStage 7 (csv at NativeMethodAccessorImpl.java:0)
[2024-09-15T01:30:41.596+0000] {subprocess.py:93} INFO - 24/09/15 01:30:41 INFO DAGScheduler: Parents of final stage: List(ShuffleMapStage 6)
[2024-09-15T01:30:41.596+0000] {subprocess.py:93} INFO - 24/09/15 01:30:41 INFO DAGScheduler: Missing parents: List()
[2024-09-15T01:30:41.596+0000] {subprocess.py:93} INFO - 24/09/15 01:30:41 INFO DAGScheduler: Submitting ResultStage 7 (MapPartitionsRDD[27] at csv at NativeMethodAccessorImpl.java:0), which has no missing parents
[2024-09-15T01:30:41.605+0000] {subprocess.py:93} INFO - 24/09/15 01:30:41 INFO MemoryStore: Block broadcast_5 stored as values in memory (estimated size 261.8 KiB, free 1458.1 MiB)
[2024-09-15T01:30:41.606+0000] {subprocess.py:93} INFO - 24/09/15 01:30:41 INFO MemoryStore: Block broadcast_5_piece0 stored as bytes in memory (estimated size 97.0 KiB, free 1458.0 MiB)
[2024-09-15T01:30:41.606+0000] {subprocess.py:93} INFO - 24/09/15 01:30:41 INFO BlockManagerInfo: Added broadcast_5_piece0 in memory on 595e69e30fc0:43533 (size: 97.0 KiB, free: 1458.3 MiB)
[2024-09-15T01:30:41.606+0000] {subprocess.py:93} INFO - 24/09/15 01:30:41 INFO SparkContext: Created broadcast 5 from broadcast at DAGScheduler.scala:1585
[2024-09-15T01:30:41.606+0000] {subprocess.py:93} INFO - 24/09/15 01:30:41 INFO DAGScheduler: Submitting 1 missing tasks from ResultStage 7 (MapPartitionsRDD[27] at csv at NativeMethodAccessorImpl.java:0) (first 15 tasks are for partitions Vector(0))
[2024-09-15T01:30:41.607+0000] {subprocess.py:93} INFO - 24/09/15 01:30:41 INFO TaskSchedulerImpl: Adding task set 7.0 with 1 tasks resource profile 0
[2024-09-15T01:30:41.607+0000] {subprocess.py:93} INFO - 24/09/15 01:30:41 INFO TaskSetManager: Starting task 0.0 in stage 7.0 (TID 5) (172.18.0.9, executor 1, partition 0, NODE_LOCAL, 8091 bytes)
[2024-09-15T01:30:41.614+0000] {subprocess.py:93} INFO - 24/09/15 01:30:41 INFO BlockManagerInfo: Added broadcast_5_piece0 in memory on 172.18.0.9:37693 (size: 97.0 KiB, free: 1458.3 MiB)
[2024-09-15T01:30:41.645+0000] {subprocess.py:93} INFO - 24/09/15 01:30:41 INFO MapOutputTrackerMasterEndpoint: Asked to send map output locations for shuffle 1 to 172.18.0.9:45190
[2024-09-15T01:30:41.673+0000] {subprocess.py:93} INFO - 24/09/15 01:30:41 INFO TaskSetManager: Finished task 0.0 in stage 7.0 (TID 5) in 65 ms on 172.18.0.9 (executor 1) (1/1)
[2024-09-15T01:30:41.674+0000] {subprocess.py:93} INFO - 24/09/15 01:30:41 INFO TaskSchedulerImpl: Removed TaskSet 7.0, whose tasks have all completed, from pool
[2024-09-15T01:30:41.676+0000] {subprocess.py:93} INFO - 24/09/15 01:30:41 INFO DAGScheduler: ResultStage 7 (csv at NativeMethodAccessorImpl.java:0) finished in 0.076 s
[2024-09-15T01:30:41.676+0000] {subprocess.py:93} INFO - 24/09/15 01:30:41 INFO DAGScheduler: Job 5 is finished. Cancelling potential speculative or zombie tasks for this job
[2024-09-15T01:30:41.676+0000] {subprocess.py:93} INFO - 24/09/15 01:30:41 INFO TaskSchedulerImpl: Killing all running tasks in stage 7: Stage finished
[2024-09-15T01:30:41.676+0000] {subprocess.py:93} INFO - 24/09/15 01:30:41 INFO DAGScheduler: Job 5 finished: csv at NativeMethodAccessorImpl.java:0, took 0.079068 s
[2024-09-15T01:30:41.676+0000] {subprocess.py:93} INFO - 24/09/15 01:30:41 INFO FileFormatWriter: Start to commit write Job 3f688725-dba4-4be9-a644-8ca1c0638b64.
[2024-09-15T01:30:41.691+0000] {subprocess.py:93} INFO - 24/09/15 01:30:41 INFO FileFormatWriter: Write Job 3f688725-dba4-4be9-a644-8ca1c0638b64 committed. Elapsed time: 16 ms.
[2024-09-15T01:30:41.691+0000] {subprocess.py:93} INFO - 24/09/15 01:30:41 INFO FileFormatWriter: Finished processing stats for write job 3f688725-dba4-4be9-a644-8ca1c0638b64.
[2024-09-15T01:30:41.741+0000] {subprocess.py:93} INFO - 24/09/15 01:30:41 INFO SparkContext: Invoking stop() from shutdown hook
[2024-09-15T01:30:41.741+0000] {subprocess.py:93} INFO - 24/09/15 01:30:41 INFO SparkContext: SparkContext is stopping with exitCode 0.
[2024-09-15T01:30:41.747+0000] {subprocess.py:93} INFO - 24/09/15 01:30:41 INFO SparkUI: Stopped Spark web UI at http://595e69e30fc0:4041
[2024-09-15T01:30:41.750+0000] {subprocess.py:93} INFO - 24/09/15 01:30:41 INFO StandaloneSchedulerBackend: Shutting down all executors
[2024-09-15T01:30:41.750+0000] {subprocess.py:93} INFO - 24/09/15 01:30:41 INFO StandaloneSchedulerBackend$StandaloneDriverEndpoint: Asking each executor to shut down
[2024-09-15T01:30:41.772+0000] {subprocess.py:93} INFO - 24/09/15 01:30:41 INFO MapOutputTrackerMasterEndpoint: MapOutputTrackerMasterEndpoint stopped!
[2024-09-15T01:30:41.797+0000] {subprocess.py:93} INFO - 24/09/15 01:30:41 INFO MemoryStore: MemoryStore cleared
[2024-09-15T01:30:41.799+0000] {subprocess.py:93} INFO - 24/09/15 01:30:41 INFO BlockManager: BlockManager stopped
[2024-09-15T01:30:41.808+0000] {subprocess.py:93} INFO - 24/09/15 01:30:41 INFO BlockManagerMaster: BlockManagerMaster stopped
[2024-09-15T01:30:41.815+0000] {subprocess.py:93} INFO - 24/09/15 01:30:41 INFO OutputCommitCoordinator$OutputCommitCoordinatorEndpoint: OutputCommitCoordinator stopped!
[2024-09-15T01:30:41.839+0000] {subprocess.py:93} INFO - 24/09/15 01:30:41 INFO SparkContext: Successfully stopped SparkContext
[2024-09-15T01:30:41.841+0000] {subprocess.py:93} INFO - 24/09/15 01:30:41 INFO ShutdownHookManager: Shutdown hook called
[2024-09-15T01:30:41.842+0000] {subprocess.py:93} INFO - 24/09/15 01:30:41 INFO ShutdownHookManager: Deleting directory /tmp/spark-8d05d877-46b0-4f2d-bec1-31fa5dbdea1f
[2024-09-15T01:30:41.844+0000] {subprocess.py:93} INFO - 24/09/15 01:30:41 INFO ShutdownHookManager: Deleting directory /tmp/spark-8d05d877-46b0-4f2d-bec1-31fa5dbdea1f/pyspark-14328218-0bc9-4f86-978f-d57ecf242474
[2024-09-15T01:30:41.852+0000] {subprocess.py:93} INFO - 24/09/15 01:30:41 INFO ShutdownHookManager: Deleting directory /tmp/spark-a9b41ab0-c967-4a3c-8a6e-eed8cb18a843
[2024-09-15T01:30:41.913+0000] {subprocess.py:97} INFO - Command exited with return code 0
[2024-09-15T01:30:41.975+0000] {taskinstance.py:1398} INFO - Marking task as SUCCESS. dag_id=data_pipeline_api, task_id=analyze_data, execution_date=20240915T013026, start_date=20240915T013028, end_date=20240915T013041
[2024-09-15T01:30:42.008+0000] {local_task_job_runner.py:228} INFO - Task exited with return code 0
[2024-09-15T01:30:42.058+0000] {taskinstance.py:2776} INFO - 0 downstream tasks scheduled from follow-on schedule check
