[2024-09-15T14:37:28.121+0000] {taskinstance.py:1157} INFO - Dependencies all met for dep_context=non-requeueable deps ti=<TaskInstance: data_pipeline_api.analyze_data manual__2024-09-15T01:30:26.762439+00:00 [queued]>
[2024-09-15T14:37:28.125+0000] {taskinstance.py:1157} INFO - Dependencies all met for dep_context=requeueable deps ti=<TaskInstance: data_pipeline_api.analyze_data manual__2024-09-15T01:30:26.762439+00:00 [queued]>
[2024-09-15T14:37:28.125+0000] {taskinstance.py:1359} INFO - Starting attempt 2 of 3
[2024-09-15T14:37:28.131+0000] {taskinstance.py:1380} INFO - Executing <Task(BashOperator): analyze_data> on 2024-09-15 01:30:26.762439+00:00
[2024-09-15T14:37:28.137+0000] {standard_task_runner.py:57} INFO - Started process 12474 to run task
[2024-09-15T14:37:28.153+0000] {standard_task_runner.py:84} INFO - Running: ['***', 'tasks', 'run', 'data_pipeline_api', 'analyze_data', 'manual__2024-09-15T01:30:26.762439+00:00', '--job-id', '9', '--raw', '--subdir', 'DAGS_FOLDER/spark-jobs.py', '--cfg-path', '/tmp/tmpxnp1e5ho']
[2024-09-15T14:37:28.163+0000] {standard_task_runner.py:85} INFO - Job 9: Subtask analyze_data
[2024-09-15T14:37:28.263+0000] {task_command.py:415} INFO - Running <TaskInstance: data_pipeline_api.analyze_data manual__2024-09-15T01:30:26.762439+00:00 [running]> on host 595e69e30fc0
[2024-09-15T14:37:28.314+0000] {taskinstance.py:1660} INFO - Exporting env vars: AIRFLOW_CTX_DAG_OWNER='***' AIRFLOW_CTX_DAG_ID='data_pipeline_api' AIRFLOW_CTX_TASK_ID='analyze_data' AIRFLOW_CTX_EXECUTION_DATE='2024-09-15T01:30:26.762439+00:00' AIRFLOW_CTX_TRY_NUMBER='2' AIRFLOW_CTX_DAG_RUN_ID='manual__2024-09-15T01:30:26.762439+00:00'
[2024-09-15T14:37:28.317+0000] {subprocess.py:63} INFO - Tmp dir root location: /tmp
[2024-09-15T14:37:28.320+0000] {subprocess.py:75} INFO - Running command: ['/bin/bash', '-c', 'bash /opt/***/jobs/spark-submit.sh /opt/***/jobs/analyze_data.py ']
[2024-09-15T14:37:28.327+0000] {subprocess.py:86} INFO - Output:
[2024-09-15T14:37:28.343+0000] {subprocess.py:93} INFO - /opt/***/jobs/analyze_data.py
[2024-09-15T14:37:28.468+0000] {subprocess.py:93} INFO - /home/***/.local/lib/python3.11/site-packages/pyspark/bin/load-spark-env.sh: line 68: ps: command not found
[2024-09-15T14:37:30.849+0000] {subprocess.py:93} INFO - 24/09/15 14:37:30 WARN NativeCodeLoader: Unable to load native-hadoop library for your platform... using builtin-java classes where applicable
[2024-09-15T14:37:31.893+0000] {subprocess.py:93} INFO - 24/09/15 14:37:31 INFO SparkContext: Running Spark version 3.5.1
[2024-09-15T14:37:31.897+0000] {subprocess.py:93} INFO - 24/09/15 14:37:31 INFO SparkContext: OS info Linux, 6.6.32-linuxkit, aarch64
[2024-09-15T14:37:31.897+0000] {subprocess.py:93} INFO - 24/09/15 14:37:31 INFO SparkContext: Java version 11.0.23
[2024-09-15T14:37:31.925+0000] {subprocess.py:93} INFO - 24/09/15 14:37:31 INFO ResourceUtils: ==============================================================
[2024-09-15T14:37:31.926+0000] {subprocess.py:93} INFO - 24/09/15 14:37:31 INFO ResourceUtils: No custom resources configured for spark.driver.
[2024-09-15T14:37:31.926+0000] {subprocess.py:93} INFO - 24/09/15 14:37:31 INFO ResourceUtils: ==============================================================
[2024-09-15T14:37:31.926+0000] {subprocess.py:93} INFO - 24/09/15 14:37:31 INFO SparkContext: Submitted application: FinanceDataAnalysis
[2024-09-15T14:37:31.955+0000] {subprocess.py:93} INFO - 24/09/15 14:37:31 INFO ResourceProfile: Default ResourceProfile created, executor resources: Map(cores -> name: cores, amount: 1, script: , vendor: , memory -> name: memory, amount: 1024, script: , vendor: , offHeap -> name: offHeap, amount: 1024, script: , vendor: ), task resources: Map(cpus -> name: cpus, amount: 1.0)
[2024-09-15T14:37:31.964+0000] {subprocess.py:93} INFO - 24/09/15 14:37:31 INFO ResourceProfile: Limiting resource is cpus at 1 tasks per executor
[2024-09-15T14:37:31.965+0000] {subprocess.py:93} INFO - 24/09/15 14:37:31 INFO ResourceProfileManager: Added ResourceProfile id: 0
[2024-09-15T14:37:32.094+0000] {subprocess.py:93} INFO - 24/09/15 14:37:32 INFO SecurityManager: Changing view acls to: ***
[2024-09-15T14:37:32.095+0000] {subprocess.py:93} INFO - 24/09/15 14:37:32 INFO SecurityManager: Changing modify acls to: ***
[2024-09-15T14:37:32.095+0000] {subprocess.py:93} INFO - 24/09/15 14:37:32 INFO SecurityManager: Changing view acls groups to:
[2024-09-15T14:37:32.095+0000] {subprocess.py:93} INFO - 24/09/15 14:37:32 INFO SecurityManager: Changing modify acls groups to:
[2024-09-15T14:37:32.096+0000] {subprocess.py:93} INFO - 24/09/15 14:37:32 INFO SecurityManager: SecurityManager: authentication disabled; ui acls disabled; users with view permissions: ***; groups with view permissions: EMPTY; users with modify permissions: ***; groups with modify permissions: EMPTY
[2024-09-15T14:37:32.410+0000] {subprocess.py:93} INFO - 24/09/15 14:37:32 INFO Utils: Successfully started service 'sparkDriver' on port 41115.
[2024-09-15T14:37:32.433+0000] {subprocess.py:93} INFO - 24/09/15 14:37:32 INFO SparkEnv: Registering MapOutputTracker
[2024-09-15T14:37:32.460+0000] {subprocess.py:93} INFO - 24/09/15 14:37:32 INFO SparkEnv: Registering BlockManagerMaster
[2024-09-15T14:37:32.476+0000] {subprocess.py:93} INFO - 24/09/15 14:37:32 INFO BlockManagerMasterEndpoint: Using org.apache.spark.storage.DefaultTopologyMapper for getting topology information
[2024-09-15T14:37:32.476+0000] {subprocess.py:93} INFO - 24/09/15 14:37:32 INFO BlockManagerMasterEndpoint: BlockManagerMasterEndpoint up
[2024-09-15T14:37:32.479+0000] {subprocess.py:93} INFO - 24/09/15 14:37:32 INFO SparkEnv: Registering BlockManagerMasterHeartbeat
[2024-09-15T14:37:32.498+0000] {subprocess.py:93} INFO - 24/09/15 14:37:32 INFO DiskBlockManager: Created local directory at /tmp/blockmgr-f67f59f9-c270-489e-a927-56b4af13dfa8
[2024-09-15T14:37:32.508+0000] {subprocess.py:93} INFO - 24/09/15 14:37:32 INFO MemoryStore: MemoryStore started with capacity 1458.4 MiB
[2024-09-15T14:37:32.517+0000] {subprocess.py:93} INFO - 24/09/15 14:37:32 INFO SparkEnv: Registering OutputCommitCoordinator
[2024-09-15T14:37:32.632+0000] {subprocess.py:93} INFO - 24/09/15 14:37:32 INFO JettyUtils: Start Jetty 0.0.0.0:4040 for SparkUI
[2024-09-15T14:37:32.684+0000] {subprocess.py:93} INFO - 24/09/15 14:37:32 INFO Utils: Successfully started service 'SparkUI' on port 4040.
[2024-09-15T14:37:32.718+0000] {subprocess.py:93} INFO - 24/09/15 14:37:32 INFO SparkContext: Added JAR file:///opt/bitnami/spark/resources/elasticsearch-spark-30_2.12-8.4.3.jar at spark://595e69e30fc0:41115/jars/elasticsearch-spark-30_2.12-8.4.3.jar with timestamp 1726411051885
[2024-09-15T14:37:32.781+0000] {subprocess.py:93} INFO - 24/09/15 14:37:32 INFO StandaloneAppClient$ClientEndpoint: Connecting to master spark://spark-master:7077...
[2024-09-15T14:37:32.824+0000] {subprocess.py:93} INFO - 24/09/15 14:37:32 INFO TransportClientFactory: Successfully created connection to spark-master/172.18.0.3:7077 after 25 ms (0 ms spent in bootstraps)
[2024-09-15T14:37:33.067+0000] {subprocess.py:93} INFO - 24/09/15 14:37:33 INFO StandaloneSchedulerBackend: Connected to Spark cluster with app ID app-20240915143733-0005
[2024-09-15T14:37:33.075+0000] {subprocess.py:93} INFO - 24/09/15 14:37:33 INFO Utils: Successfully started service 'org.apache.spark.network.netty.NettyBlockTransferService' on port 38165.
[2024-09-15T14:37:33.079+0000] {subprocess.py:93} INFO - 24/09/15 14:37:33 INFO NettyBlockTransferService: Server created on 595e69e30fc0:38165
[2024-09-15T14:37:33.079+0000] {subprocess.py:93} INFO - 24/09/15 14:37:33 INFO BlockManager: Using org.apache.spark.storage.RandomBlockReplicationPolicy for block replication policy
[2024-09-15T14:37:33.082+0000] {subprocess.py:93} INFO - 24/09/15 14:37:33 INFO BlockManagerMaster: Registering BlockManager BlockManagerId(driver, 595e69e30fc0, 38165, None)
[2024-09-15T14:37:33.083+0000] {subprocess.py:93} INFO - 24/09/15 14:37:33 INFO StandaloneAppClient$ClientEndpoint: Executor added: app-20240915143733-0005/0 on worker-20240915011145-172.18.0.8-40123 (172.18.0.8:40123) with 1 core(s)
[2024-09-15T14:37:33.084+0000] {subprocess.py:93} INFO - 24/09/15 14:37:33 INFO StandaloneSchedulerBackend: Granted executor ID app-20240915143733-0005/0 on hostPort 172.18.0.8:40123 with 1 core(s), 1024.0 MiB RAM
[2024-09-15T14:37:33.085+0000] {subprocess.py:93} INFO - 24/09/15 14:37:33 INFO BlockManagerMasterEndpoint: Registering block manager 595e69e30fc0:38165 with 1458.4 MiB RAM, BlockManagerId(driver, 595e69e30fc0, 38165, None)
[2024-09-15T14:37:33.085+0000] {subprocess.py:93} INFO - 24/09/15 14:37:33 INFO StandaloneAppClient$ClientEndpoint: Executor added: app-20240915143733-0005/1 on worker-20240915011145-172.18.0.9-43093 (172.18.0.9:43093) with 1 core(s)
[2024-09-15T14:37:33.085+0000] {subprocess.py:93} INFO - 24/09/15 14:37:33 INFO StandaloneSchedulerBackend: Granted executor ID app-20240915143733-0005/1 on hostPort 172.18.0.9:43093 with 1 core(s), 1024.0 MiB RAM
[2024-09-15T14:37:33.087+0000] {subprocess.py:93} INFO - 24/09/15 14:37:33 INFO BlockManagerMaster: Registered BlockManager BlockManagerId(driver, 595e69e30fc0, 38165, None)
[2024-09-15T14:37:33.090+0000] {subprocess.py:93} INFO - 24/09/15 14:37:33 INFO BlockManager: Initialized BlockManager: BlockManagerId(driver, 595e69e30fc0, 38165, None)
[2024-09-15T14:37:33.351+0000] {subprocess.py:93} INFO - 24/09/15 14:37:33 INFO StandaloneSchedulerBackend: SchedulerBackend is ready for scheduling beginning after reached minRegisteredResourcesRatio: 0.0
[2024-09-15T14:37:33.633+0000] {subprocess.py:93} INFO - 24/09/15 14:37:33 INFO StandaloneAppClient$ClientEndpoint: Executor updated: app-20240915143733-0005/0 is now RUNNING
[2024-09-15T14:37:33.637+0000] {subprocess.py:93} INFO - 24/09/15 14:37:33 INFO StandaloneAppClient$ClientEndpoint: Executor updated: app-20240915143733-0005/1 is now RUNNING
[2024-09-15T14:37:33.641+0000] {subprocess.py:93} INFO - 24/09/15 14:37:33 INFO SharedState: Setting hive.metastore.warehouse.dir ('null') to the value of spark.sql.warehouse.dir.
[2024-09-15T14:37:33.641+0000] {subprocess.py:93} INFO - 24/09/15 14:37:33 INFO SharedState: Warehouse path is 'file:/tmp/***tmpnpcio97e/spark-warehouse'.
[2024-09-15T14:37:34.450+0000] {subprocess.py:93} INFO - 24/09/15 14:37:34 INFO Version: Elasticsearch Hadoop v8.4.3 [a7873eb469]
[2024-09-15T14:37:37.328+0000] {subprocess.py:93} INFO - 24/09/15 14:37:37 INFO FileOutputCommitter: File Output Committer Algorithm version is 1
[2024-09-15T14:37:37.329+0000] {subprocess.py:93} INFO - 24/09/15 14:37:37 INFO FileOutputCommitter: FileOutputCommitter skip cleanup _temporary folders under output directory:false, ignore cleanup failures: false
[2024-09-15T14:37:37.329+0000] {subprocess.py:93} INFO - 24/09/15 14:37:37 INFO SQLHadoopMapReduceCommitProtocol: Using output committer class org.apache.hadoop.mapreduce.lib.output.FileOutputCommitter
[2024-09-15T14:37:37.484+0000] {subprocess.py:93} INFO - 24/09/15 14:37:37 INFO StandaloneSchedulerBackend$StandaloneDriverEndpoint: Registered executor NettyRpcEndpointRef(spark-client://Executor) (172.18.0.8:38286) with ID 0,  ResourceProfileId 0
[2024-09-15T14:37:37.553+0000] {subprocess.py:93} INFO - 24/09/15 14:37:37 INFO StandaloneSchedulerBackend$StandaloneDriverEndpoint: Registered executor NettyRpcEndpointRef(spark-client://Executor) (172.18.0.9:48734) with ID 1,  ResourceProfileId 0
[2024-09-15T14:37:37.568+0000] {subprocess.py:93} INFO - 24/09/15 14:37:37 INFO BlockManagerMasterEndpoint: Registering block manager 172.18.0.8:41269 with 1458.4 MiB RAM, BlockManagerId(0, 172.18.0.8, 41269, None)
[2024-09-15T14:37:37.637+0000] {subprocess.py:93} INFO - 24/09/15 14:37:37 INFO BlockManagerMasterEndpoint: Registering block manager 172.18.0.9:39689 with 1458.4 MiB RAM, BlockManagerId(1, 172.18.0.9, 39689, None)
[2024-09-15T14:37:37.745+0000] {subprocess.py:93} INFO - 24/09/15 14:37:37 INFO CodeGenerator: Code generated in 288.061125 ms
[2024-09-15T14:37:37.833+0000] {subprocess.py:93} INFO - 24/09/15 14:37:37 INFO CodeGenerator: Code generated in 30.104875 ms
[2024-09-15T14:37:37.966+0000] {subprocess.py:93} INFO - 24/09/15 14:37:37 INFO ScalaEsRowRDD: Reading from [market_trends]
[2024-09-15T14:37:38.066+0000] {subprocess.py:93} INFO - 24/09/15 14:37:38 INFO SparkContext: Starting job: csv at NativeMethodAccessorImpl.java:0
[2024-09-15T14:37:38.137+0000] {subprocess.py:93} INFO - 24/09/15 14:37:38 INFO DAGScheduler: Got job 0 (csv at NativeMethodAccessorImpl.java:0) with 1 output partitions
[2024-09-15T14:37:38.140+0000] {subprocess.py:93} INFO - 24/09/15 14:37:38 INFO DAGScheduler: Final stage: ResultStage 0 (csv at NativeMethodAccessorImpl.java:0)
[2024-09-15T14:37:38.143+0000] {subprocess.py:93} INFO - 24/09/15 14:37:38 INFO DAGScheduler: Parents of final stage: List()
[2024-09-15T14:37:38.153+0000] {subprocess.py:93} INFO - 24/09/15 14:37:38 INFO DAGScheduler: Missing parents: List()
[2024-09-15T14:37:38.167+0000] {subprocess.py:93} INFO - 24/09/15 14:37:38 INFO DAGScheduler: Submitting ResultStage 0 (MapPartitionsRDD[5] at csv at NativeMethodAccessorImpl.java:0), which has no missing parents
[2024-09-15T14:37:38.408+0000] {subprocess.py:93} INFO - 24/09/15 14:37:38 INFO MemoryStore: Block broadcast_0 stored as values in memory (estimated size 237.3 KiB, free 1458.2 MiB)
[2024-09-15T14:37:38.494+0000] {subprocess.py:93} INFO - 24/09/15 14:37:38 INFO MemoryStore: Block broadcast_0_piece0 stored as bytes in memory (estimated size 86.7 KiB, free 1458.1 MiB)
[2024-09-15T14:37:38.506+0000] {subprocess.py:93} INFO - 24/09/15 14:37:38 INFO BlockManagerInfo: Added broadcast_0_piece0 in memory on 595e69e30fc0:38165 (size: 86.7 KiB, free: 1458.3 MiB)
[2024-09-15T14:37:38.511+0000] {subprocess.py:93} INFO - 24/09/15 14:37:38 INFO SparkContext: Created broadcast 0 from broadcast at DAGScheduler.scala:1585
[2024-09-15T14:37:38.526+0000] {subprocess.py:93} INFO - 24/09/15 14:37:38 INFO DAGScheduler: Submitting 1 missing tasks from ResultStage 0 (MapPartitionsRDD[5] at csv at NativeMethodAccessorImpl.java:0) (first 15 tasks are for partitions Vector(0))
[2024-09-15T14:37:38.527+0000] {subprocess.py:93} INFO - 24/09/15 14:37:38 INFO TaskSchedulerImpl: Adding task set 0.0 with 1 tasks resource profile 0
[2024-09-15T14:37:38.553+0000] {subprocess.py:93} INFO - 24/09/15 14:37:38 INFO TaskSetManager: Starting task 0.0 in stage 0.0 (TID 0) (172.18.0.8, executor 0, partition 0, ANY, 15633 bytes)
[2024-09-15T14:37:38.734+0000] {subprocess.py:93} INFO - 24/09/15 14:37:38 INFO BlockManagerInfo: Added broadcast_0_piece0 in memory on 172.18.0.8:41269 (size: 86.7 KiB, free: 1458.3 MiB)
[2024-09-15T14:37:40.450+0000] {subprocess.py:93} INFO - 24/09/15 14:37:40 INFO TaskSetManager: Finished task 0.0 in stage 0.0 (TID 0) in 1906 ms on 172.18.0.8 (executor 0) (1/1)
[2024-09-15T14:37:40.452+0000] {subprocess.py:93} INFO - 24/09/15 14:37:40 INFO TaskSchedulerImpl: Removed TaskSet 0.0, whose tasks have all completed, from pool
[2024-09-15T14:37:40.455+0000] {subprocess.py:93} INFO - 24/09/15 14:37:40 INFO DAGScheduler: ResultStage 0 (csv at NativeMethodAccessorImpl.java:0) finished in 2.257 s
[2024-09-15T14:37:40.457+0000] {subprocess.py:93} INFO - 24/09/15 14:37:40 INFO DAGScheduler: Job 0 is finished. Cancelling potential speculative or zombie tasks for this job
[2024-09-15T14:37:40.458+0000] {subprocess.py:93} INFO - 24/09/15 14:37:40 INFO TaskSchedulerImpl: Killing all running tasks in stage 0: Stage finished
[2024-09-15T14:37:40.459+0000] {subprocess.py:93} INFO - 24/09/15 14:37:40 INFO DAGScheduler: Job 0 finished: csv at NativeMethodAccessorImpl.java:0, took 2.392574 s
[2024-09-15T14:37:40.466+0000] {subprocess.py:93} INFO - 24/09/15 14:37:40 INFO FileFormatWriter: Start to commit write Job bbe98248-629d-4fde-aa6c-79b391472a68.
[2024-09-15T14:37:40.512+0000] {subprocess.py:93} INFO - 24/09/15 14:37:40 INFO FileFormatWriter: Write Job bbe98248-629d-4fde-aa6c-79b391472a68 committed. Elapsed time: 45 ms.
[2024-09-15T14:37:40.515+0000] {subprocess.py:93} INFO - 24/09/15 14:37:40 INFO FileFormatWriter: Finished processing stats for write job bbe98248-629d-4fde-aa6c-79b391472a68.
[2024-09-15T14:37:40.580+0000] {subprocess.py:93} INFO - 24/09/15 14:37:40 INFO FileOutputCommitter: File Output Committer Algorithm version is 1
[2024-09-15T14:37:40.580+0000] {subprocess.py:93} INFO - 24/09/15 14:37:40 INFO FileOutputCommitter: FileOutputCommitter skip cleanup _temporary folders under output directory:false, ignore cleanup failures: false
[2024-09-15T14:37:40.581+0000] {subprocess.py:93} INFO - 24/09/15 14:37:40 INFO SQLHadoopMapReduceCommitProtocol: Using output committer class org.apache.hadoop.mapreduce.lib.output.FileOutputCommitter
[2024-09-15T14:37:40.618+0000] {subprocess.py:93} INFO - 24/09/15 14:37:40 INFO CodeGenerator: Code generated in 10.051708 ms
[2024-09-15T14:37:40.645+0000] {subprocess.py:93} INFO - 24/09/15 14:37:40 INFO ScalaEsRowRDD: Reading from [market_trends]
[2024-09-15T14:37:40.668+0000] {subprocess.py:93} INFO - 24/09/15 14:37:40 INFO SparkContext: Starting job: csv at NativeMethodAccessorImpl.java:0
[2024-09-15T14:37:40.669+0000] {subprocess.py:93} INFO - 24/09/15 14:37:40 INFO DAGScheduler: Got job 1 (csv at NativeMethodAccessorImpl.java:0) with 1 output partitions
[2024-09-15T14:37:40.669+0000] {subprocess.py:93} INFO - 24/09/15 14:37:40 INFO DAGScheduler: Final stage: ResultStage 1 (csv at NativeMethodAccessorImpl.java:0)
[2024-09-15T14:37:40.670+0000] {subprocess.py:93} INFO - 24/09/15 14:37:40 INFO DAGScheduler: Parents of final stage: List()
[2024-09-15T14:37:40.671+0000] {subprocess.py:93} INFO - 24/09/15 14:37:40 INFO DAGScheduler: Missing parents: List()
[2024-09-15T14:37:40.673+0000] {subprocess.py:93} INFO - 24/09/15 14:37:40 INFO DAGScheduler: Submitting ResultStage 1 (MapPartitionsRDD[11] at csv at NativeMethodAccessorImpl.java:0), which has no missing parents
[2024-09-15T14:37:40.695+0000] {subprocess.py:93} INFO - 24/09/15 14:37:40 INFO BlockManagerInfo: Removed broadcast_0_piece0 on 595e69e30fc0:38165 in memory (size: 86.7 KiB, free: 1458.4 MiB)
[2024-09-15T14:37:40.697+0000] {subprocess.py:93} INFO - 24/09/15 14:37:40 INFO MemoryStore: Block broadcast_1 stored as values in memory (estimated size 237.3 KiB, free 1457.9 MiB)
[2024-09-15T14:37:40.699+0000] {subprocess.py:93} INFO - 24/09/15 14:37:40 INFO MemoryStore: Block broadcast_1_piece0 stored as bytes in memory (estimated size 86.7 KiB, free 1458.1 MiB)
[2024-09-15T14:37:40.699+0000] {subprocess.py:93} INFO - 24/09/15 14:37:40 INFO BlockManagerInfo: Added broadcast_1_piece0 in memory on 595e69e30fc0:38165 (size: 86.7 KiB, free: 1458.3 MiB)
[2024-09-15T14:37:40.701+0000] {subprocess.py:93} INFO - 24/09/15 14:37:40 INFO SparkContext: Created broadcast 1 from broadcast at DAGScheduler.scala:1585
[2024-09-15T14:37:40.702+0000] {subprocess.py:93} INFO - 24/09/15 14:37:40 INFO DAGScheduler: Submitting 1 missing tasks from ResultStage 1 (MapPartitionsRDD[11] at csv at NativeMethodAccessorImpl.java:0) (first 15 tasks are for partitions Vector(0))
[2024-09-15T14:37:40.703+0000] {subprocess.py:93} INFO - 24/09/15 14:37:40 INFO TaskSchedulerImpl: Adding task set 1.0 with 1 tasks resource profile 0
[2024-09-15T14:37:40.703+0000] {subprocess.py:93} INFO - 24/09/15 14:37:40 INFO BlockManagerInfo: Removed broadcast_0_piece0 on 172.18.0.8:41269 in memory (size: 86.7 KiB, free: 1458.4 MiB)
[2024-09-15T14:37:40.704+0000] {subprocess.py:93} INFO - 24/09/15 14:37:40 INFO TaskSetManager: Starting task 0.0 in stage 1.0 (TID 1) (172.18.0.9, executor 1, partition 0, ANY, 15633 bytes)
[2024-09-15T14:37:40.846+0000] {subprocess.py:93} INFO - 24/09/15 14:37:40 INFO BlockManagerInfo: Added broadcast_1_piece0 in memory on 172.18.0.9:39689 (size: 86.7 KiB, free: 1458.3 MiB)
[2024-09-15T14:37:42.546+0000] {subprocess.py:93} INFO - 24/09/15 14:37:42 INFO TaskSetManager: Finished task 0.0 in stage 1.0 (TID 1) in 1836 ms on 172.18.0.9 (executor 1) (1/1)
[2024-09-15T14:37:42.549+0000] {subprocess.py:93} INFO - 24/09/15 14:37:42 INFO TaskSchedulerImpl: Removed TaskSet 1.0, whose tasks have all completed, from pool
[2024-09-15T14:37:42.551+0000] {subprocess.py:93} INFO - 24/09/15 14:37:42 INFO DAGScheduler: ResultStage 1 (csv at NativeMethodAccessorImpl.java:0) finished in 1.874 s
[2024-09-15T14:37:42.551+0000] {subprocess.py:93} INFO - 24/09/15 14:37:42 INFO DAGScheduler: Job 1 is finished. Cancelling potential speculative or zombie tasks for this job
[2024-09-15T14:37:42.552+0000] {subprocess.py:93} INFO - 24/09/15 14:37:42 INFO TaskSchedulerImpl: Killing all running tasks in stage 1: Stage finished
[2024-09-15T14:37:42.552+0000] {subprocess.py:93} INFO - 24/09/15 14:37:42 INFO DAGScheduler: Job 1 finished: csv at NativeMethodAccessorImpl.java:0, took 1.881148 s
[2024-09-15T14:37:42.552+0000] {subprocess.py:93} INFO - 24/09/15 14:37:42 INFO FileFormatWriter: Start to commit write Job 5ef492eb-d951-49b0-9e97-0f7a671ec40d.
[2024-09-15T14:37:42.572+0000] {subprocess.py:93} INFO - 24/09/15 14:37:42 INFO FileFormatWriter: Write Job 5ef492eb-d951-49b0-9e97-0f7a671ec40d committed. Elapsed time: 21 ms.
[2024-09-15T14:37:42.573+0000] {subprocess.py:93} INFO - 24/09/15 14:37:42 INFO FileFormatWriter: Finished processing stats for write job 5ef492eb-d951-49b0-9e97-0f7a671ec40d.
[2024-09-15T14:37:43.125+0000] {subprocess.py:93} INFO - 24/09/15 14:37:43 INFO CodeGenerator: Code generated in 69.792667 ms
[2024-09-15T14:37:43.235+0000] {subprocess.py:93} INFO - 24/09/15 14:37:43 INFO ScalaEsRowRDD: Reading from [stock_time_series]
[2024-09-15T14:37:43.282+0000] {subprocess.py:93} INFO - 24/09/15 14:37:43 INFO DAGScheduler: Registering RDD 15 (csv at NativeMethodAccessorImpl.java:0) as input to shuffle 0
[2024-09-15T14:37:43.293+0000] {subprocess.py:93} INFO - 24/09/15 14:37:43 INFO DAGScheduler: Got map stage job 2 (csv at NativeMethodAccessorImpl.java:0) with 1 output partitions
[2024-09-15T14:37:43.294+0000] {subprocess.py:93} INFO - 24/09/15 14:37:43 INFO DAGScheduler: Final stage: ShuffleMapStage 2 (csv at NativeMethodAccessorImpl.java:0)
[2024-09-15T14:37:43.294+0000] {subprocess.py:93} INFO - 24/09/15 14:37:43 INFO DAGScheduler: Parents of final stage: List()
[2024-09-15T14:37:43.294+0000] {subprocess.py:93} INFO - 24/09/15 14:37:43 INFO DAGScheduler: Missing parents: List()
[2024-09-15T14:37:43.295+0000] {subprocess.py:93} INFO - 24/09/15 14:37:43 INFO DAGScheduler: Submitting ShuffleMapStage 2 (MapPartitionsRDD[15] at csv at NativeMethodAccessorImpl.java:0), which has no missing parents
[2024-09-15T14:37:43.308+0000] {subprocess.py:93} INFO - 24/09/15 14:37:43 INFO MemoryStore: Block broadcast_2 stored as values in memory (estimated size 56.7 KiB, free 1458.0 MiB)
[2024-09-15T14:37:43.356+0000] {subprocess.py:93} INFO - 24/09/15 14:37:43 INFO MemoryStore: Block broadcast_2_piece0 stored as bytes in memory (estimated size 23.9 KiB, free 1458.0 MiB)
[2024-09-15T14:37:43.357+0000] {subprocess.py:93} INFO - 24/09/15 14:37:43 INFO BlockManagerInfo: Added broadcast_2_piece0 in memory on 595e69e30fc0:38165 (size: 23.9 KiB, free: 1458.3 MiB)
[2024-09-15T14:37:43.357+0000] {subprocess.py:93} INFO - 24/09/15 14:37:43 INFO SparkContext: Created broadcast 2 from broadcast at DAGScheduler.scala:1585
[2024-09-15T14:37:43.358+0000] {subprocess.py:93} INFO - 24/09/15 14:37:43 INFO DAGScheduler: Submitting 1 missing tasks from ShuffleMapStage 2 (MapPartitionsRDD[15] at csv at NativeMethodAccessorImpl.java:0) (first 15 tasks are for partitions Vector(0))
[2024-09-15T14:37:43.358+0000] {subprocess.py:93} INFO - 24/09/15 14:37:43 INFO TaskSchedulerImpl: Adding task set 2.0 with 1 tasks resource profile 0
[2024-09-15T14:37:43.363+0000] {subprocess.py:93} INFO - 24/09/15 14:37:43 INFO TaskSetManager: Starting task 0.0 in stage 2.0 (TID 2) (172.18.0.8, executor 0, partition 0, ANY, 15330 bytes)
[2024-09-15T14:37:43.443+0000] {subprocess.py:93} INFO - 24/09/15 14:37:43 INFO BlockManagerInfo: Added broadcast_2_piece0 in memory on 172.18.0.8:41269 (size: 23.9 KiB, free: 1458.4 MiB)
[2024-09-15T14:37:43.836+0000] {subprocess.py:93} INFO - 24/09/15 14:37:43 INFO TaskSetManager: Finished task 0.0 in stage 2.0 (TID 2) in 476 ms on 172.18.0.8 (executor 0) (1/1)
[2024-09-15T14:37:43.836+0000] {subprocess.py:93} INFO - 24/09/15 14:37:43 INFO TaskSchedulerImpl: Removed TaskSet 2.0, whose tasks have all completed, from pool
[2024-09-15T14:37:43.837+0000] {subprocess.py:93} INFO - 24/09/15 14:37:43 INFO DAGScheduler: ShuffleMapStage 2 (csv at NativeMethodAccessorImpl.java:0) finished in 0.540 s
[2024-09-15T14:37:43.838+0000] {subprocess.py:93} INFO - 24/09/15 14:37:43 INFO DAGScheduler: looking for newly runnable stages
[2024-09-15T14:37:43.838+0000] {subprocess.py:93} INFO - 24/09/15 14:37:43 INFO DAGScheduler: running: Set()
[2024-09-15T14:37:43.838+0000] {subprocess.py:93} INFO - 24/09/15 14:37:43 INFO DAGScheduler: waiting: Set()
[2024-09-15T14:37:43.838+0000] {subprocess.py:93} INFO - 24/09/15 14:37:43 INFO DAGScheduler: failed: Set()
[2024-09-15T14:37:43.853+0000] {subprocess.py:93} INFO - 24/09/15 14:37:43 INFO ShufflePartitionsUtil: For shuffle(0), advisory target size: 67108864, actual target size 1048576, minimum partition size: 1048576
[2024-09-15T14:37:43.866+0000] {subprocess.py:93} INFO - 24/09/15 14:37:43 INFO FileOutputCommitter: File Output Committer Algorithm version is 1
[2024-09-15T14:37:43.866+0000] {subprocess.py:93} INFO - 24/09/15 14:37:43 INFO FileOutputCommitter: FileOutputCommitter skip cleanup _temporary folders under output directory:false, ignore cleanup failures: false
[2024-09-15T14:37:43.866+0000] {subprocess.py:93} INFO - 24/09/15 14:37:43 INFO SQLHadoopMapReduceCommitProtocol: Using output committer class org.apache.hadoop.mapreduce.lib.output.FileOutputCommitter
[2024-09-15T14:37:43.898+0000] {subprocess.py:93} INFO - 24/09/15 14:37:43 INFO HashAggregateExec: spark.sql.codegen.aggregate.map.twolevel.enabled is set to true, but current version of codegened fast hashmap does not support this aggregate.
[2024-09-15T14:37:43.936+0000] {subprocess.py:93} INFO - 24/09/15 14:37:43 INFO CodeGenerator: Code generated in 23.189167 ms
[2024-09-15T14:37:43.960+0000] {subprocess.py:93} INFO - 24/09/15 14:37:43 INFO SparkContext: Starting job: csv at NativeMethodAccessorImpl.java:0
[2024-09-15T14:37:43.961+0000] {subprocess.py:93} INFO - 24/09/15 14:37:43 INFO DAGScheduler: Got job 3 (csv at NativeMethodAccessorImpl.java:0) with 1 output partitions
[2024-09-15T14:37:43.962+0000] {subprocess.py:93} INFO - 24/09/15 14:37:43 INFO DAGScheduler: Final stage: ResultStage 4 (csv at NativeMethodAccessorImpl.java:0)
[2024-09-15T14:37:43.962+0000] {subprocess.py:93} INFO - 24/09/15 14:37:43 INFO DAGScheduler: Parents of final stage: List(ShuffleMapStage 3)
[2024-09-15T14:37:43.962+0000] {subprocess.py:93} INFO - 24/09/15 14:37:43 INFO DAGScheduler: Missing parents: List()
[2024-09-15T14:37:43.963+0000] {subprocess.py:93} INFO - 24/09/15 14:37:43 INFO DAGScheduler: Submitting ResultStage 4 (MapPartitionsRDD[19] at csv at NativeMethodAccessorImpl.java:0), which has no missing parents
[2024-09-15T14:37:43.975+0000] {subprocess.py:93} INFO - 24/09/15 14:37:43 INFO MemoryStore: Block broadcast_3 stored as values in memory (estimated size 264.4 KiB, free 1457.7 MiB)
[2024-09-15T14:37:43.977+0000] {subprocess.py:93} INFO - 24/09/15 14:37:43 INFO MemoryStore: Block broadcast_3_piece0 stored as bytes in memory (estimated size 97.3 KiB, free 1457.7 MiB)
[2024-09-15T14:37:43.978+0000] {subprocess.py:93} INFO - 24/09/15 14:37:43 INFO BlockManagerInfo: Added broadcast_3_piece0 in memory on 595e69e30fc0:38165 (size: 97.3 KiB, free: 1458.2 MiB)
[2024-09-15T14:37:43.978+0000] {subprocess.py:93} INFO - 24/09/15 14:37:43 INFO SparkContext: Created broadcast 3 from broadcast at DAGScheduler.scala:1585
[2024-09-15T14:37:43.979+0000] {subprocess.py:93} INFO - 24/09/15 14:37:43 INFO DAGScheduler: Submitting 1 missing tasks from ResultStage 4 (MapPartitionsRDD[19] at csv at NativeMethodAccessorImpl.java:0) (first 15 tasks are for partitions Vector(0))
[2024-09-15T14:37:43.979+0000] {subprocess.py:93} INFO - 24/09/15 14:37:43 INFO TaskSchedulerImpl: Adding task set 4.0 with 1 tasks resource profile 0
[2024-09-15T14:37:43.981+0000] {subprocess.py:93} INFO - 24/09/15 14:37:43 INFO TaskSetManager: Starting task 0.0 in stage 4.0 (TID 3) (172.18.0.8, executor 0, partition 0, NODE_LOCAL, 8091 bytes)
[2024-09-15T14:37:43.995+0000] {subprocess.py:93} INFO - 24/09/15 14:37:43 INFO BlockManagerInfo: Added broadcast_3_piece0 in memory on 172.18.0.8:41269 (size: 97.3 KiB, free: 1458.3 MiB)
[2024-09-15T14:37:44.056+0000] {subprocess.py:93} INFO - 24/09/15 14:37:44 INFO MapOutputTrackerMasterEndpoint: Asked to send map output locations for shuffle 0 to 172.18.0.8:38286
[2024-09-15T14:37:44.148+0000] {subprocess.py:93} INFO - 24/09/15 14:37:44 INFO TaskSetManager: Finished task 0.0 in stage 4.0 (TID 3) in 167 ms on 172.18.0.8 (executor 0) (1/1)
[2024-09-15T14:37:44.149+0000] {subprocess.py:93} INFO - 24/09/15 14:37:44 INFO TaskSchedulerImpl: Removed TaskSet 4.0, whose tasks have all completed, from pool
[2024-09-15T14:37:44.151+0000] {subprocess.py:93} INFO - 24/09/15 14:37:44 INFO DAGScheduler: ResultStage 4 (csv at NativeMethodAccessorImpl.java:0) finished in 0.187 s
[2024-09-15T14:37:44.154+0000] {subprocess.py:93} INFO - 24/09/15 14:37:44 INFO DAGScheduler: Job 3 is finished. Cancelling potential speculative or zombie tasks for this job
[2024-09-15T14:37:44.155+0000] {subprocess.py:93} INFO - 24/09/15 14:37:44 INFO TaskSchedulerImpl: Killing all running tasks in stage 4: Stage finished
[2024-09-15T14:37:44.155+0000] {subprocess.py:93} INFO - 24/09/15 14:37:44 INFO DAGScheduler: Job 3 finished: csv at NativeMethodAccessorImpl.java:0, took 0.191039 s
[2024-09-15T14:37:44.156+0000] {subprocess.py:93} INFO - 24/09/15 14:37:44 INFO FileFormatWriter: Start to commit write Job a75a969a-2749-433c-bfad-467091b11449.
[2024-09-15T14:37:44.176+0000] {subprocess.py:93} INFO - 24/09/15 14:37:44 INFO FileFormatWriter: Write Job a75a969a-2749-433c-bfad-467091b11449 committed. Elapsed time: 23 ms.
[2024-09-15T14:37:44.176+0000] {subprocess.py:93} INFO - 24/09/15 14:37:44 INFO FileFormatWriter: Finished processing stats for write job a75a969a-2749-433c-bfad-467091b11449.
[2024-09-15T14:37:44.258+0000] {subprocess.py:93} INFO - 24/09/15 14:37:44 INFO CodeGenerator: Code generated in 29.731 ms
[2024-09-15T14:37:44.290+0000] {subprocess.py:93} INFO - 24/09/15 14:37:44 INFO ScalaEsRowRDD: Reading from [stock_time_series]
[2024-09-15T14:37:44.297+0000] {subprocess.py:93} INFO - 24/09/15 14:37:44 INFO DAGScheduler: Registering RDD 23 (csv at NativeMethodAccessorImpl.java:0) as input to shuffle 1
[2024-09-15T14:37:44.298+0000] {subprocess.py:93} INFO - 24/09/15 14:37:44 INFO DAGScheduler: Got map stage job 4 (csv at NativeMethodAccessorImpl.java:0) with 1 output partitions
[2024-09-15T14:37:44.298+0000] {subprocess.py:93} INFO - 24/09/15 14:37:44 INFO DAGScheduler: Final stage: ShuffleMapStage 5 (csv at NativeMethodAccessorImpl.java:0)
[2024-09-15T14:37:44.299+0000] {subprocess.py:93} INFO - 24/09/15 14:37:44 INFO DAGScheduler: Parents of final stage: List()
[2024-09-15T14:37:44.299+0000] {subprocess.py:93} INFO - 24/09/15 14:37:44 INFO DAGScheduler: Missing parents: List()
[2024-09-15T14:37:44.300+0000] {subprocess.py:93} INFO - 24/09/15 14:37:44 INFO DAGScheduler: Submitting ShuffleMapStage 5 (MapPartitionsRDD[23] at csv at NativeMethodAccessorImpl.java:0), which has no missing parents
[2024-09-15T14:37:44.303+0000] {subprocess.py:93} INFO - 24/09/15 14:37:44 INFO MemoryStore: Block broadcast_4 stored as values in memory (estimated size 53.7 KiB, free 1457.6 MiB)
[2024-09-15T14:37:44.324+0000] {subprocess.py:93} INFO - 24/09/15 14:37:44 INFO MemoryStore: Block broadcast_4_piece0 stored as bytes in memory (estimated size 23.1 KiB, free 1457.6 MiB)
[2024-09-15T14:37:44.324+0000] {subprocess.py:93} INFO - 24/09/15 14:37:44 INFO BlockManagerInfo: Added broadcast_4_piece0 in memory on 595e69e30fc0:38165 (size: 23.1 KiB, free: 1458.2 MiB)
[2024-09-15T14:37:44.325+0000] {subprocess.py:93} INFO - 24/09/15 14:37:44 INFO SparkContext: Created broadcast 4 from broadcast at DAGScheduler.scala:1585
[2024-09-15T14:37:44.325+0000] {subprocess.py:93} INFO - 24/09/15 14:37:44 INFO DAGScheduler: Submitting 1 missing tasks from ShuffleMapStage 5 (MapPartitionsRDD[23] at csv at NativeMethodAccessorImpl.java:0) (first 15 tasks are for partitions Vector(0))
[2024-09-15T14:37:44.325+0000] {subprocess.py:93} INFO - 24/09/15 14:37:44 INFO TaskSchedulerImpl: Adding task set 5.0 with 1 tasks resource profile 0
[2024-09-15T14:37:44.327+0000] {subprocess.py:93} INFO - 24/09/15 14:37:44 INFO TaskSetManager: Starting task 0.0 in stage 5.0 (TID 4) (172.18.0.8, executor 0, partition 0, ANY, 15302 bytes)
[2024-09-15T14:37:44.335+0000] {subprocess.py:93} INFO - 24/09/15 14:37:44 INFO BlockManagerInfo: Added broadcast_4_piece0 in memory on 172.18.0.8:41269 (size: 23.1 KiB, free: 1458.3 MiB)
[2024-09-15T14:37:44.452+0000] {subprocess.py:93} INFO - 24/09/15 14:37:44 INFO TaskSetManager: Finished task 0.0 in stage 5.0 (TID 4) in 126 ms on 172.18.0.8 (executor 0) (1/1)
[2024-09-15T14:37:44.455+0000] {subprocess.py:93} INFO - 24/09/15 14:37:44 INFO TaskSchedulerImpl: Removed TaskSet 5.0, whose tasks have all completed, from pool
[2024-09-15T14:37:44.455+0000] {subprocess.py:93} INFO - 24/09/15 14:37:44 INFO DAGScheduler: ShuffleMapStage 5 (csv at NativeMethodAccessorImpl.java:0) finished in 0.153 s
[2024-09-15T14:37:44.456+0000] {subprocess.py:93} INFO - 24/09/15 14:37:44 INFO DAGScheduler: looking for newly runnable stages
[2024-09-15T14:37:44.456+0000] {subprocess.py:93} INFO - 24/09/15 14:37:44 INFO DAGScheduler: running: Set()
[2024-09-15T14:37:44.456+0000] {subprocess.py:93} INFO - 24/09/15 14:37:44 INFO DAGScheduler: waiting: Set()
[2024-09-15T14:37:44.457+0000] {subprocess.py:93} INFO - 24/09/15 14:37:44 INFO DAGScheduler: failed: Set()
[2024-09-15T14:37:44.460+0000] {subprocess.py:93} INFO - 24/09/15 14:37:44 INFO ShufflePartitionsUtil: For shuffle(1), advisory target size: 67108864, actual target size 1048576, minimum partition size: 1048576
[2024-09-15T14:37:44.471+0000] {subprocess.py:93} INFO - 24/09/15 14:37:44 INFO FileOutputCommitter: File Output Committer Algorithm version is 1
[2024-09-15T14:37:44.471+0000] {subprocess.py:93} INFO - 24/09/15 14:37:44 INFO FileOutputCommitter: FileOutputCommitter skip cleanup _temporary folders under output directory:false, ignore cleanup failures: false
[2024-09-15T14:37:44.472+0000] {subprocess.py:93} INFO - 24/09/15 14:37:44 INFO SQLHadoopMapReduceCommitProtocol: Using output committer class org.apache.hadoop.mapreduce.lib.output.FileOutputCommitter
[2024-09-15T14:37:44.490+0000] {subprocess.py:93} INFO - 24/09/15 14:37:44 INFO HashAggregateExec: spark.sql.codegen.aggregate.map.twolevel.enabled is set to true, but current version of codegened fast hashmap does not support this aggregate.
[2024-09-15T14:37:44.505+0000] {subprocess.py:93} INFO - 24/09/15 14:37:44 INFO SparkContext: Starting job: csv at NativeMethodAccessorImpl.java:0
[2024-09-15T14:37:44.506+0000] {subprocess.py:93} INFO - 24/09/15 14:37:44 INFO DAGScheduler: Got job 5 (csv at NativeMethodAccessorImpl.java:0) with 1 output partitions
[2024-09-15T14:37:44.507+0000] {subprocess.py:93} INFO - 24/09/15 14:37:44 INFO DAGScheduler: Final stage: ResultStage 7 (csv at NativeMethodAccessorImpl.java:0)
[2024-09-15T14:37:44.507+0000] {subprocess.py:93} INFO - 24/09/15 14:37:44 INFO DAGScheduler: Parents of final stage: List(ShuffleMapStage 6)
[2024-09-15T14:37:44.507+0000] {subprocess.py:93} INFO - 24/09/15 14:37:44 INFO DAGScheduler: Missing parents: List()
[2024-09-15T14:37:44.509+0000] {subprocess.py:93} INFO - 24/09/15 14:37:44 INFO DAGScheduler: Submitting ResultStage 7 (MapPartitionsRDD[27] at csv at NativeMethodAccessorImpl.java:0), which has no missing parents
[2024-09-15T14:37:44.534+0000] {subprocess.py:93} INFO - 24/09/15 14:37:44 INFO MemoryStore: Block broadcast_5 stored as values in memory (estimated size 261.8 KiB, free 1457.3 MiB)
[2024-09-15T14:37:44.557+0000] {subprocess.py:93} INFO - 24/09/15 14:37:44 INFO MemoryStore: Block broadcast_5_piece0 stored as bytes in memory (estimated size 96.9 KiB, free 1457.2 MiB)
[2024-09-15T14:37:44.558+0000] {subprocess.py:93} INFO - 24/09/15 14:37:44 INFO BlockManagerInfo: Added broadcast_5_piece0 in memory on 595e69e30fc0:38165 (size: 96.9 KiB, free: 1458.1 MiB)
[2024-09-15T14:37:44.558+0000] {subprocess.py:93} INFO - 24/09/15 14:37:44 INFO SparkContext: Created broadcast 5 from broadcast at DAGScheduler.scala:1585
[2024-09-15T14:37:44.559+0000] {subprocess.py:93} INFO - 24/09/15 14:37:44 INFO DAGScheduler: Submitting 1 missing tasks from ResultStage 7 (MapPartitionsRDD[27] at csv at NativeMethodAccessorImpl.java:0) (first 15 tasks are for partitions Vector(0))
[2024-09-15T14:37:44.559+0000] {subprocess.py:93} INFO - 24/09/15 14:37:44 INFO TaskSchedulerImpl: Adding task set 7.0 with 1 tasks resource profile 0
[2024-09-15T14:37:44.560+0000] {subprocess.py:93} INFO - 24/09/15 14:37:44 INFO TaskSetManager: Starting task 0.0 in stage 7.0 (TID 5) (172.18.0.8, executor 0, partition 0, NODE_LOCAL, 8091 bytes)
[2024-09-15T14:37:44.572+0000] {subprocess.py:93} INFO - 24/09/15 14:37:44 INFO BlockManagerInfo: Added broadcast_5_piece0 in memory on 172.18.0.8:41269 (size: 96.9 KiB, free: 1458.2 MiB)
[2024-09-15T14:37:44.623+0000] {subprocess.py:93} INFO - 24/09/15 14:37:44 INFO MapOutputTrackerMasterEndpoint: Asked to send map output locations for shuffle 1 to 172.18.0.8:38286
[2024-09-15T14:37:44.644+0000] {subprocess.py:93} INFO - 24/09/15 14:37:44 INFO TaskSetManager: Finished task 0.0 in stage 7.0 (TID 5) in 83 ms on 172.18.0.8 (executor 0) (1/1)
[2024-09-15T14:37:44.645+0000] {subprocess.py:93} INFO - 24/09/15 14:37:44 INFO TaskSchedulerImpl: Removed TaskSet 7.0, whose tasks have all completed, from pool
[2024-09-15T14:37:44.647+0000] {subprocess.py:93} INFO - 24/09/15 14:37:44 INFO DAGScheduler: ResultStage 7 (csv at NativeMethodAccessorImpl.java:0) finished in 0.137 s
[2024-09-15T14:37:44.648+0000] {subprocess.py:93} INFO - 24/09/15 14:37:44 INFO DAGScheduler: Job 5 is finished. Cancelling potential speculative or zombie tasks for this job
[2024-09-15T14:37:44.649+0000] {subprocess.py:93} INFO - 24/09/15 14:37:44 INFO TaskSchedulerImpl: Killing all running tasks in stage 7: Stage finished
[2024-09-15T14:37:44.650+0000] {subprocess.py:93} INFO - 24/09/15 14:37:44 INFO DAGScheduler: Job 5 finished: csv at NativeMethodAccessorImpl.java:0, took 0.141878 s
[2024-09-15T14:37:44.650+0000] {subprocess.py:93} INFO - 24/09/15 14:37:44 INFO FileFormatWriter: Start to commit write Job 69953734-8449-4c1e-8312-02c14f3cdf3f.
[2024-09-15T14:37:44.668+0000] {subprocess.py:93} INFO - 24/09/15 14:37:44 INFO FileFormatWriter: Write Job 69953734-8449-4c1e-8312-02c14f3cdf3f committed. Elapsed time: 18 ms.
[2024-09-15T14:37:44.669+0000] {subprocess.py:93} INFO - 24/09/15 14:37:44 INFO FileFormatWriter: Finished processing stats for write job 69953734-8449-4c1e-8312-02c14f3cdf3f.
[2024-09-15T14:37:44.731+0000] {subprocess.py:93} INFO - 24/09/15 14:37:44 INFO SparkContext: Invoking stop() from shutdown hook
[2024-09-15T14:37:44.732+0000] {subprocess.py:93} INFO - 24/09/15 14:37:44 INFO SparkContext: SparkContext is stopping with exitCode 0.
[2024-09-15T14:37:44.739+0000] {subprocess.py:93} INFO - 24/09/15 14:37:44 INFO SparkUI: Stopped Spark web UI at http://595e69e30fc0:4040
[2024-09-15T14:37:44.742+0000] {subprocess.py:93} INFO - 24/09/15 14:37:44 INFO StandaloneSchedulerBackend: Shutting down all executors
[2024-09-15T14:37:44.742+0000] {subprocess.py:93} INFO - 24/09/15 14:37:44 INFO StandaloneSchedulerBackend$StandaloneDriverEndpoint: Asking each executor to shut down
[2024-09-15T14:37:44.771+0000] {subprocess.py:93} INFO - 24/09/15 14:37:44 INFO MapOutputTrackerMasterEndpoint: MapOutputTrackerMasterEndpoint stopped!
[2024-09-15T14:37:44.836+0000] {subprocess.py:93} INFO - 24/09/15 14:37:44 INFO MemoryStore: MemoryStore cleared
[2024-09-15T14:37:44.836+0000] {subprocess.py:93} INFO - 24/09/15 14:37:44 INFO BlockManager: BlockManager stopped
[2024-09-15T14:37:44.841+0000] {subprocess.py:93} INFO - 24/09/15 14:37:44 INFO BlockManagerMaster: BlockManagerMaster stopped
[2024-09-15T14:37:44.847+0000] {subprocess.py:93} INFO - 24/09/15 14:37:44 INFO OutputCommitCoordinator$OutputCommitCoordinatorEndpoint: OutputCommitCoordinator stopped!
[2024-09-15T14:37:44.865+0000] {subprocess.py:93} INFO - 24/09/15 14:37:44 INFO SparkContext: Successfully stopped SparkContext
[2024-09-15T14:37:44.866+0000] {subprocess.py:93} INFO - 24/09/15 14:37:44 INFO ShutdownHookManager: Shutdown hook called
[2024-09-15T14:37:44.866+0000] {subprocess.py:93} INFO - 24/09/15 14:37:44 INFO ShutdownHookManager: Deleting directory /tmp/spark-bcdd6f82-1394-4ee3-9296-52278c36b877
[2024-09-15T14:37:44.876+0000] {subprocess.py:93} INFO - 24/09/15 14:37:44 INFO ShutdownHookManager: Deleting directory /tmp/spark-bcdd6f82-1394-4ee3-9296-52278c36b877/pyspark-76406c69-fe47-43eb-9dd0-455fcdabb8e2
[2024-09-15T14:37:44.889+0000] {subprocess.py:93} INFO - 24/09/15 14:37:44 INFO ShutdownHookManager: Deleting directory /tmp/spark-4c6f8e2a-d2f8-41cf-bbca-92e7ceb2b4de
[2024-09-15T14:37:44.959+0000] {subprocess.py:97} INFO - Command exited with return code 0
[2024-09-15T14:37:45.019+0000] {taskinstance.py:1398} INFO - Marking task as SUCCESS. dag_id=data_pipeline_api, task_id=analyze_data, execution_date=20240915T013026, start_date=20240915T143728, end_date=20240915T143745
[2024-09-15T14:37:45.082+0000] {local_task_job_runner.py:228} INFO - Task exited with return code 0
[2024-09-15T14:37:45.123+0000] {taskinstance.py:2776} INFO - 0 downstream tasks scheduled from follow-on schedule check
