[2024-08-21T00:30:02.646+0000] {taskinstance.py:1157} INFO - Dependencies all met for dep_context=non-requeueable deps ti=<TaskInstance: data_pipeline_api.fetch_data scheduled__2024-08-20T00:30:00+00:00 [queued]>
[2024-08-21T00:30:02.650+0000] {taskinstance.py:1157} INFO - Dependencies all met for dep_context=requeueable deps ti=<TaskInstance: data_pipeline_api.fetch_data scheduled__2024-08-20T00:30:00+00:00 [queued]>
[2024-08-21T00:30:02.651+0000] {taskinstance.py:1359} INFO - Starting attempt 1 of 2
[2024-08-21T00:30:02.656+0000] {taskinstance.py:1380} INFO - Executing <Task(BashOperator): fetch_data> on 2024-08-20 00:30:00+00:00
[2024-08-21T00:30:02.659+0000] {standard_task_runner.py:57} INFO - Started process 82220 to run task
[2024-08-21T00:30:02.661+0000] {standard_task_runner.py:84} INFO - Running: ['***', 'tasks', 'run', 'data_pipeline_api', 'fetch_data', 'scheduled__2024-08-20T00:30:00+00:00', '--job-id', '74', '--raw', '--subdir', 'DAGS_FOLDER/spark-jobs.py', '--cfg-path', '/tmp/tmperyq13h6']
[2024-08-21T00:30:02.665+0000] {standard_task_runner.py:85} INFO - Job 74: Subtask fetch_data
[2024-08-21T00:30:02.797+0000] {task_command.py:415} INFO - Running <TaskInstance: data_pipeline_api.fetch_data scheduled__2024-08-20T00:30:00+00:00 [running]> on host 27ef58cc88fc
[2024-08-21T00:30:02.851+0000] {taskinstance.py:1660} INFO - Exporting env vars: AIRFLOW_CTX_DAG_OWNER='***' AIRFLOW_CTX_DAG_ID='data_pipeline_api' AIRFLOW_CTX_TASK_ID='fetch_data' AIRFLOW_CTX_EXECUTION_DATE='2024-08-20T00:30:00+00:00' AIRFLOW_CTX_TRY_NUMBER='1' AIRFLOW_CTX_DAG_RUN_ID='scheduled__2024-08-20T00:30:00+00:00'
[2024-08-21T00:30:02.855+0000] {subprocess.py:63} INFO - Tmp dir root location: /tmp
[2024-08-21T00:30:02.856+0000] {subprocess.py:75} INFO - Running command: ['/bin/bash', '-c', 'bash /opt/***/jobs/spark-submit.sh /opt/***/jobs/fetch_data.py ']
[2024-08-21T00:30:02.864+0000] {subprocess.py:86} INFO - Output:
[2024-08-21T00:30:02.881+0000] {subprocess.py:93} INFO - /opt/***/jobs/fetch_data.py
[2024-08-21T00:30:03.042+0000] {subprocess.py:93} INFO - /home/***/.local/lib/python3.11/site-packages/pyspark/bin/load-spark-env.sh: line 68: ps: command not found
[2024-08-21T00:30:05.617+0000] {subprocess.py:93} INFO - 24/08/21 00:30:05 WARN NativeCodeLoader: Unable to load native-hadoop library for your platform... using builtin-java classes where applicable
[2024-08-21T00:30:07.484+0000] {subprocess.py:93} INFO - 24/08/21 00:30:07 INFO ShutdownHookManager: Shutdown hook called
[2024-08-21T00:30:07.485+0000] {subprocess.py:93} INFO - 24/08/21 00:30:07 INFO ShutdownHookManager: Deleting directory /tmp/spark-b0707611-5eae-460e-9ac0-36feaddf92e9
[2024-08-21T00:30:07.507+0000] {subprocess.py:97} INFO - Command exited with return code 0
[2024-08-21T00:30:07.535+0000] {taskinstance.py:1398} INFO - Marking task as SUCCESS. dag_id=data_pipeline_api, task_id=fetch_data, execution_date=20240820T003000, start_date=20240821T003002, end_date=20240821T003007
[2024-08-21T00:30:07.572+0000] {local_task_job_runner.py:228} INFO - Task exited with return code 0
[2024-08-21T00:30:07.598+0000] {taskinstance.py:2776} INFO - 0 downstream tasks scheduled from follow-on schedule check
