[2024-07-12T11:36:09.776+0000] {taskinstance.py:1157} INFO - Dependencies all met for dep_context=non-requeueable deps ti=<TaskInstance: spark_data_processing_pipeline.process_data manual__2024-07-12T11:28:15.532956+00:00 [queued]>
[2024-07-12T11:36:09.779+0000] {taskinstance.py:1157} INFO - Dependencies all met for dep_context=requeueable deps ti=<TaskInstance: spark_data_processing_pipeline.process_data manual__2024-07-12T11:28:15.532956+00:00 [queued]>
[2024-07-12T11:36:09.780+0000] {taskinstance.py:1359} INFO - Starting attempt 6 of 7
[2024-07-12T11:36:09.785+0000] {taskinstance.py:1380} INFO - Executing <Task(BashOperator): process_data> on 2024-07-12 11:28:15.532956+00:00
[2024-07-12T11:36:09.787+0000] {standard_task_runner.py:57} INFO - Started process 1849 to run task
[2024-07-12T11:36:09.790+0000] {standard_task_runner.py:84} INFO - Running: ['***', 'tasks', 'run', 'spark_data_processing_pipeline', 'process_data', 'manual__2024-07-12T11:28:15.532956+00:00', '--job-id', '10', '--raw', '--subdir', 'DAGS_FOLDER/spark-jobs_.py', '--cfg-path', '/tmp/tmppnle8_0q']
[2024-07-12T11:36:09.792+0000] {standard_task_runner.py:85} INFO - Job 10: Subtask process_data
[2024-07-12T11:36:09.819+0000] {task_command.py:415} INFO - Running <TaskInstance: spark_data_processing_pipeline.process_data manual__2024-07-12T11:28:15.532956+00:00 [running]> on host c553c98b8e80
[2024-07-12T11:36:09.852+0000] {taskinstance.py:1660} INFO - Exporting env vars: AIRFLOW_CTX_DAG_OWNER='***' AIRFLOW_CTX_DAG_ID='spark_data_processing_pipeline' AIRFLOW_CTX_TASK_ID='process_data' AIRFLOW_CTX_EXECUTION_DATE='2024-07-12T11:28:15.532956+00:00' AIRFLOW_CTX_TRY_NUMBER='6' AIRFLOW_CTX_DAG_RUN_ID='manual__2024-07-12T11:28:15.532956+00:00'
[2024-07-12T11:36:09.855+0000] {subprocess.py:63} INFO - Tmp dir root location: /tmp
[2024-07-12T11:36:09.857+0000] {subprocess.py:75} INFO - Running command: ['/bin/bash', '-c', 'bash /opt/***/jobs/spark-submit.sh /opt/***/jobs/main.py']
[2024-07-12T11:36:09.864+0000] {subprocess.py:86} INFO - Output:
[2024-07-12T11:36:09.871+0000] {subprocess.py:93} INFO - /opt/***/jobs/main.py
[2024-07-12T11:36:09.917+0000] {subprocess.py:93} INFO - /home/***/.local/lib/python3.11/site-packages/pyspark/bin/load-spark-env.sh: line 68: ps: command not found
[2024-07-12T11:36:10.905+0000] {subprocess.py:93} INFO - 24/07/12 11:36:10 WARN NativeCodeLoader: Unable to load native-hadoop library for your platform... using builtin-java classes where applicable
[2024-07-12T11:36:11.553+0000] {subprocess.py:93} INFO - 24/07/12 11:36:11 INFO SparkContext: Running Spark version 3.5.1
[2024-07-12T11:36:11.556+0000] {subprocess.py:93} INFO - 24/07/12 11:36:11 INFO SparkContext: OS info Linux, 6.6.32-linuxkit, aarch64
[2024-07-12T11:36:11.556+0000] {subprocess.py:93} INFO - 24/07/12 11:36:11 INFO SparkContext: Java version 11.0.23
[2024-07-12T11:36:11.570+0000] {subprocess.py:93} INFO - 24/07/12 11:36:11 INFO ResourceUtils: ==============================================================
[2024-07-12T11:36:11.570+0000] {subprocess.py:93} INFO - 24/07/12 11:36:11 INFO ResourceUtils: No custom resources configured for spark.driver.
[2024-07-12T11:36:11.570+0000] {subprocess.py:93} INFO - 24/07/12 11:36:11 INFO ResourceUtils: ==============================================================
[2024-07-12T11:36:11.570+0000] {subprocess.py:93} INFO - 24/07/12 11:36:11 INFO SparkContext: Submitted application: spark-sql
[2024-07-12T11:36:11.583+0000] {subprocess.py:93} INFO - 24/07/12 11:36:11 INFO ResourceProfile: Default ResourceProfile created, executor resources: Map(cores -> name: cores, amount: 1, script: , vendor: , memory -> name: memory, amount: 2048, script: , vendor: , offHeap -> name: offHeap, amount: 2048, script: , vendor: ), task resources: Map(cpus -> name: cpus, amount: 1.0)
[2024-07-12T11:36:11.590+0000] {subprocess.py:93} INFO - 24/07/12 11:36:11 INFO ResourceProfile: Limiting resource is cpus at 1 tasks per executor
[2024-07-12T11:36:11.591+0000] {subprocess.py:93} INFO - 24/07/12 11:36:11 INFO ResourceProfileManager: Added ResourceProfile id: 0
[2024-07-12T11:36:11.644+0000] {subprocess.py:93} INFO - 24/07/12 11:36:11 INFO SecurityManager: Changing view acls to: ***
[2024-07-12T11:36:11.644+0000] {subprocess.py:93} INFO - 24/07/12 11:36:11 INFO SecurityManager: Changing modify acls to: ***
[2024-07-12T11:36:11.644+0000] {subprocess.py:93} INFO - 24/07/12 11:36:11 INFO SecurityManager: Changing view acls groups to:
[2024-07-12T11:36:11.645+0000] {subprocess.py:93} INFO - 24/07/12 11:36:11 INFO SecurityManager: Changing modify acls groups to:
[2024-07-12T11:36:11.646+0000] {subprocess.py:93} INFO - 24/07/12 11:36:11 INFO SecurityManager: SecurityManager: authentication disabled; ui acls disabled; users with view permissions: ***; groups with view permissions: EMPTY; users with modify permissions: ***; groups with modify permissions: EMPTY
[2024-07-12T11:36:11.807+0000] {subprocess.py:93} INFO - 24/07/12 11:36:11 INFO Utils: Successfully started service 'sparkDriver' on port 37819.
[2024-07-12T11:36:11.829+0000] {subprocess.py:93} INFO - 24/07/12 11:36:11 INFO SparkEnv: Registering MapOutputTracker
[2024-07-12T11:36:11.851+0000] {subprocess.py:93} INFO - 24/07/12 11:36:11 INFO SparkEnv: Registering BlockManagerMaster
[2024-07-12T11:36:11.862+0000] {subprocess.py:93} INFO - 24/07/12 11:36:11 INFO BlockManagerMasterEndpoint: Using org.apache.spark.storage.DefaultTopologyMapper for getting topology information
[2024-07-12T11:36:11.862+0000] {subprocess.py:93} INFO - 24/07/12 11:36:11 INFO BlockManagerMasterEndpoint: BlockManagerMasterEndpoint up
[2024-07-12T11:36:11.865+0000] {subprocess.py:93} INFO - 24/07/12 11:36:11 INFO SparkEnv: Registering BlockManagerMasterHeartbeat
[2024-07-12T11:36:11.877+0000] {subprocess.py:93} INFO - 24/07/12 11:36:11 INFO DiskBlockManager: Created local directory at /tmp/blockmgr-a0918603-c32c-4d75-a641-72c36a553071
[2024-07-12T11:36:11.886+0000] {subprocess.py:93} INFO - 24/07/12 11:36:11 INFO MemoryStore: MemoryStore started with capacity 3.0 GiB
[2024-07-12T11:36:11.895+0000] {subprocess.py:93} INFO - 24/07/12 11:36:11 INFO SparkEnv: Registering OutputCommitCoordinator
[2024-07-12T11:36:11.979+0000] {subprocess.py:93} INFO - 24/07/12 11:36:11 INFO JettyUtils: Start Jetty 0.0.0.0:4040 for SparkUI
[2024-07-12T11:36:12.033+0000] {subprocess.py:93} INFO - 24/07/12 11:36:12 INFO Utils: Successfully started service 'SparkUI' on port 4040.
[2024-07-12T11:36:12.065+0000] {subprocess.py:93} INFO - 24/07/12 11:36:12 INFO SparkContext: Added JAR /opt/bitnami/spark/resources/elasticsearch-spark-30_2.12-8.4.3.jar at spark://c553c98b8e80:37819/jars/elasticsearch-spark-30_2.12-8.4.3.jar with timestamp 1720784171547
[2024-07-12T11:36:12.133+0000] {subprocess.py:93} INFO - 24/07/12 11:36:12 INFO Executor: Starting executor ID driver on host c553c98b8e80
[2024-07-12T11:36:12.135+0000] {subprocess.py:93} INFO - 24/07/12 11:36:12 INFO Executor: OS info Linux, 6.6.32-linuxkit, aarch64
[2024-07-12T11:36:12.135+0000] {subprocess.py:93} INFO - 24/07/12 11:36:12 INFO Executor: Java version 11.0.23
[2024-07-12T11:36:12.139+0000] {subprocess.py:93} INFO - 24/07/12 11:36:12 INFO Executor: Starting executor with user classpath (userClassPathFirst = false): ''
[2024-07-12T11:36:12.146+0000] {subprocess.py:93} INFO - 24/07/12 11:36:12 INFO Executor: Created or updated repl class loader org.apache.spark.util.MutableURLClassLoader@698d7769 for default.
[2024-07-12T11:36:12.149+0000] {subprocess.py:93} INFO - 24/07/12 11:36:12 INFO Executor: Fetching spark://c553c98b8e80:37819/jars/elasticsearch-spark-30_2.12-8.4.3.jar with timestamp 1720784171547
[2024-07-12T11:36:12.208+0000] {subprocess.py:93} INFO - 24/07/12 11:36:12 INFO TransportClientFactory: Successfully created connection to c553c98b8e80/172.18.0.7:37819 after 33 ms (0 ms spent in bootstraps)
[2024-07-12T11:36:12.214+0000] {subprocess.py:93} INFO - 24/07/12 11:36:12 INFO Utils: Fetching spark://c553c98b8e80:37819/jars/elasticsearch-spark-30_2.12-8.4.3.jar to /tmp/spark-b61c698d-67a4-436b-ae02-e2e0ff91a2eb/userFiles-6df76512-5d2e-4347-943b-b162e353e90b/fetchFileTemp7771049369327239678.tmp
[2024-07-12T11:36:12.274+0000] {subprocess.py:93} INFO - 24/07/12 11:36:12 INFO Executor: Adding file:/tmp/spark-b61c698d-67a4-436b-ae02-e2e0ff91a2eb/userFiles-6df76512-5d2e-4347-943b-b162e353e90b/elasticsearch-spark-30_2.12-8.4.3.jar to class loader default
[2024-07-12T11:36:12.280+0000] {subprocess.py:93} INFO - 24/07/12 11:36:12 INFO Utils: Successfully started service 'org.apache.spark.network.netty.NettyBlockTransferService' on port 33273.
[2024-07-12T11:36:12.280+0000] {subprocess.py:93} INFO - 24/07/12 11:36:12 INFO NettyBlockTransferService: Server created on c553c98b8e80:33273
[2024-07-12T11:36:12.281+0000] {subprocess.py:93} INFO - 24/07/12 11:36:12 INFO BlockManager: Using org.apache.spark.storage.RandomBlockReplicationPolicy for block replication policy
[2024-07-12T11:36:12.281+0000] {subprocess.py:93} INFO - 24/07/12 11:36:12 INFO BlockManager: external shuffle service port = 7337
[2024-07-12T11:36:12.285+0000] {subprocess.py:93} INFO - 24/07/12 11:36:12 INFO BlockManagerMaster: Registering BlockManager BlockManagerId(driver, c553c98b8e80, 33273, None)
[2024-07-12T11:36:12.287+0000] {subprocess.py:93} INFO - 24/07/12 11:36:12 INFO BlockManagerMasterEndpoint: Registering block manager c553c98b8e80:33273 with 3.0 GiB RAM, BlockManagerId(driver, c553c98b8e80, 33273, None)
[2024-07-12T11:36:12.288+0000] {subprocess.py:93} INFO - 24/07/12 11:36:12 INFO BlockManagerMaster: Registered BlockManager BlockManagerId(driver, c553c98b8e80, 33273, None)
[2024-07-12T11:36:12.289+0000] {subprocess.py:93} INFO - 24/07/12 11:36:12 INFO BlockManager: Initialized BlockManager: BlockManagerId(driver, c553c98b8e80, 33273, None)
[2024-07-12T11:36:12.520+0000] {subprocess.py:93} INFO - 24/07/12 11:36:12 INFO SharedState: Setting hive.metastore.warehouse.dir ('null') to the value of spark.sql.warehouse.dir.
[2024-07-12T11:36:12.522+0000] {subprocess.py:93} INFO - 24/07/12 11:36:12 INFO SharedState: Warehouse path is 'file:/tmp/***tmp6ugx0ji5/spark-warehouse'.
[2024-07-12T11:36:13.087+0000] {subprocess.py:93} INFO - 24/07/12 11:36:13 INFO Version: Elasticsearch Hadoop v8.4.3 [a7873eb469]
[2024-07-12T11:36:13.285+0000] {subprocess.py:93} INFO - Traceback (most recent call last):
[2024-07-12T11:36:13.285+0000] {subprocess.py:93} INFO -   File "/opt/***/jobs/main.py", line 24, in <module>
[2024-07-12T11:36:13.286+0000] {subprocess.py:93} INFO -     df = load_data(spark)  # 데이터 업데이트
[2024-07-12T11:36:13.286+0000] {subprocess.py:93} INFO -          ^^^^^^^^^^^^^^^^
[2024-07-12T11:36:13.286+0000] {subprocess.py:93} INFO -   File "/opt/***/jobs/base.py", line 16, in load_data
[2024-07-12T11:36:13.286+0000] {subprocess.py:93} INFO -     customers_df = spark.read.schema(customers_schema).json('./data/customers.json')
[2024-07-12T11:36:13.286+0000] {subprocess.py:93} INFO -                    ^^^^^^^^^^^^^^^^^^^^^^^^^^^^^^^^^^^^^^^^^^^^^^^^^^^^^^^^^^^^^^^^^
[2024-07-12T11:36:13.287+0000] {subprocess.py:93} INFO -   File "/home/***/.local/lib/python3.11/site-packages/pyspark/python/lib/pyspark.zip/pyspark/sql/readwriter.py", line 425, in json
[2024-07-12T11:36:13.288+0000] {subprocess.py:93} INFO -   File "/home/***/.local/lib/python3.11/site-packages/pyspark/python/lib/py4j-0.10.9.7-src.zip/py4j/java_gateway.py", line 1322, in __call__
[2024-07-12T11:36:13.288+0000] {subprocess.py:93} INFO -   File "/home/***/.local/lib/python3.11/site-packages/pyspark/python/lib/pyspark.zip/pyspark/errors/exceptions/captured.py", line 185, in deco
[2024-07-12T11:36:13.290+0000] {subprocess.py:93} INFO - pyspark.errors.exceptions.captured.AnalysisException: [PATH_NOT_FOUND] Path does not exist: file:/tmp/***tmp6ugx0ji5/data/customers.json.
[2024-07-12T11:36:13.317+0000] {subprocess.py:93} INFO - 24/07/12 11:36:13 INFO SparkContext: Invoking stop() from shutdown hook
[2024-07-12T11:36:13.318+0000] {subprocess.py:93} INFO - 24/07/12 11:36:13 INFO SparkContext: SparkContext is stopping with exitCode 0.
[2024-07-12T11:36:13.326+0000] {subprocess.py:93} INFO - 24/07/12 11:36:13 INFO SparkUI: Stopped Spark web UI at http://c553c98b8e80:4040
[2024-07-12T11:36:13.333+0000] {subprocess.py:93} INFO - 24/07/12 11:36:13 INFO MapOutputTrackerMasterEndpoint: MapOutputTrackerMasterEndpoint stopped!
[2024-07-12T11:36:13.340+0000] {subprocess.py:93} INFO - 24/07/12 11:36:13 INFO MemoryStore: MemoryStore cleared
[2024-07-12T11:36:13.341+0000] {subprocess.py:93} INFO - 24/07/12 11:36:13 INFO BlockManager: BlockManager stopped
[2024-07-12T11:36:13.343+0000] {subprocess.py:93} INFO - 24/07/12 11:36:13 INFO BlockManagerMaster: BlockManagerMaster stopped
[2024-07-12T11:36:13.345+0000] {subprocess.py:93} INFO - 24/07/12 11:36:13 INFO OutputCommitCoordinator$OutputCommitCoordinatorEndpoint: OutputCommitCoordinator stopped!
[2024-07-12T11:36:13.348+0000] {subprocess.py:93} INFO - 24/07/12 11:36:13 INFO SparkContext: Successfully stopped SparkContext
[2024-07-12T11:36:13.348+0000] {subprocess.py:93} INFO - 24/07/12 11:36:13 INFO ShutdownHookManager: Shutdown hook called
[2024-07-12T11:36:13.348+0000] {subprocess.py:93} INFO - 24/07/12 11:36:13 INFO ShutdownHookManager: Deleting directory /tmp/spark-e3b6e7ea-fa93-4d28-8db6-26e8b23cddf0
[2024-07-12T11:36:13.350+0000] {subprocess.py:93} INFO - 24/07/12 11:36:13 INFO ShutdownHookManager: Deleting directory /tmp/spark-b61c698d-67a4-436b-ae02-e2e0ff91a2eb/pyspark-e77c93d4-6986-4912-bcb6-8372bf75441d
[2024-07-12T11:36:13.352+0000] {subprocess.py:93} INFO - 24/07/12 11:36:13 INFO ShutdownHookManager: Deleting directory /tmp/spark-b61c698d-67a4-436b-ae02-e2e0ff91a2eb
[2024-07-12T11:36:13.370+0000] {subprocess.py:97} INFO - Command exited with return code 1
[2024-07-12T11:36:13.381+0000] {taskinstance.py:1935} ERROR - Task failed with exception
Traceback (most recent call last):
  File "/home/airflow/.local/lib/python3.11/site-packages/airflow/operators/bash.py", line 210, in execute
    raise AirflowException(
airflow.exceptions.AirflowException: Bash command failed. The command returned a non-zero exit code 1.
[2024-07-12T11:36:13.383+0000] {taskinstance.py:1398} INFO - Marking task as UP_FOR_RETRY. dag_id=spark_data_processing_pipeline, task_id=process_data, execution_date=20240712T112815, start_date=20240712T113609, end_date=20240712T113613
[2024-07-12T11:36:13.392+0000] {standard_task_runner.py:104} ERROR - Failed to execute job 10 for task process_data (Bash command failed. The command returned a non-zero exit code 1.; 1849)
[2024-07-12T11:36:13.429+0000] {local_task_job_runner.py:228} INFO - Task exited with return code 1
[2024-07-12T11:36:13.443+0000] {taskinstance.py:2776} INFO - 0 downstream tasks scheduled from follow-on schedule check
