[2024-07-12T11:33:04.176+0000] {taskinstance.py:1157} INFO - Dependencies all met for dep_context=non-requeueable deps ti=<TaskInstance: spark_data_processing_pipeline.process_data manual__2024-07-12T11:28:15.532956+00:00 [queued]>
[2024-07-12T11:33:04.180+0000] {taskinstance.py:1157} INFO - Dependencies all met for dep_context=requeueable deps ti=<TaskInstance: spark_data_processing_pipeline.process_data manual__2024-07-12T11:28:15.532956+00:00 [queued]>
[2024-07-12T11:33:04.180+0000] {taskinstance.py:1359} INFO - Starting attempt 4 of 5
[2024-07-12T11:33:04.185+0000] {taskinstance.py:1380} INFO - Executing <Task(BashOperator): process_data> on 2024-07-12 11:28:15.532956+00:00
[2024-07-12T11:33:04.187+0000] {standard_task_runner.py:57} INFO - Started process 1569 to run task
[2024-07-12T11:33:04.189+0000] {standard_task_runner.py:84} INFO - Running: ['***', 'tasks', 'run', 'spark_data_processing_pipeline', 'process_data', 'manual__2024-07-12T11:28:15.532956+00:00', '--job-id', '8', '--raw', '--subdir', 'DAGS_FOLDER/spark-jobs_.py', '--cfg-path', '/tmp/tmpc6pyi3h1']
[2024-07-12T11:33:04.190+0000] {standard_task_runner.py:85} INFO - Job 8: Subtask process_data
[2024-07-12T11:33:04.225+0000] {task_command.py:415} INFO - Running <TaskInstance: spark_data_processing_pipeline.process_data manual__2024-07-12T11:28:15.532956+00:00 [running]> on host c553c98b8e80
[2024-07-12T11:33:04.277+0000] {taskinstance.py:1660} INFO - Exporting env vars: AIRFLOW_CTX_DAG_OWNER='***' AIRFLOW_CTX_DAG_ID='spark_data_processing_pipeline' AIRFLOW_CTX_TASK_ID='process_data' AIRFLOW_CTX_EXECUTION_DATE='2024-07-12T11:28:15.532956+00:00' AIRFLOW_CTX_TRY_NUMBER='4' AIRFLOW_CTX_DAG_RUN_ID='manual__2024-07-12T11:28:15.532956+00:00'
[2024-07-12T11:33:04.279+0000] {subprocess.py:63} INFO - Tmp dir root location: /tmp
[2024-07-12T11:33:04.280+0000] {subprocess.py:75} INFO - Running command: ['/bin/bash', '-c', 'bash /opt/***/jobs/spark-submit.sh main.py']
[2024-07-12T11:33:04.286+0000] {subprocess.py:86} INFO - Output:
[2024-07-12T11:33:04.291+0000] {subprocess.py:93} INFO - main.py
[2024-07-12T11:33:04.341+0000] {subprocess.py:93} INFO - /home/***/.local/lib/python3.11/site-packages/pyspark/bin/load-spark-env.sh: line 68: ps: command not found
[2024-07-12T11:33:05.392+0000] {subprocess.py:93} INFO - 24/07/12 11:33:05 WARN NativeCodeLoader: Unable to load native-hadoop library for your platform... using builtin-java classes where applicable
[2024-07-12T11:33:05.571+0000] {subprocess.py:93} INFO - python3: can't open file '/tmp/***tmp3leuijdl/main.py': [Errno 2] No such file or directory
[2024-07-12T11:33:05.581+0000] {subprocess.py:93} INFO - 24/07/12 11:33:05 INFO ShutdownHookManager: Shutdown hook called
[2024-07-12T11:33:05.581+0000] {subprocess.py:93} INFO - 24/07/12 11:33:05 INFO ShutdownHookManager: Deleting directory /tmp/spark-ba626799-7c00-439d-ac35-53e12ddebdbf
[2024-07-12T11:33:05.608+0000] {subprocess.py:97} INFO - Command exited with return code 2
[2024-07-12T11:33:05.614+0000] {taskinstance.py:1935} ERROR - Task failed with exception
Traceback (most recent call last):
  File "/home/airflow/.local/lib/python3.11/site-packages/airflow/operators/bash.py", line 210, in execute
    raise AirflowException(
airflow.exceptions.AirflowException: Bash command failed. The command returned a non-zero exit code 2.
[2024-07-12T11:33:05.616+0000] {taskinstance.py:1398} INFO - Marking task as UP_FOR_RETRY. dag_id=spark_data_processing_pipeline, task_id=process_data, execution_date=20240712T112815, start_date=20240712T113304, end_date=20240712T113305
[2024-07-12T11:33:05.621+0000] {standard_task_runner.py:104} ERROR - Failed to execute job 8 for task process_data (Bash command failed. The command returned a non-zero exit code 2.; 1569)
[2024-07-12T11:33:05.645+0000] {local_task_job_runner.py:228} INFO - Task exited with return code 1
[2024-07-12T11:33:05.654+0000] {taskinstance.py:2776} INFO - 0 downstream tasks scheduled from follow-on schedule check
