[2024-07-12T11:30:17.718+0000] {taskinstance.py:1157} INFO - Dependencies all met for dep_context=non-requeueable deps ti=<TaskInstance: spark_data_processing_pipeline.process_data manual__2024-07-12T11:28:15.532956+00:00 [queued]>
[2024-07-12T11:30:17.721+0000] {taskinstance.py:1157} INFO - Dependencies all met for dep_context=requeueable deps ti=<TaskInstance: spark_data_processing_pipeline.process_data manual__2024-07-12T11:28:15.532956+00:00 [queued]>
[2024-07-12T11:30:17.721+0000] {taskinstance.py:1359} INFO - Starting attempt 2 of 2
[2024-07-12T11:30:17.726+0000] {taskinstance.py:1380} INFO - Executing <Task(BashOperator): process_data> on 2024-07-12 11:28:15.532956+00:00
[2024-07-12T11:30:17.728+0000] {standard_task_runner.py:57} INFO - Started process 1321 to run task
[2024-07-12T11:30:17.730+0000] {standard_task_runner.py:84} INFO - Running: ['***', 'tasks', 'run', 'spark_data_processing_pipeline', 'process_data', 'manual__2024-07-12T11:28:15.532956+00:00', '--job-id', '6', '--raw', '--subdir', 'DAGS_FOLDER/spark-jobs_.py', '--cfg-path', '/tmp/tmp_az9qn3p']
[2024-07-12T11:30:17.732+0000] {standard_task_runner.py:85} INFO - Job 6: Subtask process_data
[2024-07-12T11:30:17.759+0000] {task_command.py:415} INFO - Running <TaskInstance: spark_data_processing_pipeline.process_data manual__2024-07-12T11:28:15.532956+00:00 [running]> on host c553c98b8e80
[2024-07-12T11:30:17.795+0000] {taskinstance.py:1660} INFO - Exporting env vars: AIRFLOW_CTX_DAG_OWNER='***' AIRFLOW_CTX_DAG_ID='spark_data_processing_pipeline' AIRFLOW_CTX_TASK_ID='process_data' AIRFLOW_CTX_EXECUTION_DATE='2024-07-12T11:28:15.532956+00:00' AIRFLOW_CTX_TRY_NUMBER='2' AIRFLOW_CTX_DAG_RUN_ID='manual__2024-07-12T11:28:15.532956+00:00'
[2024-07-12T11:30:17.796+0000] {subprocess.py:63} INFO - Tmp dir root location: /tmp
[2024-07-12T11:30:17.797+0000] {subprocess.py:75} INFO - Running command: ['/bin/bash', '-c', 'bash /opt/***/jobs/spark-submit.sh ']
[2024-07-12T11:30:17.800+0000] {subprocess.py:86} INFO - Output:
[2024-07-12T11:30:17.803+0000] {subprocess.py:93} INFO - 
[2024-07-12T11:30:17.858+0000] {subprocess.py:93} INFO - /home/***/.local/lib/python3.11/site-packages/pyspark/bin/load-spark-env.sh: line 68: ps: command not found
[2024-07-12T11:30:18.072+0000] {subprocess.py:93} INFO - Error: Missing application resource.
[2024-07-12T11:30:18.073+0000] {subprocess.py:93} INFO - 
[2024-07-12T11:30:18.938+0000] {subprocess.py:93} INFO - Usage: spark-submit [options] <app jar | python file | R file> [app arguments]
[2024-07-12T11:30:18.939+0000] {subprocess.py:93} INFO - Usage: spark-submit --kill [submission ID] --master [spark://...]
[2024-07-12T11:30:18.939+0000] {subprocess.py:93} INFO - Usage: spark-submit --status [submission ID] --master [spark://...]
[2024-07-12T11:30:18.940+0000] {subprocess.py:93} INFO - Usage: spark-submit run-example [options] example-class [example args]
[2024-07-12T11:30:18.961+0000] {subprocess.py:93} INFO - 
[2024-07-12T11:30:18.961+0000] {subprocess.py:93} INFO - Options:
[2024-07-12T11:30:18.961+0000] {subprocess.py:93} INFO -   --master MASTER_URL         spark://host:port, mesos://host:port, yarn,
[2024-07-12T11:30:18.961+0000] {subprocess.py:93} INFO -                               k8s://https://host:port, or local (Default: local[*]).
[2024-07-12T11:30:18.961+0000] {subprocess.py:93} INFO -   --deploy-mode DEPLOY_MODE   Whether to launch the driver program locally ("client") or
[2024-07-12T11:30:18.961+0000] {subprocess.py:93} INFO -                               on one of the worker machines inside the cluster ("cluster")
[2024-07-12T11:30:18.961+0000] {subprocess.py:93} INFO -                               (Default: client).
[2024-07-12T11:30:18.961+0000] {subprocess.py:93} INFO -   --class CLASS_NAME          Your application's main class (for Java / Scala apps).
[2024-07-12T11:30:18.961+0000] {subprocess.py:93} INFO -   --name NAME                 A name of your application.
[2024-07-12T11:30:18.961+0000] {subprocess.py:93} INFO -   --jars JARS                 Comma-separated list of jars to include on the driver
[2024-07-12T11:30:18.962+0000] {subprocess.py:93} INFO -                               and executor classpaths.
[2024-07-12T11:30:18.962+0000] {subprocess.py:93} INFO -   --packages                  Comma-separated list of maven coordinates of jars to include
[2024-07-12T11:30:18.962+0000] {subprocess.py:93} INFO -                               on the driver and executor classpaths. Will search the local
[2024-07-12T11:30:18.962+0000] {subprocess.py:93} INFO -                               maven repo, then maven central and any additional remote
[2024-07-12T11:30:18.962+0000] {subprocess.py:93} INFO -                               repositories given by --repositories. The format for the
[2024-07-12T11:30:18.962+0000] {subprocess.py:93} INFO -                               coordinates should be groupId:artifactId:version.
[2024-07-12T11:30:18.962+0000] {subprocess.py:93} INFO -   --exclude-packages          Comma-separated list of groupId:artifactId, to exclude while
[2024-07-12T11:30:18.962+0000] {subprocess.py:93} INFO -                               resolving the dependencies provided in --packages to avoid
[2024-07-12T11:30:18.962+0000] {subprocess.py:93} INFO -                               dependency conflicts.
[2024-07-12T11:30:18.962+0000] {subprocess.py:93} INFO -   --repositories              Comma-separated list of additional remote repositories to
[2024-07-12T11:30:18.962+0000] {subprocess.py:93} INFO -                               search for the maven coordinates given with --packages.
[2024-07-12T11:30:18.962+0000] {subprocess.py:93} INFO -   --py-files PY_FILES         Comma-separated list of .zip, .egg, or .py files to place
[2024-07-12T11:30:18.962+0000] {subprocess.py:93} INFO -                               on the PYTHONPATH for Python apps.
[2024-07-12T11:30:18.962+0000] {subprocess.py:93} INFO -   --files FILES               Comma-separated list of files to be placed in the working
[2024-07-12T11:30:18.963+0000] {subprocess.py:93} INFO -                               directory of each executor. File paths of these files
[2024-07-12T11:30:18.963+0000] {subprocess.py:93} INFO -                               in executors can be accessed via SparkFiles.get(fileName).
[2024-07-12T11:30:18.963+0000] {subprocess.py:93} INFO -   --archives ARCHIVES         Comma-separated list of archives to be extracted into the
[2024-07-12T11:30:18.963+0000] {subprocess.py:93} INFO -                               working directory of each executor.
[2024-07-12T11:30:18.963+0000] {subprocess.py:93} INFO - 
[2024-07-12T11:30:18.963+0000] {subprocess.py:93} INFO -   --conf, -c PROP=VALUE       Arbitrary Spark configuration property.
[2024-07-12T11:30:18.963+0000] {subprocess.py:93} INFO -   --properties-file FILE      Path to a file from which to load extra properties. If not
[2024-07-12T11:30:18.963+0000] {subprocess.py:93} INFO -                               specified, this will look for conf/spark-defaults.conf.
[2024-07-12T11:30:18.963+0000] {subprocess.py:93} INFO - 
[2024-07-12T11:30:18.963+0000] {subprocess.py:93} INFO -   --driver-memory MEM         Memory for driver (e.g. 1000M, 2G) (Default: 1024M).
[2024-07-12T11:30:18.963+0000] {subprocess.py:93} INFO -   --driver-java-options       Extra Java options to pass to the driver.
[2024-07-12T11:30:18.963+0000] {subprocess.py:93} INFO -   --driver-library-path       Extra library path entries to pass to the driver.
[2024-07-12T11:30:18.963+0000] {subprocess.py:93} INFO -   --driver-class-path         Extra class path entries to pass to the driver. Note that
[2024-07-12T11:30:18.964+0000] {subprocess.py:93} INFO -                               jars added with --jars are automatically included in the
[2024-07-12T11:30:18.964+0000] {subprocess.py:93} INFO -                               classpath.
[2024-07-12T11:30:18.964+0000] {subprocess.py:93} INFO - 
[2024-07-12T11:30:18.964+0000] {subprocess.py:93} INFO -   --executor-memory MEM       Memory per executor (e.g. 1000M, 2G) (Default: 1G).
[2024-07-12T11:30:18.964+0000] {subprocess.py:93} INFO - 
[2024-07-12T11:30:18.964+0000] {subprocess.py:93} INFO -   --proxy-user NAME           User to impersonate when submitting the application.
[2024-07-12T11:30:18.964+0000] {subprocess.py:93} INFO -                               This argument does not work with --principal / --keytab.
[2024-07-12T11:30:18.964+0000] {subprocess.py:93} INFO - 
[2024-07-12T11:30:18.964+0000] {subprocess.py:93} INFO -   --help, -h                  Show this help message and exit.
[2024-07-12T11:30:18.964+0000] {subprocess.py:93} INFO -   --verbose, -v               Print additional debug output.
[2024-07-12T11:30:18.964+0000] {subprocess.py:93} INFO -   --version,                  Print the version of current Spark.
[2024-07-12T11:30:18.965+0000] {subprocess.py:93} INFO - 
[2024-07-12T11:30:18.965+0000] {subprocess.py:93} INFO -  Spark Connect only:
[2024-07-12T11:30:18.965+0000] {subprocess.py:93} INFO -    --remote CONNECT_URL       URL to connect to the server for Spark Connect, e.g.,
[2024-07-12T11:30:18.965+0000] {subprocess.py:93} INFO -                               sc://host:port. --master and --deploy-mode cannot be set
[2024-07-12T11:30:18.965+0000] {subprocess.py:93} INFO -                               together with this option. This option is experimental, and
[2024-07-12T11:30:18.965+0000] {subprocess.py:93} INFO -                               might change between minor releases.
[2024-07-12T11:30:18.965+0000] {subprocess.py:93} INFO - 
[2024-07-12T11:30:18.965+0000] {subprocess.py:93} INFO -  Cluster deploy mode only:
[2024-07-12T11:30:18.965+0000] {subprocess.py:93} INFO -   --driver-cores NUM          Number of cores used by the driver, only in cluster mode
[2024-07-12T11:30:18.965+0000] {subprocess.py:93} INFO -                               (Default: 1).
[2024-07-12T11:30:18.966+0000] {subprocess.py:93} INFO - 
[2024-07-12T11:30:18.966+0000] {subprocess.py:93} INFO -  Spark standalone or Mesos with cluster deploy mode only:
[2024-07-12T11:30:18.966+0000] {subprocess.py:93} INFO -   --supervise                 If given, restarts the driver on failure.
[2024-07-12T11:30:18.966+0000] {subprocess.py:93} INFO - 
[2024-07-12T11:30:18.966+0000] {subprocess.py:93} INFO -  Spark standalone, Mesos or K8s with cluster deploy mode only:
[2024-07-12T11:30:18.966+0000] {subprocess.py:93} INFO -   --kill SUBMISSION_ID        If given, kills the driver specified.
[2024-07-12T11:30:18.966+0000] {subprocess.py:93} INFO -   --status SUBMISSION_ID      If given, requests the status of the driver specified.
[2024-07-12T11:30:18.966+0000] {subprocess.py:93} INFO - 
[2024-07-12T11:30:18.966+0000] {subprocess.py:93} INFO -  Spark standalone and Mesos only:
[2024-07-12T11:30:18.966+0000] {subprocess.py:93} INFO -   --total-executor-cores NUM  Total cores for all executors.
[2024-07-12T11:30:18.966+0000] {subprocess.py:93} INFO - 
[2024-07-12T11:30:18.966+0000] {subprocess.py:93} INFO -  Spark standalone, YARN and Kubernetes only:
[2024-07-12T11:30:18.966+0000] {subprocess.py:93} INFO -   --executor-cores NUM        Number of cores used by each executor. (Default: 1 in
[2024-07-12T11:30:18.966+0000] {subprocess.py:93} INFO -                               YARN and K8S modes, or all available cores on the worker
[2024-07-12T11:30:18.966+0000] {subprocess.py:93} INFO -                               in standalone mode).
[2024-07-12T11:30:18.966+0000] {subprocess.py:93} INFO - 
[2024-07-12T11:30:18.967+0000] {subprocess.py:93} INFO -  Spark on YARN and Kubernetes only:
[2024-07-12T11:30:18.967+0000] {subprocess.py:93} INFO -   --num-executors NUM         Number of executors to launch (Default: 2).
[2024-07-12T11:30:18.967+0000] {subprocess.py:93} INFO -                               If dynamic allocation is enabled, the initial number of
[2024-07-12T11:30:18.967+0000] {subprocess.py:93} INFO -                               executors will be at least NUM.
[2024-07-12T11:30:18.967+0000] {subprocess.py:93} INFO -   --principal PRINCIPAL       Principal to be used to login to KDC.
[2024-07-12T11:30:18.967+0000] {subprocess.py:93} INFO -   --keytab KEYTAB             The full path to the file that contains the keytab for the
[2024-07-12T11:30:18.967+0000] {subprocess.py:93} INFO -                               principal specified above.
[2024-07-12T11:30:18.967+0000] {subprocess.py:93} INFO - 
[2024-07-12T11:30:18.967+0000] {subprocess.py:93} INFO -  Spark on YARN only:
[2024-07-12T11:30:18.967+0000] {subprocess.py:93} INFO -   --queue QUEUE_NAME          The YARN queue to submit to (Default: "default").
[2024-07-12T11:30:18.967+0000] {subprocess.py:93} INFO - 
[2024-07-12T11:30:18.968+0000] {subprocess.py:97} INFO - Command exited with return code 1
[2024-07-12T11:30:18.979+0000] {taskinstance.py:1935} ERROR - Task failed with exception
Traceback (most recent call last):
  File "/home/airflow/.local/lib/python3.11/site-packages/airflow/operators/bash.py", line 210, in execute
    raise AirflowException(
airflow.exceptions.AirflowException: Bash command failed. The command returned a non-zero exit code 1.
[2024-07-12T11:30:18.982+0000] {taskinstance.py:1398} INFO - Marking task as UP_FOR_RETRY. dag_id=spark_data_processing_pipeline, task_id=process_data, execution_date=20240712T112815, start_date=20240712T113017, end_date=20240712T113018
[2024-07-12T11:30:18.989+0000] {standard_task_runner.py:104} ERROR - Failed to execute job 6 for task process_data (Bash command failed. The command returned a non-zero exit code 1.; 1321)
[2024-07-12T11:30:19.018+0000] {local_task_job_runner.py:228} INFO - Task exited with return code 1
[2024-07-12T11:30:19.032+0000] {taskinstance.py:2776} INFO - 0 downstream tasks scheduled from follow-on schedule check
