[2024-09-11T00:30:02.443+0000] {taskinstance.py:1157} INFO - Dependencies all met for dep_context=non-requeueable deps ti=<TaskInstance: data_pipeline_api.fetch_data scheduled__2024-09-10T00:30:00+00:00 [queued]>
[2024-09-11T00:30:02.447+0000] {taskinstance.py:1157} INFO - Dependencies all met for dep_context=requeueable deps ti=<TaskInstance: data_pipeline_api.fetch_data scheduled__2024-09-10T00:30:00+00:00 [queued]>
[2024-09-11T00:30:02.447+0000] {taskinstance.py:1359} INFO - Starting attempt 1 of 2
[2024-09-11T00:30:02.455+0000] {taskinstance.py:1380} INFO - Executing <Task(BashOperator): fetch_data> on 2024-09-10 00:30:00+00:00
[2024-09-11T00:30:02.466+0000] {standard_task_runner.py:57} INFO - Started process 45593 to run task
[2024-09-11T00:30:02.472+0000] {standard_task_runner.py:84} INFO - Running: ['***', 'tasks', 'run', 'data_pipeline_api', 'fetch_data', 'scheduled__2024-09-10T00:30:00+00:00', '--job-id', '96', '--raw', '--subdir', 'DAGS_FOLDER/spark-jobs.py', '--cfg-path', '/tmp/tmp8k1ivr0o']
[2024-09-11T00:30:02.478+0000] {standard_task_runner.py:85} INFO - Job 96: Subtask fetch_data
[2024-09-11T00:30:02.609+0000] {task_command.py:415} INFO - Running <TaskInstance: data_pipeline_api.fetch_data scheduled__2024-09-10T00:30:00+00:00 [running]> on host 27ef58cc88fc
[2024-09-11T00:30:02.668+0000] {taskinstance.py:1660} INFO - Exporting env vars: AIRFLOW_CTX_DAG_OWNER='***' AIRFLOW_CTX_DAG_ID='data_pipeline_api' AIRFLOW_CTX_TASK_ID='fetch_data' AIRFLOW_CTX_EXECUTION_DATE='2024-09-10T00:30:00+00:00' AIRFLOW_CTX_TRY_NUMBER='1' AIRFLOW_CTX_DAG_RUN_ID='scheduled__2024-09-10T00:30:00+00:00'
[2024-09-11T00:30:02.669+0000] {subprocess.py:63} INFO - Tmp dir root location: /tmp
[2024-09-11T00:30:02.671+0000] {subprocess.py:75} INFO - Running command: ['/bin/bash', '-c', 'bash /opt/***/jobs/spark-submit.sh /opt/***/jobs/fetch_data.py ']
[2024-09-11T00:30:02.675+0000] {subprocess.py:86} INFO - Output:
[2024-09-11T00:30:02.677+0000] {subprocess.py:93} INFO - /opt/***/jobs/fetch_data.py
[2024-09-11T00:30:02.742+0000] {subprocess.py:93} INFO - /home/***/.local/lib/python3.11/site-packages/pyspark/bin/load-spark-env.sh: line 68: ps: command not found
[2024-09-11T00:30:04.785+0000] {subprocess.py:93} INFO - 24/09/11 00:30:04 WARN NativeCodeLoader: Unable to load native-hadoop library for your platform... using builtin-java classes where applicable
[2024-09-11T00:30:06.925+0000] {subprocess.py:93} INFO - 24/09/11 00:30:06 INFO ShutdownHookManager: Shutdown hook called
[2024-09-11T00:30:06.931+0000] {subprocess.py:93} INFO - 24/09/11 00:30:06 INFO ShutdownHookManager: Deleting directory /tmp/spark-43031515-0a44-4fb5-a314-aa9697511e4d
[2024-09-11T00:30:06.972+0000] {subprocess.py:97} INFO - Command exited with return code 0
[2024-09-11T00:30:07.001+0000] {taskinstance.py:1398} INFO - Marking task as SUCCESS. dag_id=data_pipeline_api, task_id=fetch_data, execution_date=20240910T003000, start_date=20240911T003002, end_date=20240911T003007
[2024-09-11T00:30:07.043+0000] {local_task_job_runner.py:228} INFO - Task exited with return code 0
[2024-09-11T00:30:07.062+0000] {taskinstance.py:2776} INFO - 0 downstream tasks scheduled from follow-on schedule check
