[2024-08-09T12:07:44.061+0000] {taskinstance.py:1157} INFO - Dependencies all met for dep_context=non-requeueable deps ti=<TaskInstance: data_pipeline_api.analyze_data scheduled__2024-08-08T00:30:00+00:00 [queued]>
[2024-08-09T12:07:44.068+0000] {taskinstance.py:1157} INFO - Dependencies all met for dep_context=requeueable deps ti=<TaskInstance: data_pipeline_api.analyze_data scheduled__2024-08-08T00:30:00+00:00 [queued]>
[2024-08-09T12:07:44.069+0000] {taskinstance.py:1359} INFO - Starting attempt 2 of 3
[2024-08-09T12:07:44.080+0000] {taskinstance.py:1380} INFO - Executing <Task(BashOperator): analyze_data> on 2024-08-08 00:30:00+00:00
[2024-08-09T12:07:44.090+0000] {standard_task_runner.py:57} INFO - Started process 13231 to run task
[2024-08-09T12:07:44.098+0000] {standard_task_runner.py:84} INFO - Running: ['***', 'tasks', 'run', 'data_pipeline_api', 'analyze_data', 'scheduled__2024-08-08T00:30:00+00:00', '--job-id', '94', '--raw', '--subdir', 'DAGS_FOLDER/spark-jobs.py', '--cfg-path', '/tmp/tmpejr6szt6']
[2024-08-09T12:07:44.103+0000] {standard_task_runner.py:85} INFO - Job 94: Subtask analyze_data
[2024-08-09T12:07:44.161+0000] {task_command.py:415} INFO - Running <TaskInstance: data_pipeline_api.analyze_data scheduled__2024-08-08T00:30:00+00:00 [running]> on host c553c98b8e80
[2024-08-09T12:07:44.204+0000] {taskinstance.py:1660} INFO - Exporting env vars: AIRFLOW_CTX_DAG_OWNER='***' AIRFLOW_CTX_DAG_ID='data_pipeline_api' AIRFLOW_CTX_TASK_ID='analyze_data' AIRFLOW_CTX_EXECUTION_DATE='2024-08-08T00:30:00+00:00' AIRFLOW_CTX_TRY_NUMBER='2' AIRFLOW_CTX_DAG_RUN_ID='scheduled__2024-08-08T00:30:00+00:00'
[2024-08-09T12:07:44.205+0000] {subprocess.py:63} INFO - Tmp dir root location: /tmp
[2024-08-09T12:07:44.206+0000] {subprocess.py:75} INFO - Running command: ['/bin/bash', '-c', 'bash /opt/***/jobs/spark-submit.sh /opt/***/jobs/analyze_data.py ']
[2024-08-09T12:07:44.211+0000] {subprocess.py:86} INFO - Output:
[2024-08-09T12:07:44.214+0000] {subprocess.py:93} INFO - /opt/***/jobs/analyze_data.py
[2024-08-09T12:07:44.263+0000] {subprocess.py:93} INFO - /home/***/.local/lib/python3.11/site-packages/pyspark/bin/load-spark-env.sh: line 68: ps: command not found
[2024-08-09T12:07:45.695+0000] {subprocess.py:93} INFO - 24/08/09 12:07:45 WARN NativeCodeLoader: Unable to load native-hadoop library for your platform... using builtin-java classes where applicable
[2024-08-09T12:07:46.453+0000] {subprocess.py:93} INFO - 24/08/09 12:07:46 INFO SparkContext: Running Spark version 3.5.1
[2024-08-09T12:07:46.453+0000] {subprocess.py:93} INFO - 24/08/09 12:07:46 INFO SparkContext: OS info Linux, 6.6.32-linuxkit, aarch64
[2024-08-09T12:07:46.454+0000] {subprocess.py:93} INFO - 24/08/09 12:07:46 INFO SparkContext: Java version 11.0.23
[2024-08-09T12:07:46.469+0000] {subprocess.py:93} INFO - 24/08/09 12:07:46 INFO ResourceUtils: ==============================================================
[2024-08-09T12:07:46.470+0000] {subprocess.py:93} INFO - 24/08/09 12:07:46 INFO ResourceUtils: No custom resources configured for spark.driver.
[2024-08-09T12:07:46.470+0000] {subprocess.py:93} INFO - 24/08/09 12:07:46 INFO ResourceUtils: ==============================================================
[2024-08-09T12:07:46.470+0000] {subprocess.py:93} INFO - 24/08/09 12:07:46 INFO SparkContext: Submitted application: FinanceDataAnalysis
[2024-08-09T12:07:46.481+0000] {subprocess.py:93} INFO - 24/08/09 12:07:46 INFO ResourceProfile: Default ResourceProfile created, executor resources: Map(cores -> name: cores, amount: 1, script: , vendor: , memory -> name: memory, amount: 2048, script: , vendor: , offHeap -> name: offHeap, amount: 2048, script: , vendor: ), task resources: Map(cpus -> name: cpus, amount: 1.0)
[2024-08-09T12:07:46.487+0000] {subprocess.py:93} INFO - 24/08/09 12:07:46 INFO ResourceProfile: Limiting resource is cpus at 1 tasks per executor
[2024-08-09T12:07:46.488+0000] {subprocess.py:93} INFO - 24/08/09 12:07:46 INFO ResourceProfileManager: Added ResourceProfile id: 0
[2024-08-09T12:07:46.527+0000] {subprocess.py:93} INFO - 24/08/09 12:07:46 INFO SecurityManager: Changing view acls to: ***
[2024-08-09T12:07:46.527+0000] {subprocess.py:93} INFO - 24/08/09 12:07:46 INFO SecurityManager: Changing modify acls to: ***
[2024-08-09T12:07:46.528+0000] {subprocess.py:93} INFO - 24/08/09 12:07:46 INFO SecurityManager: Changing view acls groups to:
[2024-08-09T12:07:46.528+0000] {subprocess.py:93} INFO - 24/08/09 12:07:46 INFO SecurityManager: Changing modify acls groups to:
[2024-08-09T12:07:46.528+0000] {subprocess.py:93} INFO - 24/08/09 12:07:46 INFO SecurityManager: SecurityManager: authentication disabled; ui acls disabled; users with view permissions: ***; groups with view permissions: EMPTY; users with modify permissions: ***; groups with modify permissions: EMPTY
[2024-08-09T12:07:46.650+0000] {subprocess.py:93} INFO - 24/08/09 12:07:46 INFO Utils: Successfully started service 'sparkDriver' on port 42045.
[2024-08-09T12:07:46.666+0000] {subprocess.py:93} INFO - 24/08/09 12:07:46 INFO SparkEnv: Registering MapOutputTracker
[2024-08-09T12:07:46.686+0000] {subprocess.py:93} INFO - 24/08/09 12:07:46 INFO SparkEnv: Registering BlockManagerMaster
[2024-08-09T12:07:46.700+0000] {subprocess.py:93} INFO - 24/08/09 12:07:46 INFO BlockManagerMasterEndpoint: Using org.apache.spark.storage.DefaultTopologyMapper for getting topology information
[2024-08-09T12:07:46.701+0000] {subprocess.py:93} INFO - 24/08/09 12:07:46 INFO BlockManagerMasterEndpoint: BlockManagerMasterEndpoint up
[2024-08-09T12:07:46.703+0000] {subprocess.py:93} INFO - 24/08/09 12:07:46 INFO SparkEnv: Registering BlockManagerMasterHeartbeat
[2024-08-09T12:07:46.715+0000] {subprocess.py:93} INFO - 24/08/09 12:07:46 INFO DiskBlockManager: Created local directory at /tmp/blockmgr-a079d26b-87b6-436a-bc98-a186592967dd
[2024-08-09T12:07:46.722+0000] {subprocess.py:93} INFO - 24/08/09 12:07:46 INFO MemoryStore: MemoryStore started with capacity 3.0 GiB
[2024-08-09T12:07:46.729+0000] {subprocess.py:93} INFO - 24/08/09 12:07:46 INFO SparkEnv: Registering OutputCommitCoordinator
[2024-08-09T12:07:46.796+0000] {subprocess.py:93} INFO - 24/08/09 12:07:46 INFO JettyUtils: Start Jetty 0.0.0.0:4040 for SparkUI
[2024-08-09T12:07:46.830+0000] {subprocess.py:93} INFO - 24/08/09 12:07:46 WARN Utils: Service 'SparkUI' could not bind on port 4040. Attempting port 4041.
[2024-08-09T12:07:46.834+0000] {subprocess.py:93} INFO - 24/08/09 12:07:46 INFO Utils: Successfully started service 'SparkUI' on port 4041.
[2024-08-09T12:07:46.853+0000] {subprocess.py:93} INFO - 24/08/09 12:07:46 INFO SparkContext: Added JAR file:///opt/bitnami/spark/resources/elasticsearch-spark-30_2.12-8.4.3.jar at spark://c553c98b8e80:42045/jars/elasticsearch-spark-30_2.12-8.4.3.jar with timestamp 1723205266448
[2024-08-09T12:07:46.896+0000] {subprocess.py:93} INFO - 24/08/09 12:07:46 INFO StandaloneAppClient$ClientEndpoint: Connecting to master spark://spark-master:7077...
[2024-08-09T12:07:46.924+0000] {subprocess.py:93} INFO - 24/08/09 12:07:46 INFO TransportClientFactory: Successfully created connection to spark-master/172.18.0.3:7077 after 15 ms (0 ms spent in bootstraps)
[2024-08-09T12:07:46.971+0000] {subprocess.py:93} INFO - 24/08/09 12:07:46 INFO StandaloneSchedulerBackend: Connected to Spark cluster with app ID app-20240809120746-0006
[2024-08-09T12:07:46.977+0000] {subprocess.py:93} INFO - 24/08/09 12:07:46 INFO Utils: Successfully started service 'org.apache.spark.network.netty.NettyBlockTransferService' on port 43287.
[2024-08-09T12:07:46.980+0000] {subprocess.py:93} INFO - 24/08/09 12:07:46 INFO NettyBlockTransferService: Server created on c553c98b8e80:43287
[2024-08-09T12:07:46.980+0000] {subprocess.py:93} INFO - 24/08/09 12:07:46 INFO BlockManager: Using org.apache.spark.storage.RandomBlockReplicationPolicy for block replication policy
[2024-08-09T12:07:46.981+0000] {subprocess.py:93} INFO - 24/08/09 12:07:46 INFO BlockManager: external shuffle service port = 7337
[2024-08-09T12:07:46.982+0000] {subprocess.py:93} INFO - 24/08/09 12:07:46 INFO BlockManagerMaster: Registering BlockManager BlockManagerId(driver, c553c98b8e80, 43287, None)
[2024-08-09T12:07:46.984+0000] {subprocess.py:93} INFO - 24/08/09 12:07:46 INFO BlockManagerMasterEndpoint: Registering block manager c553c98b8e80:43287 with 3.0 GiB RAM, BlockManagerId(driver, c553c98b8e80, 43287, None)
[2024-08-09T12:07:46.986+0000] {subprocess.py:93} INFO - 24/08/09 12:07:46 INFO BlockManagerMaster: Registered BlockManager BlockManagerId(driver, c553c98b8e80, 43287, None)
[2024-08-09T12:07:46.987+0000] {subprocess.py:93} INFO - 24/08/09 12:07:46 INFO BlockManager: Initialized BlockManager: BlockManagerId(driver, c553c98b8e80, 43287, None)
[2024-08-09T12:07:47.067+0000] {subprocess.py:93} INFO - 24/08/09 12:07:47 WARN Utils: spark.executor.instances less than spark.dynamicAllocation.minExecutors is invalid, ignoring its setting, please update your configs.
[2024-08-09T12:07:47.068+0000] {subprocess.py:93} INFO - 24/08/09 12:07:47 INFO Utils: Using initial executors = 1, max of spark.dynamicAllocation.initialExecutors, spark.dynamicAllocation.minExecutors and spark.executor.instances
[2024-08-09T12:07:47.119+0000] {subprocess.py:93} INFO - 24/08/09 12:07:47 INFO StandaloneSchedulerBackend: SchedulerBackend is ready for scheduling beginning after reached minRegisteredResourcesRatio: 0.0
[2024-08-09T12:07:47.228+0000] {subprocess.py:93} INFO - 24/08/09 12:07:47 INFO SharedState: Setting hive.metastore.warehouse.dir ('null') to the value of spark.sql.warehouse.dir.
[2024-08-09T12:07:47.230+0000] {subprocess.py:93} INFO - 24/08/09 12:07:47 INFO SharedState: Warehouse path is 'file:/tmp/***tmps99ck83m/spark-warehouse'.
[2024-08-09T12:07:47.677+0000] {subprocess.py:93} INFO - 24/08/09 12:07:47 INFO Version: Elasticsearch Hadoop v8.4.3 [a7873eb469]
[2024-08-09T12:07:47.830+0000] {subprocess.py:93} INFO - Traceback (most recent call last):
[2024-08-09T12:07:47.831+0000] {subprocess.py:93} INFO -   File "/opt/***/jobs/analyze_data.py", line 45, in <module>
[2024-08-09T12:07:47.831+0000] {subprocess.py:93} INFO -     market_trends = load_data_from_elasticsearch(spark, "market_trends")
[2024-08-09T12:07:47.831+0000] {subprocess.py:93} INFO -                     ^^^^^^^^^^^^^^^^^^^^^^^^^^^^^^^^^^^^^^^^^^^^^^^^^^^^
[2024-08-09T12:07:47.831+0000] {subprocess.py:93} INFO -   File "/opt/***/jobs/analyze_data.py", line 13, in load_data_from_elasticsearch
[2024-08-09T12:07:47.832+0000] {subprocess.py:93} INFO -     return spark.read.format("org.elasticsearch.spark.sql").options(**es_read_conf).load()
[2024-08-09T12:07:47.832+0000] {subprocess.py:93} INFO -            ^^^^^^^^^^^^^^^^^^^^^^^^^^^^^^^^^^^^^^^^^^^^^^^^^^^^^^^^^^^^^^^^^^^^^^^^^^^^^^^
[2024-08-09T12:07:47.832+0000] {subprocess.py:93} INFO -   File "/home/***/.local/lib/python3.11/site-packages/pyspark/python/lib/pyspark.zip/pyspark/sql/readwriter.py", line 314, in load
[2024-08-09T12:07:47.836+0000] {subprocess.py:93} INFO -   File "/home/***/.local/lib/python3.11/site-packages/pyspark/python/lib/py4j-0.10.9.7-src.zip/py4j/java_gateway.py", line 1322, in __call__
[2024-08-09T12:07:47.836+0000] {subprocess.py:93} INFO -   File "/home/***/.local/lib/python3.11/site-packages/pyspark/python/lib/pyspark.zip/pyspark/errors/exceptions/captured.py", line 179, in deco
[2024-08-09T12:07:47.836+0000] {subprocess.py:93} INFO -   File "/home/***/.local/lib/python3.11/site-packages/pyspark/python/lib/py4j-0.10.9.7-src.zip/py4j/protocol.py", line 326, in get_return_value
[2024-08-09T12:07:47.837+0000] {subprocess.py:93} INFO - py4j.protocol.Py4JJavaError: An error occurred while calling o44.load.
[2024-08-09T12:07:47.837+0000] {subprocess.py:93} INFO - : org.elasticsearch.hadoop.EsHadoopIllegalArgumentException: Cannot find mapping for market_trends - one is required before using Spark SQL
[2024-08-09T12:07:47.837+0000] {subprocess.py:93} INFO - 	at org.elasticsearch.spark.sql.SchemaUtils$.discoverMappingAndGeoFields(SchemaUtils.scala:122)
[2024-08-09T12:07:47.837+0000] {subprocess.py:93} INFO - 	at org.elasticsearch.spark.sql.SchemaUtils$.discoverMapping(SchemaUtils.scala:93)
[2024-08-09T12:07:47.837+0000] {subprocess.py:93} INFO - 	at org.elasticsearch.spark.sql.ElasticsearchRelation.lazySchema$lzycompute(DefaultSource.scala:238)
[2024-08-09T12:07:47.837+0000] {subprocess.py:93} INFO - 	at org.elasticsearch.spark.sql.ElasticsearchRelation.lazySchema(DefaultSource.scala:238)
[2024-08-09T12:07:47.837+0000] {subprocess.py:93} INFO - 	at org.elasticsearch.spark.sql.ElasticsearchRelation.$anonfun$schema$1(DefaultSource.scala:242)
[2024-08-09T12:07:47.838+0000] {subprocess.py:93} INFO - 	at scala.Option.getOrElse(Option.scala:189)
[2024-08-09T12:07:47.838+0000] {subprocess.py:93} INFO - 	at org.elasticsearch.spark.sql.ElasticsearchRelation.schema(DefaultSource.scala:242)
[2024-08-09T12:07:47.838+0000] {subprocess.py:93} INFO - 	at org.apache.spark.sql.execution.datasources.DataSource.resolveRelation(DataSource.scala:434)
[2024-08-09T12:07:47.838+0000] {subprocess.py:93} INFO - 	at org.apache.spark.sql.DataFrameReader.loadV1Source(DataFrameReader.scala:229)
[2024-08-09T12:07:47.839+0000] {subprocess.py:93} INFO - 	at org.apache.spark.sql.DataFrameReader.$anonfun$load$2(DataFrameReader.scala:211)
[2024-08-09T12:07:47.839+0000] {subprocess.py:93} INFO - 	at scala.Option.getOrElse(Option.scala:189)
[2024-08-09T12:07:47.839+0000] {subprocess.py:93} INFO - 	at org.apache.spark.sql.DataFrameReader.load(DataFrameReader.scala:211)
[2024-08-09T12:07:47.839+0000] {subprocess.py:93} INFO - 	at org.apache.spark.sql.DataFrameReader.load(DataFrameReader.scala:172)
[2024-08-09T12:07:47.839+0000] {subprocess.py:93} INFO - 	at java.base/jdk.internal.reflect.NativeMethodAccessorImpl.invoke0(Native Method)
[2024-08-09T12:07:47.839+0000] {subprocess.py:93} INFO - 	at java.base/jdk.internal.reflect.NativeMethodAccessorImpl.invoke(NativeMethodAccessorImpl.java:62)
[2024-08-09T12:07:47.839+0000] {subprocess.py:93} INFO - 	at java.base/jdk.internal.reflect.DelegatingMethodAccessorImpl.invoke(DelegatingMethodAccessorImpl.java:43)
[2024-08-09T12:07:47.840+0000] {subprocess.py:93} INFO - 	at java.base/java.lang.reflect.Method.invoke(Method.java:566)
[2024-08-09T12:07:47.840+0000] {subprocess.py:93} INFO - 	at py4j.reflection.MethodInvoker.invoke(MethodInvoker.java:244)
[2024-08-09T12:07:47.840+0000] {subprocess.py:93} INFO - 	at py4j.reflection.ReflectionEngine.invoke(ReflectionEngine.java:374)
[2024-08-09T12:07:47.840+0000] {subprocess.py:93} INFO - 	at py4j.Gateway.invoke(Gateway.java:282)
[2024-08-09T12:07:47.840+0000] {subprocess.py:93} INFO - 	at py4j.commands.AbstractCommand.invokeMethod(AbstractCommand.java:132)
[2024-08-09T12:07:47.840+0000] {subprocess.py:93} INFO - 	at py4j.commands.CallCommand.execute(CallCommand.java:79)
[2024-08-09T12:07:47.840+0000] {subprocess.py:93} INFO - 	at py4j.ClientServerConnection.waitForCommands(ClientServerConnection.java:182)
[2024-08-09T12:07:47.841+0000] {subprocess.py:93} INFO - 	at py4j.ClientServerConnection.run(ClientServerConnection.java:106)
[2024-08-09T12:07:47.841+0000] {subprocess.py:93} INFO - 	at java.base/java.lang.Thread.run(Thread.java:829)
[2024-08-09T12:07:47.841+0000] {subprocess.py:93} INFO - 
[2024-08-09T12:07:47.863+0000] {subprocess.py:93} INFO - 24/08/09 12:07:47 INFO SparkContext: Invoking stop() from shutdown hook
[2024-08-09T12:07:47.863+0000] {subprocess.py:93} INFO - 24/08/09 12:07:47 INFO SparkContext: SparkContext is stopping with exitCode 0.
[2024-08-09T12:07:47.869+0000] {subprocess.py:93} INFO - 24/08/09 12:07:47 INFO SparkUI: Stopped Spark web UI at http://c553c98b8e80:4041
[2024-08-09T12:07:47.872+0000] {subprocess.py:93} INFO - 24/08/09 12:07:47 INFO StandaloneSchedulerBackend: Shutting down all executors
[2024-08-09T12:07:47.874+0000] {subprocess.py:93} INFO - 24/08/09 12:07:47 INFO StandaloneSchedulerBackend$StandaloneDriverEndpoint: Asking each executor to shut down
[2024-08-09T12:07:47.884+0000] {subprocess.py:93} INFO - 24/08/09 12:07:47 INFO MapOutputTrackerMasterEndpoint: MapOutputTrackerMasterEndpoint stopped!
[2024-08-09T12:07:47.895+0000] {subprocess.py:93} INFO - 24/08/09 12:07:47 INFO MemoryStore: MemoryStore cleared
[2024-08-09T12:07:47.895+0000] {subprocess.py:93} INFO - 24/08/09 12:07:47 INFO BlockManager: BlockManager stopped
[2024-08-09T12:07:47.898+0000] {subprocess.py:93} INFO - 24/08/09 12:07:47 INFO BlockManagerMaster: BlockManagerMaster stopped
[2024-08-09T12:07:47.899+0000] {subprocess.py:93} INFO - 24/08/09 12:07:47 INFO OutputCommitCoordinator$OutputCommitCoordinatorEndpoint: OutputCommitCoordinator stopped!
[2024-08-09T12:07:47.905+0000] {subprocess.py:93} INFO - 24/08/09 12:07:47 INFO SparkContext: Successfully stopped SparkContext
[2024-08-09T12:07:47.905+0000] {subprocess.py:93} INFO - 24/08/09 12:07:47 INFO ShutdownHookManager: Shutdown hook called
[2024-08-09T12:07:47.906+0000] {subprocess.py:93} INFO - 24/08/09 12:07:47 INFO ShutdownHookManager: Deleting directory /tmp/spark-b75581ae-aedb-4069-ba8f-8e240d3c82a4
[2024-08-09T12:07:47.910+0000] {subprocess.py:93} INFO - 24/08/09 12:07:47 INFO ShutdownHookManager: Deleting directory /tmp/spark-b75581ae-aedb-4069-ba8f-8e240d3c82a4/pyspark-dbe8c820-a63e-4078-9544-edb9143df67a
[2024-08-09T12:07:47.917+0000] {subprocess.py:93} INFO - 24/08/09 12:07:47 INFO ShutdownHookManager: Deleting directory /tmp/spark-54f5a989-3f84-4b5b-bdb0-52ff2dd8b12f
[2024-08-09T12:07:47.951+0000] {subprocess.py:97} INFO - Command exited with return code 1
[2024-08-09T12:07:47.965+0000] {taskinstance.py:1935} ERROR - Task failed with exception
Traceback (most recent call last):
  File "/home/airflow/.local/lib/python3.11/site-packages/airflow/operators/bash.py", line 210, in execute
    raise AirflowException(
airflow.exceptions.AirflowException: Bash command failed. The command returned a non-zero exit code 1.
[2024-08-09T12:07:47.968+0000] {taskinstance.py:1398} INFO - Marking task as UP_FOR_RETRY. dag_id=data_pipeline_api, task_id=analyze_data, execution_date=20240808T003000, start_date=20240809T120744, end_date=20240809T120747
[2024-08-09T12:07:47.978+0000] {standard_task_runner.py:104} ERROR - Failed to execute job 94 for task analyze_data (Bash command failed. The command returned a non-zero exit code 1.; 13231)
[2024-08-09T12:07:47.992+0000] {local_task_job_runner.py:228} INFO - Task exited with return code 1
[2024-08-09T12:07:48.014+0000] {taskinstance.py:2776} INFO - 0 downstream tasks scheduled from follow-on schedule check
[2024-08-09T12:51:42.078+0000] {taskinstance.py:1157} INFO - Dependencies all met for dep_context=non-requeueable deps ti=<TaskInstance: data_pipeline_api.analyze_data scheduled__2024-08-08T00:30:00+00:00 [queued]>
[2024-08-09T12:51:42.081+0000] {taskinstance.py:1157} INFO - Dependencies all met for dep_context=requeueable deps ti=<TaskInstance: data_pipeline_api.analyze_data scheduled__2024-08-08T00:30:00+00:00 [queued]>
[2024-08-09T12:51:42.081+0000] {taskinstance.py:1359} INFO - Starting attempt 2 of 2
[2024-08-09T12:51:42.085+0000] {taskinstance.py:1380} INFO - Executing <Task(BashOperator): analyze_data> on 2024-08-08 00:30:00+00:00
[2024-08-09T12:51:42.087+0000] {standard_task_runner.py:57} INFO - Started process 614 to run task
[2024-08-09T12:51:42.089+0000] {standard_task_runner.py:84} INFO - Running: ['***', 'tasks', 'run', 'data_pipeline_api', 'analyze_data', 'scheduled__2024-08-08T00:30:00+00:00', '--job-id', '5', '--raw', '--subdir', 'DAGS_FOLDER/spark-jobs.py', '--cfg-path', '/tmp/tmpzure9it5']
[2024-08-09T12:51:42.091+0000] {standard_task_runner.py:85} INFO - Job 5: Subtask analyze_data
[2024-08-09T12:51:42.127+0000] {task_command.py:415} INFO - Running <TaskInstance: data_pipeline_api.analyze_data scheduled__2024-08-08T00:30:00+00:00 [running]> on host 27ef58cc88fc
[2024-08-09T12:51:42.166+0000] {taskinstance.py:1660} INFO - Exporting env vars: AIRFLOW_CTX_DAG_OWNER='***' AIRFLOW_CTX_DAG_ID='data_pipeline_api' AIRFLOW_CTX_TASK_ID='analyze_data' AIRFLOW_CTX_EXECUTION_DATE='2024-08-08T00:30:00+00:00' AIRFLOW_CTX_TRY_NUMBER='2' AIRFLOW_CTX_DAG_RUN_ID='scheduled__2024-08-08T00:30:00+00:00'
[2024-08-09T12:51:42.167+0000] {subprocess.py:63} INFO - Tmp dir root location: /tmp
[2024-08-09T12:51:42.167+0000] {subprocess.py:75} INFO - Running command: ['/bin/bash', '-c', 'bash /opt/***/jobs/spark-submit.sh /opt/***/jobs/analyze_data.py ']
[2024-08-09T12:51:42.171+0000] {subprocess.py:86} INFO - Output:
[2024-08-09T12:51:42.174+0000] {subprocess.py:93} INFO - /opt/***/jobs/analyze_data.py
[2024-08-09T12:51:42.231+0000] {subprocess.py:93} INFO - /home/***/.local/lib/python3.11/site-packages/pyspark/bin/load-spark-env.sh: line 68: ps: command not found
[2024-08-09T12:51:43.849+0000] {subprocess.py:93} INFO - 24/08/09 12:51:43 WARN NativeCodeLoader: Unable to load native-hadoop library for your platform... using builtin-java classes where applicable
[2024-08-09T12:51:44.662+0000] {subprocess.py:93} INFO - 24/08/09 12:51:44 INFO SparkContext: Running Spark version 3.5.1
[2024-08-09T12:51:44.665+0000] {subprocess.py:93} INFO - 24/08/09 12:51:44 INFO SparkContext: OS info Linux, 6.6.32-linuxkit, aarch64
[2024-08-09T12:51:44.666+0000] {subprocess.py:93} INFO - 24/08/09 12:51:44 INFO SparkContext: Java version 11.0.23
[2024-08-09T12:51:44.690+0000] {subprocess.py:93} INFO - 24/08/09 12:51:44 INFO ResourceUtils: ==============================================================
[2024-08-09T12:51:44.691+0000] {subprocess.py:93} INFO - 24/08/09 12:51:44 INFO ResourceUtils: No custom resources configured for spark.driver.
[2024-08-09T12:51:44.692+0000] {subprocess.py:93} INFO - 24/08/09 12:51:44 INFO ResourceUtils: ==============================================================
[2024-08-09T12:51:44.693+0000] {subprocess.py:93} INFO - 24/08/09 12:51:44 INFO SparkContext: Submitted application: FinanceDataAnalysis
[2024-08-09T12:51:44.707+0000] {subprocess.py:93} INFO - 24/08/09 12:51:44 INFO ResourceProfile: Default ResourceProfile created, executor resources: Map(cores -> name: cores, amount: 1, script: , vendor: , memory -> name: memory, amount: 1024, script: , vendor: , offHeap -> name: offHeap, amount: 1024, script: , vendor: ), task resources: Map(cpus -> name: cpus, amount: 1.0)
[2024-08-09T12:51:44.714+0000] {subprocess.py:93} INFO - 24/08/09 12:51:44 INFO ResourceProfile: Limiting resource is cpus at 1 tasks per executor
[2024-08-09T12:51:44.714+0000] {subprocess.py:93} INFO - 24/08/09 12:51:44 INFO ResourceProfileManager: Added ResourceProfile id: 0
[2024-08-09T12:51:44.798+0000] {subprocess.py:93} INFO - 24/08/09 12:51:44 INFO SecurityManager: Changing view acls to: ***
[2024-08-09T12:51:44.799+0000] {subprocess.py:93} INFO - 24/08/09 12:51:44 INFO SecurityManager: Changing modify acls to: ***
[2024-08-09T12:51:44.799+0000] {subprocess.py:93} INFO - 24/08/09 12:51:44 INFO SecurityManager: Changing view acls groups to:
[2024-08-09T12:51:44.800+0000] {subprocess.py:93} INFO - 24/08/09 12:51:44 INFO SecurityManager: Changing modify acls groups to:
[2024-08-09T12:51:44.800+0000] {subprocess.py:93} INFO - 24/08/09 12:51:44 INFO SecurityManager: SecurityManager: authentication disabled; ui acls disabled; users with view permissions: ***; groups with view permissions: EMPTY; users with modify permissions: ***; groups with modify permissions: EMPTY
[2024-08-09T12:51:44.962+0000] {subprocess.py:93} INFO - 24/08/09 12:51:44 INFO Utils: Successfully started service 'sparkDriver' on port 45555.
[2024-08-09T12:51:45.060+0000] {subprocess.py:93} INFO - 24/08/09 12:51:45 INFO SparkEnv: Registering MapOutputTracker
[2024-08-09T12:51:45.102+0000] {subprocess.py:93} INFO - 24/08/09 12:51:45 INFO SparkEnv: Registering BlockManagerMaster
[2024-08-09T12:51:45.123+0000] {subprocess.py:93} INFO - 24/08/09 12:51:45 INFO BlockManagerMasterEndpoint: Using org.apache.spark.storage.DefaultTopologyMapper for getting topology information
[2024-08-09T12:51:45.124+0000] {subprocess.py:93} INFO - 24/08/09 12:51:45 INFO BlockManagerMasterEndpoint: BlockManagerMasterEndpoint up
[2024-08-09T12:51:45.138+0000] {subprocess.py:93} INFO - 24/08/09 12:51:45 INFO SparkEnv: Registering BlockManagerMasterHeartbeat
[2024-08-09T12:51:45.151+0000] {subprocess.py:93} INFO - 24/08/09 12:51:45 INFO DiskBlockManager: Created local directory at /tmp/blockmgr-1eca2901-277e-4745-8cae-2eb485d62481
[2024-08-09T12:51:45.168+0000] {subprocess.py:93} INFO - 24/08/09 12:51:45 INFO MemoryStore: MemoryStore started with capacity 1458.4 MiB
[2024-08-09T12:51:45.229+0000] {subprocess.py:93} INFO - 24/08/09 12:51:45 INFO SparkEnv: Registering OutputCommitCoordinator
[2024-08-09T12:51:45.381+0000] {subprocess.py:93} INFO - 24/08/09 12:51:45 INFO JettyUtils: Start Jetty 0.0.0.0:4040 for SparkUI
[2024-08-09T12:51:45.513+0000] {subprocess.py:93} INFO - 24/08/09 12:51:45 INFO Utils: Successfully started service 'SparkUI' on port 4040.
[2024-08-09T12:51:45.545+0000] {subprocess.py:93} INFO - 24/08/09 12:51:45 INFO SparkContext: Added JAR file:///opt/bitnami/spark/resources/elasticsearch-spark-30_2.12-8.4.3.jar at spark://27ef58cc88fc:45555/jars/elasticsearch-spark-30_2.12-8.4.3.jar with timestamp 1723207904646
[2024-08-09T12:51:45.600+0000] {subprocess.py:93} INFO - 24/08/09 12:51:45 INFO StandaloneAppClient$ClientEndpoint: Connecting to master spark://spark-master:7077...
[2024-08-09T12:51:45.648+0000] {subprocess.py:93} INFO - 24/08/09 12:51:45 INFO TransportClientFactory: Successfully created connection to spark-master/172.18.0.4:7077 after 32 ms (0 ms spent in bootstraps)
[2024-08-09T12:51:45.733+0000] {subprocess.py:93} INFO - 24/08/09 12:51:45 INFO StandaloneSchedulerBackend: Connected to Spark cluster with app ID app-20240809125145-0002
[2024-08-09T12:51:45.737+0000] {subprocess.py:93} INFO - 24/08/09 12:51:45 INFO Utils: Successfully started service 'org.apache.spark.network.netty.NettyBlockTransferService' on port 35683.
[2024-08-09T12:51:45.738+0000] {subprocess.py:93} INFO - 24/08/09 12:51:45 INFO NettyBlockTransferService: Server created on 27ef58cc88fc:35683
[2024-08-09T12:51:45.739+0000] {subprocess.py:93} INFO - 24/08/09 12:51:45 INFO BlockManager: Using org.apache.spark.storage.RandomBlockReplicationPolicy for block replication policy
[2024-08-09T12:51:45.739+0000] {subprocess.py:93} INFO - 24/08/09 12:51:45 INFO BlockManager: external shuffle service port = 7337
[2024-08-09T12:51:45.742+0000] {subprocess.py:93} INFO - 24/08/09 12:51:45 INFO BlockManagerMaster: Registering BlockManager BlockManagerId(driver, 27ef58cc88fc, 35683, None)
[2024-08-09T12:51:45.744+0000] {subprocess.py:93} INFO - 24/08/09 12:51:45 INFO BlockManagerMasterEndpoint: Registering block manager 27ef58cc88fc:35683 with 1458.4 MiB RAM, BlockManagerId(driver, 27ef58cc88fc, 35683, None)
[2024-08-09T12:51:45.745+0000] {subprocess.py:93} INFO - 24/08/09 12:51:45 INFO BlockManagerMaster: Registered BlockManager BlockManagerId(driver, 27ef58cc88fc, 35683, None)
[2024-08-09T12:51:45.748+0000] {subprocess.py:93} INFO - 24/08/09 12:51:45 INFO BlockManager: Initialized BlockManager: BlockManagerId(driver, 27ef58cc88fc, 35683, None)
[2024-08-09T12:51:45.900+0000] {subprocess.py:93} INFO - 24/08/09 12:51:45 INFO StandaloneSchedulerBackend: SchedulerBackend is ready for scheduling beginning after reached minRegisteredResourcesRatio: 0.0
[2024-08-09T12:51:46.044+0000] {subprocess.py:93} INFO - 24/08/09 12:51:46 INFO SharedState: Setting hive.metastore.warehouse.dir ('null') to the value of spark.sql.warehouse.dir.
[2024-08-09T12:51:46.045+0000] {subprocess.py:93} INFO - 24/08/09 12:51:46 INFO SharedState: Warehouse path is 'file:/tmp/***tmpmhv5gmkc/spark-warehouse'.
[2024-08-09T12:51:46.606+0000] {subprocess.py:93} INFO - 24/08/09 12:51:46 INFO Version: Elasticsearch Hadoop v8.4.3 [a7873eb469]
[2024-08-09T12:51:46.765+0000] {subprocess.py:93} INFO - Traceback (most recent call last):
[2024-08-09T12:51:46.766+0000] {subprocess.py:93} INFO -   File "/opt/***/jobs/analyze_data.py", line 45, in <module>
[2024-08-09T12:51:46.766+0000] {subprocess.py:93} INFO -     market_trends = load_data_from_elasticsearch(spark, "market_trends")
[2024-08-09T12:51:46.766+0000] {subprocess.py:93} INFO -                     ^^^^^^^^^^^^^^^^^^^^^^^^^^^^^^^^^^^^^^^^^^^^^^^^^^^^
[2024-08-09T12:51:46.766+0000] {subprocess.py:93} INFO -   File "/opt/***/jobs/analyze_data.py", line 13, in load_data_from_elasticsearch
[2024-08-09T12:51:46.767+0000] {subprocess.py:93} INFO -     return spark.read.format("org.elasticsearch.spark.sql").options(**es_read_conf).load()
[2024-08-09T12:51:46.767+0000] {subprocess.py:93} INFO -            ^^^^^^^^^^^^^^^^^^^^^^^^^^^^^^^^^^^^^^^^^^^^^^^^^^^^^^^^^^^^^^^^^^^^^^^^^^^^^^^
[2024-08-09T12:51:46.767+0000] {subprocess.py:93} INFO -   File "/home/***/.local/lib/python3.11/site-packages/pyspark/python/lib/pyspark.zip/pyspark/sql/readwriter.py", line 314, in load
[2024-08-09T12:51:46.767+0000] {subprocess.py:93} INFO -   File "/home/***/.local/lib/python3.11/site-packages/pyspark/python/lib/py4j-0.10.9.7-src.zip/py4j/java_gateway.py", line 1322, in __call__
[2024-08-09T12:51:46.768+0000] {subprocess.py:93} INFO -   File "/home/***/.local/lib/python3.11/site-packages/pyspark/python/lib/pyspark.zip/pyspark/errors/exceptions/captured.py", line 179, in deco
[2024-08-09T12:51:46.768+0000] {subprocess.py:93} INFO -   File "/home/***/.local/lib/python3.11/site-packages/pyspark/python/lib/py4j-0.10.9.7-src.zip/py4j/protocol.py", line 326, in get_return_value
[2024-08-09T12:51:46.768+0000] {subprocess.py:93} INFO - py4j.protocol.Py4JJavaError: An error occurred while calling o39.load.
[2024-08-09T12:51:46.768+0000] {subprocess.py:93} INFO - : org.elasticsearch.hadoop.EsHadoopIllegalArgumentException: Cannot find mapping for market_trends - one is required before using Spark SQL
[2024-08-09T12:51:46.768+0000] {subprocess.py:93} INFO - 	at org.elasticsearch.spark.sql.SchemaUtils$.discoverMappingAndGeoFields(SchemaUtils.scala:122)
[2024-08-09T12:51:46.769+0000] {subprocess.py:93} INFO - 	at org.elasticsearch.spark.sql.SchemaUtils$.discoverMapping(SchemaUtils.scala:93)
[2024-08-09T12:51:46.769+0000] {subprocess.py:93} INFO - 	at org.elasticsearch.spark.sql.ElasticsearchRelation.lazySchema$lzycompute(DefaultSource.scala:238)
[2024-08-09T12:51:46.769+0000] {subprocess.py:93} INFO - 	at org.elasticsearch.spark.sql.ElasticsearchRelation.lazySchema(DefaultSource.scala:238)
[2024-08-09T12:51:46.769+0000] {subprocess.py:93} INFO - 	at org.elasticsearch.spark.sql.ElasticsearchRelation.$anonfun$schema$1(DefaultSource.scala:242)
[2024-08-09T12:51:46.769+0000] {subprocess.py:93} INFO - 	at scala.Option.getOrElse(Option.scala:189)
[2024-08-09T12:51:46.769+0000] {subprocess.py:93} INFO - 	at org.elasticsearch.spark.sql.ElasticsearchRelation.schema(DefaultSource.scala:242)
[2024-08-09T12:51:46.769+0000] {subprocess.py:93} INFO - 	at org.apache.spark.sql.execution.datasources.DataSource.resolveRelation(DataSource.scala:434)
[2024-08-09T12:51:46.769+0000] {subprocess.py:93} INFO - 	at org.apache.spark.sql.DataFrameReader.loadV1Source(DataFrameReader.scala:229)
[2024-08-09T12:51:46.769+0000] {subprocess.py:93} INFO - 	at org.apache.spark.sql.DataFrameReader.$anonfun$load$2(DataFrameReader.scala:211)
[2024-08-09T12:51:46.770+0000] {subprocess.py:93} INFO - 	at scala.Option.getOrElse(Option.scala:189)
[2024-08-09T12:51:46.770+0000] {subprocess.py:93} INFO - 	at org.apache.spark.sql.DataFrameReader.load(DataFrameReader.scala:211)
[2024-08-09T12:51:46.770+0000] {subprocess.py:93} INFO - 	at org.apache.spark.sql.DataFrameReader.load(DataFrameReader.scala:172)
[2024-08-09T12:51:46.770+0000] {subprocess.py:93} INFO - 	at java.base/jdk.internal.reflect.NativeMethodAccessorImpl.invoke0(Native Method)
[2024-08-09T12:51:46.770+0000] {subprocess.py:93} INFO - 	at java.base/jdk.internal.reflect.NativeMethodAccessorImpl.invoke(NativeMethodAccessorImpl.java:62)
[2024-08-09T12:51:46.770+0000] {subprocess.py:93} INFO - 	at java.base/jdk.internal.reflect.DelegatingMethodAccessorImpl.invoke(DelegatingMethodAccessorImpl.java:43)
[2024-08-09T12:51:46.770+0000] {subprocess.py:93} INFO - 	at java.base/java.lang.reflect.Method.invoke(Method.java:566)
[2024-08-09T12:51:46.770+0000] {subprocess.py:93} INFO - 	at py4j.reflection.MethodInvoker.invoke(MethodInvoker.java:244)
[2024-08-09T12:51:46.770+0000] {subprocess.py:93} INFO - 	at py4j.reflection.ReflectionEngine.invoke(ReflectionEngine.java:374)
[2024-08-09T12:51:46.771+0000] {subprocess.py:93} INFO - 	at py4j.Gateway.invoke(Gateway.java:282)
[2024-08-09T12:51:46.771+0000] {subprocess.py:93} INFO - 	at py4j.commands.AbstractCommand.invokeMethod(AbstractCommand.java:132)
[2024-08-09T12:51:46.771+0000] {subprocess.py:93} INFO - 	at py4j.commands.CallCommand.execute(CallCommand.java:79)
[2024-08-09T12:51:46.771+0000] {subprocess.py:93} INFO - 	at py4j.ClientServerConnection.waitForCommands(ClientServerConnection.java:182)
[2024-08-09T12:51:46.771+0000] {subprocess.py:93} INFO - 	at py4j.ClientServerConnection.run(ClientServerConnection.java:106)
[2024-08-09T12:51:46.771+0000] {subprocess.py:93} INFO - 	at java.base/java.lang.Thread.run(Thread.java:829)
[2024-08-09T12:51:46.771+0000] {subprocess.py:93} INFO - 
[2024-08-09T12:51:46.802+0000] {subprocess.py:93} INFO - 24/08/09 12:51:46 INFO SparkContext: Invoking stop() from shutdown hook
[2024-08-09T12:51:46.802+0000] {subprocess.py:93} INFO - 24/08/09 12:51:46 INFO SparkContext: SparkContext is stopping with exitCode 0.
[2024-08-09T12:51:46.807+0000] {subprocess.py:93} INFO - 24/08/09 12:51:46 INFO SparkUI: Stopped Spark web UI at http://27ef58cc88fc:4040
[2024-08-09T12:51:46.809+0000] {subprocess.py:93} INFO - 24/08/09 12:51:46 INFO StandaloneSchedulerBackend: Shutting down all executors
[2024-08-09T12:51:46.811+0000] {subprocess.py:93} INFO - 24/08/09 12:51:46 INFO StandaloneSchedulerBackend$StandaloneDriverEndpoint: Asking each executor to shut down
[2024-08-09T12:51:46.819+0000] {subprocess.py:93} INFO - 24/08/09 12:51:46 INFO MapOutputTrackerMasterEndpoint: MapOutputTrackerMasterEndpoint stopped!
[2024-08-09T12:51:46.837+0000] {subprocess.py:93} INFO - 24/08/09 12:51:46 INFO MemoryStore: MemoryStore cleared
[2024-08-09T12:51:46.838+0000] {subprocess.py:93} INFO - 24/08/09 12:51:46 INFO BlockManager: BlockManager stopped
[2024-08-09T12:51:46.842+0000] {subprocess.py:93} INFO - 24/08/09 12:51:46 INFO BlockManagerMaster: BlockManagerMaster stopped
[2024-08-09T12:51:46.843+0000] {subprocess.py:93} INFO - 24/08/09 12:51:46 INFO OutputCommitCoordinator$OutputCommitCoordinatorEndpoint: OutputCommitCoordinator stopped!
[2024-08-09T12:51:46.854+0000] {subprocess.py:93} INFO - 24/08/09 12:51:46 INFO SparkContext: Successfully stopped SparkContext
[2024-08-09T12:51:46.854+0000] {subprocess.py:93} INFO - 24/08/09 12:51:46 INFO ShutdownHookManager: Shutdown hook called
[2024-08-09T12:51:46.854+0000] {subprocess.py:93} INFO - 24/08/09 12:51:46 INFO ShutdownHookManager: Deleting directory /tmp/spark-d3e5c567-1414-43eb-853c-e2d38f1360d9
[2024-08-09T12:51:46.858+0000] {subprocess.py:93} INFO - 24/08/09 12:51:46 INFO ShutdownHookManager: Deleting directory /tmp/spark-147b5eb3-b951-450f-86ab-4ad021a88247
[2024-08-09T12:51:46.861+0000] {subprocess.py:93} INFO - 24/08/09 12:51:46 INFO ShutdownHookManager: Deleting directory /tmp/spark-147b5eb3-b951-450f-86ab-4ad021a88247/pyspark-ce2fc941-4a60-4f0a-97ac-0d334db6de4b
[2024-08-09T12:51:46.894+0000] {subprocess.py:97} INFO - Command exited with return code 1
[2024-08-09T12:51:46.916+0000] {taskinstance.py:1935} ERROR - Task failed with exception
Traceback (most recent call last):
  File "/home/airflow/.local/lib/python3.11/site-packages/airflow/operators/bash.py", line 210, in execute
    raise AirflowException(
airflow.exceptions.AirflowException: Bash command failed. The command returned a non-zero exit code 1.
[2024-08-09T12:51:46.919+0000] {taskinstance.py:1398} INFO - Marking task as FAILED. dag_id=data_pipeline_api, task_id=analyze_data, execution_date=20240808T003000, start_date=20240809T125142, end_date=20240809T125146
[2024-08-09T12:51:46.928+0000] {standard_task_runner.py:104} ERROR - Failed to execute job 5 for task analyze_data (Bash command failed. The command returned a non-zero exit code 1.; 614)
[2024-08-09T12:51:46.971+0000] {local_task_job_runner.py:228} INFO - Task exited with return code 1
[2024-08-09T12:51:47.000+0000] {taskinstance.py:2776} INFO - 0 downstream tasks scheduled from follow-on schedule check
