[2024-08-11T00:07:07.044+0000] {processor.py:157} INFO - Started process (PID=31800) to work on /opt/airflow/dags/spark-jobs.py
[2024-08-11T00:07:07.050+0000] {processor.py:829} INFO - Processing file /opt/airflow/dags/spark-jobs.py for tasks to queue
[2024-08-11T00:07:07.061+0000] {logging_mixin.py:151} INFO - [2024-08-11T00:07:07.059+0000] {dagbag.py:539} INFO - Filling up the DagBag from /opt/airflow/dags/spark-jobs.py
[2024-08-11T00:07:07.090+0000] {processor.py:839} INFO - DAG(s) dict_keys(['data_pipeline_api']) retrieved from /opt/airflow/dags/spark-jobs.py
[2024-08-11T00:07:07.137+0000] {logging_mixin.py:151} INFO - [2024-08-11T00:07:07.137+0000] {dag.py:2915} INFO - Sync 1 DAGs
[2024-08-11T00:07:07.156+0000] {logging_mixin.py:151} INFO - [2024-08-11T00:07:07.156+0000] {dag.py:3696} INFO - Setting next_dagrun for data_pipeline_api to 2024-08-10T00:30:00+00:00, run_after=2024-08-11T00:30:00+00:00
[2024-08-11T00:07:07.180+0000] {processor.py:179} INFO - Processing /opt/airflow/dags/spark-jobs.py took 0.148 seconds
[2024-08-11T00:33:36.914+0000] {processor.py:157} INFO - Started process (PID=31813) to work on /opt/airflow/dags/spark-jobs.py
[2024-08-11T00:33:37.066+0000] {processor.py:829} INFO - Processing file /opt/airflow/dags/spark-jobs.py for tasks to queue
[2024-08-11T00:33:37.076+0000] {logging_mixin.py:151} INFO - [2024-08-11T00:33:37.075+0000] {dagbag.py:539} INFO - Filling up the DagBag from /opt/airflow/dags/spark-jobs.py
[2024-08-11T00:33:37.107+0000] {processor.py:839} INFO - DAG(s) dict_keys(['data_pipeline_api']) retrieved from /opt/airflow/dags/spark-jobs.py
[2024-08-11T00:33:37.172+0000] {logging_mixin.py:151} INFO - [2024-08-11T00:33:37.172+0000] {dag.py:2915} INFO - Sync 1 DAGs
[2024-08-11T00:33:37.233+0000] {processor.py:179} INFO - Processing /opt/airflow/dags/spark-jobs.py took 0.323 seconds
[2024-08-11T01:34:29.799+0000] {processor.py:157} INFO - Started process (PID=32429) to work on /opt/airflow/dags/spark-jobs.py
[2024-08-11T01:34:29.802+0000] {processor.py:829} INFO - Processing file /opt/airflow/dags/spark-jobs.py for tasks to queue
[2024-08-11T01:34:29.807+0000] {logging_mixin.py:151} INFO - [2024-08-11T01:34:29.806+0000] {dagbag.py:539} INFO - Filling up the DagBag from /opt/airflow/dags/spark-jobs.py
[2024-08-11T01:34:29.832+0000] {processor.py:839} INFO - DAG(s) dict_keys(['data_pipeline_api']) retrieved from /opt/airflow/dags/spark-jobs.py
[2024-08-11T01:34:29.896+0000] {logging_mixin.py:151} INFO - [2024-08-11T01:34:29.895+0000] {dag.py:2915} INFO - Sync 1 DAGs
[2024-08-11T01:34:29.977+0000] {processor.py:179} INFO - Processing /opt/airflow/dags/spark-jobs.py took 0.188 seconds
[2024-08-11T01:35:00.159+0000] {processor.py:157} INFO - Started process (PID=32665) to work on /opt/airflow/dags/spark-jobs.py
[2024-08-11T01:35:00.161+0000] {processor.py:829} INFO - Processing file /opt/airflow/dags/spark-jobs.py for tasks to queue
[2024-08-11T01:35:00.165+0000] {logging_mixin.py:151} INFO - [2024-08-11T01:35:00.165+0000] {dagbag.py:539} INFO - Filling up the DagBag from /opt/airflow/dags/spark-jobs.py
[2024-08-11T01:35:00.182+0000] {processor.py:839} INFO - DAG(s) dict_keys(['data_pipeline_api']) retrieved from /opt/airflow/dags/spark-jobs.py
[2024-08-11T01:35:00.218+0000] {logging_mixin.py:151} INFO - [2024-08-11T01:35:00.218+0000] {dag.py:2915} INFO - Sync 1 DAGs
[2024-08-11T01:35:00.239+0000] {logging_mixin.py:151} INFO - [2024-08-11T01:35:00.239+0000] {dag.py:3696} INFO - Setting next_dagrun for data_pipeline_api to 2024-08-11T00:30:00+00:00, run_after=2024-08-12T00:30:00+00:00
[2024-08-11T01:35:00.250+0000] {processor.py:179} INFO - Processing /opt/airflow/dags/spark-jobs.py took 0.096 seconds
[2024-08-11T02:35:26.619+0000] {processor.py:157} INFO - Started process (PID=32675) to work on /opt/airflow/dags/spark-jobs.py
[2024-08-11T02:35:26.619+0000] {processor.py:829} INFO - Processing file /opt/airflow/dags/spark-jobs.py for tasks to queue
[2024-08-11T02:35:26.623+0000] {logging_mixin.py:151} INFO - [2024-08-11T02:35:26.623+0000] {dagbag.py:539} INFO - Filling up the DagBag from /opt/airflow/dags/spark-jobs.py
[2024-08-11T02:35:26.640+0000] {processor.py:839} INFO - DAG(s) dict_keys(['data_pipeline_api']) retrieved from /opt/airflow/dags/spark-jobs.py
[2024-08-11T02:35:26.667+0000] {logging_mixin.py:151} INFO - [2024-08-11T02:35:26.667+0000] {dag.py:2915} INFO - Sync 1 DAGs
[2024-08-11T02:35:26.684+0000] {logging_mixin.py:151} INFO - [2024-08-11T02:35:26.684+0000] {dag.py:3696} INFO - Setting next_dagrun for data_pipeline_api to 2024-08-11T00:30:00+00:00, run_after=2024-08-12T00:30:00+00:00
[2024-08-11T02:35:26.702+0000] {processor.py:179} INFO - Processing /opt/airflow/dags/spark-jobs.py took 0.087 seconds
[2024-08-11T02:35:57.076+0000] {processor.py:157} INFO - Started process (PID=32685) to work on /opt/airflow/dags/spark-jobs.py
[2024-08-11T02:35:57.077+0000] {processor.py:829} INFO - Processing file /opt/airflow/dags/spark-jobs.py for tasks to queue
[2024-08-11T02:35:57.082+0000] {logging_mixin.py:151} INFO - [2024-08-11T02:35:57.081+0000] {dagbag.py:539} INFO - Filling up the DagBag from /opt/airflow/dags/spark-jobs.py
[2024-08-11T02:35:57.098+0000] {processor.py:839} INFO - DAG(s) dict_keys(['data_pipeline_api']) retrieved from /opt/airflow/dags/spark-jobs.py
[2024-08-11T02:35:57.120+0000] {logging_mixin.py:151} INFO - [2024-08-11T02:35:57.120+0000] {dag.py:2915} INFO - Sync 1 DAGs
[2024-08-11T02:35:57.134+0000] {logging_mixin.py:151} INFO - [2024-08-11T02:35:57.134+0000] {dag.py:3696} INFO - Setting next_dagrun for data_pipeline_api to 2024-08-11T00:30:00+00:00, run_after=2024-08-12T00:30:00+00:00
[2024-08-11T02:35:57.141+0000] {processor.py:179} INFO - Processing /opt/airflow/dags/spark-jobs.py took 0.071 seconds
[2024-08-11T02:49:46.350+0000] {processor.py:157} INFO - Started process (PID=32695) to work on /opt/airflow/dags/spark-jobs.py
[2024-08-11T02:49:46.352+0000] {processor.py:829} INFO - Processing file /opt/airflow/dags/spark-jobs.py for tasks to queue
[2024-08-11T02:49:46.354+0000] {logging_mixin.py:151} INFO - [2024-08-11T02:49:46.354+0000] {dagbag.py:539} INFO - Filling up the DagBag from /opt/airflow/dags/spark-jobs.py
[2024-08-11T02:49:46.365+0000] {processor.py:839} INFO - DAG(s) dict_keys(['data_pipeline_api']) retrieved from /opt/airflow/dags/spark-jobs.py
[2024-08-11T02:49:46.383+0000] {logging_mixin.py:151} INFO - [2024-08-11T02:49:46.382+0000] {dag.py:2915} INFO - Sync 1 DAGs
[2024-08-11T02:49:46.397+0000] {logging_mixin.py:151} INFO - [2024-08-11T02:49:46.397+0000] {dag.py:3696} INFO - Setting next_dagrun for data_pipeline_api to 2024-08-11T00:30:00+00:00, run_after=2024-08-12T00:30:00+00:00
[2024-08-11T02:49:46.407+0000] {processor.py:179} INFO - Processing /opt/airflow/dags/spark-jobs.py took 0.059 seconds
[2024-08-11T03:06:00.766+0000] {processor.py:157} INFO - Started process (PID=32705) to work on /opt/airflow/dags/spark-jobs.py
[2024-08-11T03:06:00.768+0000] {processor.py:829} INFO - Processing file /opt/airflow/dags/spark-jobs.py for tasks to queue
[2024-08-11T03:06:00.772+0000] {logging_mixin.py:151} INFO - [2024-08-11T03:06:00.771+0000] {dagbag.py:539} INFO - Filling up the DagBag from /opt/airflow/dags/spark-jobs.py
[2024-08-11T03:06:00.853+0000] {processor.py:839} INFO - DAG(s) dict_keys(['data_pipeline_api']) retrieved from /opt/airflow/dags/spark-jobs.py
[2024-08-11T03:06:00.906+0000] {logging_mixin.py:151} INFO - [2024-08-11T03:06:00.906+0000] {dag.py:2915} INFO - Sync 1 DAGs
[2024-08-11T03:06:00.932+0000] {logging_mixin.py:151} INFO - [2024-08-11T03:06:00.932+0000] {dag.py:3696} INFO - Setting next_dagrun for data_pipeline_api to 2024-08-11T00:30:00+00:00, run_after=2024-08-12T00:30:00+00:00
[2024-08-11T03:06:00.953+0000] {processor.py:179} INFO - Processing /opt/airflow/dags/spark-jobs.py took 0.193 seconds
[2024-08-11T03:36:37.392+0000] {processor.py:157} INFO - Started process (PID=32715) to work on /opt/airflow/dags/spark-jobs.py
[2024-08-11T03:36:37.394+0000] {processor.py:829} INFO - Processing file /opt/airflow/dags/spark-jobs.py for tasks to queue
[2024-08-11T03:36:37.404+0000] {logging_mixin.py:151} INFO - [2024-08-11T03:36:37.402+0000] {dagbag.py:539} INFO - Filling up the DagBag from /opt/airflow/dags/spark-jobs.py
[2024-08-11T03:36:37.430+0000] {processor.py:839} INFO - DAG(s) dict_keys(['data_pipeline_api']) retrieved from /opt/airflow/dags/spark-jobs.py
[2024-08-11T03:36:37.454+0000] {logging_mixin.py:151} INFO - [2024-08-11T03:36:37.454+0000] {dag.py:2915} INFO - Sync 1 DAGs
[2024-08-11T03:36:37.467+0000] {logging_mixin.py:151} INFO - [2024-08-11T03:36:37.467+0000] {dag.py:3696} INFO - Setting next_dagrun for data_pipeline_api to 2024-08-11T00:30:00+00:00, run_after=2024-08-12T00:30:00+00:00
[2024-08-11T03:36:37.478+0000] {processor.py:179} INFO - Processing /opt/airflow/dags/spark-jobs.py took 0.091 seconds
[2024-08-11T03:54:31.024+0000] {processor.py:157} INFO - Started process (PID=32725) to work on /opt/airflow/dags/spark-jobs.py
[2024-08-11T03:54:31.025+0000] {processor.py:829} INFO - Processing file /opt/airflow/dags/spark-jobs.py for tasks to queue
[2024-08-11T03:54:31.029+0000] {logging_mixin.py:151} INFO - [2024-08-11T03:54:31.028+0000] {dagbag.py:539} INFO - Filling up the DagBag from /opt/airflow/dags/spark-jobs.py
[2024-08-11T03:54:31.060+0000] {processor.py:839} INFO - DAG(s) dict_keys(['data_pipeline_api']) retrieved from /opt/airflow/dags/spark-jobs.py
[2024-08-11T03:54:31.110+0000] {logging_mixin.py:151} INFO - [2024-08-11T03:54:31.110+0000] {dag.py:2915} INFO - Sync 1 DAGs
[2024-08-11T03:54:31.143+0000] {logging_mixin.py:151} INFO - [2024-08-11T03:54:31.143+0000] {dag.py:3696} INFO - Setting next_dagrun for data_pipeline_api to 2024-08-11T00:30:00+00:00, run_after=2024-08-12T00:30:00+00:00
[2024-08-11T03:54:31.159+0000] {processor.py:179} INFO - Processing /opt/airflow/dags/spark-jobs.py took 0.154 seconds
[2024-08-11T04:37:33.817+0000] {processor.py:157} INFO - Started process (PID=32737) to work on /opt/airflow/dags/spark-jobs.py
[2024-08-11T04:37:33.818+0000] {processor.py:829} INFO - Processing file /opt/airflow/dags/spark-jobs.py for tasks to queue
[2024-08-11T04:37:33.826+0000] {logging_mixin.py:151} INFO - [2024-08-11T04:37:33.825+0000] {dagbag.py:539} INFO - Filling up the DagBag from /opt/airflow/dags/spark-jobs.py
[2024-08-11T04:37:33.843+0000] {processor.py:839} INFO - DAG(s) dict_keys(['data_pipeline_api']) retrieved from /opt/airflow/dags/spark-jobs.py
[2024-08-11T04:37:33.865+0000] {logging_mixin.py:151} INFO - [2024-08-11T04:37:33.865+0000] {dag.py:2915} INFO - Sync 1 DAGs
[2024-08-11T04:37:33.878+0000] {logging_mixin.py:151} INFO - [2024-08-11T04:37:33.878+0000] {dag.py:3696} INFO - Setting next_dagrun for data_pipeline_api to 2024-08-11T00:30:00+00:00, run_after=2024-08-12T00:30:00+00:00
[2024-08-11T04:37:33.889+0000] {processor.py:179} INFO - Processing /opt/airflow/dags/spark-jobs.py took 0.082 seconds
[2024-08-11T04:54:15.264+0000] {processor.py:157} INFO - Started process (PID=32747) to work on /opt/airflow/dags/spark-jobs.py
[2024-08-11T04:54:15.268+0000] {processor.py:829} INFO - Processing file /opt/airflow/dags/spark-jobs.py for tasks to queue
[2024-08-11T04:54:15.276+0000] {logging_mixin.py:151} INFO - [2024-08-11T04:54:15.275+0000] {dagbag.py:539} INFO - Filling up the DagBag from /opt/airflow/dags/spark-jobs.py
[2024-08-11T04:54:15.293+0000] {processor.py:839} INFO - DAG(s) dict_keys(['data_pipeline_api']) retrieved from /opt/airflow/dags/spark-jobs.py
[2024-08-11T04:54:15.330+0000] {logging_mixin.py:151} INFO - [2024-08-11T04:54:15.330+0000] {dag.py:2915} INFO - Sync 1 DAGs
[2024-08-11T04:54:15.352+0000] {logging_mixin.py:151} INFO - [2024-08-11T04:54:15.352+0000] {dag.py:3696} INFO - Setting next_dagrun for data_pipeline_api to 2024-08-11T00:30:00+00:00, run_after=2024-08-12T00:30:00+00:00
[2024-08-11T04:54:15.372+0000] {processor.py:179} INFO - Processing /opt/airflow/dags/spark-jobs.py took 0.125 seconds
[2024-08-11T05:38:31.639+0000] {processor.py:157} INFO - Started process (PID=32757) to work on /opt/airflow/dags/spark-jobs.py
[2024-08-11T05:38:31.640+0000] {processor.py:829} INFO - Processing file /opt/airflow/dags/spark-jobs.py for tasks to queue
[2024-08-11T05:38:31.649+0000] {logging_mixin.py:151} INFO - [2024-08-11T05:38:31.647+0000] {dagbag.py:539} INFO - Filling up the DagBag from /opt/airflow/dags/spark-jobs.py
[2024-08-11T05:38:31.676+0000] {processor.py:839} INFO - DAG(s) dict_keys(['data_pipeline_api']) retrieved from /opt/airflow/dags/spark-jobs.py
[2024-08-11T05:38:31.701+0000] {logging_mixin.py:151} INFO - [2024-08-11T05:38:31.701+0000] {dag.py:2915} INFO - Sync 1 DAGs
[2024-08-11T05:38:31.723+0000] {logging_mixin.py:151} INFO - [2024-08-11T05:38:31.723+0000] {dag.py:3696} INFO - Setting next_dagrun for data_pipeline_api to 2024-08-11T00:30:00+00:00, run_after=2024-08-12T00:30:00+00:00
[2024-08-11T05:38:31.740+0000] {processor.py:179} INFO - Processing /opt/airflow/dags/spark-jobs.py took 0.104 seconds
[2024-08-11T05:39:02.076+0000] {processor.py:157} INFO - Started process (PID=32767) to work on /opt/airflow/dags/spark-jobs.py
[2024-08-11T05:39:02.082+0000] {processor.py:829} INFO - Processing file /opt/airflow/dags/spark-jobs.py for tasks to queue
[2024-08-11T05:39:02.087+0000] {logging_mixin.py:151} INFO - [2024-08-11T05:39:02.086+0000] {dagbag.py:539} INFO - Filling up the DagBag from /opt/airflow/dags/spark-jobs.py
[2024-08-11T05:39:02.116+0000] {processor.py:839} INFO - DAG(s) dict_keys(['data_pipeline_api']) retrieved from /opt/airflow/dags/spark-jobs.py
[2024-08-11T05:39:02.339+0000] {logging_mixin.py:151} INFO - [2024-08-11T05:39:02.339+0000] {dag.py:2915} INFO - Sync 1 DAGs
[2024-08-11T05:39:02.362+0000] {logging_mixin.py:151} INFO - [2024-08-11T05:39:02.362+0000] {dag.py:3696} INFO - Setting next_dagrun for data_pipeline_api to 2024-08-11T00:30:00+00:00, run_after=2024-08-12T00:30:00+00:00
[2024-08-11T05:39:02.400+0000] {processor.py:179} INFO - Processing /opt/airflow/dags/spark-jobs.py took 0.338 seconds
[2024-08-11T06:39:27.619+0000] {processor.py:157} INFO - Started process (PID=32777) to work on /opt/airflow/dags/spark-jobs.py
[2024-08-11T06:39:27.620+0000] {processor.py:829} INFO - Processing file /opt/airflow/dags/spark-jobs.py for tasks to queue
[2024-08-11T06:39:27.626+0000] {logging_mixin.py:151} INFO - [2024-08-11T06:39:27.625+0000] {dagbag.py:539} INFO - Filling up the DagBag from /opt/airflow/dags/spark-jobs.py
[2024-08-11T06:39:27.648+0000] {processor.py:839} INFO - DAG(s) dict_keys(['data_pipeline_api']) retrieved from /opt/airflow/dags/spark-jobs.py
[2024-08-11T06:39:27.682+0000] {logging_mixin.py:151} INFO - [2024-08-11T06:39:27.681+0000] {dag.py:2915} INFO - Sync 1 DAGs
[2024-08-11T06:39:27.709+0000] {logging_mixin.py:151} INFO - [2024-08-11T06:39:27.709+0000] {dag.py:3696} INFO - Setting next_dagrun for data_pipeline_api to 2024-08-11T00:30:00+00:00, run_after=2024-08-12T00:30:00+00:00
[2024-08-11T06:39:27.727+0000] {processor.py:179} INFO - Processing /opt/airflow/dags/spark-jobs.py took 0.112 seconds
[2024-08-11T06:39:58.051+0000] {processor.py:157} INFO - Started process (PID=32787) to work on /opt/airflow/dags/spark-jobs.py
[2024-08-11T06:39:58.055+0000] {processor.py:829} INFO - Processing file /opt/airflow/dags/spark-jobs.py for tasks to queue
[2024-08-11T06:39:58.058+0000] {logging_mixin.py:151} INFO - [2024-08-11T06:39:58.058+0000] {dagbag.py:539} INFO - Filling up the DagBag from /opt/airflow/dags/spark-jobs.py
[2024-08-11T06:39:58.077+0000] {processor.py:839} INFO - DAG(s) dict_keys(['data_pipeline_api']) retrieved from /opt/airflow/dags/spark-jobs.py
[2024-08-11T06:39:58.097+0000] {logging_mixin.py:151} INFO - [2024-08-11T06:39:58.097+0000] {dag.py:2915} INFO - Sync 1 DAGs
[2024-08-11T06:39:58.110+0000] {logging_mixin.py:151} INFO - [2024-08-11T06:39:58.110+0000] {dag.py:3696} INFO - Setting next_dagrun for data_pipeline_api to 2024-08-11T00:30:00+00:00, run_after=2024-08-12T00:30:00+00:00
[2024-08-11T06:39:58.121+0000] {processor.py:179} INFO - Processing /opt/airflow/dags/spark-jobs.py took 0.087 seconds
[2024-08-11T07:40:25.428+0000] {processor.py:157} INFO - Started process (PID=32799) to work on /opt/airflow/dags/spark-jobs.py
[2024-08-11T07:40:25.430+0000] {processor.py:829} INFO - Processing file /opt/airflow/dags/spark-jobs.py for tasks to queue
[2024-08-11T07:40:25.432+0000] {logging_mixin.py:151} INFO - [2024-08-11T07:40:25.432+0000] {dagbag.py:539} INFO - Filling up the DagBag from /opt/airflow/dags/spark-jobs.py
[2024-08-11T07:40:25.452+0000] {processor.py:839} INFO - DAG(s) dict_keys(['data_pipeline_api']) retrieved from /opt/airflow/dags/spark-jobs.py
[2024-08-11T07:40:25.487+0000] {logging_mixin.py:151} INFO - [2024-08-11T07:40:25.487+0000] {dag.py:2915} INFO - Sync 1 DAGs
[2024-08-11T07:40:25.505+0000] {logging_mixin.py:151} INFO - [2024-08-11T07:40:25.505+0000] {dag.py:3696} INFO - Setting next_dagrun for data_pipeline_api to 2024-08-11T00:30:00+00:00, run_after=2024-08-12T00:30:00+00:00
[2024-08-11T07:40:25.520+0000] {processor.py:179} INFO - Processing /opt/airflow/dags/spark-jobs.py took 0.096 seconds
[2024-08-11T07:40:55.748+0000] {processor.py:157} INFO - Started process (PID=32809) to work on /opt/airflow/dags/spark-jobs.py
[2024-08-11T07:40:55.751+0000] {processor.py:829} INFO - Processing file /opt/airflow/dags/spark-jobs.py for tasks to queue
[2024-08-11T07:40:55.767+0000] {logging_mixin.py:151} INFO - [2024-08-11T07:40:55.767+0000] {dagbag.py:539} INFO - Filling up the DagBag from /opt/airflow/dags/spark-jobs.py
[2024-08-11T07:40:55.789+0000] {processor.py:839} INFO - DAG(s) dict_keys(['data_pipeline_api']) retrieved from /opt/airflow/dags/spark-jobs.py
[2024-08-11T07:40:55.813+0000] {logging_mixin.py:151} INFO - [2024-08-11T07:40:55.813+0000] {dag.py:2915} INFO - Sync 1 DAGs
[2024-08-11T07:40:55.828+0000] {logging_mixin.py:151} INFO - [2024-08-11T07:40:55.828+0000] {dag.py:3696} INFO - Setting next_dagrun for data_pipeline_api to 2024-08-11T00:30:00+00:00, run_after=2024-08-12T00:30:00+00:00
[2024-08-11T07:40:55.839+0000] {processor.py:179} INFO - Processing /opt/airflow/dags/spark-jobs.py took 0.098 seconds
[2024-08-11T08:41:22.245+0000] {processor.py:157} INFO - Started process (PID=32819) to work on /opt/airflow/dags/spark-jobs.py
[2024-08-11T08:41:22.247+0000] {processor.py:829} INFO - Processing file /opt/airflow/dags/spark-jobs.py for tasks to queue
[2024-08-11T08:41:22.252+0000] {logging_mixin.py:151} INFO - [2024-08-11T08:41:22.252+0000] {dagbag.py:539} INFO - Filling up the DagBag from /opt/airflow/dags/spark-jobs.py
[2024-08-11T08:41:22.271+0000] {processor.py:839} INFO - DAG(s) dict_keys(['data_pipeline_api']) retrieved from /opt/airflow/dags/spark-jobs.py
[2024-08-11T08:41:22.300+0000] {logging_mixin.py:151} INFO - [2024-08-11T08:41:22.299+0000] {dag.py:2915} INFO - Sync 1 DAGs
[2024-08-11T08:41:22.325+0000] {logging_mixin.py:151} INFO - [2024-08-11T08:41:22.325+0000] {dag.py:3696} INFO - Setting next_dagrun for data_pipeline_api to 2024-08-11T00:30:00+00:00, run_after=2024-08-12T00:30:00+00:00
[2024-08-11T08:41:22.351+0000] {processor.py:179} INFO - Processing /opt/airflow/dags/spark-jobs.py took 0.110 seconds
[2024-08-11T08:41:52.567+0000] {processor.py:157} INFO - Started process (PID=32829) to work on /opt/airflow/dags/spark-jobs.py
[2024-08-11T08:41:52.569+0000] {processor.py:829} INFO - Processing file /opt/airflow/dags/spark-jobs.py for tasks to queue
[2024-08-11T08:41:52.576+0000] {logging_mixin.py:151} INFO - [2024-08-11T08:41:52.576+0000] {dagbag.py:539} INFO - Filling up the DagBag from /opt/airflow/dags/spark-jobs.py
[2024-08-11T08:41:52.596+0000] {processor.py:839} INFO - DAG(s) dict_keys(['data_pipeline_api']) retrieved from /opt/airflow/dags/spark-jobs.py
[2024-08-11T08:41:52.619+0000] {logging_mixin.py:151} INFO - [2024-08-11T08:41:52.619+0000] {dag.py:2915} INFO - Sync 1 DAGs
[2024-08-11T08:41:52.632+0000] {logging_mixin.py:151} INFO - [2024-08-11T08:41:52.632+0000] {dag.py:3696} INFO - Setting next_dagrun for data_pipeline_api to 2024-08-11T00:30:00+00:00, run_after=2024-08-12T00:30:00+00:00
[2024-08-11T08:41:52.644+0000] {processor.py:179} INFO - Processing /opt/airflow/dags/spark-jobs.py took 0.097 seconds
[2024-08-11T09:42:18.606+0000] {processor.py:157} INFO - Started process (PID=32841) to work on /opt/airflow/dags/spark-jobs.py
[2024-08-11T09:42:18.607+0000] {processor.py:829} INFO - Processing file /opt/airflow/dags/spark-jobs.py for tasks to queue
[2024-08-11T09:42:18.610+0000] {logging_mixin.py:151} INFO - [2024-08-11T09:42:18.610+0000] {dagbag.py:539} INFO - Filling up the DagBag from /opt/airflow/dags/spark-jobs.py
[2024-08-11T09:42:18.625+0000] {processor.py:839} INFO - DAG(s) dict_keys(['data_pipeline_api']) retrieved from /opt/airflow/dags/spark-jobs.py
[2024-08-11T09:42:18.642+0000] {logging_mixin.py:151} INFO - [2024-08-11T09:42:18.642+0000] {dag.py:2915} INFO - Sync 1 DAGs
[2024-08-11T09:42:18.656+0000] {logging_mixin.py:151} INFO - [2024-08-11T09:42:18.656+0000] {dag.py:3696} INFO - Setting next_dagrun for data_pipeline_api to 2024-08-11T00:30:00+00:00, run_after=2024-08-12T00:30:00+00:00
[2024-08-11T09:42:18.664+0000] {processor.py:179} INFO - Processing /opt/airflow/dags/spark-jobs.py took 0.063 seconds
[2024-08-11T10:17:14.140+0000] {processor.py:157} INFO - Started process (PID=32851) to work on /opt/airflow/dags/spark-jobs.py
[2024-08-11T10:17:14.147+0000] {processor.py:829} INFO - Processing file /opt/airflow/dags/spark-jobs.py for tasks to queue
[2024-08-11T10:17:14.160+0000] {logging_mixin.py:151} INFO - [2024-08-11T10:17:14.159+0000] {dagbag.py:539} INFO - Filling up the DagBag from /opt/airflow/dags/spark-jobs.py
[2024-08-11T10:17:14.191+0000] {processor.py:839} INFO - DAG(s) dict_keys(['data_pipeline_api']) retrieved from /opt/airflow/dags/spark-jobs.py
[2024-08-11T10:17:14.243+0000] {logging_mixin.py:151} INFO - [2024-08-11T10:17:14.243+0000] {dag.py:2915} INFO - Sync 1 DAGs
[2024-08-11T10:17:14.277+0000] {logging_mixin.py:151} INFO - [2024-08-11T10:17:14.277+0000] {dag.py:3696} INFO - Setting next_dagrun for data_pipeline_api to 2024-08-11T00:30:00+00:00, run_after=2024-08-12T00:30:00+00:00
[2024-08-11T10:17:14.304+0000] {processor.py:179} INFO - Processing /opt/airflow/dags/spark-jobs.py took 0.170 seconds
[2024-08-11T11:00:24.885+0000] {processor.py:157} INFO - Started process (PID=32861) to work on /opt/airflow/dags/spark-jobs.py
[2024-08-11T11:00:24.886+0000] {processor.py:829} INFO - Processing file /opt/airflow/dags/spark-jobs.py for tasks to queue
[2024-08-11T11:00:24.890+0000] {logging_mixin.py:151} INFO - [2024-08-11T11:00:24.889+0000] {dagbag.py:539} INFO - Filling up the DagBag from /opt/airflow/dags/spark-jobs.py
[2024-08-11T11:00:24.914+0000] {processor.py:839} INFO - DAG(s) dict_keys(['data_pipeline_api']) retrieved from /opt/airflow/dags/spark-jobs.py
[2024-08-11T11:00:24.963+0000] {logging_mixin.py:151} INFO - [2024-08-11T11:00:24.962+0000] {dag.py:2915} INFO - Sync 1 DAGs
[2024-08-11T11:00:24.988+0000] {logging_mixin.py:151} INFO - [2024-08-11T11:00:24.988+0000] {dag.py:3696} INFO - Setting next_dagrun for data_pipeline_api to 2024-08-11T00:30:00+00:00, run_after=2024-08-12T00:30:00+00:00
[2024-08-11T11:00:25.009+0000] {processor.py:179} INFO - Processing /opt/airflow/dags/spark-jobs.py took 0.137 seconds
[2024-08-11T11:02:49.917+0000] {processor.py:157} INFO - Started process (PID=32873) to work on /opt/airflow/dags/spark-jobs.py
[2024-08-11T11:02:49.918+0000] {processor.py:829} INFO - Processing file /opt/airflow/dags/spark-jobs.py for tasks to queue
[2024-08-11T11:02:49.923+0000] {logging_mixin.py:151} INFO - [2024-08-11T11:02:49.922+0000] {dagbag.py:539} INFO - Filling up the DagBag from /opt/airflow/dags/spark-jobs.py
[2024-08-11T11:02:49.958+0000] {processor.py:839} INFO - DAG(s) dict_keys(['data_pipeline_api']) retrieved from /opt/airflow/dags/spark-jobs.py
[2024-08-11T11:02:50.017+0000] {logging_mixin.py:151} INFO - [2024-08-11T11:02:50.016+0000] {dag.py:2915} INFO - Sync 1 DAGs
[2024-08-11T11:02:50.037+0000] {logging_mixin.py:151} INFO - [2024-08-11T11:02:50.037+0000] {dag.py:3696} INFO - Setting next_dagrun for data_pipeline_api to 2024-08-11T00:30:00+00:00, run_after=2024-08-12T00:30:00+00:00
[2024-08-11T11:02:50.057+0000] {processor.py:179} INFO - Processing /opt/airflow/dags/spark-jobs.py took 0.145 seconds
[2024-08-11T11:35:32.118+0000] {processor.py:157} INFO - Started process (PID=32883) to work on /opt/airflow/dags/spark-jobs.py
[2024-08-11T11:35:32.121+0000] {processor.py:829} INFO - Processing file /opt/airflow/dags/spark-jobs.py for tasks to queue
[2024-08-11T11:35:32.128+0000] {logging_mixin.py:151} INFO - [2024-08-11T11:35:32.128+0000] {dagbag.py:539} INFO - Filling up the DagBag from /opt/airflow/dags/spark-jobs.py
[2024-08-11T11:35:32.158+0000] {processor.py:839} INFO - DAG(s) dict_keys(['data_pipeline_api']) retrieved from /opt/airflow/dags/spark-jobs.py
[2024-08-11T11:35:32.196+0000] {logging_mixin.py:151} INFO - [2024-08-11T11:35:32.195+0000] {dag.py:2915} INFO - Sync 1 DAGs
[2024-08-11T11:35:32.222+0000] {logging_mixin.py:151} INFO - [2024-08-11T11:35:32.222+0000] {dag.py:3696} INFO - Setting next_dagrun for data_pipeline_api to 2024-08-11T00:30:00+00:00, run_after=2024-08-12T00:30:00+00:00
[2024-08-11T11:35:32.245+0000] {processor.py:179} INFO - Processing /opt/airflow/dags/spark-jobs.py took 0.134 seconds
[2024-08-11T11:44:44.942+0000] {processor.py:157} INFO - Started process (PID=32893) to work on /opt/airflow/dags/spark-jobs.py
[2024-08-11T11:44:44.944+0000] {processor.py:829} INFO - Processing file /opt/airflow/dags/spark-jobs.py for tasks to queue
[2024-08-11T11:44:44.947+0000] {logging_mixin.py:151} INFO - [2024-08-11T11:44:44.946+0000] {dagbag.py:539} INFO - Filling up the DagBag from /opt/airflow/dags/spark-jobs.py
[2024-08-11T11:44:44.964+0000] {processor.py:839} INFO - DAG(s) dict_keys(['data_pipeline_api']) retrieved from /opt/airflow/dags/spark-jobs.py
[2024-08-11T11:44:44.988+0000] {logging_mixin.py:151} INFO - [2024-08-11T11:44:44.988+0000] {dag.py:2915} INFO - Sync 1 DAGs
[2024-08-11T11:44:45.002+0000] {logging_mixin.py:151} INFO - [2024-08-11T11:44:45.002+0000] {dag.py:3696} INFO - Setting next_dagrun for data_pipeline_api to 2024-08-11T00:30:00+00:00, run_after=2024-08-12T00:30:00+00:00
[2024-08-11T11:44:45.013+0000] {processor.py:179} INFO - Processing /opt/airflow/dags/spark-jobs.py took 0.078 seconds
[2024-08-11T12:35:38.764+0000] {processor.py:157} INFO - Started process (PID=32903) to work on /opt/airflow/dags/spark-jobs.py
[2024-08-11T12:35:38.766+0000] {processor.py:829} INFO - Processing file /opt/airflow/dags/spark-jobs.py for tasks to queue
[2024-08-11T12:35:38.774+0000] {logging_mixin.py:151} INFO - [2024-08-11T12:35:38.771+0000] {dagbag.py:539} INFO - Filling up the DagBag from /opt/airflow/dags/spark-jobs.py
[2024-08-11T12:35:38.808+0000] {processor.py:839} INFO - DAG(s) dict_keys(['data_pipeline_api']) retrieved from /opt/airflow/dags/spark-jobs.py
[2024-08-11T12:35:38.856+0000] {logging_mixin.py:151} INFO - [2024-08-11T12:35:38.856+0000] {dag.py:2915} INFO - Sync 1 DAGs
[2024-08-11T12:35:38.890+0000] {logging_mixin.py:151} INFO - [2024-08-11T12:35:38.890+0000] {dag.py:3696} INFO - Setting next_dagrun for data_pipeline_api to 2024-08-11T00:30:00+00:00, run_after=2024-08-12T00:30:00+00:00
[2024-08-11T12:35:38.907+0000] {processor.py:179} INFO - Processing /opt/airflow/dags/spark-jobs.py took 0.150 seconds
[2024-08-11T12:45:41.975+0000] {processor.py:157} INFO - Started process (PID=32913) to work on /opt/airflow/dags/spark-jobs.py
[2024-08-11T12:45:41.976+0000] {processor.py:829} INFO - Processing file /opt/airflow/dags/spark-jobs.py for tasks to queue
[2024-08-11T12:45:41.983+0000] {logging_mixin.py:151} INFO - [2024-08-11T12:45:41.983+0000] {dagbag.py:539} INFO - Filling up the DagBag from /opt/airflow/dags/spark-jobs.py
[2024-08-11T12:45:41.996+0000] {processor.py:839} INFO - DAG(s) dict_keys(['data_pipeline_api']) retrieved from /opt/airflow/dags/spark-jobs.py
[2024-08-11T12:45:42.019+0000] {logging_mixin.py:151} INFO - [2024-08-11T12:45:42.019+0000] {dag.py:2915} INFO - Sync 1 DAGs
[2024-08-11T12:45:42.039+0000] {logging_mixin.py:151} INFO - [2024-08-11T12:45:42.038+0000] {dag.py:3696} INFO - Setting next_dagrun for data_pipeline_api to 2024-08-11T00:30:00+00:00, run_after=2024-08-12T00:30:00+00:00
[2024-08-11T12:45:42.048+0000] {processor.py:179} INFO - Processing /opt/airflow/dags/spark-jobs.py took 0.081 seconds
[2024-08-11T13:21:15.341+0000] {processor.py:157} INFO - Started process (PID=32925) to work on /opt/airflow/dags/spark-jobs.py
[2024-08-11T13:21:15.342+0000] {processor.py:829} INFO - Processing file /opt/airflow/dags/spark-jobs.py for tasks to queue
[2024-08-11T13:21:15.347+0000] {logging_mixin.py:151} INFO - [2024-08-11T13:21:15.346+0000] {dagbag.py:539} INFO - Filling up the DagBag from /opt/airflow/dags/spark-jobs.py
[2024-08-11T13:21:15.391+0000] {processor.py:839} INFO - DAG(s) dict_keys(['data_pipeline_api']) retrieved from /opt/airflow/dags/spark-jobs.py
[2024-08-11T13:21:15.429+0000] {logging_mixin.py:151} INFO - [2024-08-11T13:21:15.429+0000] {dag.py:2915} INFO - Sync 1 DAGs
[2024-08-11T13:21:15.442+0000] {logging_mixin.py:151} INFO - [2024-08-11T13:21:15.442+0000] {dag.py:3696} INFO - Setting next_dagrun for data_pipeline_api to 2024-08-11T00:30:00+00:00, run_after=2024-08-12T00:30:00+00:00
[2024-08-11T13:21:15.451+0000] {processor.py:179} INFO - Processing /opt/airflow/dags/spark-jobs.py took 0.116 seconds
[2024-08-11T13:46:39.216+0000] {processor.py:157} INFO - Started process (PID=32935) to work on /opt/airflow/dags/spark-jobs.py
[2024-08-11T13:46:39.218+0000] {processor.py:829} INFO - Processing file /opt/airflow/dags/spark-jobs.py for tasks to queue
[2024-08-11T13:46:39.221+0000] {logging_mixin.py:151} INFO - [2024-08-11T13:46:39.221+0000] {dagbag.py:539} INFO - Filling up the DagBag from /opt/airflow/dags/spark-jobs.py
[2024-08-11T13:46:39.242+0000] {processor.py:839} INFO - DAG(s) dict_keys(['data_pipeline_api']) retrieved from /opt/airflow/dags/spark-jobs.py
[2024-08-11T13:46:39.268+0000] {logging_mixin.py:151} INFO - [2024-08-11T13:46:39.268+0000] {dag.py:2915} INFO - Sync 1 DAGs
[2024-08-11T13:46:39.280+0000] {logging_mixin.py:151} INFO - [2024-08-11T13:46:39.280+0000] {dag.py:3696} INFO - Setting next_dagrun for data_pipeline_api to 2024-08-11T00:30:00+00:00, run_after=2024-08-12T00:30:00+00:00
[2024-08-11T13:46:39.291+0000] {processor.py:179} INFO - Processing /opt/airflow/dags/spark-jobs.py took 0.081 seconds
[2024-08-11T14:18:11.318+0000] {processor.py:157} INFO - Started process (PID=32945) to work on /opt/airflow/dags/spark-jobs.py
[2024-08-11T14:18:11.319+0000] {processor.py:829} INFO - Processing file /opt/airflow/dags/spark-jobs.py for tasks to queue
[2024-08-11T14:18:11.325+0000] {logging_mixin.py:151} INFO - [2024-08-11T14:18:11.324+0000] {dagbag.py:539} INFO - Filling up the DagBag from /opt/airflow/dags/spark-jobs.py
[2024-08-11T14:18:11.361+0000] {processor.py:839} INFO - DAG(s) dict_keys(['data_pipeline_api']) retrieved from /opt/airflow/dags/spark-jobs.py
[2024-08-11T14:18:11.396+0000] {logging_mixin.py:151} INFO - [2024-08-11T14:18:11.396+0000] {dag.py:2915} INFO - Sync 1 DAGs
[2024-08-11T14:18:11.420+0000] {logging_mixin.py:151} INFO - [2024-08-11T14:18:11.420+0000] {dag.py:3696} INFO - Setting next_dagrun for data_pipeline_api to 2024-08-11T00:30:00+00:00, run_after=2024-08-12T00:30:00+00:00
[2024-08-11T14:18:11.438+0000] {processor.py:179} INFO - Processing /opt/airflow/dags/spark-jobs.py took 0.126 seconds
[2024-08-11T15:03:14.121+0000] {processor.py:157} INFO - Started process (PID=32955) to work on /opt/airflow/dags/spark-jobs.py
[2024-08-11T15:03:14.127+0000] {processor.py:829} INFO - Processing file /opt/airflow/dags/spark-jobs.py for tasks to queue
[2024-08-11T15:03:14.141+0000] {logging_mixin.py:151} INFO - [2024-08-11T15:03:14.140+0000] {dagbag.py:539} INFO - Filling up the DagBag from /opt/airflow/dags/spark-jobs.py
[2024-08-11T15:03:14.159+0000] {processor.py:839} INFO - DAG(s) dict_keys(['data_pipeline_api']) retrieved from /opt/airflow/dags/spark-jobs.py
[2024-08-11T15:03:14.194+0000] {logging_mixin.py:151} INFO - [2024-08-11T15:03:14.194+0000] {dag.py:2915} INFO - Sync 1 DAGs
[2024-08-11T15:03:14.210+0000] {logging_mixin.py:151} INFO - [2024-08-11T15:03:14.210+0000] {dag.py:3696} INFO - Setting next_dagrun for data_pipeline_api to 2024-08-11T00:30:00+00:00, run_after=2024-08-12T00:30:00+00:00
[2024-08-11T15:03:14.224+0000] {processor.py:179} INFO - Processing /opt/airflow/dags/spark-jobs.py took 0.116 seconds
[2024-08-11T15:18:13.256+0000] {processor.py:157} INFO - Started process (PID=32967) to work on /opt/airflow/dags/spark-jobs.py
[2024-08-11T15:18:13.257+0000] {processor.py:829} INFO - Processing file /opt/airflow/dags/spark-jobs.py for tasks to queue
[2024-08-11T15:18:13.263+0000] {logging_mixin.py:151} INFO - [2024-08-11T15:18:13.262+0000] {dagbag.py:539} INFO - Filling up the DagBag from /opt/airflow/dags/spark-jobs.py
[2024-08-11T15:18:13.282+0000] {processor.py:839} INFO - DAG(s) dict_keys(['data_pipeline_api']) retrieved from /opt/airflow/dags/spark-jobs.py
[2024-08-11T15:18:13.338+0000] {logging_mixin.py:151} INFO - [2024-08-11T15:18:13.338+0000] {dag.py:2915} INFO - Sync 1 DAGs
[2024-08-11T15:18:13.367+0000] {logging_mixin.py:151} INFO - [2024-08-11T15:18:13.366+0000] {dag.py:3696} INFO - Setting next_dagrun for data_pipeline_api to 2024-08-11T00:30:00+00:00, run_after=2024-08-12T00:30:00+00:00
[2024-08-11T15:18:13.384+0000] {processor.py:179} INFO - Processing /opt/airflow/dags/spark-jobs.py took 0.135 seconds
[2024-08-11T15:48:18.317+0000] {processor.py:157} INFO - Started process (PID=32977) to work on /opt/airflow/dags/spark-jobs.py
[2024-08-11T15:48:18.323+0000] {processor.py:829} INFO - Processing file /opt/airflow/dags/spark-jobs.py for tasks to queue
[2024-08-11T15:48:18.337+0000] {logging_mixin.py:151} INFO - [2024-08-11T15:48:18.337+0000] {dagbag.py:539} INFO - Filling up the DagBag from /opt/airflow/dags/spark-jobs.py
[2024-08-11T15:48:18.368+0000] {processor.py:839} INFO - DAG(s) dict_keys(['data_pipeline_api']) retrieved from /opt/airflow/dags/spark-jobs.py
[2024-08-11T15:48:18.425+0000] {logging_mixin.py:151} INFO - [2024-08-11T15:48:18.425+0000] {dag.py:2915} INFO - Sync 1 DAGs
[2024-08-11T15:48:18.448+0000] {logging_mixin.py:151} INFO - [2024-08-11T15:48:18.448+0000] {dag.py:3696} INFO - Setting next_dagrun for data_pipeline_api to 2024-08-11T00:30:00+00:00, run_after=2024-08-12T00:30:00+00:00
[2024-08-11T15:48:18.468+0000] {processor.py:179} INFO - Processing /opt/airflow/dags/spark-jobs.py took 0.165 seconds
[2024-08-11T15:48:48.646+0000] {processor.py:157} INFO - Started process (PID=32987) to work on /opt/airflow/dags/spark-jobs.py
[2024-08-11T15:48:48.649+0000] {processor.py:829} INFO - Processing file /opt/airflow/dags/spark-jobs.py for tasks to queue
[2024-08-11T15:48:48.653+0000] {logging_mixin.py:151} INFO - [2024-08-11T15:48:48.652+0000] {dagbag.py:539} INFO - Filling up the DagBag from /opt/airflow/dags/spark-jobs.py
[2024-08-11T15:48:48.674+0000] {processor.py:839} INFO - DAG(s) dict_keys(['data_pipeline_api']) retrieved from /opt/airflow/dags/spark-jobs.py
[2024-08-11T15:48:48.698+0000] {logging_mixin.py:151} INFO - [2024-08-11T15:48:48.698+0000] {dag.py:2915} INFO - Sync 1 DAGs
[2024-08-11T15:48:48.721+0000] {logging_mixin.py:151} INFO - [2024-08-11T15:48:48.720+0000] {dag.py:3696} INFO - Setting next_dagrun for data_pipeline_api to 2024-08-11T00:30:00+00:00, run_after=2024-08-12T00:30:00+00:00
[2024-08-11T15:48:48.731+0000] {processor.py:179} INFO - Processing /opt/airflow/dags/spark-jobs.py took 0.091 seconds
[2024-08-11T16:37:51.539+0000] {processor.py:157} INFO - Started process (PID=32997) to work on /opt/airflow/dags/spark-jobs.py
[2024-08-11T16:37:51.540+0000] {processor.py:829} INFO - Processing file /opt/airflow/dags/spark-jobs.py for tasks to queue
[2024-08-11T16:37:51.545+0000] {logging_mixin.py:151} INFO - [2024-08-11T16:37:51.545+0000] {dagbag.py:539} INFO - Filling up the DagBag from /opt/airflow/dags/spark-jobs.py
[2024-08-11T16:37:51.569+0000] {processor.py:839} INFO - DAG(s) dict_keys(['data_pipeline_api']) retrieved from /opt/airflow/dags/spark-jobs.py
[2024-08-11T16:37:51.601+0000] {logging_mixin.py:151} INFO - [2024-08-11T16:37:51.601+0000] {dag.py:2915} INFO - Sync 1 DAGs
[2024-08-11T16:37:51.627+0000] {logging_mixin.py:151} INFO - [2024-08-11T16:37:51.627+0000] {dag.py:3696} INFO - Setting next_dagrun for data_pipeline_api to 2024-08-11T00:30:00+00:00, run_after=2024-08-12T00:30:00+00:00
[2024-08-11T16:37:51.643+0000] {processor.py:179} INFO - Processing /opt/airflow/dags/spark-jobs.py took 0.112 seconds
[2024-08-11T16:49:44.690+0000] {processor.py:157} INFO - Started process (PID=33007) to work on /opt/airflow/dags/spark-jobs.py
[2024-08-11T16:49:44.692+0000] {processor.py:829} INFO - Processing file /opt/airflow/dags/spark-jobs.py for tasks to queue
[2024-08-11T16:49:44.696+0000] {logging_mixin.py:151} INFO - [2024-08-11T16:49:44.696+0000] {dagbag.py:539} INFO - Filling up the DagBag from /opt/airflow/dags/spark-jobs.py
[2024-08-11T16:49:44.712+0000] {processor.py:839} INFO - DAG(s) dict_keys(['data_pipeline_api']) retrieved from /opt/airflow/dags/spark-jobs.py
[2024-08-11T16:49:44.731+0000] {logging_mixin.py:151} INFO - [2024-08-11T16:49:44.731+0000] {dag.py:2915} INFO - Sync 1 DAGs
[2024-08-11T16:49:44.743+0000] {logging_mixin.py:151} INFO - [2024-08-11T16:49:44.743+0000] {dag.py:3696} INFO - Setting next_dagrun for data_pipeline_api to 2024-08-11T00:30:00+00:00, run_after=2024-08-12T00:30:00+00:00
[2024-08-11T16:49:44.754+0000] {processor.py:179} INFO - Processing /opt/airflow/dags/spark-jobs.py took 0.069 seconds
[2024-08-11T17:41:06.898+0000] {processor.py:157} INFO - Started process (PID=33019) to work on /opt/airflow/dags/spark-jobs.py
[2024-08-11T17:41:06.899+0000] {processor.py:829} INFO - Processing file /opt/airflow/dags/spark-jobs.py for tasks to queue
[2024-08-11T17:41:06.905+0000] {logging_mixin.py:151} INFO - [2024-08-11T17:41:06.905+0000] {dagbag.py:539} INFO - Filling up the DagBag from /opt/airflow/dags/spark-jobs.py
[2024-08-11T17:41:06.920+0000] {processor.py:839} INFO - DAG(s) dict_keys(['data_pipeline_api']) retrieved from /opt/airflow/dags/spark-jobs.py
[2024-08-11T17:41:06.942+0000] {logging_mixin.py:151} INFO - [2024-08-11T17:41:06.942+0000] {dag.py:2915} INFO - Sync 1 DAGs
[2024-08-11T17:41:06.955+0000] {logging_mixin.py:151} INFO - [2024-08-11T17:41:06.955+0000] {dag.py:3696} INFO - Setting next_dagrun for data_pipeline_api to 2024-08-11T00:30:00+00:00, run_after=2024-08-12T00:30:00+00:00
[2024-08-11T17:41:06.964+0000] {processor.py:179} INFO - Processing /opt/airflow/dags/spark-jobs.py took 0.073 seconds
[2024-08-11T17:50:39.984+0000] {processor.py:157} INFO - Started process (PID=33029) to work on /opt/airflow/dags/spark-jobs.py
[2024-08-11T17:50:39.987+0000] {processor.py:829} INFO - Processing file /opt/airflow/dags/spark-jobs.py for tasks to queue
[2024-08-11T17:50:39.992+0000] {logging_mixin.py:151} INFO - [2024-08-11T17:50:39.992+0000] {dagbag.py:539} INFO - Filling up the DagBag from /opt/airflow/dags/spark-jobs.py
[2024-08-11T17:50:40.009+0000] {processor.py:839} INFO - DAG(s) dict_keys(['data_pipeline_api']) retrieved from /opt/airflow/dags/spark-jobs.py
[2024-08-11T17:50:40.033+0000] {logging_mixin.py:151} INFO - [2024-08-11T17:50:40.032+0000] {dag.py:2915} INFO - Sync 1 DAGs
[2024-08-11T17:50:40.046+0000] {logging_mixin.py:151} INFO - [2024-08-11T17:50:40.046+0000] {dag.py:3696} INFO - Setting next_dagrun for data_pipeline_api to 2024-08-11T00:30:00+00:00, run_after=2024-08-12T00:30:00+00:00
[2024-08-11T17:50:40.057+0000] {processor.py:179} INFO - Processing /opt/airflow/dags/spark-jobs.py took 0.079 seconds
[2024-08-11T18:51:12.967+0000] {processor.py:157} INFO - Started process (PID=33039) to work on /opt/airflow/dags/spark-jobs.py
[2024-08-11T18:51:12.969+0000] {processor.py:829} INFO - Processing file /opt/airflow/dags/spark-jobs.py for tasks to queue
[2024-08-11T18:51:12.977+0000] {logging_mixin.py:151} INFO - [2024-08-11T18:51:12.977+0000] {dagbag.py:539} INFO - Filling up the DagBag from /opt/airflow/dags/spark-jobs.py
[2024-08-11T18:51:12.997+0000] {processor.py:839} INFO - DAG(s) dict_keys(['data_pipeline_api']) retrieved from /opt/airflow/dags/spark-jobs.py
[2024-08-11T18:51:13.022+0000] {logging_mixin.py:151} INFO - [2024-08-11T18:51:13.022+0000] {dag.py:2915} INFO - Sync 1 DAGs
[2024-08-11T18:51:13.036+0000] {logging_mixin.py:151} INFO - [2024-08-11T18:51:13.036+0000] {dag.py:3696} INFO - Setting next_dagrun for data_pipeline_api to 2024-08-11T00:30:00+00:00, run_after=2024-08-12T00:30:00+00:00
[2024-08-11T18:51:13.045+0000] {processor.py:179} INFO - Processing /opt/airflow/dags/spark-jobs.py took 0.085 seconds
[2024-08-11T18:51:43.374+0000] {processor.py:157} INFO - Started process (PID=33050) to work on /opt/airflow/dags/spark-jobs.py
[2024-08-11T18:51:43.376+0000] {processor.py:829} INFO - Processing file /opt/airflow/dags/spark-jobs.py for tasks to queue
[2024-08-11T18:51:43.385+0000] {logging_mixin.py:151} INFO - [2024-08-11T18:51:43.385+0000] {dagbag.py:539} INFO - Filling up the DagBag from /opt/airflow/dags/spark-jobs.py
[2024-08-11T18:51:43.404+0000] {processor.py:839} INFO - DAG(s) dict_keys(['data_pipeline_api']) retrieved from /opt/airflow/dags/spark-jobs.py
[2024-08-11T18:51:43.430+0000] {logging_mixin.py:151} INFO - [2024-08-11T18:51:43.430+0000] {dag.py:2915} INFO - Sync 1 DAGs
[2024-08-11T18:51:43.445+0000] {logging_mixin.py:151} INFO - [2024-08-11T18:51:43.445+0000] {dag.py:3696} INFO - Setting next_dagrun for data_pipeline_api to 2024-08-11T00:30:00+00:00, run_after=2024-08-12T00:30:00+00:00
[2024-08-11T18:51:43.456+0000] {processor.py:179} INFO - Processing /opt/airflow/dags/spark-jobs.py took 0.088 seconds
[2024-08-11T19:15:29.396+0000] {processor.py:157} INFO - Started process (PID=33061) to work on /opt/airflow/dags/spark-jobs.py
[2024-08-11T19:15:29.397+0000] {processor.py:829} INFO - Processing file /opt/airflow/dags/spark-jobs.py for tasks to queue
[2024-08-11T19:15:29.400+0000] {logging_mixin.py:151} INFO - [2024-08-11T19:15:29.400+0000] {dagbag.py:539} INFO - Filling up the DagBag from /opt/airflow/dags/spark-jobs.py
[2024-08-11T19:15:29.419+0000] {processor.py:839} INFO - DAG(s) dict_keys(['data_pipeline_api']) retrieved from /opt/airflow/dags/spark-jobs.py
[2024-08-11T19:15:29.444+0000] {logging_mixin.py:151} INFO - [2024-08-11T19:15:29.444+0000] {dag.py:2915} INFO - Sync 1 DAGs
[2024-08-11T19:15:29.458+0000] {logging_mixin.py:151} INFO - [2024-08-11T19:15:29.458+0000] {dag.py:3696} INFO - Setting next_dagrun for data_pipeline_api to 2024-08-11T00:30:00+00:00, run_after=2024-08-12T00:30:00+00:00
[2024-08-11T19:15:29.469+0000] {processor.py:179} INFO - Processing /opt/airflow/dags/spark-jobs.py took 0.076 seconds
[2024-08-11T19:15:59.740+0000] {processor.py:157} INFO - Started process (PID=33072) to work on /opt/airflow/dags/spark-jobs.py
[2024-08-11T19:15:59.741+0000] {processor.py:829} INFO - Processing file /opt/airflow/dags/spark-jobs.py for tasks to queue
[2024-08-11T19:15:59.745+0000] {logging_mixin.py:151} INFO - [2024-08-11T19:15:59.744+0000] {dagbag.py:539} INFO - Filling up the DagBag from /opt/airflow/dags/spark-jobs.py
[2024-08-11T19:15:59.765+0000] {processor.py:839} INFO - DAG(s) dict_keys(['data_pipeline_api']) retrieved from /opt/airflow/dags/spark-jobs.py
[2024-08-11T19:15:59.789+0000] {logging_mixin.py:151} INFO - [2024-08-11T19:15:59.789+0000] {dag.py:2915} INFO - Sync 1 DAGs
[2024-08-11T19:15:59.804+0000] {logging_mixin.py:151} INFO - [2024-08-11T19:15:59.804+0000] {dag.py:3696} INFO - Setting next_dagrun for data_pipeline_api to 2024-08-11T00:30:00+00:00, run_after=2024-08-12T00:30:00+00:00
[2024-08-11T19:15:59.815+0000] {processor.py:179} INFO - Processing /opt/airflow/dags/spark-jobs.py took 0.080 seconds
[2024-08-11T19:52:22.506+0000] {processor.py:157} INFO - Started process (PID=33082) to work on /opt/airflow/dags/spark-jobs.py
[2024-08-11T19:52:22.511+0000] {processor.py:829} INFO - Processing file /opt/airflow/dags/spark-jobs.py for tasks to queue
[2024-08-11T19:52:22.516+0000] {logging_mixin.py:151} INFO - [2024-08-11T19:52:22.516+0000] {dagbag.py:539} INFO - Filling up the DagBag from /opt/airflow/dags/spark-jobs.py
[2024-08-11T19:52:22.539+0000] {processor.py:839} INFO - DAG(s) dict_keys(['data_pipeline_api']) retrieved from /opt/airflow/dags/spark-jobs.py
[2024-08-11T19:52:22.582+0000] {logging_mixin.py:151} INFO - [2024-08-11T19:52:22.581+0000] {dag.py:2915} INFO - Sync 1 DAGs
[2024-08-11T19:52:22.613+0000] {logging_mixin.py:151} INFO - [2024-08-11T19:52:22.613+0000] {dag.py:3696} INFO - Setting next_dagrun for data_pipeline_api to 2024-08-11T00:30:00+00:00, run_after=2024-08-12T00:30:00+00:00
[2024-08-11T19:52:22.627+0000] {processor.py:179} INFO - Processing /opt/airflow/dags/spark-jobs.py took 0.128 seconds
[2024-08-11T19:52:53.011+0000] {processor.py:157} INFO - Started process (PID=33092) to work on /opt/airflow/dags/spark-jobs.py
[2024-08-11T19:52:53.013+0000] {processor.py:829} INFO - Processing file /opt/airflow/dags/spark-jobs.py for tasks to queue
[2024-08-11T19:52:53.017+0000] {logging_mixin.py:151} INFO - [2024-08-11T19:52:53.017+0000] {dagbag.py:539} INFO - Filling up the DagBag from /opt/airflow/dags/spark-jobs.py
[2024-08-11T19:52:53.036+0000] {processor.py:839} INFO - DAG(s) dict_keys(['data_pipeline_api']) retrieved from /opt/airflow/dags/spark-jobs.py
[2024-08-11T19:52:53.056+0000] {logging_mixin.py:151} INFO - [2024-08-11T19:52:53.056+0000] {dag.py:2915} INFO - Sync 1 DAGs
[2024-08-11T19:52:53.073+0000] {logging_mixin.py:151} INFO - [2024-08-11T19:52:53.073+0000] {dag.py:3696} INFO - Setting next_dagrun for data_pipeline_api to 2024-08-11T00:30:00+00:00, run_after=2024-08-12T00:30:00+00:00
[2024-08-11T19:52:53.083+0000] {processor.py:179} INFO - Processing /opt/airflow/dags/spark-jobs.py took 0.077 seconds
[2024-08-11T20:53:18.591+0000] {processor.py:157} INFO - Started process (PID=33102) to work on /opt/airflow/dags/spark-jobs.py
[2024-08-11T20:53:18.594+0000] {processor.py:829} INFO - Processing file /opt/airflow/dags/spark-jobs.py for tasks to queue
[2024-08-11T20:53:18.600+0000] {logging_mixin.py:151} INFO - [2024-08-11T20:53:18.599+0000] {dagbag.py:539} INFO - Filling up the DagBag from /opt/airflow/dags/spark-jobs.py
[2024-08-11T20:53:18.629+0000] {processor.py:839} INFO - DAG(s) dict_keys(['data_pipeline_api']) retrieved from /opt/airflow/dags/spark-jobs.py
[2024-08-11T20:53:18.671+0000] {logging_mixin.py:151} INFO - [2024-08-11T20:53:18.671+0000] {dag.py:2915} INFO - Sync 1 DAGs
[2024-08-11T20:53:18.701+0000] {logging_mixin.py:151} INFO - [2024-08-11T20:53:18.701+0000] {dag.py:3696} INFO - Setting next_dagrun for data_pipeline_api to 2024-08-11T00:30:00+00:00, run_after=2024-08-12T00:30:00+00:00
[2024-08-11T20:53:18.729+0000] {processor.py:179} INFO - Processing /opt/airflow/dags/spark-jobs.py took 0.142 seconds
[2024-08-11T20:53:49.099+0000] {processor.py:157} INFO - Started process (PID=33112) to work on /opt/airflow/dags/spark-jobs.py
[2024-08-11T20:53:49.100+0000] {processor.py:829} INFO - Processing file /opt/airflow/dags/spark-jobs.py for tasks to queue
[2024-08-11T20:53:49.104+0000] {logging_mixin.py:151} INFO - [2024-08-11T20:53:49.104+0000] {dagbag.py:539} INFO - Filling up the DagBag from /opt/airflow/dags/spark-jobs.py
[2024-08-11T20:53:49.123+0000] {processor.py:839} INFO - DAG(s) dict_keys(['data_pipeline_api']) retrieved from /opt/airflow/dags/spark-jobs.py
[2024-08-11T20:53:49.148+0000] {logging_mixin.py:151} INFO - [2024-08-11T20:53:49.148+0000] {dag.py:2915} INFO - Sync 1 DAGs
[2024-08-11T20:53:49.162+0000] {logging_mixin.py:151} INFO - [2024-08-11T20:53:49.161+0000] {dag.py:3696} INFO - Setting next_dagrun for data_pipeline_api to 2024-08-11T00:30:00+00:00, run_after=2024-08-12T00:30:00+00:00
[2024-08-11T20:53:49.173+0000] {processor.py:179} INFO - Processing /opt/airflow/dags/spark-jobs.py took 0.080 seconds
[2024-08-11T21:54:14.586+0000] {processor.py:157} INFO - Started process (PID=33123) to work on /opt/airflow/dags/spark-jobs.py
[2024-08-11T21:54:14.587+0000] {processor.py:829} INFO - Processing file /opt/airflow/dags/spark-jobs.py for tasks to queue
[2024-08-11T21:54:14.592+0000] {logging_mixin.py:151} INFO - [2024-08-11T21:54:14.592+0000] {dagbag.py:539} INFO - Filling up the DagBag from /opt/airflow/dags/spark-jobs.py
[2024-08-11T21:54:14.622+0000] {processor.py:839} INFO - DAG(s) dict_keys(['data_pipeline_api']) retrieved from /opt/airflow/dags/spark-jobs.py
[2024-08-11T21:54:14.651+0000] {logging_mixin.py:151} INFO - [2024-08-11T21:54:14.651+0000] {dag.py:2915} INFO - Sync 1 DAGs
[2024-08-11T21:54:14.679+0000] {logging_mixin.py:151} INFO - [2024-08-11T21:54:14.679+0000] {dag.py:3696} INFO - Setting next_dagrun for data_pipeline_api to 2024-08-11T00:30:00+00:00, run_after=2024-08-12T00:30:00+00:00
[2024-08-11T21:54:14.694+0000] {processor.py:179} INFO - Processing /opt/airflow/dags/spark-jobs.py took 0.112 seconds
[2024-08-11T21:54:45.043+0000] {processor.py:157} INFO - Started process (PID=33133) to work on /opt/airflow/dags/spark-jobs.py
[2024-08-11T21:54:45.044+0000] {processor.py:829} INFO - Processing file /opt/airflow/dags/spark-jobs.py for tasks to queue
[2024-08-11T21:54:45.047+0000] {logging_mixin.py:151} INFO - [2024-08-11T21:54:45.047+0000] {dagbag.py:539} INFO - Filling up the DagBag from /opt/airflow/dags/spark-jobs.py
[2024-08-11T21:54:45.059+0000] {processor.py:839} INFO - DAG(s) dict_keys(['data_pipeline_api']) retrieved from /opt/airflow/dags/spark-jobs.py
[2024-08-11T21:54:45.077+0000] {logging_mixin.py:151} INFO - [2024-08-11T21:54:45.077+0000] {dag.py:2915} INFO - Sync 1 DAGs
[2024-08-11T21:54:45.089+0000] {logging_mixin.py:151} INFO - [2024-08-11T21:54:45.089+0000] {dag.py:3696} INFO - Setting next_dagrun for data_pipeline_api to 2024-08-11T00:30:00+00:00, run_after=2024-08-12T00:30:00+00:00
[2024-08-11T21:54:45.099+0000] {processor.py:179} INFO - Processing /opt/airflow/dags/spark-jobs.py took 0.062 seconds
[2024-08-11T22:55:10.982+0000] {processor.py:157} INFO - Started process (PID=33143) to work on /opt/airflow/dags/spark-jobs.py
[2024-08-11T22:55:10.983+0000] {processor.py:829} INFO - Processing file /opt/airflow/dags/spark-jobs.py for tasks to queue
[2024-08-11T22:55:10.990+0000] {logging_mixin.py:151} INFO - [2024-08-11T22:55:10.989+0000] {dagbag.py:539} INFO - Filling up the DagBag from /opt/airflow/dags/spark-jobs.py
[2024-08-11T22:55:11.007+0000] {processor.py:839} INFO - DAG(s) dict_keys(['data_pipeline_api']) retrieved from /opt/airflow/dags/spark-jobs.py
[2024-08-11T22:55:11.041+0000] {logging_mixin.py:151} INFO - [2024-08-11T22:55:11.041+0000] {dag.py:2915} INFO - Sync 1 DAGs
[2024-08-11T22:55:11.066+0000] {logging_mixin.py:151} INFO - [2024-08-11T22:55:11.065+0000] {dag.py:3696} INFO - Setting next_dagrun for data_pipeline_api to 2024-08-11T00:30:00+00:00, run_after=2024-08-12T00:30:00+00:00
[2024-08-11T22:55:11.087+0000] {processor.py:179} INFO - Processing /opt/airflow/dags/spark-jobs.py took 0.109 seconds
[2024-08-11T22:55:41.298+0000] {processor.py:157} INFO - Started process (PID=33153) to work on /opt/airflow/dags/spark-jobs.py
[2024-08-11T22:55:41.299+0000] {processor.py:829} INFO - Processing file /opt/airflow/dags/spark-jobs.py for tasks to queue
[2024-08-11T22:55:41.304+0000] {logging_mixin.py:151} INFO - [2024-08-11T22:55:41.303+0000] {dagbag.py:539} INFO - Filling up the DagBag from /opt/airflow/dags/spark-jobs.py
[2024-08-11T22:55:41.323+0000] {processor.py:839} INFO - DAG(s) dict_keys(['data_pipeline_api']) retrieved from /opt/airflow/dags/spark-jobs.py
[2024-08-11T22:55:41.354+0000] {logging_mixin.py:151} INFO - [2024-08-11T22:55:41.353+0000] {dag.py:2915} INFO - Sync 1 DAGs
[2024-08-11T22:55:41.367+0000] {logging_mixin.py:151} INFO - [2024-08-11T22:55:41.367+0000] {dag.py:3696} INFO - Setting next_dagrun for data_pipeline_api to 2024-08-11T00:30:00+00:00, run_after=2024-08-12T00:30:00+00:00
[2024-08-11T22:55:41.379+0000] {processor.py:179} INFO - Processing /opt/airflow/dags/spark-jobs.py took 0.089 seconds
[2024-08-11T23:45:22.396+0000] {processor.py:157} INFO - Started process (PID=33165) to work on /opt/airflow/dags/spark-jobs.py
[2024-08-11T23:45:22.400+0000] {processor.py:829} INFO - Processing file /opt/airflow/dags/spark-jobs.py for tasks to queue
[2024-08-11T23:45:22.404+0000] {logging_mixin.py:151} INFO - [2024-08-11T23:45:22.403+0000] {dagbag.py:539} INFO - Filling up the DagBag from /opt/airflow/dags/spark-jobs.py
[2024-08-11T23:45:22.424+0000] {processor.py:839} INFO - DAG(s) dict_keys(['data_pipeline_api']) retrieved from /opt/airflow/dags/spark-jobs.py
[2024-08-11T23:45:22.454+0000] {logging_mixin.py:151} INFO - [2024-08-11T23:45:22.454+0000] {dag.py:2915} INFO - Sync 1 DAGs
[2024-08-11T23:45:22.648+0000] {logging_mixin.py:151} INFO - [2024-08-11T23:45:22.647+0000] {dag.py:3696} INFO - Setting next_dagrun for data_pipeline_api to 2024-08-11T00:30:00+00:00, run_after=2024-08-12T00:30:00+00:00
[2024-08-11T23:45:22.737+0000] {processor.py:179} INFO - Processing /opt/airflow/dags/spark-jobs.py took 0.346 seconds
[2024-08-11T23:56:36.375+0000] {processor.py:157} INFO - Started process (PID=33175) to work on /opt/airflow/dags/spark-jobs.py
[2024-08-11T23:56:36.376+0000] {processor.py:829} INFO - Processing file /opt/airflow/dags/spark-jobs.py for tasks to queue
[2024-08-11T23:56:36.379+0000] {logging_mixin.py:151} INFO - [2024-08-11T23:56:36.379+0000] {dagbag.py:539} INFO - Filling up the DagBag from /opt/airflow/dags/spark-jobs.py
[2024-08-11T23:56:36.403+0000] {processor.py:839} INFO - DAG(s) dict_keys(['data_pipeline_api']) retrieved from /opt/airflow/dags/spark-jobs.py
[2024-08-11T23:56:36.441+0000] {logging_mixin.py:151} INFO - [2024-08-11T23:56:36.441+0000] {dag.py:2915} INFO - Sync 1 DAGs
[2024-08-11T23:56:36.497+0000] {logging_mixin.py:151} INFO - [2024-08-11T23:56:36.497+0000] {dag.py:3696} INFO - Setting next_dagrun for data_pipeline_api to 2024-08-11T00:30:00+00:00, run_after=2024-08-12T00:30:00+00:00
[2024-08-11T23:56:36.514+0000] {processor.py:179} INFO - Processing /opt/airflow/dags/spark-jobs.py took 0.143 seconds
