[2024-08-17T01:38:38.272+0000] {taskinstance.py:1157} INFO - Dependencies all met for dep_context=non-requeueable deps ti=<TaskInstance: data_pipeline_api.analyze_data scheduled__2024-08-16T00:30:00+00:00 [queued]>
[2024-08-17T01:38:38.279+0000] {taskinstance.py:1157} INFO - Dependencies all met for dep_context=requeueable deps ti=<TaskInstance: data_pipeline_api.analyze_data scheduled__2024-08-16T00:30:00+00:00 [queued]>
[2024-08-17T01:38:38.280+0000] {taskinstance.py:1359} INFO - Starting attempt 2 of 2
[2024-08-17T01:38:38.292+0000] {taskinstance.py:1380} INFO - Executing <Task(BashOperator): analyze_data> on 2024-08-16 00:30:00+00:00
[2024-08-17T01:38:38.300+0000] {standard_task_runner.py:57} INFO - Started process 52769 to run task
[2024-08-17T01:38:38.307+0000] {standard_task_runner.py:84} INFO - Running: ['***', 'tasks', 'run', 'data_pipeline_api', 'analyze_data', 'scheduled__2024-08-16T00:30:00+00:00', '--job-id', '59', '--raw', '--subdir', 'DAGS_FOLDER/spark-jobs.py', '--cfg-path', '/tmp/tmp5t0ik9va']
[2024-08-17T01:38:38.312+0000] {standard_task_runner.py:85} INFO - Job 59: Subtask analyze_data
[2024-08-17T01:38:38.383+0000] {task_command.py:415} INFO - Running <TaskInstance: data_pipeline_api.analyze_data scheduled__2024-08-16T00:30:00+00:00 [running]> on host 27ef58cc88fc
[2024-08-17T01:38:38.466+0000] {taskinstance.py:1660} INFO - Exporting env vars: AIRFLOW_CTX_DAG_OWNER='***' AIRFLOW_CTX_DAG_ID='data_pipeline_api' AIRFLOW_CTX_TASK_ID='analyze_data' AIRFLOW_CTX_EXECUTION_DATE='2024-08-16T00:30:00+00:00' AIRFLOW_CTX_TRY_NUMBER='2' AIRFLOW_CTX_DAG_RUN_ID='scheduled__2024-08-16T00:30:00+00:00'
[2024-08-17T01:38:38.467+0000] {subprocess.py:63} INFO - Tmp dir root location: /tmp
[2024-08-17T01:38:38.468+0000] {subprocess.py:75} INFO - Running command: ['/bin/bash', '-c', 'bash /opt/***/jobs/spark-submit.sh /opt/***/jobs/analyze_data.py ']
[2024-08-17T01:38:38.477+0000] {subprocess.py:86} INFO - Output:
[2024-08-17T01:38:38.482+0000] {subprocess.py:93} INFO - /opt/***/jobs/analyze_data.py
[2024-08-17T01:38:38.538+0000] {subprocess.py:93} INFO - /home/***/.local/lib/python3.11/site-packages/pyspark/bin/load-spark-env.sh: line 68: ps: command not found
[2024-08-17T01:38:39.739+0000] {subprocess.py:93} INFO - 24/08/17 01:38:39 WARN NativeCodeLoader: Unable to load native-hadoop library for your platform... using builtin-java classes where applicable
[2024-08-17T01:38:40.319+0000] {subprocess.py:93} INFO - 24/08/17 01:38:40 INFO SparkContext: Running Spark version 3.5.1
[2024-08-17T01:38:40.321+0000] {subprocess.py:93} INFO - 24/08/17 01:38:40 INFO SparkContext: OS info Linux, 6.6.32-linuxkit, aarch64
[2024-08-17T01:38:40.322+0000] {subprocess.py:93} INFO - 24/08/17 01:38:40 INFO SparkContext: Java version 11.0.23
[2024-08-17T01:38:40.331+0000] {subprocess.py:93} INFO - 24/08/17 01:38:40 INFO ResourceUtils: ==============================================================
[2024-08-17T01:38:40.332+0000] {subprocess.py:93} INFO - 24/08/17 01:38:40 INFO ResourceUtils: No custom resources configured for spark.driver.
[2024-08-17T01:38:40.332+0000] {subprocess.py:93} INFO - 24/08/17 01:38:40 INFO ResourceUtils: ==============================================================
[2024-08-17T01:38:40.332+0000] {subprocess.py:93} INFO - 24/08/17 01:38:40 INFO SparkContext: Submitted application: FinanceDataAnalysis
[2024-08-17T01:38:40.341+0000] {subprocess.py:93} INFO - 24/08/17 01:38:40 INFO ResourceProfile: Default ResourceProfile created, executor resources: Map(cores -> name: cores, amount: 1, script: , vendor: , memory -> name: memory, amount: 1024, script: , vendor: , offHeap -> name: offHeap, amount: 1024, script: , vendor: ), task resources: Map(cpus -> name: cpus, amount: 1.0)
[2024-08-17T01:38:40.346+0000] {subprocess.py:93} INFO - 24/08/17 01:38:40 INFO ResourceProfile: Limiting resource is cpus at 1 tasks per executor
[2024-08-17T01:38:40.346+0000] {subprocess.py:93} INFO - 24/08/17 01:38:40 INFO ResourceProfileManager: Added ResourceProfile id: 0
[2024-08-17T01:38:40.379+0000] {subprocess.py:93} INFO - 24/08/17 01:38:40 INFO SecurityManager: Changing view acls to: ***
[2024-08-17T01:38:40.379+0000] {subprocess.py:93} INFO - 24/08/17 01:38:40 INFO SecurityManager: Changing modify acls to: ***
[2024-08-17T01:38:40.379+0000] {subprocess.py:93} INFO - 24/08/17 01:38:40 INFO SecurityManager: Changing view acls groups to:
[2024-08-17T01:38:40.380+0000] {subprocess.py:93} INFO - 24/08/17 01:38:40 INFO SecurityManager: Changing modify acls groups to:
[2024-08-17T01:38:40.380+0000] {subprocess.py:93} INFO - 24/08/17 01:38:40 INFO SecurityManager: SecurityManager: authentication disabled; ui acls disabled; users with view permissions: ***; groups with view permissions: EMPTY; users with modify permissions: ***; groups with modify permissions: EMPTY
[2024-08-17T01:38:40.479+0000] {subprocess.py:93} INFO - 24/08/17 01:38:40 INFO Utils: Successfully started service 'sparkDriver' on port 40513.
[2024-08-17T01:38:40.492+0000] {subprocess.py:93} INFO - 24/08/17 01:38:40 INFO SparkEnv: Registering MapOutputTracker
[2024-08-17T01:38:40.508+0000] {subprocess.py:93} INFO - 24/08/17 01:38:40 INFO SparkEnv: Registering BlockManagerMaster
[2024-08-17T01:38:40.517+0000] {subprocess.py:93} INFO - 24/08/17 01:38:40 INFO BlockManagerMasterEndpoint: Using org.apache.spark.storage.DefaultTopologyMapper for getting topology information
[2024-08-17T01:38:40.517+0000] {subprocess.py:93} INFO - 24/08/17 01:38:40 INFO BlockManagerMasterEndpoint: BlockManagerMasterEndpoint up
[2024-08-17T01:38:40.518+0000] {subprocess.py:93} INFO - 24/08/17 01:38:40 INFO SparkEnv: Registering BlockManagerMasterHeartbeat
[2024-08-17T01:38:40.527+0000] {subprocess.py:93} INFO - 24/08/17 01:38:40 INFO DiskBlockManager: Created local directory at /tmp/blockmgr-e575f0e3-065f-4a9b-855d-8d1b8cac4117
[2024-08-17T01:38:40.533+0000] {subprocess.py:93} INFO - 24/08/17 01:38:40 INFO MemoryStore: MemoryStore started with capacity 1458.4 MiB
[2024-08-17T01:38:40.539+0000] {subprocess.py:93} INFO - 24/08/17 01:38:40 INFO SparkEnv: Registering OutputCommitCoordinator
[2024-08-17T01:38:40.596+0000] {subprocess.py:93} INFO - 24/08/17 01:38:40 INFO JettyUtils: Start Jetty 0.0.0.0:4040 for SparkUI
[2024-08-17T01:38:40.620+0000] {subprocess.py:93} INFO - 24/08/17 01:38:40 INFO Utils: Successfully started service 'SparkUI' on port 4040.
[2024-08-17T01:38:40.637+0000] {subprocess.py:93} INFO - 24/08/17 01:38:40 INFO SparkContext: Added JAR file:///opt/bitnami/spark/resources/elasticsearch-spark-30_2.12-8.4.3.jar at spark://27ef58cc88fc:40513/jars/elasticsearch-spark-30_2.12-8.4.3.jar with timestamp 1723858720315
[2024-08-17T01:38:40.669+0000] {subprocess.py:93} INFO - 24/08/17 01:38:40 INFO StandaloneAppClient$ClientEndpoint: Connecting to master spark://spark-master:7077...
[2024-08-17T01:38:40.691+0000] {subprocess.py:93} INFO - 24/08/17 01:38:40 INFO TransportClientFactory: Successfully created connection to spark-master/172.18.0.4:7077 after 12 ms (0 ms spent in bootstraps)
[2024-08-17T01:38:40.733+0000] {subprocess.py:93} INFO - 24/08/17 01:38:40 INFO StandaloneSchedulerBackend: Connected to Spark cluster with app ID app-20240817013840-0042
[2024-08-17T01:38:40.734+0000] {subprocess.py:93} INFO - 24/08/17 01:38:40 INFO StandaloneAppClient$ClientEndpoint: Executor added: app-20240817013840-0042/0 on worker-20240809124721-172.18.0.6-35359 (172.18.0.6:35359) with 1 core(s)
[2024-08-17T01:38:40.738+0000] {subprocess.py:93} INFO - 24/08/17 01:38:40 INFO StandaloneSchedulerBackend: Granted executor ID app-20240817013840-0042/0 on hostPort 172.18.0.6:35359 with 1 core(s), 1024.0 MiB RAM
[2024-08-17T01:38:40.738+0000] {subprocess.py:93} INFO - 24/08/17 01:38:40 INFO StandaloneAppClient$ClientEndpoint: Executor added: app-20240817013840-0042/1 on worker-20240809124721-172.18.0.7-36933 (172.18.0.7:36933) with 1 core(s)
[2024-08-17T01:38:40.739+0000] {subprocess.py:93} INFO - 24/08/17 01:38:40 INFO StandaloneSchedulerBackend: Granted executor ID app-20240817013840-0042/1 on hostPort 172.18.0.7:36933 with 1 core(s), 1024.0 MiB RAM
[2024-08-17T01:38:40.741+0000] {subprocess.py:93} INFO - 24/08/17 01:38:40 INFO Utils: Successfully started service 'org.apache.spark.network.netty.NettyBlockTransferService' on port 33343.
[2024-08-17T01:38:40.741+0000] {subprocess.py:93} INFO - 24/08/17 01:38:40 INFO NettyBlockTransferService: Server created on 27ef58cc88fc:33343
[2024-08-17T01:38:40.742+0000] {subprocess.py:93} INFO - 24/08/17 01:38:40 INFO BlockManager: Using org.apache.spark.storage.RandomBlockReplicationPolicy for block replication policy
[2024-08-17T01:38:40.746+0000] {subprocess.py:93} INFO - 24/08/17 01:38:40 INFO BlockManagerMaster: Registering BlockManager BlockManagerId(driver, 27ef58cc88fc, 33343, None)
[2024-08-17T01:38:40.748+0000] {subprocess.py:93} INFO - 24/08/17 01:38:40 INFO BlockManagerMasterEndpoint: Registering block manager 27ef58cc88fc:33343 with 1458.4 MiB RAM, BlockManagerId(driver, 27ef58cc88fc, 33343, None)
[2024-08-17T01:38:40.749+0000] {subprocess.py:93} INFO - 24/08/17 01:38:40 INFO BlockManagerMaster: Registered BlockManager BlockManagerId(driver, 27ef58cc88fc, 33343, None)
[2024-08-17T01:38:40.752+0000] {subprocess.py:93} INFO - 24/08/17 01:38:40 INFO BlockManager: Initialized BlockManager: BlockManagerId(driver, 27ef58cc88fc, 33343, None)
[2024-08-17T01:38:40.767+0000] {subprocess.py:93} INFO - 24/08/17 01:38:40 INFO StandaloneAppClient$ClientEndpoint: Executor updated: app-20240817013840-0042/1 is now RUNNING
[2024-08-17T01:38:40.770+0000] {subprocess.py:93} INFO - 24/08/17 01:38:40 INFO StandaloneAppClient$ClientEndpoint: Executor updated: app-20240817013840-0042/0 is now RUNNING
[2024-08-17T01:38:40.886+0000] {subprocess.py:93} INFO - 24/08/17 01:38:40 INFO StandaloneSchedulerBackend: SchedulerBackend is ready for scheduling beginning after reached minRegisteredResourcesRatio: 0.0
[2024-08-17T01:38:41.002+0000] {subprocess.py:93} INFO - 24/08/17 01:38:41 INFO SharedState: Setting hive.metastore.warehouse.dir ('null') to the value of spark.sql.warehouse.dir.
[2024-08-17T01:38:41.003+0000] {subprocess.py:93} INFO - 24/08/17 01:38:41 INFO SharedState: Warehouse path is 'file:/tmp/***tmpc75g_lxb/spark-warehouse'.
[2024-08-17T01:38:41.507+0000] {subprocess.py:93} INFO - 24/08/17 01:38:41 INFO Version: Elasticsearch Hadoop v8.4.3 [a7873eb469]
[2024-08-17T01:38:42.317+0000] {subprocess.py:93} INFO - 24/08/17 01:38:42 INFO StandaloneSchedulerBackend$StandaloneDriverEndpoint: Registered executor NettyRpcEndpointRef(spark-client://Executor) (172.18.0.7:51874) with ID 1,  ResourceProfileId 0
[2024-08-17T01:38:42.323+0000] {subprocess.py:93} INFO - 24/08/17 01:38:42 INFO StandaloneSchedulerBackend$StandaloneDriverEndpoint: Registered executor NettyRpcEndpointRef(spark-client://Executor) (172.18.0.6:46132) with ID 0,  ResourceProfileId 0
[2024-08-17T01:38:42.366+0000] {subprocess.py:93} INFO - 24/08/17 01:38:42 INFO BlockManagerMasterEndpoint: Registering block manager 172.18.0.7:43613 with 1458.4 MiB RAM, BlockManagerId(1, 172.18.0.7, 43613, None)
[2024-08-17T01:38:42.371+0000] {subprocess.py:93} INFO - 24/08/17 01:38:42 INFO BlockManagerMasterEndpoint: Registering block manager 172.18.0.6:33329 with 1458.4 MiB RAM, BlockManagerId(0, 172.18.0.6, 33329, None)
[2024-08-17T01:38:42.898+0000] {subprocess.py:93} INFO - Traceback (most recent call last):
[2024-08-17T01:38:42.899+0000] {subprocess.py:93} INFO -   File "/opt/***/jobs/analyze_data.py", line 48, in <module>
[2024-08-17T01:38:42.899+0000] {subprocess.py:93} INFO -     save_analysis_result(top_gainers, "data/top_gainers.csv")
[2024-08-17T01:38:42.899+0000] {subprocess.py:93} INFO -   File "/opt/***/jobs/analyze_data.py", line 41, in save_analysis_result
[2024-08-17T01:38:42.900+0000] {subprocess.py:93} INFO -     df.coalesce(1).write.mode("overwrite").csv(file_path, header=True)
[2024-08-17T01:38:42.900+0000] {subprocess.py:93} INFO -   File "/home/***/.local/lib/python3.11/site-packages/pyspark/python/lib/pyspark.zip/pyspark/sql/readwriter.py", line 1864, in csv
[2024-08-17T01:38:42.901+0000] {subprocess.py:93} INFO -   File "/home/***/.local/lib/python3.11/site-packages/pyspark/python/lib/py4j-0.10.9.7-src.zip/py4j/java_gateway.py", line 1322, in __call__
[2024-08-17T01:38:42.903+0000] {subprocess.py:93} INFO -   File "/home/***/.local/lib/python3.11/site-packages/pyspark/python/lib/pyspark.zip/pyspark/errors/exceptions/captured.py", line 185, in deco
[2024-08-17T01:38:42.904+0000] {subprocess.py:93} INFO - pyspark.errors.exceptions.captured.AnalysisException: [UNSUPPORTED_DATA_TYPE_FOR_DATASOURCE] The CSV datasource doesn't support the column `_metadata` of the type "MAP<STRING, STRING>".
[2024-08-17T01:38:42.939+0000] {subprocess.py:93} INFO - 24/08/17 01:38:42 INFO SparkContext: Invoking stop() from shutdown hook
[2024-08-17T01:38:42.939+0000] {subprocess.py:93} INFO - 24/08/17 01:38:42 INFO SparkContext: SparkContext is stopping with exitCode 0.
[2024-08-17T01:38:42.944+0000] {subprocess.py:93} INFO - 24/08/17 01:38:42 INFO SparkUI: Stopped Spark web UI at http://27ef58cc88fc:4040
[2024-08-17T01:38:42.946+0000] {subprocess.py:93} INFO - 24/08/17 01:38:42 INFO StandaloneSchedulerBackend: Shutting down all executors
[2024-08-17T01:38:42.947+0000] {subprocess.py:93} INFO - 24/08/17 01:38:42 INFO StandaloneSchedulerBackend$StandaloneDriverEndpoint: Asking each executor to shut down
[2024-08-17T01:38:42.963+0000] {subprocess.py:93} INFO - 24/08/17 01:38:42 INFO MapOutputTrackerMasterEndpoint: MapOutputTrackerMasterEndpoint stopped!
[2024-08-17T01:38:42.976+0000] {subprocess.py:93} INFO - 24/08/17 01:38:42 INFO MemoryStore: MemoryStore cleared
[2024-08-17T01:38:42.977+0000] {subprocess.py:93} INFO - 24/08/17 01:38:42 INFO BlockManager: BlockManager stopped
[2024-08-17T01:38:42.980+0000] {subprocess.py:93} INFO - 24/08/17 01:38:42 INFO BlockManagerMaster: BlockManagerMaster stopped
[2024-08-17T01:38:42.981+0000] {subprocess.py:93} INFO - 24/08/17 01:38:42 INFO OutputCommitCoordinator$OutputCommitCoordinatorEndpoint: OutputCommitCoordinator stopped!
[2024-08-17T01:38:42.988+0000] {subprocess.py:93} INFO - 24/08/17 01:38:42 INFO SparkContext: Successfully stopped SparkContext
[2024-08-17T01:38:42.988+0000] {subprocess.py:93} INFO - 24/08/17 01:38:42 INFO ShutdownHookManager: Shutdown hook called
[2024-08-17T01:38:42.988+0000] {subprocess.py:93} INFO - 24/08/17 01:38:42 INFO ShutdownHookManager: Deleting directory /tmp/spark-23d7922e-677d-40a3-be15-c0dba5227e14
[2024-08-17T01:38:42.993+0000] {subprocess.py:93} INFO - 24/08/17 01:38:42 INFO ShutdownHookManager: Deleting directory /tmp/spark-3db0680c-ab2d-478d-88e2-e68e3248a871/pyspark-5027aac3-0383-4444-a39e-198ab906b62a
[2024-08-17T01:38:42.998+0000] {subprocess.py:93} INFO - 24/08/17 01:38:42 INFO ShutdownHookManager: Deleting directory /tmp/spark-3db0680c-ab2d-478d-88e2-e68e3248a871
[2024-08-17T01:38:43.022+0000] {subprocess.py:97} INFO - Command exited with return code 1
[2024-08-17T01:38:43.037+0000] {taskinstance.py:1935} ERROR - Task failed with exception
Traceback (most recent call last):
  File "/home/airflow/.local/lib/python3.11/site-packages/airflow/operators/bash.py", line 210, in execute
    raise AirflowException(
airflow.exceptions.AirflowException: Bash command failed. The command returned a non-zero exit code 1.
[2024-08-17T01:38:43.040+0000] {taskinstance.py:1398} INFO - Marking task as FAILED. dag_id=data_pipeline_api, task_id=analyze_data, execution_date=20240816T003000, start_date=20240817T013838, end_date=20240817T013843
[2024-08-17T01:38:43.048+0000] {standard_task_runner.py:104} ERROR - Failed to execute job 59 for task analyze_data (Bash command failed. The command returned a non-zero exit code 1.; 52769)
[2024-08-17T01:38:43.074+0000] {local_task_job_runner.py:228} INFO - Task exited with return code 1
[2024-08-17T01:38:43.104+0000] {taskinstance.py:2776} INFO - 0 downstream tasks scheduled from follow-on schedule check
