[2024-08-17T01:11:16.610+0000] {taskinstance.py:1157} INFO - Dependencies all met for dep_context=non-requeueable deps ti=<TaskInstance: data_pipeline_api.analyze_data scheduled__2024-08-16T00:30:00+00:00 [queued]>
[2024-08-17T01:11:16.614+0000] {taskinstance.py:1157} INFO - Dependencies all met for dep_context=requeueable deps ti=<TaskInstance: data_pipeline_api.analyze_data scheduled__2024-08-16T00:30:00+00:00 [queued]>
[2024-08-17T01:11:16.614+0000] {taskinstance.py:1359} INFO - Starting attempt 1 of 2
[2024-08-17T01:11:16.619+0000] {taskinstance.py:1380} INFO - Executing <Task(BashOperator): analyze_data> on 2024-08-16 00:30:00+00:00
[2024-08-17T01:11:16.622+0000] {standard_task_runner.py:57} INFO - Started process 52185 to run task
[2024-08-17T01:11:16.625+0000] {standard_task_runner.py:84} INFO - Running: ['***', 'tasks', 'run', 'data_pipeline_api', 'analyze_data', 'scheduled__2024-08-16T00:30:00+00:00', '--job-id', '56', '--raw', '--subdir', 'DAGS_FOLDER/spark-jobs.py', '--cfg-path', '/tmp/tmp1gq6vgm8']
[2024-08-17T01:11:16.628+0000] {standard_task_runner.py:85} INFO - Job 56: Subtask analyze_data
[2024-08-17T01:11:16.682+0000] {task_command.py:415} INFO - Running <TaskInstance: data_pipeline_api.analyze_data scheduled__2024-08-16T00:30:00+00:00 [running]> on host 27ef58cc88fc
[2024-08-17T01:11:16.760+0000] {taskinstance.py:1660} INFO - Exporting env vars: AIRFLOW_CTX_DAG_OWNER='***' AIRFLOW_CTX_DAG_ID='data_pipeline_api' AIRFLOW_CTX_TASK_ID='analyze_data' AIRFLOW_CTX_EXECUTION_DATE='2024-08-16T00:30:00+00:00' AIRFLOW_CTX_TRY_NUMBER='1' AIRFLOW_CTX_DAG_RUN_ID='scheduled__2024-08-16T00:30:00+00:00'
[2024-08-17T01:11:16.761+0000] {subprocess.py:63} INFO - Tmp dir root location: /tmp
[2024-08-17T01:11:16.763+0000] {subprocess.py:75} INFO - Running command: ['/bin/bash', '-c', 'bash /opt/***/jobs/spark-submit.sh /opt/***/jobs/analyze_data.py ']
[2024-08-17T01:11:16.770+0000] {subprocess.py:86} INFO - Output:
[2024-08-17T01:11:16.782+0000] {subprocess.py:93} INFO - /opt/***/jobs/analyze_data.py
[2024-08-17T01:11:16.857+0000] {subprocess.py:93} INFO - /home/***/.local/lib/python3.11/site-packages/pyspark/bin/load-spark-env.sh: line 68: ps: command not found
[2024-08-17T01:11:18.402+0000] {subprocess.py:93} INFO - 24/08/17 01:11:18 WARN NativeCodeLoader: Unable to load native-hadoop library for your platform... using builtin-java classes where applicable
[2024-08-17T01:11:19.099+0000] {subprocess.py:93} INFO - 24/08/17 01:11:19 INFO SparkContext: Running Spark version 3.5.1
[2024-08-17T01:11:19.103+0000] {subprocess.py:93} INFO - 24/08/17 01:11:19 INFO SparkContext: OS info Linux, 6.6.32-linuxkit, aarch64
[2024-08-17T01:11:19.103+0000] {subprocess.py:93} INFO - 24/08/17 01:11:19 INFO SparkContext: Java version 11.0.23
[2024-08-17T01:11:19.118+0000] {subprocess.py:93} INFO - 24/08/17 01:11:19 INFO ResourceUtils: ==============================================================
[2024-08-17T01:11:19.119+0000] {subprocess.py:93} INFO - 24/08/17 01:11:19 INFO ResourceUtils: No custom resources configured for spark.driver.
[2024-08-17T01:11:19.119+0000] {subprocess.py:93} INFO - 24/08/17 01:11:19 INFO ResourceUtils: ==============================================================
[2024-08-17T01:11:19.119+0000] {subprocess.py:93} INFO - 24/08/17 01:11:19 INFO SparkContext: Submitted application: FinanceDataAnalysis
[2024-08-17T01:11:19.140+0000] {subprocess.py:93} INFO - 24/08/17 01:11:19 INFO ResourceProfile: Default ResourceProfile created, executor resources: Map(cores -> name: cores, amount: 1, script: , vendor: , memory -> name: memory, amount: 1024, script: , vendor: , offHeap -> name: offHeap, amount: 1024, script: , vendor: ), task resources: Map(cpus -> name: cpus, amount: 1.0)
[2024-08-17T01:11:19.148+0000] {subprocess.py:93} INFO - 24/08/17 01:11:19 INFO ResourceProfile: Limiting resource is cpus at 1 tasks per executor
[2024-08-17T01:11:19.149+0000] {subprocess.py:93} INFO - 24/08/17 01:11:19 INFO ResourceProfileManager: Added ResourceProfile id: 0
[2024-08-17T01:11:19.200+0000] {subprocess.py:93} INFO - 24/08/17 01:11:19 INFO SecurityManager: Changing view acls to: ***
[2024-08-17T01:11:19.200+0000] {subprocess.py:93} INFO - 24/08/17 01:11:19 INFO SecurityManager: Changing modify acls to: ***
[2024-08-17T01:11:19.200+0000] {subprocess.py:93} INFO - 24/08/17 01:11:19 INFO SecurityManager: Changing view acls groups to:
[2024-08-17T01:11:19.201+0000] {subprocess.py:93} INFO - 24/08/17 01:11:19 INFO SecurityManager: Changing modify acls groups to:
[2024-08-17T01:11:19.203+0000] {subprocess.py:93} INFO - 24/08/17 01:11:19 INFO SecurityManager: SecurityManager: authentication disabled; ui acls disabled; users with view permissions: ***; groups with view permissions: EMPTY; users with modify permissions: ***; groups with modify permissions: EMPTY
[2024-08-17T01:11:19.354+0000] {subprocess.py:93} INFO - 24/08/17 01:11:19 INFO Utils: Successfully started service 'sparkDriver' on port 34209.
[2024-08-17T01:11:19.378+0000] {subprocess.py:93} INFO - 24/08/17 01:11:19 INFO SparkEnv: Registering MapOutputTracker
[2024-08-17T01:11:19.396+0000] {subprocess.py:93} INFO - 24/08/17 01:11:19 INFO SparkEnv: Registering BlockManagerMaster
[2024-08-17T01:11:19.405+0000] {subprocess.py:93} INFO - 24/08/17 01:11:19 INFO BlockManagerMasterEndpoint: Using org.apache.spark.storage.DefaultTopologyMapper for getting topology information
[2024-08-17T01:11:19.406+0000] {subprocess.py:93} INFO - 24/08/17 01:11:19 INFO BlockManagerMasterEndpoint: BlockManagerMasterEndpoint up
[2024-08-17T01:11:19.407+0000] {subprocess.py:93} INFO - 24/08/17 01:11:19 INFO SparkEnv: Registering BlockManagerMasterHeartbeat
[2024-08-17T01:11:19.418+0000] {subprocess.py:93} INFO - 24/08/17 01:11:19 INFO DiskBlockManager: Created local directory at /tmp/blockmgr-b24afcd7-26cc-47b9-a2a7-db6e12483100
[2024-08-17T01:11:19.427+0000] {subprocess.py:93} INFO - 24/08/17 01:11:19 INFO MemoryStore: MemoryStore started with capacity 1458.4 MiB
[2024-08-17T01:11:19.435+0000] {subprocess.py:93} INFO - 24/08/17 01:11:19 INFO SparkEnv: Registering OutputCommitCoordinator
[2024-08-17T01:11:19.504+0000] {subprocess.py:93} INFO - 24/08/17 01:11:19 INFO JettyUtils: Start Jetty 0.0.0.0:4040 for SparkUI
[2024-08-17T01:11:19.532+0000] {subprocess.py:93} INFO - 24/08/17 01:11:19 WARN Utils: Service 'SparkUI' could not bind on port 4040. Attempting port 4041.
[2024-08-17T01:11:19.537+0000] {subprocess.py:93} INFO - 24/08/17 01:11:19 INFO Utils: Successfully started service 'SparkUI' on port 4041.
[2024-08-17T01:11:19.554+0000] {subprocess.py:93} INFO - 24/08/17 01:11:19 INFO SparkContext: Added JAR file:///opt/bitnami/spark/resources/elasticsearch-spark-30_2.12-8.4.3.jar at spark://27ef58cc88fc:34209/jars/elasticsearch-spark-30_2.12-8.4.3.jar with timestamp 1723857079094
[2024-08-17T01:11:19.613+0000] {subprocess.py:93} INFO - 24/08/17 01:11:19 INFO StandaloneAppClient$ClientEndpoint: Connecting to master spark://spark-master:7077...
[2024-08-17T01:11:19.643+0000] {subprocess.py:93} INFO - 24/08/17 01:11:19 INFO TransportClientFactory: Successfully created connection to spark-master/172.18.0.4:7077 after 12 ms (0 ms spent in bootstraps)
[2024-08-17T01:11:19.715+0000] {subprocess.py:93} INFO - 24/08/17 01:11:19 INFO StandaloneSchedulerBackend: Connected to Spark cluster with app ID app-20240817011119-0040
[2024-08-17T01:11:19.720+0000] {subprocess.py:93} INFO - 24/08/17 01:11:19 INFO Utils: Successfully started service 'org.apache.spark.network.netty.NettyBlockTransferService' on port 38811.
[2024-08-17T01:11:19.721+0000] {subprocess.py:93} INFO - 24/08/17 01:11:19 INFO NettyBlockTransferService: Server created on 27ef58cc88fc:38811
[2024-08-17T01:11:19.722+0000] {subprocess.py:93} INFO - 24/08/17 01:11:19 INFO BlockManager: Using org.apache.spark.storage.RandomBlockReplicationPolicy for block replication policy
[2024-08-17T01:11:19.725+0000] {subprocess.py:93} INFO - 24/08/17 01:11:19 INFO BlockManagerMaster: Registering BlockManager BlockManagerId(driver, 27ef58cc88fc, 38811, None)
[2024-08-17T01:11:19.726+0000] {subprocess.py:93} INFO - 24/08/17 01:11:19 INFO BlockManagerMasterEndpoint: Registering block manager 27ef58cc88fc:38811 with 1458.4 MiB RAM, BlockManagerId(driver, 27ef58cc88fc, 38811, None)
[2024-08-17T01:11:19.728+0000] {subprocess.py:93} INFO - 24/08/17 01:11:19 INFO BlockManagerMaster: Registered BlockManager BlockManagerId(driver, 27ef58cc88fc, 38811, None)
[2024-08-17T01:11:19.729+0000] {subprocess.py:93} INFO - 24/08/17 01:11:19 INFO BlockManager: Initialized BlockManager: BlockManagerId(driver, 27ef58cc88fc, 38811, None)
[2024-08-17T01:11:19.736+0000] {subprocess.py:93} INFO - 24/08/17 01:11:19 INFO StandaloneAppClient$ClientEndpoint: Executor added: app-20240817011119-0040/0 on worker-20240809124721-172.18.0.7-36933 (172.18.0.7:36933) with 1 core(s)
[2024-08-17T01:11:19.738+0000] {subprocess.py:93} INFO - 24/08/17 01:11:19 INFO StandaloneSchedulerBackend: Granted executor ID app-20240817011119-0040/0 on hostPort 172.18.0.7:36933 with 1 core(s), 1024.0 MiB RAM
[2024-08-17T01:11:19.743+0000] {subprocess.py:93} INFO - 24/08/17 01:11:19 INFO StandaloneAppClient$ClientEndpoint: Executor added: app-20240817011119-0040/1 on worker-20240809124721-172.18.0.6-35359 (172.18.0.6:35359) with 1 core(s)
[2024-08-17T01:11:19.744+0000] {subprocess.py:93} INFO - 24/08/17 01:11:19 INFO StandaloneSchedulerBackend: Granted executor ID app-20240817011119-0040/1 on hostPort 172.18.0.6:35359 with 1 core(s), 1024.0 MiB RAM
[2024-08-17T01:11:19.866+0000] {subprocess.py:93} INFO - 24/08/17 01:11:19 INFO StandaloneAppClient$ClientEndpoint: Executor updated: app-20240817011119-0040/0 is now RUNNING
[2024-08-17T01:11:19.866+0000] {subprocess.py:93} INFO - 24/08/17 01:11:19 INFO StandaloneAppClient$ClientEndpoint: Executor updated: app-20240817011119-0040/1 is now RUNNING
[2024-08-17T01:11:19.921+0000] {subprocess.py:93} INFO - 24/08/17 01:11:19 INFO StandaloneSchedulerBackend: SchedulerBackend is ready for scheduling beginning after reached minRegisteredResourcesRatio: 0.0
[2024-08-17T01:11:20.067+0000] {subprocess.py:93} INFO - 24/08/17 01:11:20 INFO SharedState: Setting hive.metastore.warehouse.dir ('null') to the value of spark.sql.warehouse.dir.
[2024-08-17T01:11:20.069+0000] {subprocess.py:93} INFO - 24/08/17 01:11:20 INFO SharedState: Warehouse path is 'file:/tmp/***tmp_e5r4q9n/spark-warehouse'.
[2024-08-17T01:11:21.349+0000] {subprocess.py:93} INFO - 24/08/17 01:11:21 INFO Version: Elasticsearch Hadoop v8.4.3 [a7873eb469]
[2024-08-17T01:11:22.716+0000] {subprocess.py:93} INFO - 24/08/17 01:11:22 INFO StandaloneSchedulerBackend$StandaloneDriverEndpoint: Registered executor NettyRpcEndpointRef(spark-client://Executor) (172.18.0.6:44290) with ID 1,  ResourceProfileId 0
[2024-08-17T01:11:22.762+0000] {subprocess.py:93} INFO - 24/08/17 01:11:22 INFO StandaloneSchedulerBackend$StandaloneDriverEndpoint: Registered executor NettyRpcEndpointRef(spark-client://Executor) (172.18.0.7:34312) with ID 0,  ResourceProfileId 0
[2024-08-17T01:11:22.792+0000] {subprocess.py:93} INFO - 24/08/17 01:11:22 INFO BlockManagerMasterEndpoint: Registering block manager 172.18.0.6:35417 with 1458.4 MiB RAM, BlockManagerId(1, 172.18.0.6, 35417, None)
[2024-08-17T01:11:22.816+0000] {subprocess.py:93} INFO - 24/08/17 01:11:22 INFO BlockManagerMasterEndpoint: Registering block manager 172.18.0.7:38327 with 1458.4 MiB RAM, BlockManagerId(0, 172.18.0.7, 38327, None)
[2024-08-17T01:11:23.366+0000] {subprocess.py:93} INFO - Traceback (most recent call last):
[2024-08-17T01:11:23.367+0000] {subprocess.py:93} INFO -   File "/opt/***/jobs/analyze_data.py", line 48, in <module>
[2024-08-17T01:11:23.367+0000] {subprocess.py:93} INFO -     save_analysis_result(top_gainers, "data/top_gainers.csv")
[2024-08-17T01:11:23.368+0000] {subprocess.py:93} INFO -   File "/opt/***/jobs/analyze_data.py", line 41, in save_analysis_result
[2024-08-17T01:11:23.368+0000] {subprocess.py:93} INFO -     df.coalesce(1).write.mode("overwrite").csv(file_path, header=True)
[2024-08-17T01:11:23.368+0000] {subprocess.py:93} INFO -   File "/home/***/.local/lib/python3.11/site-packages/pyspark/python/lib/pyspark.zip/pyspark/sql/readwriter.py", line 1864, in csv
[2024-08-17T01:11:23.368+0000] {subprocess.py:93} INFO -   File "/home/***/.local/lib/python3.11/site-packages/pyspark/python/lib/py4j-0.10.9.7-src.zip/py4j/java_gateway.py", line 1322, in __call__
[2024-08-17T01:11:23.368+0000] {subprocess.py:93} INFO -   File "/home/***/.local/lib/python3.11/site-packages/pyspark/python/lib/pyspark.zip/pyspark/errors/exceptions/captured.py", line 185, in deco
[2024-08-17T01:11:23.371+0000] {subprocess.py:93} INFO - pyspark.errors.exceptions.captured.AnalysisException: [UNSUPPORTED_DATA_TYPE_FOR_DATASOURCE] The CSV datasource doesn't support the column `_metadata` of the type "MAP<STRING, STRING>".
[2024-08-17T01:11:23.420+0000] {subprocess.py:93} INFO - 24/08/17 01:11:23 INFO SparkContext: Invoking stop() from shutdown hook
[2024-08-17T01:11:23.424+0000] {subprocess.py:93} INFO - 24/08/17 01:11:23 INFO SparkContext: SparkContext is stopping with exitCode 0.
[2024-08-17T01:11:23.426+0000] {subprocess.py:93} INFO - 24/08/17 01:11:23 INFO SparkUI: Stopped Spark web UI at http://27ef58cc88fc:4041
[2024-08-17T01:11:23.429+0000] {subprocess.py:93} INFO - 24/08/17 01:11:23 INFO StandaloneSchedulerBackend: Shutting down all executors
[2024-08-17T01:11:23.430+0000] {subprocess.py:93} INFO - 24/08/17 01:11:23 INFO StandaloneSchedulerBackend$StandaloneDriverEndpoint: Asking each executor to shut down
[2024-08-17T01:11:23.449+0000] {subprocess.py:93} INFO - 24/08/17 01:11:23 INFO MapOutputTrackerMasterEndpoint: MapOutputTrackerMasterEndpoint stopped!
[2024-08-17T01:11:23.486+0000] {subprocess.py:93} INFO - 24/08/17 01:11:23 INFO MemoryStore: MemoryStore cleared
[2024-08-17T01:11:23.488+0000] {subprocess.py:93} INFO - 24/08/17 01:11:23 INFO BlockManager: BlockManager stopped
[2024-08-17T01:11:23.494+0000] {subprocess.py:93} INFO - 24/08/17 01:11:23 INFO BlockManagerMaster: BlockManagerMaster stopped
[2024-08-17T01:11:23.496+0000] {subprocess.py:93} INFO - 24/08/17 01:11:23 INFO OutputCommitCoordinator$OutputCommitCoordinatorEndpoint: OutputCommitCoordinator stopped!
[2024-08-17T01:11:23.506+0000] {subprocess.py:93} INFO - 24/08/17 01:11:23 INFO SparkContext: Successfully stopped SparkContext
[2024-08-17T01:11:23.507+0000] {subprocess.py:93} INFO - 24/08/17 01:11:23 INFO ShutdownHookManager: Shutdown hook called
[2024-08-17T01:11:23.509+0000] {subprocess.py:93} INFO - 24/08/17 01:11:23 INFO ShutdownHookManager: Deleting directory /tmp/spark-aacbe5e6-dddb-4978-9906-ea6153d909da/pyspark-a63ca9bd-3557-42ce-b971-5720a701cf5d
[2024-08-17T01:11:23.511+0000] {subprocess.py:93} INFO - 24/08/17 01:11:23 INFO ShutdownHookManager: Deleting directory /tmp/spark-aacbe5e6-dddb-4978-9906-ea6153d909da
[2024-08-17T01:11:23.517+0000] {subprocess.py:93} INFO - 24/08/17 01:11:23 INFO ShutdownHookManager: Deleting directory /tmp/spark-671bf93f-17b3-43af-a9e3-2d4bc309b64c
[2024-08-17T01:11:23.568+0000] {subprocess.py:97} INFO - Command exited with return code 1
[2024-08-17T01:11:23.590+0000] {taskinstance.py:1935} ERROR - Task failed with exception
Traceback (most recent call last):
  File "/home/airflow/.local/lib/python3.11/site-packages/airflow/operators/bash.py", line 210, in execute
    raise AirflowException(
airflow.exceptions.AirflowException: Bash command failed. The command returned a non-zero exit code 1.
[2024-08-17T01:11:23.596+0000] {taskinstance.py:1398} INFO - Marking task as UP_FOR_RETRY. dag_id=data_pipeline_api, task_id=analyze_data, execution_date=20240816T003000, start_date=20240817T011116, end_date=20240817T011123
[2024-08-17T01:11:23.617+0000] {standard_task_runner.py:104} ERROR - Failed to execute job 56 for task analyze_data (Bash command failed. The command returned a non-zero exit code 1.; 52185)
[2024-08-17T01:11:23.653+0000] {local_task_job_runner.py:228} INFO - Task exited with return code 1
[2024-08-17T01:11:23.672+0000] {taskinstance.py:2776} INFO - 0 downstream tasks scheduled from follow-on schedule check
