[2024-08-09T12:03:18.899+0000] {taskinstance.py:1157} INFO - Dependencies all met for dep_context=non-requeueable deps ti=<TaskInstance: data_pipeline.fetch_data scheduled__2024-08-08T00:30:00+00:00 [queued]>
[2024-08-09T12:03:18.902+0000] {taskinstance.py:1157} INFO - Dependencies all met for dep_context=requeueable deps ti=<TaskInstance: data_pipeline.fetch_data scheduled__2024-08-08T00:30:00+00:00 [queued]>
[2024-08-09T12:03:18.902+0000] {taskinstance.py:1359} INFO - Starting attempt 2 of 3
[2024-08-09T12:03:18.906+0000] {taskinstance.py:1380} INFO - Executing <Task(BashOperator): fetch_data> on 2024-08-08 00:30:00+00:00
[2024-08-09T12:03:18.910+0000] {standard_task_runner.py:57} INFO - Started process 12358 to run task
[2024-08-09T12:03:18.911+0000] {standard_task_runner.py:84} INFO - Running: ['***', 'tasks', 'run', 'data_pipeline', 'fetch_data', 'scheduled__2024-08-08T00:30:00+00:00', '--job-id', '88', '--raw', '--subdir', 'DAGS_FOLDER/spark-jobs.py', '--cfg-path', '/tmp/tmpkdq8ubyc']
[2024-08-09T12:03:18.913+0000] {standard_task_runner.py:85} INFO - Job 88: Subtask fetch_data
[2024-08-09T12:03:18.943+0000] {task_command.py:415} INFO - Running <TaskInstance: data_pipeline.fetch_data scheduled__2024-08-08T00:30:00+00:00 [running]> on host c553c98b8e80
[2024-08-09T12:03:18.984+0000] {taskinstance.py:1660} INFO - Exporting env vars: AIRFLOW_CTX_DAG_OWNER='***' AIRFLOW_CTX_DAG_ID='data_pipeline' AIRFLOW_CTX_TASK_ID='fetch_data' AIRFLOW_CTX_EXECUTION_DATE='2024-08-08T00:30:00+00:00' AIRFLOW_CTX_TRY_NUMBER='2' AIRFLOW_CTX_DAG_RUN_ID='scheduled__2024-08-08T00:30:00+00:00'
[2024-08-09T12:03:18.985+0000] {subprocess.py:63} INFO - Tmp dir root location: /tmp
[2024-08-09T12:03:18.986+0000] {subprocess.py:75} INFO - Running command: ['/bin/bash', '-c', 'bash /opt/***/jobs/spark-submit.sh /opt/***/jobs/main.py ']
[2024-08-09T12:03:18.992+0000] {subprocess.py:86} INFO - Output:
[2024-08-09T12:03:19.005+0000] {subprocess.py:93} INFO - /opt/***/jobs/main.py
[2024-08-09T12:03:19.080+0000] {subprocess.py:93} INFO - /home/***/.local/lib/python3.11/site-packages/pyspark/bin/load-spark-env.sh: line 68: ps: command not found
[2024-08-09T12:03:20.557+0000] {subprocess.py:93} INFO - 24/08/09 12:03:20 WARN NativeCodeLoader: Unable to load native-hadoop library for your platform... using builtin-java classes where applicable
[2024-08-09T12:03:24.212+0000] {subprocess.py:93} INFO - 24/08/09 12:03:24 INFO SparkContext: Running Spark version 3.5.1
[2024-08-09T12:03:24.217+0000] {subprocess.py:93} INFO - 24/08/09 12:03:24 INFO SparkContext: OS info Linux, 6.6.32-linuxkit, aarch64
[2024-08-09T12:03:24.218+0000] {subprocess.py:93} INFO - 24/08/09 12:03:24 INFO SparkContext: Java version 11.0.23
[2024-08-09T12:03:24.247+0000] {subprocess.py:93} INFO - 24/08/09 12:03:24 INFO ResourceUtils: ==============================================================
[2024-08-09T12:03:24.248+0000] {subprocess.py:93} INFO - 24/08/09 12:03:24 INFO ResourceUtils: No custom resources configured for spark.driver.
[2024-08-09T12:03:24.248+0000] {subprocess.py:93} INFO - 24/08/09 12:03:24 INFO ResourceUtils: ==============================================================
[2024-08-09T12:03:24.248+0000] {subprocess.py:93} INFO - 24/08/09 12:03:24 INFO SparkContext: Submitted application: FinanceDataProcessing
[2024-08-09T12:03:24.268+0000] {subprocess.py:93} INFO - 24/08/09 12:03:24 INFO ResourceProfile: Default ResourceProfile created, executor resources: Map(cores -> name: cores, amount: 1, script: , vendor: , memory -> name: memory, amount: 2048, script: , vendor: , offHeap -> name: offHeap, amount: 2048, script: , vendor: ), task resources: Map(cpus -> name: cpus, amount: 1.0)
[2024-08-09T12:03:24.279+0000] {subprocess.py:93} INFO - 24/08/09 12:03:24 INFO ResourceProfile: Limiting resource is cpus at 1 tasks per executor
[2024-08-09T12:03:24.282+0000] {subprocess.py:93} INFO - 24/08/09 12:03:24 INFO ResourceProfileManager: Added ResourceProfile id: 0
[2024-08-09T12:03:24.363+0000] {subprocess.py:93} INFO - 24/08/09 12:03:24 INFO SecurityManager: Changing view acls to: ***
[2024-08-09T12:03:24.364+0000] {subprocess.py:93} INFO - 24/08/09 12:03:24 INFO SecurityManager: Changing modify acls to: ***
[2024-08-09T12:03:24.365+0000] {subprocess.py:93} INFO - 24/08/09 12:03:24 INFO SecurityManager: Changing view acls groups to:
[2024-08-09T12:03:24.366+0000] {subprocess.py:93} INFO - 24/08/09 12:03:24 INFO SecurityManager: Changing modify acls groups to:
[2024-08-09T12:03:24.367+0000] {subprocess.py:93} INFO - 24/08/09 12:03:24 INFO SecurityManager: SecurityManager: authentication disabled; ui acls disabled; users with view permissions: ***; groups with view permissions: EMPTY; users with modify permissions: ***; groups with modify permissions: EMPTY
[2024-08-09T12:03:24.586+0000] {subprocess.py:93} INFO - 24/08/09 12:03:24 INFO Utils: Successfully started service 'sparkDriver' on port 45409.
[2024-08-09T12:03:24.649+0000] {subprocess.py:93} INFO - 24/08/09 12:03:24 INFO SparkEnv: Registering MapOutputTracker
[2024-08-09T12:03:24.671+0000] {subprocess.py:93} INFO - 24/08/09 12:03:24 INFO SparkEnv: Registering BlockManagerMaster
[2024-08-09T12:03:24.683+0000] {subprocess.py:93} INFO - 24/08/09 12:03:24 INFO BlockManagerMasterEndpoint: Using org.apache.spark.storage.DefaultTopologyMapper for getting topology information
[2024-08-09T12:03:24.684+0000] {subprocess.py:93} INFO - 24/08/09 12:03:24 INFO BlockManagerMasterEndpoint: BlockManagerMasterEndpoint up
[2024-08-09T12:03:24.692+0000] {subprocess.py:93} INFO - 24/08/09 12:03:24 INFO SparkEnv: Registering BlockManagerMasterHeartbeat
[2024-08-09T12:03:24.716+0000] {subprocess.py:93} INFO - 24/08/09 12:03:24 INFO DiskBlockManager: Created local directory at /tmp/blockmgr-aca8d648-b3e0-4707-a0c1-2bd43d2f22c7
[2024-08-09T12:03:24.731+0000] {subprocess.py:93} INFO - 24/08/09 12:03:24 INFO MemoryStore: MemoryStore started with capacity 3.0 GiB
[2024-08-09T12:03:24.761+0000] {subprocess.py:93} INFO - 24/08/09 12:03:24 INFO SparkEnv: Registering OutputCommitCoordinator
[2024-08-09T12:03:24.889+0000] {subprocess.py:93} INFO - 24/08/09 12:03:24 INFO JettyUtils: Start Jetty 0.0.0.0:4040 for SparkUI
[2024-08-09T12:03:24.987+0000] {subprocess.py:93} INFO - 24/08/09 12:03:24 INFO Utils: Successfully started service 'SparkUI' on port 4040.
[2024-08-09T12:03:25.021+0000] {subprocess.py:93} INFO - 24/08/09 12:03:25 INFO SparkContext: Added JAR file:///opt/bitnami/spark/resources/elasticsearch-spark-30_2.12-8.4.3.jar at spark://c553c98b8e80:45409/jars/elasticsearch-spark-30_2.12-8.4.3.jar with timestamp 1723205004205
[2024-08-09T12:03:25.130+0000] {subprocess.py:93} INFO - 24/08/09 12:03:25 INFO StandaloneAppClient$ClientEndpoint: Connecting to master spark://spark-master:7077...
[2024-08-09T12:03:25.190+0000] {subprocess.py:93} INFO - 24/08/09 12:03:25 INFO TransportClientFactory: Successfully created connection to spark-master/172.18.0.3:7077 after 25 ms (0 ms spent in bootstraps)
[2024-08-09T12:03:25.410+0000] {subprocess.py:93} INFO - 24/08/09 12:03:25 INFO StandaloneSchedulerBackend: Connected to Spark cluster with app ID app-20240809120325-0001
[2024-08-09T12:03:25.416+0000] {subprocess.py:93} INFO - 24/08/09 12:03:25 INFO Utils: Successfully started service 'org.apache.spark.network.netty.NettyBlockTransferService' on port 46005.
[2024-08-09T12:03:25.422+0000] {subprocess.py:93} INFO - 24/08/09 12:03:25 INFO NettyBlockTransferService: Server created on c553c98b8e80:46005
[2024-08-09T12:03:25.422+0000] {subprocess.py:93} INFO - 24/08/09 12:03:25 INFO BlockManager: Using org.apache.spark.storage.RandomBlockReplicationPolicy for block replication policy
[2024-08-09T12:03:25.423+0000] {subprocess.py:93} INFO - 24/08/09 12:03:25 INFO BlockManager: external shuffle service port = 7337
[2024-08-09T12:03:25.423+0000] {subprocess.py:93} INFO - 24/08/09 12:03:25 INFO BlockManagerMaster: Registering BlockManager BlockManagerId(driver, c553c98b8e80, 46005, None)
[2024-08-09T12:03:25.424+0000] {subprocess.py:93} INFO - 24/08/09 12:03:25 INFO BlockManagerMasterEndpoint: Registering block manager c553c98b8e80:46005 with 3.0 GiB RAM, BlockManagerId(driver, c553c98b8e80, 46005, None)
[2024-08-09T12:03:25.426+0000] {subprocess.py:93} INFO - 24/08/09 12:03:25 INFO BlockManagerMaster: Registered BlockManager BlockManagerId(driver, c553c98b8e80, 46005, None)
[2024-08-09T12:03:25.429+0000] {subprocess.py:93} INFO - 24/08/09 12:03:25 INFO BlockManager: Initialized BlockManager: BlockManagerId(driver, c553c98b8e80, 46005, None)
[2024-08-09T12:03:25.545+0000] {subprocess.py:93} INFO - 24/08/09 12:03:25 WARN Utils: spark.executor.instances less than spark.dynamicAllocation.minExecutors is invalid, ignoring its setting, please update your configs.
[2024-08-09T12:03:25.545+0000] {subprocess.py:93} INFO - 24/08/09 12:03:25 INFO Utils: Using initial executors = 1, max of spark.dynamicAllocation.initialExecutors, spark.dynamicAllocation.minExecutors and spark.executor.instances
[2024-08-09T12:03:25.600+0000] {subprocess.py:93} INFO - 24/08/09 12:03:25 INFO StandaloneSchedulerBackend: SchedulerBackend is ready for scheduling beginning after reached minRegisteredResourcesRatio: 0.0
[2024-08-09T12:03:25.732+0000] {subprocess.py:93} INFO - 24/08/09 12:03:25 INFO SharedState: Setting hive.metastore.warehouse.dir ('null') to the value of spark.sql.warehouse.dir.
[2024-08-09T12:03:25.733+0000] {subprocess.py:93} INFO - 24/08/09 12:03:25 INFO SharedState: Warehouse path is 'file:/tmp/***tmpdi_ymdkc/spark-warehouse'.
[2024-08-09T12:03:26.195+0000] {subprocess.py:93} INFO - 24/08/09 12:03:26 INFO Version: Elasticsearch Hadoop v8.4.3 [a7873eb469]
[2024-08-09T12:03:26.274+0000] {subprocess.py:93} INFO - 24/08/09 12:03:26 INFO InMemoryFileIndex: It took 48 ms to list leaf files for 1 paths.
[2024-08-09T12:03:26.316+0000] {subprocess.py:93} INFO - 24/08/09 12:03:26 INFO InMemoryFileIndex: It took 1 ms to list leaf files for 1 paths.
[2024-08-09T12:03:27.684+0000] {subprocess.py:93} INFO - 24/08/09 12:03:27 INFO FileSourceStrategy: Pushed Filters:
[2024-08-09T12:03:27.693+0000] {subprocess.py:93} INFO - 24/08/09 12:03:27 INFO FileSourceStrategy: Post-Scan Filters:
[2024-08-09T12:03:27.813+0000] {subprocess.py:93} INFO - 24/08/09 12:03:27 INFO MemoryStore: Block broadcast_0 stored as values in memory (estimated size 201.9 KiB, free 3.0 GiB)
[2024-08-09T12:03:27.839+0000] {subprocess.py:93} INFO - 24/08/09 12:03:27 INFO MemoryStore: Block broadcast_0_piece0 stored as bytes in memory (estimated size 34.8 KiB, free 3.0 GiB)
[2024-08-09T12:03:27.840+0000] {subprocess.py:93} INFO - 24/08/09 12:03:27 INFO BlockManagerInfo: Added broadcast_0_piece0 in memory on c553c98b8e80:46005 (size: 34.8 KiB, free: 3.0 GiB)
[2024-08-09T12:03:27.843+0000] {subprocess.py:93} INFO - 24/08/09 12:03:27 INFO SparkContext: Created broadcast 0 from json at NativeMethodAccessorImpl.java:0
[2024-08-09T12:03:27.849+0000] {subprocess.py:93} INFO - 24/08/09 12:03:27 INFO FileSourceScanExec: Planning scan with bin packing, max size: 4194304 bytes, open cost is considered as scanning 4194304 bytes.
[2024-08-09T12:03:27.930+0000] {subprocess.py:93} INFO - 24/08/09 12:03:27 INFO SparkContext: Starting job: json at NativeMethodAccessorImpl.java:0
[2024-08-09T12:03:27.936+0000] {subprocess.py:93} INFO - 24/08/09 12:03:27 INFO DAGScheduler: Got job 0 (json at NativeMethodAccessorImpl.java:0) with 1 output partitions
[2024-08-09T12:03:27.937+0000] {subprocess.py:93} INFO - 24/08/09 12:03:27 INFO DAGScheduler: Final stage: ResultStage 0 (json at NativeMethodAccessorImpl.java:0)
[2024-08-09T12:03:27.937+0000] {subprocess.py:93} INFO - 24/08/09 12:03:27 INFO DAGScheduler: Parents of final stage: List()
[2024-08-09T12:03:27.938+0000] {subprocess.py:93} INFO - 24/08/09 12:03:27 INFO DAGScheduler: Missing parents: List()
[2024-08-09T12:03:27.940+0000] {subprocess.py:93} INFO - 24/08/09 12:03:27 INFO DAGScheduler: Submitting ResultStage 0 (MapPartitionsRDD[3] at json at NativeMethodAccessorImpl.java:0), which has no missing parents
[2024-08-09T12:03:27.982+0000] {subprocess.py:93} INFO - 24/08/09 12:03:27 INFO MemoryStore: Block broadcast_1 stored as values in memory (estimated size 16.9 KiB, free 3.0 GiB)
[2024-08-09T12:03:27.984+0000] {subprocess.py:93} INFO - 24/08/09 12:03:27 INFO MemoryStore: Block broadcast_1_piece0 stored as bytes in memory (estimated size 7.9 KiB, free 3.0 GiB)
[2024-08-09T12:03:27.985+0000] {subprocess.py:93} INFO - 24/08/09 12:03:27 INFO BlockManagerInfo: Added broadcast_1_piece0 in memory on c553c98b8e80:46005 (size: 7.9 KiB, free: 3.0 GiB)
[2024-08-09T12:03:27.985+0000] {subprocess.py:93} INFO - 24/08/09 12:03:27 INFO SparkContext: Created broadcast 1 from broadcast at DAGScheduler.scala:1585
[2024-08-09T12:03:27.992+0000] {subprocess.py:93} INFO - 24/08/09 12:03:27 INFO DAGScheduler: Submitting 1 missing tasks from ResultStage 0 (MapPartitionsRDD[3] at json at NativeMethodAccessorImpl.java:0) (first 15 tasks are for partitions Vector(0))
[2024-08-09T12:03:27.993+0000] {subprocess.py:93} INFO - 24/08/09 12:03:27 INFO TaskSchedulerImpl: Adding task set 0.0 with 1 tasks resource profile 0
[2024-08-09T12:03:43.006+0000] {subprocess.py:93} INFO - 24/08/09 12:03:43 WARN TaskSchedulerImpl: Initial job has not accepted any resources; check your cluster UI to ensure that workers are registered and have sufficient resources
[2024-08-09T12:03:58.007+0000] {subprocess.py:93} INFO - 24/08/09 12:03:58 WARN TaskSchedulerImpl: Initial job has not accepted any resources; check your cluster UI to ensure that workers are registered and have sufficient resources
[2024-08-09T12:04:13.003+0000] {subprocess.py:93} INFO - 24/08/09 12:04:13 WARN TaskSchedulerImpl: Initial job has not accepted any resources; check your cluster UI to ensure that workers are registered and have sufficient resources
[2024-08-09T12:04:28.008+0000] {subprocess.py:93} INFO - 24/08/09 12:04:28 WARN TaskSchedulerImpl: Initial job has not accepted any resources; check your cluster UI to ensure that workers are registered and have sufficient resources
[2024-08-09T12:04:43.005+0000] {subprocess.py:93} INFO - 24/08/09 12:04:43 WARN TaskSchedulerImpl: Initial job has not accepted any resources; check your cluster UI to ensure that workers are registered and have sufficient resources
[2024-08-09T12:04:58.002+0000] {subprocess.py:93} INFO - 24/08/09 12:04:58 WARN TaskSchedulerImpl: Initial job has not accepted any resources; check your cluster UI to ensure that workers are registered and have sufficient resources
[2024-08-09T12:05:13.020+0000] {subprocess.py:93} INFO - 24/08/09 12:05:13 WARN TaskSchedulerImpl: Initial job has not accepted any resources; check your cluster UI to ensure that workers are registered and have sufficient resources
[2024-08-09T12:05:28.005+0000] {subprocess.py:93} INFO - 24/08/09 12:05:28 WARN TaskSchedulerImpl: Initial job has not accepted any resources; check your cluster UI to ensure that workers are registered and have sufficient resources
[2024-08-09T12:05:43.007+0000] {subprocess.py:93} INFO - 24/08/09 12:05:43 WARN TaskSchedulerImpl: Initial job has not accepted any resources; check your cluster UI to ensure that workers are registered and have sufficient resources
[2024-08-09T12:05:58.007+0000] {subprocess.py:93} INFO - 24/08/09 12:05:58 WARN TaskSchedulerImpl: Initial job has not accepted any resources; check your cluster UI to ensure that workers are registered and have sufficient resources
[2024-08-09T12:06:13.003+0000] {subprocess.py:93} INFO - 24/08/09 12:06:13 WARN TaskSchedulerImpl: Initial job has not accepted any resources; check your cluster UI to ensure that workers are registered and have sufficient resources
[2024-08-09T12:06:28.055+0000] {subprocess.py:93} INFO - 24/08/09 12:06:28 WARN TaskSchedulerImpl: Initial job has not accepted any resources; check your cluster UI to ensure that workers are registered and have sufficient resources
[2024-08-09T12:06:43.003+0000] {subprocess.py:93} INFO - 24/08/09 12:06:43 WARN TaskSchedulerImpl: Initial job has not accepted any resources; check your cluster UI to ensure that workers are registered and have sufficient resources
[2024-08-09T12:06:58.005+0000] {subprocess.py:93} INFO - 24/08/09 12:06:58 WARN TaskSchedulerImpl: Initial job has not accepted any resources; check your cluster UI to ensure that workers are registered and have sufficient resources
[2024-08-09T12:07:13.002+0000] {subprocess.py:93} INFO - 24/08/09 12:07:13 WARN TaskSchedulerImpl: Initial job has not accepted any resources; check your cluster UI to ensure that workers are registered and have sufficient resources
[2024-08-09T12:07:28.005+0000] {subprocess.py:93} INFO - 24/08/09 12:07:28 WARN TaskSchedulerImpl: Initial job has not accepted any resources; check your cluster UI to ensure that workers are registered and have sufficient resources
[2024-08-09T12:07:43.005+0000] {subprocess.py:93} INFO - 24/08/09 12:07:43 WARN TaskSchedulerImpl: Initial job has not accepted any resources; check your cluster UI to ensure that workers are registered and have sufficient resources
[2024-08-09T12:07:58.007+0000] {subprocess.py:93} INFO - 24/08/09 12:07:58 WARN TaskSchedulerImpl: Initial job has not accepted any resources; check your cluster UI to ensure that workers are registered and have sufficient resources
[2024-08-09T12:08:13.008+0000] {subprocess.py:93} INFO - 24/08/09 12:08:13 WARN TaskSchedulerImpl: Initial job has not accepted any resources; check your cluster UI to ensure that workers are registered and have sufficient resources
[2024-08-09T12:08:28.030+0000] {subprocess.py:93} INFO - 24/08/09 12:08:28 WARN TaskSchedulerImpl: Initial job has not accepted any resources; check your cluster UI to ensure that workers are registered and have sufficient resources
[2024-08-09T12:08:43.005+0000] {subprocess.py:93} INFO - 24/08/09 12:08:43 WARN TaskSchedulerImpl: Initial job has not accepted any resources; check your cluster UI to ensure that workers are registered and have sufficient resources
[2024-08-09T12:08:58.006+0000] {subprocess.py:93} INFO - 24/08/09 12:08:58 WARN TaskSchedulerImpl: Initial job has not accepted any resources; check your cluster UI to ensure that workers are registered and have sufficient resources
[2024-08-09T12:09:13.002+0000] {subprocess.py:93} INFO - 24/08/09 12:09:13 WARN TaskSchedulerImpl: Initial job has not accepted any resources; check your cluster UI to ensure that workers are registered and have sufficient resources
[2024-08-09T12:09:28.006+0000] {subprocess.py:93} INFO - 24/08/09 12:09:28 WARN TaskSchedulerImpl: Initial job has not accepted any resources; check your cluster UI to ensure that workers are registered and have sufficient resources
[2024-08-09T12:09:43.004+0000] {subprocess.py:93} INFO - 24/08/09 12:09:43 WARN TaskSchedulerImpl: Initial job has not accepted any resources; check your cluster UI to ensure that workers are registered and have sufficient resources
[2024-08-09T12:09:58.010+0000] {subprocess.py:93} INFO - 24/08/09 12:09:58 WARN TaskSchedulerImpl: Initial job has not accepted any resources; check your cluster UI to ensure that workers are registered and have sufficient resources
[2024-08-09T12:10:13.005+0000] {subprocess.py:93} INFO - 24/08/09 12:10:13 WARN TaskSchedulerImpl: Initial job has not accepted any resources; check your cluster UI to ensure that workers are registered and have sufficient resources
[2024-08-09T12:10:28.008+0000] {subprocess.py:93} INFO - 24/08/09 12:10:28 WARN TaskSchedulerImpl: Initial job has not accepted any resources; check your cluster UI to ensure that workers are registered and have sufficient resources
[2024-08-09T12:10:43.002+0000] {subprocess.py:93} INFO - 24/08/09 12:10:43 WARN TaskSchedulerImpl: Initial job has not accepted any resources; check your cluster UI to ensure that workers are registered and have sufficient resources
[2024-08-09T12:10:58.003+0000] {subprocess.py:93} INFO - 24/08/09 12:10:58 WARN TaskSchedulerImpl: Initial job has not accepted any resources; check your cluster UI to ensure that workers are registered and have sufficient resources
[2024-08-09T12:11:13.005+0000] {subprocess.py:93} INFO - 24/08/09 12:11:13 WARN TaskSchedulerImpl: Initial job has not accepted any resources; check your cluster UI to ensure that workers are registered and have sufficient resources
[2024-08-09T12:11:28.002+0000] {subprocess.py:93} INFO - 24/08/09 12:11:28 WARN TaskSchedulerImpl: Initial job has not accepted any resources; check your cluster UI to ensure that workers are registered and have sufficient resources
[2024-08-09T12:11:43.007+0000] {subprocess.py:93} INFO - 24/08/09 12:11:43 WARN TaskSchedulerImpl: Initial job has not accepted any resources; check your cluster UI to ensure that workers are registered and have sufficient resources
[2024-08-09T12:11:58.008+0000] {subprocess.py:93} INFO - 24/08/09 12:11:58 WARN TaskSchedulerImpl: Initial job has not accepted any resources; check your cluster UI to ensure that workers are registered and have sufficient resources
[2024-08-09T12:12:13.008+0000] {subprocess.py:93} INFO - 24/08/09 12:12:13 WARN TaskSchedulerImpl: Initial job has not accepted any resources; check your cluster UI to ensure that workers are registered and have sufficient resources
[2024-08-09T12:12:28.006+0000] {subprocess.py:93} INFO - 24/08/09 12:12:28 WARN TaskSchedulerImpl: Initial job has not accepted any resources; check your cluster UI to ensure that workers are registered and have sufficient resources
[2024-08-09T12:12:43.008+0000] {subprocess.py:93} INFO - 24/08/09 12:12:43 WARN TaskSchedulerImpl: Initial job has not accepted any resources; check your cluster UI to ensure that workers are registered and have sufficient resources
[2024-08-09T12:12:58.008+0000] {subprocess.py:93} INFO - 24/08/09 12:12:58 WARN TaskSchedulerImpl: Initial job has not accepted any resources; check your cluster UI to ensure that workers are registered and have sufficient resources
[2024-08-09T12:13:13.001+0000] {subprocess.py:93} INFO - 24/08/09 12:13:13 WARN TaskSchedulerImpl: Initial job has not accepted any resources; check your cluster UI to ensure that workers are registered and have sufficient resources
[2024-08-09T12:13:28.006+0000] {subprocess.py:93} INFO - 24/08/09 12:13:28 WARN TaskSchedulerImpl: Initial job has not accepted any resources; check your cluster UI to ensure that workers are registered and have sufficient resources
[2024-08-09T12:13:43.004+0000] {subprocess.py:93} INFO - 24/08/09 12:13:43 WARN TaskSchedulerImpl: Initial job has not accepted any resources; check your cluster UI to ensure that workers are registered and have sufficient resources
[2024-08-09T12:13:58.006+0000] {subprocess.py:93} INFO - 24/08/09 12:13:58 WARN TaskSchedulerImpl: Initial job has not accepted any resources; check your cluster UI to ensure that workers are registered and have sufficient resources
[2024-08-09T12:14:13.001+0000] {subprocess.py:93} INFO - 24/08/09 12:14:13 WARN TaskSchedulerImpl: Initial job has not accepted any resources; check your cluster UI to ensure that workers are registered and have sufficient resources
[2024-08-09T12:14:28.012+0000] {subprocess.py:93} INFO - 24/08/09 12:14:28 WARN TaskSchedulerImpl: Initial job has not accepted any resources; check your cluster UI to ensure that workers are registered and have sufficient resources
[2024-08-09T12:14:43.001+0000] {subprocess.py:93} INFO - 24/08/09 12:14:43 WARN TaskSchedulerImpl: Initial job has not accepted any resources; check your cluster UI to ensure that workers are registered and have sufficient resources
[2024-08-09T12:14:58.008+0000] {subprocess.py:93} INFO - 24/08/09 12:14:58 WARN TaskSchedulerImpl: Initial job has not accepted any resources; check your cluster UI to ensure that workers are registered and have sufficient resources
[2024-08-09T12:15:13.009+0000] {subprocess.py:93} INFO - 24/08/09 12:15:13 WARN TaskSchedulerImpl: Initial job has not accepted any resources; check your cluster UI to ensure that workers are registered and have sufficient resources
[2024-08-09T12:15:28.007+0000] {subprocess.py:93} INFO - 24/08/09 12:15:28 WARN TaskSchedulerImpl: Initial job has not accepted any resources; check your cluster UI to ensure that workers are registered and have sufficient resources
[2024-08-09T12:15:43.004+0000] {subprocess.py:93} INFO - 24/08/09 12:15:43 WARN TaskSchedulerImpl: Initial job has not accepted any resources; check your cluster UI to ensure that workers are registered and have sufficient resources
[2024-08-09T12:15:58.006+0000] {subprocess.py:93} INFO - 24/08/09 12:15:58 WARN TaskSchedulerImpl: Initial job has not accepted any resources; check your cluster UI to ensure that workers are registered and have sufficient resources
[2024-08-09T12:16:13.002+0000] {subprocess.py:93} INFO - 24/08/09 12:16:13 WARN TaskSchedulerImpl: Initial job has not accepted any resources; check your cluster UI to ensure that workers are registered and have sufficient resources
[2024-08-09T12:16:28.004+0000] {subprocess.py:93} INFO - 24/08/09 12:16:28 WARN TaskSchedulerImpl: Initial job has not accepted any resources; check your cluster UI to ensure that workers are registered and have sufficient resources
[2024-08-09T12:16:43.000+0000] {subprocess.py:93} INFO - 24/08/09 12:16:42 WARN TaskSchedulerImpl: Initial job has not accepted any resources; check your cluster UI to ensure that workers are registered and have sufficient resources
[2024-08-09T12:16:58.003+0000] {subprocess.py:93} INFO - 24/08/09 12:16:58 WARN TaskSchedulerImpl: Initial job has not accepted any resources; check your cluster UI to ensure that workers are registered and have sufficient resources
[2024-08-09T12:17:13.005+0000] {subprocess.py:93} INFO - 24/08/09 12:17:13 WARN TaskSchedulerImpl: Initial job has not accepted any resources; check your cluster UI to ensure that workers are registered and have sufficient resources
[2024-08-09T12:17:28.001+0000] {subprocess.py:93} INFO - 24/08/09 12:17:28 WARN TaskSchedulerImpl: Initial job has not accepted any resources; check your cluster UI to ensure that workers are registered and have sufficient resources
[2024-08-09T12:17:43.004+0000] {subprocess.py:93} INFO - 24/08/09 12:17:43 WARN TaskSchedulerImpl: Initial job has not accepted any resources; check your cluster UI to ensure that workers are registered and have sufficient resources
[2024-08-09T12:17:58.006+0000] {subprocess.py:93} INFO - 24/08/09 12:17:58 WARN TaskSchedulerImpl: Initial job has not accepted any resources; check your cluster UI to ensure that workers are registered and have sufficient resources
[2024-08-09T12:18:13.002+0000] {subprocess.py:93} INFO - 24/08/09 12:18:13 WARN TaskSchedulerImpl: Initial job has not accepted any resources; check your cluster UI to ensure that workers are registered and have sufficient resources
[2024-08-09T12:18:28.006+0000] {subprocess.py:93} INFO - 24/08/09 12:18:28 WARN TaskSchedulerImpl: Initial job has not accepted any resources; check your cluster UI to ensure that workers are registered and have sufficient resources
[2024-08-09T12:18:43.001+0000] {subprocess.py:93} INFO - 24/08/09 12:18:43 WARN TaskSchedulerImpl: Initial job has not accepted any resources; check your cluster UI to ensure that workers are registered and have sufficient resources
[2024-08-09T12:18:58.006+0000] {subprocess.py:93} INFO - 24/08/09 12:18:58 WARN TaskSchedulerImpl: Initial job has not accepted any resources; check your cluster UI to ensure that workers are registered and have sufficient resources
[2024-08-09T12:19:13.001+0000] {subprocess.py:93} INFO - 24/08/09 12:19:13 WARN TaskSchedulerImpl: Initial job has not accepted any resources; check your cluster UI to ensure that workers are registered and have sufficient resources
[2024-08-09T12:19:28.008+0000] {subprocess.py:93} INFO - 24/08/09 12:19:28 WARN TaskSchedulerImpl: Initial job has not accepted any resources; check your cluster UI to ensure that workers are registered and have sufficient resources
[2024-08-09T12:19:43.004+0000] {subprocess.py:93} INFO - 24/08/09 12:19:43 WARN TaskSchedulerImpl: Initial job has not accepted any resources; check your cluster UI to ensure that workers are registered and have sufficient resources
[2024-08-09T12:19:58.006+0000] {subprocess.py:93} INFO - 24/08/09 12:19:58 WARN TaskSchedulerImpl: Initial job has not accepted any resources; check your cluster UI to ensure that workers are registered and have sufficient resources
[2024-08-09T12:20:13.002+0000] {subprocess.py:93} INFO - 24/08/09 12:20:13 WARN TaskSchedulerImpl: Initial job has not accepted any resources; check your cluster UI to ensure that workers are registered and have sufficient resources
[2024-08-09T12:20:28.005+0000] {subprocess.py:93} INFO - 24/08/09 12:20:28 WARN TaskSchedulerImpl: Initial job has not accepted any resources; check your cluster UI to ensure that workers are registered and have sufficient resources
[2024-08-09T12:20:43.012+0000] {subprocess.py:93} INFO - 24/08/09 12:20:43 WARN TaskSchedulerImpl: Initial job has not accepted any resources; check your cluster UI to ensure that workers are registered and have sufficient resources
[2024-08-09T12:20:58.018+0000] {subprocess.py:93} INFO - 24/08/09 12:20:58 WARN TaskSchedulerImpl: Initial job has not accepted any resources; check your cluster UI to ensure that workers are registered and have sufficient resources
[2024-08-09T12:21:13.003+0000] {subprocess.py:93} INFO - 24/08/09 12:21:13 WARN TaskSchedulerImpl: Initial job has not accepted any resources; check your cluster UI to ensure that workers are registered and have sufficient resources
[2024-08-09T12:21:28.001+0000] {subprocess.py:93} INFO - 24/08/09 12:21:28 WARN TaskSchedulerImpl: Initial job has not accepted any resources; check your cluster UI to ensure that workers are registered and have sufficient resources
[2024-08-09T12:21:43.004+0000] {subprocess.py:93} INFO - 24/08/09 12:21:43 WARN TaskSchedulerImpl: Initial job has not accepted any resources; check your cluster UI to ensure that workers are registered and have sufficient resources
[2024-08-09T12:21:58.094+0000] {subprocess.py:93} INFO - 24/08/09 12:21:58 WARN TaskSchedulerImpl: Initial job has not accepted any resources; check your cluster UI to ensure that workers are registered and have sufficient resources
[2024-08-09T12:22:13.003+0000] {subprocess.py:93} INFO - 24/08/09 12:22:13 WARN TaskSchedulerImpl: Initial job has not accepted any resources; check your cluster UI to ensure that workers are registered and have sufficient resources
[2024-08-09T12:22:28.008+0000] {subprocess.py:93} INFO - 24/08/09 12:22:28 WARN TaskSchedulerImpl: Initial job has not accepted any resources; check your cluster UI to ensure that workers are registered and have sufficient resources
[2024-08-09T12:22:43.007+0000] {subprocess.py:93} INFO - 24/08/09 12:22:43 WARN TaskSchedulerImpl: Initial job has not accepted any resources; check your cluster UI to ensure that workers are registered and have sufficient resources
[2024-08-09T12:22:58.011+0000] {subprocess.py:93} INFO - 24/08/09 12:22:58 WARN TaskSchedulerImpl: Initial job has not accepted any resources; check your cluster UI to ensure that workers are registered and have sufficient resources
[2024-08-09T12:23:13.008+0000] {subprocess.py:93} INFO - 24/08/09 12:23:13 WARN TaskSchedulerImpl: Initial job has not accepted any resources; check your cluster UI to ensure that workers are registered and have sufficient resources
[2024-08-09T12:23:28.002+0000] {subprocess.py:93} INFO - 24/08/09 12:23:28 WARN TaskSchedulerImpl: Initial job has not accepted any resources; check your cluster UI to ensure that workers are registered and have sufficient resources
[2024-08-09T12:23:43.011+0000] {subprocess.py:93} INFO - 24/08/09 12:23:43 WARN TaskSchedulerImpl: Initial job has not accepted any resources; check your cluster UI to ensure that workers are registered and have sufficient resources
[2024-08-09T12:23:58.006+0000] {subprocess.py:93} INFO - 24/08/09 12:23:58 WARN TaskSchedulerImpl: Initial job has not accepted any resources; check your cluster UI to ensure that workers are registered and have sufficient resources
[2024-08-09T12:24:13.003+0000] {subprocess.py:93} INFO - 24/08/09 12:24:13 WARN TaskSchedulerImpl: Initial job has not accepted any resources; check your cluster UI to ensure that workers are registered and have sufficient resources
[2024-08-09T12:24:28.001+0000] {subprocess.py:93} INFO - 24/08/09 12:24:28 WARN TaskSchedulerImpl: Initial job has not accepted any resources; check your cluster UI to ensure that workers are registered and have sufficient resources
[2024-08-09T12:24:43.005+0000] {subprocess.py:93} INFO - 24/08/09 12:24:43 WARN TaskSchedulerImpl: Initial job has not accepted any resources; check your cluster UI to ensure that workers are registered and have sufficient resources
[2024-08-09T12:24:58.009+0000] {subprocess.py:93} INFO - 24/08/09 12:24:58 WARN TaskSchedulerImpl: Initial job has not accepted any resources; check your cluster UI to ensure that workers are registered and have sufficient resources
[2024-08-09T12:25:13.003+0000] {subprocess.py:93} INFO - 24/08/09 12:25:13 WARN TaskSchedulerImpl: Initial job has not accepted any resources; check your cluster UI to ensure that workers are registered and have sufficient resources
[2024-08-09T12:25:28.005+0000] {subprocess.py:93} INFO - 24/08/09 12:25:28 WARN TaskSchedulerImpl: Initial job has not accepted any resources; check your cluster UI to ensure that workers are registered and have sufficient resources
[2024-08-09T12:25:43.004+0000] {subprocess.py:93} INFO - 24/08/09 12:25:43 WARN TaskSchedulerImpl: Initial job has not accepted any resources; check your cluster UI to ensure that workers are registered and have sufficient resources
[2024-08-09T12:25:57.217+0000] {subprocess.py:93} INFO - 24/08/09 12:25:57 ERROR StandaloneSchedulerBackend: Application has been killed. Reason: Master removed our application: KILLED
[2024-08-09T12:25:57.242+0000] {subprocess.py:93} INFO - 24/08/09 12:25:57 INFO TaskSchedulerImpl: Removed TaskSet 0.0, whose tasks have all completed, from pool
[2024-08-09T12:25:57.248+0000] {subprocess.py:93} INFO - 24/08/09 12:25:57 INFO SparkContext: SparkContext is stopping with exitCode 0.
[2024-08-09T12:25:57.278+0000] {subprocess.py:93} INFO - 24/08/09 12:25:57 INFO TaskSchedulerImpl: Cancelling stage 0
[2024-08-09T12:25:57.281+0000] {subprocess.py:93} INFO - 24/08/09 12:25:57 INFO TaskSchedulerImpl: Killing all running tasks in stage 0: Stage cancelled: Job aborted due to stage failure: Master removed our application: KILLED
[2024-08-09T12:25:57.287+0000] {subprocess.py:93} INFO - 24/08/09 12:25:57 INFO DAGScheduler: ResultStage 0 (json at NativeMethodAccessorImpl.java:0) failed in 1349.339 s due to Job aborted due to stage failure: Master removed our application: KILLED
[2024-08-09T12:25:57.311+0000] {subprocess.py:93} INFO - 24/08/09 12:25:57 INFO DAGScheduler: Job 0 failed: json at NativeMethodAccessorImpl.java:0, took 1349.407045 s
[2024-08-09T12:25:57.324+0000] {subprocess.py:93} INFO - 24/08/09 12:25:57 INFO SparkUI: Stopped Spark web UI at http://c553c98b8e80:4040
[2024-08-09T12:25:57.345+0000] {subprocess.py:93} INFO - 24/08/09 12:25:57 INFO StandaloneSchedulerBackend: Shutting down all executors
[2024-08-09T12:25:57.369+0000] {subprocess.py:93} INFO - 24/08/09 12:25:57 INFO StandaloneSchedulerBackend$StandaloneDriverEndpoint: Asking each executor to shut down
[2024-08-09T12:25:57.389+0000] {subprocess.py:93} INFO - 24/08/09 12:25:57 ERROR Utils: Uncaught exception in thread stop-spark-context
[2024-08-09T12:25:57.390+0000] {subprocess.py:93} INFO - org.apache.spark.SparkException: Exception thrown in awaitResult:
[2024-08-09T12:25:57.391+0000] {subprocess.py:93} INFO - 	at org.apache.spark.util.SparkThreadUtils$.awaitResult(SparkThreadUtils.scala:56)
[2024-08-09T12:25:57.392+0000] {subprocess.py:93} INFO - 	at org.apache.spark.util.ThreadUtils$.awaitResult(ThreadUtils.scala:310)
[2024-08-09T12:25:57.392+0000] {subprocess.py:93} INFO - 	at org.apache.spark.rpc.RpcTimeout.awaitResult(RpcTimeout.scala:75)
[2024-08-09T12:25:57.392+0000] {subprocess.py:93} INFO - 	at org.apache.spark.deploy.client.StandaloneAppClient.stop(StandaloneAppClient.scala:288)
[2024-08-09T12:25:57.393+0000] {subprocess.py:93} INFO - 	at org.apache.spark.scheduler.cluster.StandaloneSchedulerBackend.org$apache$spark$scheduler$cluster$StandaloneSchedulerBackend$$stop(StandaloneSchedulerBackend.scala:275)
[2024-08-09T12:25:57.393+0000] {subprocess.py:93} INFO - 	at org.apache.spark.scheduler.cluster.StandaloneSchedulerBackend.stop(StandaloneSchedulerBackend.scala:142)
[2024-08-09T12:25:57.393+0000] {subprocess.py:93} INFO - 	at org.apache.spark.scheduler.SchedulerBackend.stop(SchedulerBackend.scala:33)
[2024-08-09T12:25:57.396+0000] {subprocess.py:93} INFO - 	at org.apache.spark.scheduler.SchedulerBackend.stop$(SchedulerBackend.scala:33)
[2024-08-09T12:25:57.396+0000] {subprocess.py:93} INFO - 	at org.apache.spark.scheduler.cluster.CoarseGrainedSchedulerBackend.stop(CoarseGrainedSchedulerBackend.scala:54)
[2024-08-09T12:25:57.396+0000] {subprocess.py:93} INFO - 	at org.apache.spark.scheduler.TaskSchedulerImpl.$anonfun$stop$2(TaskSchedulerImpl.scala:992)
[2024-08-09T12:25:57.397+0000] {subprocess.py:93} INFO - 	at org.apache.spark.util.Utils$.tryLogNonFatalError(Utils.scala:1375)
[2024-08-09T12:25:57.397+0000] {subprocess.py:93} INFO - 	at org.apache.spark.scheduler.TaskSchedulerImpl.stop(TaskSchedulerImpl.scala:992)
[2024-08-09T12:25:57.397+0000] {subprocess.py:93} INFO - 	at org.apache.spark.scheduler.DAGScheduler.$anonfun$stop$4(DAGScheduler.scala:2976)
[2024-08-09T12:25:57.397+0000] {subprocess.py:93} INFO - 	at org.apache.spark.util.Utils$.tryLogNonFatalError(Utils.scala:1375)
[2024-08-09T12:25:57.397+0000] {subprocess.py:93} INFO - 	at org.apache.spark.scheduler.DAGScheduler.stop(DAGScheduler.scala:2976)
[2024-08-09T12:25:57.398+0000] {subprocess.py:93} INFO - 	at org.apache.spark.SparkContext.$anonfun$stop$12(SparkContext.scala:2263)
[2024-08-09T12:25:57.398+0000] {subprocess.py:93} INFO - 	at org.apache.spark.util.Utils$.tryLogNonFatalError(Utils.scala:1375)
[2024-08-09T12:25:57.398+0000] {subprocess.py:93} INFO - 	at org.apache.spark.SparkContext.stop(SparkContext.scala:2263)
[2024-08-09T12:25:57.398+0000] {subprocess.py:93} INFO - 	at org.apache.spark.SparkContext.stop(SparkContext.scala:2216)
[2024-08-09T12:25:57.399+0000] {subprocess.py:93} INFO - 	at org.apache.spark.SparkContext$$anon$3.run(SparkContext.scala:2203)
[2024-08-09T12:25:57.399+0000] {subprocess.py:93} INFO - Caused by: org.apache.spark.SparkException: Could not find AppClient.
[2024-08-09T12:25:57.399+0000] {subprocess.py:93} INFO - 	at org.apache.spark.rpc.netty.Dispatcher.postMessage(Dispatcher.scala:178)
[2024-08-09T12:25:57.399+0000] {subprocess.py:93} INFO - 	at org.apache.spark.rpc.netty.Dispatcher.postLocalMessage(Dispatcher.scala:144)
[2024-08-09T12:25:57.399+0000] {subprocess.py:93} INFO - 	at org.apache.spark.rpc.netty.NettyRpcEnv.askAbortable(NettyRpcEnv.scala:242)
[2024-08-09T12:25:57.399+0000] {subprocess.py:93} INFO - 	at org.apache.spark.rpc.netty.NettyRpcEndpointRef.askAbortable(NettyRpcEnv.scala:554)
[2024-08-09T12:25:57.401+0000] {subprocess.py:93} INFO - 	at org.apache.spark.rpc.netty.NettyRpcEndpointRef.ask(NettyRpcEnv.scala:558)
[2024-08-09T12:25:57.401+0000] {subprocess.py:93} INFO - 	at org.apache.spark.rpc.RpcEndpointRef.ask(RpcEndpointRef.scala:72)
[2024-08-09T12:25:57.402+0000] {subprocess.py:93} INFO - 	... 17 more
[2024-08-09T12:25:57.409+0000] {subprocess.py:93} INFO - 24/08/09 12:25:57 INFO MapOutputTrackerMasterEndpoint: MapOutputTrackerMasterEndpoint stopped!
[2024-08-09T12:25:57.440+0000] {subprocess.py:93} INFO - 24/08/09 12:25:57 INFO MemoryStore: MemoryStore cleared
[2024-08-09T12:25:57.441+0000] {subprocess.py:93} INFO - 24/08/09 12:25:57 INFO BlockManager: BlockManager stopped
[2024-08-09T12:25:57.445+0000] {subprocess.py:93} INFO - Traceback (most recent call last):
[2024-08-09T12:25:57.445+0000] {subprocess.py:93} INFO -   File "/opt/***/jobs/main.py", line 36, in <module>
[2024-08-09T12:25:57.450+0000] {subprocess.py:93} INFO - 24/08/09 12:25:57 INFO BlockManagerMaster: BlockManagerMaster stopped
[2024-08-09T12:25:57.451+0000] {subprocess.py:93} INFO -     main()
[2024-08-09T12:25:57.451+0000] {subprocess.py:93} INFO -   File "/opt/***/jobs/main.py", line 16, in main
[2024-08-09T12:25:57.451+0000] {subprocess.py:93} INFO -     market_trends = process_data.load_data(spark, "data/market_trends.json")
[2024-08-09T12:25:57.451+0000] {subprocess.py:93} INFO -                     ^^^^^^^^^^^^^^^^^^^^^^^^^^^^^^^^^^^^^^^^^^^^^^^^^^^^^^^^
[2024-08-09T12:25:57.452+0000] {subprocess.py:93} INFO -   File "/opt/***/jobs/process_data.py", line 6, in load_data
[2024-08-09T12:25:57.452+0000] {subprocess.py:93} INFO - 24/08/09 12:25:57 INFO OutputCommitCoordinator$OutputCommitCoordinatorEndpoint: OutputCommitCoordinator stopped!
[2024-08-09T12:25:57.452+0000] {subprocess.py:93} INFO -     return spark.read.json(file_path)
[2024-08-09T12:25:57.452+0000] {subprocess.py:93} INFO -            ^^^^^^^^^^^^^^^^^^^^^^^^^^
[2024-08-09T12:25:57.452+0000] {subprocess.py:93} INFO -   File "/home/***/.local/lib/python3.11/site-packages/pyspark/python/lib/pyspark.zip/pyspark/sql/readwriter.py", line 425, in json
[2024-08-09T12:25:57.453+0000] {subprocess.py:93} INFO -   File "/home/***/.local/lib/python3.11/site-packages/pyspark/python/lib/py4j-0.10.9.7-src.zip/py4j/java_gateway.py", line 1322, in __call__
[2024-08-09T12:25:57.454+0000] {subprocess.py:93} INFO -   File "/home/***/.local/lib/python3.11/site-packages/pyspark/python/lib/pyspark.zip/pyspark/errors/exceptions/captured.py", line 179, in deco
[2024-08-09T12:25:57.454+0000] {subprocess.py:93} INFO -   File "/home/***/.local/lib/python3.11/site-packages/pyspark/python/lib/py4j-0.10.9.7-src.zip/py4j/protocol.py", line 326, in get_return_value
[2024-08-09T12:25:57.456+0000] {subprocess.py:93} INFO - py4j.protocol.Py4JJavaError: An error occurred while calling o38.json.
[2024-08-09T12:25:57.457+0000] {subprocess.py:93} INFO - : org.apache.spark.SparkException: Job aborted due to stage failure: Master removed our application: KILLED
[2024-08-09T12:25:57.457+0000] {subprocess.py:93} INFO - 	at org.apache.spark.scheduler.DAGScheduler.failJobAndIndependentStages(DAGScheduler.scala:2856)
[2024-08-09T12:25:57.458+0000] {subprocess.py:93} INFO - 	at org.apache.spark.scheduler.DAGScheduler.$anonfun$abortStage$2(DAGScheduler.scala:2792)
[2024-08-09T12:25:57.458+0000] {subprocess.py:93} INFO - 	at org.apache.spark.scheduler.DAGScheduler.$anonfun$abortStage$2$adapted(DAGScheduler.scala:2791)
[2024-08-09T12:25:57.458+0000] {subprocess.py:93} INFO - 	at scala.collection.mutable.ResizableArray.foreach(ResizableArray.scala:62)
[2024-08-09T12:25:57.458+0000] {subprocess.py:93} INFO - 	at scala.collection.mutable.ResizableArray.foreach$(ResizableArray.scala:55)
[2024-08-09T12:25:57.458+0000] {subprocess.py:93} INFO - 	at scala.collection.mutable.ArrayBuffer.foreach(ArrayBuffer.scala:49)
[2024-08-09T12:25:57.459+0000] {subprocess.py:93} INFO - 	at org.apache.spark.scheduler.DAGScheduler.abortStage(DAGScheduler.scala:2791)
[2024-08-09T12:25:57.459+0000] {subprocess.py:93} INFO - 	at org.apache.spark.scheduler.DAGScheduler.$anonfun$handleTaskSetFailed$1(DAGScheduler.scala:1247)
[2024-08-09T12:25:57.459+0000] {subprocess.py:93} INFO - 	at org.apache.spark.scheduler.DAGScheduler.$anonfun$handleTaskSetFailed$1$adapted(DAGScheduler.scala:1247)
[2024-08-09T12:25:57.459+0000] {subprocess.py:93} INFO - 	at scala.Option.foreach(Option.scala:407)
[2024-08-09T12:25:57.459+0000] {subprocess.py:93} INFO - 	at org.apache.spark.scheduler.DAGScheduler.handleTaskSetFailed(DAGScheduler.scala:1247)
[2024-08-09T12:25:57.459+0000] {subprocess.py:93} INFO - 	at org.apache.spark.scheduler.DAGSchedulerEventProcessLoop.doOnReceive(DAGScheduler.scala:3060)
[2024-08-09T12:25:57.459+0000] {subprocess.py:93} INFO - 	at org.apache.spark.scheduler.DAGSchedulerEventProcessLoop.onReceive(DAGScheduler.scala:2994)
[2024-08-09T12:25:57.459+0000] {subprocess.py:93} INFO - 	at org.apache.spark.scheduler.DAGSchedulerEventProcessLoop.onReceive(DAGScheduler.scala:2983)
[2024-08-09T12:25:57.459+0000] {subprocess.py:93} INFO - 	at org.apache.spark.util.EventLoop$$anon$1.run(EventLoop.scala:49)
[2024-08-09T12:25:57.459+0000] {subprocess.py:93} INFO - 	at org.apache.spark.scheduler.DAGScheduler.runJob(DAGScheduler.scala:989)
[2024-08-09T12:25:57.459+0000] {subprocess.py:93} INFO - 	at org.apache.spark.SparkContext.runJob(SparkContext.scala:2398)
[2024-08-09T12:25:57.460+0000] {subprocess.py:93} INFO - 	at org.apache.spark.SparkContext.runJob(SparkContext.scala:2493)
[2024-08-09T12:25:57.460+0000] {subprocess.py:93} INFO - 	at org.apache.spark.sql.catalyst.json.JsonInferSchema.infer(JsonInferSchema.scala:120)
[2024-08-09T12:25:57.460+0000] {subprocess.py:93} INFO - 	at org.apache.spark.sql.execution.datasources.json.TextInputJsonDataSource$.$anonfun$inferFromDataset$5(JsonDataSource.scala:109)
[2024-08-09T12:25:57.460+0000] {subprocess.py:93} INFO - 	at org.apache.spark.sql.execution.SQLExecution$.withSQLConfPropagated(SQLExecution.scala:201)
[2024-08-09T12:25:57.460+0000] {subprocess.py:93} INFO - 	at org.apache.spark.sql.execution.datasources.json.TextInputJsonDataSource$.inferFromDataset(JsonDataSource.scala:109)
[2024-08-09T12:25:57.460+0000] {subprocess.py:93} INFO - 	at org.apache.spark.sql.execution.datasources.json.TextInputJsonDataSource$.infer(JsonDataSource.scala:98)
[2024-08-09T12:25:57.460+0000] {subprocess.py:93} INFO - 	at org.apache.spark.sql.execution.datasources.json.JsonDataSource.inferSchema(JsonDataSource.scala:64)
[2024-08-09T12:25:57.460+0000] {subprocess.py:93} INFO - 	at org.apache.spark.sql.execution.datasources.json.JsonFileFormat.inferSchema(JsonFileFormat.scala:59)
[2024-08-09T12:25:57.460+0000] {subprocess.py:93} INFO - 	at org.apache.spark.sql.execution.datasources.DataSource.$anonfun$getOrInferFileFormatSchema$11(DataSource.scala:208)
[2024-08-09T12:25:57.460+0000] {subprocess.py:93} INFO - 	at scala.Option.orElse(Option.scala:447)
[2024-08-09T12:25:57.461+0000] {subprocess.py:93} INFO - 	at org.apache.spark.sql.execution.datasources.DataSource.getOrInferFileFormatSchema(DataSource.scala:205)
[2024-08-09T12:25:57.461+0000] {subprocess.py:93} INFO - 	at org.apache.spark.sql.execution.datasources.DataSource.resolveRelation(DataSource.scala:407)
[2024-08-09T12:25:57.461+0000] {subprocess.py:93} INFO - 	at org.apache.spark.sql.DataFrameReader.loadV1Source(DataFrameReader.scala:229)
[2024-08-09T12:25:57.461+0000] {subprocess.py:93} INFO - 	at org.apache.spark.sql.DataFrameReader.$anonfun$load$2(DataFrameReader.scala:211)
[2024-08-09T12:25:57.461+0000] {subprocess.py:93} INFO - 	at scala.Option.getOrElse(Option.scala:189)
[2024-08-09T12:25:57.461+0000] {subprocess.py:93} INFO - 	at org.apache.spark.sql.DataFrameReader.load(DataFrameReader.scala:211)
[2024-08-09T12:25:57.461+0000] {subprocess.py:93} INFO - 	at org.apache.spark.sql.DataFrameReader.json(DataFrameReader.scala:362)
[2024-08-09T12:25:57.461+0000] {subprocess.py:93} INFO - 	at java.base/jdk.internal.reflect.NativeMethodAccessorImpl.invoke0(Native Method)
[2024-08-09T12:25:57.461+0000] {subprocess.py:93} INFO - 	at java.base/jdk.internal.reflect.NativeMethodAccessorImpl.invoke(NativeMethodAccessorImpl.java:62)
[2024-08-09T12:25:57.461+0000] {subprocess.py:93} INFO - 	at java.base/jdk.internal.reflect.DelegatingMethodAccessorImpl.invoke(DelegatingMethodAccessorImpl.java:43)
[2024-08-09T12:25:57.461+0000] {subprocess.py:93} INFO - 	at java.base/java.lang.reflect.Method.invoke(Method.java:566)
[2024-08-09T12:25:57.461+0000] {subprocess.py:93} INFO - 	at py4j.reflection.MethodInvoker.invoke(MethodInvoker.java:244)
[2024-08-09T12:25:57.462+0000] {subprocess.py:93} INFO - 	at py4j.reflection.ReflectionEngine.invoke(ReflectionEngine.java:374)
[2024-08-09T12:25:57.462+0000] {subprocess.py:93} INFO - 	at py4j.Gateway.invoke(Gateway.java:282)
[2024-08-09T12:25:57.462+0000] {subprocess.py:93} INFO - 	at py4j.commands.AbstractCommand.invokeMethod(AbstractCommand.java:132)
[2024-08-09T12:25:57.462+0000] {subprocess.py:93} INFO - 	at py4j.commands.CallCommand.execute(CallCommand.java:79)
[2024-08-09T12:25:57.462+0000] {subprocess.py:93} INFO - 	at py4j.ClientServerConnection.waitForCommands(ClientServerConnection.java:182)
[2024-08-09T12:25:57.462+0000] {subprocess.py:93} INFO - 	at py4j.ClientServerConnection.run(ClientServerConnection.java:106)
[2024-08-09T12:25:57.462+0000] {subprocess.py:93} INFO - 	at java.base/java.lang.Thread.run(Thread.java:829)
[2024-08-09T12:25:57.462+0000] {subprocess.py:93} INFO - 
[2024-08-09T12:25:57.462+0000] {subprocess.py:93} INFO - 24/08/09 12:25:57 INFO SparkContext: Successfully stopped SparkContext
[2024-08-09T12:25:57.578+0000] {subprocess.py:93} INFO - 24/08/09 12:25:57 INFO ShutdownHookManager: Shutdown hook called
[2024-08-09T12:25:57.579+0000] {subprocess.py:93} INFO - 24/08/09 12:25:57 INFO ShutdownHookManager: Deleting directory /tmp/spark-1f127872-11af-4aa4-adb4-0db791b6b1b3/pyspark-5105f64a-3210-41a1-a55d-a0a49ef56837
[2024-08-09T12:25:57.581+0000] {subprocess.py:93} INFO - 24/08/09 12:25:57 INFO ShutdownHookManager: Deleting directory /tmp/spark-1f127872-11af-4aa4-adb4-0db791b6b1b3
[2024-08-09T12:25:57.584+0000] {subprocess.py:93} INFO - 24/08/09 12:25:57 INFO ShutdownHookManager: Deleting directory /tmp/spark-e5c708d4-1452-4f16-9104-ad79707f313c
[2024-08-09T12:25:57.722+0000] {subprocess.py:97} INFO - Command exited with return code 1
[2024-08-09T12:25:57.791+0000] {taskinstance.py:1935} ERROR - Task failed with exception
Traceback (most recent call last):
  File "/home/airflow/.local/lib/python3.11/site-packages/airflow/operators/bash.py", line 210, in execute
    raise AirflowException(
airflow.exceptions.AirflowException: Bash command failed. The command returned a non-zero exit code 1.
[2024-08-09T12:25:57.811+0000] {taskinstance.py:1398} INFO - Marking task as UP_FOR_RETRY. dag_id=data_pipeline, task_id=fetch_data, execution_date=20240808T003000, start_date=20240809T120318, end_date=20240809T122557
[2024-08-09T12:25:57.828+0000] {standard_task_runner.py:104} ERROR - Failed to execute job 88 for task fetch_data (Bash command failed. The command returned a non-zero exit code 1.; 12358)
[2024-08-09T12:25:57.847+0000] {local_task_job_runner.py:228} INFO - Task exited with return code 1
[2024-08-09T12:25:57.878+0000] {taskinstance.py:2776} INFO - 0 downstream tasks scheduled from follow-on schedule check
