[2024-08-09T00:31:27.285+0000] {taskinstance.py:1157} INFO - Dependencies all met for dep_context=non-requeueable deps ti=<TaskInstance: data_pipeline.fetch_data scheduled__2024-08-08T00:30:00+00:00 [queued]>
[2024-08-09T00:31:27.288+0000] {taskinstance.py:1157} INFO - Dependencies all met for dep_context=requeueable deps ti=<TaskInstance: data_pipeline.fetch_data scheduled__2024-08-08T00:30:00+00:00 [queued]>
[2024-08-09T00:31:27.288+0000] {taskinstance.py:1359} INFO - Starting attempt 1 of 2
[2024-08-09T00:31:27.292+0000] {taskinstance.py:1380} INFO - Executing <Task(BashOperator): fetch_data> on 2024-08-08 00:30:00+00:00
[2024-08-09T00:31:27.295+0000] {standard_task_runner.py:57} INFO - Started process 8658 to run task
[2024-08-09T00:31:27.296+0000] {standard_task_runner.py:84} INFO - Running: ['***', 'tasks', 'run', 'data_pipeline', 'fetch_data', 'scheduled__2024-08-08T00:30:00+00:00', '--job-id', '87', '--raw', '--subdir', 'DAGS_FOLDER/spark-jobs.py', '--cfg-path', '/tmp/tmpnlnjvj3_']
[2024-08-09T00:31:27.297+0000] {standard_task_runner.py:85} INFO - Job 87: Subtask fetch_data
[2024-08-09T00:31:27.319+0000] {task_command.py:415} INFO - Running <TaskInstance: data_pipeline.fetch_data scheduled__2024-08-08T00:30:00+00:00 [running]> on host c553c98b8e80
[2024-08-09T00:31:27.345+0000] {taskinstance.py:1660} INFO - Exporting env vars: AIRFLOW_CTX_DAG_OWNER='***' AIRFLOW_CTX_DAG_ID='data_pipeline' AIRFLOW_CTX_TASK_ID='fetch_data' AIRFLOW_CTX_EXECUTION_DATE='2024-08-08T00:30:00+00:00' AIRFLOW_CTX_TRY_NUMBER='1' AIRFLOW_CTX_DAG_RUN_ID='scheduled__2024-08-08T00:30:00+00:00'
[2024-08-09T00:31:27.346+0000] {subprocess.py:63} INFO - Tmp dir root location: /tmp
[2024-08-09T00:31:27.346+0000] {subprocess.py:75} INFO - Running command: ['/bin/bash', '-c', 'bash /opt/***/jobs/spark-submit.sh /opt/***/jobs/main.py ']
[2024-08-09T00:31:27.349+0000] {subprocess.py:86} INFO - Output:
[2024-08-09T00:31:27.359+0000] {subprocess.py:93} INFO - /opt/***/jobs/main.py
[2024-08-09T00:31:27.410+0000] {subprocess.py:93} INFO - /home/***/.local/lib/python3.11/site-packages/pyspark/bin/load-spark-env.sh: line 68: ps: command not found
[2024-08-09T00:31:28.763+0000] {subprocess.py:93} INFO - 24/08/09 00:31:28 WARN NativeCodeLoader: Unable to load native-hadoop library for your platform... using builtin-java classes where applicable
[2024-08-09T00:31:33.290+0000] {subprocess.py:93} INFO - 24/08/09 00:31:33 INFO SparkContext: Running Spark version 3.5.1
[2024-08-09T00:31:33.294+0000] {subprocess.py:93} INFO - 24/08/09 00:31:33 INFO SparkContext: OS info Linux, 6.6.32-linuxkit, aarch64
[2024-08-09T00:31:33.294+0000] {subprocess.py:93} INFO - 24/08/09 00:31:33 INFO SparkContext: Java version 11.0.23
[2024-08-09T00:31:33.315+0000] {subprocess.py:93} INFO - 24/08/09 00:31:33 INFO ResourceUtils: ==============================================================
[2024-08-09T00:31:33.315+0000] {subprocess.py:93} INFO - 24/08/09 00:31:33 INFO ResourceUtils: No custom resources configured for spark.driver.
[2024-08-09T00:31:33.315+0000] {subprocess.py:93} INFO - 24/08/09 00:31:33 INFO ResourceUtils: ==============================================================
[2024-08-09T00:31:33.315+0000] {subprocess.py:93} INFO - 24/08/09 00:31:33 INFO SparkContext: Submitted application: FinanceDataProcessing
[2024-08-09T00:31:33.330+0000] {subprocess.py:93} INFO - 24/08/09 00:31:33 INFO ResourceProfile: Default ResourceProfile created, executor resources: Map(cores -> name: cores, amount: 1, script: , vendor: , memory -> name: memory, amount: 2048, script: , vendor: , offHeap -> name: offHeap, amount: 2048, script: , vendor: ), task resources: Map(cpus -> name: cpus, amount: 1.0)
[2024-08-09T00:31:33.337+0000] {subprocess.py:93} INFO - 24/08/09 00:31:33 INFO ResourceProfile: Limiting resource is cpus at 1 tasks per executor
[2024-08-09T00:31:33.338+0000] {subprocess.py:93} INFO - 24/08/09 00:31:33 INFO ResourceProfileManager: Added ResourceProfile id: 0
[2024-08-09T00:31:33.386+0000] {subprocess.py:93} INFO - 24/08/09 00:31:33 INFO SecurityManager: Changing view acls to: ***
[2024-08-09T00:31:33.386+0000] {subprocess.py:93} INFO - 24/08/09 00:31:33 INFO SecurityManager: Changing modify acls to: ***
[2024-08-09T00:31:33.386+0000] {subprocess.py:93} INFO - 24/08/09 00:31:33 INFO SecurityManager: Changing view acls groups to:
[2024-08-09T00:31:33.386+0000] {subprocess.py:93} INFO - 24/08/09 00:31:33 INFO SecurityManager: Changing modify acls groups to:
[2024-08-09T00:31:33.388+0000] {subprocess.py:93} INFO - 24/08/09 00:31:33 INFO SecurityManager: SecurityManager: authentication disabled; ui acls disabled; users with view permissions: ***; groups with view permissions: EMPTY; users with modify permissions: ***; groups with modify permissions: EMPTY
[2024-08-09T00:31:33.505+0000] {subprocess.py:93} INFO - 24/08/09 00:31:33 INFO Utils: Successfully started service 'sparkDriver' on port 45301.
[2024-08-09T00:31:33.524+0000] {subprocess.py:93} INFO - 24/08/09 00:31:33 INFO SparkEnv: Registering MapOutputTracker
[2024-08-09T00:31:33.546+0000] {subprocess.py:93} INFO - 24/08/09 00:31:33 INFO SparkEnv: Registering BlockManagerMaster
[2024-08-09T00:31:33.556+0000] {subprocess.py:93} INFO - 24/08/09 00:31:33 INFO BlockManagerMasterEndpoint: Using org.apache.spark.storage.DefaultTopologyMapper for getting topology information
[2024-08-09T00:31:33.558+0000] {subprocess.py:93} INFO - 24/08/09 00:31:33 INFO BlockManagerMasterEndpoint: BlockManagerMasterEndpoint up
[2024-08-09T00:31:33.558+0000] {subprocess.py:93} INFO - 24/08/09 00:31:33 INFO SparkEnv: Registering BlockManagerMasterHeartbeat
[2024-08-09T00:31:33.579+0000] {subprocess.py:93} INFO - 24/08/09 00:31:33 INFO DiskBlockManager: Created local directory at /tmp/blockmgr-152324b3-84bd-448d-9c4d-16109dd4dd19
[2024-08-09T00:31:33.586+0000] {subprocess.py:93} INFO - 24/08/09 00:31:33 INFO MemoryStore: MemoryStore started with capacity 3.0 GiB
[2024-08-09T00:31:33.593+0000] {subprocess.py:93} INFO - 24/08/09 00:31:33 INFO SparkEnv: Registering OutputCommitCoordinator
[2024-08-09T00:31:33.677+0000] {subprocess.py:93} INFO - 24/08/09 00:31:33 INFO JettyUtils: Start Jetty 0.0.0.0:4040 for SparkUI
[2024-08-09T00:31:33.750+0000] {subprocess.py:93} INFO - 24/08/09 00:31:33 INFO Utils: Successfully started service 'SparkUI' on port 4040.
[2024-08-09T00:31:33.782+0000] {subprocess.py:93} INFO - 24/08/09 00:31:33 INFO SparkContext: Added JAR file:///opt/bitnami/spark/resources/elasticsearch-spark-30_2.12-8.4.3.jar at spark://c553c98b8e80:45301/jars/elasticsearch-spark-30_2.12-8.4.3.jar with timestamp 1723163493286
[2024-08-09T00:31:33.866+0000] {subprocess.py:93} INFO - 24/08/09 00:31:33 INFO StandaloneAppClient$ClientEndpoint: Connecting to master spark://spark-master:7077...
[2024-08-09T00:31:33.902+0000] {subprocess.py:93} INFO - 24/08/09 00:31:33 INFO TransportClientFactory: Successfully created connection to spark-master/172.18.0.3:7077 after 16 ms (0 ms spent in bootstraps)
[2024-08-09T00:31:34.074+0000] {subprocess.py:93} INFO - 24/08/09 00:31:34 INFO StandaloneSchedulerBackend: Connected to Spark cluster with app ID app-20240809003134-0000
[2024-08-09T00:31:34.080+0000] {subprocess.py:93} INFO - 24/08/09 00:31:34 INFO Utils: Successfully started service 'org.apache.spark.network.netty.NettyBlockTransferService' on port 42969.
[2024-08-09T00:31:34.080+0000] {subprocess.py:93} INFO - 24/08/09 00:31:34 INFO NettyBlockTransferService: Server created on c553c98b8e80:42969
[2024-08-09T00:31:34.081+0000] {subprocess.py:93} INFO - 24/08/09 00:31:34 INFO BlockManager: Using org.apache.spark.storage.RandomBlockReplicationPolicy for block replication policy
[2024-08-09T00:31:34.081+0000] {subprocess.py:93} INFO - 24/08/09 00:31:34 INFO BlockManager: external shuffle service port = 7337
[2024-08-09T00:31:34.084+0000] {subprocess.py:93} INFO - 24/08/09 00:31:34 INFO BlockManagerMaster: Registering BlockManager BlockManagerId(driver, c553c98b8e80, 42969, None)
[2024-08-09T00:31:34.086+0000] {subprocess.py:93} INFO - 24/08/09 00:31:34 INFO BlockManagerMasterEndpoint: Registering block manager c553c98b8e80:42969 with 3.0 GiB RAM, BlockManagerId(driver, c553c98b8e80, 42969, None)
[2024-08-09T00:31:34.087+0000] {subprocess.py:93} INFO - 24/08/09 00:31:34 INFO BlockManagerMaster: Registered BlockManager BlockManagerId(driver, c553c98b8e80, 42969, None)
[2024-08-09T00:31:34.090+0000] {subprocess.py:93} INFO - 24/08/09 00:31:34 INFO BlockManager: Initialized BlockManager: BlockManagerId(driver, c553c98b8e80, 42969, None)
[2024-08-09T00:31:34.159+0000] {subprocess.py:93} INFO - 24/08/09 00:31:34 WARN Utils: spark.executor.instances less than spark.dynamicAllocation.minExecutors is invalid, ignoring its setting, please update your configs.
[2024-08-09T00:31:34.159+0000] {subprocess.py:93} INFO - 24/08/09 00:31:34 INFO Utils: Using initial executors = 1, max of spark.dynamicAllocation.initialExecutors, spark.dynamicAllocation.minExecutors and spark.executor.instances
[2024-08-09T00:31:34.206+0000] {subprocess.py:93} INFO - 24/08/09 00:31:34 INFO StandaloneSchedulerBackend: SchedulerBackend is ready for scheduling beginning after reached minRegisteredResourcesRatio: 0.0
[2024-08-09T00:31:34.304+0000] {subprocess.py:93} INFO - 24/08/09 00:31:34 INFO SharedState: Setting hive.metastore.warehouse.dir ('null') to the value of spark.sql.warehouse.dir.
[2024-08-09T00:31:34.305+0000] {subprocess.py:93} INFO - 24/08/09 00:31:34 INFO SharedState: Warehouse path is 'file:/tmp/***tmp5vl1sb7u/spark-warehouse'.
[2024-08-09T00:31:34.718+0000] {subprocess.py:93} INFO - 24/08/09 00:31:34 INFO Version: Elasticsearch Hadoop v8.4.3 [a7873eb469]
[2024-08-09T00:31:34.780+0000] {subprocess.py:93} INFO - 24/08/09 00:31:34 INFO InMemoryFileIndex: It took 37 ms to list leaf files for 1 paths.
[2024-08-09T00:31:34.810+0000] {subprocess.py:93} INFO - 24/08/09 00:31:34 INFO InMemoryFileIndex: It took 1 ms to list leaf files for 1 paths.
[2024-08-09T00:31:35.847+0000] {subprocess.py:93} INFO - 24/08/09 00:31:35 INFO FileSourceStrategy: Pushed Filters:
[2024-08-09T00:31:35.855+0000] {subprocess.py:93} INFO - 24/08/09 00:31:35 INFO FileSourceStrategy: Post-Scan Filters:
[2024-08-09T00:31:35.969+0000] {subprocess.py:93} INFO - 24/08/09 00:31:35 INFO MemoryStore: Block broadcast_0 stored as values in memory (estimated size 201.9 KiB, free 3.0 GiB)
[2024-08-09T00:31:35.992+0000] {subprocess.py:93} INFO - 24/08/09 00:31:35 INFO MemoryStore: Block broadcast_0_piece0 stored as bytes in memory (estimated size 34.8 KiB, free 3.0 GiB)
[2024-08-09T00:31:35.994+0000] {subprocess.py:93} INFO - 24/08/09 00:31:35 INFO BlockManagerInfo: Added broadcast_0_piece0 in memory on c553c98b8e80:42969 (size: 34.8 KiB, free: 3.0 GiB)
[2024-08-09T00:31:35.996+0000] {subprocess.py:93} INFO - 24/08/09 00:31:35 INFO SparkContext: Created broadcast 0 from json at NativeMethodAccessorImpl.java:0
[2024-08-09T00:31:36.000+0000] {subprocess.py:93} INFO - 24/08/09 00:31:36 INFO FileSourceScanExec: Planning scan with bin packing, max size: 4194304 bytes, open cost is considered as scanning 4194304 bytes.
[2024-08-09T00:31:36.068+0000] {subprocess.py:93} INFO - 24/08/09 00:31:36 INFO SparkContext: Starting job: json at NativeMethodAccessorImpl.java:0
[2024-08-09T00:31:36.075+0000] {subprocess.py:93} INFO - 24/08/09 00:31:36 INFO DAGScheduler: Got job 0 (json at NativeMethodAccessorImpl.java:0) with 1 output partitions
[2024-08-09T00:31:36.075+0000] {subprocess.py:93} INFO - 24/08/09 00:31:36 INFO DAGScheduler: Final stage: ResultStage 0 (json at NativeMethodAccessorImpl.java:0)
[2024-08-09T00:31:36.075+0000] {subprocess.py:93} INFO - 24/08/09 00:31:36 INFO DAGScheduler: Parents of final stage: List()
[2024-08-09T00:31:36.076+0000] {subprocess.py:93} INFO - 24/08/09 00:31:36 INFO DAGScheduler: Missing parents: List()
[2024-08-09T00:31:36.078+0000] {subprocess.py:93} INFO - 24/08/09 00:31:36 INFO DAGScheduler: Submitting ResultStage 0 (MapPartitionsRDD[3] at json at NativeMethodAccessorImpl.java:0), which has no missing parents
[2024-08-09T00:31:36.126+0000] {subprocess.py:93} INFO - 24/08/09 00:31:36 INFO MemoryStore: Block broadcast_1 stored as values in memory (estimated size 16.9 KiB, free 3.0 GiB)
[2024-08-09T00:31:36.127+0000] {subprocess.py:93} INFO - 24/08/09 00:31:36 INFO MemoryStore: Block broadcast_1_piece0 stored as bytes in memory (estimated size 7.9 KiB, free 3.0 GiB)
[2024-08-09T00:31:36.131+0000] {subprocess.py:93} INFO - 24/08/09 00:31:36 INFO BlockManagerInfo: Added broadcast_1_piece0 in memory on c553c98b8e80:42969 (size: 7.9 KiB, free: 3.0 GiB)
[2024-08-09T00:31:36.132+0000] {subprocess.py:93} INFO - 24/08/09 00:31:36 INFO SparkContext: Created broadcast 1 from broadcast at DAGScheduler.scala:1585
[2024-08-09T00:31:36.135+0000] {subprocess.py:93} INFO - 24/08/09 00:31:36 INFO DAGScheduler: Submitting 1 missing tasks from ResultStage 0 (MapPartitionsRDD[3] at json at NativeMethodAccessorImpl.java:0) (first 15 tasks are for partitions Vector(0))
[2024-08-09T00:31:36.136+0000] {subprocess.py:93} INFO - 24/08/09 00:31:36 INFO TaskSchedulerImpl: Adding task set 0.0 with 1 tasks resource profile 0
[2024-08-09T00:31:51.157+0000] {subprocess.py:93} INFO - 24/08/09 00:31:51 WARN TaskSchedulerImpl: Initial job has not accepted any resources; check your cluster UI to ensure that workers are registered and have sufficient resources
[2024-08-09T00:32:06.153+0000] {subprocess.py:93} INFO - 24/08/09 00:32:06 WARN TaskSchedulerImpl: Initial job has not accepted any resources; check your cluster UI to ensure that workers are registered and have sufficient resources
[2024-08-09T00:32:21.152+0000] {subprocess.py:93} INFO - 24/08/09 00:32:21 WARN TaskSchedulerImpl: Initial job has not accepted any resources; check your cluster UI to ensure that workers are registered and have sufficient resources
[2024-08-09T00:32:36.145+0000] {subprocess.py:93} INFO - 24/08/09 00:32:36 WARN TaskSchedulerImpl: Initial job has not accepted any resources; check your cluster UI to ensure that workers are registered and have sufficient resources
[2024-08-09T00:32:51.144+0000] {subprocess.py:93} INFO - 24/08/09 00:32:51 WARN TaskSchedulerImpl: Initial job has not accepted any resources; check your cluster UI to ensure that workers are registered and have sufficient resources
[2024-08-09T00:33:06.149+0000] {subprocess.py:93} INFO - 24/08/09 00:33:06 WARN TaskSchedulerImpl: Initial job has not accepted any resources; check your cluster UI to ensure that workers are registered and have sufficient resources
[2024-08-09T00:33:21.148+0000] {subprocess.py:93} INFO - 24/08/09 00:33:21 WARN TaskSchedulerImpl: Initial job has not accepted any resources; check your cluster UI to ensure that workers are registered and have sufficient resources
[2024-08-09T00:44:54.205+0000] {subprocess.py:93} INFO - 24/08/09 00:44:54 WARN TaskSchedulerImpl: Initial job has not accepted any resources; check your cluster UI to ensure that workers are registered and have sufficient resources
[2024-08-09T00:44:54.211+0000] {subprocess.py:93} INFO - 24/08/09 00:44:54 WARN TaskSchedulerImpl: Initial job has not accepted any resources; check your cluster UI to ensure that workers are registered and have sufficient resources
[2024-08-09T00:44:54.212+0000] {subprocess.py:93} INFO - 24/08/09 00:44:54 WARN TaskSchedulerImpl: Initial job has not accepted any resources; check your cluster UI to ensure that workers are registered and have sufficient resources
[2024-08-09T00:44:54.212+0000] {subprocess.py:93} INFO - 24/08/09 00:44:54 WARN TaskSchedulerImpl: Initial job has not accepted any resources; check your cluster UI to ensure that workers are registered and have sufficient resources
[2024-08-09T00:44:54.213+0000] {subprocess.py:93} INFO - 24/08/09 00:44:54 WARN TaskSchedulerImpl: Initial job has not accepted any resources; check your cluster UI to ensure that workers are registered and have sufficient resources
[2024-08-09T00:44:54.213+0000] {subprocess.py:93} INFO - 24/08/09 00:44:54 WARN TaskSchedulerImpl: Initial job has not accepted any resources; check your cluster UI to ensure that workers are registered and have sufficient resources
[2024-08-09T00:44:54.214+0000] {subprocess.py:93} INFO - 24/08/09 00:44:54 WARN TaskSchedulerImpl: Initial job has not accepted any resources; check your cluster UI to ensure that workers are registered and have sufficient resources
[2024-08-09T00:44:54.214+0000] {subprocess.py:93} INFO - 24/08/09 00:44:54 WARN TaskSchedulerImpl: Initial job has not accepted any resources; check your cluster UI to ensure that workers are registered and have sufficient resources
[2024-08-09T00:44:54.215+0000] {subprocess.py:93} INFO - 24/08/09 00:44:54 WARN TaskSchedulerImpl: Initial job has not accepted any resources; check your cluster UI to ensure that workers are registered and have sufficient resources
[2024-08-09T00:44:54.215+0000] {subprocess.py:93} INFO - 24/08/09 00:44:54 WARN TaskSchedulerImpl: Initial job has not accepted any resources; check your cluster UI to ensure that workers are registered and have sufficient resources
[2024-08-09T00:44:54.216+0000] {subprocess.py:93} INFO - 24/08/09 00:44:54 WARN TaskSchedulerImpl: Initial job has not accepted any resources; check your cluster UI to ensure that workers are registered and have sufficient resources
[2024-08-09T00:44:54.216+0000] {subprocess.py:93} INFO - 24/08/09 00:44:54 WARN TaskSchedulerImpl: Initial job has not accepted any resources; check your cluster UI to ensure that workers are registered and have sufficient resources
[2024-08-09T00:44:54.216+0000] {subprocess.py:93} INFO - 24/08/09 00:44:54 WARN TaskSchedulerImpl: Initial job has not accepted any resources; check your cluster UI to ensure that workers are registered and have sufficient resources
[2024-08-09T00:44:54.217+0000] {subprocess.py:93} INFO - 24/08/09 00:44:54 WARN TaskSchedulerImpl: Initial job has not accepted any resources; check your cluster UI to ensure that workers are registered and have sufficient resources
[2024-08-09T00:44:54.217+0000] {subprocess.py:93} INFO - 24/08/09 00:44:54 WARN TaskSchedulerImpl: Initial job has not accepted any resources; check your cluster UI to ensure that workers are registered and have sufficient resources
[2024-08-09T00:44:54.217+0000] {subprocess.py:93} INFO - 24/08/09 00:44:54 WARN TaskSchedulerImpl: Initial job has not accepted any resources; check your cluster UI to ensure that workers are registered and have sufficient resources
[2024-08-09T00:44:54.218+0000] {subprocess.py:93} INFO - 24/08/09 00:44:54 WARN TaskSchedulerImpl: Initial job has not accepted any resources; check your cluster UI to ensure that workers are registered and have sufficient resources
[2024-08-09T00:44:54.218+0000] {subprocess.py:93} INFO - 24/08/09 00:44:54 WARN TaskSchedulerImpl: Initial job has not accepted any resources; check your cluster UI to ensure that workers are registered and have sufficient resources
[2024-08-09T00:44:54.218+0000] {subprocess.py:93} INFO - 24/08/09 00:44:54 WARN TaskSchedulerImpl: Initial job has not accepted any resources; check your cluster UI to ensure that workers are registered and have sufficient resources
[2024-08-09T00:44:54.218+0000] {subprocess.py:93} INFO - 24/08/09 00:44:54 WARN TaskSchedulerImpl: Initial job has not accepted any resources; check your cluster UI to ensure that workers are registered and have sufficient resources
[2024-08-09T00:44:54.218+0000] {subprocess.py:93} INFO - 24/08/09 00:44:54 WARN TaskSchedulerImpl: Initial job has not accepted any resources; check your cluster UI to ensure that workers are registered and have sufficient resources
[2024-08-09T00:44:54.219+0000] {subprocess.py:93} INFO - 24/08/09 00:44:54 WARN TaskSchedulerImpl: Initial job has not accepted any resources; check your cluster UI to ensure that workers are registered and have sufficient resources
[2024-08-09T00:44:54.219+0000] {subprocess.py:93} INFO - 24/08/09 00:44:54 WARN TaskSchedulerImpl: Initial job has not accepted any resources; check your cluster UI to ensure that workers are registered and have sufficient resources
[2024-08-09T00:44:54.219+0000] {subprocess.py:93} INFO - 24/08/09 00:44:54 WARN TaskSchedulerImpl: Initial job has not accepted any resources; check your cluster UI to ensure that workers are registered and have sufficient resources
[2024-08-09T00:44:54.219+0000] {subprocess.py:93} INFO - 24/08/09 00:44:54 WARN TaskSchedulerImpl: Initial job has not accepted any resources; check your cluster UI to ensure that workers are registered and have sufficient resources
[2024-08-09T00:44:54.220+0000] {subprocess.py:93} INFO - 24/08/09 00:44:54 WARN TaskSchedulerImpl: Initial job has not accepted any resources; check your cluster UI to ensure that workers are registered and have sufficient resources
[2024-08-09T00:44:54.220+0000] {subprocess.py:93} INFO - 24/08/09 00:44:54 WARN TaskSchedulerImpl: Initial job has not accepted any resources; check your cluster UI to ensure that workers are registered and have sufficient resources
[2024-08-09T00:44:54.220+0000] {subprocess.py:93} INFO - 24/08/09 00:44:54 WARN TaskSchedulerImpl: Initial job has not accepted any resources; check your cluster UI to ensure that workers are registered and have sufficient resources
[2024-08-09T00:44:54.221+0000] {subprocess.py:93} INFO - 24/08/09 00:44:54 WARN TaskSchedulerImpl: Initial job has not accepted any resources; check your cluster UI to ensure that workers are registered and have sufficient resources
[2024-08-09T00:44:54.221+0000] {subprocess.py:93} INFO - 24/08/09 00:44:54 WARN TaskSchedulerImpl: Initial job has not accepted any resources; check your cluster UI to ensure that workers are registered and have sufficient resources
[2024-08-09T00:44:54.221+0000] {subprocess.py:93} INFO - 24/08/09 00:44:54 WARN TaskSchedulerImpl: Initial job has not accepted any resources; check your cluster UI to ensure that workers are registered and have sufficient resources
[2024-08-09T00:44:54.221+0000] {subprocess.py:93} INFO - 24/08/09 00:44:54 WARN TaskSchedulerImpl: Initial job has not accepted any resources; check your cluster UI to ensure that workers are registered and have sufficient resources
[2024-08-09T00:44:54.221+0000] {subprocess.py:93} INFO - 24/08/09 00:44:54 WARN TaskSchedulerImpl: Initial job has not accepted any resources; check your cluster UI to ensure that workers are registered and have sufficient resources
[2024-08-09T00:44:54.222+0000] {subprocess.py:93} INFO - 24/08/09 00:44:54 WARN TaskSchedulerImpl: Initial job has not accepted any resources; check your cluster UI to ensure that workers are registered and have sufficient resources
[2024-08-09T00:44:54.222+0000] {subprocess.py:93} INFO - 24/08/09 00:44:54 WARN TaskSchedulerImpl: Initial job has not accepted any resources; check your cluster UI to ensure that workers are registered and have sufficient resources
[2024-08-09T00:44:54.222+0000] {subprocess.py:93} INFO - 24/08/09 00:44:54 WARN TaskSchedulerImpl: Initial job has not accepted any resources; check your cluster UI to ensure that workers are registered and have sufficient resources
[2024-08-09T00:44:54.222+0000] {subprocess.py:93} INFO - 24/08/09 00:44:54 WARN TaskSchedulerImpl: Initial job has not accepted any resources; check your cluster UI to ensure that workers are registered and have sufficient resources
[2024-08-09T00:44:54.223+0000] {subprocess.py:93} INFO - 24/08/09 00:44:54 WARN TaskSchedulerImpl: Initial job has not accepted any resources; check your cluster UI to ensure that workers are registered and have sufficient resources
[2024-08-09T00:44:54.223+0000] {subprocess.py:93} INFO - 24/08/09 00:44:54 WARN TaskSchedulerImpl: Initial job has not accepted any resources; check your cluster UI to ensure that workers are registered and have sufficient resources
[2024-08-09T00:44:54.223+0000] {subprocess.py:93} INFO - 24/08/09 00:44:54 WARN TaskSchedulerImpl: Initial job has not accepted any resources; check your cluster UI to ensure that workers are registered and have sufficient resources
[2024-08-09T00:44:54.223+0000] {subprocess.py:93} INFO - 24/08/09 00:44:54 WARN TaskSchedulerImpl: Initial job has not accepted any resources; check your cluster UI to ensure that workers are registered and have sufficient resources
[2024-08-09T00:44:54.224+0000] {subprocess.py:93} INFO - 24/08/09 00:44:54 WARN TaskSchedulerImpl: Initial job has not accepted any resources; check your cluster UI to ensure that workers are registered and have sufficient resources
[2024-08-09T00:44:54.224+0000] {subprocess.py:93} INFO - 24/08/09 00:44:54 WARN TaskSchedulerImpl: Initial job has not accepted any resources; check your cluster UI to ensure that workers are registered and have sufficient resources
[2024-08-09T00:44:54.224+0000] {subprocess.py:93} INFO - 24/08/09 00:44:54 WARN TaskSchedulerImpl: Initial job has not accepted any resources; check your cluster UI to ensure that workers are registered and have sufficient resources
[2024-08-09T00:44:54.224+0000] {subprocess.py:93} INFO - 24/08/09 00:44:54 WARN TaskSchedulerImpl: Initial job has not accepted any resources; check your cluster UI to ensure that workers are registered and have sufficient resources
[2024-08-09T00:44:54.224+0000] {subprocess.py:93} INFO - 24/08/09 00:44:54 WARN TaskSchedulerImpl: Initial job has not accepted any resources; check your cluster UI to ensure that workers are registered and have sufficient resources
[2024-08-09T00:44:56.652+0000] {local_task_job_runner.py:294} WARNING - State of this instance has been externally set to up_for_retry. Terminating instance.
[2024-08-09T00:44:56.663+0000] {process_utils.py:131} INFO - Sending 15 to group 8658. PIDs of all processes in the group: [8659, 8660, 8711, 8658]
[2024-08-09T00:44:56.663+0000] {process_utils.py:86} INFO - Sending the signal 15 to group 8658
[2024-08-09T00:44:56.664+0000] {taskinstance.py:1630} ERROR - Received SIGTERM. Terminating subprocesses.
[2024-08-09T00:44:56.664+0000] {subprocess.py:104} INFO - Sending SIGTERM signal to process group
[2024-08-09T00:44:56.683+0000] {taskinstance.py:1935} ERROR - Task failed with exception
Traceback (most recent call last):
  File "/home/airflow/.local/lib/python3.11/site-packages/airflow/operators/bash.py", line 201, in execute
    result = self.subprocess_hook.run_command(
             ^^^^^^^^^^^^^^^^^^^^^^^^^^^^^^^^^
  File "/home/airflow/.local/lib/python3.11/site-packages/airflow/hooks/subprocess.py", line 91, in run_command
    for raw_line in iter(self.sub_process.stdout.readline, b""):
  File "/home/airflow/.local/lib/python3.11/site-packages/airflow/models/taskinstance.py", line 1632, in signal_handler
    raise AirflowException("Task received SIGTERM signal")
airflow.exceptions.AirflowException: Task received SIGTERM signal
[2024-08-09T00:44:56.689+0000] {taskinstance.py:1398} INFO - Marking task as FAILED. dag_id=data_pipeline, task_id=fetch_data, execution_date=20240808T003000, start_date=20240809T003127, end_date=20240809T004456
[2024-08-09T00:44:56.699+0000] {standard_task_runner.py:104} ERROR - Failed to execute job 87 for task fetch_data (Task received SIGTERM signal; 8658)
[2024-08-09T00:44:56.805+0000] {process_utils.py:79} INFO - Process psutil.Process(pid=8660, status='terminated', started='00:31:26') (8660) terminated with exit code None
[2024-08-09T00:44:56.806+0000] {process_utils.py:79} INFO - Process psutil.Process(pid=8711, status='terminated', started='00:31:28') (8711) terminated with exit code None
[2024-08-09T00:44:56.806+0000] {process_utils.py:79} INFO - Process psutil.Process(pid=8658, status='terminated', exitcode=1, started='00:31:26') (8658) terminated with exit code 1
[2024-08-09T00:44:56.806+0000] {process_utils.py:79} INFO - Process psutil.Process(pid=8659, status='terminated', started='00:31:26') (8659) terminated with exit code None
