[2024-08-18T00:32:09.732+0000] {taskinstance.py:1157} INFO - Dependencies all met for dep_context=non-requeueable deps ti=<TaskInstance: data_pipeline_api.analyze_data scheduled__2024-08-17T00:30:00+00:00 [queued]>
[2024-08-18T00:32:09.735+0000] {taskinstance.py:1157} INFO - Dependencies all met for dep_context=requeueable deps ti=<TaskInstance: data_pipeline_api.analyze_data scheduled__2024-08-17T00:30:00+00:00 [queued]>
[2024-08-18T00:32:09.735+0000] {taskinstance.py:1359} INFO - Starting attempt 2 of 2
[2024-08-18T00:32:09.739+0000] {taskinstance.py:1380} INFO - Executing <Task(BashOperator): analyze_data> on 2024-08-17 00:30:00+00:00
[2024-08-18T00:32:09.741+0000] {standard_task_runner.py:57} INFO - Started process 65020 to run task
[2024-08-18T00:32:09.742+0000] {standard_task_runner.py:84} INFO - Running: ['***', 'tasks', 'run', 'data_pipeline_api', 'analyze_data', 'scheduled__2024-08-17T00:30:00+00:00', '--job-id', '64', '--raw', '--subdir', 'DAGS_FOLDER/spark-jobs.py', '--cfg-path', '/tmp/tmpntiwzhnt']
[2024-08-18T00:32:09.743+0000] {standard_task_runner.py:85} INFO - Job 64: Subtask analyze_data
[2024-08-18T00:32:09.762+0000] {task_command.py:415} INFO - Running <TaskInstance: data_pipeline_api.analyze_data scheduled__2024-08-17T00:30:00+00:00 [running]> on host 27ef58cc88fc
[2024-08-18T00:32:09.785+0000] {taskinstance.py:1660} INFO - Exporting env vars: AIRFLOW_CTX_DAG_OWNER='***' AIRFLOW_CTX_DAG_ID='data_pipeline_api' AIRFLOW_CTX_TASK_ID='analyze_data' AIRFLOW_CTX_EXECUTION_DATE='2024-08-17T00:30:00+00:00' AIRFLOW_CTX_TRY_NUMBER='2' AIRFLOW_CTX_DAG_RUN_ID='scheduled__2024-08-17T00:30:00+00:00'
[2024-08-18T00:32:09.786+0000] {subprocess.py:63} INFO - Tmp dir root location: /tmp
[2024-08-18T00:32:09.787+0000] {subprocess.py:75} INFO - Running command: ['/bin/bash', '-c', 'bash /opt/***/jobs/spark-submit.sh /opt/***/jobs/analyze_data.py ']
[2024-08-18T00:32:09.789+0000] {subprocess.py:86} INFO - Output:
[2024-08-18T00:32:09.791+0000] {subprocess.py:93} INFO - /opt/***/jobs/analyze_data.py
[2024-08-18T00:32:09.826+0000] {subprocess.py:93} INFO - /home/***/.local/lib/python3.11/site-packages/pyspark/bin/load-spark-env.sh: line 68: ps: command not found
[2024-08-18T00:32:10.619+0000] {subprocess.py:93} INFO - 24/08/18 00:32:10 WARN NativeCodeLoader: Unable to load native-hadoop library for your platform... using builtin-java classes where applicable
[2024-08-18T00:32:11.145+0000] {subprocess.py:93} INFO - 24/08/18 00:32:11 INFO SparkContext: Running Spark version 3.5.1
[2024-08-18T00:32:11.147+0000] {subprocess.py:93} INFO - 24/08/18 00:32:11 INFO SparkContext: OS info Linux, 6.6.32-linuxkit, aarch64
[2024-08-18T00:32:11.148+0000] {subprocess.py:93} INFO - 24/08/18 00:32:11 INFO SparkContext: Java version 11.0.23
[2024-08-18T00:32:11.157+0000] {subprocess.py:93} INFO - 24/08/18 00:32:11 INFO ResourceUtils: ==============================================================
[2024-08-18T00:32:11.157+0000] {subprocess.py:93} INFO - 24/08/18 00:32:11 INFO ResourceUtils: No custom resources configured for spark.driver.
[2024-08-18T00:32:11.157+0000] {subprocess.py:93} INFO - 24/08/18 00:32:11 INFO ResourceUtils: ==============================================================
[2024-08-18T00:32:11.157+0000] {subprocess.py:93} INFO - 24/08/18 00:32:11 INFO SparkContext: Submitted application: FinanceDataAnalysis
[2024-08-18T00:32:11.166+0000] {subprocess.py:93} INFO - 24/08/18 00:32:11 INFO ResourceProfile: Default ResourceProfile created, executor resources: Map(cores -> name: cores, amount: 1, script: , vendor: , memory -> name: memory, amount: 1024, script: , vendor: , offHeap -> name: offHeap, amount: 1024, script: , vendor: ), task resources: Map(cpus -> name: cpus, amount: 1.0)
[2024-08-18T00:32:11.170+0000] {subprocess.py:93} INFO - 24/08/18 00:32:11 INFO ResourceProfile: Limiting resource is cpus at 1 tasks per executor
[2024-08-18T00:32:11.171+0000] {subprocess.py:93} INFO - 24/08/18 00:32:11 INFO ResourceProfileManager: Added ResourceProfile id: 0
[2024-08-18T00:32:11.200+0000] {subprocess.py:93} INFO - 24/08/18 00:32:11 INFO SecurityManager: Changing view acls to: ***
[2024-08-18T00:32:11.200+0000] {subprocess.py:93} INFO - 24/08/18 00:32:11 INFO SecurityManager: Changing modify acls to: ***
[2024-08-18T00:32:11.200+0000] {subprocess.py:93} INFO - 24/08/18 00:32:11 INFO SecurityManager: Changing view acls groups to:
[2024-08-18T00:32:11.200+0000] {subprocess.py:93} INFO - 24/08/18 00:32:11 INFO SecurityManager: Changing modify acls groups to:
[2024-08-18T00:32:11.200+0000] {subprocess.py:93} INFO - 24/08/18 00:32:11 INFO SecurityManager: SecurityManager: authentication disabled; ui acls disabled; users with view permissions: ***; groups with view permissions: EMPTY; users with modify permissions: ***; groups with modify permissions: EMPTY
[2024-08-18T00:32:11.290+0000] {subprocess.py:93} INFO - 24/08/18 00:32:11 INFO Utils: Successfully started service 'sparkDriver' on port 37575.
[2024-08-18T00:32:11.301+0000] {subprocess.py:93} INFO - 24/08/18 00:32:11 INFO SparkEnv: Registering MapOutputTracker
[2024-08-18T00:32:11.321+0000] {subprocess.py:93} INFO - 24/08/18 00:32:11 INFO SparkEnv: Registering BlockManagerMaster
[2024-08-18T00:32:11.331+0000] {subprocess.py:93} INFO - 24/08/18 00:32:11 INFO BlockManagerMasterEndpoint: Using org.apache.spark.storage.DefaultTopologyMapper for getting topology information
[2024-08-18T00:32:11.331+0000] {subprocess.py:93} INFO - 24/08/18 00:32:11 INFO BlockManagerMasterEndpoint: BlockManagerMasterEndpoint up
[2024-08-18T00:32:11.332+0000] {subprocess.py:93} INFO - 24/08/18 00:32:11 INFO SparkEnv: Registering BlockManagerMasterHeartbeat
[2024-08-18T00:32:11.342+0000] {subprocess.py:93} INFO - 24/08/18 00:32:11 INFO DiskBlockManager: Created local directory at /tmp/blockmgr-5b4edc9d-e80f-463d-b68b-d23dfbdb9c8d
[2024-08-18T00:32:11.348+0000] {subprocess.py:93} INFO - 24/08/18 00:32:11 INFO MemoryStore: MemoryStore started with capacity 1458.4 MiB
[2024-08-18T00:32:11.355+0000] {subprocess.py:93} INFO - 24/08/18 00:32:11 INFO SparkEnv: Registering OutputCommitCoordinator
[2024-08-18T00:32:11.414+0000] {subprocess.py:93} INFO - 24/08/18 00:32:11 INFO JettyUtils: Start Jetty 0.0.0.0:4040 for SparkUI
[2024-08-18T00:32:11.441+0000] {subprocess.py:93} INFO - 24/08/18 00:32:11 INFO Utils: Successfully started service 'SparkUI' on port 4040.
[2024-08-18T00:32:11.458+0000] {subprocess.py:93} INFO - 24/08/18 00:32:11 INFO SparkContext: Added JAR file:///opt/bitnami/spark/resources/elasticsearch-spark-30_2.12-8.4.3.jar at spark://27ef58cc88fc:37575/jars/elasticsearch-spark-30_2.12-8.4.3.jar with timestamp 1723941131141
[2024-08-18T00:32:11.495+0000] {subprocess.py:93} INFO - 24/08/18 00:32:11 INFO StandaloneAppClient$ClientEndpoint: Connecting to master spark://spark-master:7077...
[2024-08-18T00:32:11.516+0000] {subprocess.py:93} INFO - 24/08/18 00:32:11 INFO TransportClientFactory: Successfully created connection to spark-master/172.18.0.4:7077 after 11 ms (0 ms spent in bootstraps)
[2024-08-18T00:32:11.560+0000] {subprocess.py:93} INFO - 24/08/18 00:32:11 INFO StandaloneSchedulerBackend: Connected to Spark cluster with app ID app-20240818003211-0045
[2024-08-18T00:32:11.562+0000] {subprocess.py:93} INFO - 24/08/18 00:32:11 INFO StandaloneAppClient$ClientEndpoint: Executor added: app-20240818003211-0045/0 on worker-20240809124721-172.18.0.7-36933 (172.18.0.7:36933) with 1 core(s)
[2024-08-18T00:32:11.563+0000] {subprocess.py:93} INFO - 24/08/18 00:32:11 INFO StandaloneSchedulerBackend: Granted executor ID app-20240818003211-0045/0 on hostPort 172.18.0.7:36933 with 1 core(s), 1024.0 MiB RAM
[2024-08-18T00:32:11.567+0000] {subprocess.py:93} INFO - 24/08/18 00:32:11 INFO StandaloneAppClient$ClientEndpoint: Executor added: app-20240818003211-0045/1 on worker-20240809124721-172.18.0.6-35359 (172.18.0.6:35359) with 1 core(s)
[2024-08-18T00:32:11.568+0000] {subprocess.py:93} INFO - 24/08/18 00:32:11 INFO StandaloneSchedulerBackend: Granted executor ID app-20240818003211-0045/1 on hostPort 172.18.0.6:35359 with 1 core(s), 1024.0 MiB RAM
[2024-08-18T00:32:11.569+0000] {subprocess.py:93} INFO - 24/08/18 00:32:11 INFO Utils: Successfully started service 'org.apache.spark.network.netty.NettyBlockTransferService' on port 45127.
[2024-08-18T00:32:11.572+0000] {subprocess.py:93} INFO - 24/08/18 00:32:11 INFO NettyBlockTransferService: Server created on 27ef58cc88fc:45127
[2024-08-18T00:32:11.572+0000] {subprocess.py:93} INFO - 24/08/18 00:32:11 INFO BlockManager: Using org.apache.spark.storage.RandomBlockReplicationPolicy for block replication policy
[2024-08-18T00:32:11.576+0000] {subprocess.py:93} INFO - 24/08/18 00:32:11 INFO BlockManagerMaster: Registering BlockManager BlockManagerId(driver, 27ef58cc88fc, 45127, None)
[2024-08-18T00:32:11.578+0000] {subprocess.py:93} INFO - 24/08/18 00:32:11 INFO BlockManagerMasterEndpoint: Registering block manager 27ef58cc88fc:45127 with 1458.4 MiB RAM, BlockManagerId(driver, 27ef58cc88fc, 45127, None)
[2024-08-18T00:32:11.580+0000] {subprocess.py:93} INFO - 24/08/18 00:32:11 INFO BlockManagerMaster: Registered BlockManager BlockManagerId(driver, 27ef58cc88fc, 45127, None)
[2024-08-18T00:32:11.583+0000] {subprocess.py:93} INFO - 24/08/18 00:32:11 INFO BlockManager: Initialized BlockManager: BlockManagerId(driver, 27ef58cc88fc, 45127, None)
[2024-08-18T00:32:11.606+0000] {subprocess.py:93} INFO - 24/08/18 00:32:11 INFO StandaloneAppClient$ClientEndpoint: Executor updated: app-20240818003211-0045/0 is now RUNNING
[2024-08-18T00:32:11.606+0000] {subprocess.py:93} INFO - 24/08/18 00:32:11 INFO StandaloneAppClient$ClientEndpoint: Executor updated: app-20240818003211-0045/1 is now RUNNING
[2024-08-18T00:32:11.709+0000] {subprocess.py:93} INFO - 24/08/18 00:32:11 INFO StandaloneSchedulerBackend: SchedulerBackend is ready for scheduling beginning after reached minRegisteredResourcesRatio: 0.0
[2024-08-18T00:32:11.848+0000] {subprocess.py:93} INFO - 24/08/18 00:32:11 INFO SharedState: Setting hive.metastore.warehouse.dir ('null') to the value of spark.sql.warehouse.dir.
[2024-08-18T00:32:11.849+0000] {subprocess.py:93} INFO - 24/08/18 00:32:11 INFO SharedState: Warehouse path is 'file:/tmp/***tmp6shaxjz7/spark-warehouse'.
[2024-08-18T00:32:12.340+0000] {subprocess.py:93} INFO - 24/08/18 00:32:12 INFO Version: Elasticsearch Hadoop v8.4.3 [a7873eb469]
[2024-08-18T00:32:13.050+0000] {subprocess.py:93} INFO - 24/08/18 00:32:13 INFO StandaloneSchedulerBackend$StandaloneDriverEndpoint: Registered executor NettyRpcEndpointRef(spark-client://Executor) (172.18.0.7:50104) with ID 0,  ResourceProfileId 0
[2024-08-18T00:32:13.057+0000] {subprocess.py:93} INFO - 24/08/18 00:32:13 INFO StandaloneSchedulerBackend$StandaloneDriverEndpoint: Registered executor NettyRpcEndpointRef(spark-client://Executor) (172.18.0.6:33332) with ID 1,  ResourceProfileId 0
[2024-08-18T00:32:13.091+0000] {subprocess.py:93} INFO - 24/08/18 00:32:13 INFO BlockManagerMasterEndpoint: Registering block manager 172.18.0.7:42099 with 1458.4 MiB RAM, BlockManagerId(0, 172.18.0.7, 42099, None)
[2024-08-18T00:32:13.092+0000] {subprocess.py:93} INFO - 24/08/18 00:32:13 INFO BlockManagerMasterEndpoint: Registering block manager 172.18.0.6:33019 with 1458.4 MiB RAM, BlockManagerId(1, 172.18.0.6, 33019, None)
[2024-08-18T00:32:13.524+0000] {subprocess.py:93} INFO - Traceback (most recent call last):
[2024-08-18T00:32:13.524+0000] {subprocess.py:93} INFO -   File "/opt/***/jobs/analyze_data.py", line 48, in <module>
[2024-08-18T00:32:13.525+0000] {subprocess.py:93} INFO -     save_analysis_result(top_gainers, "data/top_gainers.csv")
[2024-08-18T00:32:13.525+0000] {subprocess.py:93} INFO -   File "/opt/***/jobs/analyze_data.py", line 41, in save_analysis_result
[2024-08-18T00:32:13.525+0000] {subprocess.py:93} INFO -     df.coalesce(1).write.mode("overwrite").csv(file_path, header=True)
[2024-08-18T00:32:13.525+0000] {subprocess.py:93} INFO -   File "/home/***/.local/lib/python3.11/site-packages/pyspark/python/lib/pyspark.zip/pyspark/sql/readwriter.py", line 1864, in csv
[2024-08-18T00:32:13.525+0000] {subprocess.py:93} INFO -   File "/home/***/.local/lib/python3.11/site-packages/pyspark/python/lib/py4j-0.10.9.7-src.zip/py4j/java_gateway.py", line 1322, in __call__
[2024-08-18T00:32:13.526+0000] {subprocess.py:93} INFO -   File "/home/***/.local/lib/python3.11/site-packages/pyspark/python/lib/pyspark.zip/pyspark/errors/exceptions/captured.py", line 185, in deco
[2024-08-18T00:32:13.528+0000] {subprocess.py:93} INFO - pyspark.errors.exceptions.captured.AnalysisException: [UNSUPPORTED_DATA_TYPE_FOR_DATASOURCE] The CSV datasource doesn't support the column `_metadata` of the type "MAP<STRING, STRING>".
[2024-08-18T00:32:13.548+0000] {subprocess.py:93} INFO - 24/08/18 00:32:13 INFO SparkContext: Invoking stop() from shutdown hook
[2024-08-18T00:32:13.548+0000] {subprocess.py:93} INFO - 24/08/18 00:32:13 INFO SparkContext: SparkContext is stopping with exitCode 0.
[2024-08-18T00:32:13.553+0000] {subprocess.py:93} INFO - 24/08/18 00:32:13 INFO SparkUI: Stopped Spark web UI at http://27ef58cc88fc:4040
[2024-08-18T00:32:13.555+0000] {subprocess.py:93} INFO - 24/08/18 00:32:13 INFO StandaloneSchedulerBackend: Shutting down all executors
[2024-08-18T00:32:13.555+0000] {subprocess.py:93} INFO - 24/08/18 00:32:13 INFO StandaloneSchedulerBackend$StandaloneDriverEndpoint: Asking each executor to shut down
[2024-08-18T00:32:13.571+0000] {subprocess.py:93} INFO - 24/08/18 00:32:13 INFO MapOutputTrackerMasterEndpoint: MapOutputTrackerMasterEndpoint stopped!
[2024-08-18T00:32:13.582+0000] {subprocess.py:93} INFO - 24/08/18 00:32:13 INFO MemoryStore: MemoryStore cleared
[2024-08-18T00:32:13.583+0000] {subprocess.py:93} INFO - 24/08/18 00:32:13 INFO BlockManager: BlockManager stopped
[2024-08-18T00:32:13.585+0000] {subprocess.py:93} INFO - 24/08/18 00:32:13 INFO BlockManagerMaster: BlockManagerMaster stopped
[2024-08-18T00:32:13.586+0000] {subprocess.py:93} INFO - 24/08/18 00:32:13 INFO OutputCommitCoordinator$OutputCommitCoordinatorEndpoint: OutputCommitCoordinator stopped!
[2024-08-18T00:32:13.590+0000] {subprocess.py:93} INFO - 24/08/18 00:32:13 INFO SparkContext: Successfully stopped SparkContext
[2024-08-18T00:32:13.591+0000] {subprocess.py:93} INFO - 24/08/18 00:32:13 INFO ShutdownHookManager: Shutdown hook called
[2024-08-18T00:32:13.591+0000] {subprocess.py:93} INFO - 24/08/18 00:32:13 INFO ShutdownHookManager: Deleting directory /tmp/spark-7f8b2ada-8fa9-411e-8cdd-39cf2b714119/pyspark-e28727c9-1959-4f1b-a880-efe5e3c2bed8
[2024-08-18T00:32:13.593+0000] {subprocess.py:93} INFO - 24/08/18 00:32:13 INFO ShutdownHookManager: Deleting directory /tmp/spark-7f8b2ada-8fa9-411e-8cdd-39cf2b714119
[2024-08-18T00:32:13.595+0000] {subprocess.py:93} INFO - 24/08/18 00:32:13 INFO ShutdownHookManager: Deleting directory /tmp/spark-4efeea0d-3eba-457e-a903-b9e2e4b3d1d4
[2024-08-18T00:32:13.617+0000] {subprocess.py:97} INFO - Command exited with return code 1
[2024-08-18T00:32:13.626+0000] {taskinstance.py:1935} ERROR - Task failed with exception
Traceback (most recent call last):
  File "/home/airflow/.local/lib/python3.11/site-packages/airflow/operators/bash.py", line 210, in execute
    raise AirflowException(
airflow.exceptions.AirflowException: Bash command failed. The command returned a non-zero exit code 1.
[2024-08-18T00:32:13.628+0000] {taskinstance.py:1398} INFO - Marking task as FAILED. dag_id=data_pipeline_api, task_id=analyze_data, execution_date=20240817T003000, start_date=20240818T003209, end_date=20240818T003213
[2024-08-18T00:32:13.635+0000] {standard_task_runner.py:104} ERROR - Failed to execute job 64 for task analyze_data (Bash command failed. The command returned a non-zero exit code 1.; 65020)
[2024-08-18T00:32:13.676+0000] {local_task_job_runner.py:228} INFO - Task exited with return code 1
[2024-08-18T00:32:13.688+0000] {taskinstance.py:2776} INFO - 0 downstream tasks scheduled from follow-on schedule check
