[2024-08-18T00:30:01.966+0000] {taskinstance.py:1157} INFO - Dependencies all met for dep_context=non-requeueable deps ti=<TaskInstance: data_pipeline_api.analyze_data scheduled__2024-08-17T00:30:00+00:00 [queued]>
[2024-08-18T00:30:01.972+0000] {taskinstance.py:1157} INFO - Dependencies all met for dep_context=requeueable deps ti=<TaskInstance: data_pipeline_api.analyze_data scheduled__2024-08-17T00:30:00+00:00 [queued]>
[2024-08-18T00:30:01.973+0000] {taskinstance.py:1359} INFO - Starting attempt 1 of 2
[2024-08-18T00:30:01.979+0000] {taskinstance.py:1380} INFO - Executing <Task(BashOperator): analyze_data> on 2024-08-17 00:30:00+00:00
[2024-08-18T00:30:01.982+0000] {standard_task_runner.py:57} INFO - Started process 64343 to run task
[2024-08-18T00:30:01.986+0000] {standard_task_runner.py:84} INFO - Running: ['***', 'tasks', 'run', 'data_pipeline_api', 'analyze_data', 'scheduled__2024-08-17T00:30:00+00:00', '--job-id', '61', '--raw', '--subdir', 'DAGS_FOLDER/spark-jobs.py', '--cfg-path', '/tmp/tmpdxysd0nq']
[2024-08-18T00:30:01.993+0000] {standard_task_runner.py:85} INFO - Job 61: Subtask analyze_data
[2024-08-18T00:30:02.061+0000] {task_command.py:415} INFO - Running <TaskInstance: data_pipeline_api.analyze_data scheduled__2024-08-17T00:30:00+00:00 [running]> on host 27ef58cc88fc
[2024-08-18T00:30:02.139+0000] {taskinstance.py:1660} INFO - Exporting env vars: AIRFLOW_CTX_DAG_OWNER='***' AIRFLOW_CTX_DAG_ID='data_pipeline_api' AIRFLOW_CTX_TASK_ID='analyze_data' AIRFLOW_CTX_EXECUTION_DATE='2024-08-17T00:30:00+00:00' AIRFLOW_CTX_TRY_NUMBER='1' AIRFLOW_CTX_DAG_RUN_ID='scheduled__2024-08-17T00:30:00+00:00'
[2024-08-18T00:30:02.140+0000] {subprocess.py:63} INFO - Tmp dir root location: /tmp
[2024-08-18T00:30:02.143+0000] {subprocess.py:75} INFO - Running command: ['/bin/bash', '-c', 'bash /opt/***/jobs/spark-submit.sh /opt/***/jobs/analyze_data.py ']
[2024-08-18T00:30:02.150+0000] {subprocess.py:86} INFO - Output:
[2024-08-18T00:30:02.166+0000] {subprocess.py:93} INFO - /opt/***/jobs/analyze_data.py
[2024-08-18T00:30:02.243+0000] {subprocess.py:93} INFO - /home/***/.local/lib/python3.11/site-packages/pyspark/bin/load-spark-env.sh: line 68: ps: command not found
[2024-08-18T00:30:04.059+0000] {subprocess.py:93} INFO - 24/08/18 00:30:04 WARN NativeCodeLoader: Unable to load native-hadoop library for your platform... using builtin-java classes where applicable
[2024-08-18T00:30:04.782+0000] {subprocess.py:93} INFO - 24/08/18 00:30:04 INFO SparkContext: Running Spark version 3.5.1
[2024-08-18T00:30:04.782+0000] {subprocess.py:93} INFO - 24/08/18 00:30:04 INFO SparkContext: OS info Linux, 6.6.32-linuxkit, aarch64
[2024-08-18T00:30:04.782+0000] {subprocess.py:93} INFO - 24/08/18 00:30:04 INFO SparkContext: Java version 11.0.23
[2024-08-18T00:30:04.799+0000] {subprocess.py:93} INFO - 24/08/18 00:30:04 INFO ResourceUtils: ==============================================================
[2024-08-18T00:30:04.799+0000] {subprocess.py:93} INFO - 24/08/18 00:30:04 INFO ResourceUtils: No custom resources configured for spark.driver.
[2024-08-18T00:30:04.799+0000] {subprocess.py:93} INFO - 24/08/18 00:30:04 INFO ResourceUtils: ==============================================================
[2024-08-18T00:30:04.799+0000] {subprocess.py:93} INFO - 24/08/18 00:30:04 INFO SparkContext: Submitted application: FinanceDataAnalysis
[2024-08-18T00:30:04.808+0000] {subprocess.py:93} INFO - 24/08/18 00:30:04 INFO ResourceProfile: Default ResourceProfile created, executor resources: Map(cores -> name: cores, amount: 1, script: , vendor: , memory -> name: memory, amount: 1024, script: , vendor: , offHeap -> name: offHeap, amount: 1024, script: , vendor: ), task resources: Map(cpus -> name: cpus, amount: 1.0)
[2024-08-18T00:30:04.818+0000] {subprocess.py:93} INFO - 24/08/18 00:30:04 INFO ResourceProfile: Limiting resource is cpus at 1 tasks per executor
[2024-08-18T00:30:04.819+0000] {subprocess.py:93} INFO - 24/08/18 00:30:04 INFO ResourceProfileManager: Added ResourceProfile id: 0
[2024-08-18T00:30:04.856+0000] {subprocess.py:93} INFO - 24/08/18 00:30:04 INFO SecurityManager: Changing view acls to: ***
[2024-08-18T00:30:04.857+0000] {subprocess.py:93} INFO - 24/08/18 00:30:04 INFO SecurityManager: Changing modify acls to: ***
[2024-08-18T00:30:04.857+0000] {subprocess.py:93} INFO - 24/08/18 00:30:04 INFO SecurityManager: Changing view acls groups to:
[2024-08-18T00:30:04.857+0000] {subprocess.py:93} INFO - 24/08/18 00:30:04 INFO SecurityManager: Changing modify acls groups to:
[2024-08-18T00:30:04.857+0000] {subprocess.py:93} INFO - 24/08/18 00:30:04 INFO SecurityManager: SecurityManager: authentication disabled; ui acls disabled; users with view permissions: ***; groups with view permissions: EMPTY; users with modify permissions: ***; groups with modify permissions: EMPTY
[2024-08-18T00:30:04.993+0000] {subprocess.py:93} INFO - 24/08/18 00:30:04 INFO Utils: Successfully started service 'sparkDriver' on port 44483.
[2024-08-18T00:30:05.018+0000] {subprocess.py:93} INFO - 24/08/18 00:30:05 INFO SparkEnv: Registering MapOutputTracker
[2024-08-18T00:30:05.049+0000] {subprocess.py:93} INFO - 24/08/18 00:30:05 INFO SparkEnv: Registering BlockManagerMaster
[2024-08-18T00:30:05.065+0000] {subprocess.py:93} INFO - 24/08/18 00:30:05 INFO BlockManagerMasterEndpoint: Using org.apache.spark.storage.DefaultTopologyMapper for getting topology information
[2024-08-18T00:30:05.065+0000] {subprocess.py:93} INFO - 24/08/18 00:30:05 INFO BlockManagerMasterEndpoint: BlockManagerMasterEndpoint up
[2024-08-18T00:30:05.070+0000] {subprocess.py:93} INFO - 24/08/18 00:30:05 INFO SparkEnv: Registering BlockManagerMasterHeartbeat
[2024-08-18T00:30:05.087+0000] {subprocess.py:93} INFO - 24/08/18 00:30:05 INFO DiskBlockManager: Created local directory at /tmp/blockmgr-87abc855-fcb4-4b52-89b4-6cbb4a5cc7b4
[2024-08-18T00:30:05.096+0000] {subprocess.py:93} INFO - 24/08/18 00:30:05 INFO MemoryStore: MemoryStore started with capacity 1458.4 MiB
[2024-08-18T00:30:05.105+0000] {subprocess.py:93} INFO - 24/08/18 00:30:05 INFO SparkEnv: Registering OutputCommitCoordinator
[2024-08-18T00:30:05.181+0000] {subprocess.py:93} INFO - 24/08/18 00:30:05 INFO JettyUtils: Start Jetty 0.0.0.0:4040 for SparkUI
[2024-08-18T00:30:05.210+0000] {subprocess.py:93} INFO - 24/08/18 00:30:05 WARN Utils: Service 'SparkUI' could not bind on port 4040. Attempting port 4041.
[2024-08-18T00:30:05.214+0000] {subprocess.py:93} INFO - 24/08/18 00:30:05 INFO Utils: Successfully started service 'SparkUI' on port 4041.
[2024-08-18T00:30:05.236+0000] {subprocess.py:93} INFO - 24/08/18 00:30:05 INFO SparkContext: Added JAR file:///opt/bitnami/spark/resources/elasticsearch-spark-30_2.12-8.4.3.jar at spark://27ef58cc88fc:44483/jars/elasticsearch-spark-30_2.12-8.4.3.jar with timestamp 1723941004777
[2024-08-18T00:30:05.290+0000] {subprocess.py:93} INFO - 24/08/18 00:30:05 INFO StandaloneAppClient$ClientEndpoint: Connecting to master spark://spark-master:7077...
[2024-08-18T00:30:05.319+0000] {subprocess.py:93} INFO - 24/08/18 00:30:05 INFO TransportClientFactory: Successfully created connection to spark-master/172.18.0.4:7077 after 15 ms (0 ms spent in bootstraps)
[2024-08-18T00:30:05.509+0000] {subprocess.py:93} INFO - 24/08/18 00:30:05 INFO StandaloneSchedulerBackend: Connected to Spark cluster with app ID app-20240818003005-0044
[2024-08-18T00:30:05.515+0000] {subprocess.py:93} INFO - 24/08/18 00:30:05 INFO Utils: Successfully started service 'org.apache.spark.network.netty.NettyBlockTransferService' on port 41631.
[2024-08-18T00:30:05.516+0000] {subprocess.py:93} INFO - 24/08/18 00:30:05 INFO NettyBlockTransferService: Server created on 27ef58cc88fc:41631
[2024-08-18T00:30:05.517+0000] {subprocess.py:93} INFO - 24/08/18 00:30:05 INFO BlockManager: Using org.apache.spark.storage.RandomBlockReplicationPolicy for block replication policy
[2024-08-18T00:30:05.520+0000] {subprocess.py:93} INFO - 24/08/18 00:30:05 INFO BlockManagerMaster: Registering BlockManager BlockManagerId(driver, 27ef58cc88fc, 41631, None)
[2024-08-18T00:30:05.523+0000] {subprocess.py:93} INFO - 24/08/18 00:30:05 INFO BlockManagerMasterEndpoint: Registering block manager 27ef58cc88fc:41631 with 1458.4 MiB RAM, BlockManagerId(driver, 27ef58cc88fc, 41631, None)
[2024-08-18T00:30:05.524+0000] {subprocess.py:93} INFO - 24/08/18 00:30:05 INFO BlockManagerMaster: Registered BlockManager BlockManagerId(driver, 27ef58cc88fc, 41631, None)
[2024-08-18T00:30:05.528+0000] {subprocess.py:93} INFO - 24/08/18 00:30:05 INFO BlockManager: Initialized BlockManager: BlockManagerId(driver, 27ef58cc88fc, 41631, None)
[2024-08-18T00:30:05.656+0000] {subprocess.py:93} INFO - 24/08/18 00:30:05 INFO StandaloneSchedulerBackend: SchedulerBackend is ready for scheduling beginning after reached minRegisteredResourcesRatio: 0.0
[2024-08-18T00:30:05.782+0000] {subprocess.py:93} INFO - 24/08/18 00:30:05 INFO SharedState: Setting hive.metastore.warehouse.dir ('null') to the value of spark.sql.warehouse.dir.
[2024-08-18T00:30:05.784+0000] {subprocess.py:93} INFO - 24/08/18 00:30:05 INFO SharedState: Warehouse path is 'file:/tmp/***tmpgqeawbdi/spark-warehouse'.
[2024-08-18T00:30:06.559+0000] {subprocess.py:93} INFO - 24/08/18 00:30:06 INFO Version: Elasticsearch Hadoop v8.4.3 [a7873eb469]
[2024-08-18T00:30:08.841+0000] {subprocess.py:93} INFO - Traceback (most recent call last):
[2024-08-18T00:30:08.843+0000] {subprocess.py:93} INFO -   File "/opt/***/jobs/analyze_data.py", line 48, in <module>
[2024-08-18T00:30:08.844+0000] {subprocess.py:93} INFO -     save_analysis_result(top_gainers, "data/top_gainers.csv")
[2024-08-18T00:30:08.844+0000] {subprocess.py:93} INFO -   File "/opt/***/jobs/analyze_data.py", line 41, in save_analysis_result
[2024-08-18T00:30:08.844+0000] {subprocess.py:93} INFO -     df.coalesce(1).write.mode("overwrite").csv(file_path, header=True)
[2024-08-18T00:30:08.845+0000] {subprocess.py:93} INFO -   File "/home/***/.local/lib/python3.11/site-packages/pyspark/python/lib/pyspark.zip/pyspark/sql/readwriter.py", line 1864, in csv
[2024-08-18T00:30:08.845+0000] {subprocess.py:93} INFO -   File "/home/***/.local/lib/python3.11/site-packages/pyspark/python/lib/py4j-0.10.9.7-src.zip/py4j/java_gateway.py", line 1322, in __call__
[2024-08-18T00:30:08.845+0000] {subprocess.py:93} INFO -   File "/home/***/.local/lib/python3.11/site-packages/pyspark/python/lib/pyspark.zip/pyspark/errors/exceptions/captured.py", line 185, in deco
[2024-08-18T00:30:08.848+0000] {subprocess.py:93} INFO - pyspark.errors.exceptions.captured.AnalysisException: [UNSUPPORTED_DATA_TYPE_FOR_DATASOURCE] The CSV datasource doesn't support the column `_metadata` of the type "MAP<STRING, STRING>".
[2024-08-18T00:30:08.892+0000] {subprocess.py:93} INFO - 24/08/18 00:30:08 INFO SparkContext: Invoking stop() from shutdown hook
[2024-08-18T00:30:08.892+0000] {subprocess.py:93} INFO - 24/08/18 00:30:08 INFO SparkContext: SparkContext is stopping with exitCode 0.
[2024-08-18T00:30:08.897+0000] {subprocess.py:93} INFO - 24/08/18 00:30:08 INFO SparkUI: Stopped Spark web UI at http://27ef58cc88fc:4041
[2024-08-18T00:30:08.899+0000] {subprocess.py:93} INFO - 24/08/18 00:30:08 INFO StandaloneSchedulerBackend: Shutting down all executors
[2024-08-18T00:30:08.908+0000] {subprocess.py:93} INFO - 24/08/18 00:30:08 INFO StandaloneSchedulerBackend$StandaloneDriverEndpoint: Asking each executor to shut down
[2024-08-18T00:30:08.925+0000] {subprocess.py:93} INFO - 24/08/18 00:30:08 INFO MapOutputTrackerMasterEndpoint: MapOutputTrackerMasterEndpoint stopped!
[2024-08-18T00:30:08.940+0000] {subprocess.py:93} INFO - 24/08/18 00:30:08 INFO MemoryStore: MemoryStore cleared
[2024-08-18T00:30:08.947+0000] {subprocess.py:93} INFO - 24/08/18 00:30:08 INFO BlockManager: BlockManager stopped
[2024-08-18T00:30:08.948+0000] {subprocess.py:93} INFO - 24/08/18 00:30:08 INFO BlockManagerMaster: BlockManagerMaster stopped
[2024-08-18T00:30:08.948+0000] {subprocess.py:93} INFO - 24/08/18 00:30:08 INFO OutputCommitCoordinator$OutputCommitCoordinatorEndpoint: OutputCommitCoordinator stopped!
[2024-08-18T00:30:08.958+0000] {subprocess.py:93} INFO - 24/08/18 00:30:08 INFO SparkContext: Successfully stopped SparkContext
[2024-08-18T00:30:08.958+0000] {subprocess.py:93} INFO - 24/08/18 00:30:08 INFO ShutdownHookManager: Shutdown hook called
[2024-08-18T00:30:08.958+0000] {subprocess.py:93} INFO - 24/08/18 00:30:08 INFO ShutdownHookManager: Deleting directory /tmp/spark-31d65250-9a35-47d3-878b-7bff448720c1
[2024-08-18T00:30:08.963+0000] {subprocess.py:93} INFO - 24/08/18 00:30:08 INFO ShutdownHookManager: Deleting directory /tmp/spark-8976765c-dbec-4d12-8d7d-0561d3873758/pyspark-84255eb6-8a39-4604-b1ec-e2c15138081f
[2024-08-18T00:30:08.966+0000] {subprocess.py:93} INFO - 24/08/18 00:30:08 INFO ShutdownHookManager: Deleting directory /tmp/spark-8976765c-dbec-4d12-8d7d-0561d3873758
[2024-08-18T00:30:08.999+0000] {subprocess.py:97} INFO - Command exited with return code 1
[2024-08-18T00:30:09.015+0000] {taskinstance.py:1935} ERROR - Task failed with exception
Traceback (most recent call last):
  File "/home/airflow/.local/lib/python3.11/site-packages/airflow/operators/bash.py", line 210, in execute
    raise AirflowException(
airflow.exceptions.AirflowException: Bash command failed. The command returned a non-zero exit code 1.
[2024-08-18T00:30:09.018+0000] {taskinstance.py:1398} INFO - Marking task as UP_FOR_RETRY. dag_id=data_pipeline_api, task_id=analyze_data, execution_date=20240817T003000, start_date=20240818T003001, end_date=20240818T003009
[2024-08-18T00:30:09.027+0000] {standard_task_runner.py:104} ERROR - Failed to execute job 61 for task analyze_data (Bash command failed. The command returned a non-zero exit code 1.; 64343)
[2024-08-18T00:30:09.062+0000] {local_task_job_runner.py:228} INFO - Task exited with return code 1
[2024-08-18T00:30:09.077+0000] {taskinstance.py:2776} INFO - 0 downstream tasks scheduled from follow-on schedule check
