[2024-09-13T00:30:01.112+0000] {taskinstance.py:1157} INFO - Dependencies all met for dep_context=non-requeueable deps ti=<TaskInstance: data_pipeline_api.fetch_data scheduled__2024-09-12T00:30:00+00:00 [queued]>
[2024-09-13T00:30:01.115+0000] {taskinstance.py:1157} INFO - Dependencies all met for dep_context=requeueable deps ti=<TaskInstance: data_pipeline_api.fetch_data scheduled__2024-09-12T00:30:00+00:00 [queued]>
[2024-09-13T00:30:01.116+0000] {taskinstance.py:1359} INFO - Starting attempt 1 of 2
[2024-09-13T00:30:01.121+0000] {taskinstance.py:1380} INFO - Executing <Task(BashOperator): fetch_data> on 2024-09-12 00:30:00+00:00
[2024-09-13T00:30:01.124+0000] {standard_task_runner.py:57} INFO - Started process 72880 to run task
[2024-09-13T00:30:01.126+0000] {standard_task_runner.py:84} INFO - Running: ['***', 'tasks', 'run', 'data_pipeline_api', 'fetch_data', 'scheduled__2024-09-12T00:30:00+00:00', '--job-id', '103', '--raw', '--subdir', 'DAGS_FOLDER/spark-jobs.py', '--cfg-path', '/tmp/tmplgorkcus']
[2024-09-13T00:30:01.129+0000] {standard_task_runner.py:85} INFO - Job 103: Subtask fetch_data
[2024-09-13T00:30:01.172+0000] {task_command.py:415} INFO - Running <TaskInstance: data_pipeline_api.fetch_data scheduled__2024-09-12T00:30:00+00:00 [running]> on host 27ef58cc88fc
[2024-09-13T00:30:01.218+0000] {taskinstance.py:1660} INFO - Exporting env vars: AIRFLOW_CTX_DAG_OWNER='***' AIRFLOW_CTX_DAG_ID='data_pipeline_api' AIRFLOW_CTX_TASK_ID='fetch_data' AIRFLOW_CTX_EXECUTION_DATE='2024-09-12T00:30:00+00:00' AIRFLOW_CTX_TRY_NUMBER='1' AIRFLOW_CTX_DAG_RUN_ID='scheduled__2024-09-12T00:30:00+00:00'
[2024-09-13T00:30:01.219+0000] {subprocess.py:63} INFO - Tmp dir root location: /tmp
[2024-09-13T00:30:01.220+0000] {subprocess.py:75} INFO - Running command: ['/bin/bash', '-c', 'bash /opt/***/jobs/spark-submit.sh /opt/***/jobs/fetch_data.py ']
[2024-09-13T00:30:01.227+0000] {subprocess.py:86} INFO - Output:
[2024-09-13T00:30:01.243+0000] {subprocess.py:93} INFO - /opt/***/jobs/fetch_data.py
[2024-09-13T00:30:01.317+0000] {subprocess.py:93} INFO - /home/***/.local/lib/python3.11/site-packages/pyspark/bin/load-spark-env.sh: line 68: ps: command not found
[2024-09-13T00:30:03.122+0000] {subprocess.py:93} INFO - 24/09/13 00:30:03 WARN NativeCodeLoader: Unable to load native-hadoop library for your platform... using builtin-java classes where applicable
[2024-09-13T00:30:04.884+0000] {subprocess.py:93} INFO - 24/09/13 00:30:04 INFO ShutdownHookManager: Shutdown hook called
[2024-09-13T00:30:04.886+0000] {subprocess.py:93} INFO - 24/09/13 00:30:04 INFO ShutdownHookManager: Deleting directory /tmp/spark-59d03f9f-b215-439d-8cc1-fbbac5aae6da
[2024-09-13T00:30:04.911+0000] {subprocess.py:97} INFO - Command exited with return code 0
[2024-09-13T00:30:04.933+0000] {taskinstance.py:1398} INFO - Marking task as SUCCESS. dag_id=data_pipeline_api, task_id=fetch_data, execution_date=20240912T003000, start_date=20240913T003001, end_date=20240913T003004
[2024-09-13T00:30:04.975+0000] {local_task_job_runner.py:228} INFO - Task exited with return code 0
[2024-09-13T00:30:04.993+0000] {taskinstance.py:2776} INFO - 0 downstream tasks scheduled from follow-on schedule check
