[2024-08-21T00:32:12.493+0000] {taskinstance.py:1157} INFO - Dependencies all met for dep_context=non-requeueable deps ti=<TaskInstance: data_pipeline_api.analyze_data scheduled__2024-08-20T00:30:00+00:00 [queued]>
[2024-08-21T00:32:12.495+0000] {taskinstance.py:1157} INFO - Dependencies all met for dep_context=requeueable deps ti=<TaskInstance: data_pipeline_api.analyze_data scheduled__2024-08-20T00:30:00+00:00 [queued]>
[2024-08-21T00:32:12.495+0000] {taskinstance.py:1359} INFO - Starting attempt 2 of 2
[2024-08-21T00:32:12.499+0000] {taskinstance.py:1380} INFO - Executing <Task(BashOperator): analyze_data> on 2024-08-20 00:30:00+00:00
[2024-08-21T00:32:12.501+0000] {standard_task_runner.py:57} INFO - Started process 82869 to run task
[2024-08-21T00:32:12.503+0000] {standard_task_runner.py:84} INFO - Running: ['***', 'tasks', 'run', 'data_pipeline_api', 'analyze_data', 'scheduled__2024-08-20T00:30:00+00:00', '--job-id', '77', '--raw', '--subdir', 'DAGS_FOLDER/spark-jobs.py', '--cfg-path', '/tmp/tmpwh9gla78']
[2024-08-21T00:32:12.504+0000] {standard_task_runner.py:85} INFO - Job 77: Subtask analyze_data
[2024-08-21T00:32:12.522+0000] {task_command.py:415} INFO - Running <TaskInstance: data_pipeline_api.analyze_data scheduled__2024-08-20T00:30:00+00:00 [running]> on host 27ef58cc88fc
[2024-08-21T00:32:12.547+0000] {taskinstance.py:1660} INFO - Exporting env vars: AIRFLOW_CTX_DAG_OWNER='***' AIRFLOW_CTX_DAG_ID='data_pipeline_api' AIRFLOW_CTX_TASK_ID='analyze_data' AIRFLOW_CTX_EXECUTION_DATE='2024-08-20T00:30:00+00:00' AIRFLOW_CTX_TRY_NUMBER='2' AIRFLOW_CTX_DAG_RUN_ID='scheduled__2024-08-20T00:30:00+00:00'
[2024-08-21T00:32:12.547+0000] {subprocess.py:63} INFO - Tmp dir root location: /tmp
[2024-08-21T00:32:12.548+0000] {subprocess.py:75} INFO - Running command: ['/bin/bash', '-c', 'bash /opt/***/jobs/spark-submit.sh /opt/***/jobs/analyze_data.py ']
[2024-08-21T00:32:12.551+0000] {subprocess.py:86} INFO - Output:
[2024-08-21T00:32:12.554+0000] {subprocess.py:93} INFO - /opt/***/jobs/analyze_data.py
[2024-08-21T00:32:12.592+0000] {subprocess.py:93} INFO - /home/***/.local/lib/python3.11/site-packages/pyspark/bin/load-spark-env.sh: line 68: ps: command not found
[2024-08-21T00:32:13.501+0000] {subprocess.py:93} INFO - 24/08/21 00:32:13 WARN NativeCodeLoader: Unable to load native-hadoop library for your platform... using builtin-java classes where applicable
[2024-08-21T00:32:14.044+0000] {subprocess.py:93} INFO - 24/08/21 00:32:14 INFO SparkContext: Running Spark version 3.5.1
[2024-08-21T00:32:14.047+0000] {subprocess.py:93} INFO - 24/08/21 00:32:14 INFO SparkContext: OS info Linux, 6.6.32-linuxkit, aarch64
[2024-08-21T00:32:14.048+0000] {subprocess.py:93} INFO - 24/08/21 00:32:14 INFO SparkContext: Java version 11.0.23
[2024-08-21T00:32:14.056+0000] {subprocess.py:93} INFO - 24/08/21 00:32:14 INFO ResourceUtils: ==============================================================
[2024-08-21T00:32:14.057+0000] {subprocess.py:93} INFO - 24/08/21 00:32:14 INFO ResourceUtils: No custom resources configured for spark.driver.
[2024-08-21T00:32:14.057+0000] {subprocess.py:93} INFO - 24/08/21 00:32:14 INFO ResourceUtils: ==============================================================
[2024-08-21T00:32:14.058+0000] {subprocess.py:93} INFO - 24/08/21 00:32:14 INFO SparkContext: Submitted application: FinanceDataAnalysis
[2024-08-21T00:32:14.065+0000] {subprocess.py:93} INFO - 24/08/21 00:32:14 INFO ResourceProfile: Default ResourceProfile created, executor resources: Map(cores -> name: cores, amount: 1, script: , vendor: , memory -> name: memory, amount: 1024, script: , vendor: , offHeap -> name: offHeap, amount: 1024, script: , vendor: ), task resources: Map(cpus -> name: cpus, amount: 1.0)
[2024-08-21T00:32:14.071+0000] {subprocess.py:93} INFO - 24/08/21 00:32:14 INFO ResourceProfile: Limiting resource is cpus at 1 tasks per executor
[2024-08-21T00:32:14.071+0000] {subprocess.py:93} INFO - 24/08/21 00:32:14 INFO ResourceProfileManager: Added ResourceProfile id: 0
[2024-08-21T00:32:14.101+0000] {subprocess.py:93} INFO - 24/08/21 00:32:14 INFO SecurityManager: Changing view acls to: ***
[2024-08-21T00:32:14.102+0000] {subprocess.py:93} INFO - 24/08/21 00:32:14 INFO SecurityManager: Changing modify acls to: ***
[2024-08-21T00:32:14.102+0000] {subprocess.py:93} INFO - 24/08/21 00:32:14 INFO SecurityManager: Changing view acls groups to:
[2024-08-21T00:32:14.103+0000] {subprocess.py:93} INFO - 24/08/21 00:32:14 INFO SecurityManager: Changing modify acls groups to:
[2024-08-21T00:32:14.103+0000] {subprocess.py:93} INFO - 24/08/21 00:32:14 INFO SecurityManager: SecurityManager: authentication disabled; ui acls disabled; users with view permissions: ***; groups with view permissions: EMPTY; users with modify permissions: ***; groups with modify permissions: EMPTY
[2024-08-21T00:32:14.190+0000] {subprocess.py:93} INFO - 24/08/21 00:32:14 INFO Utils: Successfully started service 'sparkDriver' on port 34143.
[2024-08-21T00:32:14.204+0000] {subprocess.py:93} INFO - 24/08/21 00:32:14 INFO SparkEnv: Registering MapOutputTracker
[2024-08-21T00:32:14.221+0000] {subprocess.py:93} INFO - 24/08/21 00:32:14 INFO SparkEnv: Registering BlockManagerMaster
[2024-08-21T00:32:14.228+0000] {subprocess.py:93} INFO - 24/08/21 00:32:14 INFO BlockManagerMasterEndpoint: Using org.apache.spark.storage.DefaultTopologyMapper for getting topology information
[2024-08-21T00:32:14.230+0000] {subprocess.py:93} INFO - 24/08/21 00:32:14 INFO BlockManagerMasterEndpoint: BlockManagerMasterEndpoint up
[2024-08-21T00:32:14.230+0000] {subprocess.py:93} INFO - 24/08/21 00:32:14 INFO SparkEnv: Registering BlockManagerMasterHeartbeat
[2024-08-21T00:32:14.240+0000] {subprocess.py:93} INFO - 24/08/21 00:32:14 INFO DiskBlockManager: Created local directory at /tmp/blockmgr-8bdcc44f-4467-4c15-a479-c02461adfd1c
[2024-08-21T00:32:14.246+0000] {subprocess.py:93} INFO - 24/08/21 00:32:14 INFO MemoryStore: MemoryStore started with capacity 1458.4 MiB
[2024-08-21T00:32:14.253+0000] {subprocess.py:93} INFO - 24/08/21 00:32:14 INFO SparkEnv: Registering OutputCommitCoordinator
[2024-08-21T00:32:14.305+0000] {subprocess.py:93} INFO - 24/08/21 00:32:14 INFO JettyUtils: Start Jetty 0.0.0.0:4040 for SparkUI
[2024-08-21T00:32:14.332+0000] {subprocess.py:93} INFO - 24/08/21 00:32:14 INFO Utils: Successfully started service 'SparkUI' on port 4040.
[2024-08-21T00:32:14.348+0000] {subprocess.py:93} INFO - 24/08/21 00:32:14 INFO SparkContext: Added JAR file:///opt/bitnami/spark/resources/elasticsearch-spark-30_2.12-8.4.3.jar at spark://27ef58cc88fc:34143/jars/elasticsearch-spark-30_2.12-8.4.3.jar with timestamp 1724200334039
[2024-08-21T00:32:14.381+0000] {subprocess.py:93} INFO - 24/08/21 00:32:14 INFO StandaloneAppClient$ClientEndpoint: Connecting to master spark://spark-master:7077...
[2024-08-21T00:32:14.405+0000] {subprocess.py:93} INFO - 24/08/21 00:32:14 INFO TransportClientFactory: Successfully created connection to spark-master/172.18.0.4:7077 after 12 ms (0 ms spent in bootstraps)
[2024-08-21T00:32:14.449+0000] {subprocess.py:93} INFO - 24/08/21 00:32:14 INFO StandaloneSchedulerBackend: Connected to Spark cluster with app ID app-20240821003214-0054
[2024-08-21T00:32:14.449+0000] {subprocess.py:93} INFO - 24/08/21 00:32:14 INFO StandaloneAppClient$ClientEndpoint: Executor added: app-20240821003214-0054/0 on worker-20240809124721-172.18.0.7-36933 (172.18.0.7:36933) with 1 core(s)
[2024-08-21T00:32:14.454+0000] {subprocess.py:93} INFO - 24/08/21 00:32:14 INFO StandaloneSchedulerBackend: Granted executor ID app-20240821003214-0054/0 on hostPort 172.18.0.7:36933 with 1 core(s), 1024.0 MiB RAM
[2024-08-21T00:32:14.454+0000] {subprocess.py:93} INFO - 24/08/21 00:32:14 INFO StandaloneAppClient$ClientEndpoint: Executor added: app-20240821003214-0054/1 on worker-20240809124721-172.18.0.6-35359 (172.18.0.6:35359) with 1 core(s)
[2024-08-21T00:32:14.455+0000] {subprocess.py:93} INFO - 24/08/21 00:32:14 INFO StandaloneSchedulerBackend: Granted executor ID app-20240821003214-0054/1 on hostPort 172.18.0.6:35359 with 1 core(s), 1024.0 MiB RAM
[2024-08-21T00:32:14.458+0000] {subprocess.py:93} INFO - 24/08/21 00:32:14 INFO Utils: Successfully started service 'org.apache.spark.network.netty.NettyBlockTransferService' on port 43675.
[2024-08-21T00:32:14.458+0000] {subprocess.py:93} INFO - 24/08/21 00:32:14 INFO NettyBlockTransferService: Server created on 27ef58cc88fc:43675
[2024-08-21T00:32:14.460+0000] {subprocess.py:93} INFO - 24/08/21 00:32:14 INFO BlockManager: Using org.apache.spark.storage.RandomBlockReplicationPolicy for block replication policy
[2024-08-21T00:32:14.465+0000] {subprocess.py:93} INFO - 24/08/21 00:32:14 INFO BlockManagerMaster: Registering BlockManager BlockManagerId(driver, 27ef58cc88fc, 43675, None)
[2024-08-21T00:32:14.467+0000] {subprocess.py:93} INFO - 24/08/21 00:32:14 INFO BlockManagerMasterEndpoint: Registering block manager 27ef58cc88fc:43675 with 1458.4 MiB RAM, BlockManagerId(driver, 27ef58cc88fc, 43675, None)
[2024-08-21T00:32:14.469+0000] {subprocess.py:93} INFO - 24/08/21 00:32:14 INFO BlockManagerMaster: Registered BlockManager BlockManagerId(driver, 27ef58cc88fc, 43675, None)
[2024-08-21T00:32:14.474+0000] {subprocess.py:93} INFO - 24/08/21 00:32:14 INFO BlockManager: Initialized BlockManager: BlockManagerId(driver, 27ef58cc88fc, 43675, None)
[2024-08-21T00:32:14.491+0000] {subprocess.py:93} INFO - 24/08/21 00:32:14 INFO StandaloneAppClient$ClientEndpoint: Executor updated: app-20240821003214-0054/0 is now RUNNING
[2024-08-21T00:32:14.492+0000] {subprocess.py:93} INFO - 24/08/21 00:32:14 INFO StandaloneAppClient$ClientEndpoint: Executor updated: app-20240821003214-0054/1 is now RUNNING
[2024-08-21T00:32:14.604+0000] {subprocess.py:93} INFO - 24/08/21 00:32:14 INFO StandaloneSchedulerBackend: SchedulerBackend is ready for scheduling beginning after reached minRegisteredResourcesRatio: 0.0
[2024-08-21T00:32:14.751+0000] {subprocess.py:93} INFO - 24/08/21 00:32:14 INFO SharedState: Setting hive.metastore.warehouse.dir ('null') to the value of spark.sql.warehouse.dir.
[2024-08-21T00:32:14.753+0000] {subprocess.py:93} INFO - 24/08/21 00:32:14 INFO SharedState: Warehouse path is 'file:/tmp/***tmpp__8l2ks/spark-warehouse'.
[2024-08-21T00:32:15.288+0000] {subprocess.py:93} INFO - 24/08/21 00:32:15 INFO Version: Elasticsearch Hadoop v8.4.3 [a7873eb469]
[2024-08-21T00:32:16.063+0000] {subprocess.py:93} INFO - 24/08/21 00:32:16 INFO StandaloneSchedulerBackend$StandaloneDriverEndpoint: Registered executor NettyRpcEndpointRef(spark-client://Executor) (172.18.0.7:48514) with ID 0,  ResourceProfileId 0
[2024-08-21T00:32:16.073+0000] {subprocess.py:93} INFO - 24/08/21 00:32:16 INFO StandaloneSchedulerBackend$StandaloneDriverEndpoint: Registered executor NettyRpcEndpointRef(spark-client://Executor) (172.18.0.6:46440) with ID 1,  ResourceProfileId 0
[2024-08-21T00:32:16.107+0000] {subprocess.py:93} INFO - 24/08/21 00:32:16 INFO BlockManagerMasterEndpoint: Registering block manager 172.18.0.7:40579 with 1458.4 MiB RAM, BlockManagerId(0, 172.18.0.7, 40579, None)
[2024-08-21T00:32:16.108+0000] {subprocess.py:93} INFO - 24/08/21 00:32:16 INFO BlockManagerMasterEndpoint: Registering block manager 172.18.0.6:39397 with 1458.4 MiB RAM, BlockManagerId(1, 172.18.0.6, 39397, None)
[2024-08-21T00:32:16.521+0000] {subprocess.py:93} INFO - Traceback (most recent call last):
[2024-08-21T00:32:16.521+0000] {subprocess.py:93} INFO -   File "/opt/***/jobs/analyze_data.py", line 48, in <module>
[2024-08-21T00:32:16.521+0000] {subprocess.py:93} INFO -     save_analysis_result(top_gainers, "data/top_gainers.csv")
[2024-08-21T00:32:16.522+0000] {subprocess.py:93} INFO -   File "/opt/***/jobs/analyze_data.py", line 41, in save_analysis_result
[2024-08-21T00:32:16.522+0000] {subprocess.py:93} INFO -     df.coalesce(1).write.mode("overwrite").csv(file_path, header=True)
[2024-08-21T00:32:16.522+0000] {subprocess.py:93} INFO -   File "/home/***/.local/lib/python3.11/site-packages/pyspark/python/lib/pyspark.zip/pyspark/sql/readwriter.py", line 1864, in csv
[2024-08-21T00:32:16.522+0000] {subprocess.py:93} INFO -   File "/home/***/.local/lib/python3.11/site-packages/pyspark/python/lib/py4j-0.10.9.7-src.zip/py4j/java_gateway.py", line 1322, in __call__
[2024-08-21T00:32:16.522+0000] {subprocess.py:93} INFO -   File "/home/***/.local/lib/python3.11/site-packages/pyspark/python/lib/pyspark.zip/pyspark/errors/exceptions/captured.py", line 185, in deco
[2024-08-21T00:32:16.525+0000] {subprocess.py:93} INFO - pyspark.errors.exceptions.captured.AnalysisException: [UNSUPPORTED_DATA_TYPE_FOR_DATASOURCE] The CSV datasource doesn't support the column `_metadata` of the type "MAP<STRING, STRING>".
[2024-08-21T00:32:16.548+0000] {subprocess.py:93} INFO - 24/08/21 00:32:16 INFO SparkContext: Invoking stop() from shutdown hook
[2024-08-21T00:32:16.548+0000] {subprocess.py:93} INFO - 24/08/21 00:32:16 INFO SparkContext: SparkContext is stopping with exitCode 0.
[2024-08-21T00:32:16.552+0000] {subprocess.py:93} INFO - 24/08/21 00:32:16 INFO SparkUI: Stopped Spark web UI at http://27ef58cc88fc:4040
[2024-08-21T00:32:16.555+0000] {subprocess.py:93} INFO - 24/08/21 00:32:16 INFO StandaloneSchedulerBackend: Shutting down all executors
[2024-08-21T00:32:16.555+0000] {subprocess.py:93} INFO - 24/08/21 00:32:16 INFO StandaloneSchedulerBackend$StandaloneDriverEndpoint: Asking each executor to shut down
[2024-08-21T00:32:16.567+0000] {subprocess.py:93} INFO - 24/08/21 00:32:16 INFO MapOutputTrackerMasterEndpoint: MapOutputTrackerMasterEndpoint stopped!
[2024-08-21T00:32:16.578+0000] {subprocess.py:93} INFO - 24/08/21 00:32:16 INFO MemoryStore: MemoryStore cleared
[2024-08-21T00:32:16.578+0000] {subprocess.py:93} INFO - 24/08/21 00:32:16 INFO BlockManager: BlockManager stopped
[2024-08-21T00:32:16.581+0000] {subprocess.py:93} INFO - 24/08/21 00:32:16 INFO BlockManagerMaster: BlockManagerMaster stopped
[2024-08-21T00:32:16.582+0000] {subprocess.py:93} INFO - 24/08/21 00:32:16 INFO OutputCommitCoordinator$OutputCommitCoordinatorEndpoint: OutputCommitCoordinator stopped!
[2024-08-21T00:32:16.588+0000] {subprocess.py:93} INFO - 24/08/21 00:32:16 INFO SparkContext: Successfully stopped SparkContext
[2024-08-21T00:32:16.589+0000] {subprocess.py:93} INFO - 24/08/21 00:32:16 INFO ShutdownHookManager: Shutdown hook called
[2024-08-21T00:32:16.589+0000] {subprocess.py:93} INFO - 24/08/21 00:32:16 INFO ShutdownHookManager: Deleting directory /tmp/spark-69f304e2-d425-467b-84ab-a2fb5e20fe53
[2024-08-21T00:32:16.592+0000] {subprocess.py:93} INFO - 24/08/21 00:32:16 INFO ShutdownHookManager: Deleting directory /tmp/spark-6552cb18-5680-41e6-b542-722d41bbe792
[2024-08-21T00:32:16.596+0000] {subprocess.py:93} INFO - 24/08/21 00:32:16 INFO ShutdownHookManager: Deleting directory /tmp/spark-6552cb18-5680-41e6-b542-722d41bbe792/pyspark-6f416993-7ca2-4d30-928f-a9fbf30b1dae
[2024-08-21T00:32:16.618+0000] {subprocess.py:97} INFO - Command exited with return code 1
[2024-08-21T00:32:16.630+0000] {taskinstance.py:1935} ERROR - Task failed with exception
Traceback (most recent call last):
  File "/home/airflow/.local/lib/python3.11/site-packages/airflow/operators/bash.py", line 210, in execute
    raise AirflowException(
airflow.exceptions.AirflowException: Bash command failed. The command returned a non-zero exit code 1.
[2024-08-21T00:32:16.632+0000] {taskinstance.py:1398} INFO - Marking task as FAILED. dag_id=data_pipeline_api, task_id=analyze_data, execution_date=20240820T003000, start_date=20240821T003212, end_date=20240821T003216
[2024-08-21T00:32:16.648+0000] {standard_task_runner.py:104} ERROR - Failed to execute job 77 for task analyze_data (Bash command failed. The command returned a non-zero exit code 1.; 82869)
[2024-08-21T00:32:16.658+0000] {local_task_job_runner.py:228} INFO - Task exited with return code 1
[2024-08-21T00:32:16.688+0000] {taskinstance.py:2776} INFO - 0 downstream tasks scheduled from follow-on schedule check
