[2024-08-14T00:54:32.830+0000] {taskinstance.py:1157} INFO - Dependencies all met for dep_context=non-requeueable deps ti=<TaskInstance: data_pipeline_api.fetch_data scheduled__2024-08-13T00:30:00+00:00 [queued]>
[2024-08-14T00:54:32.839+0000] {taskinstance.py:1157} INFO - Dependencies all met for dep_context=requeueable deps ti=<TaskInstance: data_pipeline_api.fetch_data scheduled__2024-08-13T00:30:00+00:00 [queued]>
[2024-08-14T00:54:32.840+0000] {taskinstance.py:1359} INFO - Starting attempt 2 of 2
[2024-08-14T00:54:32.859+0000] {taskinstance.py:1380} INFO - Executing <Task(BashOperator): fetch_data> on 2024-08-13 00:30:00+00:00
[2024-08-14T00:54:32.863+0000] {standard_task_runner.py:57} INFO - Started process 39705 to run task
[2024-08-14T00:54:32.869+0000] {standard_task_runner.py:84} INFO - Running: ['***', 'tasks', 'run', 'data_pipeline_api', 'fetch_data', 'scheduled__2024-08-13T00:30:00+00:00', '--job-id', '46', '--raw', '--subdir', 'DAGS_FOLDER/spark-jobs.py', '--cfg-path', '/tmp/tmpbzlkgl3n']
[2024-08-14T00:54:32.884+0000] {standard_task_runner.py:85} INFO - Job 46: Subtask fetch_data
[2024-08-14T00:54:32.985+0000] {task_command.py:415} INFO - Running <TaskInstance: data_pipeline_api.fetch_data scheduled__2024-08-13T00:30:00+00:00 [running]> on host 27ef58cc88fc
[2024-08-14T00:54:33.107+0000] {taskinstance.py:1660} INFO - Exporting env vars: AIRFLOW_CTX_DAG_OWNER='***' AIRFLOW_CTX_DAG_ID='data_pipeline_api' AIRFLOW_CTX_TASK_ID='fetch_data' AIRFLOW_CTX_EXECUTION_DATE='2024-08-13T00:30:00+00:00' AIRFLOW_CTX_TRY_NUMBER='2' AIRFLOW_CTX_DAG_RUN_ID='scheduled__2024-08-13T00:30:00+00:00'
[2024-08-14T00:54:33.108+0000] {subprocess.py:63} INFO - Tmp dir root location: /tmp
[2024-08-14T00:54:33.110+0000] {subprocess.py:75} INFO - Running command: ['/bin/bash', '-c', 'bash /opt/***/jobs/spark-submit.sh /opt/***/jobs/fetch_data.py ']
[2024-08-14T00:54:33.121+0000] {subprocess.py:86} INFO - Output:
[2024-08-14T00:54:33.124+0000] {subprocess.py:93} INFO - /opt/***/jobs/fetch_data.py
[2024-08-14T00:54:33.242+0000] {subprocess.py:93} INFO - /home/***/.local/lib/python3.11/site-packages/pyspark/bin/load-spark-env.sh: line 68: ps: command not found
[2024-08-14T00:54:35.663+0000] {subprocess.py:93} INFO - 24/08/14 00:54:35 WARN NativeCodeLoader: Unable to load native-hadoop library for your platform... using builtin-java classes where applicable
[2024-08-14T00:54:37.179+0000] {subprocess.py:93} INFO - 24/08/14 00:54:37 INFO ShutdownHookManager: Shutdown hook called
[2024-08-14T00:54:37.184+0000] {subprocess.py:93} INFO - 24/08/14 00:54:37 INFO ShutdownHookManager: Deleting directory /tmp/spark-fd5be3f5-75e2-47b0-9140-fc455ac54aa0
[2024-08-14T00:54:37.230+0000] {subprocess.py:97} INFO - Command exited with return code 0
[2024-08-14T00:54:37.283+0000] {taskinstance.py:1398} INFO - Marking task as SUCCESS. dag_id=data_pipeline_api, task_id=fetch_data, execution_date=20240813T003000, start_date=20240814T005432, end_date=20240814T005437
[2024-08-14T00:54:37.317+0000] {local_task_job_runner.py:228} INFO - Task exited with return code 0
[2024-08-14T00:54:37.362+0000] {taskinstance.py:2776} INFO - 0 downstream tasks scheduled from follow-on schedule check
