[2024-09-12T00:42:03.196+0000] {taskinstance.py:1157} INFO - Dependencies all met for dep_context=non-requeueable deps ti=<TaskInstance: data_pipeline_api.analyze_data scheduled__2024-09-11T00:30:00+00:00 [queued]>
[2024-09-12T00:42:03.207+0000] {taskinstance.py:1157} INFO - Dependencies all met for dep_context=requeueable deps ti=<TaskInstance: data_pipeline_api.analyze_data scheduled__2024-09-11T00:30:00+00:00 [queued]>
[2024-09-12T00:42:03.209+0000] {taskinstance.py:1359} INFO - Starting attempt 1 of 2
[2024-09-12T00:42:03.225+0000] {taskinstance.py:1380} INFO - Executing <Task(BashOperator): analyze_data> on 2024-09-11 00:30:00+00:00
[2024-09-12T00:42:03.252+0000] {standard_task_runner.py:57} INFO - Started process 58829 to run task
[2024-09-12T00:42:03.284+0000] {standard_task_runner.py:84} INFO - Running: ['***', 'tasks', 'run', 'data_pipeline_api', 'analyze_data', 'scheduled__2024-09-11T00:30:00+00:00', '--job-id', '101', '--raw', '--subdir', 'DAGS_FOLDER/spark-jobs.py', '--cfg-path', '/tmp/tmp5gekjq4z']
[2024-09-12T00:42:03.304+0000] {standard_task_runner.py:85} INFO - Job 101: Subtask analyze_data
[2024-09-12T00:42:03.474+0000] {task_command.py:415} INFO - Running <TaskInstance: data_pipeline_api.analyze_data scheduled__2024-09-11T00:30:00+00:00 [running]> on host 27ef58cc88fc
[2024-09-12T00:42:03.612+0000] {taskinstance.py:1660} INFO - Exporting env vars: AIRFLOW_CTX_DAG_OWNER='***' AIRFLOW_CTX_DAG_ID='data_pipeline_api' AIRFLOW_CTX_TASK_ID='analyze_data' AIRFLOW_CTX_EXECUTION_DATE='2024-09-11T00:30:00+00:00' AIRFLOW_CTX_TRY_NUMBER='1' AIRFLOW_CTX_DAG_RUN_ID='scheduled__2024-09-11T00:30:00+00:00'
[2024-09-12T00:42:03.613+0000] {subprocess.py:63} INFO - Tmp dir root location: /tmp
[2024-09-12T00:42:03.614+0000] {subprocess.py:75} INFO - Running command: ['/bin/bash', '-c', 'bash /opt/***/jobs/spark-submit.sh /opt/***/jobs/analyze_data.py ']
[2024-09-12T00:42:03.621+0000] {subprocess.py:86} INFO - Output:
[2024-09-12T00:42:03.625+0000] {subprocess.py:93} INFO - /opt/***/jobs/analyze_data.py
[2024-09-12T00:42:03.700+0000] {subprocess.py:93} INFO - /home/***/.local/lib/python3.11/site-packages/pyspark/bin/load-spark-env.sh: line 68: ps: command not found
[2024-09-12T00:42:05.476+0000] {subprocess.py:93} INFO - 24/09/12 00:42:05 WARN NativeCodeLoader: Unable to load native-hadoop library for your platform... using builtin-java classes where applicable
[2024-09-12T00:42:06.238+0000] {subprocess.py:93} INFO - 24/09/12 00:42:06 INFO SparkContext: Running Spark version 3.5.1
[2024-09-12T00:42:06.238+0000] {subprocess.py:93} INFO - 24/09/12 00:42:06 INFO SparkContext: OS info Linux, 6.6.32-linuxkit, aarch64
[2024-09-12T00:42:06.239+0000] {subprocess.py:93} INFO - 24/09/12 00:42:06 INFO SparkContext: Java version 11.0.23
[2024-09-12T00:42:06.260+0000] {subprocess.py:93} INFO - 24/09/12 00:42:06 INFO ResourceUtils: ==============================================================
[2024-09-12T00:42:06.261+0000] {subprocess.py:93} INFO - 24/09/12 00:42:06 INFO ResourceUtils: No custom resources configured for spark.driver.
[2024-09-12T00:42:06.261+0000] {subprocess.py:93} INFO - 24/09/12 00:42:06 INFO ResourceUtils: ==============================================================
[2024-09-12T00:42:06.261+0000] {subprocess.py:93} INFO - 24/09/12 00:42:06 INFO SparkContext: Submitted application: FinanceDataAnalysis
[2024-09-12T00:42:06.296+0000] {subprocess.py:93} INFO - 24/09/12 00:42:06 INFO ResourceProfile: Default ResourceProfile created, executor resources: Map(cores -> name: cores, amount: 1, script: , vendor: , memory -> name: memory, amount: 1024, script: , vendor: , offHeap -> name: offHeap, amount: 1024, script: , vendor: ), task resources: Map(cpus -> name: cpus, amount: 1.0)
[2024-09-12T00:42:06.303+0000] {subprocess.py:93} INFO - 24/09/12 00:42:06 INFO ResourceProfile: Limiting resource is cpus at 1 tasks per executor
[2024-09-12T00:42:06.303+0000] {subprocess.py:93} INFO - 24/09/12 00:42:06 INFO ResourceProfileManager: Added ResourceProfile id: 0
[2024-09-12T00:42:06.350+0000] {subprocess.py:93} INFO - 24/09/12 00:42:06 INFO SecurityManager: Changing view acls to: ***
[2024-09-12T00:42:06.350+0000] {subprocess.py:93} INFO - 24/09/12 00:42:06 INFO SecurityManager: Changing modify acls to: ***
[2024-09-12T00:42:06.350+0000] {subprocess.py:93} INFO - 24/09/12 00:42:06 INFO SecurityManager: Changing view acls groups to:
[2024-09-12T00:42:06.350+0000] {subprocess.py:93} INFO - 24/09/12 00:42:06 INFO SecurityManager: Changing modify acls groups to:
[2024-09-12T00:42:06.351+0000] {subprocess.py:93} INFO - 24/09/12 00:42:06 INFO SecurityManager: SecurityManager: authentication disabled; ui acls disabled; users with view permissions: ***; groups with view permissions: EMPTY; users with modify permissions: ***; groups with modify permissions: EMPTY
[2024-09-12T00:42:06.519+0000] {subprocess.py:93} INFO - 24/09/12 00:42:06 INFO Utils: Successfully started service 'sparkDriver' on port 35523.
[2024-09-12T00:42:06.539+0000] {subprocess.py:93} INFO - 24/09/12 00:42:06 INFO SparkEnv: Registering MapOutputTracker
[2024-09-12T00:42:06.563+0000] {subprocess.py:93} INFO - 24/09/12 00:42:06 INFO SparkEnv: Registering BlockManagerMaster
[2024-09-12T00:42:06.577+0000] {subprocess.py:93} INFO - 24/09/12 00:42:06 INFO BlockManagerMasterEndpoint: Using org.apache.spark.storage.DefaultTopologyMapper for getting topology information
[2024-09-12T00:42:06.577+0000] {subprocess.py:93} INFO - 24/09/12 00:42:06 INFO BlockManagerMasterEndpoint: BlockManagerMasterEndpoint up
[2024-09-12T00:42:06.579+0000] {subprocess.py:93} INFO - 24/09/12 00:42:06 INFO SparkEnv: Registering BlockManagerMasterHeartbeat
[2024-09-12T00:42:06.594+0000] {subprocess.py:93} INFO - 24/09/12 00:42:06 INFO DiskBlockManager: Created local directory at /tmp/blockmgr-a33749d3-1a87-44bd-a179-d3f9ac34d903
[2024-09-12T00:42:06.603+0000] {subprocess.py:93} INFO - 24/09/12 00:42:06 INFO MemoryStore: MemoryStore started with capacity 1458.4 MiB
[2024-09-12T00:42:06.612+0000] {subprocess.py:93} INFO - 24/09/12 00:42:06 INFO SparkEnv: Registering OutputCommitCoordinator
[2024-09-12T00:42:06.701+0000] {subprocess.py:93} INFO - 24/09/12 00:42:06 INFO JettyUtils: Start Jetty 0.0.0.0:4040 for SparkUI
[2024-09-12T00:42:06.740+0000] {subprocess.py:93} INFO - 24/09/12 00:42:06 INFO Utils: Successfully started service 'SparkUI' on port 4040.
[2024-09-12T00:42:06.766+0000] {subprocess.py:93} INFO - 24/09/12 00:42:06 INFO SparkContext: Added JAR file:///opt/bitnami/spark/resources/elasticsearch-spark-30_2.12-8.4.3.jar at spark://27ef58cc88fc:35523/jars/elasticsearch-spark-30_2.12-8.4.3.jar with timestamp 1726101726233
[2024-09-12T00:42:06.828+0000] {subprocess.py:93} INFO - 24/09/12 00:42:06 INFO StandaloneAppClient$ClientEndpoint: Connecting to master spark://spark-master:7077...
[2024-09-12T00:42:06.865+0000] {subprocess.py:93} INFO - 24/09/12 00:42:06 INFO TransportClientFactory: Successfully created connection to spark-master/172.18.0.4:7077 after 21 ms (0 ms spent in bootstraps)
[2024-09-12T00:42:07.123+0000] {subprocess.py:93} INFO - 24/09/12 00:42:07 INFO StandaloneSchedulerBackend: Connected to Spark cluster with app ID app-20240912004207-0013
[2024-09-12T00:42:07.135+0000] {subprocess.py:93} INFO - 24/09/12 00:42:07 INFO Utils: Successfully started service 'org.apache.spark.network.netty.NettyBlockTransferService' on port 45941.
[2024-09-12T00:42:07.136+0000] {subprocess.py:93} INFO - 24/09/12 00:42:07 INFO NettyBlockTransferService: Server created on 27ef58cc88fc:45941
[2024-09-12T00:42:07.138+0000] {subprocess.py:93} INFO - 24/09/12 00:42:07 INFO BlockManager: Using org.apache.spark.storage.RandomBlockReplicationPolicy for block replication policy
[2024-09-12T00:42:07.143+0000] {subprocess.py:93} INFO - 24/09/12 00:42:07 INFO BlockManagerMaster: Registering BlockManager BlockManagerId(driver, 27ef58cc88fc, 45941, None)
[2024-09-12T00:42:07.146+0000] {subprocess.py:93} INFO - 24/09/12 00:42:07 INFO BlockManagerMasterEndpoint: Registering block manager 27ef58cc88fc:45941 with 1458.4 MiB RAM, BlockManagerId(driver, 27ef58cc88fc, 45941, None)
[2024-09-12T00:42:07.148+0000] {subprocess.py:93} INFO - 24/09/12 00:42:07 INFO BlockManagerMaster: Registered BlockManager BlockManagerId(driver, 27ef58cc88fc, 45941, None)
[2024-09-12T00:42:07.149+0000] {subprocess.py:93} INFO - 24/09/12 00:42:07 INFO BlockManager: Initialized BlockManager: BlockManagerId(driver, 27ef58cc88fc, 45941, None)
[2024-09-12T00:42:07.297+0000] {subprocess.py:93} INFO - 24/09/12 00:42:07 INFO StandaloneSchedulerBackend: SchedulerBackend is ready for scheduling beginning after reached minRegisteredResourcesRatio: 0.0
[2024-09-12T00:42:07.448+0000] {subprocess.py:93} INFO - 24/09/12 00:42:07 INFO SharedState: Setting hive.metastore.warehouse.dir ('null') to the value of spark.sql.warehouse.dir.
[2024-09-12T00:42:07.452+0000] {subprocess.py:93} INFO - 24/09/12 00:42:07 INFO SharedState: Warehouse path is 'file:/tmp/***tmpapsovujo/spark-warehouse'.
[2024-09-12T00:42:08.149+0000] {subprocess.py:93} INFO - 24/09/12 00:42:08 INFO Version: Elasticsearch Hadoop v8.4.3 [a7873eb469]
[2024-09-12T00:42:10.264+0000] {subprocess.py:93} INFO - Traceback (most recent call last):
[2024-09-12T00:42:10.265+0000] {subprocess.py:93} INFO -   File "/opt/***/jobs/analyze_data.py", line 48, in <module>
[2024-09-12T00:42:10.265+0000] {subprocess.py:93} INFO -     save_analysis_result(top_gainers, "data/top_gainers.csv")
[2024-09-12T00:42:10.265+0000] {subprocess.py:93} INFO -   File "/opt/***/jobs/analyze_data.py", line 41, in save_analysis_result
[2024-09-12T00:42:10.266+0000] {subprocess.py:93} INFO -     df.coalesce(1).write.mode("overwrite").csv(file_path, header=True)
[2024-09-12T00:42:10.266+0000] {subprocess.py:93} INFO -   File "/home/***/.local/lib/python3.11/site-packages/pyspark/python/lib/pyspark.zip/pyspark/sql/readwriter.py", line 1864, in csv
[2024-09-12T00:42:10.266+0000] {subprocess.py:93} INFO -   File "/home/***/.local/lib/python3.11/site-packages/pyspark/python/lib/py4j-0.10.9.7-src.zip/py4j/java_gateway.py", line 1322, in __call__
[2024-09-12T00:42:10.266+0000] {subprocess.py:93} INFO -   File "/home/***/.local/lib/python3.11/site-packages/pyspark/python/lib/pyspark.zip/pyspark/errors/exceptions/captured.py", line 185, in deco
[2024-09-12T00:42:10.270+0000] {subprocess.py:93} INFO - pyspark.errors.exceptions.captured.AnalysisException: [UNSUPPORTED_DATA_TYPE_FOR_DATASOURCE] The CSV datasource doesn't support the column `_metadata` of the type "MAP<STRING, STRING>".
[2024-09-12T00:42:10.323+0000] {subprocess.py:93} INFO - 24/09/12 00:42:10 INFO SparkContext: Invoking stop() from shutdown hook
[2024-09-12T00:42:10.324+0000] {subprocess.py:93} INFO - 24/09/12 00:42:10 INFO SparkContext: SparkContext is stopping with exitCode 0.
[2024-09-12T00:42:10.330+0000] {subprocess.py:93} INFO - 24/09/12 00:42:10 INFO SparkUI: Stopped Spark web UI at http://27ef58cc88fc:4040
[2024-09-12T00:42:10.332+0000] {subprocess.py:93} INFO - 24/09/12 00:42:10 INFO StandaloneSchedulerBackend: Shutting down all executors
[2024-09-12T00:42:10.334+0000] {subprocess.py:93} INFO - 24/09/12 00:42:10 INFO StandaloneSchedulerBackend$StandaloneDriverEndpoint: Asking each executor to shut down
[2024-09-12T00:42:10.346+0000] {subprocess.py:93} INFO - 24/09/12 00:42:10 INFO MapOutputTrackerMasterEndpoint: MapOutputTrackerMasterEndpoint stopped!
[2024-09-12T00:42:10.359+0000] {subprocess.py:93} INFO - 24/09/12 00:42:10 INFO MemoryStore: MemoryStore cleared
[2024-09-12T00:42:10.359+0000] {subprocess.py:93} INFO - 24/09/12 00:42:10 INFO BlockManager: BlockManager stopped
[2024-09-12T00:42:10.363+0000] {subprocess.py:93} INFO - 24/09/12 00:42:10 INFO BlockManagerMaster: BlockManagerMaster stopped
[2024-09-12T00:42:10.364+0000] {subprocess.py:93} INFO - 24/09/12 00:42:10 INFO OutputCommitCoordinator$OutputCommitCoordinatorEndpoint: OutputCommitCoordinator stopped!
[2024-09-12T00:42:10.369+0000] {subprocess.py:93} INFO - 24/09/12 00:42:10 INFO SparkContext: Successfully stopped SparkContext
[2024-09-12T00:42:10.370+0000] {subprocess.py:93} INFO - 24/09/12 00:42:10 INFO ShutdownHookManager: Shutdown hook called
[2024-09-12T00:42:10.370+0000] {subprocess.py:93} INFO - 24/09/12 00:42:10 INFO ShutdownHookManager: Deleting directory /tmp/spark-14dac9ba-d036-47ea-b666-b68b32c83b72
[2024-09-12T00:42:10.374+0000] {subprocess.py:93} INFO - 24/09/12 00:42:10 INFO ShutdownHookManager: Deleting directory /tmp/spark-14dac9ba-d036-47ea-b666-b68b32c83b72/pyspark-dd4e2a2c-22ba-4502-bbad-e990fde09f92
[2024-09-12T00:42:10.379+0000] {subprocess.py:93} INFO - 24/09/12 00:42:10 INFO ShutdownHookManager: Deleting directory /tmp/spark-94c6c24f-7050-4204-9b50-9e48bb2b371d
[2024-09-12T00:42:10.411+0000] {subprocess.py:97} INFO - Command exited with return code 1
[2024-09-12T00:42:10.427+0000] {taskinstance.py:1935} ERROR - Task failed with exception
Traceback (most recent call last):
  File "/home/airflow/.local/lib/python3.11/site-packages/airflow/operators/bash.py", line 210, in execute
    raise AirflowException(
airflow.exceptions.AirflowException: Bash command failed. The command returned a non-zero exit code 1.
[2024-09-12T00:42:10.430+0000] {taskinstance.py:1398} INFO - Marking task as UP_FOR_RETRY. dag_id=data_pipeline_api, task_id=analyze_data, execution_date=20240911T003000, start_date=20240912T004203, end_date=20240912T004210
[2024-09-12T00:42:10.443+0000] {standard_task_runner.py:104} ERROR - Failed to execute job 101 for task analyze_data (Bash command failed. The command returned a non-zero exit code 1.; 58829)
[2024-09-12T00:42:10.454+0000] {local_task_job_runner.py:228} INFO - Task exited with return code 1
[2024-09-12T00:42:10.470+0000] {taskinstance.py:2776} INFO - 0 downstream tasks scheduled from follow-on schedule check
