[2024-08-22T00:35:26.023+0000] {taskinstance.py:1157} INFO - Dependencies all met for dep_context=non-requeueable deps ti=<TaskInstance: data_pipeline_api.analyze_data scheduled__2024-08-21T00:30:00+00:00 [queued]>
[2024-08-22T00:35:26.027+0000] {taskinstance.py:1157} INFO - Dependencies all met for dep_context=requeueable deps ti=<TaskInstance: data_pipeline_api.analyze_data scheduled__2024-08-21T00:30:00+00:00 [queued]>
[2024-08-22T00:35:26.028+0000] {taskinstance.py:1359} INFO - Starting attempt 1 of 2
[2024-08-22T00:35:26.033+0000] {taskinstance.py:1380} INFO - Executing <Task(BashOperator): analyze_data> on 2024-08-21 00:30:00+00:00
[2024-08-22T00:35:26.041+0000] {standard_task_runner.py:57} INFO - Started process 91870 to run task
[2024-08-22T00:35:26.043+0000] {standard_task_runner.py:84} INFO - Running: ['***', 'tasks', 'run', 'data_pipeline_api', 'analyze_data', 'scheduled__2024-08-21T00:30:00+00:00', '--job-id', '80', '--raw', '--subdir', 'DAGS_FOLDER/spark-jobs.py', '--cfg-path', '/tmp/tmpkq9g6k1u']
[2024-08-22T00:35:26.045+0000] {standard_task_runner.py:85} INFO - Job 80: Subtask analyze_data
[2024-08-22T00:35:26.067+0000] {task_command.py:415} INFO - Running <TaskInstance: data_pipeline_api.analyze_data scheduled__2024-08-21T00:30:00+00:00 [running]> on host 27ef58cc88fc
[2024-08-22T00:35:26.106+0000] {taskinstance.py:1660} INFO - Exporting env vars: AIRFLOW_CTX_DAG_OWNER='***' AIRFLOW_CTX_DAG_ID='data_pipeline_api' AIRFLOW_CTX_TASK_ID='analyze_data' AIRFLOW_CTX_EXECUTION_DATE='2024-08-21T00:30:00+00:00' AIRFLOW_CTX_TRY_NUMBER='1' AIRFLOW_CTX_DAG_RUN_ID='scheduled__2024-08-21T00:30:00+00:00'
[2024-08-22T00:35:26.107+0000] {subprocess.py:63} INFO - Tmp dir root location: /tmp
[2024-08-22T00:35:26.108+0000] {subprocess.py:75} INFO - Running command: ['/bin/bash', '-c', 'bash /opt/***/jobs/spark-submit.sh /opt/***/jobs/analyze_data.py ']
[2024-08-22T00:35:26.112+0000] {subprocess.py:86} INFO - Output:
[2024-08-22T00:35:26.132+0000] {subprocess.py:93} INFO - /opt/***/jobs/analyze_data.py
[2024-08-22T00:35:26.229+0000] {subprocess.py:93} INFO - /home/***/.local/lib/python3.11/site-packages/pyspark/bin/load-spark-env.sh: line 68: ps: command not found
[2024-08-22T00:35:27.706+0000] {subprocess.py:93} INFO - 24/08/22 00:35:27 WARN NativeCodeLoader: Unable to load native-hadoop library for your platform... using builtin-java classes where applicable
[2024-08-22T00:35:28.413+0000] {subprocess.py:93} INFO - 24/08/22 00:35:28 INFO SparkContext: Running Spark version 3.5.1
[2024-08-22T00:35:28.413+0000] {subprocess.py:93} INFO - 24/08/22 00:35:28 INFO SparkContext: OS info Linux, 6.6.32-linuxkit, aarch64
[2024-08-22T00:35:28.414+0000] {subprocess.py:93} INFO - 24/08/22 00:35:28 INFO SparkContext: Java version 11.0.23
[2024-08-22T00:35:28.442+0000] {subprocess.py:93} INFO - 24/08/22 00:35:28 INFO ResourceUtils: ==============================================================
[2024-08-22T00:35:28.442+0000] {subprocess.py:93} INFO - 24/08/22 00:35:28 INFO ResourceUtils: No custom resources configured for spark.driver.
[2024-08-22T00:35:28.442+0000] {subprocess.py:93} INFO - 24/08/22 00:35:28 INFO ResourceUtils: ==============================================================
[2024-08-22T00:35:28.446+0000] {subprocess.py:93} INFO - 24/08/22 00:35:28 INFO SparkContext: Submitted application: FinanceDataAnalysis
[2024-08-22T00:35:28.464+0000] {subprocess.py:93} INFO - 24/08/22 00:35:28 INFO ResourceProfile: Default ResourceProfile created, executor resources: Map(cores -> name: cores, amount: 1, script: , vendor: , memory -> name: memory, amount: 1024, script: , vendor: , offHeap -> name: offHeap, amount: 1024, script: , vendor: ), task resources: Map(cpus -> name: cpus, amount: 1.0)
[2024-08-22T00:35:28.484+0000] {subprocess.py:93} INFO - 24/08/22 00:35:28 INFO ResourceProfile: Limiting resource is cpus at 1 tasks per executor
[2024-08-22T00:35:28.485+0000] {subprocess.py:93} INFO - 24/08/22 00:35:28 INFO ResourceProfileManager: Added ResourceProfile id: 0
[2024-08-22T00:35:28.537+0000] {subprocess.py:93} INFO - 24/08/22 00:35:28 INFO SecurityManager: Changing view acls to: ***
[2024-08-22T00:35:28.537+0000] {subprocess.py:93} INFO - 24/08/22 00:35:28 INFO SecurityManager: Changing modify acls to: ***
[2024-08-22T00:35:28.538+0000] {subprocess.py:93} INFO - 24/08/22 00:35:28 INFO SecurityManager: Changing view acls groups to:
[2024-08-22T00:35:28.539+0000] {subprocess.py:93} INFO - 24/08/22 00:35:28 INFO SecurityManager: Changing modify acls groups to:
[2024-08-22T00:35:28.539+0000] {subprocess.py:93} INFO - 24/08/22 00:35:28 INFO SecurityManager: SecurityManager: authentication disabled; ui acls disabled; users with view permissions: ***; groups with view permissions: EMPTY; users with modify permissions: ***; groups with modify permissions: EMPTY
[2024-08-22T00:35:28.703+0000] {subprocess.py:93} INFO - 24/08/22 00:35:28 INFO Utils: Successfully started service 'sparkDriver' on port 40519.
[2024-08-22T00:35:28.742+0000] {subprocess.py:93} INFO - 24/08/22 00:35:28 INFO SparkEnv: Registering MapOutputTracker
[2024-08-22T00:35:28.772+0000] {subprocess.py:93} INFO - 24/08/22 00:35:28 INFO SparkEnv: Registering BlockManagerMaster
[2024-08-22T00:35:28.788+0000] {subprocess.py:93} INFO - 24/08/22 00:35:28 INFO BlockManagerMasterEndpoint: Using org.apache.spark.storage.DefaultTopologyMapper for getting topology information
[2024-08-22T00:35:28.789+0000] {subprocess.py:93} INFO - 24/08/22 00:35:28 INFO BlockManagerMasterEndpoint: BlockManagerMasterEndpoint up
[2024-08-22T00:35:28.793+0000] {subprocess.py:93} INFO - 24/08/22 00:35:28 INFO SparkEnv: Registering BlockManagerMasterHeartbeat
[2024-08-22T00:35:28.817+0000] {subprocess.py:93} INFO - 24/08/22 00:35:28 INFO DiskBlockManager: Created local directory at /tmp/blockmgr-9d84a09e-5776-44de-bc2a-03db297b1a1d
[2024-08-22T00:35:28.826+0000] {subprocess.py:93} INFO - 24/08/22 00:35:28 INFO MemoryStore: MemoryStore started with capacity 1458.4 MiB
[2024-08-22T00:35:28.836+0000] {subprocess.py:93} INFO - 24/08/22 00:35:28 INFO SparkEnv: Registering OutputCommitCoordinator
[2024-08-22T00:35:28.933+0000] {subprocess.py:93} INFO - 24/08/22 00:35:28 INFO JettyUtils: Start Jetty 0.0.0.0:4040 for SparkUI
[2024-08-22T00:35:28.971+0000] {subprocess.py:93} INFO - 24/08/22 00:35:28 INFO Utils: Successfully started service 'SparkUI' on port 4040.
[2024-08-22T00:35:28.992+0000] {subprocess.py:93} INFO - 24/08/22 00:35:28 INFO SparkContext: Added JAR file:///opt/bitnami/spark/resources/elasticsearch-spark-30_2.12-8.4.3.jar at spark://27ef58cc88fc:40519/jars/elasticsearch-spark-30_2.12-8.4.3.jar with timestamp 1724286928407
[2024-08-22T00:35:29.096+0000] {subprocess.py:93} INFO - 24/08/22 00:35:29 INFO StandaloneAppClient$ClientEndpoint: Connecting to master spark://spark-master:7077...
[2024-08-22T00:35:29.153+0000] {subprocess.py:93} INFO - 24/08/22 00:35:29 INFO TransportClientFactory: Successfully created connection to spark-master/172.18.0.4:7077 after 27 ms (0 ms spent in bootstraps)
[2024-08-22T00:35:29.359+0000] {subprocess.py:93} INFO - 24/08/22 00:35:29 INFO StandaloneSchedulerBackend: Connected to Spark cluster with app ID app-20240822003529-0056
[2024-08-22T00:35:29.370+0000] {subprocess.py:93} INFO - 24/08/22 00:35:29 INFO Utils: Successfully started service 'org.apache.spark.network.netty.NettyBlockTransferService' on port 43641.
[2024-08-22T00:35:29.371+0000] {subprocess.py:93} INFO - 24/08/22 00:35:29 INFO NettyBlockTransferService: Server created on 27ef58cc88fc:43641
[2024-08-22T00:35:29.372+0000] {subprocess.py:93} INFO - 24/08/22 00:35:29 INFO BlockManager: Using org.apache.spark.storage.RandomBlockReplicationPolicy for block replication policy
[2024-08-22T00:35:29.375+0000] {subprocess.py:93} INFO - 24/08/22 00:35:29 INFO BlockManagerMaster: Registering BlockManager BlockManagerId(driver, 27ef58cc88fc, 43641, None)
[2024-08-22T00:35:29.378+0000] {subprocess.py:93} INFO - 24/08/22 00:35:29 INFO BlockManagerMasterEndpoint: Registering block manager 27ef58cc88fc:43641 with 1458.4 MiB RAM, BlockManagerId(driver, 27ef58cc88fc, 43641, None)
[2024-08-22T00:35:29.380+0000] {subprocess.py:93} INFO - 24/08/22 00:35:29 INFO BlockManagerMaster: Registered BlockManager BlockManagerId(driver, 27ef58cc88fc, 43641, None)
[2024-08-22T00:35:29.380+0000] {subprocess.py:93} INFO - 24/08/22 00:35:29 INFO BlockManager: Initialized BlockManager: BlockManagerId(driver, 27ef58cc88fc, 43641, None)
[2024-08-22T00:35:29.621+0000] {subprocess.py:93} INFO - 24/08/22 00:35:29 INFO StandaloneSchedulerBackend: SchedulerBackend is ready for scheduling beginning after reached minRegisteredResourcesRatio: 0.0
[2024-08-22T00:35:29.894+0000] {subprocess.py:93} INFO - 24/08/22 00:35:29 INFO SharedState: Setting hive.metastore.warehouse.dir ('null') to the value of spark.sql.warehouse.dir.
[2024-08-22T00:35:29.897+0000] {subprocess.py:93} INFO - 24/08/22 00:35:29 INFO SharedState: Warehouse path is 'file:/tmp/***tmpjw6om7ml/spark-warehouse'.
[2024-08-22T00:35:30.577+0000] {subprocess.py:93} INFO - 24/08/22 00:35:30 INFO Version: Elasticsearch Hadoop v8.4.3 [a7873eb469]
[2024-08-22T00:35:32.758+0000] {subprocess.py:93} INFO - Traceback (most recent call last):
[2024-08-22T00:35:32.760+0000] {subprocess.py:93} INFO -   File "/opt/***/jobs/analyze_data.py", line 48, in <module>
[2024-08-22T00:35:32.761+0000] {subprocess.py:93} INFO -     save_analysis_result(top_gainers, "data/top_gainers.csv")
[2024-08-22T00:35:32.761+0000] {subprocess.py:93} INFO -   File "/opt/***/jobs/analyze_data.py", line 41, in save_analysis_result
[2024-08-22T00:35:32.761+0000] {subprocess.py:93} INFO -     df.coalesce(1).write.mode("overwrite").csv(file_path, header=True)
[2024-08-22T00:35:32.762+0000] {subprocess.py:93} INFO -   File "/home/***/.local/lib/python3.11/site-packages/pyspark/python/lib/pyspark.zip/pyspark/sql/readwriter.py", line 1864, in csv
[2024-08-22T00:35:32.762+0000] {subprocess.py:93} INFO -   File "/home/***/.local/lib/python3.11/site-packages/pyspark/python/lib/py4j-0.10.9.7-src.zip/py4j/java_gateway.py", line 1322, in __call__
[2024-08-22T00:35:32.762+0000] {subprocess.py:93} INFO -   File "/home/***/.local/lib/python3.11/site-packages/pyspark/python/lib/pyspark.zip/pyspark/errors/exceptions/captured.py", line 185, in deco
[2024-08-22T00:35:32.768+0000] {subprocess.py:93} INFO - pyspark.errors.exceptions.captured.AnalysisException: [UNSUPPORTED_DATA_TYPE_FOR_DATASOURCE] The CSV datasource doesn't support the column `_metadata` of the type "MAP<STRING, STRING>".
[2024-08-22T00:35:32.808+0000] {subprocess.py:93} INFO - 24/08/22 00:35:32 INFO SparkContext: Invoking stop() from shutdown hook
[2024-08-22T00:35:32.809+0000] {subprocess.py:93} INFO - 24/08/22 00:35:32 INFO SparkContext: SparkContext is stopping with exitCode 0.
[2024-08-22T00:35:32.818+0000] {subprocess.py:93} INFO - 24/08/22 00:35:32 INFO SparkUI: Stopped Spark web UI at http://27ef58cc88fc:4040
[2024-08-22T00:35:32.821+0000] {subprocess.py:93} INFO - 24/08/22 00:35:32 INFO StandaloneSchedulerBackend: Shutting down all executors
[2024-08-22T00:35:32.823+0000] {subprocess.py:93} INFO - 24/08/22 00:35:32 INFO StandaloneSchedulerBackend$StandaloneDriverEndpoint: Asking each executor to shut down
[2024-08-22T00:35:32.835+0000] {subprocess.py:93} INFO - 24/08/22 00:35:32 INFO MapOutputTrackerMasterEndpoint: MapOutputTrackerMasterEndpoint stopped!
[2024-08-22T00:35:32.846+0000] {subprocess.py:93} INFO - 24/08/22 00:35:32 INFO MemoryStore: MemoryStore cleared
[2024-08-22T00:35:32.847+0000] {subprocess.py:93} INFO - 24/08/22 00:35:32 INFO BlockManager: BlockManager stopped
[2024-08-22T00:35:32.850+0000] {subprocess.py:93} INFO - 24/08/22 00:35:32 INFO BlockManagerMaster: BlockManagerMaster stopped
[2024-08-22T00:35:32.851+0000] {subprocess.py:93} INFO - 24/08/22 00:35:32 INFO OutputCommitCoordinator$OutputCommitCoordinatorEndpoint: OutputCommitCoordinator stopped!
[2024-08-22T00:35:32.860+0000] {subprocess.py:93} INFO - 24/08/22 00:35:32 INFO SparkContext: Successfully stopped SparkContext
[2024-08-22T00:35:32.860+0000] {subprocess.py:93} INFO - 24/08/22 00:35:32 INFO ShutdownHookManager: Shutdown hook called
[2024-08-22T00:35:32.860+0000] {subprocess.py:93} INFO - 24/08/22 00:35:32 INFO ShutdownHookManager: Deleting directory /tmp/spark-90d5f8d2-1246-4000-b6c5-4e7eea9876bc
[2024-08-22T00:35:32.863+0000] {subprocess.py:93} INFO - 24/08/22 00:35:32 INFO ShutdownHookManager: Deleting directory /tmp/spark-761a38fe-284f-4612-af43-43b511db28a7/pyspark-deb0b7ba-bb8f-4154-80c7-7cc7a2a9b558
[2024-08-22T00:35:32.866+0000] {subprocess.py:93} INFO - 24/08/22 00:35:32 INFO ShutdownHookManager: Deleting directory /tmp/spark-761a38fe-284f-4612-af43-43b511db28a7
[2024-08-22T00:35:32.905+0000] {subprocess.py:97} INFO - Command exited with return code 1
[2024-08-22T00:35:32.920+0000] {taskinstance.py:1935} ERROR - Task failed with exception
Traceback (most recent call last):
  File "/home/airflow/.local/lib/python3.11/site-packages/airflow/operators/bash.py", line 210, in execute
    raise AirflowException(
airflow.exceptions.AirflowException: Bash command failed. The command returned a non-zero exit code 1.
[2024-08-22T00:35:32.923+0000] {taskinstance.py:1398} INFO - Marking task as UP_FOR_RETRY. dag_id=data_pipeline_api, task_id=analyze_data, execution_date=20240821T003000, start_date=20240822T003526, end_date=20240822T003532
[2024-08-22T00:35:32.934+0000] {standard_task_runner.py:104} ERROR - Failed to execute job 80 for task analyze_data (Bash command failed. The command returned a non-zero exit code 1.; 91870)
[2024-08-22T00:35:32.969+0000] {local_task_job_runner.py:228} INFO - Task exited with return code 1
[2024-08-22T00:35:32.986+0000] {taskinstance.py:2776} INFO - 0 downstream tasks scheduled from follow-on schedule check
