[2024-08-22T00:37:34.317+0000] {taskinstance.py:1157} INFO - Dependencies all met for dep_context=non-requeueable deps ti=<TaskInstance: data_pipeline_api.analyze_data scheduled__2024-08-21T00:30:00+00:00 [queued]>
[2024-08-22T00:37:34.320+0000] {taskinstance.py:1157} INFO - Dependencies all met for dep_context=requeueable deps ti=<TaskInstance: data_pipeline_api.analyze_data scheduled__2024-08-21T00:30:00+00:00 [queued]>
[2024-08-22T00:37:34.320+0000] {taskinstance.py:1359} INFO - Starting attempt 2 of 2
[2024-08-22T00:37:34.325+0000] {taskinstance.py:1380} INFO - Executing <Task(BashOperator): analyze_data> on 2024-08-21 00:30:00+00:00
[2024-08-22T00:37:34.327+0000] {standard_task_runner.py:57} INFO - Started process 92453 to run task
[2024-08-22T00:37:34.329+0000] {standard_task_runner.py:84} INFO - Running: ['***', 'tasks', 'run', 'data_pipeline_api', 'analyze_data', 'scheduled__2024-08-21T00:30:00+00:00', '--job-id', '81', '--raw', '--subdir', 'DAGS_FOLDER/spark-jobs.py', '--cfg-path', '/tmp/tmp7n29a54g']
[2024-08-22T00:37:34.330+0000] {standard_task_runner.py:85} INFO - Job 81: Subtask analyze_data
[2024-08-22T00:37:34.354+0000] {task_command.py:415} INFO - Running <TaskInstance: data_pipeline_api.analyze_data scheduled__2024-08-21T00:30:00+00:00 [running]> on host 27ef58cc88fc
[2024-08-22T00:37:34.382+0000] {taskinstance.py:1660} INFO - Exporting env vars: AIRFLOW_CTX_DAG_OWNER='***' AIRFLOW_CTX_DAG_ID='data_pipeline_api' AIRFLOW_CTX_TASK_ID='analyze_data' AIRFLOW_CTX_EXECUTION_DATE='2024-08-21T00:30:00+00:00' AIRFLOW_CTX_TRY_NUMBER='2' AIRFLOW_CTX_DAG_RUN_ID='scheduled__2024-08-21T00:30:00+00:00'
[2024-08-22T00:37:34.383+0000] {subprocess.py:63} INFO - Tmp dir root location: /tmp
[2024-08-22T00:37:34.383+0000] {subprocess.py:75} INFO - Running command: ['/bin/bash', '-c', 'bash /opt/***/jobs/spark-submit.sh /opt/***/jobs/analyze_data.py ']
[2024-08-22T00:37:34.387+0000] {subprocess.py:86} INFO - Output:
[2024-08-22T00:37:34.391+0000] {subprocess.py:93} INFO - /opt/***/jobs/analyze_data.py
[2024-08-22T00:37:34.431+0000] {subprocess.py:93} INFO - /home/***/.local/lib/python3.11/site-packages/pyspark/bin/load-spark-env.sh: line 68: ps: command not found
[2024-08-22T00:37:35.424+0000] {subprocess.py:93} INFO - 24/08/22 00:37:35 WARN NativeCodeLoader: Unable to load native-hadoop library for your platform... using builtin-java classes where applicable
[2024-08-22T00:37:35.964+0000] {subprocess.py:93} INFO - 24/08/22 00:37:35 INFO SparkContext: Running Spark version 3.5.1
[2024-08-22T00:37:35.966+0000] {subprocess.py:93} INFO - 24/08/22 00:37:35 INFO SparkContext: OS info Linux, 6.6.32-linuxkit, aarch64
[2024-08-22T00:37:35.967+0000] {subprocess.py:93} INFO - 24/08/22 00:37:35 INFO SparkContext: Java version 11.0.23
[2024-08-22T00:37:35.978+0000] {subprocess.py:93} INFO - 24/08/22 00:37:35 INFO ResourceUtils: ==============================================================
[2024-08-22T00:37:35.978+0000] {subprocess.py:93} INFO - 24/08/22 00:37:35 INFO ResourceUtils: No custom resources configured for spark.driver.
[2024-08-22T00:37:35.979+0000] {subprocess.py:93} INFO - 24/08/22 00:37:35 INFO ResourceUtils: ==============================================================
[2024-08-22T00:37:35.979+0000] {subprocess.py:93} INFO - 24/08/22 00:37:35 INFO SparkContext: Submitted application: FinanceDataAnalysis
[2024-08-22T00:37:35.988+0000] {subprocess.py:93} INFO - 24/08/22 00:37:35 INFO ResourceProfile: Default ResourceProfile created, executor resources: Map(cores -> name: cores, amount: 1, script: , vendor: , memory -> name: memory, amount: 1024, script: , vendor: , offHeap -> name: offHeap, amount: 1024, script: , vendor: ), task resources: Map(cpus -> name: cpus, amount: 1.0)
[2024-08-22T00:37:35.993+0000] {subprocess.py:93} INFO - 24/08/22 00:37:35 INFO ResourceProfile: Limiting resource is cpus at 1 tasks per executor
[2024-08-22T00:37:35.994+0000] {subprocess.py:93} INFO - 24/08/22 00:37:35 INFO ResourceProfileManager: Added ResourceProfile id: 0
[2024-08-22T00:37:36.024+0000] {subprocess.py:93} INFO - 24/08/22 00:37:36 INFO SecurityManager: Changing view acls to: ***
[2024-08-22T00:37:36.024+0000] {subprocess.py:93} INFO - 24/08/22 00:37:36 INFO SecurityManager: Changing modify acls to: ***
[2024-08-22T00:37:36.024+0000] {subprocess.py:93} INFO - 24/08/22 00:37:36 INFO SecurityManager: Changing view acls groups to:
[2024-08-22T00:37:36.024+0000] {subprocess.py:93} INFO - 24/08/22 00:37:36 INFO SecurityManager: Changing modify acls groups to:
[2024-08-22T00:37:36.025+0000] {subprocess.py:93} INFO - 24/08/22 00:37:36 INFO SecurityManager: SecurityManager: authentication disabled; ui acls disabled; users with view permissions: ***; groups with view permissions: EMPTY; users with modify permissions: ***; groups with modify permissions: EMPTY
[2024-08-22T00:37:36.112+0000] {subprocess.py:93} INFO - 24/08/22 00:37:36 INFO Utils: Successfully started service 'sparkDriver' on port 46541.
[2024-08-22T00:37:36.123+0000] {subprocess.py:93} INFO - 24/08/22 00:37:36 INFO SparkEnv: Registering MapOutputTracker
[2024-08-22T00:37:36.138+0000] {subprocess.py:93} INFO - 24/08/22 00:37:36 INFO SparkEnv: Registering BlockManagerMaster
[2024-08-22T00:37:36.147+0000] {subprocess.py:93} INFO - 24/08/22 00:37:36 INFO BlockManagerMasterEndpoint: Using org.apache.spark.storage.DefaultTopologyMapper for getting topology information
[2024-08-22T00:37:36.147+0000] {subprocess.py:93} INFO - 24/08/22 00:37:36 INFO BlockManagerMasterEndpoint: BlockManagerMasterEndpoint up
[2024-08-22T00:37:36.149+0000] {subprocess.py:93} INFO - 24/08/22 00:37:36 INFO SparkEnv: Registering BlockManagerMasterHeartbeat
[2024-08-22T00:37:36.159+0000] {subprocess.py:93} INFO - 24/08/22 00:37:36 INFO DiskBlockManager: Created local directory at /tmp/blockmgr-f9c0d175-7094-42db-9be5-0330c1c008bd
[2024-08-22T00:37:36.164+0000] {subprocess.py:93} INFO - 24/08/22 00:37:36 INFO MemoryStore: MemoryStore started with capacity 1458.4 MiB
[2024-08-22T00:37:36.170+0000] {subprocess.py:93} INFO - 24/08/22 00:37:36 INFO SparkEnv: Registering OutputCommitCoordinator
[2024-08-22T00:37:36.229+0000] {subprocess.py:93} INFO - 24/08/22 00:37:36 INFO JettyUtils: Start Jetty 0.0.0.0:4040 for SparkUI
[2024-08-22T00:37:36.253+0000] {subprocess.py:93} INFO - 24/08/22 00:37:36 INFO Utils: Successfully started service 'SparkUI' on port 4040.
[2024-08-22T00:37:36.270+0000] {subprocess.py:93} INFO - 24/08/22 00:37:36 INFO SparkContext: Added JAR file:///opt/bitnami/spark/resources/elasticsearch-spark-30_2.12-8.4.3.jar at spark://27ef58cc88fc:46541/jars/elasticsearch-spark-30_2.12-8.4.3.jar with timestamp 1724287055960
[2024-08-22T00:37:36.301+0000] {subprocess.py:93} INFO - 24/08/22 00:37:36 INFO StandaloneAppClient$ClientEndpoint: Connecting to master spark://spark-master:7077...
[2024-08-22T00:37:36.322+0000] {subprocess.py:93} INFO - 24/08/22 00:37:36 INFO TransportClientFactory: Successfully created connection to spark-master/172.18.0.4:7077 after 11 ms (0 ms spent in bootstraps)
[2024-08-22T00:37:36.366+0000] {subprocess.py:93} INFO - 24/08/22 00:37:36 INFO StandaloneSchedulerBackend: Connected to Spark cluster with app ID app-20240822003736-0057
[2024-08-22T00:37:36.368+0000] {subprocess.py:93} INFO - 24/08/22 00:37:36 INFO StandaloneAppClient$ClientEndpoint: Executor added: app-20240822003736-0057/0 on worker-20240809124721-172.18.0.7-36933 (172.18.0.7:36933) with 1 core(s)
[2024-08-22T00:37:36.369+0000] {subprocess.py:93} INFO - 24/08/22 00:37:36 INFO StandaloneSchedulerBackend: Granted executor ID app-20240822003736-0057/0 on hostPort 172.18.0.7:36933 with 1 core(s), 1024.0 MiB RAM
[2024-08-22T00:37:36.369+0000] {subprocess.py:93} INFO - 24/08/22 00:37:36 INFO StandaloneAppClient$ClientEndpoint: Executor added: app-20240822003736-0057/1 on worker-20240809124721-172.18.0.6-35359 (172.18.0.6:35359) with 1 core(s)
[2024-08-22T00:37:36.369+0000] {subprocess.py:93} INFO - 24/08/22 00:37:36 INFO StandaloneSchedulerBackend: Granted executor ID app-20240822003736-0057/1 on hostPort 172.18.0.6:35359 with 1 core(s), 1024.0 MiB RAM
[2024-08-22T00:37:36.372+0000] {subprocess.py:93} INFO - 24/08/22 00:37:36 INFO Utils: Successfully started service 'org.apache.spark.network.netty.NettyBlockTransferService' on port 39589.
[2024-08-22T00:37:36.372+0000] {subprocess.py:93} INFO - 24/08/22 00:37:36 INFO NettyBlockTransferService: Server created on 27ef58cc88fc:39589
[2024-08-22T00:37:36.373+0000] {subprocess.py:93} INFO - 24/08/22 00:37:36 INFO BlockManager: Using org.apache.spark.storage.RandomBlockReplicationPolicy for block replication policy
[2024-08-22T00:37:36.377+0000] {subprocess.py:93} INFO - 24/08/22 00:37:36 INFO BlockManagerMaster: Registering BlockManager BlockManagerId(driver, 27ef58cc88fc, 39589, None)
[2024-08-22T00:37:36.380+0000] {subprocess.py:93} INFO - 24/08/22 00:37:36 INFO BlockManagerMasterEndpoint: Registering block manager 27ef58cc88fc:39589 with 1458.4 MiB RAM, BlockManagerId(driver, 27ef58cc88fc, 39589, None)
[2024-08-22T00:37:36.382+0000] {subprocess.py:93} INFO - 24/08/22 00:37:36 INFO BlockManagerMaster: Registered BlockManager BlockManagerId(driver, 27ef58cc88fc, 39589, None)
[2024-08-22T00:37:36.383+0000] {subprocess.py:93} INFO - 24/08/22 00:37:36 INFO BlockManager: Initialized BlockManager: BlockManagerId(driver, 27ef58cc88fc, 39589, None)
[2024-08-22T00:37:36.413+0000] {subprocess.py:93} INFO - 24/08/22 00:37:36 INFO StandaloneAppClient$ClientEndpoint: Executor updated: app-20240822003736-0057/1 is now RUNNING
[2024-08-22T00:37:36.416+0000] {subprocess.py:93} INFO - 24/08/22 00:37:36 INFO StandaloneAppClient$ClientEndpoint: Executor updated: app-20240822003736-0057/0 is now RUNNING
[2024-08-22T00:37:36.533+0000] {subprocess.py:93} INFO - 24/08/22 00:37:36 INFO StandaloneSchedulerBackend: SchedulerBackend is ready for scheduling beginning after reached minRegisteredResourcesRatio: 0.0
[2024-08-22T00:37:36.656+0000] {subprocess.py:93} INFO - 24/08/22 00:37:36 INFO SharedState: Setting hive.metastore.warehouse.dir ('null') to the value of spark.sql.warehouse.dir.
[2024-08-22T00:37:36.658+0000] {subprocess.py:93} INFO - 24/08/22 00:37:36 INFO SharedState: Warehouse path is 'file:/tmp/***tmpmp7cioj2/spark-warehouse'.
[2024-08-22T00:37:37.183+0000] {subprocess.py:93} INFO - 24/08/22 00:37:37 INFO Version: Elasticsearch Hadoop v8.4.3 [a7873eb469]
[2024-08-22T00:37:38.084+0000] {subprocess.py:93} INFO - 24/08/22 00:37:38 INFO StandaloneSchedulerBackend$StandaloneDriverEndpoint: Registered executor NettyRpcEndpointRef(spark-client://Executor) (172.18.0.7:48978) with ID 0,  ResourceProfileId 0
[2024-08-22T00:37:38.105+0000] {subprocess.py:93} INFO - 24/08/22 00:37:38 INFO StandaloneSchedulerBackend$StandaloneDriverEndpoint: Registered executor NettyRpcEndpointRef(spark-client://Executor) (172.18.0.6:47006) with ID 1,  ResourceProfileId 0
[2024-08-22T00:37:38.152+0000] {subprocess.py:93} INFO - 24/08/22 00:37:38 INFO BlockManagerMasterEndpoint: Registering block manager 172.18.0.7:42307 with 1458.4 MiB RAM, BlockManagerId(0, 172.18.0.7, 42307, None)
[2024-08-22T00:37:38.157+0000] {subprocess.py:93} INFO - 24/08/22 00:37:38 INFO BlockManagerMasterEndpoint: Registering block manager 172.18.0.6:37369 with 1458.4 MiB RAM, BlockManagerId(1, 172.18.0.6, 37369, None)
[2024-08-22T00:37:38.685+0000] {subprocess.py:93} INFO - Traceback (most recent call last):
[2024-08-22T00:37:38.685+0000] {subprocess.py:93} INFO -   File "/opt/***/jobs/analyze_data.py", line 48, in <module>
[2024-08-22T00:37:38.686+0000] {subprocess.py:93} INFO -     save_analysis_result(top_gainers, "data/top_gainers.csv")
[2024-08-22T00:37:38.686+0000] {subprocess.py:93} INFO -   File "/opt/***/jobs/analyze_data.py", line 41, in save_analysis_result
[2024-08-22T00:37:38.686+0000] {subprocess.py:93} INFO -     df.coalesce(1).write.mode("overwrite").csv(file_path, header=True)
[2024-08-22T00:37:38.687+0000] {subprocess.py:93} INFO -   File "/home/***/.local/lib/python3.11/site-packages/pyspark/python/lib/pyspark.zip/pyspark/sql/readwriter.py", line 1864, in csv
[2024-08-22T00:37:38.687+0000] {subprocess.py:93} INFO -   File "/home/***/.local/lib/python3.11/site-packages/pyspark/python/lib/py4j-0.10.9.7-src.zip/py4j/java_gateway.py", line 1322, in __call__
[2024-08-22T00:37:38.687+0000] {subprocess.py:93} INFO -   File "/home/***/.local/lib/python3.11/site-packages/pyspark/python/lib/pyspark.zip/pyspark/errors/exceptions/captured.py", line 185, in deco
[2024-08-22T00:37:38.690+0000] {subprocess.py:93} INFO - pyspark.errors.exceptions.captured.AnalysisException: [UNSUPPORTED_DATA_TYPE_FOR_DATASOURCE] The CSV datasource doesn't support the column `_metadata` of the type "MAP<STRING, STRING>".
[2024-08-22T00:37:38.712+0000] {subprocess.py:93} INFO - 24/08/22 00:37:38 INFO SparkContext: Invoking stop() from shutdown hook
[2024-08-22T00:37:38.712+0000] {subprocess.py:93} INFO - 24/08/22 00:37:38 INFO SparkContext: SparkContext is stopping with exitCode 0.
[2024-08-22T00:37:38.717+0000] {subprocess.py:93} INFO - 24/08/22 00:37:38 INFO SparkUI: Stopped Spark web UI at http://27ef58cc88fc:4040
[2024-08-22T00:37:38.719+0000] {subprocess.py:93} INFO - 24/08/22 00:37:38 INFO StandaloneSchedulerBackend: Shutting down all executors
[2024-08-22T00:37:38.719+0000] {subprocess.py:93} INFO - 24/08/22 00:37:38 INFO StandaloneSchedulerBackend$StandaloneDriverEndpoint: Asking each executor to shut down
[2024-08-22T00:37:38.732+0000] {subprocess.py:93} INFO - 24/08/22 00:37:38 INFO MapOutputTrackerMasterEndpoint: MapOutputTrackerMasterEndpoint stopped!
[2024-08-22T00:37:38.745+0000] {subprocess.py:93} INFO - 24/08/22 00:37:38 INFO MemoryStore: MemoryStore cleared
[2024-08-22T00:37:38.746+0000] {subprocess.py:93} INFO - 24/08/22 00:37:38 INFO BlockManager: BlockManager stopped
[2024-08-22T00:37:38.749+0000] {subprocess.py:93} INFO - 24/08/22 00:37:38 INFO BlockManagerMaster: BlockManagerMaster stopped
[2024-08-22T00:37:38.750+0000] {subprocess.py:93} INFO - 24/08/22 00:37:38 INFO OutputCommitCoordinator$OutputCommitCoordinatorEndpoint: OutputCommitCoordinator stopped!
[2024-08-22T00:37:38.759+0000] {subprocess.py:93} INFO - 24/08/22 00:37:38 INFO SparkContext: Successfully stopped SparkContext
[2024-08-22T00:37:38.760+0000] {subprocess.py:93} INFO - 24/08/22 00:37:38 INFO ShutdownHookManager: Shutdown hook called
[2024-08-22T00:37:38.760+0000] {subprocess.py:93} INFO - 24/08/22 00:37:38 INFO ShutdownHookManager: Deleting directory /tmp/spark-f07f0129-1c79-47ac-98c9-017b498400b5
[2024-08-22T00:37:38.764+0000] {subprocess.py:93} INFO - 24/08/22 00:37:38 INFO ShutdownHookManager: Deleting directory /tmp/spark-f07f0129-1c79-47ac-98c9-017b498400b5/pyspark-4d1a17dc-57d7-4ed0-b1ef-4b6ce92c3ebf
[2024-08-22T00:37:38.768+0000] {subprocess.py:93} INFO - 24/08/22 00:37:38 INFO ShutdownHookManager: Deleting directory /tmp/spark-cba081f3-8551-4a79-a73a-a3962e7ba57b
[2024-08-22T00:37:38.789+0000] {subprocess.py:97} INFO - Command exited with return code 1
[2024-08-22T00:37:38.802+0000] {taskinstance.py:1935} ERROR - Task failed with exception
Traceback (most recent call last):
  File "/home/airflow/.local/lib/python3.11/site-packages/airflow/operators/bash.py", line 210, in execute
    raise AirflowException(
airflow.exceptions.AirflowException: Bash command failed. The command returned a non-zero exit code 1.
[2024-08-22T00:37:38.805+0000] {taskinstance.py:1398} INFO - Marking task as FAILED. dag_id=data_pipeline_api, task_id=analyze_data, execution_date=20240821T003000, start_date=20240822T003734, end_date=20240822T003738
[2024-08-22T00:37:38.813+0000] {standard_task_runner.py:104} ERROR - Failed to execute job 81 for task analyze_data (Bash command failed. The command returned a non-zero exit code 1.; 92453)
[2024-08-22T00:37:38.836+0000] {local_task_job_runner.py:228} INFO - Task exited with return code 1
[2024-08-22T00:37:38.857+0000] {taskinstance.py:2776} INFO - 0 downstream tasks scheduled from follow-on schedule check
