[2024-08-09T13:01:32.613+0000] {taskinstance.py:1157} INFO - Dependencies all met for dep_context=non-requeueable deps ti=<TaskInstance: data_pipeline_api.process_data manual__2024-08-09T12:59:09.295959+00:00 [queued]>
[2024-08-09T13:01:32.616+0000] {taskinstance.py:1157} INFO - Dependencies all met for dep_context=requeueable deps ti=<TaskInstance: data_pipeline_api.process_data manual__2024-08-09T12:59:09.295959+00:00 [queued]>
[2024-08-09T13:01:32.617+0000] {taskinstance.py:1359} INFO - Starting attempt 2 of 2
[2024-08-09T13:01:32.621+0000] {taskinstance.py:1380} INFO - Executing <Task(BashOperator): process_data> on 2024-08-09 12:59:09.295959+00:00
[2024-08-09T13:01:32.623+0000] {standard_task_runner.py:57} INFO - Started process 2018 to run task
[2024-08-09T13:01:32.626+0000] {standard_task_runner.py:84} INFO - Running: ['***', 'tasks', 'run', 'data_pipeline_api', 'process_data', 'manual__2024-08-09T12:59:09.295959+00:00', '--job-id', '12', '--raw', '--subdir', 'DAGS_FOLDER/spark-jobs.py', '--cfg-path', '/tmp/tmps63f46hv']
[2024-08-09T13:01:32.629+0000] {standard_task_runner.py:85} INFO - Job 12: Subtask process_data
[2024-08-09T13:01:32.658+0000] {task_command.py:415} INFO - Running <TaskInstance: data_pipeline_api.process_data manual__2024-08-09T12:59:09.295959+00:00 [running]> on host 27ef58cc88fc
[2024-08-09T13:01:32.696+0000] {taskinstance.py:1660} INFO - Exporting env vars: AIRFLOW_CTX_DAG_OWNER='***' AIRFLOW_CTX_DAG_ID='data_pipeline_api' AIRFLOW_CTX_TASK_ID='process_data' AIRFLOW_CTX_EXECUTION_DATE='2024-08-09T12:59:09.295959+00:00' AIRFLOW_CTX_TRY_NUMBER='2' AIRFLOW_CTX_DAG_RUN_ID='manual__2024-08-09T12:59:09.295959+00:00'
[2024-08-09T13:01:32.697+0000] {subprocess.py:63} INFO - Tmp dir root location: /tmp
[2024-08-09T13:01:32.698+0000] {subprocess.py:75} INFO - Running command: ['/bin/bash', '-c', 'bash /opt/***/jobs/spark-submit.sh /opt/***/jobs/process_data.py ']
[2024-08-09T13:01:32.701+0000] {subprocess.py:86} INFO - Output:
[2024-08-09T13:01:32.703+0000] {subprocess.py:93} INFO - /opt/***/jobs/process_data.py
[2024-08-09T13:01:32.759+0000] {subprocess.py:93} INFO - /home/***/.local/lib/python3.11/site-packages/pyspark/bin/load-spark-env.sh: line 68: ps: command not found
[2024-08-09T13:01:33.906+0000] {subprocess.py:93} INFO - 24/08/09 13:01:33 WARN NativeCodeLoader: Unable to load native-hadoop library for your platform... using builtin-java classes where applicable
[2024-08-09T13:01:34.510+0000] {subprocess.py:93} INFO - 24/08/09 13:01:34 INFO SparkContext: Running Spark version 3.5.1
[2024-08-09T13:01:34.514+0000] {subprocess.py:93} INFO - 24/08/09 13:01:34 INFO SparkContext: OS info Linux, 6.6.32-linuxkit, aarch64
[2024-08-09T13:01:34.514+0000] {subprocess.py:93} INFO - 24/08/09 13:01:34 INFO SparkContext: Java version 11.0.23
[2024-08-09T13:01:34.528+0000] {subprocess.py:93} INFO - 24/08/09 13:01:34 INFO ResourceUtils: ==============================================================
[2024-08-09T13:01:34.529+0000] {subprocess.py:93} INFO - 24/08/09 13:01:34 INFO ResourceUtils: No custom resources configured for spark.driver.
[2024-08-09T13:01:34.529+0000] {subprocess.py:93} INFO - 24/08/09 13:01:34 INFO ResourceUtils: ==============================================================
[2024-08-09T13:01:34.529+0000] {subprocess.py:93} INFO - 24/08/09 13:01:34 INFO SparkContext: Submitted application: FinanceDataProcessing
[2024-08-09T13:01:34.545+0000] {subprocess.py:93} INFO - 24/08/09 13:01:34 INFO ResourceProfile: Default ResourceProfile created, executor resources: Map(cores -> name: cores, amount: 1, script: , vendor: , memory -> name: memory, amount: 1024, script: , vendor: , offHeap -> name: offHeap, amount: 1024, script: , vendor: ), task resources: Map(cpus -> name: cpus, amount: 1.0)
[2024-08-09T13:01:34.551+0000] {subprocess.py:93} INFO - 24/08/09 13:01:34 INFO ResourceProfile: Limiting resource is cpus at 1 tasks per executor
[2024-08-09T13:01:34.552+0000] {subprocess.py:93} INFO - 24/08/09 13:01:34 INFO ResourceProfileManager: Added ResourceProfile id: 0
[2024-08-09T13:01:34.584+0000] {subprocess.py:93} INFO - 24/08/09 13:01:34 INFO SecurityManager: Changing view acls to: ***
[2024-08-09T13:01:34.584+0000] {subprocess.py:93} INFO - 24/08/09 13:01:34 INFO SecurityManager: Changing modify acls to: ***
[2024-08-09T13:01:34.585+0000] {subprocess.py:93} INFO - 24/08/09 13:01:34 INFO SecurityManager: Changing view acls groups to:
[2024-08-09T13:01:34.585+0000] {subprocess.py:93} INFO - 24/08/09 13:01:34 INFO SecurityManager: Changing modify acls groups to:
[2024-08-09T13:01:34.585+0000] {subprocess.py:93} INFO - 24/08/09 13:01:34 INFO SecurityManager: SecurityManager: authentication disabled; ui acls disabled; users with view permissions: ***; groups with view permissions: EMPTY; users with modify permissions: ***; groups with modify permissions: EMPTY
[2024-08-09T13:01:34.709+0000] {subprocess.py:93} INFO - 24/08/09 13:01:34 INFO Utils: Successfully started service 'sparkDriver' on port 40521.
[2024-08-09T13:01:34.732+0000] {subprocess.py:93} INFO - 24/08/09 13:01:34 INFO SparkEnv: Registering MapOutputTracker
[2024-08-09T13:01:34.753+0000] {subprocess.py:93} INFO - 24/08/09 13:01:34 INFO SparkEnv: Registering BlockManagerMaster
[2024-08-09T13:01:34.764+0000] {subprocess.py:93} INFO - 24/08/09 13:01:34 INFO BlockManagerMasterEndpoint: Using org.apache.spark.storage.DefaultTopologyMapper for getting topology information
[2024-08-09T13:01:34.765+0000] {subprocess.py:93} INFO - 24/08/09 13:01:34 INFO BlockManagerMasterEndpoint: BlockManagerMasterEndpoint up
[2024-08-09T13:01:34.767+0000] {subprocess.py:93} INFO - 24/08/09 13:01:34 INFO SparkEnv: Registering BlockManagerMasterHeartbeat
[2024-08-09T13:01:34.776+0000] {subprocess.py:93} INFO - 24/08/09 13:01:34 INFO DiskBlockManager: Created local directory at /tmp/blockmgr-2875a04f-fbfb-43ae-9533-5f2447ce3f07
[2024-08-09T13:01:34.782+0000] {subprocess.py:93} INFO - 24/08/09 13:01:34 INFO MemoryStore: MemoryStore started with capacity 1458.4 MiB
[2024-08-09T13:01:34.789+0000] {subprocess.py:93} INFO - 24/08/09 13:01:34 INFO SparkEnv: Registering OutputCommitCoordinator
[2024-08-09T13:01:34.849+0000] {subprocess.py:93} INFO - 24/08/09 13:01:34 INFO JettyUtils: Start Jetty 0.0.0.0:4040 for SparkUI
[2024-08-09T13:01:34.877+0000] {subprocess.py:93} INFO - 24/08/09 13:01:34 INFO Utils: Successfully started service 'SparkUI' on port 4040.
[2024-08-09T13:01:34.893+0000] {subprocess.py:93} INFO - 24/08/09 13:01:34 INFO SparkContext: Added JAR file:///opt/bitnami/spark/resources/elasticsearch-spark-30_2.12-8.4.3.jar at spark://27ef58cc88fc:40521/jars/elasticsearch-spark-30_2.12-8.4.3.jar with timestamp 1723208494506
[2024-08-09T13:01:34.935+0000] {subprocess.py:93} INFO - 24/08/09 13:01:34 INFO StandaloneAppClient$ClientEndpoint: Connecting to master spark://spark-master:7077...
[2024-08-09T13:01:34.960+0000] {subprocess.py:93} INFO - 24/08/09 13:01:34 INFO TransportClientFactory: Successfully created connection to spark-master/172.18.0.4:7077 after 13 ms (0 ms spent in bootstraps)
[2024-08-09T13:01:35.023+0000] {subprocess.py:93} INFO - 24/08/09 13:01:35 INFO StandaloneSchedulerBackend: Connected to Spark cluster with app ID app-20240809130135-0008
[2024-08-09T13:01:35.024+0000] {subprocess.py:93} INFO - 24/08/09 13:01:35 INFO StandaloneAppClient$ClientEndpoint: Executor added: app-20240809130135-0008/0 on worker-20240809124721-172.18.0.6-35359 (172.18.0.6:35359) with 1 core(s)
[2024-08-09T13:01:35.025+0000] {subprocess.py:93} INFO - 24/08/09 13:01:35 INFO StandaloneSchedulerBackend: Granted executor ID app-20240809130135-0008/0 on hostPort 172.18.0.6:35359 with 1 core(s), 1024.0 MiB RAM
[2024-08-09T13:01:35.026+0000] {subprocess.py:93} INFO - 24/08/09 13:01:35 INFO StandaloneAppClient$ClientEndpoint: Executor added: app-20240809130135-0008/1 on worker-20240809124721-172.18.0.7-36933 (172.18.0.7:36933) with 1 core(s)
[2024-08-09T13:01:35.026+0000] {subprocess.py:93} INFO - 24/08/09 13:01:35 INFO StandaloneSchedulerBackend: Granted executor ID app-20240809130135-0008/1 on hostPort 172.18.0.7:36933 with 1 core(s), 1024.0 MiB RAM
[2024-08-09T13:01:35.032+0000] {subprocess.py:93} INFO - 24/08/09 13:01:35 INFO Utils: Successfully started service 'org.apache.spark.network.netty.NettyBlockTransferService' on port 35981.
[2024-08-09T13:01:35.032+0000] {subprocess.py:93} INFO - 24/08/09 13:01:35 INFO NettyBlockTransferService: Server created on 27ef58cc88fc:35981
[2024-08-09T13:01:35.034+0000] {subprocess.py:93} INFO - 24/08/09 13:01:35 INFO BlockManager: Using org.apache.spark.storage.RandomBlockReplicationPolicy for block replication policy
[2024-08-09T13:01:35.040+0000] {subprocess.py:93} INFO - 24/08/09 13:01:35 INFO BlockManagerMaster: Registering BlockManager BlockManagerId(driver, 27ef58cc88fc, 35981, None)
[2024-08-09T13:01:35.042+0000] {subprocess.py:93} INFO - 24/08/09 13:01:35 INFO BlockManagerMasterEndpoint: Registering block manager 27ef58cc88fc:35981 with 1458.4 MiB RAM, BlockManagerId(driver, 27ef58cc88fc, 35981, None)
[2024-08-09T13:01:35.043+0000] {subprocess.py:93} INFO - 24/08/09 13:01:35 INFO BlockManagerMaster: Registered BlockManager BlockManagerId(driver, 27ef58cc88fc, 35981, None)
[2024-08-09T13:01:35.046+0000] {subprocess.py:93} INFO - 24/08/09 13:01:35 INFO BlockManager: Initialized BlockManager: BlockManagerId(driver, 27ef58cc88fc, 35981, None)
[2024-08-09T13:01:35.083+0000] {subprocess.py:93} INFO - 24/08/09 13:01:35 INFO StandaloneAppClient$ClientEndpoint: Executor updated: app-20240809130135-0008/0 is now RUNNING
[2024-08-09T13:01:35.085+0000] {subprocess.py:93} INFO - 24/08/09 13:01:35 INFO StandaloneAppClient$ClientEndpoint: Executor updated: app-20240809130135-0008/1 is now RUNNING
[2024-08-09T13:01:35.223+0000] {subprocess.py:93} INFO - 24/08/09 13:01:35 INFO StandaloneSchedulerBackend: SchedulerBackend is ready for scheduling beginning after reached minRegisteredResourcesRatio: 0.0
[2024-08-09T13:01:35.382+0000] {subprocess.py:93} INFO - =========== Processing (Market trends) ===================
[2024-08-09T13:01:35.389+0000] {subprocess.py:93} INFO - 24/08/09 13:01:35 INFO SharedState: Setting hive.metastore.warehouse.dir ('null') to the value of spark.sql.warehouse.dir.
[2024-08-09T13:01:35.391+0000] {subprocess.py:93} INFO - 24/08/09 13:01:35 INFO SharedState: Warehouse path is 'file:/tmp/***tmp1d5oe_xh/spark-warehouse'.
[2024-08-09T13:01:36.015+0000] {subprocess.py:93} INFO - step 1: loading…
[2024-08-09T13:01:36.091+0000] {subprocess.py:93} INFO - 24/08/09 13:01:36 INFO Version: Elasticsearch Hadoop v8.4.3 [a7873eb469]
[2024-08-09T13:01:36.166+0000] {subprocess.py:93} INFO - 24/08/09 13:01:36 INFO InMemoryFileIndex: It took 41 ms to list leaf files for 1 paths.
[2024-08-09T13:01:36.232+0000] {subprocess.py:93} INFO - 24/08/09 13:01:36 INFO InMemoryFileIndex: It took 1 ms to list leaf files for 1 paths.
[2024-08-09T13:01:36.859+0000] {subprocess.py:93} INFO - 24/08/09 13:01:36 INFO StandaloneSchedulerBackend$StandaloneDriverEndpoint: Registered executor NettyRpcEndpointRef(spark-client://Executor) (172.18.0.6:56626) with ID 0,  ResourceProfileId 0
[2024-08-09T13:01:36.867+0000] {subprocess.py:93} INFO - 24/08/09 13:01:36 INFO StandaloneSchedulerBackend$StandaloneDriverEndpoint: Registered executor NettyRpcEndpointRef(spark-client://Executor) (172.18.0.7:60706) with ID 1,  ResourceProfileId 0
[2024-08-09T13:01:36.906+0000] {subprocess.py:93} INFO - 24/08/09 13:01:36 INFO BlockManagerMasterEndpoint: Registering block manager 172.18.0.7:34623 with 1458.4 MiB RAM, BlockManagerId(1, 172.18.0.7, 34623, None)
[2024-08-09T13:01:36.908+0000] {subprocess.py:93} INFO - 24/08/09 13:01:36 INFO BlockManagerMasterEndpoint: Registering block manager 172.18.0.6:45399 with 1458.4 MiB RAM, BlockManagerId(0, 172.18.0.6, 45399, None)
[2024-08-09T13:01:37.467+0000] {subprocess.py:93} INFO - 24/08/09 13:01:37 INFO FileSourceStrategy: Pushed Filters:
[2024-08-09T13:01:37.469+0000] {subprocess.py:93} INFO - 24/08/09 13:01:37 INFO FileSourceStrategy: Post-Scan Filters:
[2024-08-09T13:01:37.581+0000] {subprocess.py:93} INFO - 24/08/09 13:01:37 INFO MemoryStore: Block broadcast_0 stored as values in memory (estimated size 200.9 KiB, free 1458.2 MiB)
[2024-08-09T13:01:37.600+0000] {subprocess.py:93} INFO - 24/08/09 13:01:37 INFO MemoryStore: Block broadcast_0_piece0 stored as bytes in memory (estimated size 34.7 KiB, free 1458.2 MiB)
[2024-08-09T13:01:37.601+0000] {subprocess.py:93} INFO - 24/08/09 13:01:37 INFO BlockManagerInfo: Added broadcast_0_piece0 in memory on 27ef58cc88fc:35981 (size: 34.7 KiB, free: 1458.4 MiB)
[2024-08-09T13:01:37.603+0000] {subprocess.py:93} INFO - 24/08/09 13:01:37 INFO SparkContext: Created broadcast 0 from json at NativeMethodAccessorImpl.java:0
[2024-08-09T13:01:37.609+0000] {subprocess.py:93} INFO - 24/08/09 13:01:37 INFO FileSourceScanExec: Planning scan with bin packing, max size: 4194304 bytes, open cost is considered as scanning 4194304 bytes.
[2024-08-09T13:01:37.685+0000] {subprocess.py:93} INFO - 24/08/09 13:01:37 INFO SparkContext: Starting job: json at NativeMethodAccessorImpl.java:0
[2024-08-09T13:01:37.692+0000] {subprocess.py:93} INFO - 24/08/09 13:01:37 INFO DAGScheduler: Got job 0 (json at NativeMethodAccessorImpl.java:0) with 1 output partitions
[2024-08-09T13:01:37.693+0000] {subprocess.py:93} INFO - 24/08/09 13:01:37 INFO DAGScheduler: Final stage: ResultStage 0 (json at NativeMethodAccessorImpl.java:0)
[2024-08-09T13:01:37.693+0000] {subprocess.py:93} INFO - 24/08/09 13:01:37 INFO DAGScheduler: Parents of final stage: List()
[2024-08-09T13:01:37.694+0000] {subprocess.py:93} INFO - 24/08/09 13:01:37 INFO DAGScheduler: Missing parents: List()
[2024-08-09T13:01:37.695+0000] {subprocess.py:93} INFO - 24/08/09 13:01:37 INFO DAGScheduler: Submitting ResultStage 0 (MapPartitionsRDD[3] at json at NativeMethodAccessorImpl.java:0), which has no missing parents
[2024-08-09T13:01:37.732+0000] {subprocess.py:93} INFO - 24/08/09 13:01:37 INFO MemoryStore: Block broadcast_1 stored as values in memory (estimated size 16.6 KiB, free 1458.2 MiB)
[2024-08-09T13:01:37.733+0000] {subprocess.py:93} INFO - 24/08/09 13:01:37 INFO MemoryStore: Block broadcast_1_piece0 stored as bytes in memory (estimated size 7.8 KiB, free 1458.1 MiB)
[2024-08-09T13:01:37.733+0000] {subprocess.py:93} INFO - 24/08/09 13:01:37 INFO BlockManagerInfo: Added broadcast_1_piece0 in memory on 27ef58cc88fc:35981 (size: 7.8 KiB, free: 1458.4 MiB)
[2024-08-09T13:01:37.734+0000] {subprocess.py:93} INFO - 24/08/09 13:01:37 INFO SparkContext: Created broadcast 1 from broadcast at DAGScheduler.scala:1585
[2024-08-09T13:01:37.741+0000] {subprocess.py:93} INFO - 24/08/09 13:01:37 INFO DAGScheduler: Submitting 1 missing tasks from ResultStage 0 (MapPartitionsRDD[3] at json at NativeMethodAccessorImpl.java:0) (first 15 tasks are for partitions Vector(0))
[2024-08-09T13:01:37.741+0000] {subprocess.py:93} INFO - 24/08/09 13:01:37 INFO TaskSchedulerImpl: Adding task set 0.0 with 1 tasks resource profile 0
[2024-08-09T13:01:37.754+0000] {subprocess.py:93} INFO - 24/08/09 13:01:37 INFO TaskSetManager: Starting task 0.0 in stage 0.0 (TID 0) (172.18.0.7, executor 1, partition 0, PROCESS_LOCAL, 8427 bytes)
[2024-08-09T13:01:37.850+0000] {subprocess.py:93} INFO - 24/08/09 13:01:37 INFO BlockManagerInfo: Added broadcast_1_piece0 in memory on 172.18.0.7:34623 (size: 7.8 KiB, free: 1458.4 MiB)
[2024-08-09T13:01:38.160+0000] {subprocess.py:93} INFO - 24/08/09 13:01:38 INFO BlockManagerInfo: Added broadcast_0_piece0 in memory on 172.18.0.7:34623 (size: 34.7 KiB, free: 1458.4 MiB)
[2024-08-09T13:01:38.261+0000] {subprocess.py:93} INFO - 24/08/09 13:01:38 INFO TaskSetManager: Finished task 0.0 in stage 0.0 (TID 0) in 512 ms on 172.18.0.7 (executor 1) (1/1)
[2024-08-09T13:01:38.261+0000] {subprocess.py:93} INFO - 24/08/09 13:01:38 INFO TaskSchedulerImpl: Removed TaskSet 0.0, whose tasks have all completed, from pool
[2024-08-09T13:01:38.264+0000] {subprocess.py:93} INFO - 24/08/09 13:01:38 INFO DAGScheduler: ResultStage 0 (json at NativeMethodAccessorImpl.java:0) finished in 0.563 s
[2024-08-09T13:01:38.265+0000] {subprocess.py:93} INFO - 24/08/09 13:01:38 INFO DAGScheduler: Job 0 is finished. Cancelling potential speculative or zombie tasks for this job
[2024-08-09T13:01:38.265+0000] {subprocess.py:93} INFO - 24/08/09 13:01:38 INFO TaskSchedulerImpl: Killing all running tasks in stage 0: Stage finished
[2024-08-09T13:01:38.267+0000] {subprocess.py:93} INFO - 24/08/09 13:01:38 INFO DAGScheduler: Job 0 finished: json at NativeMethodAccessorImpl.java:0, took 0.581444 s
[2024-08-09T13:01:38.281+0000] {subprocess.py:93} INFO - step 2: processing…
[2024-08-09T13:01:38.312+0000] {subprocess.py:93} INFO - step 3: writing…
[2024-08-09T13:01:38.312+0000] {subprocess.py:93} INFO - =========== Processing (stock time series) ===================
[2024-08-09T13:01:38.313+0000] {subprocess.py:93} INFO - step 1: loading…
[2024-08-09T13:01:38.319+0000] {subprocess.py:93} INFO - 24/08/09 13:01:38 INFO InMemoryFileIndex: It took 1 ms to list leaf files for 1 paths.
[2024-08-09T13:01:38.323+0000] {subprocess.py:93} INFO - 24/08/09 13:01:38 INFO InMemoryFileIndex: It took 0 ms to list leaf files for 1 paths.
[2024-08-09T13:01:38.351+0000] {subprocess.py:93} INFO - 24/08/09 13:01:38 INFO FileSourceStrategy: Pushed Filters:
[2024-08-09T13:01:38.351+0000] {subprocess.py:93} INFO - 24/08/09 13:01:38 INFO FileSourceStrategy: Post-Scan Filters:
[2024-08-09T13:01:38.354+0000] {subprocess.py:93} INFO - 24/08/09 13:01:38 INFO MemoryStore: Block broadcast_2 stored as values in memory (estimated size 200.9 KiB, free 1457.9 MiB)
[2024-08-09T13:01:38.360+0000] {subprocess.py:93} INFO - 24/08/09 13:01:38 INFO MemoryStore: Block broadcast_2_piece0 stored as bytes in memory (estimated size 34.7 KiB, free 1457.9 MiB)
[2024-08-09T13:01:38.361+0000] {subprocess.py:93} INFO - 24/08/09 13:01:38 INFO BlockManagerInfo: Added broadcast_2_piece0 in memory on 27ef58cc88fc:35981 (size: 34.7 KiB, free: 1458.3 MiB)
[2024-08-09T13:01:38.365+0000] {subprocess.py:93} INFO - 24/08/09 13:01:38 INFO SparkContext: Created broadcast 2 from json at NativeMethodAccessorImpl.java:0
[2024-08-09T13:01:38.367+0000] {subprocess.py:93} INFO - 24/08/09 13:01:38 INFO FileSourceScanExec: Planning scan with bin packing, max size: 4194304 bytes, open cost is considered as scanning 4194304 bytes.
[2024-08-09T13:01:38.375+0000] {subprocess.py:93} INFO - 24/08/09 13:01:38 INFO SparkContext: Starting job: json at NativeMethodAccessorImpl.java:0
[2024-08-09T13:01:38.376+0000] {subprocess.py:93} INFO - 24/08/09 13:01:38 INFO DAGScheduler: Got job 1 (json at NativeMethodAccessorImpl.java:0) with 1 output partitions
[2024-08-09T13:01:38.376+0000] {subprocess.py:93} INFO - 24/08/09 13:01:38 INFO DAGScheduler: Final stage: ResultStage 1 (json at NativeMethodAccessorImpl.java:0)
[2024-08-09T13:01:38.377+0000] {subprocess.py:93} INFO - 24/08/09 13:01:38 INFO DAGScheduler: Parents of final stage: List()
[2024-08-09T13:01:38.377+0000] {subprocess.py:93} INFO - 24/08/09 13:01:38 INFO DAGScheduler: Missing parents: List()
[2024-08-09T13:01:38.379+0000] {subprocess.py:93} INFO - 24/08/09 13:01:38 INFO DAGScheduler: Submitting ResultStage 1 (MapPartitionsRDD[7] at json at NativeMethodAccessorImpl.java:0), which has no missing parents
[2024-08-09T13:01:38.383+0000] {subprocess.py:93} INFO - 24/08/09 13:01:38 INFO MemoryStore: Block broadcast_3 stored as values in memory (estimated size 16.6 KiB, free 1457.9 MiB)
[2024-08-09T13:01:38.384+0000] {subprocess.py:93} INFO - 24/08/09 13:01:38 INFO BlockManagerInfo: Removed broadcast_0_piece0 on 27ef58cc88fc:35981 in memory (size: 34.7 KiB, free: 1458.4 MiB)
[2024-08-09T13:01:38.384+0000] {subprocess.py:93} INFO - 24/08/09 13:01:38 INFO BlockManagerInfo: Removed broadcast_0_piece0 on 172.18.0.7:34623 in memory (size: 34.7 KiB, free: 1458.4 MiB)
[2024-08-09T13:01:38.384+0000] {subprocess.py:93} INFO - 24/08/09 13:01:38 INFO MemoryStore: Block broadcast_3_piece0 stored as bytes in memory (estimated size 7.9 KiB, free 1457.9 MiB)
[2024-08-09T13:01:38.385+0000] {subprocess.py:93} INFO - 24/08/09 13:01:38 INFO BlockManagerInfo: Added broadcast_3_piece0 in memory on 27ef58cc88fc:35981 (size: 7.9 KiB, free: 1458.4 MiB)
[2024-08-09T13:01:38.385+0000] {subprocess.py:93} INFO - 24/08/09 13:01:38 INFO SparkContext: Created broadcast 3 from broadcast at DAGScheduler.scala:1585
[2024-08-09T13:01:38.386+0000] {subprocess.py:93} INFO - 24/08/09 13:01:38 INFO DAGScheduler: Submitting 1 missing tasks from ResultStage 1 (MapPartitionsRDD[7] at json at NativeMethodAccessorImpl.java:0) (first 15 tasks are for partitions Vector(0))
[2024-08-09T13:01:38.386+0000] {subprocess.py:93} INFO - 24/08/09 13:01:38 INFO TaskSchedulerImpl: Adding task set 1.0 with 1 tasks resource profile 0
[2024-08-09T13:01:38.387+0000] {subprocess.py:93} INFO - 24/08/09 13:01:38 INFO TaskSetManager: Starting task 0.0 in stage 1.0 (TID 1) (172.18.0.6, executor 0, partition 0, PROCESS_LOCAL, 8431 bytes)
[2024-08-09T13:01:38.392+0000] {subprocess.py:93} INFO - 24/08/09 13:01:38 INFO BlockManagerInfo: Removed broadcast_1_piece0 on 27ef58cc88fc:35981 in memory (size: 7.8 KiB, free: 1458.4 MiB)
[2024-08-09T13:01:38.395+0000] {subprocess.py:93} INFO - 24/08/09 13:01:38 INFO BlockManagerInfo: Removed broadcast_1_piece0 on 172.18.0.7:34623 in memory (size: 7.8 KiB, free: 1458.4 MiB)
[2024-08-09T13:01:38.493+0000] {subprocess.py:93} INFO - 24/08/09 13:01:38 INFO BlockManagerInfo: Added broadcast_3_piece0 in memory on 172.18.0.6:45399 (size: 7.9 KiB, free: 1458.4 MiB)
[2024-08-09T13:01:38.793+0000] {subprocess.py:93} INFO - 24/08/09 13:01:38 INFO BlockManagerInfo: Added broadcast_2_piece0 in memory on 172.18.0.6:45399 (size: 34.7 KiB, free: 1458.4 MiB)
[2024-08-09T13:01:38.913+0000] {subprocess.py:93} INFO - 24/08/09 13:01:38 INFO TaskSetManager: Finished task 0.0 in stage 1.0 (TID 1) in 527 ms on 172.18.0.6 (executor 0) (1/1)
[2024-08-09T13:01:38.914+0000] {subprocess.py:93} INFO - 24/08/09 13:01:38 INFO TaskSchedulerImpl: Removed TaskSet 1.0, whose tasks have all completed, from pool
[2024-08-09T13:01:38.914+0000] {subprocess.py:93} INFO - 24/08/09 13:01:38 INFO DAGScheduler: ResultStage 1 (json at NativeMethodAccessorImpl.java:0) finished in 0.534 s
[2024-08-09T13:01:38.918+0000] {subprocess.py:93} INFO - 24/08/09 13:01:38 INFO DAGScheduler: Job 1 is finished. Cancelling potential speculative or zombie tasks for this job
[2024-08-09T13:01:38.918+0000] {subprocess.py:93} INFO - 24/08/09 13:01:38 INFO TaskSchedulerImpl: Killing all running tasks in stage 1: Stage finished
[2024-08-09T13:01:38.919+0000] {subprocess.py:93} INFO - 24/08/09 13:01:38 INFO DAGScheduler: Job 1 finished: json at NativeMethodAccessorImpl.java:0, took 0.539772 s
[2024-08-09T13:01:39.027+0000] {subprocess.py:93} INFO - 24/08/09 13:01:39 INFO BlockManagerInfo: Removed broadcast_2_piece0 on 27ef58cc88fc:35981 in memory (size: 34.7 KiB, free: 1458.4 MiB)
[2024-08-09T13:01:39.030+0000] {subprocess.py:93} INFO - 24/08/09 13:01:39 INFO BlockManagerInfo: Removed broadcast_2_piece0 on 172.18.0.6:45399 in memory (size: 34.7 KiB, free: 1458.4 MiB)
[2024-08-09T13:01:39.038+0000] {subprocess.py:93} INFO - 24/08/09 13:01:39 INFO BlockManagerInfo: Removed broadcast_3_piece0 on 27ef58cc88fc:35981 in memory (size: 7.9 KiB, free: 1458.4 MiB)
[2024-08-09T13:01:39.040+0000] {subprocess.py:93} INFO - 24/08/09 13:01:39 INFO BlockManagerInfo: Removed broadcast_3_piece0 on 172.18.0.6:45399 in memory (size: 7.9 KiB, free: 1458.4 MiB)
[2024-08-09T13:01:39.148+0000] {subprocess.py:93} INFO - 24/08/09 13:01:39 WARN SparkStringUtils: Truncated the string representation of a plan since it was too large. This behavior can be adjusted by setting 'spark.sql.debug.maxToStringFields'.
[2024-08-09T13:01:39.165+0000] {subprocess.py:93} INFO - step 2: processing…
[2024-08-09T13:01:39.706+0000] {subprocess.py:93} INFO - 24/08/09 13:01:39 INFO FileSourceStrategy: Pushed Filters:
[2024-08-09T13:01:39.707+0000] {subprocess.py:93} INFO - 24/08/09 13:01:39 INFO FileSourceStrategy: Post-Scan Filters:
[2024-08-09T13:01:39.748+0000] {subprocess.py:93} INFO - 24/08/09 13:01:39 INFO MemoryStore: Block broadcast_4 stored as values in memory (estimated size 200.9 KiB, free 1458.2 MiB)
[2024-08-09T13:01:39.752+0000] {subprocess.py:93} INFO - 24/08/09 13:01:39 INFO MemoryStore: Block broadcast_4_piece0 stored as bytes in memory (estimated size 34.7 KiB, free 1458.2 MiB)
[2024-08-09T13:01:39.752+0000] {subprocess.py:93} INFO - 24/08/09 13:01:39 INFO BlockManagerInfo: Added broadcast_4_piece0 in memory on 27ef58cc88fc:35981 (size: 34.7 KiB, free: 1458.4 MiB)
[2024-08-09T13:01:39.753+0000] {subprocess.py:93} INFO - 24/08/09 13:01:39 INFO SparkContext: Created broadcast 4 from showString at NativeMethodAccessorImpl.java:0
[2024-08-09T13:01:39.755+0000] {subprocess.py:93} INFO - 24/08/09 13:01:39 INFO FileSourceScanExec: Planning scan with bin packing, max size: 4194304 bytes, open cost is considered as scanning 4194304 bytes.
[2024-08-09T13:01:39.763+0000] {subprocess.py:93} INFO - 24/08/09 13:01:39 INFO SparkContext: Starting job: showString at NativeMethodAccessorImpl.java:0
[2024-08-09T13:01:39.764+0000] {subprocess.py:93} INFO - 24/08/09 13:01:39 INFO DAGScheduler: Got job 2 (showString at NativeMethodAccessorImpl.java:0) with 1 output partitions
[2024-08-09T13:01:39.765+0000] {subprocess.py:93} INFO - 24/08/09 13:01:39 INFO DAGScheduler: Final stage: ResultStage 2 (showString at NativeMethodAccessorImpl.java:0)
[2024-08-09T13:01:39.765+0000] {subprocess.py:93} INFO - 24/08/09 13:01:39 INFO DAGScheduler: Parents of final stage: List()
[2024-08-09T13:01:39.766+0000] {subprocess.py:93} INFO - 24/08/09 13:01:39 INFO DAGScheduler: Missing parents: List()
[2024-08-09T13:01:39.766+0000] {subprocess.py:93} INFO - 24/08/09 13:01:39 INFO DAGScheduler: Submitting ResultStage 2 (MapPartitionsRDD[11] at showString at NativeMethodAccessorImpl.java:0), which has no missing parents
[2024-08-09T13:01:39.791+0000] {subprocess.py:93} INFO - 24/08/09 13:01:39 INFO MemoryStore: Block broadcast_5 stored as values in memory (estimated size 82.3 KiB, free 1458.1 MiB)
[2024-08-09T13:01:39.791+0000] {subprocess.py:93} INFO - 24/08/09 13:01:39 INFO MemoryStore: Block broadcast_5_piece0 stored as bytes in memory (estimated size 15.0 KiB, free 1458.1 MiB)
[2024-08-09T13:01:39.792+0000] {subprocess.py:93} INFO - 24/08/09 13:01:39 INFO BlockManagerInfo: Added broadcast_5_piece0 in memory on 27ef58cc88fc:35981 (size: 15.0 KiB, free: 1458.4 MiB)
[2024-08-09T13:01:39.792+0000] {subprocess.py:93} INFO - 24/08/09 13:01:39 INFO SparkContext: Created broadcast 5 from broadcast at DAGScheduler.scala:1585
[2024-08-09T13:01:39.792+0000] {subprocess.py:93} INFO - 24/08/09 13:01:39 INFO DAGScheduler: Submitting 1 missing tasks from ResultStage 2 (MapPartitionsRDD[11] at showString at NativeMethodAccessorImpl.java:0) (first 15 tasks are for partitions Vector(0))
[2024-08-09T13:01:39.792+0000] {subprocess.py:93} INFO - 24/08/09 13:01:39 INFO TaskSchedulerImpl: Adding task set 2.0 with 1 tasks resource profile 0
[2024-08-09T13:01:39.793+0000] {subprocess.py:93} INFO - 24/08/09 13:01:39 INFO TaskSetManager: Starting task 0.0 in stage 2.0 (TID 2) (172.18.0.6, executor 0, partition 0, PROCESS_LOCAL, 8431 bytes)
[2024-08-09T13:01:39.809+0000] {subprocess.py:93} INFO - 24/08/09 13:01:39 INFO BlockManagerInfo: Added broadcast_5_piece0 in memory on 172.18.0.6:45399 (size: 15.0 KiB, free: 1458.4 MiB)
[2024-08-09T13:01:40.596+0000] {subprocess.py:93} INFO - 24/08/09 13:01:40 INFO BlockManagerInfo: Added broadcast_4_piece0 in memory on 172.18.0.6:45399 (size: 34.7 KiB, free: 1458.4 MiB)
[2024-08-09T13:01:40.648+0000] {subprocess.py:93} INFO - 24/08/09 13:01:40 INFO TaskSetManager: Finished task 0.0 in stage 2.0 (TID 2) in 855 ms on 172.18.0.6 (executor 0) (1/1)
[2024-08-09T13:01:40.649+0000] {subprocess.py:93} INFO - 24/08/09 13:01:40 INFO TaskSchedulerImpl: Removed TaskSet 2.0, whose tasks have all completed, from pool
[2024-08-09T13:01:40.650+0000] {subprocess.py:93} INFO - 24/08/09 13:01:40 INFO DAGScheduler: ResultStage 2 (showString at NativeMethodAccessorImpl.java:0) finished in 0.882 s
[2024-08-09T13:01:40.651+0000] {subprocess.py:93} INFO - 24/08/09 13:01:40 INFO DAGScheduler: Job 2 is finished. Cancelling potential speculative or zombie tasks for this job
[2024-08-09T13:01:40.651+0000] {subprocess.py:93} INFO - 24/08/09 13:01:40 INFO TaskSchedulerImpl: Killing all running tasks in stage 2: Stage finished
[2024-08-09T13:01:40.651+0000] {subprocess.py:93} INFO - 24/08/09 13:01:40 INFO DAGScheduler: Job 2 finished: showString at NativeMethodAccessorImpl.java:0, took 0.885984 s
[2024-08-09T13:01:40.845+0000] {subprocess.py:93} INFO - 24/08/09 13:01:40 INFO CodeGenerator: Code generated in 164.548792 ms
[2024-08-09T13:01:40.849+0000] {subprocess.py:93} INFO - +------+--------------+------------+----------+-------------------+------+------------------+-------------------------+---------------------------------+--------------+------+-----------+--------------------+-----+--------------+--------------------+
[2024-08-09T13:01:40.850+0000] {subprocess.py:93} INFO - |change|change_percent|interval_sec|key_events|    last_update_utc|period|pre_or_post_market|pre_or_post_market_change|pre_or_post_market_change_percent|previous_close| price|     symbol|         time_series| type|utc_offset_sec|price_change_percent|
[2024-08-09T13:01:40.850+0000] {subprocess.py:93} INFO - +------+--------------+------------+----------+-------------------+------+------------------+-------------------------+---------------------------------+--------------+------+-----------+--------------------+-----+--------------+--------------------+
[2024-08-09T13:01:40.850+0000] {subprocess.py:93} INFO - |     0|             0|          60|        []|2024-08-09 12:58:58|    1D|            211.18|                    -2.13|                          -0.9985|        213.31|213.31|AAPL:NASDAQ|{{-0.35, -0.0016,...|stock|        -14400|                 0.0|
[2024-08-09T13:01:40.851+0000] {subprocess.py:93} INFO - +------+--------------+------------+----------+-------------------+------+------------------+-------------------------+---------------------------------+--------------+------+-----------+--------------------+-----+--------------+--------------------+
[2024-08-09T13:01:40.851+0000] {subprocess.py:93} INFO - 
[2024-08-09T13:01:40.877+0000] {subprocess.py:93} INFO - 24/08/09 13:01:40 INFO FileSourceStrategy: Pushed Filters:
[2024-08-09T13:01:40.878+0000] {subprocess.py:93} INFO - 24/08/09 13:01:40 INFO FileSourceStrategy: Post-Scan Filters:
[2024-08-09T13:01:40.888+0000] {subprocess.py:93} INFO - 24/08/09 13:01:40 INFO MemoryStore: Block broadcast_6 stored as values in memory (estimated size 200.9 KiB, free 1457.9 MiB)
[2024-08-09T13:01:40.891+0000] {subprocess.py:93} INFO - 24/08/09 13:01:40 INFO MemoryStore: Block broadcast_6_piece0 stored as bytes in memory (estimated size 34.7 KiB, free 1457.8 MiB)
[2024-08-09T13:01:40.892+0000] {subprocess.py:93} INFO - 24/08/09 13:01:40 INFO BlockManagerInfo: Added broadcast_6_piece0 in memory on 27ef58cc88fc:35981 (size: 34.7 KiB, free: 1458.3 MiB)
[2024-08-09T13:01:40.892+0000] {subprocess.py:93} INFO - 24/08/09 13:01:40 INFO SparkContext: Created broadcast 6 from showString at NativeMethodAccessorImpl.java:0
[2024-08-09T13:01:40.893+0000] {subprocess.py:93} INFO - 24/08/09 13:01:40 INFO FileSourceScanExec: Planning scan with bin packing, max size: 4194304 bytes, open cost is considered as scanning 4194304 bytes.
[2024-08-09T13:01:40.896+0000] {subprocess.py:93} INFO - 24/08/09 13:01:40 INFO SparkContext: Starting job: showString at NativeMethodAccessorImpl.java:0
[2024-08-09T13:01:40.897+0000] {subprocess.py:93} INFO - 24/08/09 13:01:40 INFO DAGScheduler: Got job 3 (showString at NativeMethodAccessorImpl.java:0) with 1 output partitions
[2024-08-09T13:01:40.897+0000] {subprocess.py:93} INFO - 24/08/09 13:01:40 INFO DAGScheduler: Final stage: ResultStage 3 (showString at NativeMethodAccessorImpl.java:0)
[2024-08-09T13:01:40.897+0000] {subprocess.py:93} INFO - 24/08/09 13:01:40 INFO DAGScheduler: Parents of final stage: List()
[2024-08-09T13:01:40.898+0000] {subprocess.py:93} INFO - 24/08/09 13:01:40 INFO DAGScheduler: Missing parents: List()
[2024-08-09T13:01:40.899+0000] {subprocess.py:93} INFO - 24/08/09 13:01:40 INFO DAGScheduler: Submitting ResultStage 3 (MapPartitionsRDD[15] at showString at NativeMethodAccessorImpl.java:0), which has no missing parents
[2024-08-09T13:01:40.914+0000] {subprocess.py:93} INFO - 24/08/09 13:01:40 INFO MemoryStore: Block broadcast_7 stored as values in memory (estimated size 118.2 KiB, free 1457.7 MiB)
[2024-08-09T13:01:40.916+0000] {subprocess.py:93} INFO - 24/08/09 13:01:40 INFO MemoryStore: Block broadcast_7_piece0 stored as bytes in memory (estimated size 20.1 KiB, free 1457.7 MiB)
[2024-08-09T13:01:40.917+0000] {subprocess.py:93} INFO - 24/08/09 13:01:40 INFO BlockManagerInfo: Added broadcast_7_piece0 in memory on 27ef58cc88fc:35981 (size: 20.1 KiB, free: 1458.3 MiB)
[2024-08-09T13:01:40.917+0000] {subprocess.py:93} INFO - 24/08/09 13:01:40 INFO SparkContext: Created broadcast 7 from broadcast at DAGScheduler.scala:1585
[2024-08-09T13:01:40.917+0000] {subprocess.py:93} INFO - 24/08/09 13:01:40 INFO DAGScheduler: Submitting 1 missing tasks from ResultStage 3 (MapPartitionsRDD[15] at showString at NativeMethodAccessorImpl.java:0) (first 15 tasks are for partitions Vector(0))
[2024-08-09T13:01:40.917+0000] {subprocess.py:93} INFO - 24/08/09 13:01:40 INFO TaskSchedulerImpl: Adding task set 3.0 with 1 tasks resource profile 0
[2024-08-09T13:01:40.918+0000] {subprocess.py:93} INFO - 24/08/09 13:01:40 INFO TaskSetManager: Starting task 0.0 in stage 3.0 (TID 3) (172.18.0.6, executor 0, partition 0, PROCESS_LOCAL, 8431 bytes)
[2024-08-09T13:01:40.925+0000] {subprocess.py:93} INFO - 24/08/09 13:01:40 INFO BlockManagerInfo: Added broadcast_7_piece0 in memory on 172.18.0.6:45399 (size: 20.1 KiB, free: 1458.3 MiB)
[2024-08-09T13:01:41.142+0000] {subprocess.py:93} INFO - 24/08/09 13:01:41 INFO BlockManagerInfo: Added broadcast_6_piece0 in memory on 172.18.0.6:45399 (size: 34.7 KiB, free: 1458.3 MiB)
[2024-08-09T13:01:41.159+0000] {subprocess.py:93} INFO - 24/08/09 13:01:41 INFO TaskSetManager: Finished task 0.0 in stage 3.0 (TID 3) in 241 ms on 172.18.0.6 (executor 0) (1/1)
[2024-08-09T13:01:41.160+0000] {subprocess.py:93} INFO - 24/08/09 13:01:41 INFO TaskSchedulerImpl: Removed TaskSet 3.0, whose tasks have all completed, from pool
[2024-08-09T13:01:41.160+0000] {subprocess.py:93} INFO - 24/08/09 13:01:41 INFO DAGScheduler: ResultStage 3 (showString at NativeMethodAccessorImpl.java:0) finished in 0.261 s
[2024-08-09T13:01:41.164+0000] {subprocess.py:93} INFO - 24/08/09 13:01:41 INFO DAGScheduler: Job 3 is finished. Cancelling potential speculative or zombie tasks for this job
[2024-08-09T13:01:41.164+0000] {subprocess.py:93} INFO - 24/08/09 13:01:41 INFO TaskSchedulerImpl: Killing all running tasks in stage 3: Stage finished
[2024-08-09T13:01:41.165+0000] {subprocess.py:93} INFO - 24/08/09 13:01:41 INFO DAGScheduler: Job 3 finished: showString at NativeMethodAccessorImpl.java:0, took 0.263714 s
[2024-08-09T13:01:41.166+0000] {subprocess.py:93} INFO - +--------------------+------+--------------+------------+----------+-------------------+------+------------------+-------------------------+---------------------------------+--------------+------+-----------+-----+--------------+--------------------+
[2024-08-09T13:01:41.167+0000] {subprocess.py:93} INFO - |                 arr|change|change_percent|interval_sec|key_events|    last_update_utc|period|pre_or_post_market|pre_or_post_market_change|pre_or_post_market_change_percent|previous_close| price|     symbol| type|utc_offset_sec|price_change_percent|
[2024-08-09T13:01:41.167+0000] {subprocess.py:93} INFO - +--------------------+------+--------------+------------+----------+-------------------+------+------------------+-------------------------+---------------------------------+--------------+------+-----------+-----+--------------+--------------------+
[2024-08-09T13:01:41.167+0000] {subprocess.py:93} INFO - |[{-0.35, -0.0016,...|     0|             0|          60|        []|2024-08-09 12:58:58|    1D|            211.18|                    -2.13|                          -0.9985|        213.31|213.31|AAPL:NASDAQ|stock|        -14400|                 0.0|
[2024-08-09T13:01:41.167+0000] {subprocess.py:93} INFO - +--------------------+------+--------------+------------+----------+-------------------+------+------------------+-------------------------+---------------------------------+--------------+------+-----------+-----+--------------+--------------------+
[2024-08-09T13:01:41.167+0000] {subprocess.py:93} INFO - 
[2024-08-09T13:01:41.239+0000] {subprocess.py:93} INFO - 24/08/09 13:01:41 INFO BlockManagerInfo: Removed broadcast_5_piece0 on 27ef58cc88fc:35981 in memory (size: 15.0 KiB, free: 1458.3 MiB)
[2024-08-09T13:01:41.243+0000] {subprocess.py:93} INFO - 24/08/09 13:01:41 INFO BlockManagerInfo: Removed broadcast_5_piece0 on 172.18.0.6:45399 in memory (size: 15.0 KiB, free: 1458.3 MiB)
[2024-08-09T13:01:41.252+0000] {subprocess.py:93} INFO - 24/08/09 13:01:41 INFO BlockManagerInfo: Removed broadcast_7_piece0 on 27ef58cc88fc:35981 in memory (size: 20.1 KiB, free: 1458.3 MiB)
[2024-08-09T13:01:41.253+0000] {subprocess.py:93} INFO - 24/08/09 13:01:41 INFO BlockManagerInfo: Removed broadcast_7_piece0 on 172.18.0.6:45399 in memory (size: 20.1 KiB, free: 1458.3 MiB)
[2024-08-09T13:01:41.258+0000] {subprocess.py:93} INFO - 24/08/09 13:01:41 INFO BlockManagerInfo: Removed broadcast_4_piece0 on 27ef58cc88fc:35981 in memory (size: 34.7 KiB, free: 1458.4 MiB)
[2024-08-09T13:01:41.259+0000] {subprocess.py:93} INFO - 24/08/09 13:01:41 INFO BlockManagerInfo: Removed broadcast_4_piece0 on 172.18.0.6:45399 in memory (size: 34.7 KiB, free: 1458.4 MiB)
[2024-08-09T13:01:41.292+0000] {subprocess.py:93} INFO - 24/08/09 13:01:41 INFO FileSourceStrategy: Pushed Filters:
[2024-08-09T13:01:41.292+0000] {subprocess.py:93} INFO - 24/08/09 13:01:41 INFO FileSourceStrategy: Post-Scan Filters: (size(array(time_series#60.2024-08-08 09:30:00, time_series#60.2024-08-08 09:31:00, time_series#60.2024-08-08 09:32:00, time_series#60.2024-08-08 09:33:00, time_series#60.2024-08-08 09:34:00, time_series#60.2024-08-08 09:35:00, time_series#60.2024-08-08 09:36:00, time_series#60.2024-08-08 09:37:00, time_series#60.2024-08-08 09:38:00, time_series#60.2024-08-08 09:39:00, time_series#60.2024-08-08 09:40:00, time_series#60.2024-08-08 09:41:00, time_series#60.2024-08-08 09:42:00, time_series#60.2024-08-08 09:43:00, time_series#60.2024-08-08 09:44:00, time_series#60.2024-08-08 09:45:00, time_series#60.2024-08-08 09:46:00, time_series#60.2024-08-08 09:47:00, time_series#60.2024-08-08 09:48:00, time_series#60.2024-08-08 09:49:00, time_series#60.2024-08-08 09:50:00, time_series#60.2024-08-08 09:51:00, time_series#60.2024-08-08 09:52:00, time_series#60.2024-08-08 09:53:00, ... 367 more fields), true) > 0)
[2024-08-09T13:01:41.357+0000] {subprocess.py:93} INFO - 24/08/09 13:01:41 INFO CodeGenerator: Code generated in 27.582417 ms
[2024-08-09T13:01:41.360+0000] {subprocess.py:93} INFO - 24/08/09 13:01:41 INFO MemoryStore: Block broadcast_8 stored as values in memory (estimated size 200.9 KiB, free 1458.0 MiB)
[2024-08-09T13:01:41.363+0000] {subprocess.py:93} INFO - 24/08/09 13:01:41 INFO MemoryStore: Block broadcast_8_piece0 stored as bytes in memory (estimated size 34.7 KiB, free 1457.9 MiB)
[2024-08-09T13:01:41.364+0000] {subprocess.py:93} INFO - 24/08/09 13:01:41 INFO BlockManagerInfo: Added broadcast_8_piece0 in memory on 27ef58cc88fc:35981 (size: 34.7 KiB, free: 1458.3 MiB)
[2024-08-09T13:01:41.367+0000] {subprocess.py:93} INFO - 24/08/09 13:01:41 INFO SparkContext: Created broadcast 8 from showString at NativeMethodAccessorImpl.java:0
[2024-08-09T13:01:41.367+0000] {subprocess.py:93} INFO - 24/08/09 13:01:41 INFO FileSourceScanExec: Planning scan with bin packing, max size: 4194304 bytes, open cost is considered as scanning 4194304 bytes.
[2024-08-09T13:01:41.372+0000] {subprocess.py:93} INFO - 24/08/09 13:01:41 INFO SparkContext: Starting job: showString at NativeMethodAccessorImpl.java:0
[2024-08-09T13:01:41.373+0000] {subprocess.py:93} INFO - 24/08/09 13:01:41 INFO DAGScheduler: Got job 4 (showString at NativeMethodAccessorImpl.java:0) with 1 output partitions
[2024-08-09T13:01:41.373+0000] {subprocess.py:93} INFO - 24/08/09 13:01:41 INFO DAGScheduler: Final stage: ResultStage 4 (showString at NativeMethodAccessorImpl.java:0)
[2024-08-09T13:01:41.373+0000] {subprocess.py:93} INFO - 24/08/09 13:01:41 INFO DAGScheduler: Parents of final stage: List()
[2024-08-09T13:01:41.374+0000] {subprocess.py:93} INFO - 24/08/09 13:01:41 INFO DAGScheduler: Missing parents: List()
[2024-08-09T13:01:41.374+0000] {subprocess.py:93} INFO - 24/08/09 13:01:41 INFO DAGScheduler: Submitting ResultStage 4 (MapPartitionsRDD[21] at showString at NativeMethodAccessorImpl.java:0), which has no missing parents
[2024-08-09T13:01:41.380+0000] {subprocess.py:93} INFO - 24/08/09 13:01:41 INFO MemoryStore: Block broadcast_9 stored as values in memory (estimated size 131.7 KiB, free 1457.8 MiB)
[2024-08-09T13:01:41.381+0000] {subprocess.py:93} INFO - 24/08/09 13:01:41 INFO MemoryStore: Block broadcast_9_piece0 stored as bytes in memory (estimated size 24.5 KiB, free 1457.8 MiB)
[2024-08-09T13:01:41.382+0000] {subprocess.py:93} INFO - 24/08/09 13:01:41 INFO BlockManagerInfo: Added broadcast_9_piece0 in memory on 27ef58cc88fc:35981 (size: 24.5 KiB, free: 1458.3 MiB)
[2024-08-09T13:01:41.382+0000] {subprocess.py:93} INFO - 24/08/09 13:01:41 INFO SparkContext: Created broadcast 9 from broadcast at DAGScheduler.scala:1585
[2024-08-09T13:01:41.382+0000] {subprocess.py:93} INFO - 24/08/09 13:01:41 INFO DAGScheduler: Submitting 1 missing tasks from ResultStage 4 (MapPartitionsRDD[21] at showString at NativeMethodAccessorImpl.java:0) (first 15 tasks are for partitions Vector(0))
[2024-08-09T13:01:41.382+0000] {subprocess.py:93} INFO - 24/08/09 13:01:41 INFO TaskSchedulerImpl: Adding task set 4.0 with 1 tasks resource profile 0
[2024-08-09T13:01:41.383+0000] {subprocess.py:93} INFO - 24/08/09 13:01:41 INFO TaskSetManager: Starting task 0.0 in stage 4.0 (TID 4) (172.18.0.7, executor 1, partition 0, PROCESS_LOCAL, 8431 bytes)
[2024-08-09T13:01:41.400+0000] {subprocess.py:93} INFO - 24/08/09 13:01:41 INFO BlockManagerInfo: Added broadcast_9_piece0 in memory on 172.18.0.7:34623 (size: 24.5 KiB, free: 1458.4 MiB)
[2024-08-09T13:01:42.485+0000] {subprocess.py:93} INFO - 24/08/09 13:01:42 INFO BlockManagerInfo: Added broadcast_8_piece0 in memory on 172.18.0.7:34623 (size: 34.7 KiB, free: 1458.3 MiB)
[2024-08-09T13:01:42.544+0000] {subprocess.py:93} INFO - 24/08/09 13:01:42 INFO TaskSetManager: Finished task 0.0 in stage 4.0 (TID 4) in 1161 ms on 172.18.0.7 (executor 1) (1/1)
[2024-08-09T13:01:42.545+0000] {subprocess.py:93} INFO - 24/08/09 13:01:42 INFO TaskSchedulerImpl: Removed TaskSet 4.0, whose tasks have all completed, from pool
[2024-08-09T13:01:42.546+0000] {subprocess.py:93} INFO - 24/08/09 13:01:42 INFO DAGScheduler: ResultStage 4 (showString at NativeMethodAccessorImpl.java:0) finished in 1.169 s
[2024-08-09T13:01:42.546+0000] {subprocess.py:93} INFO - 24/08/09 13:01:42 INFO DAGScheduler: Job 4 is finished. Cancelling potential speculative or zombie tasks for this job
[2024-08-09T13:01:42.546+0000] {subprocess.py:93} INFO - 24/08/09 13:01:42 INFO TaskSchedulerImpl: Killing all running tasks in stage 4: Stage finished
[2024-08-09T13:01:42.546+0000] {subprocess.py:93} INFO - 24/08/09 13:01:42 INFO DAGScheduler: Job 4 finished: showString at NativeMethodAccessorImpl.java:0, took 1.172955 s
[2024-08-09T13:01:42.552+0000] {subprocess.py:93} INFO - +--------------------+------+--------------+------------+----------+-------------------+------+------------------+-------------------------+---------------------------------+--------------+------+-----------+-----+--------------+--------------------+
[2024-08-09T13:01:42.552+0000] {subprocess.py:93} INFO - |                  ts|change|change_percent|interval_sec|key_events|    last_update_utc|period|pre_or_post_market|pre_or_post_market_change|pre_or_post_market_change_percent|previous_close| price|     symbol| type|utc_offset_sec|price_change_percent|
[2024-08-09T13:01:42.553+0000] {subprocess.py:93} INFO - +--------------------+------+--------------+------------+----------+-------------------+------+------------------+-------------------------+---------------------------------+--------------+------+-----------+-----+--------------+--------------------+
[2024-08-09T13:01:42.553+0000] {subprocess.py:93} INFO - |{-0.35, -0.0016, ...|     0|             0|          60|        []|2024-08-09 12:58:58|    1D|            211.18|                    -2.13|                          -0.9985|        213.31|213.31|AAPL:NASDAQ|stock|        -14400|                 0.0|
[2024-08-09T13:01:42.553+0000] {subprocess.py:93} INFO - |{-0.365, -0.0017,...|     0|             0|          60|        []|2024-08-09 12:58:58|    1D|            211.18|                    -2.13|                          -0.9985|        213.31|213.31|AAPL:NASDAQ|stock|        -14400|                 0.0|
[2024-08-09T13:01:42.553+0000] {subprocess.py:93} INFO - |{-0.22, -0.001, 2...|     0|             0|          60|        []|2024-08-09 12:58:58|    1D|            211.18|                    -2.13|                          -0.9985|        213.31|213.31|AAPL:NASDAQ|stock|        -14400|                 0.0|
[2024-08-09T13:01:42.553+0000] {subprocess.py:93} INFO - |{-0.99, -0.0046, ...|     0|             0|          60|        []|2024-08-09 12:58:58|    1D|            211.18|                    -2.13|                          -0.9985|        213.31|213.31|AAPL:NASDAQ|stock|        -14400|                 0.0|
[2024-08-09T13:01:42.554+0000] {subprocess.py:93} INFO - |{-0.67, -0.0031, ...|     0|             0|          60|        []|2024-08-09 12:58:58|    1D|            211.18|                    -2.13|                          -0.9985|        213.31|213.31|AAPL:NASDAQ|stock|        -14400|                 0.0|
[2024-08-09T13:01:42.558+0000] {subprocess.py:93} INFO - |{-0.91, -0.0043, ...|     0|             0|          60|        []|2024-08-09 12:58:58|    1D|            211.18|                    -2.13|                          -0.9985|        213.31|213.31|AAPL:NASDAQ|stock|        -14400|                 0.0|
[2024-08-09T13:01:42.558+0000] {subprocess.py:93} INFO - |{-1.64, -0.0077, ...|     0|             0|          60|        []|2024-08-09 12:58:58|    1D|            211.18|                    -2.13|                          -0.9985|        213.31|213.31|AAPL:NASDAQ|stock|        -14400|                 0.0|
[2024-08-09T13:01:42.558+0000] {subprocess.py:93} INFO - |{-1.88, -0.0088, ...|     0|             0|          60|        []|2024-08-09 12:58:58|    1D|            211.18|                    -2.13|                          -0.9985|        213.31|213.31|AAPL:NASDAQ|stock|        -14400|                 0.0|
[2024-08-09T13:01:42.559+0000] {subprocess.py:93} INFO - |{-2.3816, -0.0112...|     0|             0|          60|        []|2024-08-09 12:58:58|    1D|            211.18|                    -2.13|                          -0.9985|        213.31|213.31|AAPL:NASDAQ|stock|        -14400|                 0.0|
[2024-08-09T13:01:42.559+0000] {subprocess.py:93} INFO - |{-2.24, -0.0105, ...|     0|             0|          60|        []|2024-08-09 12:58:58|    1D|            211.18|                    -2.13|                          -0.9985|        213.31|213.31|AAPL:NASDAQ|stock|        -14400|                 0.0|
[2024-08-09T13:01:42.559+0000] {subprocess.py:93} INFO - |{-2.04, -0.0096, ...|     0|             0|          60|        []|2024-08-09 12:58:58|    1D|            211.18|                    -2.13|                          -0.9985|        213.31|213.31|AAPL:NASDAQ|stock|        -14400|                 0.0|
[2024-08-09T13:01:42.559+0000] {subprocess.py:93} INFO - |{-2.48, -0.0116, ...|     0|             0|          60|        []|2024-08-09 12:58:58|    1D|            211.18|                    -2.13|                          -0.9985|        213.31|213.31|AAPL:NASDAQ|stock|        -14400|                 0.0|
[2024-08-09T13:01:42.559+0000] {subprocess.py:93} INFO - |{-2.16, -0.0101, ...|     0|             0|          60|        []|2024-08-09 12:58:58|    1D|            211.18|                    -2.13|                          -0.9985|        213.31|213.31|AAPL:NASDAQ|stock|        -14400|                 0.0|
[2024-08-09T13:01:42.559+0000] {subprocess.py:93} INFO - |{-2.5372, -0.0119...|     0|             0|          60|        []|2024-08-09 12:58:58|    1D|            211.18|                    -2.13|                          -0.9985|        213.31|213.31|AAPL:NASDAQ|stock|        -14400|                 0.0|
[2024-08-09T13:01:42.560+0000] {subprocess.py:93} INFO - |{-2.94, -0.0138, ...|     0|             0|          60|        []|2024-08-09 12:58:58|    1D|            211.18|                    -2.13|                          -0.9985|        213.31|213.31|AAPL:NASDAQ|stock|        -14400|                 0.0|
[2024-08-09T13:01:42.560+0000] {subprocess.py:93} INFO - |{-3.14, -0.0147, ...|     0|             0|          60|        []|2024-08-09 12:58:58|    1D|            211.18|                    -2.13|                          -0.9985|        213.31|213.31|AAPL:NASDAQ|stock|        -14400|                 0.0|
[2024-08-09T13:01:42.560+0000] {subprocess.py:93} INFO - |{-3.04, -0.0143, ...|     0|             0|          60|        []|2024-08-09 12:58:58|    1D|            211.18|                    -2.13|                          -0.9985|        213.31|213.31|AAPL:NASDAQ|stock|        -14400|                 0.0|
[2024-08-09T13:01:42.560+0000] {subprocess.py:93} INFO - |{-3.41, -0.016, 2...|     0|             0|          60|        []|2024-08-09 12:58:58|    1D|            211.18|                    -2.13|                          -0.9985|        213.31|213.31|AAPL:NASDAQ|stock|        -14400|                 0.0|
[2024-08-09T13:01:42.560+0000] {subprocess.py:93} INFO - |{-3.8599, -0.0181...|     0|             0|          60|        []|2024-08-09 12:58:58|    1D|            211.18|                    -2.13|                          -0.9985|        213.31|213.31|AAPL:NASDAQ|stock|        -14400|                 0.0|
[2024-08-09T13:01:42.560+0000] {subprocess.py:93} INFO - |{-3.835, -0.018, ...|     0|             0|          60|        []|2024-08-09 12:58:58|    1D|            211.18|                    -2.13|                          -0.9985|        213.31|213.31|AAPL:NASDAQ|stock|        -14400|                 0.0|
[2024-08-09T13:01:42.560+0000] {subprocess.py:93} INFO - +--------------------+------+--------------+------------+----------+-------------------+------+------------------+-------------------------+---------------------------------+--------------+------+-----------+-----+--------------+--------------------+
[2024-08-09T13:01:42.560+0000] {subprocess.py:93} INFO - only showing top 20 rows
[2024-08-09T13:01:42.562+0000] {subprocess.py:93} INFO - 
[2024-08-09T13:01:42.628+0000] {subprocess.py:93} INFO - 24/08/09 13:01:42 INFO BlockManagerInfo: Removed broadcast_9_piece0 on 27ef58cc88fc:35981 in memory (size: 24.5 KiB, free: 1458.3 MiB)
[2024-08-09T13:01:42.629+0000] {subprocess.py:93} INFO - 24/08/09 13:01:42 INFO BlockManagerInfo: Removed broadcast_9_piece0 on 172.18.0.7:34623 in memory (size: 24.5 KiB, free: 1458.4 MiB)
[2024-08-09T13:01:43.083+0000] {subprocess.py:93} INFO - 24/08/09 13:01:43 INFO FileSourceStrategy: Pushed Filters:
[2024-08-09T13:01:43.083+0000] {subprocess.py:93} INFO - 24/08/09 13:01:43 INFO FileSourceStrategy: Post-Scan Filters: (size(array(time_series#60.2024-08-08 09:30:00, time_series#60.2024-08-08 09:31:00, time_series#60.2024-08-08 09:32:00, time_series#60.2024-08-08 09:33:00, time_series#60.2024-08-08 09:34:00, time_series#60.2024-08-08 09:35:00, time_series#60.2024-08-08 09:36:00, time_series#60.2024-08-08 09:37:00, time_series#60.2024-08-08 09:38:00, time_series#60.2024-08-08 09:39:00, time_series#60.2024-08-08 09:40:00, time_series#60.2024-08-08 09:41:00, time_series#60.2024-08-08 09:42:00, time_series#60.2024-08-08 09:43:00, time_series#60.2024-08-08 09:44:00, time_series#60.2024-08-08 09:45:00, time_series#60.2024-08-08 09:46:00, time_series#60.2024-08-08 09:47:00, time_series#60.2024-08-08 09:48:00, time_series#60.2024-08-08 09:49:00, time_series#60.2024-08-08 09:50:00, time_series#60.2024-08-08 09:51:00, time_series#60.2024-08-08 09:52:00, time_series#60.2024-08-08 09:53:00, ... 367 more fields), true) > 0)
[2024-08-09T13:01:43.103+0000] {subprocess.py:93} INFO - 24/08/09 13:01:43 WARN WindowExec: No Partition Defined for Window operation! Moving all data to a single partition, this can cause serious performance degradation.
[2024-08-09T13:01:43.107+0000] {subprocess.py:93} INFO - 24/08/09 13:01:43 WARN WindowExec: No Partition Defined for Window operation! Moving all data to a single partition, this can cause serious performance degradation.
[2024-08-09T13:01:43.111+0000] {subprocess.py:93} INFO - 24/08/09 13:01:43 WARN WindowExec: No Partition Defined for Window operation! Moving all data to a single partition, this can cause serious performance degradation.
[2024-08-09T13:01:43.111+0000] {subprocess.py:93} INFO - 24/08/09 13:01:43 WARN WindowExec: No Partition Defined for Window operation! Moving all data to a single partition, this can cause serious performance degradation.
[2024-08-09T13:01:43.177+0000] {subprocess.py:93} INFO - 24/08/09 13:01:43 INFO CodeGenerator: Code generated in 16.477875 ms
[2024-08-09T13:01:43.272+0000] {subprocess.py:93} INFO - 24/08/09 13:01:43 INFO DAGScheduler: Registering RDD 28 (showString at NativeMethodAccessorImpl.java:0) as input to shuffle 0
[2024-08-09T13:01:43.331+0000] {subprocess.py:93} INFO - 24/08/09 13:01:43 INFO DAGScheduler: Got map stage job 5 (showString at NativeMethodAccessorImpl.java:0) with 2 output partitions
[2024-08-09T13:01:43.338+0000] {subprocess.py:93} INFO - 24/08/09 13:01:43 INFO DAGScheduler: Final stage: ShuffleMapStage 5 (showString at NativeMethodAccessorImpl.java:0)
[2024-08-09T13:01:43.341+0000] {subprocess.py:93} INFO - 24/08/09 13:01:43 INFO DAGScheduler: Parents of final stage: List()
[2024-08-09T13:01:43.359+0000] {subprocess.py:93} INFO - 24/08/09 13:01:43 INFO DAGScheduler: Missing parents: List()
[2024-08-09T13:01:43.363+0000] {subprocess.py:93} INFO - 24/08/09 13:01:43 INFO DAGScheduler: Submitting ShuffleMapStage 5 (MapPartitionsRDD[28] at showString at NativeMethodAccessorImpl.java:0), which has no missing parents
[2024-08-09T13:01:43.375+0000] {subprocess.py:93} INFO - 24/08/09 13:01:43 INFO CodeGenerator: Code generated in 80.1245 ms
[2024-08-09T13:01:43.381+0000] {subprocess.py:93} INFO - 24/08/09 13:01:43 INFO MemoryStore: Block broadcast_10 stored as values in memory (estimated size 200.9 KiB, free 1457.7 MiB)
[2024-08-09T13:01:43.434+0000] {subprocess.py:93} INFO - 24/08/09 13:01:43 INFO MemoryStore: Block broadcast_10_piece0 stored as bytes in memory (estimated size 34.7 KiB, free 1457.7 MiB)
[2024-08-09T13:01:43.438+0000] {subprocess.py:93} INFO - 24/08/09 13:01:43 INFO BlockManagerInfo: Added broadcast_10_piece0 in memory on 27ef58cc88fc:35981 (size: 34.7 KiB, free: 1458.3 MiB)
[2024-08-09T13:01:43.442+0000] {subprocess.py:93} INFO - 24/08/09 13:01:43 INFO SparkContext: Created broadcast 10 from showString at NativeMethodAccessorImpl.java:0
[2024-08-09T13:01:43.447+0000] {subprocess.py:93} INFO - 24/08/09 13:01:43 INFO FileSourceScanExec: Planning scan with bin packing, max size: 4194304 bytes, open cost is considered as scanning 4194304 bytes.
[2024-08-09T13:01:43.452+0000] {subprocess.py:93} INFO - 24/08/09 13:01:43 INFO MemoryStore: Block broadcast_11 stored as values in memory (estimated size 15.2 KiB, free 1457.7 MiB)
[2024-08-09T13:01:43.460+0000] {subprocess.py:93} INFO - 24/08/09 13:01:43 INFO MemoryStore: Block broadcast_11_piece0 stored as bytes in memory (estimated size 8.1 KiB, free 1457.7 MiB)
[2024-08-09T13:01:43.461+0000] {subprocess.py:93} INFO - 24/08/09 13:01:43 INFO BlockManagerInfo: Added broadcast_11_piece0 in memory on 27ef58cc88fc:35981 (size: 8.1 KiB, free: 1458.3 MiB)
[2024-08-09T13:01:43.462+0000] {subprocess.py:93} INFO - 24/08/09 13:01:43 INFO SparkContext: Created broadcast 11 from broadcast at DAGScheduler.scala:1585
[2024-08-09T13:01:43.466+0000] {subprocess.py:93} INFO - 24/08/09 13:01:43 INFO DAGScheduler: Submitting 2 missing tasks from ShuffleMapStage 5 (MapPartitionsRDD[28] at showString at NativeMethodAccessorImpl.java:0) (first 15 tasks are for partitions Vector(0, 1))
[2024-08-09T13:01:43.466+0000] {subprocess.py:93} INFO - 24/08/09 13:01:43 INFO TaskSchedulerImpl: Adding task set 5.0 with 2 tasks resource profile 0
[2024-08-09T13:01:43.471+0000] {subprocess.py:93} INFO - 24/08/09 13:01:43 INFO DAGScheduler: Registering RDD 34 (showString at NativeMethodAccessorImpl.java:0) as input to shuffle 1
[2024-08-09T13:01:43.472+0000] {subprocess.py:93} INFO - 24/08/09 13:01:43 INFO DAGScheduler: Got map stage job 6 (showString at NativeMethodAccessorImpl.java:0) with 1 output partitions
[2024-08-09T13:01:43.472+0000] {subprocess.py:93} INFO - 24/08/09 13:01:43 INFO DAGScheduler: Final stage: ShuffleMapStage 6 (showString at NativeMethodAccessorImpl.java:0)
[2024-08-09T13:01:43.473+0000] {subprocess.py:93} INFO - 24/08/09 13:01:43 INFO DAGScheduler: Parents of final stage: List()
[2024-08-09T13:01:43.473+0000] {subprocess.py:93} INFO - 24/08/09 13:01:43 INFO TaskSetManager: Starting task 0.0 in stage 5.0 (TID 5) (172.18.0.7, executor 1, partition 0, PROCESS_LOCAL, 12490 bytes)
[2024-08-09T13:01:43.473+0000] {subprocess.py:93} INFO - 24/08/09 13:01:43 INFO TaskSetManager: Starting task 1.0 in stage 5.0 (TID 6) (172.18.0.6, executor 0, partition 1, PROCESS_LOCAL, 12539 bytes)
[2024-08-09T13:01:43.476+0000] {subprocess.py:93} INFO - 24/08/09 13:01:43 INFO DAGScheduler: Missing parents: List()
[2024-08-09T13:01:43.483+0000] {subprocess.py:93} INFO - 24/08/09 13:01:43 INFO DAGScheduler: Submitting ShuffleMapStage 6 (MapPartitionsRDD[34] at showString at NativeMethodAccessorImpl.java:0), which has no missing parents
[2024-08-09T13:01:43.507+0000] {subprocess.py:93} INFO - 24/08/09 13:01:43 INFO MemoryStore: Block broadcast_12 stored as values in memory (estimated size 131.8 KiB, free 1457.6 MiB)
[2024-08-09T13:01:43.549+0000] {subprocess.py:93} INFO - 24/08/09 13:01:43 INFO MemoryStore: Block broadcast_12_piece0 stored as bytes in memory (estimated size 25.3 KiB, free 1457.5 MiB)
[2024-08-09T13:01:43.550+0000] {subprocess.py:93} INFO - 24/08/09 13:01:43 INFO BlockManagerInfo: Added broadcast_12_piece0 in memory on 27ef58cc88fc:35981 (size: 25.3 KiB, free: 1458.3 MiB)
[2024-08-09T13:01:43.553+0000] {subprocess.py:93} INFO - 24/08/09 13:01:43 INFO SparkContext: Created broadcast 12 from broadcast at DAGScheduler.scala:1585
[2024-08-09T13:01:43.557+0000] {subprocess.py:93} INFO - 24/08/09 13:01:43 INFO DAGScheduler: Submitting 1 missing tasks from ShuffleMapStage 6 (MapPartitionsRDD[34] at showString at NativeMethodAccessorImpl.java:0) (first 15 tasks are for partitions Vector(0))
[2024-08-09T13:01:43.560+0000] {subprocess.py:93} INFO - 24/08/09 13:01:43 INFO TaskSchedulerImpl: Adding task set 6.0 with 1 tasks resource profile 0
[2024-08-09T13:01:43.575+0000] {subprocess.py:93} INFO - 24/08/09 13:01:43 INFO BlockManagerInfo: Added broadcast_11_piece0 in memory on 172.18.0.6:45399 (size: 8.1 KiB, free: 1458.4 MiB)
[2024-08-09T13:01:43.580+0000] {subprocess.py:93} INFO - 24/08/09 13:01:43 INFO BlockManagerInfo: Added broadcast_11_piece0 in memory on 172.18.0.7:34623 (size: 8.1 KiB, free: 1458.4 MiB)
[2024-08-09T13:01:43.632+0000] {subprocess.py:93} INFO - 24/08/09 13:01:43 INFO BlockManagerInfo: Removed broadcast_6_piece0 on 27ef58cc88fc:35981 in memory (size: 34.7 KiB, free: 1458.3 MiB)
[2024-08-09T13:01:43.634+0000] {subprocess.py:93} INFO - 24/08/09 13:01:43 INFO BlockManagerInfo: Removed broadcast_6_piece0 on 172.18.0.6:45399 in memory (size: 34.7 KiB, free: 1458.4 MiB)
[2024-08-09T13:01:43.648+0000] {subprocess.py:93} INFO - 24/08/09 13:01:43 INFO BlockManagerInfo: Removed broadcast_8_piece0 on 27ef58cc88fc:35981 in memory (size: 34.7 KiB, free: 1458.3 MiB)
[2024-08-09T13:01:43.652+0000] {subprocess.py:93} INFO - 24/08/09 13:01:43 INFO BlockManagerInfo: Removed broadcast_8_piece0 on 172.18.0.7:34623 in memory (size: 34.7 KiB, free: 1458.4 MiB)
[2024-08-09T13:01:44.272+0000] {subprocess.py:93} INFO - 24/08/09 13:01:44 INFO TaskSetManager: Starting task 0.0 in stage 6.0 (TID 7) (172.18.0.7, executor 1, partition 0, PROCESS_LOCAL, 8420 bytes)
[2024-08-09T13:01:44.276+0000] {subprocess.py:93} INFO - 24/08/09 13:01:44 INFO TaskSetManager: Finished task 0.0 in stage 5.0 (TID 5) in 808 ms on 172.18.0.7 (executor 1) (1/2)
[2024-08-09T13:01:44.281+0000] {subprocess.py:93} INFO - 24/08/09 13:01:44 INFO PythonAccumulatorV2: Connected to AccumulatorServer at host: 127.0.0.1 port: 36815
[2024-08-09T13:01:44.288+0000] {subprocess.py:93} INFO - 24/08/09 13:01:44 INFO BlockManagerInfo: Added broadcast_12_piece0 in memory on 172.18.0.7:34623 (size: 25.3 KiB, free: 1458.4 MiB)
[2024-08-09T13:01:44.291+0000] {subprocess.py:93} INFO - 24/08/09 13:01:44 INFO TaskSetManager: Finished task 1.0 in stage 5.0 (TID 6) in 819 ms on 172.18.0.6 (executor 0) (2/2)
[2024-08-09T13:01:44.292+0000] {subprocess.py:93} INFO - 24/08/09 13:01:44 INFO TaskSchedulerImpl: Removed TaskSet 5.0, whose tasks have all completed, from pool
[2024-08-09T13:01:44.293+0000] {subprocess.py:93} INFO - 24/08/09 13:01:44 INFO DAGScheduler: ShuffleMapStage 5 (showString at NativeMethodAccessorImpl.java:0) finished in 0.920 s
[2024-08-09T13:01:44.293+0000] {subprocess.py:93} INFO - 24/08/09 13:01:44 INFO DAGScheduler: looking for newly runnable stages
[2024-08-09T13:01:44.294+0000] {subprocess.py:93} INFO - 24/08/09 13:01:44 INFO DAGScheduler: running: Set(ShuffleMapStage 6)
[2024-08-09T13:01:44.294+0000] {subprocess.py:93} INFO - 24/08/09 13:01:44 INFO DAGScheduler: waiting: Set()
[2024-08-09T13:01:44.294+0000] {subprocess.py:93} INFO - 24/08/09 13:01:44 INFO DAGScheduler: failed: Set()
[2024-08-09T13:01:44.312+0000] {subprocess.py:93} INFO - 24/08/09 13:01:44 WARN WindowExec: No Partition Defined for Window operation! Moving all data to a single partition, this can cause serious performance degradation.
[2024-08-09T13:01:44.312+0000] {subprocess.py:93} INFO - 24/08/09 13:01:44 WARN WindowExec: No Partition Defined for Window operation! Moving all data to a single partition, this can cause serious performance degradation.
[2024-08-09T13:01:44.313+0000] {subprocess.py:93} INFO - 24/08/09 13:01:44 WARN WindowExec: No Partition Defined for Window operation! Moving all data to a single partition, this can cause serious performance degradation.
[2024-08-09T13:01:44.314+0000] {subprocess.py:93} INFO - 24/08/09 13:01:44 WARN WindowExec: No Partition Defined for Window operation! Moving all data to a single partition, this can cause serious performance degradation.
[2024-08-09T13:01:44.482+0000] {subprocess.py:93} INFO - 24/08/09 13:01:44 INFO BlockManagerInfo: Added broadcast_10_piece0 in memory on 172.18.0.7:34623 (size: 34.7 KiB, free: 1458.3 MiB)
[2024-08-09T13:01:44.527+0000] {subprocess.py:93} INFO - 24/08/09 13:01:44 INFO TaskSetManager: Finished task 0.0 in stage 6.0 (TID 7) in 255 ms on 172.18.0.7 (executor 1) (1/1)
[2024-08-09T13:01:44.527+0000] {subprocess.py:93} INFO - 24/08/09 13:01:44 INFO TaskSchedulerImpl: Removed TaskSet 6.0, whose tasks have all completed, from pool
[2024-08-09T13:01:44.527+0000] {subprocess.py:93} INFO - 24/08/09 13:01:44 INFO DAGScheduler: ShuffleMapStage 6 (showString at NativeMethodAccessorImpl.java:0) finished in 1.044 s
[2024-08-09T13:01:44.527+0000] {subprocess.py:93} INFO - 24/08/09 13:01:44 INFO DAGScheduler: looking for newly runnable stages
[2024-08-09T13:01:44.531+0000] {subprocess.py:93} INFO - 24/08/09 13:01:44 INFO DAGScheduler: running: Set()
[2024-08-09T13:01:44.531+0000] {subprocess.py:93} INFO - 24/08/09 13:01:44 INFO DAGScheduler: waiting: Set()
[2024-08-09T13:01:44.531+0000] {subprocess.py:93} INFO - 24/08/09 13:01:44 INFO DAGScheduler: failed: Set()
[2024-08-09T13:01:44.532+0000] {subprocess.py:93} INFO - 24/08/09 13:01:44 WARN WindowExec: No Partition Defined for Window operation! Moving all data to a single partition, this can cause serious performance degradation.
[2024-08-09T13:01:44.532+0000] {subprocess.py:93} INFO - 24/08/09 13:01:44 WARN WindowExec: No Partition Defined for Window operation! Moving all data to a single partition, this can cause serious performance degradation.
[2024-08-09T13:01:44.533+0000] {subprocess.py:93} INFO - 24/08/09 13:01:44 WARN WindowExec: No Partition Defined for Window operation! Moving all data to a single partition, this can cause serious performance degradation.
[2024-08-09T13:01:44.533+0000] {subprocess.py:93} INFO - 24/08/09 13:01:44 WARN WindowExec: No Partition Defined for Window operation! Moving all data to a single partition, this can cause serious performance degradation.
[2024-08-09T13:01:44.555+0000] {subprocess.py:93} INFO - 24/08/09 13:01:44 INFO CodeGenerator: Code generated in 6.025333 ms
[2024-08-09T13:01:44.566+0000] {subprocess.py:93} INFO - 24/08/09 13:01:44 INFO CodeGenerator: Code generated in 7.127875 ms
[2024-08-09T13:01:44.610+0000] {subprocess.py:93} INFO - 24/08/09 13:01:44 INFO SparkContext: Starting job: $anonfun$withThreadLocalCaptured$1 at FutureTask.java:264
[2024-08-09T13:01:44.613+0000] {subprocess.py:93} INFO - 24/08/09 13:01:44 INFO DAGScheduler: Got job 7 ($anonfun$withThreadLocalCaptured$1 at FutureTask.java:264) with 1 output partitions
[2024-08-09T13:01:44.613+0000] {subprocess.py:93} INFO - 24/08/09 13:01:44 INFO DAGScheduler: Final stage: ResultStage 8 ($anonfun$withThreadLocalCaptured$1 at FutureTask.java:264)
[2024-08-09T13:01:44.614+0000] {subprocess.py:93} INFO - 24/08/09 13:01:44 INFO DAGScheduler: Parents of final stage: List(ShuffleMapStage 7)
[2024-08-09T13:01:44.614+0000] {subprocess.py:93} INFO - 24/08/09 13:01:44 INFO DAGScheduler: Missing parents: List()
[2024-08-09T13:01:44.614+0000] {subprocess.py:93} INFO - 24/08/09 13:01:44 INFO DAGScheduler: Submitting ResultStage 8 (MapPartitionsRDD[39] at $anonfun$withThreadLocalCaptured$1 at FutureTask.java:264), which has no missing parents
[2024-08-09T13:01:44.620+0000] {subprocess.py:93} INFO - 24/08/09 13:01:44 INFO MemoryStore: Block broadcast_13 stored as values in memory (estimated size 35.7 KiB, free 1458.0 MiB)
[2024-08-09T13:01:44.621+0000] {subprocess.py:93} INFO - 24/08/09 13:01:44 INFO MemoryStore: Block broadcast_13_piece0 stored as bytes in memory (estimated size 17.4 KiB, free 1457.9 MiB)
[2024-08-09T13:01:44.622+0000] {subprocess.py:93} INFO - 24/08/09 13:01:44 INFO BlockManagerInfo: Added broadcast_13_piece0 in memory on 27ef58cc88fc:35981 (size: 17.4 KiB, free: 1458.3 MiB)
[2024-08-09T13:01:44.622+0000] {subprocess.py:93} INFO - 24/08/09 13:01:44 INFO SparkContext: Created broadcast 13 from broadcast at DAGScheduler.scala:1585
[2024-08-09T13:01:44.622+0000] {subprocess.py:93} INFO - 24/08/09 13:01:44 INFO DAGScheduler: Submitting 1 missing tasks from ResultStage 8 (MapPartitionsRDD[39] at $anonfun$withThreadLocalCaptured$1 at FutureTask.java:264) (first 15 tasks are for partitions Vector(0))
[2024-08-09T13:01:44.622+0000] {subprocess.py:93} INFO - 24/08/09 13:01:44 INFO TaskSchedulerImpl: Adding task set 8.0 with 1 tasks resource profile 0
[2024-08-09T13:01:44.626+0000] {subprocess.py:93} INFO - 24/08/09 13:01:44 INFO TaskSetManager: Starting task 0.0 in stage 8.0 (TID 8) (172.18.0.7, executor 1, partition 0, NODE_LOCAL, 7815 bytes)
[2024-08-09T13:01:44.639+0000] {subprocess.py:93} INFO - 24/08/09 13:01:44 INFO BlockManagerInfo: Added broadcast_13_piece0 in memory on 172.18.0.7:34623 (size: 17.4 KiB, free: 1458.3 MiB)
[2024-08-09T13:01:44.709+0000] {subprocess.py:93} INFO - 24/08/09 13:01:44 INFO MapOutputTrackerMasterEndpoint: Asked to send map output locations for shuffle 0 to 172.18.0.7:60706
[2024-08-09T13:01:44.924+0000] {subprocess.py:93} INFO - 24/08/09 13:01:44 INFO TaskSetManager: Finished task 0.0 in stage 8.0 (TID 8) in 298 ms on 172.18.0.7 (executor 1) (1/1)
[2024-08-09T13:01:44.924+0000] {subprocess.py:93} INFO - 24/08/09 13:01:44 INFO TaskSchedulerImpl: Removed TaskSet 8.0, whose tasks have all completed, from pool
[2024-08-09T13:01:44.925+0000] {subprocess.py:93} INFO - 24/08/09 13:01:44 INFO DAGScheduler: ResultStage 8 ($anonfun$withThreadLocalCaptured$1 at FutureTask.java:264) finished in 0.306 s
[2024-08-09T13:01:44.925+0000] {subprocess.py:93} INFO - 24/08/09 13:01:44 INFO DAGScheduler: Job 7 is finished. Cancelling potential speculative or zombie tasks for this job
[2024-08-09T13:01:44.927+0000] {subprocess.py:93} INFO - 24/08/09 13:01:44 INFO TaskSchedulerImpl: Killing all running tasks in stage 8: Stage finished
[2024-08-09T13:01:44.927+0000] {subprocess.py:93} INFO - 24/08/09 13:01:44 INFO DAGScheduler: Job 7 finished: $anonfun$withThreadLocalCaptured$1 at FutureTask.java:264, took 0.315293 s
[2024-08-09T13:01:44.941+0000] {subprocess.py:93} INFO - 24/08/09 13:01:44 INFO CodeGenerator: Code generated in 4.143458 ms
[2024-08-09T13:01:44.947+0000] {subprocess.py:93} INFO - 24/08/09 13:01:44 INFO MemoryStore: Block broadcast_14_piece0 stored as bytes in memory (estimated size 6.6 KiB, free 1457.9 MiB)
[2024-08-09T13:01:44.948+0000] {subprocess.py:93} INFO - 24/08/09 13:01:44 INFO BlockManagerInfo: Added broadcast_14_piece0 in memory on 27ef58cc88fc:35981 (size: 6.6 KiB, free: 1458.3 MiB)
[2024-08-09T13:01:44.949+0000] {subprocess.py:93} INFO - 24/08/09 13:01:44 INFO SparkContext: Created broadcast 14 from $anonfun$withThreadLocalCaptured$1 at FutureTask.java:264
[2024-08-09T13:01:44.952+0000] {subprocess.py:93} INFO - 24/08/09 13:01:44 WARN WindowExec: No Partition Defined for Window operation! Moving all data to a single partition, this can cause serious performance degradation.
[2024-08-09T13:01:44.952+0000] {subprocess.py:93} INFO - 24/08/09 13:01:44 WARN WindowExec: No Partition Defined for Window operation! Moving all data to a single partition, this can cause serious performance degradation.
[2024-08-09T13:01:44.989+0000] {subprocess.py:93} INFO - 24/08/09 13:01:44 INFO CodeGenerator: Code generated in 17.065875 ms
[2024-08-09T13:01:44.997+0000] {subprocess.py:93} INFO - 24/08/09 13:01:44 INFO CodeGenerator: Code generated in 5.493792 ms
[2024-08-09T13:01:45.036+0000] {subprocess.py:93} INFO - 24/08/09 13:01:45 INFO SparkContext: Starting job: showString at NativeMethodAccessorImpl.java:0
[2024-08-09T13:01:45.037+0000] {subprocess.py:93} INFO - 24/08/09 13:01:45 INFO DAGScheduler: Got job 8 (showString at NativeMethodAccessorImpl.java:0) with 1 output partitions
[2024-08-09T13:01:45.037+0000] {subprocess.py:93} INFO - 24/08/09 13:01:45 INFO DAGScheduler: Final stage: ResultStage 10 (showString at NativeMethodAccessorImpl.java:0)
[2024-08-09T13:01:45.037+0000] {subprocess.py:93} INFO - 24/08/09 13:01:45 INFO DAGScheduler: Parents of final stage: List(ShuffleMapStage 9)
[2024-08-09T13:01:45.038+0000] {subprocess.py:93} INFO - 24/08/09 13:01:45 INFO DAGScheduler: Missing parents: List()
[2024-08-09T13:01:45.038+0000] {subprocess.py:93} INFO - 24/08/09 13:01:45 INFO DAGScheduler: Submitting ResultStage 10 (MapPartitionsRDD[44] at showString at NativeMethodAccessorImpl.java:0), which has no missing parents
[2024-08-09T13:01:45.047+0000] {subprocess.py:93} INFO - 24/08/09 13:01:45 INFO MemoryStore: Block broadcast_15 stored as values in memory (estimated size 286.4 KiB, free 1457.7 MiB)
[2024-08-09T13:01:45.072+0000] {subprocess.py:93} INFO - 24/08/09 13:01:45 INFO MemoryStore: Block broadcast_15_piece0 stored as bytes in memory (estimated size 42.0 KiB, free 1457.6 MiB)
[2024-08-09T13:01:45.072+0000] {subprocess.py:93} INFO - 24/08/09 13:01:45 INFO BlockManagerInfo: Added broadcast_15_piece0 in memory on 27ef58cc88fc:35981 (size: 42.0 KiB, free: 1458.3 MiB)
[2024-08-09T13:01:45.073+0000] {subprocess.py:93} INFO - 24/08/09 13:01:45 INFO SparkContext: Created broadcast 15 from broadcast at DAGScheduler.scala:1585
[2024-08-09T13:01:45.073+0000] {subprocess.py:93} INFO - 24/08/09 13:01:45 INFO DAGScheduler: Submitting 1 missing tasks from ResultStage 10 (MapPartitionsRDD[44] at showString at NativeMethodAccessorImpl.java:0) (first 15 tasks are for partitions Vector(0))
[2024-08-09T13:01:45.073+0000] {subprocess.py:93} INFO - 24/08/09 13:01:45 INFO TaskSchedulerImpl: Adding task set 10.0 with 1 tasks resource profile 0
[2024-08-09T13:01:45.074+0000] {subprocess.py:93} INFO - 24/08/09 13:01:45 INFO TaskSetManager: Starting task 0.0 in stage 10.0 (TID 9) (172.18.0.7, executor 1, partition 0, NODE_LOCAL, 7815 bytes)
[2024-08-09T13:01:45.083+0000] {subprocess.py:93} INFO - 24/08/09 13:01:45 INFO BlockManagerInfo: Added broadcast_15_piece0 in memory on 172.18.0.7:34623 (size: 42.0 KiB, free: 1458.3 MiB)
[2024-08-09T13:01:45.122+0000] {subprocess.py:93} INFO - 24/08/09 13:01:45 INFO MapOutputTrackerMasterEndpoint: Asked to send map output locations for shuffle 1 to 172.18.0.7:60706
[2024-08-09T13:01:45.233+0000] {subprocess.py:93} INFO - 24/08/09 13:01:45 INFO BlockManagerInfo: Added broadcast_14_piece0 in memory on 172.18.0.7:34623 (size: 6.6 KiB, free: 1458.3 MiB)
[2024-08-09T13:01:45.252+0000] {subprocess.py:93} INFO - 24/08/09 13:01:45 INFO TaskSetManager: Finished task 0.0 in stage 10.0 (TID 9) in 178 ms on 172.18.0.7 (executor 1) (1/1)
[2024-08-09T13:01:45.253+0000] {subprocess.py:93} INFO - 24/08/09 13:01:45 INFO TaskSchedulerImpl: Removed TaskSet 10.0, whose tasks have all completed, from pool
[2024-08-09T13:01:45.256+0000] {subprocess.py:93} INFO - 24/08/09 13:01:45 INFO DAGScheduler: ResultStage 10 (showString at NativeMethodAccessorImpl.java:0) finished in 0.217 s
[2024-08-09T13:01:45.256+0000] {subprocess.py:93} INFO - 24/08/09 13:01:45 INFO DAGScheduler: Job 8 is finished. Cancelling potential speculative or zombie tasks for this job
[2024-08-09T13:01:45.261+0000] {subprocess.py:93} INFO - 24/08/09 13:01:45 INFO TaskSchedulerImpl: Killing all running tasks in stage 10: Stage finished
[2024-08-09T13:01:45.261+0000] {subprocess.py:93} INFO - 24/08/09 13:01:45 INFO DAGScheduler: Job 8 finished: showString at NativeMethodAccessorImpl.java:0, took 0.220576 s
[2024-08-09T13:01:45.272+0000] {subprocess.py:93} INFO - 24/08/09 13:01:45 INFO CodeGenerator: Code generated in 10.818084 ms
[2024-08-09T13:01:45.276+0000] {subprocess.py:93} INFO - +-------------------+--------------------+------+--------------+------------+----------+-------------------+------+------------------+-------------------------+---------------------------------+--------------+------+-----------+-----+--------------+--------------------+
[2024-08-09T13:01:45.276+0000] {subprocess.py:93} INFO - |                col|                  ts|change|change_percent|interval_sec|key_events|    last_update_utc|period|pre_or_post_market|pre_or_post_market_change|pre_or_post_market_change_percent|previous_close| price|     symbol| type|utc_offset_sec|price_change_percent|
[2024-08-09T13:01:45.276+0000] {subprocess.py:93} INFO - +-------------------+--------------------+------+--------------+------------+----------+-------------------+------+------------------+-------------------------+---------------------------------+--------------+------+-----------+-----+--------------+--------------------+
[2024-08-09T13:01:45.277+0000] {subprocess.py:93} INFO - |2024-08-08 09:30:00|{-0.35, -0.0016, ...|     0|             0|          60|        []|2024-08-09 12:58:58|    1D|            211.18|                    -2.13|                          -0.9985|        213.31|213.31|AAPL:NASDAQ|stock|        -14400|                 0.0|
[2024-08-09T13:01:45.277+0000] {subprocess.py:93} INFO - |2024-08-08 09:31:00|{-0.365, -0.0017,...|     0|             0|          60|        []|2024-08-09 12:58:58|    1D|            211.18|                    -2.13|                          -0.9985|        213.31|213.31|AAPL:NASDAQ|stock|        -14400|                 0.0|
[2024-08-09T13:01:45.278+0000] {subprocess.py:93} INFO - |2024-08-08 09:32:00|{-0.22, -0.001, 2...|     0|             0|          60|        []|2024-08-09 12:58:58|    1D|            211.18|                    -2.13|                          -0.9985|        213.31|213.31|AAPL:NASDAQ|stock|        -14400|                 0.0|
[2024-08-09T13:01:45.278+0000] {subprocess.py:93} INFO - |2024-08-08 09:33:00|{-0.99, -0.0046, ...|     0|             0|          60|        []|2024-08-09 12:58:58|    1D|            211.18|                    -2.13|                          -0.9985|        213.31|213.31|AAPL:NASDAQ|stock|        -14400|                 0.0|
[2024-08-09T13:01:45.279+0000] {subprocess.py:93} INFO - |2024-08-08 09:34:00|{-0.67, -0.0031, ...|     0|             0|          60|        []|2024-08-09 12:58:58|    1D|            211.18|                    -2.13|                          -0.9985|        213.31|213.31|AAPL:NASDAQ|stock|        -14400|                 0.0|
[2024-08-09T13:01:45.279+0000] {subprocess.py:93} INFO - |2024-08-08 09:35:00|{-0.91, -0.0043, ...|     0|             0|          60|        []|2024-08-09 12:58:58|    1D|            211.18|                    -2.13|                          -0.9985|        213.31|213.31|AAPL:NASDAQ|stock|        -14400|                 0.0|
[2024-08-09T13:01:45.281+0000] {subprocess.py:93} INFO - |2024-08-08 09:36:00|{-1.64, -0.0077, ...|     0|             0|          60|        []|2024-08-09 12:58:58|    1D|            211.18|                    -2.13|                          -0.9985|        213.31|213.31|AAPL:NASDAQ|stock|        -14400|                 0.0|
[2024-08-09T13:01:45.281+0000] {subprocess.py:93} INFO - |2024-08-08 09:37:00|{-1.88, -0.0088, ...|     0|             0|          60|        []|2024-08-09 12:58:58|    1D|            211.18|                    -2.13|                          -0.9985|        213.31|213.31|AAPL:NASDAQ|stock|        -14400|                 0.0|
[2024-08-09T13:01:45.281+0000] {subprocess.py:93} INFO - |2024-08-08 09:38:00|{-2.3816, -0.0112...|     0|             0|          60|        []|2024-08-09 12:58:58|    1D|            211.18|                    -2.13|                          -0.9985|        213.31|213.31|AAPL:NASDAQ|stock|        -14400|                 0.0|
[2024-08-09T13:01:45.281+0000] {subprocess.py:93} INFO - |2024-08-08 09:39:00|{-2.24, -0.0105, ...|     0|             0|          60|        []|2024-08-09 12:58:58|    1D|            211.18|                    -2.13|                          -0.9985|        213.31|213.31|AAPL:NASDAQ|stock|        -14400|                 0.0|
[2024-08-09T13:01:45.281+0000] {subprocess.py:93} INFO - |2024-08-08 09:40:00|{-2.04, -0.0096, ...|     0|             0|          60|        []|2024-08-09 12:58:58|    1D|            211.18|                    -2.13|                          -0.9985|        213.31|213.31|AAPL:NASDAQ|stock|        -14400|                 0.0|
[2024-08-09T13:01:45.281+0000] {subprocess.py:93} INFO - |2024-08-08 09:41:00|{-2.48, -0.0116, ...|     0|             0|          60|        []|2024-08-09 12:58:58|    1D|            211.18|                    -2.13|                          -0.9985|        213.31|213.31|AAPL:NASDAQ|stock|        -14400|                 0.0|
[2024-08-09T13:01:45.282+0000] {subprocess.py:93} INFO - |2024-08-08 09:42:00|{-2.16, -0.0101, ...|     0|             0|          60|        []|2024-08-09 12:58:58|    1D|            211.18|                    -2.13|                          -0.9985|        213.31|213.31|AAPL:NASDAQ|stock|        -14400|                 0.0|
[2024-08-09T13:01:45.283+0000] {subprocess.py:93} INFO - |2024-08-08 09:43:00|{-2.5372, -0.0119...|     0|             0|          60|        []|2024-08-09 12:58:58|    1D|            211.18|                    -2.13|                          -0.9985|        213.31|213.31|AAPL:NASDAQ|stock|        -14400|                 0.0|
[2024-08-09T13:01:45.283+0000] {subprocess.py:93} INFO - |2024-08-08 09:44:00|{-2.94, -0.0138, ...|     0|             0|          60|        []|2024-08-09 12:58:58|    1D|            211.18|                    -2.13|                          -0.9985|        213.31|213.31|AAPL:NASDAQ|stock|        -14400|                 0.0|
[2024-08-09T13:01:45.283+0000] {subprocess.py:93} INFO - |2024-08-08 09:45:00|{-3.14, -0.0147, ...|     0|             0|          60|        []|2024-08-09 12:58:58|    1D|            211.18|                    -2.13|                          -0.9985|        213.31|213.31|AAPL:NASDAQ|stock|        -14400|                 0.0|
[2024-08-09T13:01:45.284+0000] {subprocess.py:93} INFO - |2024-08-08 09:46:00|{-3.04, -0.0143, ...|     0|             0|          60|        []|2024-08-09 12:58:58|    1D|            211.18|                    -2.13|                          -0.9985|        213.31|213.31|AAPL:NASDAQ|stock|        -14400|                 0.0|
[2024-08-09T13:01:45.284+0000] {subprocess.py:93} INFO - |2024-08-08 09:47:00|{-3.41, -0.016, 2...|     0|             0|          60|        []|2024-08-09 12:58:58|    1D|            211.18|                    -2.13|                          -0.9985|        213.31|213.31|AAPL:NASDAQ|stock|        -14400|                 0.0|
[2024-08-09T13:01:45.285+0000] {subprocess.py:93} INFO - |2024-08-08 09:48:00|{-3.8599, -0.0181...|     0|             0|          60|        []|2024-08-09 12:58:58|    1D|            211.18|                    -2.13|                          -0.9985|        213.31|213.31|AAPL:NASDAQ|stock|        -14400|                 0.0|
[2024-08-09T13:01:45.285+0000] {subprocess.py:93} INFO - |2024-08-08 09:49:00|{-3.835, -0.018, ...|     0|             0|          60|        []|2024-08-09 12:58:58|    1D|            211.18|                    -2.13|                          -0.9985|        213.31|213.31|AAPL:NASDAQ|stock|        -14400|                 0.0|
[2024-08-09T13:01:45.286+0000] {subprocess.py:93} INFO - +-------------------+--------------------+------+--------------+------------+----------+-------------------+------+------------------+-------------------------+---------------------------------+--------------+------+-----------+-----+--------------+--------------------+
[2024-08-09T13:01:45.286+0000] {subprocess.py:93} INFO - only showing top 20 rows
[2024-08-09T13:01:45.286+0000] {subprocess.py:93} INFO - 
[2024-08-09T13:01:45.432+0000] {subprocess.py:93} INFO - Traceback (most recent call last):
[2024-08-09T13:01:45.432+0000] {subprocess.py:93} INFO -   File "/opt/***/jobs/process_data.py", line 110, in <module>
[2024-08-09T13:01:45.432+0000] {subprocess.py:93} INFO -     processed_stock_time_series = process_stock_time_series(stock_time_series)
[2024-08-09T13:01:45.433+0000] {subprocess.py:93} INFO -                                   ^^^^^^^^^^^^^^^^^^^^^^^^^^^^^^^^^^^^^^^^^^^^
[2024-08-09T13:01:45.433+0000] {subprocess.py:93} INFO -   File "/opt/***/jobs/process_data.py", line 68, in process_stock_time_series
[2024-08-09T13:01:45.433+0000] {subprocess.py:93} INFO -     processed_data = data.select(
[2024-08-09T13:01:45.434+0000] {subprocess.py:93} INFO -                      ^^^^^^^^^^^^
[2024-08-09T13:01:45.435+0000] {subprocess.py:93} INFO -   File "/home/***/.local/lib/python3.11/site-packages/pyspark/python/lib/pyspark.zip/pyspark/sql/dataframe.py", line 3227, in select
[2024-08-09T13:01:45.437+0000] {subprocess.py:93} INFO -   File "/home/***/.local/lib/python3.11/site-packages/pyspark/python/lib/py4j-0.10.9.7-src.zip/py4j/java_gateway.py", line 1322, in __call__
[2024-08-09T13:01:45.437+0000] {subprocess.py:93} INFO -   File "/home/***/.local/lib/python3.11/site-packages/pyspark/python/lib/pyspark.zip/pyspark/errors/exceptions/captured.py", line 185, in deco
[2024-08-09T13:01:45.443+0000] {subprocess.py:93} INFO - pyspark.errors.exceptions.captured.AnalysisException: [UNRESOLVED_COLUMN.WITH_SUGGESTION] A column or function parameter with name `volume` cannot be resolved. Did you mean one of the following? [`price`, `type`, `change`, `period`, `symbol`].;
[2024-08-09T13:01:45.443+0000] {subprocess.py:93} INFO - 'Project [symbol#59, price#58, previous_close#57, change#48L, change_percent#49L, price_change_percent#78, 'volume, time_series#60]
[2024-08-09T13:01:45.443+0000] {subprocess.py:93} INFO - +- Project [change#48L, change_percent#49L, interval_sec#50L, key_events#51, last_update_utc#52, period#53, pre_or_post_market#54, pre_or_post_market_change#55, pre_or_post_market_change_percent#56, previous_close#57, price#58, symbol#59, time_series#60, type#61, utc_offset_sec#62L, (((price#58 - previous_close#57) / previous_close#57) * cast(100 as double)) AS price_change_percent#78]
[2024-08-09T13:01:45.443+0000] {subprocess.py:93} INFO -    +- Relation [change#48L,change_percent#49L,interval_sec#50L,key_events#51,last_update_utc#52,period#53,pre_or_post_market#54,pre_or_post_market_change#55,pre_or_post_market_change_percent#56,previous_close#57,price#58,symbol#59,time_series#60,type#61,utc_offset_sec#62L] json
[2024-08-09T13:01:45.444+0000] {subprocess.py:93} INFO - 
[2024-08-09T13:01:45.525+0000] {subprocess.py:93} INFO - 24/08/09 13:01:45 INFO SparkContext: Invoking stop() from shutdown hook
[2024-08-09T13:01:45.525+0000] {subprocess.py:93} INFO - 24/08/09 13:01:45 INFO SparkContext: SparkContext is stopping with exitCode 0.
[2024-08-09T13:01:45.535+0000] {subprocess.py:93} INFO - 24/08/09 13:01:45 INFO SparkUI: Stopped Spark web UI at http://27ef58cc88fc:4040
[2024-08-09T13:01:45.540+0000] {subprocess.py:93} INFO - 24/08/09 13:01:45 INFO StandaloneSchedulerBackend: Shutting down all executors
[2024-08-09T13:01:45.540+0000] {subprocess.py:93} INFO - 24/08/09 13:01:45 INFO StandaloneSchedulerBackend$StandaloneDriverEndpoint: Asking each executor to shut down
[2024-08-09T13:01:45.573+0000] {subprocess.py:93} INFO - 24/08/09 13:01:45 INFO MapOutputTrackerMasterEndpoint: MapOutputTrackerMasterEndpoint stopped!
[2024-08-09T13:01:45.628+0000] {subprocess.py:93} INFO - 24/08/09 13:01:45 INFO MemoryStore: MemoryStore cleared
[2024-08-09T13:01:45.629+0000] {subprocess.py:93} INFO - 24/08/09 13:01:45 INFO BlockManager: BlockManager stopped
[2024-08-09T13:01:45.640+0000] {subprocess.py:93} INFO - 24/08/09 13:01:45 INFO BlockManagerMaster: BlockManagerMaster stopped
[2024-08-09T13:01:45.645+0000] {subprocess.py:93} INFO - 24/08/09 13:01:45 INFO OutputCommitCoordinator$OutputCommitCoordinatorEndpoint: OutputCommitCoordinator stopped!
[2024-08-09T13:01:45.680+0000] {subprocess.py:93} INFO - 24/08/09 13:01:45 INFO SparkContext: Successfully stopped SparkContext
[2024-08-09T13:01:45.681+0000] {subprocess.py:93} INFO - 24/08/09 13:01:45 INFO ShutdownHookManager: Shutdown hook called
[2024-08-09T13:01:45.681+0000] {subprocess.py:93} INFO - 24/08/09 13:01:45 INFO ShutdownHookManager: Deleting directory /tmp/spark-dea6ad13-a09e-43a6-810b-f0da1cda2000
[2024-08-09T13:01:45.683+0000] {subprocess.py:93} INFO - 24/08/09 13:01:45 INFO ShutdownHookManager: Deleting directory /tmp/spark-dea6ad13-a09e-43a6-810b-f0da1cda2000/pyspark-e41a37ea-05d5-48a2-89a0-6164321d7435
[2024-08-09T13:01:45.686+0000] {subprocess.py:93} INFO - 24/08/09 13:01:45 INFO ShutdownHookManager: Deleting directory /tmp/spark-ba94b103-2215-4a9e-96e9-6df62a5f6e16
[2024-08-09T13:01:45.725+0000] {subprocess.py:97} INFO - Command exited with return code 1
[2024-08-09T13:01:45.747+0000] {taskinstance.py:1935} ERROR - Task failed with exception
Traceback (most recent call last):
  File "/home/airflow/.local/lib/python3.11/site-packages/airflow/operators/bash.py", line 210, in execute
    raise AirflowException(
airflow.exceptions.AirflowException: Bash command failed. The command returned a non-zero exit code 1.
[2024-08-09T13:01:45.752+0000] {taskinstance.py:1398} INFO - Marking task as FAILED. dag_id=data_pipeline_api, task_id=process_data, execution_date=20240809T125909, start_date=20240809T130132, end_date=20240809T130145
[2024-08-09T13:01:45.765+0000] {standard_task_runner.py:104} ERROR - Failed to execute job 12 for task process_data (Bash command failed. The command returned a non-zero exit code 1.; 2018)
[2024-08-09T13:01:45.810+0000] {local_task_job_runner.py:228} INFO - Task exited with return code 1
[2024-08-09T13:01:45.832+0000] {taskinstance.py:2776} INFO - 0 downstream tasks scheduled from follow-on schedule check
