[2024-08-09T13:22:57.196+0000] {taskinstance.py:1157} INFO - Dependencies all met for dep_context=non-requeueable deps ti=<TaskInstance: spark_data_processing_pipeline.process_data scheduled__2024-08-08T01:00:00+00:00 [queued]>
[2024-08-09T13:22:57.200+0000] {taskinstance.py:1157} INFO - Dependencies all met for dep_context=requeueable deps ti=<TaskInstance: spark_data_processing_pipeline.process_data scheduled__2024-08-08T01:00:00+00:00 [queued]>
[2024-08-09T13:22:57.201+0000] {taskinstance.py:1359} INFO - Starting attempt 3 of 3
[2024-08-09T13:22:57.207+0000] {taskinstance.py:1380} INFO - Executing <Task(BashOperator): process_data> on 2024-08-08 01:00:00+00:00
[2024-08-09T13:22:57.210+0000] {standard_task_runner.py:57} INFO - Started process 3496 to run task
[2024-08-09T13:22:57.213+0000] {standard_task_runner.py:84} INFO - Running: ['***', 'tasks', 'run', 'spark_data_processing_pipeline', 'process_data', 'scheduled__2024-08-08T01:00:00+00:00', '--job-id', '17', '--raw', '--subdir', 'DAGS_FOLDER/spark-jobs_.py', '--cfg-path', '/tmp/tmpphkl936x']
[2024-08-09T13:22:57.217+0000] {standard_task_runner.py:85} INFO - Job 17: Subtask process_data
[2024-08-09T13:22:57.342+0000] {task_command.py:415} INFO - Running <TaskInstance: spark_data_processing_pipeline.process_data scheduled__2024-08-08T01:00:00+00:00 [running]> on host 27ef58cc88fc
[2024-08-09T13:22:57.395+0000] {taskinstance.py:1660} INFO - Exporting env vars: AIRFLOW_CTX_DAG_OWNER='***' AIRFLOW_CTX_DAG_ID='spark_data_processing_pipeline' AIRFLOW_CTX_TASK_ID='process_data' AIRFLOW_CTX_EXECUTION_DATE='2024-08-08T01:00:00+00:00' AIRFLOW_CTX_TRY_NUMBER='3' AIRFLOW_CTX_DAG_RUN_ID='scheduled__2024-08-08T01:00:00+00:00'
[2024-08-09T13:22:57.396+0000] {subprocess.py:63} INFO - Tmp dir root location: /tmp
[2024-08-09T13:22:57.397+0000] {subprocess.py:75} INFO - Running command: ['/bin/bash', '-c', 'bash /opt/***/jobs/spark-submit.sh /opt/***/jobs/main.py']
[2024-08-09T13:22:57.403+0000] {subprocess.py:86} INFO - Output:
[2024-08-09T13:22:57.406+0000] {subprocess.py:93} INFO - /opt/***/jobs/main.py
[2024-08-09T13:22:57.474+0000] {subprocess.py:93} INFO - /home/***/.local/lib/python3.11/site-packages/pyspark/bin/load-spark-env.sh: line 68: ps: command not found
[2024-08-09T13:22:58.769+0000] {subprocess.py:93} INFO - 24/08/09 13:22:58 WARN NativeCodeLoader: Unable to load native-hadoop library for your platform... using builtin-java classes where applicable
[2024-08-09T13:23:02.338+0000] {subprocess.py:93} INFO - 24/08/09 13:23:02 INFO SparkContext: Running Spark version 3.5.1
[2024-08-09T13:23:02.341+0000] {subprocess.py:93} INFO - 24/08/09 13:23:02 INFO SparkContext: OS info Linux, 6.6.32-linuxkit, aarch64
[2024-08-09T13:23:02.343+0000] {subprocess.py:93} INFO - 24/08/09 13:23:02 INFO SparkContext: Java version 11.0.23
[2024-08-09T13:23:02.359+0000] {subprocess.py:93} INFO - 24/08/09 13:23:02 INFO ResourceUtils: ==============================================================
[2024-08-09T13:23:02.361+0000] {subprocess.py:93} INFO - 24/08/09 13:23:02 INFO ResourceUtils: No custom resources configured for spark.driver.
[2024-08-09T13:23:02.362+0000] {subprocess.py:93} INFO - 24/08/09 13:23:02 INFO ResourceUtils: ==============================================================
[2024-08-09T13:23:02.363+0000] {subprocess.py:93} INFO - 24/08/09 13:23:02 INFO SparkContext: Submitted application: FinanceDataProcessing
[2024-08-09T13:23:02.383+0000] {subprocess.py:93} INFO - 24/08/09 13:23:02 INFO ResourceProfile: Default ResourceProfile created, executor resources: Map(cores -> name: cores, amount: 1, script: , vendor: , memory -> name: memory, amount: 1024, script: , vendor: , offHeap -> name: offHeap, amount: 1024, script: , vendor: ), task resources: Map(cpus -> name: cpus, amount: 1.0)
[2024-08-09T13:23:02.392+0000] {subprocess.py:93} INFO - 24/08/09 13:23:02 INFO ResourceProfile: Limiting resource is cpus at 1 tasks per executor
[2024-08-09T13:23:02.394+0000] {subprocess.py:93} INFO - 24/08/09 13:23:02 INFO ResourceProfileManager: Added ResourceProfile id: 0
[2024-08-09T13:23:02.427+0000] {subprocess.py:93} INFO - 24/08/09 13:23:02 INFO SecurityManager: Changing view acls to: ***
[2024-08-09T13:23:02.427+0000] {subprocess.py:93} INFO - 24/08/09 13:23:02 INFO SecurityManager: Changing modify acls to: ***
[2024-08-09T13:23:02.427+0000] {subprocess.py:93} INFO - 24/08/09 13:23:02 INFO SecurityManager: Changing view acls groups to:
[2024-08-09T13:23:02.428+0000] {subprocess.py:93} INFO - 24/08/09 13:23:02 INFO SecurityManager: Changing modify acls groups to:
[2024-08-09T13:23:02.429+0000] {subprocess.py:93} INFO - 24/08/09 13:23:02 INFO SecurityManager: SecurityManager: authentication disabled; ui acls disabled; users with view permissions: ***; groups with view permissions: EMPTY; users with modify permissions: ***; groups with modify permissions: EMPTY
[2024-08-09T13:23:02.537+0000] {subprocess.py:93} INFO - 24/08/09 13:23:02 INFO Utils: Successfully started service 'sparkDriver' on port 44027.
[2024-08-09T13:23:02.553+0000] {subprocess.py:93} INFO - 24/08/09 13:23:02 INFO SparkEnv: Registering MapOutputTracker
[2024-08-09T13:23:02.577+0000] {subprocess.py:93} INFO - 24/08/09 13:23:02 INFO SparkEnv: Registering BlockManagerMaster
[2024-08-09T13:23:02.584+0000] {subprocess.py:93} INFO - 24/08/09 13:23:02 INFO BlockManagerMasterEndpoint: Using org.apache.spark.storage.DefaultTopologyMapper for getting topology information
[2024-08-09T13:23:02.586+0000] {subprocess.py:93} INFO - 24/08/09 13:23:02 INFO BlockManagerMasterEndpoint: BlockManagerMasterEndpoint up
[2024-08-09T13:23:02.586+0000] {subprocess.py:93} INFO - 24/08/09 13:23:02 INFO SparkEnv: Registering BlockManagerMasterHeartbeat
[2024-08-09T13:23:02.596+0000] {subprocess.py:93} INFO - 24/08/09 13:23:02 INFO DiskBlockManager: Created local directory at /tmp/blockmgr-064b852c-94ca-481d-b77b-dadebaf19109
[2024-08-09T13:23:02.602+0000] {subprocess.py:93} INFO - 24/08/09 13:23:02 INFO MemoryStore: MemoryStore started with capacity 1458.4 MiB
[2024-08-09T13:23:02.611+0000] {subprocess.py:93} INFO - 24/08/09 13:23:02 INFO SparkEnv: Registering OutputCommitCoordinator
[2024-08-09T13:23:02.683+0000] {subprocess.py:93} INFO - 24/08/09 13:23:02 INFO JettyUtils: Start Jetty 0.0.0.0:4040 for SparkUI
[2024-08-09T13:23:02.708+0000] {subprocess.py:93} INFO - 24/08/09 13:23:02 INFO Utils: Successfully started service 'SparkUI' on port 4040.
[2024-08-09T13:23:02.724+0000] {subprocess.py:93} INFO - 24/08/09 13:23:02 INFO SparkContext: Added JAR file:///opt/bitnami/spark/resources/elasticsearch-spark-30_2.12-8.4.3.jar at spark://27ef58cc88fc:44027/jars/elasticsearch-spark-30_2.12-8.4.3.jar with timestamp 1723209782331
[2024-08-09T13:23:02.757+0000] {subprocess.py:93} INFO - 24/08/09 13:23:02 INFO StandaloneAppClient$ClientEndpoint: Connecting to master spark://spark-master:7077...
[2024-08-09T13:23:02.780+0000] {subprocess.py:93} INFO - 24/08/09 13:23:02 INFO TransportClientFactory: Successfully created connection to spark-master/172.18.0.4:7077 after 12 ms (0 ms spent in bootstraps)
[2024-08-09T13:23:02.851+0000] {subprocess.py:93} INFO - 24/08/09 13:23:02 INFO StandaloneSchedulerBackend: Connected to Spark cluster with app ID app-20240809132302-0013
[2024-08-09T13:23:02.852+0000] {subprocess.py:93} INFO - 24/08/09 13:23:02 INFO StandaloneAppClient$ClientEndpoint: Executor added: app-20240809132302-0013/0 on worker-20240809124721-172.18.0.6-35359 (172.18.0.6:35359) with 1 core(s)
[2024-08-09T13:23:02.854+0000] {subprocess.py:93} INFO - 24/08/09 13:23:02 INFO StandaloneSchedulerBackend: Granted executor ID app-20240809132302-0013/0 on hostPort 172.18.0.6:35359 with 1 core(s), 1024.0 MiB RAM
[2024-08-09T13:23:02.855+0000] {subprocess.py:93} INFO - 24/08/09 13:23:02 INFO StandaloneAppClient$ClientEndpoint: Executor added: app-20240809132302-0013/1 on worker-20240809124721-172.18.0.7-36933 (172.18.0.7:36933) with 1 core(s)
[2024-08-09T13:23:02.855+0000] {subprocess.py:93} INFO - 24/08/09 13:23:02 INFO StandaloneSchedulerBackend: Granted executor ID app-20240809132302-0013/1 on hostPort 172.18.0.7:36933 with 1 core(s), 1024.0 MiB RAM
[2024-08-09T13:23:02.860+0000] {subprocess.py:93} INFO - 24/08/09 13:23:02 INFO Utils: Successfully started service 'org.apache.spark.network.netty.NettyBlockTransferService' on port 43237.
[2024-08-09T13:23:02.867+0000] {subprocess.py:93} INFO - 24/08/09 13:23:02 INFO NettyBlockTransferService: Server created on 27ef58cc88fc:43237
[2024-08-09T13:23:02.868+0000] {subprocess.py:93} INFO - 24/08/09 13:23:02 INFO BlockManager: Using org.apache.spark.storage.RandomBlockReplicationPolicy for block replication policy
[2024-08-09T13:23:02.869+0000] {subprocess.py:93} INFO - 24/08/09 13:23:02 INFO BlockManagerMaster: Registering BlockManager BlockManagerId(driver, 27ef58cc88fc, 43237, None)
[2024-08-09T13:23:02.872+0000] {subprocess.py:93} INFO - 24/08/09 13:23:02 INFO BlockManagerMasterEndpoint: Registering block manager 27ef58cc88fc:43237 with 1458.4 MiB RAM, BlockManagerId(driver, 27ef58cc88fc, 43237, None)
[2024-08-09T13:23:02.874+0000] {subprocess.py:93} INFO - 24/08/09 13:23:02 INFO BlockManagerMaster: Registered BlockManager BlockManagerId(driver, 27ef58cc88fc, 43237, None)
[2024-08-09T13:23:02.877+0000] {subprocess.py:93} INFO - 24/08/09 13:23:02 INFO BlockManager: Initialized BlockManager: BlockManagerId(driver, 27ef58cc88fc, 43237, None)
[2024-08-09T13:23:02.911+0000] {subprocess.py:93} INFO - 24/08/09 13:23:02 INFO StandaloneAppClient$ClientEndpoint: Executor updated: app-20240809132302-0013/0 is now RUNNING
[2024-08-09T13:23:02.965+0000] {subprocess.py:93} INFO - 24/08/09 13:23:02 INFO StandaloneAppClient$ClientEndpoint: Executor updated: app-20240809132302-0013/1 is now RUNNING
[2024-08-09T13:23:03.087+0000] {subprocess.py:93} INFO - 24/08/09 13:23:03 INFO StandaloneSchedulerBackend: SchedulerBackend is ready for scheduling beginning after reached minRegisteredResourcesRatio: 0.0
[2024-08-09T13:23:03.361+0000] {subprocess.py:93} INFO - 24/08/09 13:23:03 INFO SharedState: Setting hive.metastore.warehouse.dir ('null') to the value of spark.sql.warehouse.dir.
[2024-08-09T13:23:03.363+0000] {subprocess.py:93} INFO - 24/08/09 13:23:03 INFO SharedState: Warehouse path is 'file:/tmp/***tmp6r4qd7pw/spark-warehouse'.
[2024-08-09T13:23:04.041+0000] {subprocess.py:93} INFO - 24/08/09 13:23:04 INFO Version: Elasticsearch Hadoop v8.4.3 [a7873eb469]
[2024-08-09T13:23:04.124+0000] {subprocess.py:93} INFO - 24/08/09 13:23:04 INFO InMemoryFileIndex: It took 45 ms to list leaf files for 1 paths.
[2024-08-09T13:23:04.188+0000] {subprocess.py:93} INFO - 24/08/09 13:23:04 INFO InMemoryFileIndex: It took 3 ms to list leaf files for 1 paths.
[2024-08-09T13:23:04.813+0000] {subprocess.py:93} INFO - 24/08/09 13:23:04 INFO StandaloneSchedulerBackend$StandaloneDriverEndpoint: Registered executor NettyRpcEndpointRef(spark-client://Executor) (172.18.0.6:45112) with ID 0,  ResourceProfileId 0
[2024-08-09T13:23:04.855+0000] {subprocess.py:93} INFO - 24/08/09 13:23:04 INFO StandaloneSchedulerBackend$StandaloneDriverEndpoint: Registered executor NettyRpcEndpointRef(spark-client://Executor) (172.18.0.7:37326) with ID 1,  ResourceProfileId 0
[2024-08-09T13:23:04.876+0000] {subprocess.py:93} INFO - 24/08/09 13:23:04 INFO BlockManagerMasterEndpoint: Registering block manager 172.18.0.6:35671 with 1458.4 MiB RAM, BlockManagerId(0, 172.18.0.6, 35671, None)
[2024-08-09T13:23:04.895+0000] {subprocess.py:93} INFO - 24/08/09 13:23:04 INFO BlockManagerMasterEndpoint: Registering block manager 172.18.0.7:35053 with 1458.4 MiB RAM, BlockManagerId(1, 172.18.0.7, 35053, None)
[2024-08-09T13:23:05.409+0000] {subprocess.py:93} INFO - 24/08/09 13:23:05 INFO FileSourceStrategy: Pushed Filters:
[2024-08-09T13:23:05.416+0000] {subprocess.py:93} INFO - 24/08/09 13:23:05 INFO FileSourceStrategy: Post-Scan Filters:
[2024-08-09T13:23:05.538+0000] {subprocess.py:93} INFO - 24/08/09 13:23:05 INFO MemoryStore: Block broadcast_0 stored as values in memory (estimated size 200.9 KiB, free 1458.2 MiB)
[2024-08-09T13:23:05.561+0000] {subprocess.py:93} INFO - 24/08/09 13:23:05 INFO MemoryStore: Block broadcast_0_piece0 stored as bytes in memory (estimated size 34.7 KiB, free 1458.2 MiB)
[2024-08-09T13:23:05.562+0000] {subprocess.py:93} INFO - 24/08/09 13:23:05 INFO BlockManagerInfo: Added broadcast_0_piece0 in memory on 27ef58cc88fc:43237 (size: 34.7 KiB, free: 1458.4 MiB)
[2024-08-09T13:23:05.565+0000] {subprocess.py:93} INFO - 24/08/09 13:23:05 INFO SparkContext: Created broadcast 0 from json at NativeMethodAccessorImpl.java:0
[2024-08-09T13:23:05.570+0000] {subprocess.py:93} INFO - 24/08/09 13:23:05 INFO FileSourceScanExec: Planning scan with bin packing, max size: 4194304 bytes, open cost is considered as scanning 4194304 bytes.
[2024-08-09T13:23:05.636+0000] {subprocess.py:93} INFO - 24/08/09 13:23:05 INFO SparkContext: Starting job: json at NativeMethodAccessorImpl.java:0
[2024-08-09T13:23:05.644+0000] {subprocess.py:93} INFO - 24/08/09 13:23:05 INFO DAGScheduler: Got job 0 (json at NativeMethodAccessorImpl.java:0) with 1 output partitions
[2024-08-09T13:23:05.644+0000] {subprocess.py:93} INFO - 24/08/09 13:23:05 INFO DAGScheduler: Final stage: ResultStage 0 (json at NativeMethodAccessorImpl.java:0)
[2024-08-09T13:23:05.644+0000] {subprocess.py:93} INFO - 24/08/09 13:23:05 INFO DAGScheduler: Parents of final stage: List()
[2024-08-09T13:23:05.645+0000] {subprocess.py:93} INFO - 24/08/09 13:23:05 INFO DAGScheduler: Missing parents: List()
[2024-08-09T13:23:05.647+0000] {subprocess.py:93} INFO - 24/08/09 13:23:05 INFO DAGScheduler: Submitting ResultStage 0 (MapPartitionsRDD[3] at json at NativeMethodAccessorImpl.java:0), which has no missing parents
[2024-08-09T13:23:05.699+0000] {subprocess.py:93} INFO - 24/08/09 13:23:05 INFO MemoryStore: Block broadcast_1 stored as values in memory (estimated size 16.6 KiB, free 1458.2 MiB)
[2024-08-09T13:23:05.703+0000] {subprocess.py:93} INFO - 24/08/09 13:23:05 INFO MemoryStore: Block broadcast_1_piece0 stored as bytes in memory (estimated size 7.8 KiB, free 1458.1 MiB)
[2024-08-09T13:23:05.705+0000] {subprocess.py:93} INFO - 24/08/09 13:23:05 INFO BlockManagerInfo: Added broadcast_1_piece0 in memory on 27ef58cc88fc:43237 (size: 7.8 KiB, free: 1458.4 MiB)
[2024-08-09T13:23:05.705+0000] {subprocess.py:93} INFO - 24/08/09 13:23:05 INFO SparkContext: Created broadcast 1 from broadcast at DAGScheduler.scala:1585
[2024-08-09T13:23:05.708+0000] {subprocess.py:93} INFO - 24/08/09 13:23:05 INFO DAGScheduler: Submitting 1 missing tasks from ResultStage 0 (MapPartitionsRDD[3] at json at NativeMethodAccessorImpl.java:0) (first 15 tasks are for partitions Vector(0))
[2024-08-09T13:23:05.709+0000] {subprocess.py:93} INFO - 24/08/09 13:23:05 INFO TaskSchedulerImpl: Adding task set 0.0 with 1 tasks resource profile 0
[2024-08-09T13:23:05.721+0000] {subprocess.py:93} INFO - 24/08/09 13:23:05 INFO TaskSetManager: Starting task 0.0 in stage 0.0 (TID 0) (172.18.0.6, executor 0, partition 0, PROCESS_LOCAL, 8432 bytes)
[2024-08-09T13:23:05.814+0000] {subprocess.py:93} INFO - 24/08/09 13:23:05 INFO BlockManagerInfo: Added broadcast_1_piece0 in memory on 172.18.0.6:35671 (size: 7.8 KiB, free: 1458.4 MiB)
[2024-08-09T13:23:06.137+0000] {subprocess.py:93} INFO - 24/08/09 13:23:06 INFO BlockManagerInfo: Added broadcast_0_piece0 in memory on 172.18.0.6:35671 (size: 34.7 KiB, free: 1458.4 MiB)
[2024-08-09T13:23:06.344+0000] {subprocess.py:93} INFO - 24/08/09 13:23:06 WARN TaskSetManager: Lost task 0.0 in stage 0.0 (TID 0) (172.18.0.6 executor 0): org.apache.spark.SparkFileNotFoundException: File file:/tmp/***tmp6r4qd7pw/data/market_trends.json does not exist
[2024-08-09T13:23:06.344+0000] {subprocess.py:93} INFO - It is possible the underlying files have been updated. You can explicitly invalidate the cache in Spark by running 'REFRESH TABLE tableName' command in SQL or by recreating the Dataset/DataFrame involved.
[2024-08-09T13:23:06.345+0000] {subprocess.py:93} INFO - 	at org.apache.spark.sql.errors.QueryExecutionErrors$.readCurrentFileNotFoundError(QueryExecutionErrors.scala:780)
[2024-08-09T13:23:06.345+0000] {subprocess.py:93} INFO - 	at org.apache.spark.sql.execution.datasources.FileScanRDD$$anon$1.org$apache$spark$sql$execution$datasources$FileScanRDD$$anon$$readCurrentFile(FileScanRDD.scala:220)
[2024-08-09T13:23:06.345+0000] {subprocess.py:93} INFO - 	at org.apache.spark.sql.execution.datasources.FileScanRDD$$anon$1.nextIterator(FileScanRDD.scala:279)
[2024-08-09T13:23:06.345+0000] {subprocess.py:93} INFO - 	at org.apache.spark.sql.execution.datasources.FileScanRDD$$anon$1.hasNext(FileScanRDD.scala:129)
[2024-08-09T13:23:06.345+0000] {subprocess.py:93} INFO - 	at scala.collection.Iterator$$anon$10.hasNext(Iterator.scala:460)
[2024-08-09T13:23:06.345+0000] {subprocess.py:93} INFO - 	at scala.collection.Iterator$$anon$11.hasNext(Iterator.scala:491)
[2024-08-09T13:23:06.346+0000] {subprocess.py:93} INFO - 	at scala.collection.Iterator.isEmpty(Iterator.scala:387)
[2024-08-09T13:23:06.346+0000] {subprocess.py:93} INFO - 	at scala.collection.Iterator.isEmpty$(Iterator.scala:387)
[2024-08-09T13:23:06.346+0000] {subprocess.py:93} INFO - 	at scala.collection.AbstractIterator.isEmpty(Iterator.scala:1431)
[2024-08-09T13:23:06.346+0000] {subprocess.py:93} INFO - 	at scala.collection.TraversableOnce.reduceLeftOption(TraversableOnce.scala:249)
[2024-08-09T13:23:06.346+0000] {subprocess.py:93} INFO - 	at scala.collection.TraversableOnce.reduceLeftOption$(TraversableOnce.scala:248)
[2024-08-09T13:23:06.346+0000] {subprocess.py:93} INFO - 	at scala.collection.AbstractIterator.reduceLeftOption(Iterator.scala:1431)
[2024-08-09T13:23:06.346+0000] {subprocess.py:93} INFO - 	at scala.collection.TraversableOnce.reduceOption(TraversableOnce.scala:256)
[2024-08-09T13:23:06.347+0000] {subprocess.py:93} INFO - 	at scala.collection.TraversableOnce.reduceOption$(TraversableOnce.scala:256)
[2024-08-09T13:23:06.347+0000] {subprocess.py:93} INFO - 	at scala.collection.AbstractIterator.reduceOption(Iterator.scala:1431)
[2024-08-09T13:23:06.347+0000] {subprocess.py:93} INFO - 	at org.apache.spark.sql.catalyst.json.JsonInferSchema.$anonfun$infer$1(JsonInferSchema.scala:107)
[2024-08-09T13:23:06.347+0000] {subprocess.py:93} INFO - 	at org.apache.spark.rdd.RDD.$anonfun$mapPartitions$2(RDD.scala:858)
[2024-08-09T13:23:06.347+0000] {subprocess.py:93} INFO - 	at org.apache.spark.rdd.RDD.$anonfun$mapPartitions$2$adapted(RDD.scala:858)
[2024-08-09T13:23:06.347+0000] {subprocess.py:93} INFO - 	at org.apache.spark.rdd.MapPartitionsRDD.compute(MapPartitionsRDD.scala:52)
[2024-08-09T13:23:06.347+0000] {subprocess.py:93} INFO - 	at org.apache.spark.rdd.RDD.computeOrReadCheckpoint(RDD.scala:367)
[2024-08-09T13:23:06.348+0000] {subprocess.py:93} INFO - 	at org.apache.spark.rdd.RDD.iterator(RDD.scala:331)
[2024-08-09T13:23:06.348+0000] {subprocess.py:93} INFO - 	at org.apache.spark.scheduler.ResultTask.runTask(ResultTask.scala:93)
[2024-08-09T13:23:06.348+0000] {subprocess.py:93} INFO - 	at org.apache.spark.TaskContext.runTaskWithListeners(TaskContext.scala:166)
[2024-08-09T13:23:06.348+0000] {subprocess.py:93} INFO - 	at org.apache.spark.scheduler.Task.run(Task.scala:141)
[2024-08-09T13:23:06.348+0000] {subprocess.py:93} INFO - 	at org.apache.spark.executor.Executor$TaskRunner.$anonfun$run$4(Executor.scala:620)
[2024-08-09T13:23:06.348+0000] {subprocess.py:93} INFO - 	at org.apache.spark.util.SparkErrorUtils.tryWithSafeFinally(SparkErrorUtils.scala:64)
[2024-08-09T13:23:06.348+0000] {subprocess.py:93} INFO - 	at org.apache.spark.util.SparkErrorUtils.tryWithSafeFinally$(SparkErrorUtils.scala:61)
[2024-08-09T13:23:06.349+0000] {subprocess.py:93} INFO - 	at org.apache.spark.util.Utils$.tryWithSafeFinally(Utils.scala:94)
[2024-08-09T13:23:06.349+0000] {subprocess.py:93} INFO - 	at org.apache.spark.executor.Executor$TaskRunner.run(Executor.scala:623)
[2024-08-09T13:23:06.349+0000] {subprocess.py:93} INFO - 	at java.base/java.util.concurrent.ThreadPoolExecutor.runWorker(ThreadPoolExecutor.java:1136)
[2024-08-09T13:23:06.349+0000] {subprocess.py:93} INFO - 	at java.base/java.util.concurrent.ThreadPoolExecutor$Worker.run(ThreadPoolExecutor.java:635)
[2024-08-09T13:23:06.349+0000] {subprocess.py:93} INFO - 	at java.base/java.lang.Thread.run(Thread.java:840)
[2024-08-09T13:23:06.350+0000] {subprocess.py:93} INFO - 
[2024-08-09T13:23:06.350+0000] {subprocess.py:93} INFO - 24/08/09 13:23:06 INFO TaskSetManager: Starting task 0.1 in stage 0.0 (TID 1) (172.18.0.6, executor 0, partition 0, PROCESS_LOCAL, 8432 bytes)
[2024-08-09T13:23:06.364+0000] {subprocess.py:93} INFO - 24/08/09 13:23:06 INFO TaskSetManager: Lost task 0.1 in stage 0.0 (TID 1) on 172.18.0.6, executor 0: org.apache.spark.SparkFileNotFoundException (File file:/tmp/***tmp6r4qd7pw/data/market_trends.json does not exist
[2024-08-09T13:23:06.364+0000] {subprocess.py:93} INFO - It is possible the underlying files have been updated. You can explicitly invalidate the cache in Spark by running 'REFRESH TABLE tableName' command in SQL or by recreating the Dataset/DataFrame involved.) [duplicate 1]
[2024-08-09T13:23:06.365+0000] {subprocess.py:93} INFO - 24/08/09 13:23:06 INFO TaskSetManager: Starting task 0.2 in stage 0.0 (TID 2) (172.18.0.6, executor 0, partition 0, PROCESS_LOCAL, 8432 bytes)
[2024-08-09T13:23:06.377+0000] {subprocess.py:93} INFO - 24/08/09 13:23:06 INFO TaskSetManager: Lost task 0.2 in stage 0.0 (TID 2) on 172.18.0.6, executor 0: org.apache.spark.SparkFileNotFoundException (File file:/tmp/***tmp6r4qd7pw/data/market_trends.json does not exist
[2024-08-09T13:23:06.377+0000] {subprocess.py:93} INFO - It is possible the underlying files have been updated. You can explicitly invalidate the cache in Spark by running 'REFRESH TABLE tableName' command in SQL or by recreating the Dataset/DataFrame involved.) [duplicate 2]
[2024-08-09T13:23:06.377+0000] {subprocess.py:93} INFO - 24/08/09 13:23:06 INFO TaskSetManager: Starting task 0.3 in stage 0.0 (TID 3) (172.18.0.6, executor 0, partition 0, PROCESS_LOCAL, 8432 bytes)
[2024-08-09T13:23:06.388+0000] {subprocess.py:93} INFO - 24/08/09 13:23:06 INFO TaskSetManager: Lost task 0.3 in stage 0.0 (TID 3) on 172.18.0.6, executor 0: org.apache.spark.SparkFileNotFoundException (File file:/tmp/***tmp6r4qd7pw/data/market_trends.json does not exist
[2024-08-09T13:23:06.389+0000] {subprocess.py:93} INFO - It is possible the underlying files have been updated. You can explicitly invalidate the cache in Spark by running 'REFRESH TABLE tableName' command in SQL or by recreating the Dataset/DataFrame involved.) [duplicate 3]
[2024-08-09T13:23:06.389+0000] {subprocess.py:93} INFO - 24/08/09 13:23:06 ERROR TaskSetManager: Task 0 in stage 0.0 failed 4 times; aborting job
[2024-08-09T13:23:06.389+0000] {subprocess.py:93} INFO - 24/08/09 13:23:06 INFO TaskSchedulerImpl: Removed TaskSet 0.0, whose tasks have all completed, from pool
[2024-08-09T13:23:06.390+0000] {subprocess.py:93} INFO - 24/08/09 13:23:06 INFO TaskSchedulerImpl: Cancelling stage 0
[2024-08-09T13:23:06.390+0000] {subprocess.py:93} INFO - 24/08/09 13:23:06 INFO TaskSchedulerImpl: Killing all running tasks in stage 0: Stage cancelled: Job aborted due to stage failure: Task 0 in stage 0.0 failed 4 times, most recent failure: Lost task 0.3 in stage 0.0 (TID 3) (172.18.0.6 executor 0): org.apache.spark.SparkFileNotFoundException: File file:/tmp/***tmp6r4qd7pw/data/market_trends.json does not exist
[2024-08-09T13:23:06.390+0000] {subprocess.py:93} INFO - It is possible the underlying files have been updated. You can explicitly invalidate the cache in Spark by running 'REFRESH TABLE tableName' command in SQL or by recreating the Dataset/DataFrame involved.
[2024-08-09T13:23:06.390+0000] {subprocess.py:93} INFO - 	at org.apache.spark.sql.errors.QueryExecutionErrors$.readCurrentFileNotFoundError(QueryExecutionErrors.scala:780)
[2024-08-09T13:23:06.391+0000] {subprocess.py:93} INFO - 	at org.apache.spark.sql.execution.datasources.FileScanRDD$$anon$1.org$apache$spark$sql$execution$datasources$FileScanRDD$$anon$$readCurrentFile(FileScanRDD.scala:220)
[2024-08-09T13:23:06.391+0000] {subprocess.py:93} INFO - 	at org.apache.spark.sql.execution.datasources.FileScanRDD$$anon$1.nextIterator(FileScanRDD.scala:279)
[2024-08-09T13:23:06.391+0000] {subprocess.py:93} INFO - 	at org.apache.spark.sql.execution.datasources.FileScanRDD$$anon$1.hasNext(FileScanRDD.scala:129)
[2024-08-09T13:23:06.391+0000] {subprocess.py:93} INFO - 	at scala.collection.Iterator$$anon$10.hasNext(Iterator.scala:460)
[2024-08-09T13:23:06.391+0000] {subprocess.py:93} INFO - 	at scala.collection.Iterator$$anon$11.hasNext(Iterator.scala:491)
[2024-08-09T13:23:06.391+0000] {subprocess.py:93} INFO - 	at scala.collection.Iterator.isEmpty(Iterator.scala:387)
[2024-08-09T13:23:06.391+0000] {subprocess.py:93} INFO - 	at scala.collection.Iterator.isEmpty$(Iterator.scala:387)
[2024-08-09T13:23:06.392+0000] {subprocess.py:93} INFO - 	at scala.collection.AbstractIterator.isEmpty(Iterator.scala:1431)
[2024-08-09T13:23:06.392+0000] {subprocess.py:93} INFO - 	at scala.collection.TraversableOnce.reduceLeftOption(TraversableOnce.scala:249)
[2024-08-09T13:23:06.392+0000] {subprocess.py:93} INFO - 	at scala.collection.TraversableOnce.reduceLeftOption$(TraversableOnce.scala:248)
[2024-08-09T13:23:06.392+0000] {subprocess.py:93} INFO - 	at scala.collection.AbstractIterator.reduceLeftOption(Iterator.scala:1431)
[2024-08-09T13:23:06.392+0000] {subprocess.py:93} INFO - 	at scala.collection.TraversableOnce.reduceOption(TraversableOnce.scala:256)
[2024-08-09T13:23:06.392+0000] {subprocess.py:93} INFO - 	at scala.collection.TraversableOnce.reduceOption$(TraversableOnce.scala:256)
[2024-08-09T13:23:06.392+0000] {subprocess.py:93} INFO - 	at scala.collection.AbstractIterator.reduceOption(Iterator.scala:1431)
[2024-08-09T13:23:06.392+0000] {subprocess.py:93} INFO - 	at org.apache.spark.sql.catalyst.json.JsonInferSchema.$anonfun$infer$1(JsonInferSchema.scala:107)
[2024-08-09T13:23:06.393+0000] {subprocess.py:93} INFO - 	at org.apache.spark.rdd.RDD.$anonfun$mapPartitions$2(RDD.scala:858)
[2024-08-09T13:23:06.393+0000] {subprocess.py:93} INFO - 	at org.apache.spark.rdd.RDD.$anonfun$mapPartitions$2$adapted(RDD.scala:858)
[2024-08-09T13:23:06.393+0000] {subprocess.py:93} INFO - 	at org.apache.spark.rdd.MapPartitionsRDD.compute(MapPartitionsRDD.scala:52)
[2024-08-09T13:23:06.393+0000] {subprocess.py:93} INFO - 	at org.apache.spark.rdd.RDD.computeOrReadCheckpoint(RDD.scala:367)
[2024-08-09T13:23:06.394+0000] {subprocess.py:93} INFO - 	at org.apache.spark.rdd.RDD.iterator(RDD.scala:331)
[2024-08-09T13:23:06.394+0000] {subprocess.py:93} INFO - 	at org.apache.spark.scheduler.ResultTask.runTask(ResultTask.scala:93)
[2024-08-09T13:23:06.394+0000] {subprocess.py:93} INFO - 	at org.apache.spark.TaskContext.runTaskWithListeners(TaskContext.scala:166)
[2024-08-09T13:23:06.394+0000] {subprocess.py:93} INFO - 	at org.apache.spark.scheduler.Task.run(Task.scala:141)
[2024-08-09T13:23:06.394+0000] {subprocess.py:93} INFO - 	at org.apache.spark.executor.Executor$TaskRunner.$anonfun$run$4(Executor.scala:620)
[2024-08-09T13:23:06.394+0000] {subprocess.py:93} INFO - 	at org.apache.spark.util.SparkErrorUtils.tryWithSafeFinally(SparkErrorUtils.scala:64)
[2024-08-09T13:23:06.394+0000] {subprocess.py:93} INFO - 	at org.apache.spark.util.SparkErrorUtils.tryWithSafeFinally$(SparkErrorUtils.scala:61)
[2024-08-09T13:23:06.394+0000] {subprocess.py:93} INFO - 	at org.apache.spark.util.Utils$.tryWithSafeFinally(Utils.scala:94)
[2024-08-09T13:23:06.394+0000] {subprocess.py:93} INFO - 	at org.apache.spark.executor.Executor$TaskRunner.run(Executor.scala:623)
[2024-08-09T13:23:06.395+0000] {subprocess.py:93} INFO - 	at java.base/java.util.concurrent.ThreadPoolExecutor.runWorker(ThreadPoolExecutor.java:1136)
[2024-08-09T13:23:06.395+0000] {subprocess.py:93} INFO - 	at java.base/java.util.concurrent.ThreadPoolExecutor$Worker.run(ThreadPoolExecutor.java:635)
[2024-08-09T13:23:06.395+0000] {subprocess.py:93} INFO - 	at java.base/java.lang.Thread.run(Thread.java:840)
[2024-08-09T13:23:06.395+0000] {subprocess.py:93} INFO - 
[2024-08-09T13:23:06.395+0000] {subprocess.py:93} INFO - Driver stacktrace:
[2024-08-09T13:23:06.395+0000] {subprocess.py:93} INFO - 24/08/09 13:23:06 INFO DAGScheduler: ResultStage 0 (json at NativeMethodAccessorImpl.java:0) failed in 0.736 s due to Job aborted due to stage failure: Task 0 in stage 0.0 failed 4 times, most recent failure: Lost task 0.3 in stage 0.0 (TID 3) (172.18.0.6 executor 0): org.apache.spark.SparkFileNotFoundException: File file:/tmp/***tmp6r4qd7pw/data/market_trends.json does not exist
[2024-08-09T13:23:06.395+0000] {subprocess.py:93} INFO - It is possible the underlying files have been updated. You can explicitly invalidate the cache in Spark by running 'REFRESH TABLE tableName' command in SQL or by recreating the Dataset/DataFrame involved.
[2024-08-09T13:23:06.395+0000] {subprocess.py:93} INFO - 	at org.apache.spark.sql.errors.QueryExecutionErrors$.readCurrentFileNotFoundError(QueryExecutionErrors.scala:780)
[2024-08-09T13:23:06.395+0000] {subprocess.py:93} INFO - 	at org.apache.spark.sql.execution.datasources.FileScanRDD$$anon$1.org$apache$spark$sql$execution$datasources$FileScanRDD$$anon$$readCurrentFile(FileScanRDD.scala:220)
[2024-08-09T13:23:06.396+0000] {subprocess.py:93} INFO - 	at org.apache.spark.sql.execution.datasources.FileScanRDD$$anon$1.nextIterator(FileScanRDD.scala:279)
[2024-08-09T13:23:06.396+0000] {subprocess.py:93} INFO - 	at org.apache.spark.sql.execution.datasources.FileScanRDD$$anon$1.hasNext(FileScanRDD.scala:129)
[2024-08-09T13:23:06.396+0000] {subprocess.py:93} INFO - 	at scala.collection.Iterator$$anon$10.hasNext(Iterator.scala:460)
[2024-08-09T13:23:06.396+0000] {subprocess.py:93} INFO - 	at scala.collection.Iterator$$anon$11.hasNext(Iterator.scala:491)
[2024-08-09T13:23:06.396+0000] {subprocess.py:93} INFO - 	at scala.collection.Iterator.isEmpty(Iterator.scala:387)
[2024-08-09T13:23:06.396+0000] {subprocess.py:93} INFO - 	at scala.collection.Iterator.isEmpty$(Iterator.scala:387)
[2024-08-09T13:23:06.396+0000] {subprocess.py:93} INFO - 	at scala.collection.AbstractIterator.isEmpty(Iterator.scala:1431)
[2024-08-09T13:23:06.396+0000] {subprocess.py:93} INFO - 	at scala.collection.TraversableOnce.reduceLeftOption(TraversableOnce.scala:249)
[2024-08-09T13:23:06.396+0000] {subprocess.py:93} INFO - 	at scala.collection.TraversableOnce.reduceLeftOption$(TraversableOnce.scala:248)
[2024-08-09T13:23:06.396+0000] {subprocess.py:93} INFO - 	at scala.collection.AbstractIterator.reduceLeftOption(Iterator.scala:1431)
[2024-08-09T13:23:06.396+0000] {subprocess.py:93} INFO - 	at scala.collection.TraversableOnce.reduceOption(TraversableOnce.scala:256)
[2024-08-09T13:23:06.396+0000] {subprocess.py:93} INFO - 	at scala.collection.TraversableOnce.reduceOption$(TraversableOnce.scala:256)
[2024-08-09T13:23:06.397+0000] {subprocess.py:93} INFO - 	at scala.collection.AbstractIterator.reduceOption(Iterator.scala:1431)
[2024-08-09T13:23:06.397+0000] {subprocess.py:93} INFO - 	at org.apache.spark.sql.catalyst.json.JsonInferSchema.$anonfun$infer$1(JsonInferSchema.scala:107)
[2024-08-09T13:23:06.397+0000] {subprocess.py:93} INFO - 	at org.apache.spark.rdd.RDD.$anonfun$mapPartitions$2(RDD.scala:858)
[2024-08-09T13:23:06.397+0000] {subprocess.py:93} INFO - 	at org.apache.spark.rdd.RDD.$anonfun$mapPartitions$2$adapted(RDD.scala:858)
[2024-08-09T13:23:06.397+0000] {subprocess.py:93} INFO - 	at org.apache.spark.rdd.MapPartitionsRDD.compute(MapPartitionsRDD.scala:52)
[2024-08-09T13:23:06.397+0000] {subprocess.py:93} INFO - 	at org.apache.spark.rdd.RDD.computeOrReadCheckpoint(RDD.scala:367)
[2024-08-09T13:23:06.397+0000] {subprocess.py:93} INFO - 	at org.apache.spark.rdd.RDD.iterator(RDD.scala:331)
[2024-08-09T13:23:06.397+0000] {subprocess.py:93} INFO - 	at org.apache.spark.scheduler.ResultTask.runTask(ResultTask.scala:93)
[2024-08-09T13:23:06.397+0000] {subprocess.py:93} INFO - 	at org.apache.spark.TaskContext.runTaskWithListeners(TaskContext.scala:166)
[2024-08-09T13:23:06.398+0000] {subprocess.py:93} INFO - 	at org.apache.spark.scheduler.Task.run(Task.scala:141)
[2024-08-09T13:23:06.398+0000] {subprocess.py:93} INFO - 	at org.apache.spark.executor.Executor$TaskRunner.$anonfun$run$4(Executor.scala:620)
[2024-08-09T13:23:06.398+0000] {subprocess.py:93} INFO - 	at org.apache.spark.util.SparkErrorUtils.tryWithSafeFinally(SparkErrorUtils.scala:64)
[2024-08-09T13:23:06.398+0000] {subprocess.py:93} INFO - 	at org.apache.spark.util.SparkErrorUtils.tryWithSafeFinally$(SparkErrorUtils.scala:61)
[2024-08-09T13:23:06.398+0000] {subprocess.py:93} INFO - 	at org.apache.spark.util.Utils$.tryWithSafeFinally(Utils.scala:94)
[2024-08-09T13:23:06.398+0000] {subprocess.py:93} INFO - 	at org.apache.spark.executor.Executor$TaskRunner.run(Executor.scala:623)
[2024-08-09T13:23:06.398+0000] {subprocess.py:93} INFO - 	at java.base/java.util.concurrent.ThreadPoolExecutor.runWorker(ThreadPoolExecutor.java:1136)
[2024-08-09T13:23:06.398+0000] {subprocess.py:93} INFO - 	at java.base/java.util.concurrent.ThreadPoolExecutor$Worker.run(ThreadPoolExecutor.java:635)
[2024-08-09T13:23:06.398+0000] {subprocess.py:93} INFO - 	at java.base/java.lang.Thread.run(Thread.java:840)
[2024-08-09T13:23:06.398+0000] {subprocess.py:93} INFO - 
[2024-08-09T13:23:06.398+0000] {subprocess.py:93} INFO - Driver stacktrace:
[2024-08-09T13:23:06.399+0000] {subprocess.py:93} INFO - 24/08/09 13:23:06 INFO DAGScheduler: Job 0 failed: json at NativeMethodAccessorImpl.java:0, took 0.755964 s
[2024-08-09T13:23:06.463+0000] {subprocess.py:93} INFO - Traceback (most recent call last):
[2024-08-09T13:23:06.463+0000] {subprocess.py:93} INFO -   File "/opt/***/jobs/main.py", line 36, in <module>
[2024-08-09T13:23:06.463+0000] {subprocess.py:93} INFO -     main()
[2024-08-09T13:23:06.464+0000] {subprocess.py:93} INFO -   File "/opt/***/jobs/main.py", line 16, in main
[2024-08-09T13:23:06.464+0000] {subprocess.py:93} INFO -     market_trends = process_data.load_data(spark, "data/market_trends.json")
[2024-08-09T13:23:06.464+0000] {subprocess.py:93} INFO -                     ^^^^^^^^^^^^^^^^^^^^^^^^^^^^^^^^^^^^^^^^^^^^^^^^^^^^^^^^
[2024-08-09T13:23:06.465+0000] {subprocess.py:93} INFO -   File "/opt/***/jobs/process_data.py", line 8, in load_data
[2024-08-09T13:23:06.465+0000] {subprocess.py:93} INFO -     return spark.read.json(file_path)
[2024-08-09T13:23:06.465+0000] {subprocess.py:93} INFO -            ^^^^^^^^^^^^^^^^^^^^^^^^^^
[2024-08-09T13:23:06.466+0000] {subprocess.py:93} INFO -   File "/home/***/.local/lib/python3.11/site-packages/pyspark/python/lib/pyspark.zip/pyspark/sql/readwriter.py", line 425, in json
[2024-08-09T13:23:06.466+0000] {subprocess.py:93} INFO -   File "/home/***/.local/lib/python3.11/site-packages/pyspark/python/lib/py4j-0.10.9.7-src.zip/py4j/java_gateway.py", line 1322, in __call__
[2024-08-09T13:23:06.466+0000] {subprocess.py:93} INFO -   File "/home/***/.local/lib/python3.11/site-packages/pyspark/python/lib/pyspark.zip/pyspark/errors/exceptions/captured.py", line 179, in deco
[2024-08-09T13:23:06.466+0000] {subprocess.py:93} INFO -   File "/home/***/.local/lib/python3.11/site-packages/pyspark/python/lib/py4j-0.10.9.7-src.zip/py4j/protocol.py", line 326, in get_return_value
[2024-08-09T13:23:06.510+0000] {subprocess.py:93} INFO - py4j.protocol.Py4JJavaError: An error occurred while calling o32.json.
[2024-08-09T13:23:06.514+0000] {subprocess.py:93} INFO - : org.apache.spark.SparkException: Job aborted due to stage failure: Task 0 in stage 0.0 failed 4 times, most recent failure: Lost task 0.3 in stage 0.0 (TID 3) (172.18.0.6 executor 0): org.apache.spark.SparkFileNotFoundException: File file:/tmp/***tmp6r4qd7pw/data/market_trends.json does not exist
[2024-08-09T13:23:06.517+0000] {subprocess.py:93} INFO - It is possible the underlying files have been updated. You can explicitly invalidate the cache in Spark by running 'REFRESH TABLE tableName' command in SQL or by recreating the Dataset/DataFrame involved.
[2024-08-09T13:23:06.517+0000] {subprocess.py:93} INFO - 	at org.apache.spark.sql.errors.QueryExecutionErrors$.readCurrentFileNotFoundError(QueryExecutionErrors.scala:780)
[2024-08-09T13:23:06.518+0000] {subprocess.py:93} INFO - 	at org.apache.spark.sql.execution.datasources.FileScanRDD$$anon$1.org$apache$spark$sql$execution$datasources$FileScanRDD$$anon$$readCurrentFile(FileScanRDD.scala:220)
[2024-08-09T13:23:06.518+0000] {subprocess.py:93} INFO - 	at org.apache.spark.sql.execution.datasources.FileScanRDD$$anon$1.nextIterator(FileScanRDD.scala:279)
[2024-08-09T13:23:06.518+0000] {subprocess.py:93} INFO - 	at org.apache.spark.sql.execution.datasources.FileScanRDD$$anon$1.hasNext(FileScanRDD.scala:129)
[2024-08-09T13:23:06.518+0000] {subprocess.py:93} INFO - 	at scala.collection.Iterator$$anon$10.hasNext(Iterator.scala:460)
[2024-08-09T13:23:06.518+0000] {subprocess.py:93} INFO - 	at scala.collection.Iterator$$anon$11.hasNext(Iterator.scala:491)
[2024-08-09T13:23:06.518+0000] {subprocess.py:93} INFO - 	at scala.collection.Iterator.isEmpty(Iterator.scala:387)
[2024-08-09T13:23:06.518+0000] {subprocess.py:93} INFO - 	at scala.collection.Iterator.isEmpty$(Iterator.scala:387)
[2024-08-09T13:23:06.518+0000] {subprocess.py:93} INFO - 	at scala.collection.AbstractIterator.isEmpty(Iterator.scala:1431)
[2024-08-09T13:23:06.518+0000] {subprocess.py:93} INFO - 	at scala.collection.TraversableOnce.reduceLeftOption(TraversableOnce.scala:249)
[2024-08-09T13:23:06.518+0000] {subprocess.py:93} INFO - 	at scala.collection.TraversableOnce.reduceLeftOption$(TraversableOnce.scala:248)
[2024-08-09T13:23:06.519+0000] {subprocess.py:93} INFO - 	at scala.collection.AbstractIterator.reduceLeftOption(Iterator.scala:1431)
[2024-08-09T13:23:06.519+0000] {subprocess.py:93} INFO - 	at scala.collection.TraversableOnce.reduceOption(TraversableOnce.scala:256)
[2024-08-09T13:23:06.519+0000] {subprocess.py:93} INFO - 	at scala.collection.TraversableOnce.reduceOption$(TraversableOnce.scala:256)
[2024-08-09T13:23:06.519+0000] {subprocess.py:93} INFO - 	at scala.collection.AbstractIterator.reduceOption(Iterator.scala:1431)
[2024-08-09T13:23:06.519+0000] {subprocess.py:93} INFO - 	at org.apache.spark.sql.catalyst.json.JsonInferSchema.$anonfun$infer$1(JsonInferSchema.scala:107)
[2024-08-09T13:23:06.519+0000] {subprocess.py:93} INFO - 	at org.apache.spark.rdd.RDD.$anonfun$mapPartitions$2(RDD.scala:858)
[2024-08-09T13:23:06.519+0000] {subprocess.py:93} INFO - 	at org.apache.spark.rdd.RDD.$anonfun$mapPartitions$2$adapted(RDD.scala:858)
[2024-08-09T13:23:06.519+0000] {subprocess.py:93} INFO - 	at org.apache.spark.rdd.MapPartitionsRDD.compute(MapPartitionsRDD.scala:52)
[2024-08-09T13:23:06.519+0000] {subprocess.py:93} INFO - 	at org.apache.spark.rdd.RDD.computeOrReadCheckpoint(RDD.scala:367)
[2024-08-09T13:23:06.519+0000] {subprocess.py:93} INFO - 	at org.apache.spark.rdd.RDD.iterator(RDD.scala:331)
[2024-08-09T13:23:06.520+0000] {subprocess.py:93} INFO - 	at org.apache.spark.scheduler.ResultTask.runTask(ResultTask.scala:93)
[2024-08-09T13:23:06.520+0000] {subprocess.py:93} INFO - 	at org.apache.spark.TaskContext.runTaskWithListeners(TaskContext.scala:166)
[2024-08-09T13:23:06.520+0000] {subprocess.py:93} INFO - 	at org.apache.spark.scheduler.Task.run(Task.scala:141)
[2024-08-09T13:23:06.520+0000] {subprocess.py:93} INFO - 	at org.apache.spark.executor.Executor$TaskRunner.$anonfun$run$4(Executor.scala:620)
[2024-08-09T13:23:06.520+0000] {subprocess.py:93} INFO - 	at org.apache.spark.util.SparkErrorUtils.tryWithSafeFinally(SparkErrorUtils.scala:64)
[2024-08-09T13:23:06.520+0000] {subprocess.py:93} INFO - 	at org.apache.spark.util.SparkErrorUtils.tryWithSafeFinally$(SparkErrorUtils.scala:61)
[2024-08-09T13:23:06.520+0000] {subprocess.py:93} INFO - 	at org.apache.spark.util.Utils$.tryWithSafeFinally(Utils.scala:94)
[2024-08-09T13:23:06.520+0000] {subprocess.py:93} INFO - 	at org.apache.spark.executor.Executor$TaskRunner.run(Executor.scala:623)
[2024-08-09T13:23:06.520+0000] {subprocess.py:93} INFO - 	at java.base/java.util.concurrent.ThreadPoolExecutor.runWorker(ThreadPoolExecutor.java:1136)
[2024-08-09T13:23:06.520+0000] {subprocess.py:93} INFO - 	at java.base/java.util.concurrent.ThreadPoolExecutor$Worker.run(ThreadPoolExecutor.java:635)
[2024-08-09T13:23:06.520+0000] {subprocess.py:93} INFO - 	at java.base/java.lang.Thread.run(Thread.java:840)
[2024-08-09T13:23:06.521+0000] {subprocess.py:93} INFO - 
[2024-08-09T13:23:06.521+0000] {subprocess.py:93} INFO - Driver stacktrace:
[2024-08-09T13:23:06.521+0000] {subprocess.py:93} INFO - 	at org.apache.spark.scheduler.DAGScheduler.failJobAndIndependentStages(DAGScheduler.scala:2856)
[2024-08-09T13:23:06.521+0000] {subprocess.py:93} INFO - 	at org.apache.spark.scheduler.DAGScheduler.$anonfun$abortStage$2(DAGScheduler.scala:2792)
[2024-08-09T13:23:06.521+0000] {subprocess.py:93} INFO - 	at org.apache.spark.scheduler.DAGScheduler.$anonfun$abortStage$2$adapted(DAGScheduler.scala:2791)
[2024-08-09T13:23:06.521+0000] {subprocess.py:93} INFO - 	at scala.collection.mutable.ResizableArray.foreach(ResizableArray.scala:62)
[2024-08-09T13:23:06.521+0000] {subprocess.py:93} INFO - 	at scala.collection.mutable.ResizableArray.foreach$(ResizableArray.scala:55)
[2024-08-09T13:23:06.521+0000] {subprocess.py:93} INFO - 	at scala.collection.mutable.ArrayBuffer.foreach(ArrayBuffer.scala:49)
[2024-08-09T13:23:06.521+0000] {subprocess.py:93} INFO - 	at org.apache.spark.scheduler.DAGScheduler.abortStage(DAGScheduler.scala:2791)
[2024-08-09T13:23:06.521+0000] {subprocess.py:93} INFO - 	at org.apache.spark.scheduler.DAGScheduler.$anonfun$handleTaskSetFailed$1(DAGScheduler.scala:1247)
[2024-08-09T13:23:06.522+0000] {subprocess.py:93} INFO - 	at org.apache.spark.scheduler.DAGScheduler.$anonfun$handleTaskSetFailed$1$adapted(DAGScheduler.scala:1247)
[2024-08-09T13:23:06.522+0000] {subprocess.py:93} INFO - 	at scala.Option.foreach(Option.scala:407)
[2024-08-09T13:23:06.522+0000] {subprocess.py:93} INFO - 	at org.apache.spark.scheduler.DAGScheduler.handleTaskSetFailed(DAGScheduler.scala:1247)
[2024-08-09T13:23:06.522+0000] {subprocess.py:93} INFO - 	at org.apache.spark.scheduler.DAGSchedulerEventProcessLoop.doOnReceive(DAGScheduler.scala:3060)
[2024-08-09T13:23:06.522+0000] {subprocess.py:93} INFO - 	at org.apache.spark.scheduler.DAGSchedulerEventProcessLoop.onReceive(DAGScheduler.scala:2994)
[2024-08-09T13:23:06.522+0000] {subprocess.py:93} INFO - 	at org.apache.spark.scheduler.DAGSchedulerEventProcessLoop.onReceive(DAGScheduler.scala:2983)
[2024-08-09T13:23:06.522+0000] {subprocess.py:93} INFO - 	at org.apache.spark.util.EventLoop$$anon$1.run(EventLoop.scala:49)
[2024-08-09T13:23:06.522+0000] {subprocess.py:93} INFO - 	at org.apache.spark.scheduler.DAGScheduler.runJob(DAGScheduler.scala:989)
[2024-08-09T13:23:06.522+0000] {subprocess.py:93} INFO - 	at org.apache.spark.SparkContext.runJob(SparkContext.scala:2398)
[2024-08-09T13:23:06.522+0000] {subprocess.py:93} INFO - 	at org.apache.spark.SparkContext.runJob(SparkContext.scala:2493)
[2024-08-09T13:23:06.523+0000] {subprocess.py:93} INFO - 	at org.apache.spark.sql.catalyst.json.JsonInferSchema.infer(JsonInferSchema.scala:120)
[2024-08-09T13:23:06.523+0000] {subprocess.py:93} INFO - 	at org.apache.spark.sql.execution.datasources.json.TextInputJsonDataSource$.$anonfun$inferFromDataset$5(JsonDataSource.scala:109)
[2024-08-09T13:23:06.523+0000] {subprocess.py:93} INFO - 	at org.apache.spark.sql.execution.SQLExecution$.withSQLConfPropagated(SQLExecution.scala:201)
[2024-08-09T13:23:06.523+0000] {subprocess.py:93} INFO - 	at org.apache.spark.sql.execution.datasources.json.TextInputJsonDataSource$.inferFromDataset(JsonDataSource.scala:109)
[2024-08-09T13:23:06.523+0000] {subprocess.py:93} INFO - 	at org.apache.spark.sql.execution.datasources.json.TextInputJsonDataSource$.infer(JsonDataSource.scala:98)
[2024-08-09T13:23:06.523+0000] {subprocess.py:93} INFO - 	at org.apache.spark.sql.execution.datasources.json.JsonDataSource.inferSchema(JsonDataSource.scala:64)
[2024-08-09T13:23:06.523+0000] {subprocess.py:93} INFO - 	at org.apache.spark.sql.execution.datasources.json.JsonFileFormat.inferSchema(JsonFileFormat.scala:59)
[2024-08-09T13:23:06.523+0000] {subprocess.py:93} INFO - 	at org.apache.spark.sql.execution.datasources.DataSource.$anonfun$getOrInferFileFormatSchema$11(DataSource.scala:208)
[2024-08-09T13:23:06.523+0000] {subprocess.py:93} INFO - 	at scala.Option.orElse(Option.scala:447)
[2024-08-09T13:23:06.523+0000] {subprocess.py:93} INFO - 	at org.apache.spark.sql.execution.datasources.DataSource.getOrInferFileFormatSchema(DataSource.scala:205)
[2024-08-09T13:23:06.524+0000] {subprocess.py:93} INFO - 	at org.apache.spark.sql.execution.datasources.DataSource.resolveRelation(DataSource.scala:407)
[2024-08-09T13:23:06.524+0000] {subprocess.py:93} INFO - 	at org.apache.spark.sql.DataFrameReader.loadV1Source(DataFrameReader.scala:229)
[2024-08-09T13:23:06.524+0000] {subprocess.py:93} INFO - 	at org.apache.spark.sql.DataFrameReader.$anonfun$load$2(DataFrameReader.scala:211)
[2024-08-09T13:23:06.524+0000] {subprocess.py:93} INFO - 	at scala.Option.getOrElse(Option.scala:189)
[2024-08-09T13:23:06.524+0000] {subprocess.py:93} INFO - 	at org.apache.spark.sql.DataFrameReader.load(DataFrameReader.scala:211)
[2024-08-09T13:23:06.524+0000] {subprocess.py:93} INFO - 	at org.apache.spark.sql.DataFrameReader.json(DataFrameReader.scala:362)
[2024-08-09T13:23:06.524+0000] {subprocess.py:93} INFO - 	at java.base/jdk.internal.reflect.NativeMethodAccessorImpl.invoke0(Native Method)
[2024-08-09T13:23:06.524+0000] {subprocess.py:93} INFO - 	at java.base/jdk.internal.reflect.NativeMethodAccessorImpl.invoke(NativeMethodAccessorImpl.java:62)
[2024-08-09T13:23:06.524+0000] {subprocess.py:93} INFO - 	at java.base/jdk.internal.reflect.DelegatingMethodAccessorImpl.invoke(DelegatingMethodAccessorImpl.java:43)
[2024-08-09T13:23:06.525+0000] {subprocess.py:93} INFO - 	at java.base/java.lang.reflect.Method.invoke(Method.java:566)
[2024-08-09T13:23:06.525+0000] {subprocess.py:93} INFO - 	at py4j.reflection.MethodInvoker.invoke(MethodInvoker.java:244)
[2024-08-09T13:23:06.525+0000] {subprocess.py:93} INFO - 	at py4j.reflection.ReflectionEngine.invoke(ReflectionEngine.java:374)
[2024-08-09T13:23:06.525+0000] {subprocess.py:93} INFO - 	at py4j.Gateway.invoke(Gateway.java:282)
[2024-08-09T13:23:06.525+0000] {subprocess.py:93} INFO - 	at py4j.commands.AbstractCommand.invokeMethod(AbstractCommand.java:132)
[2024-08-09T13:23:06.525+0000] {subprocess.py:93} INFO - 	at py4j.commands.CallCommand.execute(CallCommand.java:79)
[2024-08-09T13:23:06.525+0000] {subprocess.py:93} INFO - 	at py4j.ClientServerConnection.waitForCommands(ClientServerConnection.java:182)
[2024-08-09T13:23:06.525+0000] {subprocess.py:93} INFO - 	at py4j.ClientServerConnection.run(ClientServerConnection.java:106)
[2024-08-09T13:23:06.525+0000] {subprocess.py:93} INFO - 	at java.base/java.lang.Thread.run(Thread.java:829)
[2024-08-09T13:23:06.525+0000] {subprocess.py:93} INFO - Caused by: org.apache.spark.SparkFileNotFoundException: File file:/tmp/***tmp6r4qd7pw/data/market_trends.json does not exist
[2024-08-09T13:23:06.526+0000] {subprocess.py:93} INFO - It is possible the underlying files have been updated. You can explicitly invalidate the cache in Spark by running 'REFRESH TABLE tableName' command in SQL or by recreating the Dataset/DataFrame involved.
[2024-08-09T13:23:06.526+0000] {subprocess.py:93} INFO - 	at org.apache.spark.sql.errors.QueryExecutionErrors$.readCurrentFileNotFoundError(QueryExecutionErrors.scala:780)
[2024-08-09T13:23:06.526+0000] {subprocess.py:93} INFO - 	at org.apache.spark.sql.execution.datasources.FileScanRDD$$anon$1.org$apache$spark$sql$execution$datasources$FileScanRDD$$anon$$readCurrentFile(FileScanRDD.scala:220)
[2024-08-09T13:23:06.526+0000] {subprocess.py:93} INFO - 	at org.apache.spark.sql.execution.datasources.FileScanRDD$$anon$1.nextIterator(FileScanRDD.scala:279)
[2024-08-09T13:23:06.526+0000] {subprocess.py:93} INFO - 	at org.apache.spark.sql.execution.datasources.FileScanRDD$$anon$1.hasNext(FileScanRDD.scala:129)
[2024-08-09T13:23:06.526+0000] {subprocess.py:93} INFO - 	at scala.collection.Iterator$$anon$10.hasNext(Iterator.scala:460)
[2024-08-09T13:23:06.526+0000] {subprocess.py:93} INFO - 	at scala.collection.Iterator$$anon$11.hasNext(Iterator.scala:491)
[2024-08-09T13:23:06.526+0000] {subprocess.py:93} INFO - 	at scala.collection.Iterator.isEmpty(Iterator.scala:387)
[2024-08-09T13:23:06.526+0000] {subprocess.py:93} INFO - 	at scala.collection.Iterator.isEmpty$(Iterator.scala:387)
[2024-08-09T13:23:06.526+0000] {subprocess.py:93} INFO - 	at scala.collection.AbstractIterator.isEmpty(Iterator.scala:1431)
[2024-08-09T13:23:06.527+0000] {subprocess.py:93} INFO - 	at scala.collection.TraversableOnce.reduceLeftOption(TraversableOnce.scala:249)
[2024-08-09T13:23:06.527+0000] {subprocess.py:93} INFO - 	at scala.collection.TraversableOnce.reduceLeftOption$(TraversableOnce.scala:248)
[2024-08-09T13:23:06.527+0000] {subprocess.py:93} INFO - 	at scala.collection.AbstractIterator.reduceLeftOption(Iterator.scala:1431)
[2024-08-09T13:23:06.527+0000] {subprocess.py:93} INFO - 	at scala.collection.TraversableOnce.reduceOption(TraversableOnce.scala:256)
[2024-08-09T13:23:06.527+0000] {subprocess.py:93} INFO - 	at scala.collection.TraversableOnce.reduceOption$(TraversableOnce.scala:256)
[2024-08-09T13:23:06.527+0000] {subprocess.py:93} INFO - 	at scala.collection.AbstractIterator.reduceOption(Iterator.scala:1431)
[2024-08-09T13:23:06.527+0000] {subprocess.py:93} INFO - 	at org.apache.spark.sql.catalyst.json.JsonInferSchema.$anonfun$infer$1(JsonInferSchema.scala:107)
[2024-08-09T13:23:06.527+0000] {subprocess.py:93} INFO - 	at org.apache.spark.rdd.RDD.$anonfun$mapPartitions$2(RDD.scala:858)
[2024-08-09T13:23:06.527+0000] {subprocess.py:93} INFO - 	at org.apache.spark.rdd.RDD.$anonfun$mapPartitions$2$adapted(RDD.scala:858)
[2024-08-09T13:23:06.527+0000] {subprocess.py:93} INFO - 	at org.apache.spark.rdd.MapPartitionsRDD.compute(MapPartitionsRDD.scala:52)
[2024-08-09T13:23:06.528+0000] {subprocess.py:93} INFO - 	at org.apache.spark.rdd.RDD.computeOrReadCheckpoint(RDD.scala:367)
[2024-08-09T13:23:06.528+0000] {subprocess.py:93} INFO - 	at org.apache.spark.rdd.RDD.iterator(RDD.scala:331)
[2024-08-09T13:23:06.528+0000] {subprocess.py:93} INFO - 	at org.apache.spark.scheduler.ResultTask.runTask(ResultTask.scala:93)
[2024-08-09T13:23:06.528+0000] {subprocess.py:93} INFO - 	at org.apache.spark.TaskContext.runTaskWithListeners(TaskContext.scala:166)
[2024-08-09T13:23:06.528+0000] {subprocess.py:93} INFO - 	at org.apache.spark.scheduler.Task.run(Task.scala:141)
[2024-08-09T13:23:06.528+0000] {subprocess.py:93} INFO - 	at org.apache.spark.executor.Executor$TaskRunner.$anonfun$run$4(Executor.scala:620)
[2024-08-09T13:23:06.528+0000] {subprocess.py:93} INFO - 	at org.apache.spark.util.SparkErrorUtils.tryWithSafeFinally(SparkErrorUtils.scala:64)
[2024-08-09T13:23:06.528+0000] {subprocess.py:93} INFO - 	at org.apache.spark.util.SparkErrorUtils.tryWithSafeFinally$(SparkErrorUtils.scala:61)
[2024-08-09T13:23:06.528+0000] {subprocess.py:93} INFO - 	at org.apache.spark.util.Utils$.tryWithSafeFinally(Utils.scala:94)
[2024-08-09T13:23:06.528+0000] {subprocess.py:93} INFO - 	at org.apache.spark.executor.Executor$TaskRunner.run(Executor.scala:623)
[2024-08-09T13:23:06.528+0000] {subprocess.py:93} INFO - 	at java.base/java.util.concurrent.ThreadPoolExecutor.runWorker(ThreadPoolExecutor.java:1136)
[2024-08-09T13:23:06.528+0000] {subprocess.py:93} INFO - 	at java.base/java.util.concurrent.ThreadPoolExecutor$Worker.run(ThreadPoolExecutor.java:635)
[2024-08-09T13:23:06.529+0000] {subprocess.py:93} INFO - 	at java.base/java.lang.Thread.run(Thread.java:840)
[2024-08-09T13:23:06.529+0000] {subprocess.py:93} INFO - 
[2024-08-09T13:23:06.592+0000] {subprocess.py:93} INFO - 24/08/09 13:23:06 INFO SparkContext: Invoking stop() from shutdown hook
[2024-08-09T13:23:06.592+0000] {subprocess.py:93} INFO - 24/08/09 13:23:06 INFO SparkContext: SparkContext is stopping with exitCode 0.
[2024-08-09T13:23:06.601+0000] {subprocess.py:93} INFO - 24/08/09 13:23:06 INFO SparkUI: Stopped Spark web UI at http://27ef58cc88fc:4040
[2024-08-09T13:23:06.603+0000] {subprocess.py:93} INFO - 24/08/09 13:23:06 INFO StandaloneSchedulerBackend: Shutting down all executors
[2024-08-09T13:23:06.604+0000] {subprocess.py:93} INFO - 24/08/09 13:23:06 INFO StandaloneSchedulerBackend$StandaloneDriverEndpoint: Asking each executor to shut down
[2024-08-09T13:23:06.626+0000] {subprocess.py:93} INFO - 24/08/09 13:23:06 INFO MapOutputTrackerMasterEndpoint: MapOutputTrackerMasterEndpoint stopped!
[2024-08-09T13:23:06.636+0000] {subprocess.py:93} INFO - 24/08/09 13:23:06 INFO MemoryStore: MemoryStore cleared
[2024-08-09T13:23:06.636+0000] {subprocess.py:93} INFO - 24/08/09 13:23:06 INFO BlockManager: BlockManager stopped
[2024-08-09T13:23:06.640+0000] {subprocess.py:93} INFO - 24/08/09 13:23:06 INFO BlockManagerMaster: BlockManagerMaster stopped
[2024-08-09T13:23:06.641+0000] {subprocess.py:93} INFO - 24/08/09 13:23:06 INFO OutputCommitCoordinator$OutputCommitCoordinatorEndpoint: OutputCommitCoordinator stopped!
[2024-08-09T13:23:06.651+0000] {subprocess.py:93} INFO - 24/08/09 13:23:06 INFO SparkContext: Successfully stopped SparkContext
[2024-08-09T13:23:06.652+0000] {subprocess.py:93} INFO - 24/08/09 13:23:06 INFO ShutdownHookManager: Shutdown hook called
[2024-08-09T13:23:06.652+0000] {subprocess.py:93} INFO - 24/08/09 13:23:06 INFO ShutdownHookManager: Deleting directory /tmp/spark-e6b57296-7391-4859-9a9b-30340feea04f
[2024-08-09T13:23:06.657+0000] {subprocess.py:93} INFO - 24/08/09 13:23:06 INFO ShutdownHookManager: Deleting directory /tmp/spark-6ada5c0c-c94b-4870-838b-23a132b3ca24
[2024-08-09T13:23:06.659+0000] {subprocess.py:93} INFO - 24/08/09 13:23:06 INFO ShutdownHookManager: Deleting directory /tmp/spark-e6b57296-7391-4859-9a9b-30340feea04f/pyspark-591f4e9c-1a41-46af-a547-aec563fca1de
[2024-08-09T13:23:06.685+0000] {subprocess.py:97} INFO - Command exited with return code 1
[2024-08-09T13:23:06.696+0000] {taskinstance.py:1935} ERROR - Task failed with exception
Traceback (most recent call last):
  File "/home/airflow/.local/lib/python3.11/site-packages/airflow/operators/bash.py", line 210, in execute
    raise AirflowException(
airflow.exceptions.AirflowException: Bash command failed. The command returned a non-zero exit code 1.
[2024-08-09T13:23:06.698+0000] {taskinstance.py:1398} INFO - Marking task as FAILED. dag_id=spark_data_processing_pipeline, task_id=process_data, execution_date=20240808T010000, start_date=20240809T132257, end_date=20240809T132306
[2024-08-09T13:23:06.707+0000] {standard_task_runner.py:104} ERROR - Failed to execute job 17 for task process_data (Bash command failed. The command returned a non-zero exit code 1.; 3496)
[2024-08-09T13:23:06.732+0000] {local_task_job_runner.py:228} INFO - Task exited with return code 1
[2024-08-09T13:23:06.747+0000] {taskinstance.py:2776} INFO - 0 downstream tasks scheduled from follow-on schedule check
