[2024-09-17T00:00:24.276+0000] {processor.py:157} INFO - Started process (PID=45810) to work on /opt/airflow/dags/spark-jobs.py
[2024-09-17T00:00:24.277+0000] {processor.py:829} INFO - Processing file /opt/airflow/dags/spark-jobs.py for tasks to queue
[2024-09-17T00:00:24.283+0000] {logging_mixin.py:151} INFO - [2024-09-17T00:00:24.283+0000] {dagbag.py:539} INFO - Filling up the DagBag from /opt/airflow/dags/spark-jobs.py
[2024-09-17T00:00:24.320+0000] {processor.py:839} INFO - DAG(s) dict_keys(['data_pipeline_api']) retrieved from /opt/airflow/dags/spark-jobs.py
[2024-09-17T00:00:24.353+0000] {logging_mixin.py:151} INFO - [2024-09-17T00:00:24.353+0000] {dag.py:2915} INFO - Sync 1 DAGs
[2024-09-17T00:00:24.369+0000] {logging_mixin.py:151} INFO - [2024-09-17T00:00:24.369+0000] {dag.py:3696} INFO - Setting next_dagrun for data_pipeline_api to 2024-09-16T00:30:00+00:00, run_after=2024-09-17T00:30:00+00:00
[2024-09-17T00:00:24.388+0000] {processor.py:179} INFO - Processing /opt/airflow/dags/spark-jobs.py took 0.120 seconds
[2024-09-17T00:00:54.567+0000] {processor.py:157} INFO - Started process (PID=45820) to work on /opt/airflow/dags/spark-jobs.py
[2024-09-17T00:00:54.568+0000] {processor.py:829} INFO - Processing file /opt/airflow/dags/spark-jobs.py for tasks to queue
[2024-09-17T00:00:54.569+0000] {logging_mixin.py:151} INFO - [2024-09-17T00:00:54.569+0000] {dagbag.py:539} INFO - Filling up the DagBag from /opt/airflow/dags/spark-jobs.py
[2024-09-17T00:00:54.580+0000] {processor.py:839} INFO - DAG(s) dict_keys(['data_pipeline_api']) retrieved from /opt/airflow/dags/spark-jobs.py
[2024-09-17T00:00:54.597+0000] {logging_mixin.py:151} INFO - [2024-09-17T00:00:54.597+0000] {dag.py:2915} INFO - Sync 1 DAGs
[2024-09-17T00:00:54.609+0000] {logging_mixin.py:151} INFO - [2024-09-17T00:00:54.609+0000] {dag.py:3696} INFO - Setting next_dagrun for data_pipeline_api to 2024-09-16T00:30:00+00:00, run_after=2024-09-17T00:30:00+00:00
[2024-09-17T00:00:54.618+0000] {processor.py:179} INFO - Processing /opt/airflow/dags/spark-jobs.py took 0.056 seconds
[2024-09-17T00:01:25.086+0000] {processor.py:157} INFO - Started process (PID=45830) to work on /opt/airflow/dags/spark-jobs.py
[2024-09-17T00:01:25.088+0000] {processor.py:829} INFO - Processing file /opt/airflow/dags/spark-jobs.py for tasks to queue
[2024-09-17T00:01:25.094+0000] {logging_mixin.py:151} INFO - [2024-09-17T00:01:25.093+0000] {dagbag.py:539} INFO - Filling up the DagBag from /opt/airflow/dags/spark-jobs.py
[2024-09-17T00:01:25.113+0000] {processor.py:839} INFO - DAG(s) dict_keys(['data_pipeline_api']) retrieved from /opt/airflow/dags/spark-jobs.py
[2024-09-17T00:01:25.166+0000] {logging_mixin.py:151} INFO - [2024-09-17T00:01:25.166+0000] {dag.py:2915} INFO - Sync 1 DAGs
[2024-09-17T00:01:25.183+0000] {logging_mixin.py:151} INFO - [2024-09-17T00:01:25.183+0000] {dag.py:3696} INFO - Setting next_dagrun for data_pipeline_api to 2024-09-16T00:30:00+00:00, run_after=2024-09-17T00:30:00+00:00
[2024-09-17T00:01:25.193+0000] {processor.py:179} INFO - Processing /opt/airflow/dags/spark-jobs.py took 0.140 seconds
[2024-09-17T00:01:55.363+0000] {processor.py:157} INFO - Started process (PID=45840) to work on /opt/airflow/dags/spark-jobs.py
[2024-09-17T00:01:55.363+0000] {processor.py:829} INFO - Processing file /opt/airflow/dags/spark-jobs.py for tasks to queue
[2024-09-17T00:01:55.366+0000] {logging_mixin.py:151} INFO - [2024-09-17T00:01:55.366+0000] {dagbag.py:539} INFO - Filling up the DagBag from /opt/airflow/dags/spark-jobs.py
[2024-09-17T00:01:55.375+0000] {processor.py:839} INFO - DAG(s) dict_keys(['data_pipeline_api']) retrieved from /opt/airflow/dags/spark-jobs.py
[2024-09-17T00:01:55.394+0000] {logging_mixin.py:151} INFO - [2024-09-17T00:01:55.394+0000] {dag.py:2915} INFO - Sync 1 DAGs
[2024-09-17T00:01:55.405+0000] {logging_mixin.py:151} INFO - [2024-09-17T00:01:55.405+0000] {dag.py:3696} INFO - Setting next_dagrun for data_pipeline_api to 2024-09-16T00:30:00+00:00, run_after=2024-09-17T00:30:00+00:00
[2024-09-17T00:01:55.414+0000] {processor.py:179} INFO - Processing /opt/airflow/dags/spark-jobs.py took 0.054 seconds
[2024-09-17T00:02:25.717+0000] {processor.py:157} INFO - Started process (PID=45850) to work on /opt/airflow/dags/spark-jobs.py
[2024-09-17T00:02:25.725+0000] {processor.py:829} INFO - Processing file /opt/airflow/dags/spark-jobs.py for tasks to queue
[2024-09-17T00:02:25.738+0000] {logging_mixin.py:151} INFO - [2024-09-17T00:02:25.738+0000] {dagbag.py:539} INFO - Filling up the DagBag from /opt/airflow/dags/spark-jobs.py
[2024-09-17T00:02:25.769+0000] {processor.py:839} INFO - DAG(s) dict_keys(['data_pipeline_api']) retrieved from /opt/airflow/dags/spark-jobs.py
[2024-09-17T00:02:25.832+0000] {logging_mixin.py:151} INFO - [2024-09-17T00:02:25.832+0000] {dag.py:2915} INFO - Sync 1 DAGs
[2024-09-17T00:02:25.859+0000] {logging_mixin.py:151} INFO - [2024-09-17T00:02:25.859+0000] {dag.py:3696} INFO - Setting next_dagrun for data_pipeline_api to 2024-09-16T00:30:00+00:00, run_after=2024-09-17T00:30:00+00:00
[2024-09-17T00:02:25.871+0000] {processor.py:179} INFO - Processing /opt/airflow/dags/spark-jobs.py took 0.167 seconds
[2024-09-17T00:02:56.051+0000] {processor.py:157} INFO - Started process (PID=45860) to work on /opt/airflow/dags/spark-jobs.py
[2024-09-17T00:02:56.052+0000] {processor.py:829} INFO - Processing file /opt/airflow/dags/spark-jobs.py for tasks to queue
[2024-09-17T00:02:56.057+0000] {logging_mixin.py:151} INFO - [2024-09-17T00:02:56.056+0000] {dagbag.py:539} INFO - Filling up the DagBag from /opt/airflow/dags/spark-jobs.py
[2024-09-17T00:02:56.076+0000] {processor.py:839} INFO - DAG(s) dict_keys(['data_pipeline_api']) retrieved from /opt/airflow/dags/spark-jobs.py
[2024-09-17T00:02:56.102+0000] {logging_mixin.py:151} INFO - [2024-09-17T00:02:56.102+0000] {dag.py:2915} INFO - Sync 1 DAGs
[2024-09-17T00:02:56.120+0000] {logging_mixin.py:151} INFO - [2024-09-17T00:02:56.120+0000] {dag.py:3696} INFO - Setting next_dagrun for data_pipeline_api to 2024-09-16T00:30:00+00:00, run_after=2024-09-17T00:30:00+00:00
[2024-09-17T00:02:56.129+0000] {processor.py:179} INFO - Processing /opt/airflow/dags/spark-jobs.py took 0.085 seconds
[2024-09-17T00:03:26.493+0000] {processor.py:157} INFO - Started process (PID=45870) to work on /opt/airflow/dags/spark-jobs.py
[2024-09-17T00:03:26.495+0000] {processor.py:829} INFO - Processing file /opt/airflow/dags/spark-jobs.py for tasks to queue
[2024-09-17T00:03:26.500+0000] {logging_mixin.py:151} INFO - [2024-09-17T00:03:26.500+0000] {dagbag.py:539} INFO - Filling up the DagBag from /opt/airflow/dags/spark-jobs.py
[2024-09-17T00:03:26.531+0000] {processor.py:839} INFO - DAG(s) dict_keys(['data_pipeline_api']) retrieved from /opt/airflow/dags/spark-jobs.py
[2024-09-17T00:03:26.572+0000] {logging_mixin.py:151} INFO - [2024-09-17T00:03:26.572+0000] {dag.py:2915} INFO - Sync 1 DAGs
[2024-09-17T00:03:26.587+0000] {logging_mixin.py:151} INFO - [2024-09-17T00:03:26.587+0000] {dag.py:3696} INFO - Setting next_dagrun for data_pipeline_api to 2024-09-16T00:30:00+00:00, run_after=2024-09-17T00:30:00+00:00
[2024-09-17T00:03:26.598+0000] {processor.py:179} INFO - Processing /opt/airflow/dags/spark-jobs.py took 0.113 seconds
[2024-09-17T00:03:56.865+0000] {processor.py:157} INFO - Started process (PID=45880) to work on /opt/airflow/dags/spark-jobs.py
[2024-09-17T00:03:56.866+0000] {processor.py:829} INFO - Processing file /opt/airflow/dags/spark-jobs.py for tasks to queue
[2024-09-17T00:03:56.872+0000] {logging_mixin.py:151} INFO - [2024-09-17T00:03:56.872+0000] {dagbag.py:539} INFO - Filling up the DagBag from /opt/airflow/dags/spark-jobs.py
[2024-09-17T00:03:56.891+0000] {processor.py:839} INFO - DAG(s) dict_keys(['data_pipeline_api']) retrieved from /opt/airflow/dags/spark-jobs.py
[2024-09-17T00:03:56.917+0000] {logging_mixin.py:151} INFO - [2024-09-17T00:03:56.917+0000] {dag.py:2915} INFO - Sync 1 DAGs
[2024-09-17T00:03:56.930+0000] {logging_mixin.py:151} INFO - [2024-09-17T00:03:56.930+0000] {dag.py:3696} INFO - Setting next_dagrun for data_pipeline_api to 2024-09-16T00:30:00+00:00, run_after=2024-09-17T00:30:00+00:00
[2024-09-17T00:03:56.941+0000] {processor.py:179} INFO - Processing /opt/airflow/dags/spark-jobs.py took 0.083 seconds
[2024-09-17T00:04:27.328+0000] {processor.py:157} INFO - Started process (PID=45890) to work on /opt/airflow/dags/spark-jobs.py
[2024-09-17T00:04:27.331+0000] {processor.py:829} INFO - Processing file /opt/airflow/dags/spark-jobs.py for tasks to queue
[2024-09-17T00:04:27.337+0000] {logging_mixin.py:151} INFO - [2024-09-17T00:04:27.336+0000] {dagbag.py:539} INFO - Filling up the DagBag from /opt/airflow/dags/spark-jobs.py
[2024-09-17T00:04:27.365+0000] {processor.py:839} INFO - DAG(s) dict_keys(['data_pipeline_api']) retrieved from /opt/airflow/dags/spark-jobs.py
[2024-09-17T00:04:27.394+0000] {logging_mixin.py:151} INFO - [2024-09-17T00:04:27.394+0000] {dag.py:2915} INFO - Sync 1 DAGs
[2024-09-17T00:04:27.422+0000] {logging_mixin.py:151} INFO - [2024-09-17T00:04:27.422+0000] {dag.py:3696} INFO - Setting next_dagrun for data_pipeline_api to 2024-09-16T00:30:00+00:00, run_after=2024-09-17T00:30:00+00:00
[2024-09-17T00:04:27.433+0000] {processor.py:179} INFO - Processing /opt/airflow/dags/spark-jobs.py took 0.119 seconds
[2024-09-17T00:04:57.672+0000] {processor.py:157} INFO - Started process (PID=45900) to work on /opt/airflow/dags/spark-jobs.py
[2024-09-17T00:04:57.673+0000] {processor.py:829} INFO - Processing file /opt/airflow/dags/spark-jobs.py for tasks to queue
[2024-09-17T00:04:57.676+0000] {logging_mixin.py:151} INFO - [2024-09-17T00:04:57.676+0000] {dagbag.py:539} INFO - Filling up the DagBag from /opt/airflow/dags/spark-jobs.py
[2024-09-17T00:04:57.685+0000] {processor.py:839} INFO - DAG(s) dict_keys(['data_pipeline_api']) retrieved from /opt/airflow/dags/spark-jobs.py
[2024-09-17T00:04:57.703+0000] {logging_mixin.py:151} INFO - [2024-09-17T00:04:57.702+0000] {dag.py:2915} INFO - Sync 1 DAGs
[2024-09-17T00:04:57.715+0000] {logging_mixin.py:151} INFO - [2024-09-17T00:04:57.715+0000] {dag.py:3696} INFO - Setting next_dagrun for data_pipeline_api to 2024-09-16T00:30:00+00:00, run_after=2024-09-17T00:30:00+00:00
[2024-09-17T00:04:57.726+0000] {processor.py:179} INFO - Processing /opt/airflow/dags/spark-jobs.py took 0.058 seconds
[2024-09-17T00:05:28.161+0000] {processor.py:157} INFO - Started process (PID=45910) to work on /opt/airflow/dags/spark-jobs.py
[2024-09-17T00:05:28.163+0000] {processor.py:829} INFO - Processing file /opt/airflow/dags/spark-jobs.py for tasks to queue
[2024-09-17T00:05:28.168+0000] {logging_mixin.py:151} INFO - [2024-09-17T00:05:28.167+0000] {dagbag.py:539} INFO - Filling up the DagBag from /opt/airflow/dags/spark-jobs.py
[2024-09-17T00:05:28.204+0000] {processor.py:839} INFO - DAG(s) dict_keys(['data_pipeline_api']) retrieved from /opt/airflow/dags/spark-jobs.py
[2024-09-17T00:05:28.236+0000] {logging_mixin.py:151} INFO - [2024-09-17T00:05:28.236+0000] {dag.py:2915} INFO - Sync 1 DAGs
[2024-09-17T00:05:28.269+0000] {logging_mixin.py:151} INFO - [2024-09-17T00:05:28.269+0000] {dag.py:3696} INFO - Setting next_dagrun for data_pipeline_api to 2024-09-16T00:30:00+00:00, run_after=2024-09-17T00:30:00+00:00
[2024-09-17T00:05:28.280+0000] {processor.py:179} INFO - Processing /opt/airflow/dags/spark-jobs.py took 0.125 seconds
[2024-09-17T00:05:58.570+0000] {processor.py:157} INFO - Started process (PID=45920) to work on /opt/airflow/dags/spark-jobs.py
[2024-09-17T00:05:58.571+0000] {processor.py:829} INFO - Processing file /opt/airflow/dags/spark-jobs.py for tasks to queue
[2024-09-17T00:05:58.574+0000] {logging_mixin.py:151} INFO - [2024-09-17T00:05:58.574+0000] {dagbag.py:539} INFO - Filling up the DagBag from /opt/airflow/dags/spark-jobs.py
[2024-09-17T00:05:58.586+0000] {processor.py:839} INFO - DAG(s) dict_keys(['data_pipeline_api']) retrieved from /opt/airflow/dags/spark-jobs.py
[2024-09-17T00:05:58.605+0000] {logging_mixin.py:151} INFO - [2024-09-17T00:05:58.605+0000] {dag.py:2915} INFO - Sync 1 DAGs
[2024-09-17T00:05:58.616+0000] {logging_mixin.py:151} INFO - [2024-09-17T00:05:58.616+0000] {dag.py:3696} INFO - Setting next_dagrun for data_pipeline_api to 2024-09-16T00:30:00+00:00, run_after=2024-09-17T00:30:00+00:00
[2024-09-17T00:05:58.624+0000] {processor.py:179} INFO - Processing /opt/airflow/dags/spark-jobs.py took 0.058 seconds
[2024-09-17T00:06:29.052+0000] {processor.py:157} INFO - Started process (PID=45930) to work on /opt/airflow/dags/spark-jobs.py
[2024-09-17T00:06:29.056+0000] {processor.py:829} INFO - Processing file /opt/airflow/dags/spark-jobs.py for tasks to queue
[2024-09-17T00:06:29.061+0000] {logging_mixin.py:151} INFO - [2024-09-17T00:06:29.060+0000] {dagbag.py:539} INFO - Filling up the DagBag from /opt/airflow/dags/spark-jobs.py
[2024-09-17T00:06:29.080+0000] {processor.py:839} INFO - DAG(s) dict_keys(['data_pipeline_api']) retrieved from /opt/airflow/dags/spark-jobs.py
[2024-09-17T00:06:29.128+0000] {logging_mixin.py:151} INFO - [2024-09-17T00:06:29.128+0000] {dag.py:2915} INFO - Sync 1 DAGs
[2024-09-17T00:06:29.144+0000] {logging_mixin.py:151} INFO - [2024-09-17T00:06:29.144+0000] {dag.py:3696} INFO - Setting next_dagrun for data_pipeline_api to 2024-09-16T00:30:00+00:00, run_after=2024-09-17T00:30:00+00:00
[2024-09-17T00:06:29.154+0000] {processor.py:179} INFO - Processing /opt/airflow/dags/spark-jobs.py took 0.132 seconds
[2024-09-17T00:06:59.350+0000] {processor.py:157} INFO - Started process (PID=45940) to work on /opt/airflow/dags/spark-jobs.py
[2024-09-17T00:06:59.353+0000] {processor.py:829} INFO - Processing file /opt/airflow/dags/spark-jobs.py for tasks to queue
[2024-09-17T00:06:59.356+0000] {logging_mixin.py:151} INFO - [2024-09-17T00:06:59.355+0000] {dagbag.py:539} INFO - Filling up the DagBag from /opt/airflow/dags/spark-jobs.py
[2024-09-17T00:06:59.368+0000] {processor.py:839} INFO - DAG(s) dict_keys(['data_pipeline_api']) retrieved from /opt/airflow/dags/spark-jobs.py
[2024-09-17T00:06:59.386+0000] {logging_mixin.py:151} INFO - [2024-09-17T00:06:59.386+0000] {dag.py:2915} INFO - Sync 1 DAGs
[2024-09-17T00:06:59.396+0000] {logging_mixin.py:151} INFO - [2024-09-17T00:06:59.396+0000] {dag.py:3696} INFO - Setting next_dagrun for data_pipeline_api to 2024-09-16T00:30:00+00:00, run_after=2024-09-17T00:30:00+00:00
[2024-09-17T00:06:59.405+0000] {processor.py:179} INFO - Processing /opt/airflow/dags/spark-jobs.py took 0.058 seconds
[2024-09-17T00:07:29.782+0000] {processor.py:157} INFO - Started process (PID=45950) to work on /opt/airflow/dags/spark-jobs.py
[2024-09-17T00:07:29.784+0000] {processor.py:829} INFO - Processing file /opt/airflow/dags/spark-jobs.py for tasks to queue
[2024-09-17T00:07:29.801+0000] {logging_mixin.py:151} INFO - [2024-09-17T00:07:29.801+0000] {dagbag.py:539} INFO - Filling up the DagBag from /opt/airflow/dags/spark-jobs.py
[2024-09-17T00:07:29.820+0000] {processor.py:839} INFO - DAG(s) dict_keys(['data_pipeline_api']) retrieved from /opt/airflow/dags/spark-jobs.py
[2024-09-17T00:07:29.851+0000] {logging_mixin.py:151} INFO - [2024-09-17T00:07:29.851+0000] {dag.py:2915} INFO - Sync 1 DAGs
[2024-09-17T00:07:29.874+0000] {logging_mixin.py:151} INFO - [2024-09-17T00:07:29.874+0000] {dag.py:3696} INFO - Setting next_dagrun for data_pipeline_api to 2024-09-16T00:30:00+00:00, run_after=2024-09-17T00:30:00+00:00
[2024-09-17T00:07:29.884+0000] {processor.py:179} INFO - Processing /opt/airflow/dags/spark-jobs.py took 0.110 seconds
[2024-09-17T00:08:00.304+0000] {processor.py:157} INFO - Started process (PID=45960) to work on /opt/airflow/dags/spark-jobs.py
[2024-09-17T00:08:00.306+0000] {processor.py:829} INFO - Processing file /opt/airflow/dags/spark-jobs.py for tasks to queue
[2024-09-17T00:08:00.308+0000] {logging_mixin.py:151} INFO - [2024-09-17T00:08:00.308+0000] {dagbag.py:539} INFO - Filling up the DagBag from /opt/airflow/dags/spark-jobs.py
[2024-09-17T00:08:00.318+0000] {processor.py:839} INFO - DAG(s) dict_keys(['data_pipeline_api']) retrieved from /opt/airflow/dags/spark-jobs.py
[2024-09-17T00:08:00.338+0000] {logging_mixin.py:151} INFO - [2024-09-17T00:08:00.338+0000] {dag.py:2915} INFO - Sync 1 DAGs
[2024-09-17T00:08:00.348+0000] {logging_mixin.py:151} INFO - [2024-09-17T00:08:00.348+0000] {dag.py:3696} INFO - Setting next_dagrun for data_pipeline_api to 2024-09-16T00:30:00+00:00, run_after=2024-09-17T00:30:00+00:00
[2024-09-17T00:08:00.357+0000] {processor.py:179} INFO - Processing /opt/airflow/dags/spark-jobs.py took 0.056 seconds
[2024-09-17T00:08:30.764+0000] {processor.py:157} INFO - Started process (PID=45970) to work on /opt/airflow/dags/spark-jobs.py
[2024-09-17T00:08:30.767+0000] {processor.py:829} INFO - Processing file /opt/airflow/dags/spark-jobs.py for tasks to queue
[2024-09-17T00:08:30.783+0000] {logging_mixin.py:151} INFO - [2024-09-17T00:08:30.781+0000] {dagbag.py:539} INFO - Filling up the DagBag from /opt/airflow/dags/spark-jobs.py
[2024-09-17T00:08:30.808+0000] {processor.py:839} INFO - DAG(s) dict_keys(['data_pipeline_api']) retrieved from /opt/airflow/dags/spark-jobs.py
[2024-09-17T00:08:30.854+0000] {logging_mixin.py:151} INFO - [2024-09-17T00:08:30.854+0000] {dag.py:2915} INFO - Sync 1 DAGs
[2024-09-17T00:08:30.872+0000] {logging_mixin.py:151} INFO - [2024-09-17T00:08:30.872+0000] {dag.py:3696} INFO - Setting next_dagrun for data_pipeline_api to 2024-09-16T00:30:00+00:00, run_after=2024-09-17T00:30:00+00:00
[2024-09-17T00:08:30.884+0000] {processor.py:179} INFO - Processing /opt/airflow/dags/spark-jobs.py took 0.126 seconds
[2024-09-17T00:09:01.065+0000] {processor.py:157} INFO - Started process (PID=45980) to work on /opt/airflow/dags/spark-jobs.py
[2024-09-17T00:09:01.066+0000] {processor.py:829} INFO - Processing file /opt/airflow/dags/spark-jobs.py for tasks to queue
[2024-09-17T00:09:01.071+0000] {logging_mixin.py:151} INFO - [2024-09-17T00:09:01.070+0000] {dagbag.py:539} INFO - Filling up the DagBag from /opt/airflow/dags/spark-jobs.py
[2024-09-17T00:09:01.099+0000] {processor.py:839} INFO - DAG(s) dict_keys(['data_pipeline_api']) retrieved from /opt/airflow/dags/spark-jobs.py
[2024-09-17T00:09:01.129+0000] {logging_mixin.py:151} INFO - [2024-09-17T00:09:01.129+0000] {dag.py:2915} INFO - Sync 1 DAGs
[2024-09-17T00:09:01.145+0000] {logging_mixin.py:151} INFO - [2024-09-17T00:09:01.145+0000] {dag.py:3696} INFO - Setting next_dagrun for data_pipeline_api to 2024-09-16T00:30:00+00:00, run_after=2024-09-17T00:30:00+00:00
[2024-09-17T00:09:01.156+0000] {processor.py:179} INFO - Processing /opt/airflow/dags/spark-jobs.py took 0.097 seconds
[2024-09-17T00:09:31.369+0000] {processor.py:157} INFO - Started process (PID=45990) to work on /opt/airflow/dags/spark-jobs.py
[2024-09-17T00:09:31.371+0000] {processor.py:829} INFO - Processing file /opt/airflow/dags/spark-jobs.py for tasks to queue
[2024-09-17T00:09:31.376+0000] {logging_mixin.py:151} INFO - [2024-09-17T00:09:31.375+0000] {dagbag.py:539} INFO - Filling up the DagBag from /opt/airflow/dags/spark-jobs.py
[2024-09-17T00:09:31.394+0000] {processor.py:839} INFO - DAG(s) dict_keys(['data_pipeline_api']) retrieved from /opt/airflow/dags/spark-jobs.py
[2024-09-17T00:09:31.421+0000] {logging_mixin.py:151} INFO - [2024-09-17T00:09:31.421+0000] {dag.py:2915} INFO - Sync 1 DAGs
[2024-09-17T00:09:31.436+0000] {logging_mixin.py:151} INFO - [2024-09-17T00:09:31.436+0000] {dag.py:3696} INFO - Setting next_dagrun for data_pipeline_api to 2024-09-16T00:30:00+00:00, run_after=2024-09-17T00:30:00+00:00
[2024-09-17T00:09:31.448+0000] {processor.py:179} INFO - Processing /opt/airflow/dags/spark-jobs.py took 0.084 seconds
[2024-09-17T00:25:32.923+0000] {processor.py:157} INFO - Started process (PID=46002) to work on /opt/airflow/dags/spark-jobs.py
[2024-09-17T00:25:32.926+0000] {processor.py:829} INFO - Processing file /opt/airflow/dags/spark-jobs.py for tasks to queue
[2024-09-17T00:25:32.960+0000] {logging_mixin.py:151} INFO - [2024-09-17T00:25:32.959+0000] {dagbag.py:539} INFO - Filling up the DagBag from /opt/airflow/dags/spark-jobs.py
[2024-09-17T00:25:33.011+0000] {processor.py:839} INFO - DAG(s) dict_keys(['data_pipeline_api']) retrieved from /opt/airflow/dags/spark-jobs.py
[2024-09-17T00:25:33.103+0000] {logging_mixin.py:151} INFO - [2024-09-17T00:25:33.102+0000] {dag.py:2915} INFO - Sync 1 DAGs
[2024-09-17T00:25:33.126+0000] {logging_mixin.py:151} INFO - [2024-09-17T00:25:33.126+0000] {dag.py:3696} INFO - Setting next_dagrun for data_pipeline_api to 2024-09-16T00:30:00+00:00, run_after=2024-09-17T00:30:00+00:00
[2024-09-17T00:25:33.140+0000] {processor.py:179} INFO - Processing /opt/airflow/dags/spark-jobs.py took 0.231 seconds
[2024-09-17T00:26:03.298+0000] {processor.py:157} INFO - Started process (PID=46012) to work on /opt/airflow/dags/spark-jobs.py
[2024-09-17T00:26:03.301+0000] {processor.py:829} INFO - Processing file /opt/airflow/dags/spark-jobs.py for tasks to queue
[2024-09-17T00:26:03.314+0000] {logging_mixin.py:151} INFO - [2024-09-17T00:26:03.310+0000] {dagbag.py:539} INFO - Filling up the DagBag from /opt/airflow/dags/spark-jobs.py
[2024-09-17T00:26:03.346+0000] {processor.py:839} INFO - DAG(s) dict_keys(['data_pipeline_api']) retrieved from /opt/airflow/dags/spark-jobs.py
[2024-09-17T00:26:03.397+0000] {logging_mixin.py:151} INFO - [2024-09-17T00:26:03.397+0000] {dag.py:2915} INFO - Sync 1 DAGs
[2024-09-17T00:26:03.416+0000] {logging_mixin.py:151} INFO - [2024-09-17T00:26:03.415+0000] {dag.py:3696} INFO - Setting next_dagrun for data_pipeline_api to 2024-09-16T00:30:00+00:00, run_after=2024-09-17T00:30:00+00:00
[2024-09-17T00:26:03.441+0000] {processor.py:179} INFO - Processing /opt/airflow/dags/spark-jobs.py took 0.153 seconds
[2024-09-17T00:26:33.753+0000] {processor.py:157} INFO - Started process (PID=46022) to work on /opt/airflow/dags/spark-jobs.py
[2024-09-17T00:26:33.758+0000] {processor.py:829} INFO - Processing file /opt/airflow/dags/spark-jobs.py for tasks to queue
[2024-09-17T00:26:33.763+0000] {logging_mixin.py:151} INFO - [2024-09-17T00:26:33.763+0000] {dagbag.py:539} INFO - Filling up the DagBag from /opt/airflow/dags/spark-jobs.py
[2024-09-17T00:26:33.789+0000] {processor.py:839} INFO - DAG(s) dict_keys(['data_pipeline_api']) retrieved from /opt/airflow/dags/spark-jobs.py
[2024-09-17T00:26:33.841+0000] {logging_mixin.py:151} INFO - [2024-09-17T00:26:33.841+0000] {dag.py:2915} INFO - Sync 1 DAGs
[2024-09-17T00:26:33.866+0000] {logging_mixin.py:151} INFO - [2024-09-17T00:26:33.866+0000] {dag.py:3696} INFO - Setting next_dagrun for data_pipeline_api to 2024-09-16T00:30:00+00:00, run_after=2024-09-17T00:30:00+00:00
[2024-09-17T00:26:33.877+0000] {processor.py:179} INFO - Processing /opt/airflow/dags/spark-jobs.py took 0.134 seconds
[2024-09-17T00:43:42.777+0000] {processor.py:157} INFO - Started process (PID=46033) to work on /opt/airflow/dags/spark-jobs.py
[2024-09-17T00:43:42.780+0000] {processor.py:829} INFO - Processing file /opt/airflow/dags/spark-jobs.py for tasks to queue
[2024-09-17T00:43:42.806+0000] {logging_mixin.py:151} INFO - [2024-09-17T00:43:42.804+0000] {dagbag.py:539} INFO - Filling up the DagBag from /opt/airflow/dags/spark-jobs.py
[2024-09-17T00:43:42.870+0000] {processor.py:839} INFO - DAG(s) dict_keys(['data_pipeline_api']) retrieved from /opt/airflow/dags/spark-jobs.py
[2024-09-17T00:43:42.956+0000] {logging_mixin.py:151} INFO - [2024-09-17T00:43:42.956+0000] {dag.py:2915} INFO - Sync 1 DAGs
[2024-09-17T00:43:43.077+0000] {processor.py:179} INFO - Processing /opt/airflow/dags/spark-jobs.py took 0.305 seconds
[2024-09-17T00:44:13.311+0000] {processor.py:157} INFO - Started process (PID=46718) to work on /opt/airflow/dags/spark-jobs.py
[2024-09-17T00:44:13.313+0000] {processor.py:829} INFO - Processing file /opt/airflow/dags/spark-jobs.py for tasks to queue
[2024-09-17T00:44:13.319+0000] {logging_mixin.py:151} INFO - [2024-09-17T00:44:13.319+0000] {dagbag.py:539} INFO - Filling up the DagBag from /opt/airflow/dags/spark-jobs.py
[2024-09-17T00:44:13.351+0000] {processor.py:839} INFO - DAG(s) dict_keys(['data_pipeline_api']) retrieved from /opt/airflow/dags/spark-jobs.py
[2024-09-17T00:44:13.391+0000] {logging_mixin.py:151} INFO - [2024-09-17T00:44:13.390+0000] {dag.py:2915} INFO - Sync 1 DAGs
[2024-09-17T00:44:13.415+0000] {logging_mixin.py:151} INFO - [2024-09-17T00:44:13.415+0000] {dag.py:3696} INFO - Setting next_dagrun for data_pipeline_api to 2024-09-17T00:30:00+00:00, run_after=2024-09-18T00:30:00+00:00
[2024-09-17T00:44:13.426+0000] {processor.py:179} INFO - Processing /opt/airflow/dags/spark-jobs.py took 0.121 seconds
[2024-09-17T00:44:43.673+0000] {processor.py:157} INFO - Started process (PID=46728) to work on /opt/airflow/dags/spark-jobs.py
[2024-09-17T00:44:43.678+0000] {processor.py:829} INFO - Processing file /opt/airflow/dags/spark-jobs.py for tasks to queue
[2024-09-17T00:44:43.691+0000] {logging_mixin.py:151} INFO - [2024-09-17T00:44:43.690+0000] {dagbag.py:539} INFO - Filling up the DagBag from /opt/airflow/dags/spark-jobs.py
[2024-09-17T00:44:43.712+0000] {processor.py:839} INFO - DAG(s) dict_keys(['data_pipeline_api']) retrieved from /opt/airflow/dags/spark-jobs.py
[2024-09-17T00:44:43.762+0000] {logging_mixin.py:151} INFO - [2024-09-17T00:44:43.762+0000] {dag.py:2915} INFO - Sync 1 DAGs
[2024-09-17T00:44:43.783+0000] {logging_mixin.py:151} INFO - [2024-09-17T00:44:43.783+0000] {dag.py:3696} INFO - Setting next_dagrun for data_pipeline_api to 2024-09-17T00:30:00+00:00, run_after=2024-09-18T00:30:00+00:00
[2024-09-17T00:44:43.795+0000] {processor.py:179} INFO - Processing /opt/airflow/dags/spark-jobs.py took 0.163 seconds
[2024-09-17T00:45:14.020+0000] {processor.py:157} INFO - Started process (PID=46738) to work on /opt/airflow/dags/spark-jobs.py
[2024-09-17T00:45:14.023+0000] {processor.py:829} INFO - Processing file /opt/airflow/dags/spark-jobs.py for tasks to queue
[2024-09-17T00:45:14.030+0000] {logging_mixin.py:151} INFO - [2024-09-17T00:45:14.030+0000] {dagbag.py:539} INFO - Filling up the DagBag from /opt/airflow/dags/spark-jobs.py
[2024-09-17T00:45:14.049+0000] {processor.py:839} INFO - DAG(s) dict_keys(['data_pipeline_api']) retrieved from /opt/airflow/dags/spark-jobs.py
[2024-09-17T00:45:14.096+0000] {logging_mixin.py:151} INFO - [2024-09-17T00:45:14.096+0000] {dag.py:2915} INFO - Sync 1 DAGs
[2024-09-17T00:45:14.114+0000] {logging_mixin.py:151} INFO - [2024-09-17T00:45:14.114+0000] {dag.py:3696} INFO - Setting next_dagrun for data_pipeline_api to 2024-09-17T00:30:00+00:00, run_after=2024-09-18T00:30:00+00:00
[2024-09-17T00:45:14.135+0000] {processor.py:179} INFO - Processing /opt/airflow/dags/spark-jobs.py took 0.133 seconds
[2024-09-17T01:01:10.771+0000] {processor.py:157} INFO - Started process (PID=46748) to work on /opt/airflow/dags/spark-jobs.py
[2024-09-17T01:01:10.773+0000] {processor.py:829} INFO - Processing file /opt/airflow/dags/spark-jobs.py for tasks to queue
[2024-09-17T01:01:10.780+0000] {logging_mixin.py:151} INFO - [2024-09-17T01:01:10.780+0000] {dagbag.py:539} INFO - Filling up the DagBag from /opt/airflow/dags/spark-jobs.py
[2024-09-17T01:01:10.804+0000] {processor.py:839} INFO - DAG(s) dict_keys(['data_pipeline_api']) retrieved from /opt/airflow/dags/spark-jobs.py
[2024-09-17T01:01:10.834+0000] {logging_mixin.py:151} INFO - [2024-09-17T01:01:10.834+0000] {dag.py:2915} INFO - Sync 1 DAGs
[2024-09-17T01:01:10.854+0000] {logging_mixin.py:151} INFO - [2024-09-17T01:01:10.854+0000] {dag.py:3696} INFO - Setting next_dagrun for data_pipeline_api to 2024-09-17T00:30:00+00:00, run_after=2024-09-18T00:30:00+00:00
[2024-09-17T01:01:10.874+0000] {processor.py:179} INFO - Processing /opt/airflow/dags/spark-jobs.py took 0.113 seconds
[2024-09-17T01:01:41.146+0000] {processor.py:157} INFO - Started process (PID=46758) to work on /opt/airflow/dags/spark-jobs.py
[2024-09-17T01:01:41.148+0000] {processor.py:829} INFO - Processing file /opt/airflow/dags/spark-jobs.py for tasks to queue
[2024-09-17T01:01:41.153+0000] {logging_mixin.py:151} INFO - [2024-09-17T01:01:41.152+0000] {dagbag.py:539} INFO - Filling up the DagBag from /opt/airflow/dags/spark-jobs.py
[2024-09-17T01:01:41.180+0000] {processor.py:839} INFO - DAG(s) dict_keys(['data_pipeline_api']) retrieved from /opt/airflow/dags/spark-jobs.py
[2024-09-17T01:01:41.228+0000] {logging_mixin.py:151} INFO - [2024-09-17T01:01:41.228+0000] {dag.py:2915} INFO - Sync 1 DAGs
[2024-09-17T01:01:41.250+0000] {logging_mixin.py:151} INFO - [2024-09-17T01:01:41.249+0000] {dag.py:3696} INFO - Setting next_dagrun for data_pipeline_api to 2024-09-17T00:30:00+00:00, run_after=2024-09-18T00:30:00+00:00
[2024-09-17T01:01:41.261+0000] {processor.py:179} INFO - Processing /opt/airflow/dags/spark-jobs.py took 0.121 seconds
[2024-09-17T01:02:11.672+0000] {processor.py:157} INFO - Started process (PID=46768) to work on /opt/airflow/dags/spark-jobs.py
[2024-09-17T01:02:11.677+0000] {processor.py:829} INFO - Processing file /opt/airflow/dags/spark-jobs.py for tasks to queue
[2024-09-17T01:02:11.682+0000] {logging_mixin.py:151} INFO - [2024-09-17T01:02:11.682+0000] {dagbag.py:539} INFO - Filling up the DagBag from /opt/airflow/dags/spark-jobs.py
[2024-09-17T01:02:11.712+0000] {processor.py:839} INFO - DAG(s) dict_keys(['data_pipeline_api']) retrieved from /opt/airflow/dags/spark-jobs.py
[2024-09-17T01:02:11.750+0000] {logging_mixin.py:151} INFO - [2024-09-17T01:02:11.750+0000] {dag.py:2915} INFO - Sync 1 DAGs
[2024-09-17T01:02:11.775+0000] {logging_mixin.py:151} INFO - [2024-09-17T01:02:11.775+0000] {dag.py:3696} INFO - Setting next_dagrun for data_pipeline_api to 2024-09-17T00:30:00+00:00, run_after=2024-09-18T00:30:00+00:00
[2024-09-17T01:02:11.786+0000] {processor.py:179} INFO - Processing /opt/airflow/dags/spark-jobs.py took 0.129 seconds
[2024-09-17T01:02:42.052+0000] {processor.py:157} INFO - Started process (PID=46778) to work on /opt/airflow/dags/spark-jobs.py
[2024-09-17T01:02:42.055+0000] {processor.py:829} INFO - Processing file /opt/airflow/dags/spark-jobs.py for tasks to queue
[2024-09-17T01:02:42.065+0000] {logging_mixin.py:151} INFO - [2024-09-17T01:02:42.065+0000] {dagbag.py:539} INFO - Filling up the DagBag from /opt/airflow/dags/spark-jobs.py
[2024-09-17T01:02:42.085+0000] {processor.py:839} INFO - DAG(s) dict_keys(['data_pipeline_api']) retrieved from /opt/airflow/dags/spark-jobs.py
[2024-09-17T01:02:42.129+0000] {logging_mixin.py:151} INFO - [2024-09-17T01:02:42.129+0000] {dag.py:2915} INFO - Sync 1 DAGs
[2024-09-17T01:02:42.154+0000] {logging_mixin.py:151} INFO - [2024-09-17T01:02:42.154+0000] {dag.py:3696} INFO - Setting next_dagrun for data_pipeline_api to 2024-09-17T00:30:00+00:00, run_after=2024-09-18T00:30:00+00:00
[2024-09-17T01:02:42.167+0000] {processor.py:179} INFO - Processing /opt/airflow/dags/spark-jobs.py took 0.122 seconds
[2024-09-17T01:03:12.430+0000] {processor.py:157} INFO - Started process (PID=46788) to work on /opt/airflow/dags/spark-jobs.py
[2024-09-17T01:03:12.433+0000] {processor.py:829} INFO - Processing file /opt/airflow/dags/spark-jobs.py for tasks to queue
[2024-09-17T01:03:12.437+0000] {logging_mixin.py:151} INFO - [2024-09-17T01:03:12.437+0000] {dagbag.py:539} INFO - Filling up the DagBag from /opt/airflow/dags/spark-jobs.py
[2024-09-17T01:03:12.463+0000] {processor.py:839} INFO - DAG(s) dict_keys(['data_pipeline_api']) retrieved from /opt/airflow/dags/spark-jobs.py
[2024-09-17T01:03:12.502+0000] {logging_mixin.py:151} INFO - [2024-09-17T01:03:12.502+0000] {dag.py:2915} INFO - Sync 1 DAGs
[2024-09-17T01:03:12.517+0000] {logging_mixin.py:151} INFO - [2024-09-17T01:03:12.517+0000] {dag.py:3696} INFO - Setting next_dagrun for data_pipeline_api to 2024-09-17T00:30:00+00:00, run_after=2024-09-18T00:30:00+00:00
[2024-09-17T01:03:12.531+0000] {processor.py:179} INFO - Processing /opt/airflow/dags/spark-jobs.py took 0.106 seconds
[2024-09-17T01:20:51.858+0000] {processor.py:157} INFO - Started process (PID=46798) to work on /opt/airflow/dags/spark-jobs.py
[2024-09-17T01:20:51.860+0000] {processor.py:829} INFO - Processing file /opt/airflow/dags/spark-jobs.py for tasks to queue
[2024-09-17T01:20:51.880+0000] {logging_mixin.py:151} INFO - [2024-09-17T01:20:51.877+0000] {dagbag.py:539} INFO - Filling up the DagBag from /opt/airflow/dags/spark-jobs.py
[2024-09-17T01:20:51.957+0000] {processor.py:839} INFO - DAG(s) dict_keys(['data_pipeline_api']) retrieved from /opt/airflow/dags/spark-jobs.py
[2024-09-17T01:20:52.075+0000] {logging_mixin.py:151} INFO - [2024-09-17T01:20:52.070+0000] {dag.py:2915} INFO - Sync 1 DAGs
[2024-09-17T01:20:52.123+0000] {logging_mixin.py:151} INFO - [2024-09-17T01:20:52.123+0000] {dag.py:3696} INFO - Setting next_dagrun for data_pipeline_api to 2024-09-17T00:30:00+00:00, run_after=2024-09-18T00:30:00+00:00
[2024-09-17T01:20:52.173+0000] {processor.py:179} INFO - Processing /opt/airflow/dags/spark-jobs.py took 0.324 seconds
[2024-09-17T01:21:22.523+0000] {processor.py:157} INFO - Started process (PID=46808) to work on /opt/airflow/dags/spark-jobs.py
[2024-09-17T01:21:22.527+0000] {processor.py:829} INFO - Processing file /opt/airflow/dags/spark-jobs.py for tasks to queue
[2024-09-17T01:21:22.535+0000] {logging_mixin.py:151} INFO - [2024-09-17T01:21:22.534+0000] {dagbag.py:539} INFO - Filling up the DagBag from /opt/airflow/dags/spark-jobs.py
[2024-09-17T01:21:22.565+0000] {processor.py:839} INFO - DAG(s) dict_keys(['data_pipeline_api']) retrieved from /opt/airflow/dags/spark-jobs.py
[2024-09-17T01:21:22.617+0000] {logging_mixin.py:151} INFO - [2024-09-17T01:21:22.617+0000] {dag.py:2915} INFO - Sync 1 DAGs
[2024-09-17T01:21:22.636+0000] {logging_mixin.py:151} INFO - [2024-09-17T01:21:22.636+0000] {dag.py:3696} INFO - Setting next_dagrun for data_pipeline_api to 2024-09-17T00:30:00+00:00, run_after=2024-09-18T00:30:00+00:00
[2024-09-17T01:21:22.648+0000] {processor.py:179} INFO - Processing /opt/airflow/dags/spark-jobs.py took 0.133 seconds
[2024-09-17T01:21:52.895+0000] {processor.py:157} INFO - Started process (PID=46818) to work on /opt/airflow/dags/spark-jobs.py
[2024-09-17T01:21:52.896+0000] {processor.py:829} INFO - Processing file /opt/airflow/dags/spark-jobs.py for tasks to queue
[2024-09-17T01:21:52.901+0000] {logging_mixin.py:151} INFO - [2024-09-17T01:21:52.901+0000] {dagbag.py:539} INFO - Filling up the DagBag from /opt/airflow/dags/spark-jobs.py
[2024-09-17T01:21:52.930+0000] {processor.py:839} INFO - DAG(s) dict_keys(['data_pipeline_api']) retrieved from /opt/airflow/dags/spark-jobs.py
[2024-09-17T01:21:52.964+0000] {logging_mixin.py:151} INFO - [2024-09-17T01:21:52.964+0000] {dag.py:2915} INFO - Sync 1 DAGs
[2024-09-17T01:21:52.990+0000] {logging_mixin.py:151} INFO - [2024-09-17T01:21:52.990+0000] {dag.py:3696} INFO - Setting next_dagrun for data_pipeline_api to 2024-09-17T00:30:00+00:00, run_after=2024-09-18T00:30:00+00:00
[2024-09-17T01:21:53.003+0000] {processor.py:179} INFO - Processing /opt/airflow/dags/spark-jobs.py took 0.115 seconds
[2024-09-17T01:22:23.253+0000] {processor.py:157} INFO - Started process (PID=46828) to work on /opt/airflow/dags/spark-jobs.py
[2024-09-17T01:22:23.258+0000] {processor.py:829} INFO - Processing file /opt/airflow/dags/spark-jobs.py for tasks to queue
[2024-09-17T01:22:23.269+0000] {logging_mixin.py:151} INFO - [2024-09-17T01:22:23.269+0000] {dagbag.py:539} INFO - Filling up the DagBag from /opt/airflow/dags/spark-jobs.py
[2024-09-17T01:22:23.290+0000] {processor.py:839} INFO - DAG(s) dict_keys(['data_pipeline_api']) retrieved from /opt/airflow/dags/spark-jobs.py
[2024-09-17T01:22:23.330+0000] {logging_mixin.py:151} INFO - [2024-09-17T01:22:23.330+0000] {dag.py:2915} INFO - Sync 1 DAGs
[2024-09-17T01:22:23.353+0000] {logging_mixin.py:151} INFO - [2024-09-17T01:22:23.353+0000] {dag.py:3696} INFO - Setting next_dagrun for data_pipeline_api to 2024-09-17T00:30:00+00:00, run_after=2024-09-18T00:30:00+00:00
[2024-09-17T01:22:23.369+0000] {processor.py:179} INFO - Processing /opt/airflow/dags/spark-jobs.py took 0.127 seconds
[2024-09-17T01:22:53.630+0000] {processor.py:157} INFO - Started process (PID=46838) to work on /opt/airflow/dags/spark-jobs.py
[2024-09-17T01:22:53.632+0000] {processor.py:829} INFO - Processing file /opt/airflow/dags/spark-jobs.py for tasks to queue
[2024-09-17T01:22:53.637+0000] {logging_mixin.py:151} INFO - [2024-09-17T01:22:53.636+0000] {dagbag.py:539} INFO - Filling up the DagBag from /opt/airflow/dags/spark-jobs.py
[2024-09-17T01:22:53.654+0000] {processor.py:839} INFO - DAG(s) dict_keys(['data_pipeline_api']) retrieved from /opt/airflow/dags/spark-jobs.py
[2024-09-17T01:22:53.686+0000] {logging_mixin.py:151} INFO - [2024-09-17T01:22:53.686+0000] {dag.py:2915} INFO - Sync 1 DAGs
[2024-09-17T01:22:53.703+0000] {logging_mixin.py:151} INFO - [2024-09-17T01:22:53.703+0000] {dag.py:3696} INFO - Setting next_dagrun for data_pipeline_api to 2024-09-17T00:30:00+00:00, run_after=2024-09-18T00:30:00+00:00
[2024-09-17T01:22:53.716+0000] {processor.py:179} INFO - Processing /opt/airflow/dags/spark-jobs.py took 0.092 seconds
[2024-09-17T01:23:23.983+0000] {processor.py:157} INFO - Started process (PID=46848) to work on /opt/airflow/dags/spark-jobs.py
[2024-09-17T01:23:23.984+0000] {processor.py:829} INFO - Processing file /opt/airflow/dags/spark-jobs.py for tasks to queue
[2024-09-17T01:23:23.986+0000] {logging_mixin.py:151} INFO - [2024-09-17T01:23:23.986+0000] {dagbag.py:539} INFO - Filling up the DagBag from /opt/airflow/dags/spark-jobs.py
[2024-09-17T01:23:23.997+0000] {processor.py:839} INFO - DAG(s) dict_keys(['data_pipeline_api']) retrieved from /opt/airflow/dags/spark-jobs.py
[2024-09-17T01:23:24.019+0000] {logging_mixin.py:151} INFO - [2024-09-17T01:23:24.019+0000] {dag.py:2915} INFO - Sync 1 DAGs
[2024-09-17T01:23:24.031+0000] {logging_mixin.py:151} INFO - [2024-09-17T01:23:24.031+0000] {dag.py:3696} INFO - Setting next_dagrun for data_pipeline_api to 2024-09-17T00:30:00+00:00, run_after=2024-09-18T00:30:00+00:00
[2024-09-17T01:23:24.045+0000] {processor.py:179} INFO - Processing /opt/airflow/dags/spark-jobs.py took 0.067 seconds
[2024-09-17T01:30:09.891+0000] {processor.py:157} INFO - Started process (PID=46858) to work on /opt/airflow/dags/spark-jobs.py
[2024-09-17T01:30:09.892+0000] {processor.py:829} INFO - Processing file /opt/airflow/dags/spark-jobs.py for tasks to queue
[2024-09-17T01:30:09.898+0000] {logging_mixin.py:151} INFO - [2024-09-17T01:30:09.898+0000] {dagbag.py:539} INFO - Filling up the DagBag from /opt/airflow/dags/spark-jobs.py
[2024-09-17T01:30:09.932+0000] {processor.py:839} INFO - DAG(s) dict_keys(['data_pipeline_api']) retrieved from /opt/airflow/dags/spark-jobs.py
[2024-09-17T01:30:09.980+0000] {logging_mixin.py:151} INFO - [2024-09-17T01:30:09.980+0000] {dag.py:2915} INFO - Sync 1 DAGs
[2024-09-17T01:30:10.012+0000] {logging_mixin.py:151} INFO - [2024-09-17T01:30:10.011+0000] {dag.py:3696} INFO - Setting next_dagrun for data_pipeline_api to 2024-09-17T00:30:00+00:00, run_after=2024-09-18T00:30:00+00:00
[2024-09-17T01:30:10.025+0000] {processor.py:179} INFO - Processing /opt/airflow/dags/spark-jobs.py took 0.147 seconds
[2024-09-17T01:30:40.406+0000] {processor.py:157} INFO - Started process (PID=46870) to work on /opt/airflow/dags/spark-jobs.py
[2024-09-17T01:30:40.410+0000] {processor.py:829} INFO - Processing file /opt/airflow/dags/spark-jobs.py for tasks to queue
[2024-09-17T01:30:40.423+0000] {logging_mixin.py:151} INFO - [2024-09-17T01:30:40.423+0000] {dagbag.py:539} INFO - Filling up the DagBag from /opt/airflow/dags/spark-jobs.py
[2024-09-17T01:30:40.444+0000] {processor.py:839} INFO - DAG(s) dict_keys(['data_pipeline_api']) retrieved from /opt/airflow/dags/spark-jobs.py
[2024-09-17T01:30:40.473+0000] {logging_mixin.py:151} INFO - [2024-09-17T01:30:40.473+0000] {dag.py:2915} INFO - Sync 1 DAGs
[2024-09-17T01:30:40.499+0000] {logging_mixin.py:151} INFO - [2024-09-17T01:30:40.499+0000] {dag.py:3696} INFO - Setting next_dagrun for data_pipeline_api to 2024-09-17T00:30:00+00:00, run_after=2024-09-18T00:30:00+00:00
[2024-09-17T01:30:40.512+0000] {processor.py:179} INFO - Processing /opt/airflow/dags/spark-jobs.py took 0.125 seconds
[2024-09-17T01:31:10.882+0000] {processor.py:157} INFO - Started process (PID=46880) to work on /opt/airflow/dags/spark-jobs.py
[2024-09-17T01:31:10.883+0000] {processor.py:829} INFO - Processing file /opt/airflow/dags/spark-jobs.py for tasks to queue
[2024-09-17T01:31:10.887+0000] {logging_mixin.py:151} INFO - [2024-09-17T01:31:10.887+0000] {dagbag.py:539} INFO - Filling up the DagBag from /opt/airflow/dags/spark-jobs.py
[2024-09-17T01:31:10.905+0000] {processor.py:839} INFO - DAG(s) dict_keys(['data_pipeline_api']) retrieved from /opt/airflow/dags/spark-jobs.py
[2024-09-17T01:31:10.936+0000] {logging_mixin.py:151} INFO - [2024-09-17T01:31:10.936+0000] {dag.py:2915} INFO - Sync 1 DAGs
[2024-09-17T01:31:10.953+0000] {logging_mixin.py:151} INFO - [2024-09-17T01:31:10.953+0000] {dag.py:3696} INFO - Setting next_dagrun for data_pipeline_api to 2024-09-17T00:30:00+00:00, run_after=2024-09-18T00:30:00+00:00
[2024-09-17T01:31:10.965+0000] {processor.py:179} INFO - Processing /opt/airflow/dags/spark-jobs.py took 0.089 seconds
[2024-09-17T01:31:41.317+0000] {processor.py:157} INFO - Started process (PID=46890) to work on /opt/airflow/dags/spark-jobs.py
[2024-09-17T01:31:41.318+0000] {processor.py:829} INFO - Processing file /opt/airflow/dags/spark-jobs.py for tasks to queue
[2024-09-17T01:31:41.321+0000] {logging_mixin.py:151} INFO - [2024-09-17T01:31:41.321+0000] {dagbag.py:539} INFO - Filling up the DagBag from /opt/airflow/dags/spark-jobs.py
[2024-09-17T01:31:41.332+0000] {processor.py:839} INFO - DAG(s) dict_keys(['data_pipeline_api']) retrieved from /opt/airflow/dags/spark-jobs.py
[2024-09-17T01:31:41.355+0000] {logging_mixin.py:151} INFO - [2024-09-17T01:31:41.355+0000] {dag.py:2915} INFO - Sync 1 DAGs
[2024-09-17T01:31:41.391+0000] {logging_mixin.py:151} INFO - [2024-09-17T01:31:41.391+0000] {dag.py:3696} INFO - Setting next_dagrun for data_pipeline_api to 2024-09-17T00:30:00+00:00, run_after=2024-09-18T00:30:00+00:00
[2024-09-17T01:31:41.405+0000] {processor.py:179} INFO - Processing /opt/airflow/dags/spark-jobs.py took 0.092 seconds
[2024-09-17T01:32:11.771+0000] {processor.py:157} INFO - Started process (PID=46900) to work on /opt/airflow/dags/spark-jobs.py
[2024-09-17T01:32:11.782+0000] {processor.py:829} INFO - Processing file /opt/airflow/dags/spark-jobs.py for tasks to queue
[2024-09-17T01:32:11.788+0000] {logging_mixin.py:151} INFO - [2024-09-17T01:32:11.787+0000] {dagbag.py:539} INFO - Filling up the DagBag from /opt/airflow/dags/spark-jobs.py
[2024-09-17T01:32:11.808+0000] {processor.py:839} INFO - DAG(s) dict_keys(['data_pipeline_api']) retrieved from /opt/airflow/dags/spark-jobs.py
[2024-09-17T01:32:11.839+0000] {logging_mixin.py:151} INFO - [2024-09-17T01:32:11.839+0000] {dag.py:2915} INFO - Sync 1 DAGs
[2024-09-17T01:32:11.862+0000] {logging_mixin.py:151} INFO - [2024-09-17T01:32:11.862+0000] {dag.py:3696} INFO - Setting next_dagrun for data_pipeline_api to 2024-09-17T00:30:00+00:00, run_after=2024-09-18T00:30:00+00:00
[2024-09-17T01:32:11.874+0000] {processor.py:179} INFO - Processing /opt/airflow/dags/spark-jobs.py took 0.115 seconds
[2024-09-17T01:32:42.053+0000] {processor.py:157} INFO - Started process (PID=46910) to work on /opt/airflow/dags/spark-jobs.py
[2024-09-17T01:32:42.056+0000] {processor.py:829} INFO - Processing file /opt/airflow/dags/spark-jobs.py for tasks to queue
[2024-09-17T01:32:42.059+0000] {logging_mixin.py:151} INFO - [2024-09-17T01:32:42.058+0000] {dagbag.py:539} INFO - Filling up the DagBag from /opt/airflow/dags/spark-jobs.py
[2024-09-17T01:32:42.072+0000] {processor.py:839} INFO - DAG(s) dict_keys(['data_pipeline_api']) retrieved from /opt/airflow/dags/spark-jobs.py
[2024-09-17T01:32:42.092+0000] {logging_mixin.py:151} INFO - [2024-09-17T01:32:42.092+0000] {dag.py:2915} INFO - Sync 1 DAGs
[2024-09-17T01:32:42.104+0000] {logging_mixin.py:151} INFO - [2024-09-17T01:32:42.104+0000] {dag.py:3696} INFO - Setting next_dagrun for data_pipeline_api to 2024-09-17T00:30:00+00:00, run_after=2024-09-18T00:30:00+00:00
[2024-09-17T01:32:42.117+0000] {processor.py:179} INFO - Processing /opt/airflow/dags/spark-jobs.py took 0.067 seconds
[2024-09-17T01:33:12.481+0000] {processor.py:157} INFO - Started process (PID=46920) to work on /opt/airflow/dags/spark-jobs.py
[2024-09-17T01:33:12.483+0000] {processor.py:829} INFO - Processing file /opt/airflow/dags/spark-jobs.py for tasks to queue
[2024-09-17T01:33:12.487+0000] {logging_mixin.py:151} INFO - [2024-09-17T01:33:12.487+0000] {dagbag.py:539} INFO - Filling up the DagBag from /opt/airflow/dags/spark-jobs.py
[2024-09-17T01:33:12.504+0000] {processor.py:839} INFO - DAG(s) dict_keys(['data_pipeline_api']) retrieved from /opt/airflow/dags/spark-jobs.py
[2024-09-17T01:33:12.546+0000] {logging_mixin.py:151} INFO - [2024-09-17T01:33:12.546+0000] {dag.py:2915} INFO - Sync 1 DAGs
[2024-09-17T01:33:12.563+0000] {logging_mixin.py:151} INFO - [2024-09-17T01:33:12.563+0000] {dag.py:3696} INFO - Setting next_dagrun for data_pipeline_api to 2024-09-17T00:30:00+00:00, run_after=2024-09-18T00:30:00+00:00
[2024-09-17T01:33:12.574+0000] {processor.py:179} INFO - Processing /opt/airflow/dags/spark-jobs.py took 0.112 seconds
[2024-09-17T01:33:42.870+0000] {processor.py:157} INFO - Started process (PID=46930) to work on /opt/airflow/dags/spark-jobs.py
[2024-09-17T01:33:42.873+0000] {processor.py:829} INFO - Processing file /opt/airflow/dags/spark-jobs.py for tasks to queue
[2024-09-17T01:33:42.879+0000] {logging_mixin.py:151} INFO - [2024-09-17T01:33:42.878+0000] {dagbag.py:539} INFO - Filling up the DagBag from /opt/airflow/dags/spark-jobs.py
[2024-09-17T01:33:42.905+0000] {processor.py:839} INFO - DAG(s) dict_keys(['data_pipeline_api']) retrieved from /opt/airflow/dags/spark-jobs.py
[2024-09-17T01:33:42.952+0000] {logging_mixin.py:151} INFO - [2024-09-17T01:33:42.952+0000] {dag.py:2915} INFO - Sync 1 DAGs
[2024-09-17T01:33:42.974+0000] {logging_mixin.py:151} INFO - [2024-09-17T01:33:42.974+0000] {dag.py:3696} INFO - Setting next_dagrun for data_pipeline_api to 2024-09-17T00:30:00+00:00, run_after=2024-09-18T00:30:00+00:00
[2024-09-17T01:33:42.988+0000] {processor.py:179} INFO - Processing /opt/airflow/dags/spark-jobs.py took 0.127 seconds
[2024-09-17T01:34:13.209+0000] {processor.py:157} INFO - Started process (PID=46940) to work on /opt/airflow/dags/spark-jobs.py
[2024-09-17T01:34:13.211+0000] {processor.py:829} INFO - Processing file /opt/airflow/dags/spark-jobs.py for tasks to queue
[2024-09-17T01:34:13.217+0000] {logging_mixin.py:151} INFO - [2024-09-17T01:34:13.216+0000] {dagbag.py:539} INFO - Filling up the DagBag from /opt/airflow/dags/spark-jobs.py
[2024-09-17T01:34:13.240+0000] {processor.py:839} INFO - DAG(s) dict_keys(['data_pipeline_api']) retrieved from /opt/airflow/dags/spark-jobs.py
[2024-09-17T01:34:13.276+0000] {logging_mixin.py:151} INFO - [2024-09-17T01:34:13.276+0000] {dag.py:2915} INFO - Sync 1 DAGs
[2024-09-17T01:34:13.298+0000] {logging_mixin.py:151} INFO - [2024-09-17T01:34:13.298+0000] {dag.py:3696} INFO - Setting next_dagrun for data_pipeline_api to 2024-09-17T00:30:00+00:00, run_after=2024-09-18T00:30:00+00:00
[2024-09-17T01:34:13.308+0000] {processor.py:179} INFO - Processing /opt/airflow/dags/spark-jobs.py took 0.107 seconds
[2024-09-17T01:34:43.717+0000] {processor.py:157} INFO - Started process (PID=46950) to work on /opt/airflow/dags/spark-jobs.py
[2024-09-17T01:34:43.719+0000] {processor.py:829} INFO - Processing file /opt/airflow/dags/spark-jobs.py for tasks to queue
[2024-09-17T01:34:43.722+0000] {logging_mixin.py:151} INFO - [2024-09-17T01:34:43.722+0000] {dagbag.py:539} INFO - Filling up the DagBag from /opt/airflow/dags/spark-jobs.py
[2024-09-17T01:34:43.742+0000] {processor.py:839} INFO - DAG(s) dict_keys(['data_pipeline_api']) retrieved from /opt/airflow/dags/spark-jobs.py
[2024-09-17T01:34:43.776+0000] {logging_mixin.py:151} INFO - [2024-09-17T01:34:43.776+0000] {dag.py:2915} INFO - Sync 1 DAGs
[2024-09-17T01:34:43.794+0000] {logging_mixin.py:151} INFO - [2024-09-17T01:34:43.794+0000] {dag.py:3696} INFO - Setting next_dagrun for data_pipeline_api to 2024-09-17T00:30:00+00:00, run_after=2024-09-18T00:30:00+00:00
[2024-09-17T01:34:43.806+0000] {processor.py:179} INFO - Processing /opt/airflow/dags/spark-jobs.py took 0.098 seconds
[2024-09-17T01:35:14.588+0000] {processor.py:157} INFO - Started process (PID=46960) to work on /opt/airflow/dags/spark-jobs.py
[2024-09-17T01:35:14.590+0000] {processor.py:829} INFO - Processing file /opt/airflow/dags/spark-jobs.py for tasks to queue
[2024-09-17T01:35:14.599+0000] {logging_mixin.py:151} INFO - [2024-09-17T01:35:14.598+0000] {dagbag.py:539} INFO - Filling up the DagBag from /opt/airflow/dags/spark-jobs.py
[2024-09-17T01:35:14.627+0000] {processor.py:839} INFO - DAG(s) dict_keys(['data_pipeline_api']) retrieved from /opt/airflow/dags/spark-jobs.py
[2024-09-17T01:35:14.658+0000] {logging_mixin.py:151} INFO - [2024-09-17T01:35:14.658+0000] {dag.py:2915} INFO - Sync 1 DAGs
[2024-09-17T01:35:14.679+0000] {logging_mixin.py:151} INFO - [2024-09-17T01:35:14.679+0000] {dag.py:3696} INFO - Setting next_dagrun for data_pipeline_api to 2024-09-17T00:30:00+00:00, run_after=2024-09-18T00:30:00+00:00
[2024-09-17T01:35:14.691+0000] {processor.py:179} INFO - Processing /opt/airflow/dags/spark-jobs.py took 0.109 seconds
[2024-09-17T01:35:44.971+0000] {processor.py:157} INFO - Started process (PID=46970) to work on /opt/airflow/dags/spark-jobs.py
[2024-09-17T01:35:44.972+0000] {processor.py:829} INFO - Processing file /opt/airflow/dags/spark-jobs.py for tasks to queue
[2024-09-17T01:35:44.975+0000] {logging_mixin.py:151} INFO - [2024-09-17T01:35:44.975+0000] {dagbag.py:539} INFO - Filling up the DagBag from /opt/airflow/dags/spark-jobs.py
[2024-09-17T01:35:44.984+0000] {processor.py:839} INFO - DAG(s) dict_keys(['data_pipeline_api']) retrieved from /opt/airflow/dags/spark-jobs.py
[2024-09-17T01:35:45.002+0000] {logging_mixin.py:151} INFO - [2024-09-17T01:35:45.002+0000] {dag.py:2915} INFO - Sync 1 DAGs
[2024-09-17T01:35:45.014+0000] {logging_mixin.py:151} INFO - [2024-09-17T01:35:45.013+0000] {dag.py:3696} INFO - Setting next_dagrun for data_pipeline_api to 2024-09-17T00:30:00+00:00, run_after=2024-09-18T00:30:00+00:00
[2024-09-17T01:35:45.023+0000] {processor.py:179} INFO - Processing /opt/airflow/dags/spark-jobs.py took 0.055 seconds
[2024-09-17T01:36:15.268+0000] {processor.py:157} INFO - Started process (PID=46980) to work on /opt/airflow/dags/spark-jobs.py
[2024-09-17T01:36:15.269+0000] {processor.py:829} INFO - Processing file /opt/airflow/dags/spark-jobs.py for tasks to queue
[2024-09-17T01:36:15.276+0000] {logging_mixin.py:151} INFO - [2024-09-17T01:36:15.276+0000] {dagbag.py:539} INFO - Filling up the DagBag from /opt/airflow/dags/spark-jobs.py
[2024-09-17T01:36:15.294+0000] {processor.py:839} INFO - DAG(s) dict_keys(['data_pipeline_api']) retrieved from /opt/airflow/dags/spark-jobs.py
[2024-09-17T01:36:15.319+0000] {logging_mixin.py:151} INFO - [2024-09-17T01:36:15.319+0000] {dag.py:2915} INFO - Sync 1 DAGs
[2024-09-17T01:36:15.335+0000] {logging_mixin.py:151} INFO - [2024-09-17T01:36:15.335+0000] {dag.py:3696} INFO - Setting next_dagrun for data_pipeline_api to 2024-09-17T00:30:00+00:00, run_after=2024-09-18T00:30:00+00:00
[2024-09-17T01:36:15.345+0000] {processor.py:179} INFO - Processing /opt/airflow/dags/spark-jobs.py took 0.084 seconds
[2024-09-17T01:36:45.671+0000] {processor.py:157} INFO - Started process (PID=46990) to work on /opt/airflow/dags/spark-jobs.py
[2024-09-17T01:36:45.673+0000] {processor.py:829} INFO - Processing file /opt/airflow/dags/spark-jobs.py for tasks to queue
[2024-09-17T01:36:45.678+0000] {logging_mixin.py:151} INFO - [2024-09-17T01:36:45.677+0000] {dagbag.py:539} INFO - Filling up the DagBag from /opt/airflow/dags/spark-jobs.py
[2024-09-17T01:36:45.696+0000] {processor.py:839} INFO - DAG(s) dict_keys(['data_pipeline_api']) retrieved from /opt/airflow/dags/spark-jobs.py
[2024-09-17T01:36:45.728+0000] {logging_mixin.py:151} INFO - [2024-09-17T01:36:45.728+0000] {dag.py:2915} INFO - Sync 1 DAGs
[2024-09-17T01:36:45.746+0000] {logging_mixin.py:151} INFO - [2024-09-17T01:36:45.746+0000] {dag.py:3696} INFO - Setting next_dagrun for data_pipeline_api to 2024-09-17T00:30:00+00:00, run_after=2024-09-18T00:30:00+00:00
[2024-09-17T01:36:45.761+0000] {processor.py:179} INFO - Processing /opt/airflow/dags/spark-jobs.py took 0.108 seconds
[2024-09-17T01:37:16.102+0000] {processor.py:157} INFO - Started process (PID=47000) to work on /opt/airflow/dags/spark-jobs.py
[2024-09-17T01:37:16.106+0000] {processor.py:829} INFO - Processing file /opt/airflow/dags/spark-jobs.py for tasks to queue
[2024-09-17T01:37:16.112+0000] {logging_mixin.py:151} INFO - [2024-09-17T01:37:16.111+0000] {dagbag.py:539} INFO - Filling up the DagBag from /opt/airflow/dags/spark-jobs.py
[2024-09-17T01:37:16.139+0000] {processor.py:839} INFO - DAG(s) dict_keys(['data_pipeline_api']) retrieved from /opt/airflow/dags/spark-jobs.py
[2024-09-17T01:37:16.167+0000] {logging_mixin.py:151} INFO - [2024-09-17T01:37:16.167+0000] {dag.py:2915} INFO - Sync 1 DAGs
[2024-09-17T01:37:16.189+0000] {logging_mixin.py:151} INFO - [2024-09-17T01:37:16.189+0000] {dag.py:3696} INFO - Setting next_dagrun for data_pipeline_api to 2024-09-17T00:30:00+00:00, run_after=2024-09-18T00:30:00+00:00
[2024-09-17T01:37:16.202+0000] {processor.py:179} INFO - Processing /opt/airflow/dags/spark-jobs.py took 0.115 seconds
[2024-09-17T01:37:46.562+0000] {processor.py:157} INFO - Started process (PID=47010) to work on /opt/airflow/dags/spark-jobs.py
[2024-09-17T01:37:46.563+0000] {processor.py:829} INFO - Processing file /opt/airflow/dags/spark-jobs.py for tasks to queue
[2024-09-17T01:37:46.568+0000] {logging_mixin.py:151} INFO - [2024-09-17T01:37:46.568+0000] {dagbag.py:539} INFO - Filling up the DagBag from /opt/airflow/dags/spark-jobs.py
[2024-09-17T01:37:46.587+0000] {processor.py:839} INFO - DAG(s) dict_keys(['data_pipeline_api']) retrieved from /opt/airflow/dags/spark-jobs.py
[2024-09-17T01:37:46.631+0000] {logging_mixin.py:151} INFO - [2024-09-17T01:37:46.631+0000] {dag.py:2915} INFO - Sync 1 DAGs
[2024-09-17T01:37:46.647+0000] {logging_mixin.py:151} INFO - [2024-09-17T01:37:46.646+0000] {dag.py:3696} INFO - Setting next_dagrun for data_pipeline_api to 2024-09-17T00:30:00+00:00, run_after=2024-09-18T00:30:00+00:00
[2024-09-17T01:37:46.659+0000] {processor.py:179} INFO - Processing /opt/airflow/dags/spark-jobs.py took 0.105 seconds
[2024-09-17T01:38:16.942+0000] {processor.py:157} INFO - Started process (PID=47020) to work on /opt/airflow/dags/spark-jobs.py
[2024-09-17T01:38:16.943+0000] {processor.py:829} INFO - Processing file /opt/airflow/dags/spark-jobs.py for tasks to queue
[2024-09-17T01:38:16.946+0000] {logging_mixin.py:151} INFO - [2024-09-17T01:38:16.946+0000] {dagbag.py:539} INFO - Filling up the DagBag from /opt/airflow/dags/spark-jobs.py
[2024-09-17T01:38:16.956+0000] {processor.py:839} INFO - DAG(s) dict_keys(['data_pipeline_api']) retrieved from /opt/airflow/dags/spark-jobs.py
[2024-09-17T01:38:16.976+0000] {logging_mixin.py:151} INFO - [2024-09-17T01:38:16.975+0000] {dag.py:2915} INFO - Sync 1 DAGs
[2024-09-17T01:38:16.990+0000] {logging_mixin.py:151} INFO - [2024-09-17T01:38:16.989+0000] {dag.py:3696} INFO - Setting next_dagrun for data_pipeline_api to 2024-09-17T00:30:00+00:00, run_after=2024-09-18T00:30:00+00:00
[2024-09-17T01:38:16.997+0000] {processor.py:179} INFO - Processing /opt/airflow/dags/spark-jobs.py took 0.058 seconds
[2024-09-17T01:38:47.383+0000] {processor.py:157} INFO - Started process (PID=47030) to work on /opt/airflow/dags/spark-jobs.py
[2024-09-17T01:38:47.386+0000] {processor.py:829} INFO - Processing file /opt/airflow/dags/spark-jobs.py for tasks to queue
[2024-09-17T01:38:47.389+0000] {logging_mixin.py:151} INFO - [2024-09-17T01:38:47.389+0000] {dagbag.py:539} INFO - Filling up the DagBag from /opt/airflow/dags/spark-jobs.py
[2024-09-17T01:38:47.406+0000] {processor.py:839} INFO - DAG(s) dict_keys(['data_pipeline_api']) retrieved from /opt/airflow/dags/spark-jobs.py
[2024-09-17T01:38:47.450+0000] {logging_mixin.py:151} INFO - [2024-09-17T01:38:47.450+0000] {dag.py:2915} INFO - Sync 1 DAGs
[2024-09-17T01:38:47.465+0000] {logging_mixin.py:151} INFO - [2024-09-17T01:38:47.465+0000] {dag.py:3696} INFO - Setting next_dagrun for data_pipeline_api to 2024-09-17T00:30:00+00:00, run_after=2024-09-18T00:30:00+00:00
[2024-09-17T01:38:47.478+0000] {processor.py:179} INFO - Processing /opt/airflow/dags/spark-jobs.py took 0.111 seconds
[2024-09-17T01:39:17.809+0000] {processor.py:157} INFO - Started process (PID=47040) to work on /opt/airflow/dags/spark-jobs.py
[2024-09-17T01:39:17.810+0000] {processor.py:829} INFO - Processing file /opt/airflow/dags/spark-jobs.py for tasks to queue
[2024-09-17T01:39:17.812+0000] {logging_mixin.py:151} INFO - [2024-09-17T01:39:17.812+0000] {dagbag.py:539} INFO - Filling up the DagBag from /opt/airflow/dags/spark-jobs.py
[2024-09-17T01:39:17.825+0000] {processor.py:839} INFO - DAG(s) dict_keys(['data_pipeline_api']) retrieved from /opt/airflow/dags/spark-jobs.py
[2024-09-17T01:39:17.845+0000] {logging_mixin.py:151} INFO - [2024-09-17T01:39:17.845+0000] {dag.py:2915} INFO - Sync 1 DAGs
[2024-09-17T01:39:17.857+0000] {logging_mixin.py:151} INFO - [2024-09-17T01:39:17.857+0000] {dag.py:3696} INFO - Setting next_dagrun for data_pipeline_api to 2024-09-17T00:30:00+00:00, run_after=2024-09-18T00:30:00+00:00
[2024-09-17T01:39:17.867+0000] {processor.py:179} INFO - Processing /opt/airflow/dags/spark-jobs.py took 0.063 seconds
[2024-09-17T01:39:48.205+0000] {processor.py:157} INFO - Started process (PID=47050) to work on /opt/airflow/dags/spark-jobs.py
[2024-09-17T01:39:48.206+0000] {processor.py:829} INFO - Processing file /opt/airflow/dags/spark-jobs.py for tasks to queue
[2024-09-17T01:39:48.213+0000] {logging_mixin.py:151} INFO - [2024-09-17T01:39:48.212+0000] {dagbag.py:539} INFO - Filling up the DagBag from /opt/airflow/dags/spark-jobs.py
[2024-09-17T01:39:48.246+0000] {processor.py:839} INFO - DAG(s) dict_keys(['data_pipeline_api']) retrieved from /opt/airflow/dags/spark-jobs.py
[2024-09-17T01:39:48.277+0000] {logging_mixin.py:151} INFO - [2024-09-17T01:39:48.277+0000] {dag.py:2915} INFO - Sync 1 DAGs
[2024-09-17T01:39:48.296+0000] {logging_mixin.py:151} INFO - [2024-09-17T01:39:48.296+0000] {dag.py:3696} INFO - Setting next_dagrun for data_pipeline_api to 2024-09-17T00:30:00+00:00, run_after=2024-09-18T00:30:00+00:00
[2024-09-17T01:39:48.307+0000] {processor.py:179} INFO - Processing /opt/airflow/dags/spark-jobs.py took 0.111 seconds
[2024-09-17T01:40:18.935+0000] {processor.py:157} INFO - Started process (PID=47060) to work on /opt/airflow/dags/spark-jobs.py
[2024-09-17T01:40:18.936+0000] {processor.py:829} INFO - Processing file /opt/airflow/dags/spark-jobs.py for tasks to queue
[2024-09-17T01:40:18.944+0000] {logging_mixin.py:151} INFO - [2024-09-17T01:40:18.943+0000] {dagbag.py:539} INFO - Filling up the DagBag from /opt/airflow/dags/spark-jobs.py
[2024-09-17T01:40:18.974+0000] {processor.py:839} INFO - DAG(s) dict_keys(['data_pipeline_api']) retrieved from /opt/airflow/dags/spark-jobs.py
[2024-09-17T01:40:19.002+0000] {logging_mixin.py:151} INFO - [2024-09-17T01:40:19.002+0000] {dag.py:2915} INFO - Sync 1 DAGs
[2024-09-17T01:40:19.018+0000] {logging_mixin.py:151} INFO - [2024-09-17T01:40:19.018+0000] {dag.py:3696} INFO - Setting next_dagrun for data_pipeline_api to 2024-09-17T00:30:00+00:00, run_after=2024-09-18T00:30:00+00:00
[2024-09-17T01:40:19.030+0000] {processor.py:179} INFO - Processing /opt/airflow/dags/spark-jobs.py took 0.107 seconds
[2024-09-17T01:40:49.216+0000] {processor.py:157} INFO - Started process (PID=47070) to work on /opt/airflow/dags/spark-jobs.py
[2024-09-17T01:40:49.217+0000] {processor.py:829} INFO - Processing file /opt/airflow/dags/spark-jobs.py for tasks to queue
[2024-09-17T01:40:49.221+0000] {logging_mixin.py:151} INFO - [2024-09-17T01:40:49.221+0000] {dagbag.py:539} INFO - Filling up the DagBag from /opt/airflow/dags/spark-jobs.py
[2024-09-17T01:40:49.241+0000] {processor.py:839} INFO - DAG(s) dict_keys(['data_pipeline_api']) retrieved from /opt/airflow/dags/spark-jobs.py
[2024-09-17T01:40:49.267+0000] {logging_mixin.py:151} INFO - [2024-09-17T01:40:49.266+0000] {dag.py:2915} INFO - Sync 1 DAGs
[2024-09-17T01:40:49.286+0000] {logging_mixin.py:151} INFO - [2024-09-17T01:40:49.285+0000] {dag.py:3696} INFO - Setting next_dagrun for data_pipeline_api to 2024-09-17T00:30:00+00:00, run_after=2024-09-18T00:30:00+00:00
[2024-09-17T01:40:49.303+0000] {processor.py:179} INFO - Processing /opt/airflow/dags/spark-jobs.py took 0.094 seconds
[2024-09-17T01:41:19.686+0000] {processor.py:157} INFO - Started process (PID=47080) to work on /opt/airflow/dags/spark-jobs.py
[2024-09-17T01:41:19.688+0000] {processor.py:829} INFO - Processing file /opt/airflow/dags/spark-jobs.py for tasks to queue
[2024-09-17T01:41:19.692+0000] {logging_mixin.py:151} INFO - [2024-09-17T01:41:19.691+0000] {dagbag.py:539} INFO - Filling up the DagBag from /opt/airflow/dags/spark-jobs.py
[2024-09-17T01:41:19.712+0000] {processor.py:839} INFO - DAG(s) dict_keys(['data_pipeline_api']) retrieved from /opt/airflow/dags/spark-jobs.py
[2024-09-17T01:41:19.752+0000] {logging_mixin.py:151} INFO - [2024-09-17T01:41:19.751+0000] {dag.py:2915} INFO - Sync 1 DAGs
[2024-09-17T01:41:19.770+0000] {logging_mixin.py:151} INFO - [2024-09-17T01:41:19.770+0000] {dag.py:3696} INFO - Setting next_dagrun for data_pipeline_api to 2024-09-17T00:30:00+00:00, run_after=2024-09-18T00:30:00+00:00
[2024-09-17T01:41:19.783+0000] {processor.py:179} INFO - Processing /opt/airflow/dags/spark-jobs.py took 0.104 seconds
[2024-09-17T01:41:50.014+0000] {processor.py:157} INFO - Started process (PID=47090) to work on /opt/airflow/dags/spark-jobs.py
[2024-09-17T01:41:50.022+0000] {processor.py:829} INFO - Processing file /opt/airflow/dags/spark-jobs.py for tasks to queue
[2024-09-17T01:41:50.028+0000] {logging_mixin.py:151} INFO - [2024-09-17T01:41:50.028+0000] {dagbag.py:539} INFO - Filling up the DagBag from /opt/airflow/dags/spark-jobs.py
[2024-09-17T01:41:50.066+0000] {processor.py:839} INFO - DAG(s) dict_keys(['data_pipeline_api']) retrieved from /opt/airflow/dags/spark-jobs.py
[2024-09-17T01:41:50.097+0000] {logging_mixin.py:151} INFO - [2024-09-17T01:41:50.097+0000] {dag.py:2915} INFO - Sync 1 DAGs
[2024-09-17T01:41:50.115+0000] {logging_mixin.py:151} INFO - [2024-09-17T01:41:50.115+0000] {dag.py:3696} INFO - Setting next_dagrun for data_pipeline_api to 2024-09-17T00:30:00+00:00, run_after=2024-09-18T00:30:00+00:00
[2024-09-17T01:41:50.134+0000] {processor.py:179} INFO - Processing /opt/airflow/dags/spark-jobs.py took 0.137 seconds
[2024-09-17T01:42:21.107+0000] {processor.py:157} INFO - Started process (PID=47100) to work on /opt/airflow/dags/spark-jobs.py
[2024-09-17T01:42:21.109+0000] {processor.py:829} INFO - Processing file /opt/airflow/dags/spark-jobs.py for tasks to queue
[2024-09-17T01:42:21.114+0000] {logging_mixin.py:151} INFO - [2024-09-17T01:42:21.113+0000] {dagbag.py:539} INFO - Filling up the DagBag from /opt/airflow/dags/spark-jobs.py
[2024-09-17T01:42:21.140+0000] {processor.py:839} INFO - DAG(s) dict_keys(['data_pipeline_api']) retrieved from /opt/airflow/dags/spark-jobs.py
[2024-09-17T01:42:21.181+0000] {logging_mixin.py:151} INFO - [2024-09-17T01:42:21.181+0000] {dag.py:2915} INFO - Sync 1 DAGs
[2024-09-17T01:42:21.200+0000] {logging_mixin.py:151} INFO - [2024-09-17T01:42:21.199+0000] {dag.py:3696} INFO - Setting next_dagrun for data_pipeline_api to 2024-09-17T00:30:00+00:00, run_after=2024-09-18T00:30:00+00:00
[2024-09-17T01:42:21.212+0000] {processor.py:179} INFO - Processing /opt/airflow/dags/spark-jobs.py took 0.110 seconds
