[2024-09-14T00:41:15.002+0000] {taskinstance.py:1157} INFO - Dependencies all met for dep_context=non-requeueable deps ti=<TaskInstance: data_pipeline_api.analyze_data scheduled__2024-09-13T00:30:00+00:00 [queued]>
[2024-09-14T00:41:15.009+0000] {taskinstance.py:1157} INFO - Dependencies all met for dep_context=requeueable deps ti=<TaskInstance: data_pipeline_api.analyze_data scheduled__2024-09-13T00:30:00+00:00 [queued]>
[2024-09-14T00:41:15.009+0000] {taskinstance.py:1359} INFO - Starting attempt 2 of 2
[2024-09-14T00:41:15.016+0000] {taskinstance.py:1380} INFO - Executing <Task(BashOperator): analyze_data> on 2024-09-13 00:30:00+00:00
[2024-09-14T00:41:15.020+0000] {standard_task_runner.py:57} INFO - Started process 81405 to run task
[2024-09-14T00:41:15.024+0000] {standard_task_runner.py:84} INFO - Running: ['***', 'tasks', 'run', 'data_pipeline_api', 'analyze_data', 'scheduled__2024-09-13T00:30:00+00:00', '--job-id', '110', '--raw', '--subdir', 'DAGS_FOLDER/spark-jobs.py', '--cfg-path', '/tmp/tmpuzzd94hl']
[2024-09-14T00:41:15.026+0000] {standard_task_runner.py:85} INFO - Job 110: Subtask analyze_data
[2024-09-14T00:41:15.069+0000] {task_command.py:415} INFO - Running <TaskInstance: data_pipeline_api.analyze_data scheduled__2024-09-13T00:30:00+00:00 [running]> on host 27ef58cc88fc
[2024-09-14T00:41:15.123+0000] {taskinstance.py:1660} INFO - Exporting env vars: AIRFLOW_CTX_DAG_OWNER='***' AIRFLOW_CTX_DAG_ID='data_pipeline_api' AIRFLOW_CTX_TASK_ID='analyze_data' AIRFLOW_CTX_EXECUTION_DATE='2024-09-13T00:30:00+00:00' AIRFLOW_CTX_TRY_NUMBER='2' AIRFLOW_CTX_DAG_RUN_ID='scheduled__2024-09-13T00:30:00+00:00'
[2024-09-14T00:41:15.124+0000] {subprocess.py:63} INFO - Tmp dir root location: /tmp
[2024-09-14T00:41:15.125+0000] {subprocess.py:75} INFO - Running command: ['/bin/bash', '-c', 'bash /opt/***/jobs/spark-submit.sh /opt/***/jobs/analyze_data.py ']
[2024-09-14T00:41:15.131+0000] {subprocess.py:86} INFO - Output:
[2024-09-14T00:41:15.135+0000] {subprocess.py:93} INFO - /opt/***/jobs/analyze_data.py
[2024-09-14T00:41:15.233+0000] {subprocess.py:93} INFO - /home/***/.local/lib/python3.11/site-packages/pyspark/bin/load-spark-env.sh: line 68: ps: command not found
[2024-09-14T00:41:16.350+0000] {subprocess.py:93} INFO - 24/09/14 00:41:16 WARN NativeCodeLoader: Unable to load native-hadoop library for your platform... using builtin-java classes where applicable
[2024-09-14T00:41:16.868+0000] {subprocess.py:93} INFO - 24/09/14 00:41:16 INFO SparkContext: Running Spark version 3.5.1
[2024-09-14T00:41:16.872+0000] {subprocess.py:93} INFO - 24/09/14 00:41:16 INFO SparkContext: OS info Linux, 6.6.32-linuxkit, aarch64
[2024-09-14T00:41:16.874+0000] {subprocess.py:93} INFO - 24/09/14 00:41:16 INFO SparkContext: Java version 11.0.23
[2024-09-14T00:41:16.881+0000] {subprocess.py:93} INFO - 24/09/14 00:41:16 INFO ResourceUtils: ==============================================================
[2024-09-14T00:41:16.883+0000] {subprocess.py:93} INFO - 24/09/14 00:41:16 INFO ResourceUtils: No custom resources configured for spark.driver.
[2024-09-14T00:41:16.884+0000] {subprocess.py:93} INFO - 24/09/14 00:41:16 INFO ResourceUtils: ==============================================================
[2024-09-14T00:41:16.884+0000] {subprocess.py:93} INFO - 24/09/14 00:41:16 INFO SparkContext: Submitted application: FinanceDataAnalysis
[2024-09-14T00:41:16.897+0000] {subprocess.py:93} INFO - 24/09/14 00:41:16 INFO ResourceProfile: Default ResourceProfile created, executor resources: Map(cores -> name: cores, amount: 1, script: , vendor: , memory -> name: memory, amount: 1024, script: , vendor: , offHeap -> name: offHeap, amount: 1024, script: , vendor: ), task resources: Map(cpus -> name: cpus, amount: 1.0)
[2024-09-14T00:41:16.902+0000] {subprocess.py:93} INFO - 24/09/14 00:41:16 INFO ResourceProfile: Limiting resource is cpus at 1 tasks per executor
[2024-09-14T00:41:16.902+0000] {subprocess.py:93} INFO - 24/09/14 00:41:16 INFO ResourceProfileManager: Added ResourceProfile id: 0
[2024-09-14T00:41:16.930+0000] {subprocess.py:93} INFO - 24/09/14 00:41:16 INFO SecurityManager: Changing view acls to: ***
[2024-09-14T00:41:16.930+0000] {subprocess.py:93} INFO - 24/09/14 00:41:16 INFO SecurityManager: Changing modify acls to: ***
[2024-09-14T00:41:16.931+0000] {subprocess.py:93} INFO - 24/09/14 00:41:16 INFO SecurityManager: Changing view acls groups to:
[2024-09-14T00:41:16.931+0000] {subprocess.py:93} INFO - 24/09/14 00:41:16 INFO SecurityManager: Changing modify acls groups to:
[2024-09-14T00:41:16.931+0000] {subprocess.py:93} INFO - 24/09/14 00:41:16 INFO SecurityManager: SecurityManager: authentication disabled; ui acls disabled; users with view permissions: ***; groups with view permissions: EMPTY; users with modify permissions: ***; groups with modify permissions: EMPTY
[2024-09-14T00:41:17.021+0000] {subprocess.py:93} INFO - 24/09/14 00:41:17 INFO Utils: Successfully started service 'sparkDriver' on port 44313.
[2024-09-14T00:41:17.037+0000] {subprocess.py:93} INFO - 24/09/14 00:41:17 INFO SparkEnv: Registering MapOutputTracker
[2024-09-14T00:41:17.052+0000] {subprocess.py:93} INFO - 24/09/14 00:41:17 INFO SparkEnv: Registering BlockManagerMaster
[2024-09-14T00:41:17.061+0000] {subprocess.py:93} INFO - 24/09/14 00:41:17 INFO BlockManagerMasterEndpoint: Using org.apache.spark.storage.DefaultTopologyMapper for getting topology information
[2024-09-14T00:41:17.062+0000] {subprocess.py:93} INFO - 24/09/14 00:41:17 INFO BlockManagerMasterEndpoint: BlockManagerMasterEndpoint up
[2024-09-14T00:41:17.064+0000] {subprocess.py:93} INFO - 24/09/14 00:41:17 INFO SparkEnv: Registering BlockManagerMasterHeartbeat
[2024-09-14T00:41:17.073+0000] {subprocess.py:93} INFO - 24/09/14 00:41:17 INFO DiskBlockManager: Created local directory at /tmp/blockmgr-45415a0a-9387-436f-adfe-5910b993aae1
[2024-09-14T00:41:17.080+0000] {subprocess.py:93} INFO - 24/09/14 00:41:17 INFO MemoryStore: MemoryStore started with capacity 1458.4 MiB
[2024-09-14T00:41:17.087+0000] {subprocess.py:93} INFO - 24/09/14 00:41:17 INFO SparkEnv: Registering OutputCommitCoordinator
[2024-09-14T00:41:17.152+0000] {subprocess.py:93} INFO - 24/09/14 00:41:17 INFO JettyUtils: Start Jetty 0.0.0.0:4040 for SparkUI
[2024-09-14T00:41:17.187+0000] {subprocess.py:93} INFO - 24/09/14 00:41:17 INFO Utils: Successfully started service 'SparkUI' on port 4040.
[2024-09-14T00:41:17.207+0000] {subprocess.py:93} INFO - 24/09/14 00:41:17 INFO SparkContext: Added JAR file:///opt/bitnami/spark/resources/elasticsearch-spark-30_2.12-8.4.3.jar at spark://27ef58cc88fc:44313/jars/elasticsearch-spark-30_2.12-8.4.3.jar with timestamp 1726274476864
[2024-09-14T00:41:17.245+0000] {subprocess.py:93} INFO - 24/09/14 00:41:17 INFO StandaloneAppClient$ClientEndpoint: Connecting to master spark://spark-master:7077...
[2024-09-14T00:41:17.270+0000] {subprocess.py:93} INFO - 24/09/14 00:41:17 INFO TransportClientFactory: Successfully created connection to spark-master/172.18.0.4:7077 after 12 ms (0 ms spent in bootstraps)
[2024-09-14T00:41:17.328+0000] {subprocess.py:93} INFO - 24/09/14 00:41:17 INFO StandaloneSchedulerBackend: Connected to Spark cluster with app ID app-20240914004117-0020
[2024-09-14T00:41:17.331+0000] {subprocess.py:93} INFO - 24/09/14 00:41:17 INFO StandaloneAppClient$ClientEndpoint: Executor added: app-20240914004117-0020/0 on worker-20240908204352-172.18.0.8-33881 (172.18.0.8:33881) with 1 core(s)
[2024-09-14T00:41:17.333+0000] {subprocess.py:93} INFO - 24/09/14 00:41:17 INFO StandaloneSchedulerBackend: Granted executor ID app-20240914004117-0020/0 on hostPort 172.18.0.8:33881 with 1 core(s), 1024.0 MiB RAM
[2024-09-14T00:41:17.333+0000] {subprocess.py:93} INFO - 24/09/14 00:41:17 INFO StandaloneAppClient$ClientEndpoint: Executor added: app-20240914004117-0020/1 on worker-20240908204352-172.18.0.7-33815 (172.18.0.7:33815) with 1 core(s)
[2024-09-14T00:41:17.333+0000] {subprocess.py:93} INFO - 24/09/14 00:41:17 INFO StandaloneSchedulerBackend: Granted executor ID app-20240914004117-0020/1 on hostPort 172.18.0.7:33815 with 1 core(s), 1024.0 MiB RAM
[2024-09-14T00:41:17.334+0000] {subprocess.py:93} INFO - 24/09/14 00:41:17 INFO Utils: Successfully started service 'org.apache.spark.network.netty.NettyBlockTransferService' on port 33683.
[2024-09-14T00:41:17.338+0000] {subprocess.py:93} INFO - 24/09/14 00:41:17 INFO NettyBlockTransferService: Server created on 27ef58cc88fc:33683
[2024-09-14T00:41:17.338+0000] {subprocess.py:93} INFO - 24/09/14 00:41:17 INFO BlockManager: Using org.apache.spark.storage.RandomBlockReplicationPolicy for block replication policy
[2024-09-14T00:41:17.340+0000] {subprocess.py:93} INFO - 24/09/14 00:41:17 INFO BlockManagerMaster: Registering BlockManager BlockManagerId(driver, 27ef58cc88fc, 33683, None)
[2024-09-14T00:41:17.342+0000] {subprocess.py:93} INFO - 24/09/14 00:41:17 INFO BlockManagerMasterEndpoint: Registering block manager 27ef58cc88fc:33683 with 1458.4 MiB RAM, BlockManagerId(driver, 27ef58cc88fc, 33683, None)
[2024-09-14T00:41:17.343+0000] {subprocess.py:93} INFO - 24/09/14 00:41:17 INFO BlockManagerMaster: Registered BlockManager BlockManagerId(driver, 27ef58cc88fc, 33683, None)
[2024-09-14T00:41:17.348+0000] {subprocess.py:93} INFO - 24/09/14 00:41:17 INFO BlockManager: Initialized BlockManager: BlockManagerId(driver, 27ef58cc88fc, 33683, None)
[2024-09-14T00:41:17.388+0000] {subprocess.py:93} INFO - 24/09/14 00:41:17 INFO StandaloneAppClient$ClientEndpoint: Executor updated: app-20240914004117-0020/1 is now RUNNING
[2024-09-14T00:41:17.392+0000] {subprocess.py:93} INFO - 24/09/14 00:41:17 INFO StandaloneAppClient$ClientEndpoint: Executor updated: app-20240914004117-0020/0 is now RUNNING
[2024-09-14T00:41:17.484+0000] {subprocess.py:93} INFO - 24/09/14 00:41:17 INFO StandaloneSchedulerBackend: SchedulerBackend is ready for scheduling beginning after reached minRegisteredResourcesRatio: 0.0
[2024-09-14T00:41:17.618+0000] {subprocess.py:93} INFO - 24/09/14 00:41:17 INFO SharedState: Setting hive.metastore.warehouse.dir ('null') to the value of spark.sql.warehouse.dir.
[2024-09-14T00:41:17.618+0000] {subprocess.py:93} INFO - 24/09/14 00:41:17 INFO SharedState: Warehouse path is 'file:/tmp/***tmpwe602tv3/spark-warehouse'.
[2024-09-14T00:41:18.115+0000] {subprocess.py:93} INFO - 24/09/14 00:41:18 INFO Version: Elasticsearch Hadoop v8.4.3 [a7873eb469]
[2024-09-14T00:41:18.881+0000] {subprocess.py:93} INFO - 24/09/14 00:41:18 INFO StandaloneSchedulerBackend$StandaloneDriverEndpoint: Registered executor NettyRpcEndpointRef(spark-client://Executor) (172.18.0.8:41414) with ID 0,  ResourceProfileId 0
[2024-09-14T00:41:18.887+0000] {subprocess.py:93} INFO - 24/09/14 00:41:18 INFO StandaloneSchedulerBackend$StandaloneDriverEndpoint: Registered executor NettyRpcEndpointRef(spark-client://Executor) (172.18.0.7:58408) with ID 1,  ResourceProfileId 0
[2024-09-14T00:41:18.917+0000] {subprocess.py:93} INFO - 24/09/14 00:41:18 INFO BlockManagerMasterEndpoint: Registering block manager 172.18.0.8:33901 with 1458.4 MiB RAM, BlockManagerId(0, 172.18.0.8, 33901, None)
[2024-09-14T00:41:18.918+0000] {subprocess.py:93} INFO - 24/09/14 00:41:18 INFO BlockManagerMasterEndpoint: Registering block manager 172.18.0.7:34903 with 1458.4 MiB RAM, BlockManagerId(1, 172.18.0.7, 34903, None)
[2024-09-14T00:41:19.306+0000] {subprocess.py:93} INFO - Traceback (most recent call last):
[2024-09-14T00:41:19.307+0000] {subprocess.py:93} INFO -   File "/opt/***/jobs/analyze_data.py", line 48, in <module>
[2024-09-14T00:41:19.307+0000] {subprocess.py:93} INFO -     save_analysis_result(top_gainers, "data/top_gainers.csv")
[2024-09-14T00:41:19.307+0000] {subprocess.py:93} INFO -   File "/opt/***/jobs/analyze_data.py", line 41, in save_analysis_result
[2024-09-14T00:41:19.307+0000] {subprocess.py:93} INFO -     df.coalesce(1).write.mode("overwrite").csv(file_path, header=True)
[2024-09-14T00:41:19.307+0000] {subprocess.py:93} INFO -   File "/home/***/.local/lib/python3.11/site-packages/pyspark/python/lib/pyspark.zip/pyspark/sql/readwriter.py", line 1864, in csv
[2024-09-14T00:41:19.308+0000] {subprocess.py:93} INFO -   File "/home/***/.local/lib/python3.11/site-packages/pyspark/python/lib/py4j-0.10.9.7-src.zip/py4j/java_gateway.py", line 1322, in __call__
[2024-09-14T00:41:19.308+0000] {subprocess.py:93} INFO -   File "/home/***/.local/lib/python3.11/site-packages/pyspark/python/lib/pyspark.zip/pyspark/errors/exceptions/captured.py", line 185, in deco
[2024-09-14T00:41:19.310+0000] {subprocess.py:93} INFO - pyspark.errors.exceptions.captured.AnalysisException: [UNSUPPORTED_DATA_TYPE_FOR_DATASOURCE] The CSV datasource doesn't support the column `_metadata` of the type "MAP<STRING, STRING>".
[2024-09-14T00:41:19.332+0000] {subprocess.py:93} INFO - 24/09/14 00:41:19 INFO SparkContext: Invoking stop() from shutdown hook
[2024-09-14T00:41:19.334+0000] {subprocess.py:93} INFO - 24/09/14 00:41:19 INFO SparkContext: SparkContext is stopping with exitCode 0.
[2024-09-14T00:41:19.337+0000] {subprocess.py:93} INFO - 24/09/14 00:41:19 INFO SparkUI: Stopped Spark web UI at http://27ef58cc88fc:4040
[2024-09-14T00:41:19.339+0000] {subprocess.py:93} INFO - 24/09/14 00:41:19 INFO StandaloneSchedulerBackend: Shutting down all executors
[2024-09-14T00:41:19.339+0000] {subprocess.py:93} INFO - 24/09/14 00:41:19 INFO StandaloneSchedulerBackend$StandaloneDriverEndpoint: Asking each executor to shut down
[2024-09-14T00:41:19.354+0000] {subprocess.py:93} INFO - 24/09/14 00:41:19 INFO MapOutputTrackerMasterEndpoint: MapOutputTrackerMasterEndpoint stopped!
[2024-09-14T00:41:19.363+0000] {subprocess.py:93} INFO - 24/09/14 00:41:19 INFO MemoryStore: MemoryStore cleared
[2024-09-14T00:41:19.365+0000] {subprocess.py:93} INFO - 24/09/14 00:41:19 INFO BlockManager: BlockManager stopped
[2024-09-14T00:41:19.366+0000] {subprocess.py:93} INFO - 24/09/14 00:41:19 INFO BlockManagerMaster: BlockManagerMaster stopped
[2024-09-14T00:41:19.367+0000] {subprocess.py:93} INFO - 24/09/14 00:41:19 INFO OutputCommitCoordinator$OutputCommitCoordinatorEndpoint: OutputCommitCoordinator stopped!
[2024-09-14T00:41:19.380+0000] {subprocess.py:93} INFO - 24/09/14 00:41:19 INFO SparkContext: Successfully stopped SparkContext
[2024-09-14T00:41:19.380+0000] {subprocess.py:93} INFO - 24/09/14 00:41:19 INFO ShutdownHookManager: Shutdown hook called
[2024-09-14T00:41:19.380+0000] {subprocess.py:93} INFO - 24/09/14 00:41:19 INFO ShutdownHookManager: Deleting directory /tmp/spark-7935f741-2f7c-4af4-8e22-1de05a159e92
[2024-09-14T00:41:19.382+0000] {subprocess.py:93} INFO - 24/09/14 00:41:19 INFO ShutdownHookManager: Deleting directory /tmp/spark-7a51c5e1-b6c5-4af6-a729-e09e2d9e9967
[2024-09-14T00:41:19.384+0000] {subprocess.py:93} INFO - 24/09/14 00:41:19 INFO ShutdownHookManager: Deleting directory /tmp/spark-7a51c5e1-b6c5-4af6-a729-e09e2d9e9967/pyspark-8fa95f0e-80c0-4e4c-b957-e2b5c2ce1d1a
[2024-09-14T00:41:19.403+0000] {subprocess.py:97} INFO - Command exited with return code 1
[2024-09-14T00:41:19.411+0000] {taskinstance.py:1935} ERROR - Task failed with exception
Traceback (most recent call last):
  File "/home/airflow/.local/lib/python3.11/site-packages/airflow/operators/bash.py", line 210, in execute
    raise AirflowException(
airflow.exceptions.AirflowException: Bash command failed. The command returned a non-zero exit code 1.
[2024-09-14T00:41:19.413+0000] {taskinstance.py:1398} INFO - Marking task as FAILED. dag_id=data_pipeline_api, task_id=analyze_data, execution_date=20240913T003000, start_date=20240914T004115, end_date=20240914T004119
[2024-09-14T00:41:19.423+0000] {standard_task_runner.py:104} ERROR - Failed to execute job 110 for task analyze_data (Bash command failed. The command returned a non-zero exit code 1.; 81405)
[2024-09-14T00:41:19.465+0000] {local_task_job_runner.py:228} INFO - Task exited with return code 1
[2024-09-14T00:41:19.481+0000] {taskinstance.py:2776} INFO - 0 downstream tasks scheduled from follow-on schedule check
