[2024-09-14T00:30:01.133+0000] {taskinstance.py:1157} INFO - Dependencies all met for dep_context=non-requeueable deps ti=<TaskInstance: data_pipeline_api.analyze_data scheduled__2024-09-13T00:30:00+00:00 [queued]>
[2024-09-14T00:30:01.136+0000] {taskinstance.py:1157} INFO - Dependencies all met for dep_context=requeueable deps ti=<TaskInstance: data_pipeline_api.analyze_data scheduled__2024-09-13T00:30:00+00:00 [queued]>
[2024-09-14T00:30:01.136+0000] {taskinstance.py:1359} INFO - Starting attempt 1 of 2
[2024-09-14T00:30:01.144+0000] {taskinstance.py:1380} INFO - Executing <Task(BashOperator): analyze_data> on 2024-09-13 00:30:00+00:00
[2024-09-14T00:30:01.146+0000] {standard_task_runner.py:57} INFO - Started process 80779 to run task
[2024-09-14T00:30:01.149+0000] {standard_task_runner.py:84} INFO - Running: ['***', 'tasks', 'run', 'data_pipeline_api', 'analyze_data', 'scheduled__2024-09-13T00:30:00+00:00', '--job-id', '108', '--raw', '--subdir', 'DAGS_FOLDER/spark-jobs.py', '--cfg-path', '/tmp/tmpcqmw0qwi']
[2024-09-14T00:30:01.152+0000] {standard_task_runner.py:85} INFO - Job 108: Subtask analyze_data
[2024-09-14T00:30:01.192+0000] {task_command.py:415} INFO - Running <TaskInstance: data_pipeline_api.analyze_data scheduled__2024-09-13T00:30:00+00:00 [running]> on host 27ef58cc88fc
[2024-09-14T00:30:01.236+0000] {taskinstance.py:1660} INFO - Exporting env vars: AIRFLOW_CTX_DAG_OWNER='***' AIRFLOW_CTX_DAG_ID='data_pipeline_api' AIRFLOW_CTX_TASK_ID='analyze_data' AIRFLOW_CTX_EXECUTION_DATE='2024-09-13T00:30:00+00:00' AIRFLOW_CTX_TRY_NUMBER='1' AIRFLOW_CTX_DAG_RUN_ID='scheduled__2024-09-13T00:30:00+00:00'
[2024-09-14T00:30:01.240+0000] {subprocess.py:63} INFO - Tmp dir root location: /tmp
[2024-09-14T00:30:01.242+0000] {subprocess.py:75} INFO - Running command: ['/bin/bash', '-c', 'bash /opt/***/jobs/spark-submit.sh /opt/***/jobs/analyze_data.py ']
[2024-09-14T00:30:01.249+0000] {subprocess.py:86} INFO - Output:
[2024-09-14T00:30:01.267+0000] {subprocess.py:93} INFO - /opt/***/jobs/analyze_data.py
[2024-09-14T00:30:01.347+0000] {subprocess.py:93} INFO - /home/***/.local/lib/python3.11/site-packages/pyspark/bin/load-spark-env.sh: line 68: ps: command not found
[2024-09-14T00:30:03.040+0000] {subprocess.py:93} INFO - 24/09/14 00:30:03 WARN NativeCodeLoader: Unable to load native-hadoop library for your platform... using builtin-java classes where applicable
[2024-09-14T00:30:03.798+0000] {subprocess.py:93} INFO - 24/09/14 00:30:03 INFO SparkContext: Running Spark version 3.5.1
[2024-09-14T00:30:03.799+0000] {subprocess.py:93} INFO - 24/09/14 00:30:03 INFO SparkContext: OS info Linux, 6.6.32-linuxkit, aarch64
[2024-09-14T00:30:03.799+0000] {subprocess.py:93} INFO - 24/09/14 00:30:03 INFO SparkContext: Java version 11.0.23
[2024-09-14T00:30:03.818+0000] {subprocess.py:93} INFO - 24/09/14 00:30:03 INFO ResourceUtils: ==============================================================
[2024-09-14T00:30:03.818+0000] {subprocess.py:93} INFO - 24/09/14 00:30:03 INFO ResourceUtils: No custom resources configured for spark.driver.
[2024-09-14T00:30:03.819+0000] {subprocess.py:93} INFO - 24/09/14 00:30:03 INFO ResourceUtils: ==============================================================
[2024-09-14T00:30:03.819+0000] {subprocess.py:93} INFO - 24/09/14 00:30:03 INFO SparkContext: Submitted application: FinanceDataAnalysis
[2024-09-14T00:30:03.840+0000] {subprocess.py:93} INFO - 24/09/14 00:30:03 INFO ResourceProfile: Default ResourceProfile created, executor resources: Map(cores -> name: cores, amount: 1, script: , vendor: , memory -> name: memory, amount: 1024, script: , vendor: , offHeap -> name: offHeap, amount: 1024, script: , vendor: ), task resources: Map(cpus -> name: cpus, amount: 1.0)
[2024-09-14T00:30:03.847+0000] {subprocess.py:93} INFO - 24/09/14 00:30:03 INFO ResourceProfile: Limiting resource is cpus at 1 tasks per executor
[2024-09-14T00:30:03.848+0000] {subprocess.py:93} INFO - 24/09/14 00:30:03 INFO ResourceProfileManager: Added ResourceProfile id: 0
[2024-09-14T00:30:03.913+0000] {subprocess.py:93} INFO - 24/09/14 00:30:03 INFO SecurityManager: Changing view acls to: ***
[2024-09-14T00:30:03.914+0000] {subprocess.py:93} INFO - 24/09/14 00:30:03 INFO SecurityManager: Changing modify acls to: ***
[2024-09-14T00:30:03.914+0000] {subprocess.py:93} INFO - 24/09/14 00:30:03 INFO SecurityManager: Changing view acls groups to:
[2024-09-14T00:30:03.914+0000] {subprocess.py:93} INFO - 24/09/14 00:30:03 INFO SecurityManager: Changing modify acls groups to:
[2024-09-14T00:30:03.916+0000] {subprocess.py:93} INFO - 24/09/14 00:30:03 INFO SecurityManager: SecurityManager: authentication disabled; ui acls disabled; users with view permissions: ***; groups with view permissions: EMPTY; users with modify permissions: ***; groups with modify permissions: EMPTY
[2024-09-14T00:30:04.076+0000] {subprocess.py:93} INFO - 24/09/14 00:30:04 INFO Utils: Successfully started service 'sparkDriver' on port 32831.
[2024-09-14T00:30:04.102+0000] {subprocess.py:93} INFO - 24/09/14 00:30:04 INFO SparkEnv: Registering MapOutputTracker
[2024-09-14T00:30:04.125+0000] {subprocess.py:93} INFO - 24/09/14 00:30:04 INFO SparkEnv: Registering BlockManagerMaster
[2024-09-14T00:30:04.138+0000] {subprocess.py:93} INFO - 24/09/14 00:30:04 INFO BlockManagerMasterEndpoint: Using org.apache.spark.storage.DefaultTopologyMapper for getting topology information
[2024-09-14T00:30:04.138+0000] {subprocess.py:93} INFO - 24/09/14 00:30:04 INFO BlockManagerMasterEndpoint: BlockManagerMasterEndpoint up
[2024-09-14T00:30:04.141+0000] {subprocess.py:93} INFO - 24/09/14 00:30:04 INFO SparkEnv: Registering BlockManagerMasterHeartbeat
[2024-09-14T00:30:04.155+0000] {subprocess.py:93} INFO - 24/09/14 00:30:04 INFO DiskBlockManager: Created local directory at /tmp/blockmgr-ee47daa6-05f7-4138-b96d-8d5f22601b3c
[2024-09-14T00:30:04.163+0000] {subprocess.py:93} INFO - 24/09/14 00:30:04 INFO MemoryStore: MemoryStore started with capacity 1458.4 MiB
[2024-09-14T00:30:04.176+0000] {subprocess.py:93} INFO - 24/09/14 00:30:04 INFO SparkEnv: Registering OutputCommitCoordinator
[2024-09-14T00:30:04.268+0000] {subprocess.py:93} INFO - 24/09/14 00:30:04 INFO JettyUtils: Start Jetty 0.0.0.0:4040 for SparkUI
[2024-09-14T00:30:04.318+0000] {subprocess.py:93} INFO - 24/09/14 00:30:04 WARN Utils: Service 'SparkUI' could not bind on port 4040. Attempting port 4041.
[2024-09-14T00:30:04.325+0000] {subprocess.py:93} INFO - 24/09/14 00:30:04 INFO Utils: Successfully started service 'SparkUI' on port 4041.
[2024-09-14T00:30:04.363+0000] {subprocess.py:93} INFO - 24/09/14 00:30:04 INFO SparkContext: Added JAR file:///opt/bitnami/spark/resources/elasticsearch-spark-30_2.12-8.4.3.jar at spark://27ef58cc88fc:32831/jars/elasticsearch-spark-30_2.12-8.4.3.jar with timestamp 1726273803790
[2024-09-14T00:30:04.444+0000] {subprocess.py:93} INFO - 24/09/14 00:30:04 INFO StandaloneAppClient$ClientEndpoint: Connecting to master spark://spark-master:7077...
[2024-09-14T00:30:04.487+0000] {subprocess.py:93} INFO - 24/09/14 00:30:04 INFO TransportClientFactory: Successfully created connection to spark-master/172.18.0.4:7077 after 25 ms (0 ms spent in bootstraps)
[2024-09-14T00:30:04.605+0000] {subprocess.py:93} INFO - 24/09/14 00:30:04 INFO StandaloneSchedulerBackend: Connected to Spark cluster with app ID app-20240914003004-0019
[2024-09-14T00:30:04.620+0000] {subprocess.py:93} INFO - 24/09/14 00:30:04 INFO Utils: Successfully started service 'org.apache.spark.network.netty.NettyBlockTransferService' on port 45153.
[2024-09-14T00:30:04.621+0000] {subprocess.py:93} INFO - 24/09/14 00:30:04 INFO NettyBlockTransferService: Server created on 27ef58cc88fc:45153
[2024-09-14T00:30:04.623+0000] {subprocess.py:93} INFO - 24/09/14 00:30:04 INFO BlockManager: Using org.apache.spark.storage.RandomBlockReplicationPolicy for block replication policy
[2024-09-14T00:30:04.636+0000] {subprocess.py:93} INFO - 24/09/14 00:30:04 INFO BlockManagerMaster: Registering BlockManager BlockManagerId(driver, 27ef58cc88fc, 45153, None)
[2024-09-14T00:30:04.641+0000] {subprocess.py:93} INFO - 24/09/14 00:30:04 INFO BlockManagerMasterEndpoint: Registering block manager 27ef58cc88fc:45153 with 1458.4 MiB RAM, BlockManagerId(driver, 27ef58cc88fc, 45153, None)
[2024-09-14T00:30:04.644+0000] {subprocess.py:93} INFO - 24/09/14 00:30:04 INFO BlockManagerMaster: Registered BlockManager BlockManagerId(driver, 27ef58cc88fc, 45153, None)
[2024-09-14T00:30:04.648+0000] {subprocess.py:93} INFO - 24/09/14 00:30:04 INFO BlockManager: Initialized BlockManager: BlockManagerId(driver, 27ef58cc88fc, 45153, None)
[2024-09-14T00:30:04.947+0000] {subprocess.py:93} INFO - 24/09/14 00:30:04 INFO StandaloneSchedulerBackend: SchedulerBackend is ready for scheduling beginning after reached minRegisteredResourcesRatio: 0.0
[2024-09-14T00:30:05.090+0000] {subprocess.py:93} INFO - 24/09/14 00:30:05 INFO SharedState: Setting hive.metastore.warehouse.dir ('null') to the value of spark.sql.warehouse.dir.
[2024-09-14T00:30:05.092+0000] {subprocess.py:93} INFO - 24/09/14 00:30:05 INFO SharedState: Warehouse path is 'file:/tmp/***tmp1olmahie/spark-warehouse'.
[2024-09-14T00:30:05.778+0000] {subprocess.py:93} INFO - 24/09/14 00:30:05 INFO Version: Elasticsearch Hadoop v8.4.3 [a7873eb469]
[2024-09-14T00:30:07.999+0000] {subprocess.py:93} INFO - Traceback (most recent call last):
[2024-09-14T00:30:08.002+0000] {subprocess.py:93} INFO -   File "/opt/***/jobs/analyze_data.py", line 48, in <module>
[2024-09-14T00:30:08.002+0000] {subprocess.py:93} INFO -     save_analysis_result(top_gainers, "data/top_gainers.csv")
[2024-09-14T00:30:08.003+0000] {subprocess.py:93} INFO -   File "/opt/***/jobs/analyze_data.py", line 41, in save_analysis_result
[2024-09-14T00:30:08.004+0000] {subprocess.py:93} INFO -     df.coalesce(1).write.mode("overwrite").csv(file_path, header=True)
[2024-09-14T00:30:08.004+0000] {subprocess.py:93} INFO -   File "/home/***/.local/lib/python3.11/site-packages/pyspark/python/lib/pyspark.zip/pyspark/sql/readwriter.py", line 1864, in csv
[2024-09-14T00:30:08.004+0000] {subprocess.py:93} INFO -   File "/home/***/.local/lib/python3.11/site-packages/pyspark/python/lib/py4j-0.10.9.7-src.zip/py4j/java_gateway.py", line 1322, in __call__
[2024-09-14T00:30:08.004+0000] {subprocess.py:93} INFO -   File "/home/***/.local/lib/python3.11/site-packages/pyspark/python/lib/pyspark.zip/pyspark/errors/exceptions/captured.py", line 185, in deco
[2024-09-14T00:30:08.010+0000] {subprocess.py:93} INFO - pyspark.errors.exceptions.captured.AnalysisException: [UNSUPPORTED_DATA_TYPE_FOR_DATASOURCE] The CSV datasource doesn't support the column `_metadata` of the type "MAP<STRING, STRING>".
[2024-09-14T00:30:08.049+0000] {subprocess.py:93} INFO - 24/09/14 00:30:08 INFO SparkContext: Invoking stop() from shutdown hook
[2024-09-14T00:30:08.049+0000] {subprocess.py:93} INFO - 24/09/14 00:30:08 INFO SparkContext: SparkContext is stopping with exitCode 0.
[2024-09-14T00:30:08.054+0000] {subprocess.py:93} INFO - 24/09/14 00:30:08 INFO SparkUI: Stopped Spark web UI at http://27ef58cc88fc:4041
[2024-09-14T00:30:08.057+0000] {subprocess.py:93} INFO - 24/09/14 00:30:08 INFO StandaloneSchedulerBackend: Shutting down all executors
[2024-09-14T00:30:08.058+0000] {subprocess.py:93} INFO - 24/09/14 00:30:08 INFO StandaloneSchedulerBackend$StandaloneDriverEndpoint: Asking each executor to shut down
[2024-09-14T00:30:08.069+0000] {subprocess.py:93} INFO - 24/09/14 00:30:08 INFO MapOutputTrackerMasterEndpoint: MapOutputTrackerMasterEndpoint stopped!
[2024-09-14T00:30:08.084+0000] {subprocess.py:93} INFO - 24/09/14 00:30:08 INFO MemoryStore: MemoryStore cleared
[2024-09-14T00:30:08.084+0000] {subprocess.py:93} INFO - 24/09/14 00:30:08 INFO BlockManager: BlockManager stopped
[2024-09-14T00:30:08.091+0000] {subprocess.py:93} INFO - 24/09/14 00:30:08 INFO BlockManagerMaster: BlockManagerMaster stopped
[2024-09-14T00:30:08.093+0000] {subprocess.py:93} INFO - 24/09/14 00:30:08 INFO OutputCommitCoordinator$OutputCommitCoordinatorEndpoint: OutputCommitCoordinator stopped!
[2024-09-14T00:30:08.109+0000] {subprocess.py:93} INFO - 24/09/14 00:30:08 INFO SparkContext: Successfully stopped SparkContext
[2024-09-14T00:30:08.111+0000] {subprocess.py:93} INFO - 24/09/14 00:30:08 INFO ShutdownHookManager: Shutdown hook called
[2024-09-14T00:30:08.112+0000] {subprocess.py:93} INFO - 24/09/14 00:30:08 INFO ShutdownHookManager: Deleting directory /tmp/spark-78a20e6c-ca73-42ab-9dca-ffbb762938e1
[2024-09-14T00:30:08.115+0000] {subprocess.py:93} INFO - 24/09/14 00:30:08 INFO ShutdownHookManager: Deleting directory /tmp/spark-78a20e6c-ca73-42ab-9dca-ffbb762938e1/pyspark-2571b2bf-1888-4aa5-b321-65f00ff01db1
[2024-09-14T00:30:08.121+0000] {subprocess.py:93} INFO - 24/09/14 00:30:08 INFO ShutdownHookManager: Deleting directory /tmp/spark-641161e2-0fed-45a5-81c6-caa0fa036df0
[2024-09-14T00:30:08.157+0000] {subprocess.py:97} INFO - Command exited with return code 1
[2024-09-14T00:30:08.173+0000] {taskinstance.py:1935} ERROR - Task failed with exception
Traceback (most recent call last):
  File "/home/airflow/.local/lib/python3.11/site-packages/airflow/operators/bash.py", line 210, in execute
    raise AirflowException(
airflow.exceptions.AirflowException: Bash command failed. The command returned a non-zero exit code 1.
[2024-09-14T00:30:08.177+0000] {taskinstance.py:1398} INFO - Marking task as UP_FOR_RETRY. dag_id=data_pipeline_api, task_id=analyze_data, execution_date=20240913T003000, start_date=20240914T003001, end_date=20240914T003008
[2024-09-14T00:30:08.188+0000] {standard_task_runner.py:104} ERROR - Failed to execute job 108 for task analyze_data (Bash command failed. The command returned a non-zero exit code 1.; 80779)
[2024-09-14T00:30:08.240+0000] {local_task_job_runner.py:228} INFO - Task exited with return code 1
[2024-09-14T00:30:08.254+0000] {taskinstance.py:2776} INFO - 0 downstream tasks scheduled from follow-on schedule check
