[2024-08-13T00:42:43.880+0000] {taskinstance.py:1157} INFO - Dependencies all met for dep_context=non-requeueable deps ti=<TaskInstance: data_pipeline_api.analyze_data scheduled__2024-08-12T00:30:00+00:00 [queued]>
[2024-08-13T00:42:43.882+0000] {taskinstance.py:1157} INFO - Dependencies all met for dep_context=requeueable deps ti=<TaskInstance: data_pipeline_api.analyze_data scheduled__2024-08-12T00:30:00+00:00 [queued]>
[2024-08-13T00:42:43.883+0000] {taskinstance.py:1359} INFO - Starting attempt 2 of 2
[2024-08-13T00:42:43.887+0000] {taskinstance.py:1380} INFO - Executing <Task(BashOperator): analyze_data> on 2024-08-12 00:30:00+00:00
[2024-08-13T00:42:43.888+0000] {standard_task_runner.py:57} INFO - Started process 37523 to run task
[2024-08-13T00:42:43.890+0000] {standard_task_runner.py:84} INFO - Running: ['***', 'tasks', 'run', 'data_pipeline_api', 'analyze_data', 'scheduled__2024-08-12T00:30:00+00:00', '--job-id', '40', '--raw', '--subdir', 'DAGS_FOLDER/spark-jobs.py', '--cfg-path', '/tmp/tmpur2b0kya']
[2024-08-13T00:42:43.891+0000] {standard_task_runner.py:85} INFO - Job 40: Subtask analyze_data
[2024-08-13T00:42:43.911+0000] {task_command.py:415} INFO - Running <TaskInstance: data_pipeline_api.analyze_data scheduled__2024-08-12T00:30:00+00:00 [running]> on host 27ef58cc88fc
[2024-08-13T00:42:43.940+0000] {taskinstance.py:1660} INFO - Exporting env vars: AIRFLOW_CTX_DAG_OWNER='***' AIRFLOW_CTX_DAG_ID='data_pipeline_api' AIRFLOW_CTX_TASK_ID='analyze_data' AIRFLOW_CTX_EXECUTION_DATE='2024-08-12T00:30:00+00:00' AIRFLOW_CTX_TRY_NUMBER='2' AIRFLOW_CTX_DAG_RUN_ID='scheduled__2024-08-12T00:30:00+00:00'
[2024-08-13T00:42:43.941+0000] {subprocess.py:63} INFO - Tmp dir root location: /tmp
[2024-08-13T00:42:43.941+0000] {subprocess.py:75} INFO - Running command: ['/bin/bash', '-c', 'bash /opt/***/jobs/spark-submit.sh /opt/***/jobs/analyze_data.py ']
[2024-08-13T00:42:43.953+0000] {subprocess.py:86} INFO - Output:
[2024-08-13T00:42:43.958+0000] {subprocess.py:93} INFO - /opt/***/jobs/analyze_data.py
[2024-08-13T00:42:44.013+0000] {subprocess.py:93} INFO - /home/***/.local/lib/python3.11/site-packages/pyspark/bin/load-spark-env.sh: line 68: ps: command not found
[2024-08-13T00:42:45.021+0000] {subprocess.py:93} INFO - 24/08/13 00:42:45 WARN NativeCodeLoader: Unable to load native-hadoop library for your platform... using builtin-java classes where applicable
[2024-08-13T00:42:45.654+0000] {subprocess.py:93} INFO - 24/08/13 00:42:45 INFO SparkContext: Running Spark version 3.5.1
[2024-08-13T00:42:45.657+0000] {subprocess.py:93} INFO - 24/08/13 00:42:45 INFO SparkContext: OS info Linux, 6.6.32-linuxkit, aarch64
[2024-08-13T00:42:45.660+0000] {subprocess.py:93} INFO - 24/08/13 00:42:45 INFO SparkContext: Java version 11.0.23
[2024-08-13T00:42:45.666+0000] {subprocess.py:93} INFO - 24/08/13 00:42:45 INFO ResourceUtils: ==============================================================
[2024-08-13T00:42:45.668+0000] {subprocess.py:93} INFO - 24/08/13 00:42:45 INFO ResourceUtils: No custom resources configured for spark.driver.
[2024-08-13T00:42:45.668+0000] {subprocess.py:93} INFO - 24/08/13 00:42:45 INFO ResourceUtils: ==============================================================
[2024-08-13T00:42:45.672+0000] {subprocess.py:93} INFO - 24/08/13 00:42:45 INFO SparkContext: Submitted application: FinanceDataAnalysis
[2024-08-13T00:42:45.676+0000] {subprocess.py:93} INFO - 24/08/13 00:42:45 INFO ResourceProfile: Default ResourceProfile created, executor resources: Map(cores -> name: cores, amount: 1, script: , vendor: , memory -> name: memory, amount: 1024, script: , vendor: , offHeap -> name: offHeap, amount: 1024, script: , vendor: ), task resources: Map(cpus -> name: cpus, amount: 1.0)
[2024-08-13T00:42:45.681+0000] {subprocess.py:93} INFO - 24/08/13 00:42:45 INFO ResourceProfile: Limiting resource is cpus at 1 tasks per executor
[2024-08-13T00:42:45.681+0000] {subprocess.py:93} INFO - 24/08/13 00:42:45 INFO ResourceProfileManager: Added ResourceProfile id: 0
[2024-08-13T00:42:45.716+0000] {subprocess.py:93} INFO - 24/08/13 00:42:45 INFO SecurityManager: Changing view acls to: ***
[2024-08-13T00:42:45.716+0000] {subprocess.py:93} INFO - 24/08/13 00:42:45 INFO SecurityManager: Changing modify acls to: ***
[2024-08-13T00:42:45.717+0000] {subprocess.py:93} INFO - 24/08/13 00:42:45 INFO SecurityManager: Changing view acls groups to:
[2024-08-13T00:42:45.717+0000] {subprocess.py:93} INFO - 24/08/13 00:42:45 INFO SecurityManager: Changing modify acls groups to:
[2024-08-13T00:42:45.717+0000] {subprocess.py:93} INFO - 24/08/13 00:42:45 INFO SecurityManager: SecurityManager: authentication disabled; ui acls disabled; users with view permissions: ***; groups with view permissions: EMPTY; users with modify permissions: ***; groups with modify permissions: EMPTY
[2024-08-13T00:42:45.817+0000] {subprocess.py:93} INFO - 24/08/13 00:42:45 INFO Utils: Successfully started service 'sparkDriver' on port 44621.
[2024-08-13T00:42:45.834+0000] {subprocess.py:93} INFO - 24/08/13 00:42:45 INFO SparkEnv: Registering MapOutputTracker
[2024-08-13T00:42:45.852+0000] {subprocess.py:93} INFO - 24/08/13 00:42:45 INFO SparkEnv: Registering BlockManagerMaster
[2024-08-13T00:42:45.862+0000] {subprocess.py:93} INFO - 24/08/13 00:42:45 INFO BlockManagerMasterEndpoint: Using org.apache.spark.storage.DefaultTopologyMapper for getting topology information
[2024-08-13T00:42:45.862+0000] {subprocess.py:93} INFO - 24/08/13 00:42:45 INFO BlockManagerMasterEndpoint: BlockManagerMasterEndpoint up
[2024-08-13T00:42:45.864+0000] {subprocess.py:93} INFO - 24/08/13 00:42:45 INFO SparkEnv: Registering BlockManagerMasterHeartbeat
[2024-08-13T00:42:45.872+0000] {subprocess.py:93} INFO - 24/08/13 00:42:45 INFO DiskBlockManager: Created local directory at /tmp/blockmgr-f3afc16a-cdee-4f86-8abb-794d58034e27
[2024-08-13T00:42:45.877+0000] {subprocess.py:93} INFO - 24/08/13 00:42:45 INFO MemoryStore: MemoryStore started with capacity 1458.4 MiB
[2024-08-13T00:42:45.883+0000] {subprocess.py:93} INFO - 24/08/13 00:42:45 INFO SparkEnv: Registering OutputCommitCoordinator
[2024-08-13T00:42:45.935+0000] {subprocess.py:93} INFO - 24/08/13 00:42:45 INFO JettyUtils: Start Jetty 0.0.0.0:4040 for SparkUI
[2024-08-13T00:42:45.962+0000] {subprocess.py:93} INFO - 24/08/13 00:42:45 INFO Utils: Successfully started service 'SparkUI' on port 4040.
[2024-08-13T00:42:45.977+0000] {subprocess.py:93} INFO - 24/08/13 00:42:45 INFO SparkContext: Added JAR file:///opt/bitnami/spark/resources/elasticsearch-spark-30_2.12-8.4.3.jar at spark://27ef58cc88fc:44621/jars/elasticsearch-spark-30_2.12-8.4.3.jar with timestamp 1723509765650
[2024-08-13T00:42:46.010+0000] {subprocess.py:93} INFO - 24/08/13 00:42:46 INFO StandaloneAppClient$ClientEndpoint: Connecting to master spark://spark-master:7077...
[2024-08-13T00:42:46.037+0000] {subprocess.py:93} INFO - 24/08/13 00:42:46 INFO TransportClientFactory: Successfully created connection to spark-master/172.18.0.4:7077 after 15 ms (0 ms spent in bootstraps)
[2024-08-13T00:42:46.090+0000] {subprocess.py:93} INFO - 24/08/13 00:42:46 INFO StandaloneSchedulerBackend: Connected to Spark cluster with app ID app-20240813004246-0029
[2024-08-13T00:42:46.092+0000] {subprocess.py:93} INFO - 24/08/13 00:42:46 INFO StandaloneAppClient$ClientEndpoint: Executor added: app-20240813004246-0029/0 on worker-20240809124721-172.18.0.6-35359 (172.18.0.6:35359) with 1 core(s)
[2024-08-13T00:42:46.096+0000] {subprocess.py:93} INFO - 24/08/13 00:42:46 INFO StandaloneSchedulerBackend: Granted executor ID app-20240813004246-0029/0 on hostPort 172.18.0.6:35359 with 1 core(s), 1024.0 MiB RAM
[2024-08-13T00:42:46.096+0000] {subprocess.py:93} INFO - 24/08/13 00:42:46 INFO StandaloneAppClient$ClientEndpoint: Executor added: app-20240813004246-0029/1 on worker-20240809124721-172.18.0.7-36933 (172.18.0.7:36933) with 1 core(s)
[2024-08-13T00:42:46.097+0000] {subprocess.py:93} INFO - 24/08/13 00:42:46 INFO StandaloneSchedulerBackend: Granted executor ID app-20240813004246-0029/1 on hostPort 172.18.0.7:36933 with 1 core(s), 1024.0 MiB RAM
[2024-08-13T00:42:46.098+0000] {subprocess.py:93} INFO - 24/08/13 00:42:46 INFO Utils: Successfully started service 'org.apache.spark.network.netty.NettyBlockTransferService' on port 42915.
[2024-08-13T00:42:46.101+0000] {subprocess.py:93} INFO - 24/08/13 00:42:46 INFO NettyBlockTransferService: Server created on 27ef58cc88fc:42915
[2024-08-13T00:42:46.101+0000] {subprocess.py:93} INFO - 24/08/13 00:42:46 INFO BlockManager: Using org.apache.spark.storage.RandomBlockReplicationPolicy for block replication policy
[2024-08-13T00:42:46.106+0000] {subprocess.py:93} INFO - 24/08/13 00:42:46 INFO BlockManagerMaster: Registering BlockManager BlockManagerId(driver, 27ef58cc88fc, 42915, None)
[2024-08-13T00:42:46.108+0000] {subprocess.py:93} INFO - 24/08/13 00:42:46 INFO BlockManagerMasterEndpoint: Registering block manager 27ef58cc88fc:42915 with 1458.4 MiB RAM, BlockManagerId(driver, 27ef58cc88fc, 42915, None)
[2024-08-13T00:42:46.110+0000] {subprocess.py:93} INFO - 24/08/13 00:42:46 INFO BlockManagerMaster: Registered BlockManager BlockManagerId(driver, 27ef58cc88fc, 42915, None)
[2024-08-13T00:42:46.110+0000] {subprocess.py:93} INFO - 24/08/13 00:42:46 INFO BlockManager: Initialized BlockManager: BlockManagerId(driver, 27ef58cc88fc, 42915, None)
[2024-08-13T00:42:46.149+0000] {subprocess.py:93} INFO - 24/08/13 00:42:46 INFO StandaloneAppClient$ClientEndpoint: Executor updated: app-20240813004246-0029/0 is now RUNNING
[2024-08-13T00:42:46.153+0000] {subprocess.py:93} INFO - 24/08/13 00:42:46 INFO StandaloneAppClient$ClientEndpoint: Executor updated: app-20240813004246-0029/1 is now RUNNING
[2024-08-13T00:42:46.254+0000] {subprocess.py:93} INFO - 24/08/13 00:42:46 INFO StandaloneSchedulerBackend: SchedulerBackend is ready for scheduling beginning after reached minRegisteredResourcesRatio: 0.0
[2024-08-13T00:42:46.416+0000] {subprocess.py:93} INFO - 24/08/13 00:42:46 INFO SharedState: Setting hive.metastore.warehouse.dir ('null') to the value of spark.sql.warehouse.dir.
[2024-08-13T00:42:46.418+0000] {subprocess.py:93} INFO - 24/08/13 00:42:46 INFO SharedState: Warehouse path is 'file:/tmp/***tmp6arj0q44/spark-warehouse'.
[2024-08-13T00:42:46.925+0000] {subprocess.py:93} INFO - 24/08/13 00:42:46 INFO Version: Elasticsearch Hadoop v8.4.3 [a7873eb469]
[2024-08-13T00:42:47.692+0000] {subprocess.py:93} INFO - 24/08/13 00:42:47 INFO StandaloneSchedulerBackend$StandaloneDriverEndpoint: Registered executor NettyRpcEndpointRef(spark-client://Executor) (172.18.0.7:36842) with ID 1,  ResourceProfileId 0
[2024-08-13T00:42:47.700+0000] {subprocess.py:93} INFO - 24/08/13 00:42:47 INFO StandaloneSchedulerBackend$StandaloneDriverEndpoint: Registered executor NettyRpcEndpointRef(spark-client://Executor) (172.18.0.6:56336) with ID 0,  ResourceProfileId 0
[2024-08-13T00:42:47.737+0000] {subprocess.py:93} INFO - 24/08/13 00:42:47 INFO BlockManagerMasterEndpoint: Registering block manager 172.18.0.7:46103 with 1458.4 MiB RAM, BlockManagerId(1, 172.18.0.7, 46103, None)
[2024-08-13T00:42:47.741+0000] {subprocess.py:93} INFO - 24/08/13 00:42:47 INFO BlockManagerMasterEndpoint: Registering block manager 172.18.0.6:35107 with 1458.4 MiB RAM, BlockManagerId(0, 172.18.0.6, 35107, None)
[2024-08-13T00:42:48.169+0000] {subprocess.py:93} INFO - Traceback (most recent call last):
[2024-08-13T00:42:48.170+0000] {subprocess.py:93} INFO -   File "/opt/***/jobs/analyze_data.py", line 48, in <module>
[2024-08-13T00:42:48.170+0000] {subprocess.py:93} INFO -     save_analysis_result(top_gainers, "data/top_gainers.csv")
[2024-08-13T00:42:48.170+0000] {subprocess.py:93} INFO -   File "/opt/***/jobs/analyze_data.py", line 41, in save_analysis_result
[2024-08-13T00:42:48.170+0000] {subprocess.py:93} INFO -     df.coalesce(1).write.mode("overwrite").csv(file_path, header=True)
[2024-08-13T00:42:48.171+0000] {subprocess.py:93} INFO -   File "/home/***/.local/lib/python3.11/site-packages/pyspark/python/lib/pyspark.zip/pyspark/sql/readwriter.py", line 1864, in csv
[2024-08-13T00:42:48.171+0000] {subprocess.py:93} INFO -   File "/home/***/.local/lib/python3.11/site-packages/pyspark/python/lib/py4j-0.10.9.7-src.zip/py4j/java_gateway.py", line 1322, in __call__
[2024-08-13T00:42:48.172+0000] {subprocess.py:93} INFO -   File "/home/***/.local/lib/python3.11/site-packages/pyspark/python/lib/pyspark.zip/pyspark/errors/exceptions/captured.py", line 185, in deco
[2024-08-13T00:42:48.174+0000] {subprocess.py:93} INFO - pyspark.errors.exceptions.captured.AnalysisException: [UNSUPPORTED_DATA_TYPE_FOR_DATASOURCE] The CSV datasource doesn't support the column `_metadata` of the type "MAP<STRING, STRING>".
[2024-08-13T00:42:48.195+0000] {subprocess.py:93} INFO - 24/08/13 00:42:48 INFO SparkContext: Invoking stop() from shutdown hook
[2024-08-13T00:42:48.195+0000] {subprocess.py:93} INFO - 24/08/13 00:42:48 INFO SparkContext: SparkContext is stopping with exitCode 0.
[2024-08-13T00:42:48.200+0000] {subprocess.py:93} INFO - 24/08/13 00:42:48 INFO SparkUI: Stopped Spark web UI at http://27ef58cc88fc:4040
[2024-08-13T00:42:48.202+0000] {subprocess.py:93} INFO - 24/08/13 00:42:48 INFO StandaloneSchedulerBackend: Shutting down all executors
[2024-08-13T00:42:48.202+0000] {subprocess.py:93} INFO - 24/08/13 00:42:48 INFO StandaloneSchedulerBackend$StandaloneDriverEndpoint: Asking each executor to shut down
[2024-08-13T00:42:48.217+0000] {subprocess.py:93} INFO - 24/08/13 00:42:48 INFO MapOutputTrackerMasterEndpoint: MapOutputTrackerMasterEndpoint stopped!
[2024-08-13T00:42:48.234+0000] {subprocess.py:93} INFO - 24/08/13 00:42:48 INFO MemoryStore: MemoryStore cleared
[2024-08-13T00:42:48.234+0000] {subprocess.py:93} INFO - 24/08/13 00:42:48 INFO BlockManager: BlockManager stopped
[2024-08-13T00:42:48.237+0000] {subprocess.py:93} INFO - 24/08/13 00:42:48 INFO BlockManagerMaster: BlockManagerMaster stopped
[2024-08-13T00:42:48.238+0000] {subprocess.py:93} INFO - 24/08/13 00:42:48 INFO OutputCommitCoordinator$OutputCommitCoordinatorEndpoint: OutputCommitCoordinator stopped!
[2024-08-13T00:42:48.243+0000] {subprocess.py:93} INFO - 24/08/13 00:42:48 INFO SparkContext: Successfully stopped SparkContext
[2024-08-13T00:42:48.244+0000] {subprocess.py:93} INFO - 24/08/13 00:42:48 INFO ShutdownHookManager: Shutdown hook called
[2024-08-13T00:42:48.244+0000] {subprocess.py:93} INFO - 24/08/13 00:42:48 INFO ShutdownHookManager: Deleting directory /tmp/spark-4b6521c0-cdfa-4538-a283-767fcf8b1e57
[2024-08-13T00:42:48.247+0000] {subprocess.py:93} INFO - 24/08/13 00:42:48 INFO ShutdownHookManager: Deleting directory /tmp/spark-29c6b962-b786-4994-9b46-ebee6b22bb98
[2024-08-13T00:42:48.251+0000] {subprocess.py:93} INFO - 24/08/13 00:42:48 INFO ShutdownHookManager: Deleting directory /tmp/spark-29c6b962-b786-4994-9b46-ebee6b22bb98/pyspark-077332ab-1bf4-4324-914e-046baed1282d
[2024-08-13T00:42:48.270+0000] {subprocess.py:97} INFO - Command exited with return code 1
[2024-08-13T00:42:48.283+0000] {taskinstance.py:1935} ERROR - Task failed with exception
Traceback (most recent call last):
  File "/home/airflow/.local/lib/python3.11/site-packages/airflow/operators/bash.py", line 210, in execute
    raise AirflowException(
airflow.exceptions.AirflowException: Bash command failed. The command returned a non-zero exit code 1.
[2024-08-13T00:42:48.285+0000] {taskinstance.py:1398} INFO - Marking task as FAILED. dag_id=data_pipeline_api, task_id=analyze_data, execution_date=20240812T003000, start_date=20240813T004243, end_date=20240813T004248
[2024-08-13T00:42:48.297+0000] {standard_task_runner.py:104} ERROR - Failed to execute job 40 for task analyze_data (Bash command failed. The command returned a non-zero exit code 1.; 37523)
[2024-08-13T00:42:48.319+0000] {local_task_job_runner.py:228} INFO - Task exited with return code 1
[2024-08-13T00:42:48.330+0000] {taskinstance.py:2776} INFO - 0 downstream tasks scheduled from follow-on schedule check
