[2024-08-13T00:30:10.491+0000] {taskinstance.py:1157} INFO - Dependencies all met for dep_context=non-requeueable deps ti=<TaskInstance: data_pipeline_api.fetch_data scheduled__2024-08-12T00:30:00+00:00 [queued]>
[2024-08-13T00:30:10.495+0000] {taskinstance.py:1157} INFO - Dependencies all met for dep_context=requeueable deps ti=<TaskInstance: data_pipeline_api.fetch_data scheduled__2024-08-12T00:30:00+00:00 [queued]>
[2024-08-13T00:30:10.496+0000] {taskinstance.py:1359} INFO - Starting attempt 1 of 2
[2024-08-13T00:30:10.503+0000] {taskinstance.py:1380} INFO - Executing <Task(BashOperator): fetch_data> on 2024-08-12 00:30:00+00:00
[2024-08-13T00:30:10.507+0000] {standard_task_runner.py:57} INFO - Started process 36908 to run task
[2024-08-13T00:30:10.509+0000] {standard_task_runner.py:84} INFO - Running: ['***', 'tasks', 'run', 'data_pipeline_api', 'fetch_data', 'scheduled__2024-08-12T00:30:00+00:00', '--job-id', '39', '--raw', '--subdir', 'DAGS_FOLDER/spark-jobs.py', '--cfg-path', '/tmp/tmpedt8gp0l']
[2024-08-13T00:30:10.511+0000] {standard_task_runner.py:85} INFO - Job 39: Subtask fetch_data
[2024-08-13T00:30:10.539+0000] {task_command.py:415} INFO - Running <TaskInstance: data_pipeline_api.fetch_data scheduled__2024-08-12T00:30:00+00:00 [running]> on host 27ef58cc88fc
[2024-08-13T00:30:10.584+0000] {taskinstance.py:1660} INFO - Exporting env vars: AIRFLOW_CTX_DAG_OWNER='***' AIRFLOW_CTX_DAG_ID='data_pipeline_api' AIRFLOW_CTX_TASK_ID='fetch_data' AIRFLOW_CTX_EXECUTION_DATE='2024-08-12T00:30:00+00:00' AIRFLOW_CTX_TRY_NUMBER='1' AIRFLOW_CTX_DAG_RUN_ID='scheduled__2024-08-12T00:30:00+00:00'
[2024-08-13T00:30:10.586+0000] {subprocess.py:63} INFO - Tmp dir root location: /tmp
[2024-08-13T00:30:10.587+0000] {subprocess.py:75} INFO - Running command: ['/bin/bash', '-c', 'bash /opt/***/jobs/spark-submit.sh /opt/***/jobs/fetch_data.py ']
[2024-08-13T00:30:10.593+0000] {subprocess.py:86} INFO - Output:
[2024-08-13T00:30:10.615+0000] {subprocess.py:93} INFO - /opt/***/jobs/fetch_data.py
[2024-08-13T00:30:10.695+0000] {subprocess.py:93} INFO - /home/***/.local/lib/python3.11/site-packages/pyspark/bin/load-spark-env.sh: line 68: ps: command not found
[2024-08-13T00:30:12.251+0000] {subprocess.py:93} INFO - 24/08/13 00:30:12 WARN NativeCodeLoader: Unable to load native-hadoop library for your platform... using builtin-java classes where applicable
[2024-08-13T00:30:14.016+0000] {subprocess.py:93} INFO - 24/08/13 00:30:14 INFO ShutdownHookManager: Shutdown hook called
[2024-08-13T00:30:14.018+0000] {subprocess.py:93} INFO - 24/08/13 00:30:14 INFO ShutdownHookManager: Deleting directory /tmp/spark-cf0d0d14-edf9-457e-b80b-7532336f9528
[2024-08-13T00:30:14.068+0000] {subprocess.py:97} INFO - Command exited with return code 0
[2024-08-13T00:30:14.122+0000] {taskinstance.py:1398} INFO - Marking task as SUCCESS. dag_id=data_pipeline_api, task_id=fetch_data, execution_date=20240812T003000, start_date=20240813T003010, end_date=20240813T003014
[2024-08-13T00:30:14.160+0000] {local_task_job_runner.py:228} INFO - Task exited with return code 0
[2024-08-13T00:30:14.191+0000] {taskinstance.py:2776} INFO - 0 downstream tasks scheduled from follow-on schedule check
