[2024-08-14T00:54:32.807+0000] {taskinstance.py:1157} INFO - Dependencies all met for dep_context=non-requeueable deps ti=<TaskInstance: data_pipeline_api.analyze_data scheduled__2024-08-13T00:30:00+00:00 [queued]>
[2024-08-14T00:54:32.818+0000] {taskinstance.py:1157} INFO - Dependencies all met for dep_context=requeueable deps ti=<TaskInstance: data_pipeline_api.analyze_data scheduled__2024-08-13T00:30:00+00:00 [queued]>
[2024-08-14T00:54:32.819+0000] {taskinstance.py:1359} INFO - Starting attempt 2 of 2
[2024-08-14T00:54:32.837+0000] {taskinstance.py:1380} INFO - Executing <Task(BashOperator): analyze_data> on 2024-08-13 00:30:00+00:00
[2024-08-14T00:54:32.857+0000] {standard_task_runner.py:57} INFO - Started process 39704 to run task
[2024-08-14T00:54:32.880+0000] {standard_task_runner.py:84} INFO - Running: ['***', 'tasks', 'run', 'data_pipeline_api', 'analyze_data', 'scheduled__2024-08-13T00:30:00+00:00', '--job-id', '44', '--raw', '--subdir', 'DAGS_FOLDER/spark-jobs.py', '--cfg-path', '/tmp/tmp0x1grzsi']
[2024-08-14T00:54:32.890+0000] {standard_task_runner.py:85} INFO - Job 44: Subtask analyze_data
[2024-08-14T00:54:32.988+0000] {task_command.py:415} INFO - Running <TaskInstance: data_pipeline_api.analyze_data scheduled__2024-08-13T00:30:00+00:00 [running]> on host 27ef58cc88fc
[2024-08-14T00:54:33.110+0000] {taskinstance.py:1660} INFO - Exporting env vars: AIRFLOW_CTX_DAG_OWNER='***' AIRFLOW_CTX_DAG_ID='data_pipeline_api' AIRFLOW_CTX_TASK_ID='analyze_data' AIRFLOW_CTX_EXECUTION_DATE='2024-08-13T00:30:00+00:00' AIRFLOW_CTX_TRY_NUMBER='2' AIRFLOW_CTX_DAG_RUN_ID='scheduled__2024-08-13T00:30:00+00:00'
[2024-08-14T00:54:33.113+0000] {subprocess.py:63} INFO - Tmp dir root location: /tmp
[2024-08-14T00:54:33.114+0000] {subprocess.py:75} INFO - Running command: ['/bin/bash', '-c', 'bash /opt/***/jobs/spark-submit.sh /opt/***/jobs/analyze_data.py ']
[2024-08-14T00:54:33.126+0000] {subprocess.py:86} INFO - Output:
[2024-08-14T00:54:33.128+0000] {subprocess.py:93} INFO - /opt/***/jobs/analyze_data.py
[2024-08-14T00:54:33.240+0000] {subprocess.py:93} INFO - /home/***/.local/lib/python3.11/site-packages/pyspark/bin/load-spark-env.sh: line 68: ps: command not found
[2024-08-14T00:54:35.609+0000] {subprocess.py:93} INFO - 24/08/14 00:54:35 WARN NativeCodeLoader: Unable to load native-hadoop library for your platform... using builtin-java classes where applicable
[2024-08-14T00:54:36.338+0000] {subprocess.py:93} INFO - 24/08/14 00:54:36 INFO SparkContext: Running Spark version 3.5.1
[2024-08-14T00:54:36.339+0000] {subprocess.py:93} INFO - 24/08/14 00:54:36 INFO SparkContext: OS info Linux, 6.6.32-linuxkit, aarch64
[2024-08-14T00:54:36.339+0000] {subprocess.py:93} INFO - 24/08/14 00:54:36 INFO SparkContext: Java version 11.0.23
[2024-08-14T00:54:36.359+0000] {subprocess.py:93} INFO - 24/08/14 00:54:36 INFO ResourceUtils: ==============================================================
[2024-08-14T00:54:36.360+0000] {subprocess.py:93} INFO - 24/08/14 00:54:36 INFO ResourceUtils: No custom resources configured for spark.driver.
[2024-08-14T00:54:36.360+0000] {subprocess.py:93} INFO - 24/08/14 00:54:36 INFO ResourceUtils: ==============================================================
[2024-08-14T00:54:36.360+0000] {subprocess.py:93} INFO - 24/08/14 00:54:36 INFO SparkContext: Submitted application: FinanceDataAnalysis
[2024-08-14T00:54:36.373+0000] {subprocess.py:93} INFO - 24/08/14 00:54:36 INFO ResourceProfile: Default ResourceProfile created, executor resources: Map(cores -> name: cores, amount: 1, script: , vendor: , memory -> name: memory, amount: 1024, script: , vendor: , offHeap -> name: offHeap, amount: 1024, script: , vendor: ), task resources: Map(cpus -> name: cpus, amount: 1.0)
[2024-08-14T00:54:36.381+0000] {subprocess.py:93} INFO - 24/08/14 00:54:36 INFO ResourceProfile: Limiting resource is cpus at 1 tasks per executor
[2024-08-14T00:54:36.382+0000] {subprocess.py:93} INFO - 24/08/14 00:54:36 INFO ResourceProfileManager: Added ResourceProfile id: 0
[2024-08-14T00:54:36.436+0000] {subprocess.py:93} INFO - 24/08/14 00:54:36 INFO SecurityManager: Changing view acls to: ***
[2024-08-14T00:54:36.437+0000] {subprocess.py:93} INFO - 24/08/14 00:54:36 INFO SecurityManager: Changing modify acls to: ***
[2024-08-14T00:54:36.439+0000] {subprocess.py:93} INFO - 24/08/14 00:54:36 INFO SecurityManager: Changing view acls groups to:
[2024-08-14T00:54:36.439+0000] {subprocess.py:93} INFO - 24/08/14 00:54:36 INFO SecurityManager: Changing modify acls groups to:
[2024-08-14T00:54:36.439+0000] {subprocess.py:93} INFO - 24/08/14 00:54:36 INFO SecurityManager: SecurityManager: authentication disabled; ui acls disabled; users with view permissions: ***; groups with view permissions: EMPTY; users with modify permissions: ***; groups with modify permissions: EMPTY
[2024-08-14T00:54:36.597+0000] {subprocess.py:93} INFO - 24/08/14 00:54:36 INFO Utils: Successfully started service 'sparkDriver' on port 46153.
[2024-08-14T00:54:36.616+0000] {subprocess.py:93} INFO - 24/08/14 00:54:36 INFO SparkEnv: Registering MapOutputTracker
[2024-08-14T00:54:36.637+0000] {subprocess.py:93} INFO - 24/08/14 00:54:36 INFO SparkEnv: Registering BlockManagerMaster
[2024-08-14T00:54:36.647+0000] {subprocess.py:93} INFO - 24/08/14 00:54:36 INFO BlockManagerMasterEndpoint: Using org.apache.spark.storage.DefaultTopologyMapper for getting topology information
[2024-08-14T00:54:36.648+0000] {subprocess.py:93} INFO - 24/08/14 00:54:36 INFO BlockManagerMasterEndpoint: BlockManagerMasterEndpoint up
[2024-08-14T00:54:36.650+0000] {subprocess.py:93} INFO - 24/08/14 00:54:36 INFO SparkEnv: Registering BlockManagerMasterHeartbeat
[2024-08-14T00:54:36.661+0000] {subprocess.py:93} INFO - 24/08/14 00:54:36 INFO DiskBlockManager: Created local directory at /tmp/blockmgr-3254b859-22e8-4962-994a-389569fb6c03
[2024-08-14T00:54:36.678+0000] {subprocess.py:93} INFO - 24/08/14 00:54:36 INFO MemoryStore: MemoryStore started with capacity 1458.4 MiB
[2024-08-14T00:54:36.687+0000] {subprocess.py:93} INFO - 24/08/14 00:54:36 INFO SparkEnv: Registering OutputCommitCoordinator
[2024-08-14T00:54:36.754+0000] {subprocess.py:93} INFO - 24/08/14 00:54:36 INFO JettyUtils: Start Jetty 0.0.0.0:4040 for SparkUI
[2024-08-14T00:54:36.789+0000] {subprocess.py:93} INFO - 24/08/14 00:54:36 INFO Utils: Successfully started service 'SparkUI' on port 4040.
[2024-08-14T00:54:36.810+0000] {subprocess.py:93} INFO - 24/08/14 00:54:36 INFO SparkContext: Added JAR file:///opt/bitnami/spark/resources/elasticsearch-spark-30_2.12-8.4.3.jar at spark://27ef58cc88fc:46153/jars/elasticsearch-spark-30_2.12-8.4.3.jar with timestamp 1723596876327
[2024-08-14T00:54:36.864+0000] {subprocess.py:93} INFO - 24/08/14 00:54:36 INFO StandaloneAppClient$ClientEndpoint: Connecting to master spark://spark-master:7077...
[2024-08-14T00:54:36.893+0000] {subprocess.py:93} INFO - 24/08/14 00:54:36 INFO TransportClientFactory: Successfully created connection to spark-master/172.18.0.4:7077 after 15 ms (0 ms spent in bootstraps)
[2024-08-14T00:54:36.945+0000] {subprocess.py:93} INFO - 24/08/14 00:54:36 INFO StandaloneSchedulerBackend: Connected to Spark cluster with app ID app-20240814005436-0032
[2024-08-14T00:54:36.947+0000] {subprocess.py:93} INFO - 24/08/14 00:54:36 INFO StandaloneAppClient$ClientEndpoint: Executor added: app-20240814005436-0032/0 on worker-20240809124721-172.18.0.6-35359 (172.18.0.6:35359) with 1 core(s)
[2024-08-14T00:54:36.950+0000] {subprocess.py:93} INFO - 24/08/14 00:54:36 INFO StandaloneSchedulerBackend: Granted executor ID app-20240814005436-0032/0 on hostPort 172.18.0.6:35359 with 1 core(s), 1024.0 MiB RAM
[2024-08-14T00:54:36.951+0000] {subprocess.py:93} INFO - 24/08/14 00:54:36 INFO StandaloneAppClient$ClientEndpoint: Executor added: app-20240814005436-0032/1 on worker-20240809124721-172.18.0.7-36933 (172.18.0.7:36933) with 1 core(s)
[2024-08-14T00:54:36.951+0000] {subprocess.py:93} INFO - 24/08/14 00:54:36 INFO StandaloneSchedulerBackend: Granted executor ID app-20240814005436-0032/1 on hostPort 172.18.0.7:36933 with 1 core(s), 1024.0 MiB RAM
[2024-08-14T00:54:36.957+0000] {subprocess.py:93} INFO - 24/08/14 00:54:36 INFO Utils: Successfully started service 'org.apache.spark.network.netty.NettyBlockTransferService' on port 45381.
[2024-08-14T00:54:36.957+0000] {subprocess.py:93} INFO - 24/08/14 00:54:36 INFO NettyBlockTransferService: Server created on 27ef58cc88fc:45381
[2024-08-14T00:54:36.959+0000] {subprocess.py:93} INFO - 24/08/14 00:54:36 INFO BlockManager: Using org.apache.spark.storage.RandomBlockReplicationPolicy for block replication policy
[2024-08-14T00:54:36.965+0000] {subprocess.py:93} INFO - 24/08/14 00:54:36 INFO BlockManagerMaster: Registering BlockManager BlockManagerId(driver, 27ef58cc88fc, 45381, None)
[2024-08-14T00:54:36.969+0000] {subprocess.py:93} INFO - 24/08/14 00:54:36 INFO BlockManagerMasterEndpoint: Registering block manager 27ef58cc88fc:45381 with 1458.4 MiB RAM, BlockManagerId(driver, 27ef58cc88fc, 45381, None)
[2024-08-14T00:54:36.970+0000] {subprocess.py:93} INFO - 24/08/14 00:54:36 INFO BlockManagerMaster: Registered BlockManager BlockManagerId(driver, 27ef58cc88fc, 45381, None)
[2024-08-14T00:54:36.972+0000] {subprocess.py:93} INFO - 24/08/14 00:54:36 INFO BlockManager: Initialized BlockManager: BlockManagerId(driver, 27ef58cc88fc, 45381, None)
[2024-08-14T00:54:36.977+0000] {subprocess.py:93} INFO - 24/08/14 00:54:36 INFO StandaloneAppClient$ClientEndpoint: Executor updated: app-20240814005436-0032/0 is now RUNNING
[2024-08-14T00:54:36.978+0000] {subprocess.py:93} INFO - 24/08/14 00:54:36 INFO StandaloneAppClient$ClientEndpoint: Executor updated: app-20240814005436-0032/1 is now RUNNING
[2024-08-14T00:54:37.177+0000] {subprocess.py:93} INFO - 24/08/14 00:54:37 INFO StandaloneSchedulerBackend: SchedulerBackend is ready for scheduling beginning after reached minRegisteredResourcesRatio: 0.0
[2024-08-14T00:54:37.340+0000] {subprocess.py:93} INFO - 24/08/14 00:54:37 INFO SharedState: Setting hive.metastore.warehouse.dir ('null') to the value of spark.sql.warehouse.dir.
[2024-08-14T00:54:37.343+0000] {subprocess.py:93} INFO - 24/08/14 00:54:37 INFO SharedState: Warehouse path is 'file:/tmp/***tmpuga2h651/spark-warehouse'.
[2024-08-14T00:54:38.070+0000] {subprocess.py:93} INFO - 24/08/14 00:54:38 INFO Version: Elasticsearch Hadoop v8.4.3 [a7873eb469]
[2024-08-14T00:54:39.261+0000] {subprocess.py:93} INFO - 24/08/14 00:54:39 INFO StandaloneSchedulerBackend$StandaloneDriverEndpoint: Registered executor NettyRpcEndpointRef(spark-client://Executor) (172.18.0.6:52274) with ID 0,  ResourceProfileId 0
[2024-08-14T00:54:39.320+0000] {subprocess.py:93} INFO - 24/08/14 00:54:39 INFO BlockManagerMasterEndpoint: Registering block manager 172.18.0.6:44055 with 1458.4 MiB RAM, BlockManagerId(0, 172.18.0.6, 44055, None)
[2024-08-14T00:54:39.331+0000] {subprocess.py:93} INFO - 24/08/14 00:54:39 INFO StandaloneSchedulerBackend$StandaloneDriverEndpoint: Registered executor NettyRpcEndpointRef(spark-client://Executor) (172.18.0.7:38688) with ID 1,  ResourceProfileId 0
[2024-08-14T00:54:39.376+0000] {subprocess.py:93} INFO - 24/08/14 00:54:39 INFO BlockManagerMasterEndpoint: Registering block manager 172.18.0.7:38395 with 1458.4 MiB RAM, BlockManagerId(1, 172.18.0.7, 38395, None)
[2024-08-14T00:54:39.979+0000] {subprocess.py:93} INFO - Traceback (most recent call last):
[2024-08-14T00:54:39.979+0000] {subprocess.py:93} INFO -   File "/opt/***/jobs/analyze_data.py", line 48, in <module>
[2024-08-14T00:54:39.979+0000] {subprocess.py:93} INFO -     save_analysis_result(top_gainers, "data/top_gainers.csv")
[2024-08-14T00:54:39.980+0000] {subprocess.py:93} INFO -   File "/opt/***/jobs/analyze_data.py", line 41, in save_analysis_result
[2024-08-14T00:54:39.980+0000] {subprocess.py:93} INFO -     df.coalesce(1).write.mode("overwrite").csv(file_path, header=True)
[2024-08-14T00:54:39.980+0000] {subprocess.py:93} INFO -   File "/home/***/.local/lib/python3.11/site-packages/pyspark/python/lib/pyspark.zip/pyspark/sql/readwriter.py", line 1864, in csv
[2024-08-14T00:54:39.980+0000] {subprocess.py:93} INFO -   File "/home/***/.local/lib/python3.11/site-packages/pyspark/python/lib/py4j-0.10.9.7-src.zip/py4j/java_gateway.py", line 1322, in __call__
[2024-08-14T00:54:39.981+0000] {subprocess.py:93} INFO -   File "/home/***/.local/lib/python3.11/site-packages/pyspark/python/lib/pyspark.zip/pyspark/errors/exceptions/captured.py", line 185, in deco
[2024-08-14T00:54:39.984+0000] {subprocess.py:93} INFO - pyspark.errors.exceptions.captured.AnalysisException: [UNSUPPORTED_DATA_TYPE_FOR_DATASOURCE] The CSV datasource doesn't support the column `_metadata` of the type "MAP<STRING, STRING>".
[2024-08-14T00:54:40.043+0000] {subprocess.py:93} INFO - 24/08/14 00:54:40 INFO SparkContext: Invoking stop() from shutdown hook
[2024-08-14T00:54:40.047+0000] {subprocess.py:93} INFO - 24/08/14 00:54:40 INFO SparkContext: SparkContext is stopping with exitCode 0.
[2024-08-14T00:54:40.050+0000] {subprocess.py:93} INFO - 24/08/14 00:54:40 INFO SparkUI: Stopped Spark web UI at http://27ef58cc88fc:4040
[2024-08-14T00:54:40.052+0000] {subprocess.py:93} INFO - 24/08/14 00:54:40 INFO StandaloneSchedulerBackend: Shutting down all executors
[2024-08-14T00:54:40.054+0000] {subprocess.py:93} INFO - 24/08/14 00:54:40 INFO StandaloneSchedulerBackend$StandaloneDriverEndpoint: Asking each executor to shut down
[2024-08-14T00:54:40.076+0000] {subprocess.py:93} INFO - 24/08/14 00:54:40 INFO MapOutputTrackerMasterEndpoint: MapOutputTrackerMasterEndpoint stopped!
[2024-08-14T00:54:40.109+0000] {subprocess.py:93} INFO - 24/08/14 00:54:40 INFO MemoryStore: MemoryStore cleared
[2024-08-14T00:54:40.109+0000] {subprocess.py:93} INFO - 24/08/14 00:54:40 INFO BlockManager: BlockManager stopped
[2024-08-14T00:54:40.117+0000] {subprocess.py:93} INFO - 24/08/14 00:54:40 INFO BlockManagerMaster: BlockManagerMaster stopped
[2024-08-14T00:54:40.120+0000] {subprocess.py:93} INFO - 24/08/14 00:54:40 INFO OutputCommitCoordinator$OutputCommitCoordinatorEndpoint: OutputCommitCoordinator stopped!
[2024-08-14T00:54:40.131+0000] {subprocess.py:93} INFO - 24/08/14 00:54:40 INFO SparkContext: Successfully stopped SparkContext
[2024-08-14T00:54:40.131+0000] {subprocess.py:93} INFO - 24/08/14 00:54:40 INFO ShutdownHookManager: Shutdown hook called
[2024-08-14T00:54:40.133+0000] {subprocess.py:93} INFO - 24/08/14 00:54:40 INFO ShutdownHookManager: Deleting directory /tmp/spark-ec4988ff-b271-4ffd-92f3-2d7a9ae308d7
[2024-08-14T00:54:40.135+0000] {subprocess.py:93} INFO - 24/08/14 00:54:40 INFO ShutdownHookManager: Deleting directory /tmp/spark-d5007449-bdd5-478a-a4f4-1ba419a1e4e6/pyspark-83fbb60e-966d-4d93-94d6-ec0d2023d926
[2024-08-14T00:54:40.138+0000] {subprocess.py:93} INFO - 24/08/14 00:54:40 INFO ShutdownHookManager: Deleting directory /tmp/spark-d5007449-bdd5-478a-a4f4-1ba419a1e4e6
[2024-08-14T00:54:40.174+0000] {subprocess.py:97} INFO - Command exited with return code 1
[2024-08-14T00:54:40.254+0000] {local_task_job_runner.py:228} INFO - Task exited with return code 0
[2024-08-14T00:54:40.277+0000] {taskinstance.py:2776} INFO - 0 downstream tasks scheduled from follow-on schedule check
