[2024-09-26T17:20:17.861+0000] {taskinstance.py:1157} INFO - Dependencies all met for dep_context=non-requeueable deps ti=<TaskInstance: data_pipeline_api.fetch_data scheduled__2024-09-25T00:30:00+00:00 [queued]>
[2024-09-26T17:20:17.869+0000] {taskinstance.py:1157} INFO - Dependencies all met for dep_context=requeueable deps ti=<TaskInstance: data_pipeline_api.fetch_data scheduled__2024-09-25T00:30:00+00:00 [queued]>
[2024-09-26T17:20:17.871+0000] {taskinstance.py:1359} INFO - Starting attempt 1 of 2
[2024-09-26T17:20:17.885+0000] {taskinstance.py:1380} INFO - Executing <Task(BashOperator): fetch_data> on 2024-09-25 00:30:00+00:00
[2024-09-26T17:20:17.891+0000] {standard_task_runner.py:57} INFO - Started process 194 to run task
[2024-09-26T17:20:17.896+0000] {standard_task_runner.py:84} INFO - Running: ['***', 'tasks', 'run', 'data_pipeline_api', 'fetch_data', 'scheduled__2024-09-25T00:30:00+00:00', '--job-id', '18', '--raw', '--subdir', 'DAGS_FOLDER/spark-jobs.py', '--cfg-path', '/tmp/tmp040pug9t']
[2024-09-26T17:20:17.901+0000] {standard_task_runner.py:85} INFO - Job 18: Subtask fetch_data
[2024-09-26T17:20:17.945+0000] {task_command.py:415} INFO - Running <TaskInstance: data_pipeline_api.fetch_data scheduled__2024-09-25T00:30:00+00:00 [running]> on host 595e69e30fc0
[2024-09-26T17:20:18.040+0000] {taskinstance.py:1660} INFO - Exporting env vars: AIRFLOW_CTX_DAG_OWNER='***' AIRFLOW_CTX_DAG_ID='data_pipeline_api' AIRFLOW_CTX_TASK_ID='fetch_data' AIRFLOW_CTX_EXECUTION_DATE='2024-09-25T00:30:00+00:00' AIRFLOW_CTX_TRY_NUMBER='1' AIRFLOW_CTX_DAG_RUN_ID='scheduled__2024-09-25T00:30:00+00:00'
[2024-09-26T17:20:18.041+0000] {subprocess.py:63} INFO - Tmp dir root location: /tmp
[2024-09-26T17:20:18.044+0000] {subprocess.py:75} INFO - Running command: ['/bin/bash', '-c', 'bash /opt/***/jobs/spark-submit.sh /opt/***/jobs/fetch_data.py ']
[2024-09-26T17:20:18.053+0000] {subprocess.py:86} INFO - Output:
[2024-09-26T17:20:18.057+0000] {subprocess.py:93} INFO - /opt/***/jobs/fetch_data.py
[2024-09-26T17:20:18.165+0000] {subprocess.py:93} INFO - /home/***/.local/lib/python3.11/site-packages/pyspark/bin/load-spark-env.sh: line 68: ps: command not found
[2024-09-26T17:20:21.276+0000] {subprocess.py:93} INFO - 24/09/26 17:20:21 WARN NativeCodeLoader: Unable to load native-hadoop library for your platform... using builtin-java classes where applicable
[2024-09-26T17:20:23.336+0000] {subprocess.py:93} INFO - 24/09/26 17:20:23 INFO ShutdownHookManager: Shutdown hook called
[2024-09-26T17:20:23.338+0000] {subprocess.py:93} INFO - 24/09/26 17:20:23 INFO ShutdownHookManager: Deleting directory /tmp/spark-607ba663-fd40-4862-bfb4-d6ced142f887
[2024-09-26T17:20:23.380+0000] {subprocess.py:97} INFO - Command exited with return code 0
[2024-09-26T17:20:23.415+0000] {taskinstance.py:1398} INFO - Marking task as SUCCESS. dag_id=data_pipeline_api, task_id=fetch_data, execution_date=20240925T003000, start_date=20240926T172017, end_date=20240926T172023
[2024-09-26T17:20:23.484+0000] {local_task_job_runner.py:228} INFO - Task exited with return code 0
[2024-09-26T17:20:23.508+0000] {taskinstance.py:2776} INFO - 0 downstream tasks scheduled from follow-on schedule check
