[2024-08-16T00:37:44.076+0000] {taskinstance.py:1157} INFO - Dependencies all met for dep_context=non-requeueable deps ti=<TaskInstance: data_pipeline_api.fetch_data scheduled__2024-08-15T00:30:00+00:00 [queued]>
[2024-08-16T00:37:44.079+0000] {taskinstance.py:1157} INFO - Dependencies all met for dep_context=requeueable deps ti=<TaskInstance: data_pipeline_api.fetch_data scheduled__2024-08-15T00:30:00+00:00 [queued]>
[2024-08-16T00:37:44.079+0000] {taskinstance.py:1359} INFO - Starting attempt 1 of 2
[2024-08-16T00:37:44.084+0000] {taskinstance.py:1380} INFO - Executing <Task(BashOperator): fetch_data> on 2024-08-15 00:30:00+00:00
[2024-08-16T00:37:44.087+0000] {standard_task_runner.py:57} INFO - Started process 48365 to run task
[2024-08-16T00:37:44.089+0000] {standard_task_runner.py:84} INFO - Running: ['***', 'tasks', 'run', 'data_pipeline_api', 'fetch_data', 'scheduled__2024-08-15T00:30:00+00:00', '--job-id', '52', '--raw', '--subdir', 'DAGS_FOLDER/spark-jobs.py', '--cfg-path', '/tmp/tmpxq0yx75i']
[2024-08-16T00:37:44.091+0000] {standard_task_runner.py:85} INFO - Job 52: Subtask fetch_data
[2024-08-16T00:37:44.115+0000] {task_command.py:415} INFO - Running <TaskInstance: data_pipeline_api.fetch_data scheduled__2024-08-15T00:30:00+00:00 [running]> on host 27ef58cc88fc
[2024-08-16T00:37:44.155+0000] {taskinstance.py:1660} INFO - Exporting env vars: AIRFLOW_CTX_DAG_OWNER='***' AIRFLOW_CTX_DAG_ID='data_pipeline_api' AIRFLOW_CTX_TASK_ID='fetch_data' AIRFLOW_CTX_EXECUTION_DATE='2024-08-15T00:30:00+00:00' AIRFLOW_CTX_TRY_NUMBER='1' AIRFLOW_CTX_DAG_RUN_ID='scheduled__2024-08-15T00:30:00+00:00'
[2024-08-16T00:37:44.157+0000] {subprocess.py:63} INFO - Tmp dir root location: /tmp
[2024-08-16T00:37:44.157+0000] {subprocess.py:75} INFO - Running command: ['/bin/bash', '-c', 'bash /opt/***/jobs/spark-submit.sh /opt/***/jobs/fetch_data.py ']
[2024-08-16T00:37:44.163+0000] {subprocess.py:86} INFO - Output:
[2024-08-16T00:37:44.175+0000] {subprocess.py:93} INFO - /opt/***/jobs/fetch_data.py
[2024-08-16T00:37:44.254+0000] {subprocess.py:93} INFO - /home/***/.local/lib/python3.11/site-packages/pyspark/bin/load-spark-env.sh: line 68: ps: command not found
[2024-08-16T00:37:45.804+0000] {subprocess.py:93} INFO - 24/08/16 00:37:45 WARN NativeCodeLoader: Unable to load native-hadoop library for your platform... using builtin-java classes where applicable
[2024-08-16T00:37:47.462+0000] {subprocess.py:93} INFO - 24/08/16 00:37:47 INFO ShutdownHookManager: Shutdown hook called
[2024-08-16T00:37:47.463+0000] {subprocess.py:93} INFO - 24/08/16 00:37:47 INFO ShutdownHookManager: Deleting directory /tmp/spark-a342b084-db22-4b9f-bfeb-8aba636ff1c5
[2024-08-16T00:37:47.516+0000] {subprocess.py:97} INFO - Command exited with return code 0
[2024-08-16T00:37:47.580+0000] {taskinstance.py:1398} INFO - Marking task as SUCCESS. dag_id=data_pipeline_api, task_id=fetch_data, execution_date=20240815T003000, start_date=20240816T003744, end_date=20240816T003747
[2024-08-16T00:37:47.617+0000] {local_task_job_runner.py:228} INFO - Task exited with return code 0
[2024-08-16T00:37:47.648+0000] {taskinstance.py:2776} INFO - 0 downstream tasks scheduled from follow-on schedule check
