[2024-09-15T01:30:28.593+0000] {taskinstance.py:1157} INFO - Dependencies all met for dep_context=non-requeueable deps ti=<TaskInstance: data_pipeline_api.fetch_data manual__2024-09-15T01:30:26.762439+00:00 [queued]>
[2024-09-15T01:30:28.599+0000] {taskinstance.py:1157} INFO - Dependencies all met for dep_context=requeueable deps ti=<TaskInstance: data_pipeline_api.fetch_data manual__2024-09-15T01:30:26.762439+00:00 [queued]>
[2024-09-15T01:30:28.602+0000] {taskinstance.py:1359} INFO - Starting attempt 1 of 2
[2024-09-15T01:30:28.613+0000] {taskinstance.py:1380} INFO - Executing <Task(BashOperator): fetch_data> on 2024-09-15 01:30:26.762439+00:00
[2024-09-15T01:30:28.616+0000] {standard_task_runner.py:57} INFO - Started process 1296 to run task
[2024-09-15T01:30:28.621+0000] {standard_task_runner.py:84} INFO - Running: ['***', 'tasks', 'run', 'data_pipeline_api', 'fetch_data', 'manual__2024-09-15T01:30:26.762439+00:00', '--job-id', '6', '--raw', '--subdir', 'DAGS_FOLDER/spark-jobs.py', '--cfg-path', '/tmp/tmpgh_subcv']
[2024-09-15T01:30:28.634+0000] {standard_task_runner.py:85} INFO - Job 6: Subtask fetch_data
[2024-09-15T01:30:28.802+0000] {task_command.py:415} INFO - Running <TaskInstance: data_pipeline_api.fetch_data manual__2024-09-15T01:30:26.762439+00:00 [running]> on host 595e69e30fc0
[2024-09-15T01:30:28.902+0000] {taskinstance.py:1660} INFO - Exporting env vars: AIRFLOW_CTX_DAG_OWNER='***' AIRFLOW_CTX_DAG_ID='data_pipeline_api' AIRFLOW_CTX_TASK_ID='fetch_data' AIRFLOW_CTX_EXECUTION_DATE='2024-09-15T01:30:26.762439+00:00' AIRFLOW_CTX_TRY_NUMBER='1' AIRFLOW_CTX_DAG_RUN_ID='manual__2024-09-15T01:30:26.762439+00:00'
[2024-09-15T01:30:28.903+0000] {subprocess.py:63} INFO - Tmp dir root location: /tmp
[2024-09-15T01:30:28.904+0000] {subprocess.py:75} INFO - Running command: ['/bin/bash', '-c', 'bash /opt/***/jobs/spark-submit.sh /opt/***/jobs/fetch_data.py ']
[2024-09-15T01:30:28.917+0000] {subprocess.py:86} INFO - Output:
[2024-09-15T01:30:28.919+0000] {subprocess.py:93} INFO - /opt/***/jobs/fetch_data.py
[2024-09-15T01:30:29.045+0000] {subprocess.py:93} INFO - /home/***/.local/lib/python3.11/site-packages/pyspark/bin/load-spark-env.sh: line 68: ps: command not found
[2024-09-15T01:30:30.926+0000] {subprocess.py:93} INFO - 24/09/15 01:30:30 WARN NativeCodeLoader: Unable to load native-hadoop library for your platform... using builtin-java classes where applicable
[2024-09-15T01:30:32.685+0000] {subprocess.py:93} INFO - 24/09/15 01:30:32 INFO ShutdownHookManager: Shutdown hook called
[2024-09-15T01:30:32.686+0000] {subprocess.py:93} INFO - 24/09/15 01:30:32 INFO ShutdownHookManager: Deleting directory /tmp/spark-84e69dcf-0a0a-4469-94d0-89fd0d4a736b
[2024-09-15T01:30:32.730+0000] {subprocess.py:97} INFO - Command exited with return code 0
[2024-09-15T01:30:32.773+0000] {taskinstance.py:1398} INFO - Marking task as SUCCESS. dag_id=data_pipeline_api, task_id=fetch_data, execution_date=20240915T013026, start_date=20240915T013028, end_date=20240915T013032
[2024-09-15T01:30:32.805+0000] {local_task_job_runner.py:228} INFO - Task exited with return code 0
[2024-09-15T01:30:32.841+0000] {taskinstance.py:2776} INFO - 0 downstream tasks scheduled from follow-on schedule check
