[2024-09-10T00:32:11.413+0000] {taskinstance.py:1157} INFO - Dependencies all met for dep_context=non-requeueable deps ti=<TaskInstance: data_pipeline_api.analyze_data scheduled__2024-09-09T00:30:00+00:00 [queued]>
[2024-09-10T00:32:11.416+0000] {taskinstance.py:1157} INFO - Dependencies all met for dep_context=requeueable deps ti=<TaskInstance: data_pipeline_api.analyze_data scheduled__2024-09-09T00:30:00+00:00 [queued]>
[2024-09-10T00:32:11.416+0000] {taskinstance.py:1359} INFO - Starting attempt 2 of 2
[2024-09-10T00:32:11.420+0000] {taskinstance.py:1380} INFO - Executing <Task(BashOperator): analyze_data> on 2024-09-09 00:30:00+00:00
[2024-09-10T00:32:11.423+0000] {standard_task_runner.py:57} INFO - Started process 26067 to run task
[2024-09-10T00:32:11.425+0000] {standard_task_runner.py:84} INFO - Running: ['***', 'tasks', 'run', 'data_pipeline_api', 'analyze_data', 'scheduled__2024-09-09T00:30:00+00:00', '--job-id', '94', '--raw', '--subdir', 'DAGS_FOLDER/spark-jobs.py', '--cfg-path', '/tmp/tmp02j5buol']
[2024-09-10T00:32:11.427+0000] {standard_task_runner.py:85} INFO - Job 94: Subtask analyze_data
[2024-09-10T00:32:11.453+0000] {task_command.py:415} INFO - Running <TaskInstance: data_pipeline_api.analyze_data scheduled__2024-09-09T00:30:00+00:00 [running]> on host 27ef58cc88fc
[2024-09-10T00:32:11.487+0000] {taskinstance.py:1660} INFO - Exporting env vars: AIRFLOW_CTX_DAG_OWNER='***' AIRFLOW_CTX_DAG_ID='data_pipeline_api' AIRFLOW_CTX_TASK_ID='analyze_data' AIRFLOW_CTX_EXECUTION_DATE='2024-09-09T00:30:00+00:00' AIRFLOW_CTX_TRY_NUMBER='2' AIRFLOW_CTX_DAG_RUN_ID='scheduled__2024-09-09T00:30:00+00:00'
[2024-09-10T00:32:11.488+0000] {subprocess.py:63} INFO - Tmp dir root location: /tmp
[2024-09-10T00:32:11.489+0000] {subprocess.py:75} INFO - Running command: ['/bin/bash', '-c', 'bash /opt/***/jobs/spark-submit.sh /opt/***/jobs/analyze_data.py ']
[2024-09-10T00:32:11.494+0000] {subprocess.py:86} INFO - Output:
[2024-09-10T00:32:11.498+0000] {subprocess.py:93} INFO - /opt/***/jobs/analyze_data.py
[2024-09-10T00:32:11.542+0000] {subprocess.py:93} INFO - /home/***/.local/lib/python3.11/site-packages/pyspark/bin/load-spark-env.sh: line 68: ps: command not found
[2024-09-10T00:32:12.552+0000] {subprocess.py:93} INFO - 24/09/10 00:32:12 WARN NativeCodeLoader: Unable to load native-hadoop library for your platform... using builtin-java classes where applicable
[2024-09-10T00:32:13.192+0000] {subprocess.py:93} INFO - 24/09/10 00:32:13 INFO SparkContext: Running Spark version 3.5.1
[2024-09-10T00:32:13.193+0000] {subprocess.py:93} INFO - 24/09/10 00:32:13 INFO SparkContext: OS info Linux, 6.6.32-linuxkit, aarch64
[2024-09-10T00:32:13.193+0000] {subprocess.py:93} INFO - 24/09/10 00:32:13 INFO SparkContext: Java version 11.0.23
[2024-09-10T00:32:13.207+0000] {subprocess.py:93} INFO - 24/09/10 00:32:13 INFO ResourceUtils: ==============================================================
[2024-09-10T00:32:13.209+0000] {subprocess.py:93} INFO - 24/09/10 00:32:13 INFO ResourceUtils: No custom resources configured for spark.driver.
[2024-09-10T00:32:13.212+0000] {subprocess.py:93} INFO - 24/09/10 00:32:13 INFO ResourceUtils: ==============================================================
[2024-09-10T00:32:13.212+0000] {subprocess.py:93} INFO - 24/09/10 00:32:13 INFO SparkContext: Submitted application: FinanceDataAnalysis
[2024-09-10T00:32:13.218+0000] {subprocess.py:93} INFO - 24/09/10 00:32:13 INFO ResourceProfile: Default ResourceProfile created, executor resources: Map(cores -> name: cores, amount: 1, script: , vendor: , memory -> name: memory, amount: 1024, script: , vendor: , offHeap -> name: offHeap, amount: 1024, script: , vendor: ), task resources: Map(cpus -> name: cpus, amount: 1.0)
[2024-09-10T00:32:13.223+0000] {subprocess.py:93} INFO - 24/09/10 00:32:13 INFO ResourceProfile: Limiting resource is cpus at 1 tasks per executor
[2024-09-10T00:32:13.224+0000] {subprocess.py:93} INFO - 24/09/10 00:32:13 INFO ResourceProfileManager: Added ResourceProfile id: 0
[2024-09-10T00:32:13.262+0000] {subprocess.py:93} INFO - 24/09/10 00:32:13 INFO SecurityManager: Changing view acls to: ***
[2024-09-10T00:32:13.263+0000] {subprocess.py:93} INFO - 24/09/10 00:32:13 INFO SecurityManager: Changing modify acls to: ***
[2024-09-10T00:32:13.263+0000] {subprocess.py:93} INFO - 24/09/10 00:32:13 INFO SecurityManager: Changing view acls groups to:
[2024-09-10T00:32:13.263+0000] {subprocess.py:93} INFO - 24/09/10 00:32:13 INFO SecurityManager: Changing modify acls groups to:
[2024-09-10T00:32:13.264+0000] {subprocess.py:93} INFO - 24/09/10 00:32:13 INFO SecurityManager: SecurityManager: authentication disabled; ui acls disabled; users with view permissions: ***; groups with view permissions: EMPTY; users with modify permissions: ***; groups with modify permissions: EMPTY
[2024-09-10T00:32:13.387+0000] {subprocess.py:93} INFO - 24/09/10 00:32:13 INFO Utils: Successfully started service 'sparkDriver' on port 43655.
[2024-09-10T00:32:13.407+0000] {subprocess.py:93} INFO - 24/09/10 00:32:13 INFO SparkEnv: Registering MapOutputTracker
[2024-09-10T00:32:13.432+0000] {subprocess.py:93} INFO - 24/09/10 00:32:13 INFO SparkEnv: Registering BlockManagerMaster
[2024-09-10T00:32:13.441+0000] {subprocess.py:93} INFO - 24/09/10 00:32:13 INFO BlockManagerMasterEndpoint: Using org.apache.spark.storage.DefaultTopologyMapper for getting topology information
[2024-09-10T00:32:13.442+0000] {subprocess.py:93} INFO - 24/09/10 00:32:13 INFO BlockManagerMasterEndpoint: BlockManagerMasterEndpoint up
[2024-09-10T00:32:13.444+0000] {subprocess.py:93} INFO - 24/09/10 00:32:13 INFO SparkEnv: Registering BlockManagerMasterHeartbeat
[2024-09-10T00:32:13.456+0000] {subprocess.py:93} INFO - 24/09/10 00:32:13 INFO DiskBlockManager: Created local directory at /tmp/blockmgr-9e35b40e-0f8a-4e51-97a1-ece0328b1365
[2024-09-10T00:32:13.463+0000] {subprocess.py:93} INFO - 24/09/10 00:32:13 INFO MemoryStore: MemoryStore started with capacity 1458.4 MiB
[2024-09-10T00:32:13.471+0000] {subprocess.py:93} INFO - 24/09/10 00:32:13 INFO SparkEnv: Registering OutputCommitCoordinator
[2024-09-10T00:32:13.532+0000] {subprocess.py:93} INFO - 24/09/10 00:32:13 INFO JettyUtils: Start Jetty 0.0.0.0:4040 for SparkUI
[2024-09-10T00:32:13.564+0000] {subprocess.py:93} INFO - 24/09/10 00:32:13 INFO Utils: Successfully started service 'SparkUI' on port 4040.
[2024-09-10T00:32:13.583+0000] {subprocess.py:93} INFO - 24/09/10 00:32:13 INFO SparkContext: Added JAR file:///opt/bitnami/spark/resources/elasticsearch-spark-30_2.12-8.4.3.jar at spark://27ef58cc88fc:43655/jars/elasticsearch-spark-30_2.12-8.4.3.jar with timestamp 1725928333188
[2024-09-10T00:32:13.629+0000] {subprocess.py:93} INFO - 24/09/10 00:32:13 INFO StandaloneAppClient$ClientEndpoint: Connecting to master spark://spark-master:7077...
[2024-09-10T00:32:13.656+0000] {subprocess.py:93} INFO - 24/09/10 00:32:13 INFO TransportClientFactory: Successfully created connection to spark-master/172.18.0.4:7077 after 14 ms (0 ms spent in bootstraps)
[2024-09-10T00:32:13.722+0000] {subprocess.py:93} INFO - 24/09/10 00:32:13 INFO StandaloneSchedulerBackend: Connected to Spark cluster with app ID app-20240910003213-0008
[2024-09-10T00:32:13.723+0000] {subprocess.py:93} INFO - 24/09/10 00:32:13 INFO StandaloneAppClient$ClientEndpoint: Executor added: app-20240910003213-0008/0 on worker-20240908204352-172.18.0.7-33815 (172.18.0.7:33815) with 1 core(s)
[2024-09-10T00:32:13.725+0000] {subprocess.py:93} INFO - 24/09/10 00:32:13 INFO StandaloneSchedulerBackend: Granted executor ID app-20240910003213-0008/0 on hostPort 172.18.0.7:33815 with 1 core(s), 1024.0 MiB RAM
[2024-09-10T00:32:13.725+0000] {subprocess.py:93} INFO - 24/09/10 00:32:13 INFO StandaloneAppClient$ClientEndpoint: Executor added: app-20240910003213-0008/1 on worker-20240908204352-172.18.0.8-33881 (172.18.0.8:33881) with 1 core(s)
[2024-09-10T00:32:13.726+0000] {subprocess.py:93} INFO - 24/09/10 00:32:13 INFO StandaloneSchedulerBackend: Granted executor ID app-20240910003213-0008/1 on hostPort 172.18.0.8:33881 with 1 core(s), 1024.0 MiB RAM
[2024-09-10T00:32:13.732+0000] {subprocess.py:93} INFO - 24/09/10 00:32:13 INFO Utils: Successfully started service 'org.apache.spark.network.netty.NettyBlockTransferService' on port 41625.
[2024-09-10T00:32:13.733+0000] {subprocess.py:93} INFO - 24/09/10 00:32:13 INFO NettyBlockTransferService: Server created on 27ef58cc88fc:41625
[2024-09-10T00:32:13.734+0000] {subprocess.py:93} INFO - 24/09/10 00:32:13 INFO BlockManager: Using org.apache.spark.storage.RandomBlockReplicationPolicy for block replication policy
[2024-09-10T00:32:13.740+0000] {subprocess.py:93} INFO - 24/09/10 00:32:13 INFO BlockManagerMaster: Registering BlockManager BlockManagerId(driver, 27ef58cc88fc, 41625, None)
[2024-09-10T00:32:13.745+0000] {subprocess.py:93} INFO - 24/09/10 00:32:13 INFO BlockManagerMasterEndpoint: Registering block manager 27ef58cc88fc:41625 with 1458.4 MiB RAM, BlockManagerId(driver, 27ef58cc88fc, 41625, None)
[2024-09-10T00:32:13.751+0000] {subprocess.py:93} INFO - 24/09/10 00:32:13 INFO BlockManagerMaster: Registered BlockManager BlockManagerId(driver, 27ef58cc88fc, 41625, None)
[2024-09-10T00:32:13.753+0000] {subprocess.py:93} INFO - 24/09/10 00:32:13 INFO BlockManager: Initialized BlockManager: BlockManagerId(driver, 27ef58cc88fc, 41625, None)
[2024-09-10T00:32:13.824+0000] {subprocess.py:93} INFO - 24/09/10 00:32:13 INFO StandaloneAppClient$ClientEndpoint: Executor updated: app-20240910003213-0008/0 is now RUNNING
[2024-09-10T00:32:13.825+0000] {subprocess.py:93} INFO - 24/09/10 00:32:13 INFO StandaloneAppClient$ClientEndpoint: Executor updated: app-20240910003213-0008/1 is now RUNNING
[2024-09-10T00:32:13.931+0000] {subprocess.py:93} INFO - 24/09/10 00:32:13 INFO StandaloneSchedulerBackend: SchedulerBackend is ready for scheduling beginning after reached minRegisteredResourcesRatio: 0.0
[2024-09-10T00:32:14.124+0000] {subprocess.py:93} INFO - 24/09/10 00:32:14 INFO SharedState: Setting hive.metastore.warehouse.dir ('null') to the value of spark.sql.warehouse.dir.
[2024-09-10T00:32:14.126+0000] {subprocess.py:93} INFO - 24/09/10 00:32:14 INFO SharedState: Warehouse path is 'file:/tmp/***tmpiekpqbt9/spark-warehouse'.
[2024-09-10T00:32:14.775+0000] {subprocess.py:93} INFO - 24/09/10 00:32:14 INFO Version: Elasticsearch Hadoop v8.4.3 [a7873eb469]
[2024-09-10T00:32:15.583+0000] {subprocess.py:93} INFO - 24/09/10 00:32:15 INFO StandaloneSchedulerBackend$StandaloneDriverEndpoint: Registered executor NettyRpcEndpointRef(spark-client://Executor) (172.18.0.8:57356) with ID 1,  ResourceProfileId 0
[2024-09-10T00:32:15.592+0000] {subprocess.py:93} INFO - 24/09/10 00:32:15 INFO StandaloneSchedulerBackend$StandaloneDriverEndpoint: Registered executor NettyRpcEndpointRef(spark-client://Executor) (172.18.0.7:38426) with ID 0,  ResourceProfileId 0
[2024-09-10T00:32:15.655+0000] {subprocess.py:93} INFO - 24/09/10 00:32:15 INFO BlockManagerMasterEndpoint: Registering block manager 172.18.0.8:43485 with 1458.4 MiB RAM, BlockManagerId(1, 172.18.0.8, 43485, None)
[2024-09-10T00:32:15.661+0000] {subprocess.py:93} INFO - 24/09/10 00:32:15 INFO BlockManagerMasterEndpoint: Registering block manager 172.18.0.7:42519 with 1458.4 MiB RAM, BlockManagerId(0, 172.18.0.7, 42519, None)
[2024-09-10T00:32:16.316+0000] {subprocess.py:93} INFO - Traceback (most recent call last):
[2024-09-10T00:32:16.317+0000] {subprocess.py:93} INFO -   File "/opt/***/jobs/analyze_data.py", line 48, in <module>
[2024-09-10T00:32:16.317+0000] {subprocess.py:93} INFO -     save_analysis_result(top_gainers, "data/top_gainers.csv")
[2024-09-10T00:32:16.317+0000] {subprocess.py:93} INFO -   File "/opt/***/jobs/analyze_data.py", line 41, in save_analysis_result
[2024-09-10T00:32:16.318+0000] {subprocess.py:93} INFO -     df.coalesce(1).write.mode("overwrite").csv(file_path, header=True)
[2024-09-10T00:32:16.318+0000] {subprocess.py:93} INFO -   File "/home/***/.local/lib/python3.11/site-packages/pyspark/python/lib/pyspark.zip/pyspark/sql/readwriter.py", line 1864, in csv
[2024-09-10T00:32:16.319+0000] {subprocess.py:93} INFO -   File "/home/***/.local/lib/python3.11/site-packages/pyspark/python/lib/py4j-0.10.9.7-src.zip/py4j/java_gateway.py", line 1322, in __call__
[2024-09-10T00:32:16.319+0000] {subprocess.py:93} INFO -   File "/home/***/.local/lib/python3.11/site-packages/pyspark/python/lib/pyspark.zip/pyspark/errors/exceptions/captured.py", line 185, in deco
[2024-09-10T00:32:16.321+0000] {subprocess.py:93} INFO - pyspark.errors.exceptions.captured.AnalysisException: [UNSUPPORTED_DATA_TYPE_FOR_DATASOURCE] The CSV datasource doesn't support the column `_metadata` of the type "MAP<STRING, STRING>".
[2024-09-10T00:32:16.345+0000] {subprocess.py:93} INFO - 24/09/10 00:32:16 INFO SparkContext: Invoking stop() from shutdown hook
[2024-09-10T00:32:16.345+0000] {subprocess.py:93} INFO - 24/09/10 00:32:16 INFO SparkContext: SparkContext is stopping with exitCode 0.
[2024-09-10T00:32:16.350+0000] {subprocess.py:93} INFO - 24/09/10 00:32:16 INFO SparkUI: Stopped Spark web UI at http://27ef58cc88fc:4040
[2024-09-10T00:32:16.352+0000] {subprocess.py:93} INFO - 24/09/10 00:32:16 INFO StandaloneSchedulerBackend: Shutting down all executors
[2024-09-10T00:32:16.352+0000] {subprocess.py:93} INFO - 24/09/10 00:32:16 INFO StandaloneSchedulerBackend$StandaloneDriverEndpoint: Asking each executor to shut down
[2024-09-10T00:32:16.367+0000] {subprocess.py:93} INFO - 24/09/10 00:32:16 INFO MapOutputTrackerMasterEndpoint: MapOutputTrackerMasterEndpoint stopped!
[2024-09-10T00:32:16.380+0000] {subprocess.py:93} INFO - 24/09/10 00:32:16 INFO MemoryStore: MemoryStore cleared
[2024-09-10T00:32:16.380+0000] {subprocess.py:93} INFO - 24/09/10 00:32:16 INFO BlockManager: BlockManager stopped
[2024-09-10T00:32:16.385+0000] {subprocess.py:93} INFO - 24/09/10 00:32:16 INFO BlockManagerMaster: BlockManagerMaster stopped
[2024-09-10T00:32:16.386+0000] {subprocess.py:93} INFO - 24/09/10 00:32:16 INFO OutputCommitCoordinator$OutputCommitCoordinatorEndpoint: OutputCommitCoordinator stopped!
[2024-09-10T00:32:16.392+0000] {subprocess.py:93} INFO - 24/09/10 00:32:16 INFO SparkContext: Successfully stopped SparkContext
[2024-09-10T00:32:16.392+0000] {subprocess.py:93} INFO - 24/09/10 00:32:16 INFO ShutdownHookManager: Shutdown hook called
[2024-09-10T00:32:16.392+0000] {subprocess.py:93} INFO - 24/09/10 00:32:16 INFO ShutdownHookManager: Deleting directory /tmp/spark-12f220f8-a99b-40bf-90e7-48ad05fd5b16
[2024-09-10T00:32:16.393+0000] {subprocess.py:93} INFO - 24/09/10 00:32:16 INFO ShutdownHookManager: Deleting directory /tmp/spark-e322a89a-abdc-4b3a-b189-f624313a0557/pyspark-81cdd0a4-e970-4e81-be7e-68769665449e
[2024-09-10T00:32:16.396+0000] {subprocess.py:93} INFO - 24/09/10 00:32:16 INFO ShutdownHookManager: Deleting directory /tmp/spark-e322a89a-abdc-4b3a-b189-f624313a0557
[2024-09-10T00:32:16.434+0000] {subprocess.py:97} INFO - Command exited with return code 1
[2024-09-10T00:32:16.447+0000] {taskinstance.py:1935} ERROR - Task failed with exception
Traceback (most recent call last):
  File "/home/airflow/.local/lib/python3.11/site-packages/airflow/operators/bash.py", line 210, in execute
    raise AirflowException(
airflow.exceptions.AirflowException: Bash command failed. The command returned a non-zero exit code 1.
[2024-09-10T00:32:16.450+0000] {taskinstance.py:1398} INFO - Marking task as FAILED. dag_id=data_pipeline_api, task_id=analyze_data, execution_date=20240909T003000, start_date=20240910T003211, end_date=20240910T003216
[2024-09-10T00:32:16.459+0000] {standard_task_runner.py:104} ERROR - Failed to execute job 94 for task analyze_data (Bash command failed. The command returned a non-zero exit code 1.; 26067)
[2024-09-10T00:32:16.488+0000] {local_task_job_runner.py:228} INFO - Task exited with return code 1
[2024-09-10T00:32:16.507+0000] {taskinstance.py:2776} INFO - 0 downstream tasks scheduled from follow-on schedule check
