[2024-09-13T00:32:08.862+0000] {taskinstance.py:1157} INFO - Dependencies all met for dep_context=non-requeueable deps ti=<TaskInstance: data_pipeline_api.analyze_data scheduled__2024-09-12T00:30:00+00:00 [queued]>
[2024-09-13T00:32:08.865+0000] {taskinstance.py:1157} INFO - Dependencies all met for dep_context=requeueable deps ti=<TaskInstance: data_pipeline_api.analyze_data scheduled__2024-09-12T00:30:00+00:00 [queued]>
[2024-09-13T00:32:08.865+0000] {taskinstance.py:1359} INFO - Starting attempt 2 of 2
[2024-09-13T00:32:08.869+0000] {taskinstance.py:1380} INFO - Executing <Task(BashOperator): analyze_data> on 2024-09-12 00:30:00+00:00
[2024-09-13T00:32:08.871+0000] {standard_task_runner.py:57} INFO - Started process 73516 to run task
[2024-09-13T00:32:08.873+0000] {standard_task_runner.py:84} INFO - Running: ['***', 'tasks', 'run', 'data_pipeline_api', 'analyze_data', 'scheduled__2024-09-12T00:30:00+00:00', '--job-id', '106', '--raw', '--subdir', 'DAGS_FOLDER/spark-jobs.py', '--cfg-path', '/tmp/tmpfnkvui40']
[2024-09-13T00:32:08.874+0000] {standard_task_runner.py:85} INFO - Job 106: Subtask analyze_data
[2024-09-13T00:32:08.906+0000] {task_command.py:415} INFO - Running <TaskInstance: data_pipeline_api.analyze_data scheduled__2024-09-12T00:30:00+00:00 [running]> on host 27ef58cc88fc
[2024-09-13T00:32:08.932+0000] {taskinstance.py:1660} INFO - Exporting env vars: AIRFLOW_CTX_DAG_OWNER='***' AIRFLOW_CTX_DAG_ID='data_pipeline_api' AIRFLOW_CTX_TASK_ID='analyze_data' AIRFLOW_CTX_EXECUTION_DATE='2024-09-12T00:30:00+00:00' AIRFLOW_CTX_TRY_NUMBER='2' AIRFLOW_CTX_DAG_RUN_ID='scheduled__2024-09-12T00:30:00+00:00'
[2024-09-13T00:32:08.933+0000] {subprocess.py:63} INFO - Tmp dir root location: /tmp
[2024-09-13T00:32:08.933+0000] {subprocess.py:75} INFO - Running command: ['/bin/bash', '-c', 'bash /opt/***/jobs/spark-submit.sh /opt/***/jobs/analyze_data.py ']
[2024-09-13T00:32:08.937+0000] {subprocess.py:86} INFO - Output:
[2024-09-13T00:32:08.940+0000] {subprocess.py:93} INFO - /opt/***/jobs/analyze_data.py
[2024-09-13T00:32:08.979+0000] {subprocess.py:93} INFO - /home/***/.local/lib/python3.11/site-packages/pyspark/bin/load-spark-env.sh: line 68: ps: command not found
[2024-09-13T00:32:09.892+0000] {subprocess.py:93} INFO - 24/09/13 00:32:09 WARN NativeCodeLoader: Unable to load native-hadoop library for your platform... using builtin-java classes where applicable
[2024-09-13T00:32:10.491+0000] {subprocess.py:93} INFO - 24/09/13 00:32:10 INFO SparkContext: Running Spark version 3.5.1
[2024-09-13T00:32:10.493+0000] {subprocess.py:93} INFO - 24/09/13 00:32:10 INFO SparkContext: OS info Linux, 6.6.32-linuxkit, aarch64
[2024-09-13T00:32:10.494+0000] {subprocess.py:93} INFO - 24/09/13 00:32:10 INFO SparkContext: Java version 11.0.23
[2024-09-13T00:32:10.503+0000] {subprocess.py:93} INFO - 24/09/13 00:32:10 INFO ResourceUtils: ==============================================================
[2024-09-13T00:32:10.503+0000] {subprocess.py:93} INFO - 24/09/13 00:32:10 INFO ResourceUtils: No custom resources configured for spark.driver.
[2024-09-13T00:32:10.504+0000] {subprocess.py:93} INFO - 24/09/13 00:32:10 INFO ResourceUtils: ==============================================================
[2024-09-13T00:32:10.504+0000] {subprocess.py:93} INFO - 24/09/13 00:32:10 INFO SparkContext: Submitted application: FinanceDataAnalysis
[2024-09-13T00:32:10.518+0000] {subprocess.py:93} INFO - 24/09/13 00:32:10 INFO ResourceProfile: Default ResourceProfile created, executor resources: Map(cores -> name: cores, amount: 1, script: , vendor: , memory -> name: memory, amount: 1024, script: , vendor: , offHeap -> name: offHeap, amount: 1024, script: , vendor: ), task resources: Map(cpus -> name: cpus, amount: 1.0)
[2024-09-13T00:32:10.522+0000] {subprocess.py:93} INFO - 24/09/13 00:32:10 INFO ResourceProfile: Limiting resource is cpus at 1 tasks per executor
[2024-09-13T00:32:10.523+0000] {subprocess.py:93} INFO - 24/09/13 00:32:10 INFO ResourceProfileManager: Added ResourceProfile id: 0
[2024-09-13T00:32:10.550+0000] {subprocess.py:93} INFO - 24/09/13 00:32:10 INFO SecurityManager: Changing view acls to: ***
[2024-09-13T00:32:10.551+0000] {subprocess.py:93} INFO - 24/09/13 00:32:10 INFO SecurityManager: Changing modify acls to: ***
[2024-09-13T00:32:10.552+0000] {subprocess.py:93} INFO - 24/09/13 00:32:10 INFO SecurityManager: Changing view acls groups to:
[2024-09-13T00:32:10.553+0000] {subprocess.py:93} INFO - 24/09/13 00:32:10 INFO SecurityManager: Changing modify acls groups to:
[2024-09-13T00:32:10.553+0000] {subprocess.py:93} INFO - 24/09/13 00:32:10 INFO SecurityManager: SecurityManager: authentication disabled; ui acls disabled; users with view permissions: ***; groups with view permissions: EMPTY; users with modify permissions: ***; groups with modify permissions: EMPTY
[2024-09-13T00:32:10.642+0000] {subprocess.py:93} INFO - 24/09/13 00:32:10 INFO Utils: Successfully started service 'sparkDriver' on port 34857.
[2024-09-13T00:32:10.655+0000] {subprocess.py:93} INFO - 24/09/13 00:32:10 INFO SparkEnv: Registering MapOutputTracker
[2024-09-13T00:32:10.671+0000] {subprocess.py:93} INFO - 24/09/13 00:32:10 INFO SparkEnv: Registering BlockManagerMaster
[2024-09-13T00:32:10.678+0000] {subprocess.py:93} INFO - 24/09/13 00:32:10 INFO BlockManagerMasterEndpoint: Using org.apache.spark.storage.DefaultTopologyMapper for getting topology information
[2024-09-13T00:32:10.680+0000] {subprocess.py:93} INFO - 24/09/13 00:32:10 INFO BlockManagerMasterEndpoint: BlockManagerMasterEndpoint up
[2024-09-13T00:32:10.681+0000] {subprocess.py:93} INFO - 24/09/13 00:32:10 INFO SparkEnv: Registering BlockManagerMasterHeartbeat
[2024-09-13T00:32:10.690+0000] {subprocess.py:93} INFO - 24/09/13 00:32:10 INFO DiskBlockManager: Created local directory at /tmp/blockmgr-fb1d3910-76b6-4ad4-8eae-6f1052534ad6
[2024-09-13T00:32:10.695+0000] {subprocess.py:93} INFO - 24/09/13 00:32:10 INFO MemoryStore: MemoryStore started with capacity 1458.4 MiB
[2024-09-13T00:32:10.703+0000] {subprocess.py:93} INFO - 24/09/13 00:32:10 INFO SparkEnv: Registering OutputCommitCoordinator
[2024-09-13T00:32:10.763+0000] {subprocess.py:93} INFO - 24/09/13 00:32:10 INFO JettyUtils: Start Jetty 0.0.0.0:4040 for SparkUI
[2024-09-13T00:32:10.791+0000] {subprocess.py:93} INFO - 24/09/13 00:32:10 INFO Utils: Successfully started service 'SparkUI' on port 4040.
[2024-09-13T00:32:10.809+0000] {subprocess.py:93} INFO - 24/09/13 00:32:10 INFO SparkContext: Added JAR file:///opt/bitnami/spark/resources/elasticsearch-spark-30_2.12-8.4.3.jar at spark://27ef58cc88fc:34857/jars/elasticsearch-spark-30_2.12-8.4.3.jar with timestamp 1726187530487
[2024-09-13T00:32:10.843+0000] {subprocess.py:93} INFO - 24/09/13 00:32:10 INFO StandaloneAppClient$ClientEndpoint: Connecting to master spark://spark-master:7077...
[2024-09-13T00:32:10.864+0000] {subprocess.py:93} INFO - 24/09/13 00:32:10 INFO TransportClientFactory: Successfully created connection to spark-master/172.18.0.4:7077 after 12 ms (0 ms spent in bootstraps)
[2024-09-13T00:32:10.914+0000] {subprocess.py:93} INFO - 24/09/13 00:32:10 INFO StandaloneSchedulerBackend: Connected to Spark cluster with app ID app-20240913003210-0017
[2024-09-13T00:32:10.915+0000] {subprocess.py:93} INFO - 24/09/13 00:32:10 INFO StandaloneAppClient$ClientEndpoint: Executor added: app-20240913003210-0017/0 on worker-20240908204352-172.18.0.7-33815 (172.18.0.7:33815) with 1 core(s)
[2024-09-13T00:32:10.916+0000] {subprocess.py:93} INFO - 24/09/13 00:32:10 INFO StandaloneSchedulerBackend: Granted executor ID app-20240913003210-0017/0 on hostPort 172.18.0.7:33815 with 1 core(s), 1024.0 MiB RAM
[2024-09-13T00:32:10.917+0000] {subprocess.py:93} INFO - 24/09/13 00:32:10 INFO StandaloneAppClient$ClientEndpoint: Executor added: app-20240913003210-0017/1 on worker-20240908204352-172.18.0.8-33881 (172.18.0.8:33881) with 1 core(s)
[2024-09-13T00:32:10.921+0000] {subprocess.py:93} INFO - 24/09/13 00:32:10 INFO StandaloneSchedulerBackend: Granted executor ID app-20240913003210-0017/1 on hostPort 172.18.0.8:33881 with 1 core(s), 1024.0 MiB RAM
[2024-09-13T00:32:10.925+0000] {subprocess.py:93} INFO - 24/09/13 00:32:10 INFO Utils: Successfully started service 'org.apache.spark.network.netty.NettyBlockTransferService' on port 40853.
[2024-09-13T00:32:10.929+0000] {subprocess.py:93} INFO - 24/09/13 00:32:10 INFO NettyBlockTransferService: Server created on 27ef58cc88fc:40853
[2024-09-13T00:32:10.930+0000] {subprocess.py:93} INFO - 24/09/13 00:32:10 INFO BlockManager: Using org.apache.spark.storage.RandomBlockReplicationPolicy for block replication policy
[2024-09-13T00:32:10.937+0000] {subprocess.py:93} INFO - 24/09/13 00:32:10 INFO BlockManagerMaster: Registering BlockManager BlockManagerId(driver, 27ef58cc88fc, 40853, None)
[2024-09-13T00:32:10.940+0000] {subprocess.py:93} INFO - 24/09/13 00:32:10 INFO BlockManagerMasterEndpoint: Registering block manager 27ef58cc88fc:40853 with 1458.4 MiB RAM, BlockManagerId(driver, 27ef58cc88fc, 40853, None)
[2024-09-13T00:32:10.943+0000] {subprocess.py:93} INFO - 24/09/13 00:32:10 INFO BlockManagerMaster: Registered BlockManager BlockManagerId(driver, 27ef58cc88fc, 40853, None)
[2024-09-13T00:32:10.946+0000] {subprocess.py:93} INFO - 24/09/13 00:32:10 INFO BlockManager: Initialized BlockManager: BlockManagerId(driver, 27ef58cc88fc, 40853, None)
[2024-09-13T00:32:10.976+0000] {subprocess.py:93} INFO - 24/09/13 00:32:10 INFO StandaloneAppClient$ClientEndpoint: Executor updated: app-20240913003210-0017/0 is now RUNNING
[2024-09-13T00:32:10.980+0000] {subprocess.py:93} INFO - 24/09/13 00:32:10 INFO StandaloneAppClient$ClientEndpoint: Executor updated: app-20240913003210-0017/1 is now RUNNING
[2024-09-13T00:32:11.086+0000] {subprocess.py:93} INFO - 24/09/13 00:32:11 INFO StandaloneSchedulerBackend: SchedulerBackend is ready for scheduling beginning after reached minRegisteredResourcesRatio: 0.0
[2024-09-13T00:32:11.226+0000] {subprocess.py:93} INFO - 24/09/13 00:32:11 INFO SharedState: Setting hive.metastore.warehouse.dir ('null') to the value of spark.sql.warehouse.dir.
[2024-09-13T00:32:11.228+0000] {subprocess.py:93} INFO - 24/09/13 00:32:11 INFO SharedState: Warehouse path is 'file:/tmp/***tmprcyg0axq/spark-warehouse'.
[2024-09-13T00:32:11.752+0000] {subprocess.py:93} INFO - 24/09/13 00:32:11 INFO Version: Elasticsearch Hadoop v8.4.3 [a7873eb469]
[2024-09-13T00:32:12.424+0000] {subprocess.py:93} INFO - 24/09/13 00:32:12 INFO StandaloneSchedulerBackend$StandaloneDriverEndpoint: Registered executor NettyRpcEndpointRef(spark-client://Executor) (172.18.0.8:54882) with ID 1,  ResourceProfileId 0
[2024-09-13T00:32:12.431+0000] {subprocess.py:93} INFO - 24/09/13 00:32:12 INFO StandaloneSchedulerBackend$StandaloneDriverEndpoint: Registered executor NettyRpcEndpointRef(spark-client://Executor) (172.18.0.7:45804) with ID 0,  ResourceProfileId 0
[2024-09-13T00:32:12.467+0000] {subprocess.py:93} INFO - 24/09/13 00:32:12 INFO BlockManagerMasterEndpoint: Registering block manager 172.18.0.7:40893 with 1458.4 MiB RAM, BlockManagerId(0, 172.18.0.7, 40893, None)
[2024-09-13T00:32:12.469+0000] {subprocess.py:93} INFO - 24/09/13 00:32:12 INFO BlockManagerMasterEndpoint: Registering block manager 172.18.0.8:38449 with 1458.4 MiB RAM, BlockManagerId(1, 172.18.0.8, 38449, None)
[2024-09-13T00:32:12.929+0000] {subprocess.py:93} INFO - Traceback (most recent call last):
[2024-09-13T00:32:12.929+0000] {subprocess.py:93} INFO -   File "/opt/***/jobs/analyze_data.py", line 48, in <module>
[2024-09-13T00:32:12.929+0000] {subprocess.py:93} INFO -     save_analysis_result(top_gainers, "data/top_gainers.csv")
[2024-09-13T00:32:12.929+0000] {subprocess.py:93} INFO -   File "/opt/***/jobs/analyze_data.py", line 41, in save_analysis_result
[2024-09-13T00:32:12.930+0000] {subprocess.py:93} INFO -     df.coalesce(1).write.mode("overwrite").csv(file_path, header=True)
[2024-09-13T00:32:12.930+0000] {subprocess.py:93} INFO -   File "/home/***/.local/lib/python3.11/site-packages/pyspark/python/lib/pyspark.zip/pyspark/sql/readwriter.py", line 1864, in csv
[2024-09-13T00:32:12.930+0000] {subprocess.py:93} INFO -   File "/home/***/.local/lib/python3.11/site-packages/pyspark/python/lib/py4j-0.10.9.7-src.zip/py4j/java_gateway.py", line 1322, in __call__
[2024-09-13T00:32:12.931+0000] {subprocess.py:93} INFO -   File "/home/***/.local/lib/python3.11/site-packages/pyspark/python/lib/pyspark.zip/pyspark/errors/exceptions/captured.py", line 185, in deco
[2024-09-13T00:32:12.933+0000] {subprocess.py:93} INFO - pyspark.errors.exceptions.captured.AnalysisException: [UNSUPPORTED_DATA_TYPE_FOR_DATASOURCE] The CSV datasource doesn't support the column `_metadata` of the type "MAP<STRING, STRING>".
[2024-09-13T00:32:12.954+0000] {subprocess.py:93} INFO - 24/09/13 00:32:12 INFO SparkContext: Invoking stop() from shutdown hook
[2024-09-13T00:32:12.954+0000] {subprocess.py:93} INFO - 24/09/13 00:32:12 INFO SparkContext: SparkContext is stopping with exitCode 0.
[2024-09-13T00:32:12.959+0000] {subprocess.py:93} INFO - 24/09/13 00:32:12 INFO SparkUI: Stopped Spark web UI at http://27ef58cc88fc:4040
[2024-09-13T00:32:12.960+0000] {subprocess.py:93} INFO - 24/09/13 00:32:12 INFO StandaloneSchedulerBackend: Shutting down all executors
[2024-09-13T00:32:12.961+0000] {subprocess.py:93} INFO - 24/09/13 00:32:12 INFO StandaloneSchedulerBackend$StandaloneDriverEndpoint: Asking each executor to shut down
[2024-09-13T00:32:12.974+0000] {subprocess.py:93} INFO - 24/09/13 00:32:12 INFO MapOutputTrackerMasterEndpoint: MapOutputTrackerMasterEndpoint stopped!
[2024-09-13T00:32:12.982+0000] {subprocess.py:93} INFO - 24/09/13 00:32:12 INFO MemoryStore: MemoryStore cleared
[2024-09-13T00:32:12.982+0000] {subprocess.py:93} INFO - 24/09/13 00:32:12 INFO BlockManager: BlockManager stopped
[2024-09-13T00:32:12.985+0000] {subprocess.py:93} INFO - 24/09/13 00:32:12 INFO BlockManagerMaster: BlockManagerMaster stopped
[2024-09-13T00:32:12.986+0000] {subprocess.py:93} INFO - 24/09/13 00:32:12 INFO OutputCommitCoordinator$OutputCommitCoordinatorEndpoint: OutputCommitCoordinator stopped!
[2024-09-13T00:32:12.991+0000] {subprocess.py:93} INFO - 24/09/13 00:32:12 INFO SparkContext: Successfully stopped SparkContext
[2024-09-13T00:32:12.991+0000] {subprocess.py:93} INFO - 24/09/13 00:32:12 INFO ShutdownHookManager: Shutdown hook called
[2024-09-13T00:32:12.991+0000] {subprocess.py:93} INFO - 24/09/13 00:32:12 INFO ShutdownHookManager: Deleting directory /tmp/spark-cc9b1d78-e3d1-4d08-9ebf-27b60fcf2aba/pyspark-190356f9-10ca-42af-84b2-8be749f69867
[2024-09-13T00:32:12.993+0000] {subprocess.py:93} INFO - 24/09/13 00:32:12 INFO ShutdownHookManager: Deleting directory /tmp/spark-b08ece3f-cbeb-4f5f-aa8a-75b2bfb5a704
[2024-09-13T00:32:12.994+0000] {subprocess.py:93} INFO - 24/09/13 00:32:12 INFO ShutdownHookManager: Deleting directory /tmp/spark-cc9b1d78-e3d1-4d08-9ebf-27b60fcf2aba
[2024-09-13T00:32:13.013+0000] {subprocess.py:97} INFO - Command exited with return code 1
[2024-09-13T00:32:13.021+0000] {taskinstance.py:1935} ERROR - Task failed with exception
Traceback (most recent call last):
  File "/home/airflow/.local/lib/python3.11/site-packages/airflow/operators/bash.py", line 210, in execute
    raise AirflowException(
airflow.exceptions.AirflowException: Bash command failed. The command returned a non-zero exit code 1.
[2024-09-13T00:32:13.023+0000] {taskinstance.py:1398} INFO - Marking task as FAILED. dag_id=data_pipeline_api, task_id=analyze_data, execution_date=20240912T003000, start_date=20240913T003208, end_date=20240913T003213
[2024-09-13T00:32:13.031+0000] {standard_task_runner.py:104} ERROR - Failed to execute job 106 for task analyze_data (Bash command failed. The command returned a non-zero exit code 1.; 73516)
[2024-09-13T00:32:13.043+0000] {local_task_job_runner.py:228} INFO - Task exited with return code 1
[2024-09-13T00:32:13.056+0000] {taskinstance.py:2776} INFO - 0 downstream tasks scheduled from follow-on schedule check
