[2024-08-10T00:30:01.979+0000] {taskinstance.py:1157} INFO - Dependencies all met for dep_context=non-requeueable deps ti=<TaskInstance: data_pipeline_api.analyze_data scheduled__2024-08-09T00:30:00+00:00 [queued]>
[2024-08-10T00:30:01.984+0000] {taskinstance.py:1157} INFO - Dependencies all met for dep_context=requeueable deps ti=<TaskInstance: data_pipeline_api.analyze_data scheduled__2024-08-09T00:30:00+00:00 [queued]>
[2024-08-10T00:30:01.985+0000] {taskinstance.py:1359} INFO - Starting attempt 1 of 2
[2024-08-10T00:30:01.991+0000] {taskinstance.py:1380} INFO - Executing <Task(BashOperator): analyze_data> on 2024-08-09 00:30:00+00:00
[2024-08-10T00:30:01.994+0000] {standard_task_runner.py:57} INFO - Started process 14333 to run task
[2024-08-10T00:30:01.996+0000] {standard_task_runner.py:84} INFO - Running: ['***', 'tasks', 'run', 'data_pipeline_api', 'analyze_data', 'scheduled__2024-08-09T00:30:00+00:00', '--job-id', '24', '--raw', '--subdir', 'DAGS_FOLDER/spark-jobs.py', '--cfg-path', '/tmp/tmp3sfz36zn']
[2024-08-10T00:30:01.998+0000] {standard_task_runner.py:85} INFO - Job 24: Subtask analyze_data
[2024-08-10T00:30:02.035+0000] {task_command.py:415} INFO - Running <TaskInstance: data_pipeline_api.analyze_data scheduled__2024-08-09T00:30:00+00:00 [running]> on host 27ef58cc88fc
[2024-08-10T00:30:02.071+0000] {taskinstance.py:1660} INFO - Exporting env vars: AIRFLOW_CTX_DAG_OWNER='***' AIRFLOW_CTX_DAG_ID='data_pipeline_api' AIRFLOW_CTX_TASK_ID='analyze_data' AIRFLOW_CTX_EXECUTION_DATE='2024-08-09T00:30:00+00:00' AIRFLOW_CTX_TRY_NUMBER='1' AIRFLOW_CTX_DAG_RUN_ID='scheduled__2024-08-09T00:30:00+00:00'
[2024-08-10T00:30:02.073+0000] {subprocess.py:63} INFO - Tmp dir root location: /tmp
[2024-08-10T00:30:02.074+0000] {subprocess.py:75} INFO - Running command: ['/bin/bash', '-c', 'bash /opt/***/jobs/spark-submit.sh /opt/***/jobs/analyze_data.py ']
[2024-08-10T00:30:02.082+0000] {subprocess.py:86} INFO - Output:
[2024-08-10T00:30:02.093+0000] {subprocess.py:93} INFO - /opt/***/jobs/analyze_data.py
[2024-08-10T00:30:02.174+0000] {subprocess.py:93} INFO - /home/***/.local/lib/python3.11/site-packages/pyspark/bin/load-spark-env.sh: line 68: ps: command not found
[2024-08-10T00:30:03.896+0000] {subprocess.py:93} INFO - 24/08/10 00:30:03 WARN NativeCodeLoader: Unable to load native-hadoop library for your platform... using builtin-java classes where applicable
[2024-08-10T00:30:04.707+0000] {subprocess.py:93} INFO - 24/08/10 00:30:04 INFO SparkContext: Running Spark version 3.5.1
[2024-08-10T00:30:04.707+0000] {subprocess.py:93} INFO - 24/08/10 00:30:04 INFO SparkContext: OS info Linux, 6.6.32-linuxkit, aarch64
[2024-08-10T00:30:04.707+0000] {subprocess.py:93} INFO - 24/08/10 00:30:04 INFO SparkContext: Java version 11.0.23
[2024-08-10T00:30:04.725+0000] {subprocess.py:93} INFO - 24/08/10 00:30:04 INFO ResourceUtils: ==============================================================
[2024-08-10T00:30:04.726+0000] {subprocess.py:93} INFO - 24/08/10 00:30:04 INFO ResourceUtils: No custom resources configured for spark.driver.
[2024-08-10T00:30:04.729+0000] {subprocess.py:93} INFO - 24/08/10 00:30:04 INFO ResourceUtils: ==============================================================
[2024-08-10T00:30:04.730+0000] {subprocess.py:93} INFO - 24/08/10 00:30:04 INFO SparkContext: Submitted application: FinanceDataAnalysis
[2024-08-10T00:30:04.743+0000] {subprocess.py:93} INFO - 24/08/10 00:30:04 INFO ResourceProfile: Default ResourceProfile created, executor resources: Map(cores -> name: cores, amount: 1, script: , vendor: , memory -> name: memory, amount: 1024, script: , vendor: , offHeap -> name: offHeap, amount: 1024, script: , vendor: ), task resources: Map(cpus -> name: cpus, amount: 1.0)
[2024-08-10T00:30:04.758+0000] {subprocess.py:93} INFO - 24/08/10 00:30:04 INFO ResourceProfile: Limiting resource is cpus at 1 tasks per executor
[2024-08-10T00:30:04.761+0000] {subprocess.py:93} INFO - 24/08/10 00:30:04 INFO ResourceProfileManager: Added ResourceProfile id: 0
[2024-08-10T00:30:04.838+0000] {subprocess.py:93} INFO - 24/08/10 00:30:04 INFO SecurityManager: Changing view acls to: ***
[2024-08-10T00:30:04.838+0000] {subprocess.py:93} INFO - 24/08/10 00:30:04 INFO SecurityManager: Changing modify acls to: ***
[2024-08-10T00:30:04.838+0000] {subprocess.py:93} INFO - 24/08/10 00:30:04 INFO SecurityManager: Changing view acls groups to:
[2024-08-10T00:30:04.838+0000] {subprocess.py:93} INFO - 24/08/10 00:30:04 INFO SecurityManager: Changing modify acls groups to:
[2024-08-10T00:30:04.838+0000] {subprocess.py:93} INFO - 24/08/10 00:30:04 INFO SecurityManager: SecurityManager: authentication disabled; ui acls disabled; users with view permissions: ***; groups with view permissions: EMPTY; users with modify permissions: ***; groups with modify permissions: EMPTY
[2024-08-10T00:30:05.025+0000] {subprocess.py:93} INFO - 24/08/10 00:30:05 INFO Utils: Successfully started service 'sparkDriver' on port 32879.
[2024-08-10T00:30:05.051+0000] {subprocess.py:93} INFO - 24/08/10 00:30:05 INFO SparkEnv: Registering MapOutputTracker
[2024-08-10T00:30:05.079+0000] {subprocess.py:93} INFO - 24/08/10 00:30:05 INFO SparkEnv: Registering BlockManagerMaster
[2024-08-10T00:30:05.095+0000] {subprocess.py:93} INFO - 24/08/10 00:30:05 INFO BlockManagerMasterEndpoint: Using org.apache.spark.storage.DefaultTopologyMapper for getting topology information
[2024-08-10T00:30:05.096+0000] {subprocess.py:93} INFO - 24/08/10 00:30:05 INFO BlockManagerMasterEndpoint: BlockManagerMasterEndpoint up
[2024-08-10T00:30:05.098+0000] {subprocess.py:93} INFO - 24/08/10 00:30:05 INFO SparkEnv: Registering BlockManagerMasterHeartbeat
[2024-08-10T00:30:05.117+0000] {subprocess.py:93} INFO - 24/08/10 00:30:05 INFO DiskBlockManager: Created local directory at /tmp/blockmgr-9292c764-f4e3-474a-adc2-d25112562583
[2024-08-10T00:30:05.125+0000] {subprocess.py:93} INFO - 24/08/10 00:30:05 INFO MemoryStore: MemoryStore started with capacity 1458.4 MiB
[2024-08-10T00:30:05.143+0000] {subprocess.py:93} INFO - 24/08/10 00:30:05 INFO SparkEnv: Registering OutputCommitCoordinator
[2024-08-10T00:30:05.280+0000] {subprocess.py:93} INFO - 24/08/10 00:30:05 INFO JettyUtils: Start Jetty 0.0.0.0:4040 for SparkUI
[2024-08-10T00:30:05.348+0000] {subprocess.py:93} INFO - 24/08/10 00:30:05 INFO Utils: Successfully started service 'SparkUI' on port 4040.
[2024-08-10T00:30:05.383+0000] {subprocess.py:93} INFO - 24/08/10 00:30:05 INFO SparkContext: Added JAR file:///opt/bitnami/spark/resources/elasticsearch-spark-30_2.12-8.4.3.jar at spark://27ef58cc88fc:32879/jars/elasticsearch-spark-30_2.12-8.4.3.jar with timestamp 1723249804701
[2024-08-10T00:30:05.486+0000] {subprocess.py:93} INFO - 24/08/10 00:30:05 INFO StandaloneAppClient$ClientEndpoint: Connecting to master spark://spark-master:7077...
[2024-08-10T00:30:05.534+0000] {subprocess.py:93} INFO - 24/08/10 00:30:05 INFO TransportClientFactory: Successfully created connection to spark-master/172.18.0.4:7077 after 26 ms (0 ms spent in bootstraps)
[2024-08-10T00:30:05.617+0000] {subprocess.py:93} INFO - 24/08/10 00:30:05 INFO StandaloneSchedulerBackend: Connected to Spark cluster with app ID app-20240810003005-0018
[2024-08-10T00:30:05.621+0000] {subprocess.py:93} INFO - 24/08/10 00:30:05 INFO StandaloneAppClient$ClientEndpoint: Executor added: app-20240810003005-0018/0 on worker-20240809124721-172.18.0.6-35359 (172.18.0.6:35359) with 1 core(s)
[2024-08-10T00:30:05.621+0000] {subprocess.py:93} INFO - 24/08/10 00:30:05 INFO StandaloneSchedulerBackend: Granted executor ID app-20240810003005-0018/0 on hostPort 172.18.0.6:35359 with 1 core(s), 1024.0 MiB RAM
[2024-08-10T00:30:05.622+0000] {subprocess.py:93} INFO - 24/08/10 00:30:05 INFO StandaloneAppClient$ClientEndpoint: Executor added: app-20240810003005-0018/1 on worker-20240809124721-172.18.0.7-36933 (172.18.0.7:36933) with 1 core(s)
[2024-08-10T00:30:05.622+0000] {subprocess.py:93} INFO - 24/08/10 00:30:05 INFO StandaloneSchedulerBackend: Granted executor ID app-20240810003005-0018/1 on hostPort 172.18.0.7:36933 with 1 core(s), 1024.0 MiB RAM
[2024-08-10T00:30:05.626+0000] {subprocess.py:93} INFO - 24/08/10 00:30:05 INFO Utils: Successfully started service 'org.apache.spark.network.netty.NettyBlockTransferService' on port 36227.
[2024-08-10T00:30:05.627+0000] {subprocess.py:93} INFO - 24/08/10 00:30:05 INFO NettyBlockTransferService: Server created on 27ef58cc88fc:36227
[2024-08-10T00:30:05.629+0000] {subprocess.py:93} INFO - 24/08/10 00:30:05 INFO BlockManager: Using org.apache.spark.storage.RandomBlockReplicationPolicy for block replication policy
[2024-08-10T00:30:05.636+0000] {subprocess.py:93} INFO - 24/08/10 00:30:05 INFO BlockManagerMaster: Registering BlockManager BlockManagerId(driver, 27ef58cc88fc, 36227, None)
[2024-08-10T00:30:05.639+0000] {subprocess.py:93} INFO - 24/08/10 00:30:05 INFO BlockManagerMasterEndpoint: Registering block manager 27ef58cc88fc:36227 with 1458.4 MiB RAM, BlockManagerId(driver, 27ef58cc88fc, 36227, None)
[2024-08-10T00:30:05.642+0000] {subprocess.py:93} INFO - 24/08/10 00:30:05 INFO BlockManagerMaster: Registered BlockManager BlockManagerId(driver, 27ef58cc88fc, 36227, None)
[2024-08-10T00:30:05.643+0000] {subprocess.py:93} INFO - 24/08/10 00:30:05 INFO BlockManager: Initialized BlockManager: BlockManagerId(driver, 27ef58cc88fc, 36227, None)
[2024-08-10T00:30:05.848+0000] {subprocess.py:93} INFO - 24/08/10 00:30:05 INFO StandaloneAppClient$ClientEndpoint: Executor updated: app-20240810003005-0018/0 is now RUNNING
[2024-08-10T00:30:05.849+0000] {subprocess.py:93} INFO - 24/08/10 00:30:05 INFO StandaloneAppClient$ClientEndpoint: Executor updated: app-20240810003005-0018/1 is now RUNNING
[2024-08-10T00:30:06.173+0000] {subprocess.py:93} INFO - 24/08/10 00:30:06 INFO StandaloneSchedulerBackend: SchedulerBackend is ready for scheduling beginning after reached minRegisteredResourcesRatio: 0.0
[2024-08-10T00:30:06.481+0000] {subprocess.py:93} INFO - 24/08/10 00:30:06 INFO SharedState: Setting hive.metastore.warehouse.dir ('null') to the value of spark.sql.warehouse.dir.
[2024-08-10T00:30:06.486+0000] {subprocess.py:93} INFO - 24/08/10 00:30:06 INFO SharedState: Warehouse path is 'file:/tmp/***tmpwklkn_gu/spark-warehouse'.
[2024-08-10T00:30:07.528+0000] {subprocess.py:93} INFO - 24/08/10 00:30:07 INFO Version: Elasticsearch Hadoop v8.4.3 [a7873eb469]
[2024-08-10T00:30:08.709+0000] {subprocess.py:93} INFO - 24/08/10 00:30:08 INFO StandaloneSchedulerBackend$StandaloneDriverEndpoint: Registered executor NettyRpcEndpointRef(spark-client://Executor) (172.18.0.6:58372) with ID 0,  ResourceProfileId 0
[2024-08-10T00:30:08.718+0000] {subprocess.py:93} INFO - 24/08/10 00:30:08 INFO StandaloneSchedulerBackend$StandaloneDriverEndpoint: Registered executor NettyRpcEndpointRef(spark-client://Executor) (172.18.0.7:33626) with ID 1,  ResourceProfileId 0
[2024-08-10T00:30:08.780+0000] {subprocess.py:93} INFO - 24/08/10 00:30:08 INFO BlockManagerMasterEndpoint: Registering block manager 172.18.0.6:34435 with 1458.4 MiB RAM, BlockManagerId(0, 172.18.0.6, 34435, None)
[2024-08-10T00:30:08.781+0000] {subprocess.py:93} INFO - 24/08/10 00:30:08 INFO BlockManagerMasterEndpoint: Registering block manager 172.18.0.7:41485 with 1458.4 MiB RAM, BlockManagerId(1, 172.18.0.7, 41485, None)
[2024-08-10T00:30:09.283+0000] {subprocess.py:93} INFO - Traceback (most recent call last):
[2024-08-10T00:30:09.283+0000] {subprocess.py:93} INFO -   File "/opt/***/jobs/analyze_data.py", line 48, in <module>
[2024-08-10T00:30:09.284+0000] {subprocess.py:93} INFO -     save_analysis_result(top_gainers, "data/top_gainers.csv")
[2024-08-10T00:30:09.287+0000] {subprocess.py:93} INFO -   File "/opt/***/jobs/analyze_data.py", line 41, in save_analysis_result
[2024-08-10T00:30:09.288+0000] {subprocess.py:93} INFO -     df.coalesce(1).write.mode("overwrite").csv(file_path, header=True)
[2024-08-10T00:30:09.288+0000] {subprocess.py:93} INFO -   File "/home/***/.local/lib/python3.11/site-packages/pyspark/python/lib/pyspark.zip/pyspark/sql/readwriter.py", line 1864, in csv
[2024-08-10T00:30:09.288+0000] {subprocess.py:93} INFO -   File "/home/***/.local/lib/python3.11/site-packages/pyspark/python/lib/py4j-0.10.9.7-src.zip/py4j/java_gateway.py", line 1322, in __call__
[2024-08-10T00:30:09.288+0000] {subprocess.py:93} INFO -   File "/home/***/.local/lib/python3.11/site-packages/pyspark/python/lib/pyspark.zip/pyspark/errors/exceptions/captured.py", line 185, in deco
[2024-08-10T00:30:09.294+0000] {subprocess.py:93} INFO - pyspark.errors.exceptions.captured.AnalysisException: [UNSUPPORTED_DATA_TYPE_FOR_DATASOURCE] The CSV datasource doesn't support the column `_metadata` of the type "MAP<STRING, STRING>".
[2024-08-10T00:30:09.351+0000] {subprocess.py:93} INFO - 24/08/10 00:30:09 INFO SparkContext: Invoking stop() from shutdown hook
[2024-08-10T00:30:09.351+0000] {subprocess.py:93} INFO - 24/08/10 00:30:09 INFO SparkContext: SparkContext is stopping with exitCode 0.
[2024-08-10T00:30:09.359+0000] {subprocess.py:93} INFO - 24/08/10 00:30:09 INFO SparkUI: Stopped Spark web UI at http://27ef58cc88fc:4040
[2024-08-10T00:30:09.363+0000] {subprocess.py:93} INFO - 24/08/10 00:30:09 INFO StandaloneSchedulerBackend: Shutting down all executors
[2024-08-10T00:30:09.363+0000] {subprocess.py:93} INFO - 24/08/10 00:30:09 INFO StandaloneSchedulerBackend$StandaloneDriverEndpoint: Asking each executor to shut down
[2024-08-10T00:30:09.385+0000] {subprocess.py:93} INFO - 24/08/10 00:30:09 INFO MapOutputTrackerMasterEndpoint: MapOutputTrackerMasterEndpoint stopped!
[2024-08-10T00:30:09.421+0000] {subprocess.py:93} INFO - 24/08/10 00:30:09 INFO MemoryStore: MemoryStore cleared
[2024-08-10T00:30:09.421+0000] {subprocess.py:93} INFO - 24/08/10 00:30:09 INFO BlockManager: BlockManager stopped
[2024-08-10T00:30:09.431+0000] {subprocess.py:93} INFO - 24/08/10 00:30:09 INFO BlockManagerMaster: BlockManagerMaster stopped
[2024-08-10T00:30:09.435+0000] {subprocess.py:93} INFO - 24/08/10 00:30:09 INFO OutputCommitCoordinator$OutputCommitCoordinatorEndpoint: OutputCommitCoordinator stopped!
[2024-08-10T00:30:09.446+0000] {subprocess.py:93} INFO - 24/08/10 00:30:09 INFO SparkContext: Successfully stopped SparkContext
[2024-08-10T00:30:09.449+0000] {subprocess.py:93} INFO - 24/08/10 00:30:09 INFO ShutdownHookManager: Shutdown hook called
[2024-08-10T00:30:09.450+0000] {subprocess.py:93} INFO - 24/08/10 00:30:09 INFO ShutdownHookManager: Deleting directory /tmp/spark-161a5b58-91d7-45f5-a0a6-8ba6bbb15ac0
[2024-08-10T00:30:09.451+0000] {subprocess.py:93} INFO - 24/08/10 00:30:09 INFO ShutdownHookManager: Deleting directory /tmp/spark-60a659f7-8255-44d5-910e-56f7140eba52/pyspark-60a0aaed-7f96-4d73-8f99-a50dad44d9bc
[2024-08-10T00:30:09.457+0000] {subprocess.py:93} INFO - 24/08/10 00:30:09 INFO ShutdownHookManager: Deleting directory /tmp/spark-60a659f7-8255-44d5-910e-56f7140eba52
[2024-08-10T00:30:09.502+0000] {subprocess.py:97} INFO - Command exited with return code 1
[2024-08-10T00:30:09.522+0000] {taskinstance.py:1935} ERROR - Task failed with exception
Traceback (most recent call last):
  File "/home/airflow/.local/lib/python3.11/site-packages/airflow/operators/bash.py", line 210, in execute
    raise AirflowException(
airflow.exceptions.AirflowException: Bash command failed. The command returned a non-zero exit code 1.
[2024-08-10T00:30:09.538+0000] {taskinstance.py:1398} INFO - Marking task as UP_FOR_RETRY. dag_id=data_pipeline_api, task_id=analyze_data, execution_date=20240809T003000, start_date=20240810T003001, end_date=20240810T003009
[2024-08-10T00:30:09.565+0000] {standard_task_runner.py:104} ERROR - Failed to execute job 24 for task analyze_data (Bash command failed. The command returned a non-zero exit code 1.; 14333)
[2024-08-10T00:30:09.571+0000] {local_task_job_runner.py:228} INFO - Task exited with return code 1
[2024-08-10T00:30:09.600+0000] {taskinstance.py:2776} INFO - 0 downstream tasks scheduled from follow-on schedule check
