[2024-08-10T00:32:10.690+0000] {taskinstance.py:1157} INFO - Dependencies all met for dep_context=non-requeueable deps ti=<TaskInstance: data_pipeline_api.analyze_data scheduled__2024-08-09T00:30:00+00:00 [queued]>
[2024-08-10T00:32:10.693+0000] {taskinstance.py:1157} INFO - Dependencies all met for dep_context=requeueable deps ti=<TaskInstance: data_pipeline_api.analyze_data scheduled__2024-08-09T00:30:00+00:00 [queued]>
[2024-08-10T00:32:10.693+0000] {taskinstance.py:1359} INFO - Starting attempt 2 of 2
[2024-08-10T00:32:10.697+0000] {taskinstance.py:1380} INFO - Executing <Task(BashOperator): analyze_data> on 2024-08-09 00:30:00+00:00
[2024-08-10T00:32:10.699+0000] {standard_task_runner.py:57} INFO - Started process 14971 to run task
[2024-08-10T00:32:10.705+0000] {standard_task_runner.py:84} INFO - Running: ['***', 'tasks', 'run', 'data_pipeline_api', 'analyze_data', 'scheduled__2024-08-09T00:30:00+00:00', '--job-id', '26', '--raw', '--subdir', 'DAGS_FOLDER/spark-jobs.py', '--cfg-path', '/tmp/tmp420i2j87']
[2024-08-10T00:32:10.708+0000] {standard_task_runner.py:85} INFO - Job 26: Subtask analyze_data
[2024-08-10T00:32:10.739+0000] {task_command.py:415} INFO - Running <TaskInstance: data_pipeline_api.analyze_data scheduled__2024-08-09T00:30:00+00:00 [running]> on host 27ef58cc88fc
[2024-08-10T00:32:10.769+0000] {taskinstance.py:1660} INFO - Exporting env vars: AIRFLOW_CTX_DAG_OWNER='***' AIRFLOW_CTX_DAG_ID='data_pipeline_api' AIRFLOW_CTX_TASK_ID='analyze_data' AIRFLOW_CTX_EXECUTION_DATE='2024-08-09T00:30:00+00:00' AIRFLOW_CTX_TRY_NUMBER='2' AIRFLOW_CTX_DAG_RUN_ID='scheduled__2024-08-09T00:30:00+00:00'
[2024-08-10T00:32:10.770+0000] {subprocess.py:63} INFO - Tmp dir root location: /tmp
[2024-08-10T00:32:10.770+0000] {subprocess.py:75} INFO - Running command: ['/bin/bash', '-c', 'bash /opt/***/jobs/spark-submit.sh /opt/***/jobs/analyze_data.py ']
[2024-08-10T00:32:10.773+0000] {subprocess.py:86} INFO - Output:
[2024-08-10T00:32:10.776+0000] {subprocess.py:93} INFO - /opt/***/jobs/analyze_data.py
[2024-08-10T00:32:10.816+0000] {subprocess.py:93} INFO - /home/***/.local/lib/python3.11/site-packages/pyspark/bin/load-spark-env.sh: line 68: ps: command not found
[2024-08-10T00:32:11.708+0000] {subprocess.py:93} INFO - 24/08/10 00:32:11 WARN NativeCodeLoader: Unable to load native-hadoop library for your platform... using builtin-java classes where applicable
[2024-08-10T00:32:12.242+0000] {subprocess.py:93} INFO - 24/08/10 00:32:12 INFO SparkContext: Running Spark version 3.5.1
[2024-08-10T00:32:12.246+0000] {subprocess.py:93} INFO - 24/08/10 00:32:12 INFO SparkContext: OS info Linux, 6.6.32-linuxkit, aarch64
[2024-08-10T00:32:12.246+0000] {subprocess.py:93} INFO - 24/08/10 00:32:12 INFO SparkContext: Java version 11.0.23
[2024-08-10T00:32:12.256+0000] {subprocess.py:93} INFO - 24/08/10 00:32:12 INFO ResourceUtils: ==============================================================
[2024-08-10T00:32:12.260+0000] {subprocess.py:93} INFO - 24/08/10 00:32:12 INFO ResourceUtils: No custom resources configured for spark.driver.
[2024-08-10T00:32:12.260+0000] {subprocess.py:93} INFO - 24/08/10 00:32:12 INFO ResourceUtils: ==============================================================
[2024-08-10T00:32:12.261+0000] {subprocess.py:93} INFO - 24/08/10 00:32:12 INFO SparkContext: Submitted application: FinanceDataAnalysis
[2024-08-10T00:32:12.264+0000] {subprocess.py:93} INFO - 24/08/10 00:32:12 INFO ResourceProfile: Default ResourceProfile created, executor resources: Map(cores -> name: cores, amount: 1, script: , vendor: , memory -> name: memory, amount: 1024, script: , vendor: , offHeap -> name: offHeap, amount: 1024, script: , vendor: ), task resources: Map(cpus -> name: cpus, amount: 1.0)
[2024-08-10T00:32:12.269+0000] {subprocess.py:93} INFO - 24/08/10 00:32:12 INFO ResourceProfile: Limiting resource is cpus at 1 tasks per executor
[2024-08-10T00:32:12.270+0000] {subprocess.py:93} INFO - 24/08/10 00:32:12 INFO ResourceProfileManager: Added ResourceProfile id: 0
[2024-08-10T00:32:12.301+0000] {subprocess.py:93} INFO - 24/08/10 00:32:12 INFO SecurityManager: Changing view acls to: ***
[2024-08-10T00:32:12.302+0000] {subprocess.py:93} INFO - 24/08/10 00:32:12 INFO SecurityManager: Changing modify acls to: ***
[2024-08-10T00:32:12.302+0000] {subprocess.py:93} INFO - 24/08/10 00:32:12 INFO SecurityManager: Changing view acls groups to:
[2024-08-10T00:32:12.302+0000] {subprocess.py:93} INFO - 24/08/10 00:32:12 INFO SecurityManager: Changing modify acls groups to:
[2024-08-10T00:32:12.302+0000] {subprocess.py:93} INFO - 24/08/10 00:32:12 INFO SecurityManager: SecurityManager: authentication disabled; ui acls disabled; users with view permissions: ***; groups with view permissions: EMPTY; users with modify permissions: ***; groups with modify permissions: EMPTY
[2024-08-10T00:32:12.402+0000] {subprocess.py:93} INFO - 24/08/10 00:32:12 INFO Utils: Successfully started service 'sparkDriver' on port 37437.
[2024-08-10T00:32:12.421+0000] {subprocess.py:93} INFO - 24/08/10 00:32:12 INFO SparkEnv: Registering MapOutputTracker
[2024-08-10T00:32:12.441+0000] {subprocess.py:93} INFO - 24/08/10 00:32:12 INFO SparkEnv: Registering BlockManagerMaster
[2024-08-10T00:32:12.449+0000] {subprocess.py:93} INFO - 24/08/10 00:32:12 INFO BlockManagerMasterEndpoint: Using org.apache.spark.storage.DefaultTopologyMapper for getting topology information
[2024-08-10T00:32:12.449+0000] {subprocess.py:93} INFO - 24/08/10 00:32:12 INFO BlockManagerMasterEndpoint: BlockManagerMasterEndpoint up
[2024-08-10T00:32:12.451+0000] {subprocess.py:93} INFO - 24/08/10 00:32:12 INFO SparkEnv: Registering BlockManagerMasterHeartbeat
[2024-08-10T00:32:12.459+0000] {subprocess.py:93} INFO - 24/08/10 00:32:12 INFO DiskBlockManager: Created local directory at /tmp/blockmgr-6bf00589-d2b6-4bfd-91fa-ccbbd1dea09e
[2024-08-10T00:32:12.464+0000] {subprocess.py:93} INFO - 24/08/10 00:32:12 INFO MemoryStore: MemoryStore started with capacity 1458.4 MiB
[2024-08-10T00:32:12.470+0000] {subprocess.py:93} INFO - 24/08/10 00:32:12 INFO SparkEnv: Registering OutputCommitCoordinator
[2024-08-10T00:32:12.520+0000] {subprocess.py:93} INFO - 24/08/10 00:32:12 INFO JettyUtils: Start Jetty 0.0.0.0:4040 for SparkUI
[2024-08-10T00:32:12.547+0000] {subprocess.py:93} INFO - 24/08/10 00:32:12 INFO Utils: Successfully started service 'SparkUI' on port 4040.
[2024-08-10T00:32:12.562+0000] {subprocess.py:93} INFO - 24/08/10 00:32:12 INFO SparkContext: Added JAR file:///opt/bitnami/spark/resources/elasticsearch-spark-30_2.12-8.4.3.jar at spark://27ef58cc88fc:37437/jars/elasticsearch-spark-30_2.12-8.4.3.jar with timestamp 1723249932238
[2024-08-10T00:32:12.593+0000] {subprocess.py:93} INFO - 24/08/10 00:32:12 INFO StandaloneAppClient$ClientEndpoint: Connecting to master spark://spark-master:7077...
[2024-08-10T00:32:12.621+0000] {subprocess.py:93} INFO - 24/08/10 00:32:12 INFO TransportClientFactory: Successfully created connection to spark-master/172.18.0.4:7077 after 13 ms (0 ms spent in bootstraps)
[2024-08-10T00:32:12.676+0000] {subprocess.py:93} INFO - 24/08/10 00:32:12 INFO StandaloneSchedulerBackend: Connected to Spark cluster with app ID app-20240810003212-0020
[2024-08-10T00:32:12.678+0000] {subprocess.py:93} INFO - 24/08/10 00:32:12 INFO StandaloneAppClient$ClientEndpoint: Executor added: app-20240810003212-0020/0 on worker-20240809124721-172.18.0.6-35359 (172.18.0.6:35359) with 1 core(s)
[2024-08-10T00:32:12.679+0000] {subprocess.py:93} INFO - 24/08/10 00:32:12 INFO StandaloneSchedulerBackend: Granted executor ID app-20240810003212-0020/0 on hostPort 172.18.0.6:35359 with 1 core(s), 1024.0 MiB RAM
[2024-08-10T00:32:12.680+0000] {subprocess.py:93} INFO - 24/08/10 00:32:12 INFO StandaloneAppClient$ClientEndpoint: Executor added: app-20240810003212-0020/1 on worker-20240809124721-172.18.0.7-36933 (172.18.0.7:36933) with 1 core(s)
[2024-08-10T00:32:12.681+0000] {subprocess.py:93} INFO - 24/08/10 00:32:12 INFO StandaloneSchedulerBackend: Granted executor ID app-20240810003212-0020/1 on hostPort 172.18.0.7:36933 with 1 core(s), 1024.0 MiB RAM
[2024-08-10T00:32:12.684+0000] {subprocess.py:93} INFO - 24/08/10 00:32:12 INFO Utils: Successfully started service 'org.apache.spark.network.netty.NettyBlockTransferService' on port 42459.
[2024-08-10T00:32:12.684+0000] {subprocess.py:93} INFO - 24/08/10 00:32:12 INFO NettyBlockTransferService: Server created on 27ef58cc88fc:42459
[2024-08-10T00:32:12.686+0000] {subprocess.py:93} INFO - 24/08/10 00:32:12 INFO BlockManager: Using org.apache.spark.storage.RandomBlockReplicationPolicy for block replication policy
[2024-08-10T00:32:12.690+0000] {subprocess.py:93} INFO - 24/08/10 00:32:12 INFO BlockManagerMaster: Registering BlockManager BlockManagerId(driver, 27ef58cc88fc, 42459, None)
[2024-08-10T00:32:12.692+0000] {subprocess.py:93} INFO - 24/08/10 00:32:12 INFO BlockManagerMasterEndpoint: Registering block manager 27ef58cc88fc:42459 with 1458.4 MiB RAM, BlockManagerId(driver, 27ef58cc88fc, 42459, None)
[2024-08-10T00:32:12.693+0000] {subprocess.py:93} INFO - 24/08/10 00:32:12 INFO BlockManagerMaster: Registered BlockManager BlockManagerId(driver, 27ef58cc88fc, 42459, None)
[2024-08-10T00:32:12.694+0000] {subprocess.py:93} INFO - 24/08/10 00:32:12 INFO BlockManager: Initialized BlockManager: BlockManagerId(driver, 27ef58cc88fc, 42459, None)
[2024-08-10T00:32:12.721+0000] {subprocess.py:93} INFO - 24/08/10 00:32:12 INFO StandaloneAppClient$ClientEndpoint: Executor updated: app-20240810003212-0020/1 is now RUNNING
[2024-08-10T00:32:12.725+0000] {subprocess.py:93} INFO - 24/08/10 00:32:12 INFO StandaloneAppClient$ClientEndpoint: Executor updated: app-20240810003212-0020/0 is now RUNNING
[2024-08-10T00:32:12.824+0000] {subprocess.py:93} INFO - 24/08/10 00:32:12 INFO StandaloneSchedulerBackend: SchedulerBackend is ready for scheduling beginning after reached minRegisteredResourcesRatio: 0.0
[2024-08-10T00:32:12.959+0000] {subprocess.py:93} INFO - 24/08/10 00:32:12 INFO SharedState: Setting hive.metastore.warehouse.dir ('null') to the value of spark.sql.warehouse.dir.
[2024-08-10T00:32:12.961+0000] {subprocess.py:93} INFO - 24/08/10 00:32:12 INFO SharedState: Warehouse path is 'file:/tmp/***tmpyqsu62kh/spark-warehouse'.
[2024-08-10T00:32:13.468+0000] {subprocess.py:93} INFO - 24/08/10 00:32:13 INFO Version: Elasticsearch Hadoop v8.4.3 [a7873eb469]
[2024-08-10T00:32:14.233+0000] {subprocess.py:93} INFO - 24/08/10 00:32:14 INFO StandaloneSchedulerBackend$StandaloneDriverEndpoint: Registered executor NettyRpcEndpointRef(spark-client://Executor) (172.18.0.6:52776) with ID 0,  ResourceProfileId 0
[2024-08-10T00:32:14.239+0000] {subprocess.py:93} INFO - 24/08/10 00:32:14 INFO StandaloneSchedulerBackend$StandaloneDriverEndpoint: Registered executor NettyRpcEndpointRef(spark-client://Executor) (172.18.0.7:47362) with ID 1,  ResourceProfileId 0
[2024-08-10T00:32:14.285+0000] {subprocess.py:93} INFO - 24/08/10 00:32:14 INFO BlockManagerMasterEndpoint: Registering block manager 172.18.0.6:45367 with 1458.4 MiB RAM, BlockManagerId(0, 172.18.0.6, 45367, None)
[2024-08-10T00:32:14.286+0000] {subprocess.py:93} INFO - 24/08/10 00:32:14 INFO BlockManagerMasterEndpoint: Registering block manager 172.18.0.7:36513 with 1458.4 MiB RAM, BlockManagerId(1, 172.18.0.7, 36513, None)
[2024-08-10T00:32:14.663+0000] {subprocess.py:93} INFO - Traceback (most recent call last):
[2024-08-10T00:32:14.663+0000] {subprocess.py:93} INFO -   File "/opt/***/jobs/analyze_data.py", line 48, in <module>
[2024-08-10T00:32:14.663+0000] {subprocess.py:93} INFO -     save_analysis_result(top_gainers, "data/top_gainers.csv")
[2024-08-10T00:32:14.664+0000] {subprocess.py:93} INFO -   File "/opt/***/jobs/analyze_data.py", line 41, in save_analysis_result
[2024-08-10T00:32:14.664+0000] {subprocess.py:93} INFO -     df.coalesce(1).write.mode("overwrite").csv(file_path, header=True)
[2024-08-10T00:32:14.664+0000] {subprocess.py:93} INFO -   File "/home/***/.local/lib/python3.11/site-packages/pyspark/python/lib/pyspark.zip/pyspark/sql/readwriter.py", line 1864, in csv
[2024-08-10T00:32:14.664+0000] {subprocess.py:93} INFO -   File "/home/***/.local/lib/python3.11/site-packages/pyspark/python/lib/py4j-0.10.9.7-src.zip/py4j/java_gateway.py", line 1322, in __call__
[2024-08-10T00:32:14.664+0000] {subprocess.py:93} INFO -   File "/home/***/.local/lib/python3.11/site-packages/pyspark/python/lib/pyspark.zip/pyspark/errors/exceptions/captured.py", line 185, in deco
[2024-08-10T00:32:14.667+0000] {subprocess.py:93} INFO - pyspark.errors.exceptions.captured.AnalysisException: [UNSUPPORTED_DATA_TYPE_FOR_DATASOURCE] The CSV datasource doesn't support the column `_metadata` of the type "MAP<STRING, STRING>".
[2024-08-10T00:32:14.687+0000] {subprocess.py:93} INFO - 24/08/10 00:32:14 INFO SparkContext: Invoking stop() from shutdown hook
[2024-08-10T00:32:14.688+0000] {subprocess.py:93} INFO - 24/08/10 00:32:14 INFO SparkContext: SparkContext is stopping with exitCode 0.
[2024-08-10T00:32:14.692+0000] {subprocess.py:93} INFO - 24/08/10 00:32:14 INFO SparkUI: Stopped Spark web UI at http://27ef58cc88fc:4040
[2024-08-10T00:32:14.694+0000] {subprocess.py:93} INFO - 24/08/10 00:32:14 INFO StandaloneSchedulerBackend: Shutting down all executors
[2024-08-10T00:32:14.694+0000] {subprocess.py:93} INFO - 24/08/10 00:32:14 INFO StandaloneSchedulerBackend$StandaloneDriverEndpoint: Asking each executor to shut down
[2024-08-10T00:32:14.707+0000] {subprocess.py:93} INFO - 24/08/10 00:32:14 INFO MapOutputTrackerMasterEndpoint: MapOutputTrackerMasterEndpoint stopped!
[2024-08-10T00:32:14.716+0000] {subprocess.py:93} INFO - 24/08/10 00:32:14 INFO MemoryStore: MemoryStore cleared
[2024-08-10T00:32:14.716+0000] {subprocess.py:93} INFO - 24/08/10 00:32:14 INFO BlockManager: BlockManager stopped
[2024-08-10T00:32:14.718+0000] {subprocess.py:93} INFO - 24/08/10 00:32:14 INFO BlockManagerMaster: BlockManagerMaster stopped
[2024-08-10T00:32:14.720+0000] {subprocess.py:93} INFO - 24/08/10 00:32:14 INFO OutputCommitCoordinator$OutputCommitCoordinatorEndpoint: OutputCommitCoordinator stopped!
[2024-08-10T00:32:14.727+0000] {subprocess.py:93} INFO - 24/08/10 00:32:14 INFO SparkContext: Successfully stopped SparkContext
[2024-08-10T00:32:14.727+0000] {subprocess.py:93} INFO - 24/08/10 00:32:14 INFO ShutdownHookManager: Shutdown hook called
[2024-08-10T00:32:14.728+0000] {subprocess.py:93} INFO - 24/08/10 00:32:14 INFO ShutdownHookManager: Deleting directory /tmp/spark-12afea66-8fd9-4074-85f7-68ff98092fb7/pyspark-4e2b67f2-07f3-4889-a21b-fba99df42a43
[2024-08-10T00:32:14.729+0000] {subprocess.py:93} INFO - 24/08/10 00:32:14 INFO ShutdownHookManager: Deleting directory /tmp/spark-12afea66-8fd9-4074-85f7-68ff98092fb7
[2024-08-10T00:32:14.731+0000] {subprocess.py:93} INFO - 24/08/10 00:32:14 INFO ShutdownHookManager: Deleting directory /tmp/spark-13aa87be-e0cd-49ab-b01b-acec16c38e8f
[2024-08-10T00:32:14.750+0000] {subprocess.py:97} INFO - Command exited with return code 1
[2024-08-10T00:32:14.757+0000] {taskinstance.py:1935} ERROR - Task failed with exception
Traceback (most recent call last):
  File "/home/airflow/.local/lib/python3.11/site-packages/airflow/operators/bash.py", line 210, in execute
    raise AirflowException(
airflow.exceptions.AirflowException: Bash command failed. The command returned a non-zero exit code 1.
[2024-08-10T00:32:14.760+0000] {taskinstance.py:1398} INFO - Marking task as FAILED. dag_id=data_pipeline_api, task_id=analyze_data, execution_date=20240809T003000, start_date=20240810T003210, end_date=20240810T003214
[2024-08-10T00:32:14.775+0000] {standard_task_runner.py:104} ERROR - Failed to execute job 26 for task analyze_data (Bash command failed. The command returned a non-zero exit code 1.; 14971)
[2024-08-10T00:32:14.810+0000] {local_task_job_runner.py:228} INFO - Task exited with return code 1
[2024-08-10T00:32:14.820+0000] {taskinstance.py:2776} INFO - 0 downstream tasks scheduled from follow-on schedule check
