[2024-08-12T00:30:07.189+0000] {taskinstance.py:1157} INFO - Dependencies all met for dep_context=non-requeueable deps ti=<TaskInstance: data_pipeline_api.analyze_data scheduled__2024-08-11T00:30:00+00:00 [queued]>
[2024-08-12T00:30:07.198+0000] {taskinstance.py:1157} INFO - Dependencies all met for dep_context=requeueable deps ti=<TaskInstance: data_pipeline_api.analyze_data scheduled__2024-08-11T00:30:00+00:00 [queued]>
[2024-08-12T00:30:07.199+0000] {taskinstance.py:1359} INFO - Starting attempt 1 of 2
[2024-08-12T00:30:07.215+0000] {taskinstance.py:1380} INFO - Executing <Task(BashOperator): analyze_data> on 2024-08-11 00:30:00+00:00
[2024-08-12T00:30:07.222+0000] {standard_task_runner.py:57} INFO - Started process 33200 to run task
[2024-08-12T00:30:07.227+0000] {standard_task_runner.py:84} INFO - Running: ['***', 'tasks', 'run', 'data_pipeline_api', 'analyze_data', 'scheduled__2024-08-11T00:30:00+00:00', '--job-id', '34', '--raw', '--subdir', 'DAGS_FOLDER/spark-jobs.py', '--cfg-path', '/tmp/tmp4snrlzih']
[2024-08-12T00:30:07.230+0000] {standard_task_runner.py:85} INFO - Job 34: Subtask analyze_data
[2024-08-12T00:30:07.283+0000] {task_command.py:415} INFO - Running <TaskInstance: data_pipeline_api.analyze_data scheduled__2024-08-11T00:30:00+00:00 [running]> on host 27ef58cc88fc
[2024-08-12T00:30:07.369+0000] {taskinstance.py:1660} INFO - Exporting env vars: AIRFLOW_CTX_DAG_OWNER='***' AIRFLOW_CTX_DAG_ID='data_pipeline_api' AIRFLOW_CTX_TASK_ID='analyze_data' AIRFLOW_CTX_EXECUTION_DATE='2024-08-11T00:30:00+00:00' AIRFLOW_CTX_TRY_NUMBER='1' AIRFLOW_CTX_DAG_RUN_ID='scheduled__2024-08-11T00:30:00+00:00'
[2024-08-12T00:30:07.371+0000] {subprocess.py:63} INFO - Tmp dir root location: /tmp
[2024-08-12T00:30:07.371+0000] {subprocess.py:75} INFO - Running command: ['/bin/bash', '-c', 'bash /opt/***/jobs/spark-submit.sh /opt/***/jobs/analyze_data.py ']
[2024-08-12T00:30:07.378+0000] {subprocess.py:86} INFO - Output:
[2024-08-12T00:30:07.383+0000] {subprocess.py:93} INFO - /opt/***/jobs/analyze_data.py
[2024-08-12T00:30:07.430+0000] {subprocess.py:93} INFO - /home/***/.local/lib/python3.11/site-packages/pyspark/bin/load-spark-env.sh: line 68: ps: command not found
[2024-08-12T00:30:08.541+0000] {subprocess.py:93} INFO - 24/08/12 00:30:08 WARN NativeCodeLoader: Unable to load native-hadoop library for your platform... using builtin-java classes where applicable
[2024-08-12T00:30:09.189+0000] {subprocess.py:93} INFO - 24/08/12 00:30:09 INFO SparkContext: Running Spark version 3.5.1
[2024-08-12T00:30:09.192+0000] {subprocess.py:93} INFO - 24/08/12 00:30:09 INFO SparkContext: OS info Linux, 6.6.32-linuxkit, aarch64
[2024-08-12T00:30:09.192+0000] {subprocess.py:93} INFO - 24/08/12 00:30:09 INFO SparkContext: Java version 11.0.23
[2024-08-12T00:30:09.203+0000] {subprocess.py:93} INFO - 24/08/12 00:30:09 INFO ResourceUtils: ==============================================================
[2024-08-12T00:30:09.205+0000] {subprocess.py:93} INFO - 24/08/12 00:30:09 INFO ResourceUtils: No custom resources configured for spark.driver.
[2024-08-12T00:30:09.205+0000] {subprocess.py:93} INFO - 24/08/12 00:30:09 INFO ResourceUtils: ==============================================================
[2024-08-12T00:30:09.205+0000] {subprocess.py:93} INFO - 24/08/12 00:30:09 INFO SparkContext: Submitted application: FinanceDataAnalysis
[2024-08-12T00:30:09.215+0000] {subprocess.py:93} INFO - 24/08/12 00:30:09 INFO ResourceProfile: Default ResourceProfile created, executor resources: Map(cores -> name: cores, amount: 1, script: , vendor: , memory -> name: memory, amount: 1024, script: , vendor: , offHeap -> name: offHeap, amount: 1024, script: , vendor: ), task resources: Map(cpus -> name: cpus, amount: 1.0)
[2024-08-12T00:30:09.221+0000] {subprocess.py:93} INFO - 24/08/12 00:30:09 INFO ResourceProfile: Limiting resource is cpus at 1 tasks per executor
[2024-08-12T00:30:09.222+0000] {subprocess.py:93} INFO - 24/08/12 00:30:09 INFO ResourceProfileManager: Added ResourceProfile id: 0
[2024-08-12T00:30:09.261+0000] {subprocess.py:93} INFO - 24/08/12 00:30:09 INFO SecurityManager: Changing view acls to: ***
[2024-08-12T00:30:09.263+0000] {subprocess.py:93} INFO - 24/08/12 00:30:09 INFO SecurityManager: Changing modify acls to: ***
[2024-08-12T00:30:09.264+0000] {subprocess.py:93} INFO - 24/08/12 00:30:09 INFO SecurityManager: Changing view acls groups to:
[2024-08-12T00:30:09.265+0000] {subprocess.py:93} INFO - 24/08/12 00:30:09 INFO SecurityManager: Changing modify acls groups to:
[2024-08-12T00:30:09.269+0000] {subprocess.py:93} INFO - 24/08/12 00:30:09 INFO SecurityManager: SecurityManager: authentication disabled; ui acls disabled; users with view permissions: ***; groups with view permissions: EMPTY; users with modify permissions: ***; groups with modify permissions: EMPTY
[2024-08-12T00:30:09.390+0000] {subprocess.py:93} INFO - 24/08/12 00:30:09 INFO Utils: Successfully started service 'sparkDriver' on port 42707.
[2024-08-12T00:30:09.407+0000] {subprocess.py:93} INFO - 24/08/12 00:30:09 INFO SparkEnv: Registering MapOutputTracker
[2024-08-12T00:30:09.429+0000] {subprocess.py:93} INFO - 24/08/12 00:30:09 INFO SparkEnv: Registering BlockManagerMaster
[2024-08-12T00:30:09.439+0000] {subprocess.py:93} INFO - 24/08/12 00:30:09 INFO BlockManagerMasterEndpoint: Using org.apache.spark.storage.DefaultTopologyMapper for getting topology information
[2024-08-12T00:30:09.439+0000] {subprocess.py:93} INFO - 24/08/12 00:30:09 INFO BlockManagerMasterEndpoint: BlockManagerMasterEndpoint up
[2024-08-12T00:30:09.441+0000] {subprocess.py:93} INFO - 24/08/12 00:30:09 INFO SparkEnv: Registering BlockManagerMasterHeartbeat
[2024-08-12T00:30:09.455+0000] {subprocess.py:93} INFO - 24/08/12 00:30:09 INFO DiskBlockManager: Created local directory at /tmp/blockmgr-68cf1364-2316-4f25-ada6-78c1b56ec32d
[2024-08-12T00:30:09.462+0000] {subprocess.py:93} INFO - 24/08/12 00:30:09 INFO MemoryStore: MemoryStore started with capacity 1458.4 MiB
[2024-08-12T00:30:09.469+0000] {subprocess.py:93} INFO - 24/08/12 00:30:09 INFO SparkEnv: Registering OutputCommitCoordinator
[2024-08-12T00:30:09.530+0000] {subprocess.py:93} INFO - 24/08/12 00:30:09 INFO JettyUtils: Start Jetty 0.0.0.0:4040 for SparkUI
[2024-08-12T00:30:09.557+0000] {subprocess.py:93} INFO - 24/08/12 00:30:09 INFO Utils: Successfully started service 'SparkUI' on port 4040.
[2024-08-12T00:30:09.575+0000] {subprocess.py:93} INFO - 24/08/12 00:30:09 INFO SparkContext: Added JAR file:///opt/bitnami/spark/resources/elasticsearch-spark-30_2.12-8.4.3.jar at spark://27ef58cc88fc:42707/jars/elasticsearch-spark-30_2.12-8.4.3.jar with timestamp 1723422609183
[2024-08-12T00:30:09.619+0000] {subprocess.py:93} INFO - 24/08/12 00:30:09 INFO StandaloneAppClient$ClientEndpoint: Connecting to master spark://spark-master:7077...
[2024-08-12T00:30:09.649+0000] {subprocess.py:93} INFO - 24/08/12 00:30:09 INFO TransportClientFactory: Successfully created connection to spark-master/172.18.0.4:7077 after 15 ms (0 ms spent in bootstraps)
[2024-08-12T00:30:09.707+0000] {subprocess.py:93} INFO - 24/08/12 00:30:09 INFO StandaloneSchedulerBackend: Connected to Spark cluster with app ID app-20240812003009-0024
[2024-08-12T00:30:09.709+0000] {subprocess.py:93} INFO - 24/08/12 00:30:09 INFO StandaloneAppClient$ClientEndpoint: Executor added: app-20240812003009-0024/0 on worker-20240809124721-172.18.0.6-35359 (172.18.0.6:35359) with 1 core(s)
[2024-08-12T00:30:09.711+0000] {subprocess.py:93} INFO - 24/08/12 00:30:09 INFO StandaloneSchedulerBackend: Granted executor ID app-20240812003009-0024/0 on hostPort 172.18.0.6:35359 with 1 core(s), 1024.0 MiB RAM
[2024-08-12T00:30:09.711+0000] {subprocess.py:93} INFO - 24/08/12 00:30:09 INFO StandaloneAppClient$ClientEndpoint: Executor added: app-20240812003009-0024/1 on worker-20240809124721-172.18.0.7-36933 (172.18.0.7:36933) with 1 core(s)
[2024-08-12T00:30:09.712+0000] {subprocess.py:93} INFO - 24/08/12 00:30:09 INFO StandaloneSchedulerBackend: Granted executor ID app-20240812003009-0024/1 on hostPort 172.18.0.7:36933 with 1 core(s), 1024.0 MiB RAM
[2024-08-12T00:30:09.715+0000] {subprocess.py:93} INFO - 24/08/12 00:30:09 INFO Utils: Successfully started service 'org.apache.spark.network.netty.NettyBlockTransferService' on port 42277.
[2024-08-12T00:30:09.718+0000] {subprocess.py:93} INFO - 24/08/12 00:30:09 INFO NettyBlockTransferService: Server created on 27ef58cc88fc:42277
[2024-08-12T00:30:09.719+0000] {subprocess.py:93} INFO - 24/08/12 00:30:09 INFO BlockManager: Using org.apache.spark.storage.RandomBlockReplicationPolicy for block replication policy
[2024-08-12T00:30:09.722+0000] {subprocess.py:93} INFO - 24/08/12 00:30:09 INFO BlockManagerMaster: Registering BlockManager BlockManagerId(driver, 27ef58cc88fc, 42277, None)
[2024-08-12T00:30:09.726+0000] {subprocess.py:93} INFO - 24/08/12 00:30:09 INFO BlockManagerMasterEndpoint: Registering block manager 27ef58cc88fc:42277 with 1458.4 MiB RAM, BlockManagerId(driver, 27ef58cc88fc, 42277, None)
[2024-08-12T00:30:09.728+0000] {subprocess.py:93} INFO - 24/08/12 00:30:09 INFO BlockManagerMaster: Registered BlockManager BlockManagerId(driver, 27ef58cc88fc, 42277, None)
[2024-08-12T00:30:09.731+0000] {subprocess.py:93} INFO - 24/08/12 00:30:09 INFO BlockManager: Initialized BlockManager: BlockManagerId(driver, 27ef58cc88fc, 42277, None)
[2024-08-12T00:30:09.760+0000] {subprocess.py:93} INFO - 24/08/12 00:30:09 INFO StandaloneAppClient$ClientEndpoint: Executor updated: app-20240812003009-0024/1 is now RUNNING
[2024-08-12T00:30:09.761+0000] {subprocess.py:93} INFO - 24/08/12 00:30:09 INFO StandaloneAppClient$ClientEndpoint: Executor updated: app-20240812003009-0024/0 is now RUNNING
[2024-08-12T00:30:09.877+0000] {subprocess.py:93} INFO - 24/08/12 00:30:09 INFO StandaloneSchedulerBackend: SchedulerBackend is ready for scheduling beginning after reached minRegisteredResourcesRatio: 0.0
[2024-08-12T00:30:10.019+0000] {subprocess.py:93} INFO - 24/08/12 00:30:10 INFO SharedState: Setting hive.metastore.warehouse.dir ('null') to the value of spark.sql.warehouse.dir.
[2024-08-12T00:30:10.021+0000] {subprocess.py:93} INFO - 24/08/12 00:30:10 INFO SharedState: Warehouse path is 'file:/tmp/***tmpbhvgxqzq/spark-warehouse'.
[2024-08-12T00:30:10.587+0000] {subprocess.py:93} INFO - 24/08/12 00:30:10 INFO Version: Elasticsearch Hadoop v8.4.3 [a7873eb469]
[2024-08-12T00:30:11.515+0000] {subprocess.py:93} INFO - 24/08/12 00:30:11 INFO StandaloneSchedulerBackend$StandaloneDriverEndpoint: Registered executor NettyRpcEndpointRef(spark-client://Executor) (172.18.0.7:60270) with ID 1,  ResourceProfileId 0
[2024-08-12T00:30:11.563+0000] {subprocess.py:93} INFO - 24/08/12 00:30:11 INFO StandaloneSchedulerBackend$StandaloneDriverEndpoint: Registered executor NettyRpcEndpointRef(spark-client://Executor) (172.18.0.6:56392) with ID 0,  ResourceProfileId 0
[2024-08-12T00:30:11.587+0000] {subprocess.py:93} INFO - 24/08/12 00:30:11 INFO BlockManagerMasterEndpoint: Registering block manager 172.18.0.7:43583 with 1458.4 MiB RAM, BlockManagerId(1, 172.18.0.7, 43583, None)
[2024-08-12T00:30:11.627+0000] {subprocess.py:93} INFO - 24/08/12 00:30:11 INFO BlockManagerMasterEndpoint: Registering block manager 172.18.0.6:45055 with 1458.4 MiB RAM, BlockManagerId(0, 172.18.0.6, 45055, None)
[2024-08-12T00:30:12.040+0000] {subprocess.py:93} INFO - Traceback (most recent call last):
[2024-08-12T00:30:12.040+0000] {subprocess.py:93} INFO -   File "/opt/***/jobs/analyze_data.py", line 48, in <module>
[2024-08-12T00:30:12.040+0000] {subprocess.py:93} INFO -     save_analysis_result(top_gainers, "data/top_gainers.csv")
[2024-08-12T00:30:12.041+0000] {subprocess.py:93} INFO -   File "/opt/***/jobs/analyze_data.py", line 41, in save_analysis_result
[2024-08-12T00:30:12.041+0000] {subprocess.py:93} INFO -     df.coalesce(1).write.mode("overwrite").csv(file_path, header=True)
[2024-08-12T00:30:12.041+0000] {subprocess.py:93} INFO -   File "/home/***/.local/lib/python3.11/site-packages/pyspark/python/lib/pyspark.zip/pyspark/sql/readwriter.py", line 1864, in csv
[2024-08-12T00:30:12.042+0000] {subprocess.py:93} INFO -   File "/home/***/.local/lib/python3.11/site-packages/pyspark/python/lib/py4j-0.10.9.7-src.zip/py4j/java_gateway.py", line 1322, in __call__
[2024-08-12T00:30:12.042+0000] {subprocess.py:93} INFO -   File "/home/***/.local/lib/python3.11/site-packages/pyspark/python/lib/pyspark.zip/pyspark/errors/exceptions/captured.py", line 185, in deco
[2024-08-12T00:30:12.044+0000] {subprocess.py:93} INFO - pyspark.errors.exceptions.captured.AnalysisException: [UNSUPPORTED_DATA_TYPE_FOR_DATASOURCE] The CSV datasource doesn't support the column `_metadata` of the type "MAP<STRING, STRING>".
[2024-08-12T00:30:12.067+0000] {subprocess.py:93} INFO - 24/08/12 00:30:12 INFO SparkContext: Invoking stop() from shutdown hook
[2024-08-12T00:30:12.067+0000] {subprocess.py:93} INFO - 24/08/12 00:30:12 INFO SparkContext: SparkContext is stopping with exitCode 0.
[2024-08-12T00:30:12.072+0000] {subprocess.py:93} INFO - 24/08/12 00:30:12 INFO SparkUI: Stopped Spark web UI at http://27ef58cc88fc:4040
[2024-08-12T00:30:12.074+0000] {subprocess.py:93} INFO - 24/08/12 00:30:12 INFO StandaloneSchedulerBackend: Shutting down all executors
[2024-08-12T00:30:12.074+0000] {subprocess.py:93} INFO - 24/08/12 00:30:12 INFO StandaloneSchedulerBackend$StandaloneDriverEndpoint: Asking each executor to shut down
[2024-08-12T00:30:12.094+0000] {subprocess.py:93} INFO - 24/08/12 00:30:12 INFO MapOutputTrackerMasterEndpoint: MapOutputTrackerMasterEndpoint stopped!
[2024-08-12T00:30:12.105+0000] {subprocess.py:93} INFO - 24/08/12 00:30:12 INFO MemoryStore: MemoryStore cleared
[2024-08-12T00:30:12.107+0000] {subprocess.py:93} INFO - 24/08/12 00:30:12 INFO BlockManager: BlockManager stopped
[2024-08-12T00:30:12.114+0000] {subprocess.py:93} INFO - 24/08/12 00:30:12 INFO BlockManagerMaster: BlockManagerMaster stopped
[2024-08-12T00:30:12.117+0000] {subprocess.py:93} INFO - 24/08/12 00:30:12 INFO OutputCommitCoordinator$OutputCommitCoordinatorEndpoint: OutputCommitCoordinator stopped!
[2024-08-12T00:30:12.137+0000] {subprocess.py:93} INFO - 24/08/12 00:30:12 INFO SparkContext: Successfully stopped SparkContext
[2024-08-12T00:30:12.140+0000] {subprocess.py:93} INFO - 24/08/12 00:30:12 INFO ShutdownHookManager: Shutdown hook called
[2024-08-12T00:30:12.141+0000] {subprocess.py:93} INFO - 24/08/12 00:30:12 INFO ShutdownHookManager: Deleting directory /tmp/spark-024d575b-61fc-4e07-a4f4-684ce2fa1fd5/pyspark-21be5706-b6e4-463d-80d9-c4045f2a7274
[2024-08-12T00:30:12.168+0000] {subprocess.py:93} INFO - 24/08/12 00:30:12 INFO ShutdownHookManager: Deleting directory /tmp/spark-e38c3b96-0a6a-4483-b3be-69d2c0c1a2ae
[2024-08-12T00:30:12.180+0000] {subprocess.py:93} INFO - 24/08/12 00:30:12 INFO ShutdownHookManager: Deleting directory /tmp/spark-024d575b-61fc-4e07-a4f4-684ce2fa1fd5
[2024-08-12T00:30:12.231+0000] {subprocess.py:97} INFO - Command exited with return code 1
[2024-08-12T00:30:12.246+0000] {taskinstance.py:1935} ERROR - Task failed with exception
Traceback (most recent call last):
  File "/home/airflow/.local/lib/python3.11/site-packages/airflow/operators/bash.py", line 210, in execute
    raise AirflowException(
airflow.exceptions.AirflowException: Bash command failed. The command returned a non-zero exit code 1.
[2024-08-12T00:30:12.252+0000] {taskinstance.py:1398} INFO - Marking task as UP_FOR_RETRY. dag_id=data_pipeline_api, task_id=analyze_data, execution_date=20240811T003000, start_date=20240812T003007, end_date=20240812T003012
[2024-08-12T00:30:12.275+0000] {standard_task_runner.py:104} ERROR - Failed to execute job 34 for task analyze_data (Bash command failed. The command returned a non-zero exit code 1.; 33200)
[2024-08-12T00:30:12.282+0000] {local_task_job_runner.py:228} INFO - Task exited with return code 1
[2024-08-12T00:30:12.298+0000] {taskinstance.py:2776} INFO - 0 downstream tasks scheduled from follow-on schedule check
