[2024-08-12T00:57:21.963+0000] {taskinstance.py:1157} INFO - Dependencies all met for dep_context=non-requeueable deps ti=<TaskInstance: data_pipeline_api.analyze_data scheduled__2024-08-11T00:30:00+00:00 [queued]>
[2024-08-12T00:57:21.966+0000] {taskinstance.py:1157} INFO - Dependencies all met for dep_context=requeueable deps ti=<TaskInstance: data_pipeline_api.analyze_data scheduled__2024-08-11T00:30:00+00:00 [queued]>
[2024-08-12T00:57:21.966+0000] {taskinstance.py:1359} INFO - Starting attempt 2 of 2
[2024-08-12T00:57:21.972+0000] {taskinstance.py:1380} INFO - Executing <Task(BashOperator): analyze_data> on 2024-08-11 00:30:00+00:00
[2024-08-12T00:57:21.974+0000] {standard_task_runner.py:57} INFO - Started process 33807 to run task
[2024-08-12T00:57:21.976+0000] {standard_task_runner.py:84} INFO - Running: ['***', 'tasks', 'run', 'data_pipeline_api', 'analyze_data', 'scheduled__2024-08-11T00:30:00+00:00', '--job-id', '35', '--raw', '--subdir', 'DAGS_FOLDER/spark-jobs.py', '--cfg-path', '/tmp/tmp9hms9uuj']
[2024-08-12T00:57:21.978+0000] {standard_task_runner.py:85} INFO - Job 35: Subtask analyze_data
[2024-08-12T00:57:21.998+0000] {task_command.py:415} INFO - Running <TaskInstance: data_pipeline_api.analyze_data scheduled__2024-08-11T00:30:00+00:00 [running]> on host 27ef58cc88fc
[2024-08-12T00:57:22.030+0000] {taskinstance.py:1660} INFO - Exporting env vars: AIRFLOW_CTX_DAG_OWNER='***' AIRFLOW_CTX_DAG_ID='data_pipeline_api' AIRFLOW_CTX_TASK_ID='analyze_data' AIRFLOW_CTX_EXECUTION_DATE='2024-08-11T00:30:00+00:00' AIRFLOW_CTX_TRY_NUMBER='2' AIRFLOW_CTX_DAG_RUN_ID='scheduled__2024-08-11T00:30:00+00:00'
[2024-08-12T00:57:22.033+0000] {subprocess.py:63} INFO - Tmp dir root location: /tmp
[2024-08-12T00:57:22.040+0000] {subprocess.py:75} INFO - Running command: ['/bin/bash', '-c', 'bash /opt/***/jobs/spark-submit.sh /opt/***/jobs/analyze_data.py ']
[2024-08-12T00:57:22.044+0000] {subprocess.py:86} INFO - Output:
[2024-08-12T00:57:22.046+0000] {subprocess.py:93} INFO - /opt/***/jobs/analyze_data.py
[2024-08-12T00:57:22.087+0000] {subprocess.py:93} INFO - /home/***/.local/lib/python3.11/site-packages/pyspark/bin/load-spark-env.sh: line 68: ps: command not found
[2024-08-12T00:57:23.076+0000] {subprocess.py:93} INFO - 24/08/12 00:57:23 WARN NativeCodeLoader: Unable to load native-hadoop library for your platform... using builtin-java classes where applicable
[2024-08-12T00:57:23.647+0000] {subprocess.py:93} INFO - 24/08/12 00:57:23 INFO SparkContext: Running Spark version 3.5.1
[2024-08-12T00:57:23.652+0000] {subprocess.py:93} INFO - 24/08/12 00:57:23 INFO SparkContext: OS info Linux, 6.6.32-linuxkit, aarch64
[2024-08-12T00:57:23.652+0000] {subprocess.py:93} INFO - 24/08/12 00:57:23 INFO SparkContext: Java version 11.0.23
[2024-08-12T00:57:23.660+0000] {subprocess.py:93} INFO - 24/08/12 00:57:23 INFO ResourceUtils: ==============================================================
[2024-08-12T00:57:23.660+0000] {subprocess.py:93} INFO - 24/08/12 00:57:23 INFO ResourceUtils: No custom resources configured for spark.driver.
[2024-08-12T00:57:23.661+0000] {subprocess.py:93} INFO - 24/08/12 00:57:23 INFO ResourceUtils: ==============================================================
[2024-08-12T00:57:23.661+0000] {subprocess.py:93} INFO - 24/08/12 00:57:23 INFO SparkContext: Submitted application: FinanceDataAnalysis
[2024-08-12T00:57:23.669+0000] {subprocess.py:93} INFO - 24/08/12 00:57:23 INFO ResourceProfile: Default ResourceProfile created, executor resources: Map(cores -> name: cores, amount: 1, script: , vendor: , memory -> name: memory, amount: 1024, script: , vendor: , offHeap -> name: offHeap, amount: 1024, script: , vendor: ), task resources: Map(cpus -> name: cpus, amount: 1.0)
[2024-08-12T00:57:23.673+0000] {subprocess.py:93} INFO - 24/08/12 00:57:23 INFO ResourceProfile: Limiting resource is cpus at 1 tasks per executor
[2024-08-12T00:57:23.674+0000] {subprocess.py:93} INFO - 24/08/12 00:57:23 INFO ResourceProfileManager: Added ResourceProfile id: 0
[2024-08-12T00:57:23.703+0000] {subprocess.py:93} INFO - 24/08/12 00:57:23 INFO SecurityManager: Changing view acls to: ***
[2024-08-12T00:57:23.703+0000] {subprocess.py:93} INFO - 24/08/12 00:57:23 INFO SecurityManager: Changing modify acls to: ***
[2024-08-12T00:57:23.703+0000] {subprocess.py:93} INFO - 24/08/12 00:57:23 INFO SecurityManager: Changing view acls groups to:
[2024-08-12T00:57:23.703+0000] {subprocess.py:93} INFO - 24/08/12 00:57:23 INFO SecurityManager: Changing modify acls groups to:
[2024-08-12T00:57:23.705+0000] {subprocess.py:93} INFO - 24/08/12 00:57:23 INFO SecurityManager: SecurityManager: authentication disabled; ui acls disabled; users with view permissions: ***; groups with view permissions: EMPTY; users with modify permissions: ***; groups with modify permissions: EMPTY
[2024-08-12T00:57:23.841+0000] {subprocess.py:93} INFO - 24/08/12 00:57:23 INFO Utils: Successfully started service 'sparkDriver' on port 36825.
[2024-08-12T00:57:23.853+0000] {subprocess.py:93} INFO - 24/08/12 00:57:23 INFO SparkEnv: Registering MapOutputTracker
[2024-08-12T00:57:23.868+0000] {subprocess.py:93} INFO - 24/08/12 00:57:23 INFO SparkEnv: Registering BlockManagerMaster
[2024-08-12T00:57:23.876+0000] {subprocess.py:93} INFO - 24/08/12 00:57:23 INFO BlockManagerMasterEndpoint: Using org.apache.spark.storage.DefaultTopologyMapper for getting topology information
[2024-08-12T00:57:23.877+0000] {subprocess.py:93} INFO - 24/08/12 00:57:23 INFO BlockManagerMasterEndpoint: BlockManagerMasterEndpoint up
[2024-08-12T00:57:23.878+0000] {subprocess.py:93} INFO - 24/08/12 00:57:23 INFO SparkEnv: Registering BlockManagerMasterHeartbeat
[2024-08-12T00:57:23.888+0000] {subprocess.py:93} INFO - 24/08/12 00:57:23 INFO DiskBlockManager: Created local directory at /tmp/blockmgr-02bc52ca-3ce1-468b-bb38-092b734641cd
[2024-08-12T00:57:23.893+0000] {subprocess.py:93} INFO - 24/08/12 00:57:23 INFO MemoryStore: MemoryStore started with capacity 1458.4 MiB
[2024-08-12T00:57:23.899+0000] {subprocess.py:93} INFO - 24/08/12 00:57:23 INFO SparkEnv: Registering OutputCommitCoordinator
[2024-08-12T00:57:23.956+0000] {subprocess.py:93} INFO - 24/08/12 00:57:23 INFO JettyUtils: Start Jetty 0.0.0.0:4040 for SparkUI
[2024-08-12T00:57:23.982+0000] {subprocess.py:93} INFO - 24/08/12 00:57:23 INFO Utils: Successfully started service 'SparkUI' on port 4040.
[2024-08-12T00:57:23.997+0000] {subprocess.py:93} INFO - 24/08/12 00:57:23 INFO SparkContext: Added JAR file:///opt/bitnami/spark/resources/elasticsearch-spark-30_2.12-8.4.3.jar at spark://27ef58cc88fc:36825/jars/elasticsearch-spark-30_2.12-8.4.3.jar with timestamp 1723424243643
[2024-08-12T00:57:24.034+0000] {subprocess.py:93} INFO - 24/08/12 00:57:24 INFO StandaloneAppClient$ClientEndpoint: Connecting to master spark://spark-master:7077...
[2024-08-12T00:57:24.057+0000] {subprocess.py:93} INFO - 24/08/12 00:57:24 INFO TransportClientFactory: Successfully created connection to spark-master/172.18.0.4:7077 after 12 ms (0 ms spent in bootstraps)
[2024-08-12T00:57:24.111+0000] {subprocess.py:93} INFO - 24/08/12 00:57:24 INFO StandaloneSchedulerBackend: Connected to Spark cluster with app ID app-20240812005724-0026
[2024-08-12T00:57:24.112+0000] {subprocess.py:93} INFO - 24/08/12 00:57:24 INFO StandaloneAppClient$ClientEndpoint: Executor added: app-20240812005724-0026/0 on worker-20240809124721-172.18.0.6-35359 (172.18.0.6:35359) with 1 core(s)
[2024-08-12T00:57:24.113+0000] {subprocess.py:93} INFO - 24/08/12 00:57:24 INFO StandaloneSchedulerBackend: Granted executor ID app-20240812005724-0026/0 on hostPort 172.18.0.6:35359 with 1 core(s), 1024.0 MiB RAM
[2024-08-12T00:57:24.113+0000] {subprocess.py:93} INFO - 24/08/12 00:57:24 INFO StandaloneAppClient$ClientEndpoint: Executor added: app-20240812005724-0026/1 on worker-20240809124721-172.18.0.7-36933 (172.18.0.7:36933) with 1 core(s)
[2024-08-12T00:57:24.114+0000] {subprocess.py:93} INFO - 24/08/12 00:57:24 INFO StandaloneSchedulerBackend: Granted executor ID app-20240812005724-0026/1 on hostPort 172.18.0.7:36933 with 1 core(s), 1024.0 MiB RAM
[2024-08-12T00:57:24.125+0000] {subprocess.py:93} INFO - 24/08/12 00:57:24 INFO Utils: Successfully started service 'org.apache.spark.network.netty.NettyBlockTransferService' on port 46425.
[2024-08-12T00:57:24.126+0000] {subprocess.py:93} INFO - 24/08/12 00:57:24 INFO NettyBlockTransferService: Server created on 27ef58cc88fc:46425
[2024-08-12T00:57:24.127+0000] {subprocess.py:93} INFO - 24/08/12 00:57:24 INFO BlockManager: Using org.apache.spark.storage.RandomBlockReplicationPolicy for block replication policy
[2024-08-12T00:57:24.131+0000] {subprocess.py:93} INFO - 24/08/12 00:57:24 INFO BlockManagerMaster: Registering BlockManager BlockManagerId(driver, 27ef58cc88fc, 46425, None)
[2024-08-12T00:57:24.133+0000] {subprocess.py:93} INFO - 24/08/12 00:57:24 INFO BlockManagerMasterEndpoint: Registering block manager 27ef58cc88fc:46425 with 1458.4 MiB RAM, BlockManagerId(driver, 27ef58cc88fc, 46425, None)
[2024-08-12T00:57:24.134+0000] {subprocess.py:93} INFO - 24/08/12 00:57:24 INFO BlockManagerMaster: Registered BlockManager BlockManagerId(driver, 27ef58cc88fc, 46425, None)
[2024-08-12T00:57:24.137+0000] {subprocess.py:93} INFO - 24/08/12 00:57:24 INFO BlockManager: Initialized BlockManager: BlockManagerId(driver, 27ef58cc88fc, 46425, None)
[2024-08-12T00:57:24.159+0000] {subprocess.py:93} INFO - 24/08/12 00:57:24 INFO StandaloneAppClient$ClientEndpoint: Executor updated: app-20240812005724-0026/1 is now RUNNING
[2024-08-12T00:57:24.161+0000] {subprocess.py:93} INFO - 24/08/12 00:57:24 INFO StandaloneAppClient$ClientEndpoint: Executor updated: app-20240812005724-0026/0 is now RUNNING
[2024-08-12T00:57:24.283+0000] {subprocess.py:93} INFO - 24/08/12 00:57:24 INFO StandaloneSchedulerBackend: SchedulerBackend is ready for scheduling beginning after reached minRegisteredResourcesRatio: 0.0
[2024-08-12T00:57:24.410+0000] {subprocess.py:93} INFO - 24/08/12 00:57:24 INFO SharedState: Setting hive.metastore.warehouse.dir ('null') to the value of spark.sql.warehouse.dir.
[2024-08-12T00:57:24.412+0000] {subprocess.py:93} INFO - 24/08/12 00:57:24 INFO SharedState: Warehouse path is 'file:/tmp/***tmp4xf2sbw1/spark-warehouse'.
[2024-08-12T00:57:24.889+0000] {subprocess.py:93} INFO - 24/08/12 00:57:24 INFO Version: Elasticsearch Hadoop v8.4.3 [a7873eb469]
[2024-08-12T00:57:25.646+0000] {subprocess.py:93} INFO - 24/08/12 00:57:25 INFO StandaloneSchedulerBackend$StandaloneDriverEndpoint: Registered executor NettyRpcEndpointRef(spark-client://Executor) (172.18.0.7:55452) with ID 1,  ResourceProfileId 0
[2024-08-12T00:57:25.659+0000] {subprocess.py:93} INFO - 24/08/12 00:57:25 INFO StandaloneSchedulerBackend$StandaloneDriverEndpoint: Registered executor NettyRpcEndpointRef(spark-client://Executor) (172.18.0.6:43200) with ID 0,  ResourceProfileId 0
[2024-08-12T00:57:25.690+0000] {subprocess.py:93} INFO - 24/08/12 00:57:25 INFO BlockManagerMasterEndpoint: Registering block manager 172.18.0.7:32895 with 1458.4 MiB RAM, BlockManagerId(1, 172.18.0.7, 32895, None)
[2024-08-12T00:57:25.691+0000] {subprocess.py:93} INFO - 24/08/12 00:57:25 INFO BlockManagerMasterEndpoint: Registering block manager 172.18.0.6:44623 with 1458.4 MiB RAM, BlockManagerId(0, 172.18.0.6, 44623, None)
[2024-08-12T00:57:26.085+0000] {subprocess.py:93} INFO - Traceback (most recent call last):
[2024-08-12T00:57:26.085+0000] {subprocess.py:93} INFO -   File "/opt/***/jobs/analyze_data.py", line 48, in <module>
[2024-08-12T00:57:26.086+0000] {subprocess.py:93} INFO -     save_analysis_result(top_gainers, "data/top_gainers.csv")
[2024-08-12T00:57:26.086+0000] {subprocess.py:93} INFO -   File "/opt/***/jobs/analyze_data.py", line 41, in save_analysis_result
[2024-08-12T00:57:26.086+0000] {subprocess.py:93} INFO -     df.coalesce(1).write.mode("overwrite").csv(file_path, header=True)
[2024-08-12T00:57:26.087+0000] {subprocess.py:93} INFO -   File "/home/***/.local/lib/python3.11/site-packages/pyspark/python/lib/pyspark.zip/pyspark/sql/readwriter.py", line 1864, in csv
[2024-08-12T00:57:26.087+0000] {subprocess.py:93} INFO -   File "/home/***/.local/lib/python3.11/site-packages/pyspark/python/lib/py4j-0.10.9.7-src.zip/py4j/java_gateway.py", line 1322, in __call__
[2024-08-12T00:57:26.088+0000] {subprocess.py:93} INFO -   File "/home/***/.local/lib/python3.11/site-packages/pyspark/python/lib/pyspark.zip/pyspark/errors/exceptions/captured.py", line 185, in deco
[2024-08-12T00:57:26.089+0000] {subprocess.py:93} INFO - pyspark.errors.exceptions.captured.AnalysisException: [UNSUPPORTED_DATA_TYPE_FOR_DATASOURCE] The CSV datasource doesn't support the column `_metadata` of the type "MAP<STRING, STRING>".
[2024-08-12T00:57:26.110+0000] {subprocess.py:93} INFO - 24/08/12 00:57:26 INFO SparkContext: Invoking stop() from shutdown hook
[2024-08-12T00:57:26.112+0000] {subprocess.py:93} INFO - 24/08/12 00:57:26 INFO SparkContext: SparkContext is stopping with exitCode 0.
[2024-08-12T00:57:26.115+0000] {subprocess.py:93} INFO - 24/08/12 00:57:26 INFO SparkUI: Stopped Spark web UI at http://27ef58cc88fc:4040
[2024-08-12T00:57:26.117+0000] {subprocess.py:93} INFO - 24/08/12 00:57:26 INFO StandaloneSchedulerBackend: Shutting down all executors
[2024-08-12T00:57:26.117+0000] {subprocess.py:93} INFO - 24/08/12 00:57:26 INFO StandaloneSchedulerBackend$StandaloneDriverEndpoint: Asking each executor to shut down
[2024-08-12T00:57:26.130+0000] {subprocess.py:93} INFO - 24/08/12 00:57:26 INFO MapOutputTrackerMasterEndpoint: MapOutputTrackerMasterEndpoint stopped!
[2024-08-12T00:57:26.140+0000] {subprocess.py:93} INFO - 24/08/12 00:57:26 INFO MemoryStore: MemoryStore cleared
[2024-08-12T00:57:26.141+0000] {subprocess.py:93} INFO - 24/08/12 00:57:26 INFO BlockManager: BlockManager stopped
[2024-08-12T00:57:26.143+0000] {subprocess.py:93} INFO - 24/08/12 00:57:26 INFO BlockManagerMaster: BlockManagerMaster stopped
[2024-08-12T00:57:26.145+0000] {subprocess.py:93} INFO - 24/08/12 00:57:26 INFO OutputCommitCoordinator$OutputCommitCoordinatorEndpoint: OutputCommitCoordinator stopped!
[2024-08-12T00:57:26.149+0000] {subprocess.py:93} INFO - 24/08/12 00:57:26 INFO SparkContext: Successfully stopped SparkContext
[2024-08-12T00:57:26.149+0000] {subprocess.py:93} INFO - 24/08/12 00:57:26 INFO ShutdownHookManager: Shutdown hook called
[2024-08-12T00:57:26.149+0000] {subprocess.py:93} INFO - 24/08/12 00:57:26 INFO ShutdownHookManager: Deleting directory /tmp/spark-68d674c6-c6d2-4277-8ae7-2c5c23fc7ae3
[2024-08-12T00:57:26.151+0000] {subprocess.py:93} INFO - 24/08/12 00:57:26 INFO ShutdownHookManager: Deleting directory /tmp/spark-68d674c6-c6d2-4277-8ae7-2c5c23fc7ae3/pyspark-f0d547e4-6cde-4584-8781-a96e0467fe03
[2024-08-12T00:57:26.152+0000] {subprocess.py:93} INFO - 24/08/12 00:57:26 INFO ShutdownHookManager: Deleting directory /tmp/spark-536898b5-499d-4775-93e0-f0ca74f251e3
[2024-08-12T00:57:26.171+0000] {subprocess.py:97} INFO - Command exited with return code 1
[2024-08-12T00:57:26.181+0000] {taskinstance.py:1935} ERROR - Task failed with exception
Traceback (most recent call last):
  File "/home/airflow/.local/lib/python3.11/site-packages/airflow/operators/bash.py", line 210, in execute
    raise AirflowException(
airflow.exceptions.AirflowException: Bash command failed. The command returned a non-zero exit code 1.
[2024-08-12T00:57:26.183+0000] {taskinstance.py:1398} INFO - Marking task as FAILED. dag_id=data_pipeline_api, task_id=analyze_data, execution_date=20240811T003000, start_date=20240812T005721, end_date=20240812T005726
[2024-08-12T00:57:26.189+0000] {standard_task_runner.py:104} ERROR - Failed to execute job 35 for task analyze_data (Bash command failed. The command returned a non-zero exit code 1.; 33807)
[2024-08-12T00:57:26.225+0000] {local_task_job_runner.py:228} INFO - Task exited with return code 1
[2024-08-12T00:57:26.237+0000] {taskinstance.py:2776} INFO - 0 downstream tasks scheduled from follow-on schedule check
