[2024-09-11T00:32:12.482+0000] {taskinstance.py:1157} INFO - Dependencies all met for dep_context=non-requeueable deps ti=<TaskInstance: data_pipeline_api.analyze_data scheduled__2024-09-10T00:30:00+00:00 [queued]>
[2024-09-11T00:32:12.485+0000] {taskinstance.py:1157} INFO - Dependencies all met for dep_context=requeueable deps ti=<TaskInstance: data_pipeline_api.analyze_data scheduled__2024-09-10T00:30:00+00:00 [queued]>
[2024-09-11T00:32:12.485+0000] {taskinstance.py:1359} INFO - Starting attempt 2 of 2
[2024-09-11T00:32:12.489+0000] {taskinstance.py:1380} INFO - Executing <Task(BashOperator): analyze_data> on 2024-09-10 00:30:00+00:00
[2024-09-11T00:32:12.492+0000] {standard_task_runner.py:57} INFO - Started process 46200 to run task
[2024-09-11T00:32:12.495+0000] {standard_task_runner.py:84} INFO - Running: ['***', 'tasks', 'run', 'data_pipeline_api', 'analyze_data', 'scheduled__2024-09-10T00:30:00+00:00', '--job-id', '98', '--raw', '--subdir', 'DAGS_FOLDER/spark-jobs.py', '--cfg-path', '/tmp/tmpvldouav7']
[2024-09-11T00:32:12.497+0000] {standard_task_runner.py:85} INFO - Job 98: Subtask analyze_data
[2024-09-11T00:32:12.522+0000] {task_command.py:415} INFO - Running <TaskInstance: data_pipeline_api.analyze_data scheduled__2024-09-10T00:30:00+00:00 [running]> on host 27ef58cc88fc
[2024-09-11T00:32:12.554+0000] {taskinstance.py:1660} INFO - Exporting env vars: AIRFLOW_CTX_DAG_OWNER='***' AIRFLOW_CTX_DAG_ID='data_pipeline_api' AIRFLOW_CTX_TASK_ID='analyze_data' AIRFLOW_CTX_EXECUTION_DATE='2024-09-10T00:30:00+00:00' AIRFLOW_CTX_TRY_NUMBER='2' AIRFLOW_CTX_DAG_RUN_ID='scheduled__2024-09-10T00:30:00+00:00'
[2024-09-11T00:32:12.556+0000] {subprocess.py:63} INFO - Tmp dir root location: /tmp
[2024-09-11T00:32:12.557+0000] {subprocess.py:75} INFO - Running command: ['/bin/bash', '-c', 'bash /opt/***/jobs/spark-submit.sh /opt/***/jobs/analyze_data.py ']
[2024-09-11T00:32:12.563+0000] {subprocess.py:86} INFO - Output:
[2024-09-11T00:32:12.567+0000] {subprocess.py:93} INFO - /opt/***/jobs/analyze_data.py
[2024-09-11T00:32:12.619+0000] {subprocess.py:93} INFO - /home/***/.local/lib/python3.11/site-packages/pyspark/bin/load-spark-env.sh: line 68: ps: command not found
[2024-09-11T00:32:13.521+0000] {subprocess.py:93} INFO - 24/09/11 00:32:13 WARN NativeCodeLoader: Unable to load native-hadoop library for your platform... using builtin-java classes where applicable
[2024-09-11T00:32:14.134+0000] {subprocess.py:93} INFO - 24/09/11 00:32:14 INFO SparkContext: Running Spark version 3.5.1
[2024-09-11T00:32:14.136+0000] {subprocess.py:93} INFO - 24/09/11 00:32:14 INFO SparkContext: OS info Linux, 6.6.32-linuxkit, aarch64
[2024-09-11T00:32:14.137+0000] {subprocess.py:93} INFO - 24/09/11 00:32:14 INFO SparkContext: Java version 11.0.23
[2024-09-11T00:32:14.155+0000] {subprocess.py:93} INFO - 24/09/11 00:32:14 INFO ResourceUtils: ==============================================================
[2024-09-11T00:32:14.156+0000] {subprocess.py:93} INFO - 24/09/11 00:32:14 INFO ResourceUtils: No custom resources configured for spark.driver.
[2024-09-11T00:32:14.156+0000] {subprocess.py:93} INFO - 24/09/11 00:32:14 INFO ResourceUtils: ==============================================================
[2024-09-11T00:32:14.156+0000] {subprocess.py:93} INFO - 24/09/11 00:32:14 INFO SparkContext: Submitted application: FinanceDataAnalysis
[2024-09-11T00:32:14.165+0000] {subprocess.py:93} INFO - 24/09/11 00:32:14 INFO ResourceProfile: Default ResourceProfile created, executor resources: Map(cores -> name: cores, amount: 1, script: , vendor: , memory -> name: memory, amount: 1024, script: , vendor: , offHeap -> name: offHeap, amount: 1024, script: , vendor: ), task resources: Map(cpus -> name: cpus, amount: 1.0)
[2024-09-11T00:32:14.170+0000] {subprocess.py:93} INFO - 24/09/11 00:32:14 INFO ResourceProfile: Limiting resource is cpus at 1 tasks per executor
[2024-09-11T00:32:14.171+0000] {subprocess.py:93} INFO - 24/09/11 00:32:14 INFO ResourceProfileManager: Added ResourceProfile id: 0
[2024-09-11T00:32:14.201+0000] {subprocess.py:93} INFO - 24/09/11 00:32:14 INFO SecurityManager: Changing view acls to: ***
[2024-09-11T00:32:14.201+0000] {subprocess.py:93} INFO - 24/09/11 00:32:14 INFO SecurityManager: Changing modify acls to: ***
[2024-09-11T00:32:14.202+0000] {subprocess.py:93} INFO - 24/09/11 00:32:14 INFO SecurityManager: Changing view acls groups to:
[2024-09-11T00:32:14.202+0000] {subprocess.py:93} INFO - 24/09/11 00:32:14 INFO SecurityManager: Changing modify acls groups to:
[2024-09-11T00:32:14.202+0000] {subprocess.py:93} INFO - 24/09/11 00:32:14 INFO SecurityManager: SecurityManager: authentication disabled; ui acls disabled; users with view permissions: ***; groups with view permissions: EMPTY; users with modify permissions: ***; groups with modify permissions: EMPTY
[2024-09-11T00:32:14.295+0000] {subprocess.py:93} INFO - 24/09/11 00:32:14 INFO Utils: Successfully started service 'sparkDriver' on port 45249.
[2024-09-11T00:32:14.309+0000] {subprocess.py:93} INFO - 24/09/11 00:32:14 INFO SparkEnv: Registering MapOutputTracker
[2024-09-11T00:32:14.327+0000] {subprocess.py:93} INFO - 24/09/11 00:32:14 INFO SparkEnv: Registering BlockManagerMaster
[2024-09-11T00:32:14.339+0000] {subprocess.py:93} INFO - 24/09/11 00:32:14 INFO BlockManagerMasterEndpoint: Using org.apache.spark.storage.DefaultTopologyMapper for getting topology information
[2024-09-11T00:32:14.339+0000] {subprocess.py:93} INFO - 24/09/11 00:32:14 INFO BlockManagerMasterEndpoint: BlockManagerMasterEndpoint up
[2024-09-11T00:32:14.341+0000] {subprocess.py:93} INFO - 24/09/11 00:32:14 INFO SparkEnv: Registering BlockManagerMasterHeartbeat
[2024-09-11T00:32:14.352+0000] {subprocess.py:93} INFO - 24/09/11 00:32:14 INFO DiskBlockManager: Created local directory at /tmp/blockmgr-2664f9be-0c4d-4553-b99d-722188047018
[2024-09-11T00:32:14.360+0000] {subprocess.py:93} INFO - 24/09/11 00:32:14 INFO MemoryStore: MemoryStore started with capacity 1458.4 MiB
[2024-09-11T00:32:14.374+0000] {subprocess.py:93} INFO - 24/09/11 00:32:14 INFO SparkEnv: Registering OutputCommitCoordinator
[2024-09-11T00:32:14.460+0000] {subprocess.py:93} INFO - 24/09/11 00:32:14 INFO JettyUtils: Start Jetty 0.0.0.0:4040 for SparkUI
[2024-09-11T00:32:14.496+0000] {subprocess.py:93} INFO - 24/09/11 00:32:14 INFO Utils: Successfully started service 'SparkUI' on port 4040.
[2024-09-11T00:32:14.514+0000] {subprocess.py:93} INFO - 24/09/11 00:32:14 INFO SparkContext: Added JAR file:///opt/bitnami/spark/resources/elasticsearch-spark-30_2.12-8.4.3.jar at spark://27ef58cc88fc:45249/jars/elasticsearch-spark-30_2.12-8.4.3.jar with timestamp 1726014734129
[2024-09-11T00:32:14.563+0000] {subprocess.py:93} INFO - 24/09/11 00:32:14 INFO StandaloneAppClient$ClientEndpoint: Connecting to master spark://spark-master:7077...
[2024-09-11T00:32:14.603+0000] {subprocess.py:93} INFO - 24/09/11 00:32:14 INFO TransportClientFactory: Successfully created connection to spark-master/172.18.0.4:7077 after 24 ms (0 ms spent in bootstraps)
[2024-09-11T00:32:14.664+0000] {subprocess.py:93} INFO - 24/09/11 00:32:14 INFO StandaloneSchedulerBackend: Connected to Spark cluster with app ID app-20240911003214-0011
[2024-09-11T00:32:14.665+0000] {subprocess.py:93} INFO - 24/09/11 00:32:14 INFO StandaloneAppClient$ClientEndpoint: Executor added: app-20240911003214-0011/0 on worker-20240908204352-172.18.0.7-33815 (172.18.0.7:33815) with 1 core(s)
[2024-09-11T00:32:14.666+0000] {subprocess.py:93} INFO - 24/09/11 00:32:14 INFO StandaloneSchedulerBackend: Granted executor ID app-20240911003214-0011/0 on hostPort 172.18.0.7:33815 with 1 core(s), 1024.0 MiB RAM
[2024-09-11T00:32:14.667+0000] {subprocess.py:93} INFO - 24/09/11 00:32:14 INFO StandaloneAppClient$ClientEndpoint: Executor added: app-20240911003214-0011/1 on worker-20240908204352-172.18.0.8-33881 (172.18.0.8:33881) with 1 core(s)
[2024-09-11T00:32:14.667+0000] {subprocess.py:93} INFO - 24/09/11 00:32:14 INFO StandaloneSchedulerBackend: Granted executor ID app-20240911003214-0011/1 on hostPort 172.18.0.8:33881 with 1 core(s), 1024.0 MiB RAM
[2024-09-11T00:32:14.676+0000] {subprocess.py:93} INFO - 24/09/11 00:32:14 INFO Utils: Successfully started service 'org.apache.spark.network.netty.NettyBlockTransferService' on port 43957.
[2024-09-11T00:32:14.677+0000] {subprocess.py:93} INFO - 24/09/11 00:32:14 INFO NettyBlockTransferService: Server created on 27ef58cc88fc:43957
[2024-09-11T00:32:14.678+0000] {subprocess.py:93} INFO - 24/09/11 00:32:14 INFO BlockManager: Using org.apache.spark.storage.RandomBlockReplicationPolicy for block replication policy
[2024-09-11T00:32:14.692+0000] {subprocess.py:93} INFO - 24/09/11 00:32:14 INFO BlockManagerMaster: Registering BlockManager BlockManagerId(driver, 27ef58cc88fc, 43957, None)
[2024-09-11T00:32:14.696+0000] {subprocess.py:93} INFO - 24/09/11 00:32:14 INFO BlockManagerMasterEndpoint: Registering block manager 27ef58cc88fc:43957 with 1458.4 MiB RAM, BlockManagerId(driver, 27ef58cc88fc, 43957, None)
[2024-09-11T00:32:14.700+0000] {subprocess.py:93} INFO - 24/09/11 00:32:14 INFO BlockManagerMaster: Registered BlockManager BlockManagerId(driver, 27ef58cc88fc, 43957, None)
[2024-09-11T00:32:14.702+0000] {subprocess.py:93} INFO - 24/09/11 00:32:14 INFO BlockManager: Initialized BlockManager: BlockManagerId(driver, 27ef58cc88fc, 43957, None)
[2024-09-11T00:32:14.733+0000] {subprocess.py:93} INFO - 24/09/11 00:32:14 INFO StandaloneAppClient$ClientEndpoint: Executor updated: app-20240911003214-0011/0 is now RUNNING
[2024-09-11T00:32:14.733+0000] {subprocess.py:93} INFO - 24/09/11 00:32:14 INFO StandaloneAppClient$ClientEndpoint: Executor updated: app-20240911003214-0011/1 is now RUNNING
[2024-09-11T00:32:14.853+0000] {subprocess.py:93} INFO - 24/09/11 00:32:14 INFO StandaloneSchedulerBackend: SchedulerBackend is ready for scheduling beginning after reached minRegisteredResourcesRatio: 0.0
[2024-09-11T00:32:14.994+0000] {subprocess.py:93} INFO - 24/09/11 00:32:14 INFO SharedState: Setting hive.metastore.warehouse.dir ('null') to the value of spark.sql.warehouse.dir.
[2024-09-11T00:32:14.996+0000] {subprocess.py:93} INFO - 24/09/11 00:32:14 INFO SharedState: Warehouse path is 'file:/tmp/***tmpakfx60ef/spark-warehouse'.
[2024-09-11T00:32:15.509+0000] {subprocess.py:93} INFO - 24/09/11 00:32:15 INFO Version: Elasticsearch Hadoop v8.4.3 [a7873eb469]
[2024-09-11T00:32:16.285+0000] {subprocess.py:93} INFO - 24/09/11 00:32:16 INFO StandaloneSchedulerBackend$StandaloneDriverEndpoint: Registered executor NettyRpcEndpointRef(spark-client://Executor) (172.18.0.8:57376) with ID 1,  ResourceProfileId 0
[2024-09-11T00:32:16.336+0000] {subprocess.py:93} INFO - 24/09/11 00:32:16 INFO StandaloneSchedulerBackend$StandaloneDriverEndpoint: Registered executor NettyRpcEndpointRef(spark-client://Executor) (172.18.0.7:49732) with ID 0,  ResourceProfileId 0
[2024-09-11T00:32:16.349+0000] {subprocess.py:93} INFO - 24/09/11 00:32:16 INFO BlockManagerMasterEndpoint: Registering block manager 172.18.0.8:45865 with 1458.4 MiB RAM, BlockManagerId(1, 172.18.0.8, 45865, None)
[2024-09-11T00:32:16.381+0000] {subprocess.py:93} INFO - 24/09/11 00:32:16 INFO BlockManagerMasterEndpoint: Registering block manager 172.18.0.7:33663 with 1458.4 MiB RAM, BlockManagerId(0, 172.18.0.7, 33663, None)
[2024-09-11T00:32:16.912+0000] {subprocess.py:93} INFO - Traceback (most recent call last):
[2024-09-11T00:32:16.913+0000] {subprocess.py:93} INFO -   File "/opt/***/jobs/analyze_data.py", line 48, in <module>
[2024-09-11T00:32:16.913+0000] {subprocess.py:93} INFO -     save_analysis_result(top_gainers, "data/top_gainers.csv")
[2024-09-11T00:32:16.913+0000] {subprocess.py:93} INFO -   File "/opt/***/jobs/analyze_data.py", line 41, in save_analysis_result
[2024-09-11T00:32:16.913+0000] {subprocess.py:93} INFO -     df.coalesce(1).write.mode("overwrite").csv(file_path, header=True)
[2024-09-11T00:32:16.915+0000] {subprocess.py:93} INFO -   File "/home/***/.local/lib/python3.11/site-packages/pyspark/python/lib/pyspark.zip/pyspark/sql/readwriter.py", line 1864, in csv
[2024-09-11T00:32:16.915+0000] {subprocess.py:93} INFO -   File "/home/***/.local/lib/python3.11/site-packages/pyspark/python/lib/py4j-0.10.9.7-src.zip/py4j/java_gateway.py", line 1322, in __call__
[2024-09-11T00:32:16.915+0000] {subprocess.py:93} INFO -   File "/home/***/.local/lib/python3.11/site-packages/pyspark/python/lib/pyspark.zip/pyspark/errors/exceptions/captured.py", line 185, in deco
[2024-09-11T00:32:16.917+0000] {subprocess.py:93} INFO - pyspark.errors.exceptions.captured.AnalysisException: [UNSUPPORTED_DATA_TYPE_FOR_DATASOURCE] The CSV datasource doesn't support the column `_metadata` of the type "MAP<STRING, STRING>".
[2024-09-11T00:32:16.940+0000] {subprocess.py:93} INFO - 24/09/11 00:32:16 INFO SparkContext: Invoking stop() from shutdown hook
[2024-09-11T00:32:16.942+0000] {subprocess.py:93} INFO - 24/09/11 00:32:16 INFO SparkContext: SparkContext is stopping with exitCode 0.
[2024-09-11T00:32:16.945+0000] {subprocess.py:93} INFO - 24/09/11 00:32:16 INFO SparkUI: Stopped Spark web UI at http://27ef58cc88fc:4040
[2024-09-11T00:32:16.947+0000] {subprocess.py:93} INFO - 24/09/11 00:32:16 INFO StandaloneSchedulerBackend: Shutting down all executors
[2024-09-11T00:32:16.947+0000] {subprocess.py:93} INFO - 24/09/11 00:32:16 INFO StandaloneSchedulerBackend$StandaloneDriverEndpoint: Asking each executor to shut down
[2024-09-11T00:32:16.962+0000] {subprocess.py:93} INFO - 24/09/11 00:32:16 INFO MapOutputTrackerMasterEndpoint: MapOutputTrackerMasterEndpoint stopped!
[2024-09-11T00:32:16.975+0000] {subprocess.py:93} INFO - 24/09/11 00:32:16 INFO MemoryStore: MemoryStore cleared
[2024-09-11T00:32:16.976+0000] {subprocess.py:93} INFO - 24/09/11 00:32:16 INFO BlockManager: BlockManager stopped
[2024-09-11T00:32:16.979+0000] {subprocess.py:93} INFO - 24/09/11 00:32:16 INFO BlockManagerMaster: BlockManagerMaster stopped
[2024-09-11T00:32:16.981+0000] {subprocess.py:93} INFO - 24/09/11 00:32:16 INFO OutputCommitCoordinator$OutputCommitCoordinatorEndpoint: OutputCommitCoordinator stopped!
[2024-09-11T00:32:16.986+0000] {subprocess.py:93} INFO - 24/09/11 00:32:16 INFO SparkContext: Successfully stopped SparkContext
[2024-09-11T00:32:16.987+0000] {subprocess.py:93} INFO - 24/09/11 00:32:16 INFO ShutdownHookManager: Shutdown hook called
[2024-09-11T00:32:16.987+0000] {subprocess.py:93} INFO - 24/09/11 00:32:16 INFO ShutdownHookManager: Deleting directory /tmp/spark-c6d7ca3c-9748-4dd6-b74c-c8c164395aa5
[2024-09-11T00:32:16.990+0000] {subprocess.py:93} INFO - 24/09/11 00:32:16 INFO ShutdownHookManager: Deleting directory /tmp/spark-9a973507-669d-4b3e-abd4-994fa4d3175e
[2024-09-11T00:32:16.992+0000] {subprocess.py:93} INFO - 24/09/11 00:32:16 INFO ShutdownHookManager: Deleting directory /tmp/spark-9a973507-669d-4b3e-abd4-994fa4d3175e/pyspark-eb3f51b8-c818-409a-be02-5ae6ba9a1f32
[2024-09-11T00:32:17.010+0000] {subprocess.py:97} INFO - Command exited with return code 1
[2024-09-11T00:32:17.018+0000] {taskinstance.py:1935} ERROR - Task failed with exception
Traceback (most recent call last):
  File "/home/airflow/.local/lib/python3.11/site-packages/airflow/operators/bash.py", line 210, in execute
    raise AirflowException(
airflow.exceptions.AirflowException: Bash command failed. The command returned a non-zero exit code 1.
[2024-09-11T00:32:17.020+0000] {taskinstance.py:1398} INFO - Marking task as FAILED. dag_id=data_pipeline_api, task_id=analyze_data, execution_date=20240910T003000, start_date=20240911T003212, end_date=20240911T003217
[2024-09-11T00:32:17.032+0000] {standard_task_runner.py:104} ERROR - Failed to execute job 98 for task analyze_data (Bash command failed. The command returned a non-zero exit code 1.; 46200)
[2024-09-11T00:32:17.080+0000] {local_task_job_runner.py:228} INFO - Task exited with return code 1
[2024-09-11T00:32:17.093+0000] {taskinstance.py:2776} INFO - 0 downstream tasks scheduled from follow-on schedule check
