[2024-09-11T00:30:02.443+0000] {taskinstance.py:1157} INFO - Dependencies all met for dep_context=non-requeueable deps ti=<TaskInstance: data_pipeline_api.analyze_data scheduled__2024-09-10T00:30:00+00:00 [queued]>
[2024-09-11T00:30:02.447+0000] {taskinstance.py:1157} INFO - Dependencies all met for dep_context=requeueable deps ti=<TaskInstance: data_pipeline_api.analyze_data scheduled__2024-09-10T00:30:00+00:00 [queued]>
[2024-09-11T00:30:02.447+0000] {taskinstance.py:1359} INFO - Starting attempt 1 of 2
[2024-09-11T00:30:02.454+0000] {taskinstance.py:1380} INFO - Executing <Task(BashOperator): analyze_data> on 2024-09-10 00:30:00+00:00
[2024-09-11T00:30:02.458+0000] {standard_task_runner.py:57} INFO - Started process 45591 to run task
[2024-09-11T00:30:02.460+0000] {standard_task_runner.py:84} INFO - Running: ['***', 'tasks', 'run', 'data_pipeline_api', 'analyze_data', 'scheduled__2024-09-10T00:30:00+00:00', '--job-id', '97', '--raw', '--subdir', 'DAGS_FOLDER/spark-jobs.py', '--cfg-path', '/tmp/tmp8olyk0cf']
[2024-09-11T00:30:02.463+0000] {standard_task_runner.py:85} INFO - Job 97: Subtask analyze_data
[2024-09-11T00:30:02.540+0000] {task_command.py:415} INFO - Running <TaskInstance: data_pipeline_api.analyze_data scheduled__2024-09-10T00:30:00+00:00 [running]> on host 27ef58cc88fc
[2024-09-11T00:30:02.630+0000] {taskinstance.py:1660} INFO - Exporting env vars: AIRFLOW_CTX_DAG_OWNER='***' AIRFLOW_CTX_DAG_ID='data_pipeline_api' AIRFLOW_CTX_TASK_ID='analyze_data' AIRFLOW_CTX_EXECUTION_DATE='2024-09-10T00:30:00+00:00' AIRFLOW_CTX_TRY_NUMBER='1' AIRFLOW_CTX_DAG_RUN_ID='scheduled__2024-09-10T00:30:00+00:00'
[2024-09-11T00:30:02.633+0000] {subprocess.py:63} INFO - Tmp dir root location: /tmp
[2024-09-11T00:30:02.635+0000] {subprocess.py:75} INFO - Running command: ['/bin/bash', '-c', 'bash /opt/***/jobs/spark-submit.sh /opt/***/jobs/analyze_data.py ']
[2024-09-11T00:30:02.643+0000] {subprocess.py:86} INFO - Output:
[2024-09-11T00:30:02.661+0000] {subprocess.py:93} INFO - /opt/***/jobs/analyze_data.py
[2024-09-11T00:30:02.742+0000] {subprocess.py:93} INFO - /home/***/.local/lib/python3.11/site-packages/pyspark/bin/load-spark-env.sh: line 68: ps: command not found
[2024-09-11T00:30:04.782+0000] {subprocess.py:93} INFO - 24/09/11 00:30:04 WARN NativeCodeLoader: Unable to load native-hadoop library for your platform... using builtin-java classes where applicable
[2024-09-11T00:30:05.717+0000] {subprocess.py:93} INFO - 24/09/11 00:30:05 INFO SparkContext: Running Spark version 3.5.1
[2024-09-11T00:30:05.718+0000] {subprocess.py:93} INFO - 24/09/11 00:30:05 INFO SparkContext: OS info Linux, 6.6.32-linuxkit, aarch64
[2024-09-11T00:30:05.718+0000] {subprocess.py:93} INFO - 24/09/11 00:30:05 INFO SparkContext: Java version 11.0.23
[2024-09-11T00:30:05.737+0000] {subprocess.py:93} INFO - 24/09/11 00:30:05 INFO ResourceUtils: ==============================================================
[2024-09-11T00:30:05.738+0000] {subprocess.py:93} INFO - 24/09/11 00:30:05 INFO ResourceUtils: No custom resources configured for spark.driver.
[2024-09-11T00:30:05.738+0000] {subprocess.py:93} INFO - 24/09/11 00:30:05 INFO ResourceUtils: ==============================================================
[2024-09-11T00:30:05.738+0000] {subprocess.py:93} INFO - 24/09/11 00:30:05 INFO SparkContext: Submitted application: FinanceDataAnalysis
[2024-09-11T00:30:05.751+0000] {subprocess.py:93} INFO - 24/09/11 00:30:05 INFO ResourceProfile: Default ResourceProfile created, executor resources: Map(cores -> name: cores, amount: 1, script: , vendor: , memory -> name: memory, amount: 1024, script: , vendor: , offHeap -> name: offHeap, amount: 1024, script: , vendor: ), task resources: Map(cpus -> name: cpus, amount: 1.0)
[2024-09-11T00:30:05.757+0000] {subprocess.py:93} INFO - 24/09/11 00:30:05 INFO ResourceProfile: Limiting resource is cpus at 1 tasks per executor
[2024-09-11T00:30:05.758+0000] {subprocess.py:93} INFO - 24/09/11 00:30:05 INFO ResourceProfileManager: Added ResourceProfile id: 0
[2024-09-11T00:30:05.832+0000] {subprocess.py:93} INFO - 24/09/11 00:30:05 INFO SecurityManager: Changing view acls to: ***
[2024-09-11T00:30:05.833+0000] {subprocess.py:93} INFO - 24/09/11 00:30:05 INFO SecurityManager: Changing modify acls to: ***
[2024-09-11T00:30:05.833+0000] {subprocess.py:93} INFO - 24/09/11 00:30:05 INFO SecurityManager: Changing view acls groups to:
[2024-09-11T00:30:05.833+0000] {subprocess.py:93} INFO - 24/09/11 00:30:05 INFO SecurityManager: Changing modify acls groups to:
[2024-09-11T00:30:05.833+0000] {subprocess.py:93} INFO - 24/09/11 00:30:05 INFO SecurityManager: SecurityManager: authentication disabled; ui acls disabled; users with view permissions: ***; groups with view permissions: EMPTY; users with modify permissions: ***; groups with modify permissions: EMPTY
[2024-09-11T00:30:06.030+0000] {subprocess.py:93} INFO - 24/09/11 00:30:06 INFO Utils: Successfully started service 'sparkDriver' on port 39803.
[2024-09-11T00:30:06.063+0000] {subprocess.py:93} INFO - 24/09/11 00:30:06 INFO SparkEnv: Registering MapOutputTracker
[2024-09-11T00:30:06.124+0000] {subprocess.py:93} INFO - 24/09/11 00:30:06 INFO SparkEnv: Registering BlockManagerMaster
[2024-09-11T00:30:06.175+0000] {subprocess.py:93} INFO - 24/09/11 00:30:06 INFO BlockManagerMasterEndpoint: Using org.apache.spark.storage.DefaultTopologyMapper for getting topology information
[2024-09-11T00:30:06.177+0000] {subprocess.py:93} INFO - 24/09/11 00:30:06 INFO BlockManagerMasterEndpoint: BlockManagerMasterEndpoint up
[2024-09-11T00:30:06.187+0000] {subprocess.py:93} INFO - 24/09/11 00:30:06 INFO SparkEnv: Registering BlockManagerMasterHeartbeat
[2024-09-11T00:30:06.264+0000] {subprocess.py:93} INFO - 24/09/11 00:30:06 INFO DiskBlockManager: Created local directory at /tmp/blockmgr-51b7aa2a-513f-4da5-9c20-7bd9561c0ac5
[2024-09-11T00:30:06.278+0000] {subprocess.py:93} INFO - 24/09/11 00:30:06 INFO MemoryStore: MemoryStore started with capacity 1458.4 MiB
[2024-09-11T00:30:06.295+0000] {subprocess.py:93} INFO - 24/09/11 00:30:06 INFO SparkEnv: Registering OutputCommitCoordinator
[2024-09-11T00:30:06.441+0000] {subprocess.py:93} INFO - 24/09/11 00:30:06 INFO JettyUtils: Start Jetty 0.0.0.0:4040 for SparkUI
[2024-09-11T00:30:06.722+0000] {subprocess.py:93} INFO - 24/09/11 00:30:06 INFO Utils: Successfully started service 'SparkUI' on port 4040.
[2024-09-11T00:30:06.919+0000] {subprocess.py:93} INFO - 24/09/11 00:30:06 INFO SparkContext: Added JAR file:///opt/bitnami/spark/resources/elasticsearch-spark-30_2.12-8.4.3.jar at spark://27ef58cc88fc:39803/jars/elasticsearch-spark-30_2.12-8.4.3.jar with timestamp 1726014605711
[2024-09-11T00:30:07.014+0000] {subprocess.py:93} INFO - 24/09/11 00:30:07 INFO StandaloneAppClient$ClientEndpoint: Connecting to master spark://spark-master:7077...
[2024-09-11T00:30:07.044+0000] {subprocess.py:93} INFO - 24/09/11 00:30:07 INFO TransportClientFactory: Successfully created connection to spark-master/172.18.0.4:7077 after 12 ms (0 ms spent in bootstraps)
[2024-09-11T00:30:07.397+0000] {subprocess.py:93} INFO - 24/09/11 00:30:07 INFO StandaloneSchedulerBackend: Connected to Spark cluster with app ID app-20240911003007-0010
[2024-09-11T00:30:07.408+0000] {subprocess.py:93} INFO - 24/09/11 00:30:07 INFO Utils: Successfully started service 'org.apache.spark.network.netty.NettyBlockTransferService' on port 46317.
[2024-09-11T00:30:07.408+0000] {subprocess.py:93} INFO - 24/09/11 00:30:07 INFO NettyBlockTransferService: Server created on 27ef58cc88fc:46317
[2024-09-11T00:30:07.409+0000] {subprocess.py:93} INFO - 24/09/11 00:30:07 INFO BlockManager: Using org.apache.spark.storage.RandomBlockReplicationPolicy for block replication policy
[2024-09-11T00:30:07.413+0000] {subprocess.py:93} INFO - 24/09/11 00:30:07 INFO BlockManagerMaster: Registering BlockManager BlockManagerId(driver, 27ef58cc88fc, 46317, None)
[2024-09-11T00:30:07.415+0000] {subprocess.py:93} INFO - 24/09/11 00:30:07 INFO BlockManagerMasterEndpoint: Registering block manager 27ef58cc88fc:46317 with 1458.4 MiB RAM, BlockManagerId(driver, 27ef58cc88fc, 46317, None)
[2024-09-11T00:30:07.417+0000] {subprocess.py:93} INFO - 24/09/11 00:30:07 INFO BlockManagerMaster: Registered BlockManager BlockManagerId(driver, 27ef58cc88fc, 46317, None)
[2024-09-11T00:30:07.420+0000] {subprocess.py:93} INFO - 24/09/11 00:30:07 INFO BlockManager: Initialized BlockManager: BlockManagerId(driver, 27ef58cc88fc, 46317, None)
[2024-09-11T00:30:07.578+0000] {subprocess.py:93} INFO - 24/09/11 00:30:07 INFO StandaloneSchedulerBackend: SchedulerBackend is ready for scheduling beginning after reached minRegisteredResourcesRatio: 0.0
[2024-09-11T00:30:07.735+0000] {subprocess.py:93} INFO - 24/09/11 00:30:07 INFO SharedState: Setting hive.metastore.warehouse.dir ('null') to the value of spark.sql.warehouse.dir.
[2024-09-11T00:30:07.737+0000] {subprocess.py:93} INFO - 24/09/11 00:30:07 INFO SharedState: Warehouse path is 'file:/tmp/***tmp8wh4hkq6/spark-warehouse'.
[2024-09-11T00:30:08.597+0000] {subprocess.py:93} INFO - 24/09/11 00:30:08 INFO Version: Elasticsearch Hadoop v8.4.3 [a7873eb469]
[2024-09-11T00:30:11.443+0000] {subprocess.py:93} INFO - Traceback (most recent call last):
[2024-09-11T00:30:11.449+0000] {subprocess.py:93} INFO -   File "/opt/***/jobs/analyze_data.py", line 48, in <module>
[2024-09-11T00:30:11.450+0000] {subprocess.py:93} INFO -     save_analysis_result(top_gainers, "data/top_gainers.csv")
[2024-09-11T00:30:11.450+0000] {subprocess.py:93} INFO -   File "/opt/***/jobs/analyze_data.py", line 41, in save_analysis_result
[2024-09-11T00:30:11.451+0000] {subprocess.py:93} INFO -     df.coalesce(1).write.mode("overwrite").csv(file_path, header=True)
[2024-09-11T00:30:11.452+0000] {subprocess.py:93} INFO -   File "/home/***/.local/lib/python3.11/site-packages/pyspark/python/lib/pyspark.zip/pyspark/sql/readwriter.py", line 1864, in csv
[2024-09-11T00:30:11.452+0000] {subprocess.py:93} INFO -   File "/home/***/.local/lib/python3.11/site-packages/pyspark/python/lib/py4j-0.10.9.7-src.zip/py4j/java_gateway.py", line 1322, in __call__
[2024-09-11T00:30:11.453+0000] {subprocess.py:93} INFO -   File "/home/***/.local/lib/python3.11/site-packages/pyspark/python/lib/pyspark.zip/pyspark/errors/exceptions/captured.py", line 185, in deco
[2024-09-11T00:30:11.458+0000] {subprocess.py:93} INFO - pyspark.errors.exceptions.captured.AnalysisException: [UNSUPPORTED_DATA_TYPE_FOR_DATASOURCE] The CSV datasource doesn't support the column `_metadata` of the type "MAP<STRING, STRING>".
[2024-09-11T00:30:11.515+0000] {subprocess.py:93} INFO - 24/09/11 00:30:11 INFO SparkContext: Invoking stop() from shutdown hook
[2024-09-11T00:30:11.516+0000] {subprocess.py:93} INFO - 24/09/11 00:30:11 INFO SparkContext: SparkContext is stopping with exitCode 0.
[2024-09-11T00:30:11.526+0000] {subprocess.py:93} INFO - 24/09/11 00:30:11 INFO SparkUI: Stopped Spark web UI at http://27ef58cc88fc:4040
[2024-09-11T00:30:11.530+0000] {subprocess.py:93} INFO - 24/09/11 00:30:11 INFO StandaloneSchedulerBackend: Shutting down all executors
[2024-09-11T00:30:11.533+0000] {subprocess.py:93} INFO - 24/09/11 00:30:11 INFO StandaloneSchedulerBackend$StandaloneDriverEndpoint: Asking each executor to shut down
[2024-09-11T00:30:11.552+0000] {subprocess.py:93} INFO - 24/09/11 00:30:11 INFO MapOutputTrackerMasterEndpoint: MapOutputTrackerMasterEndpoint stopped!
[2024-09-11T00:30:11.572+0000] {subprocess.py:93} INFO - 24/09/11 00:30:11 INFO MemoryStore: MemoryStore cleared
[2024-09-11T00:30:11.573+0000] {subprocess.py:93} INFO - 24/09/11 00:30:11 INFO BlockManager: BlockManager stopped
[2024-09-11T00:30:11.582+0000] {subprocess.py:93} INFO - 24/09/11 00:30:11 INFO BlockManagerMaster: BlockManagerMaster stopped
[2024-09-11T00:30:11.584+0000] {subprocess.py:93} INFO - 24/09/11 00:30:11 INFO OutputCommitCoordinator$OutputCommitCoordinatorEndpoint: OutputCommitCoordinator stopped!
[2024-09-11T00:30:11.597+0000] {subprocess.py:93} INFO - 24/09/11 00:30:11 INFO SparkContext: Successfully stopped SparkContext
[2024-09-11T00:30:11.598+0000] {subprocess.py:93} INFO - 24/09/11 00:30:11 INFO ShutdownHookManager: Shutdown hook called
[2024-09-11T00:30:11.598+0000] {subprocess.py:93} INFO - 24/09/11 00:30:11 INFO ShutdownHookManager: Deleting directory /tmp/spark-6afd61ac-1775-4023-aa50-fb7d276d92c3
[2024-09-11T00:30:11.603+0000] {subprocess.py:93} INFO - 24/09/11 00:30:11 INFO ShutdownHookManager: Deleting directory /tmp/spark-b1d48d42-e81a-43b0-97d7-de37e2dd1ee6
[2024-09-11T00:30:11.608+0000] {subprocess.py:93} INFO - 24/09/11 00:30:11 INFO ShutdownHookManager: Deleting directory /tmp/spark-6afd61ac-1775-4023-aa50-fb7d276d92c3/pyspark-c5c413a7-c3bb-4001-95c7-170db8da96fa
[2024-09-11T00:30:11.664+0000] {subprocess.py:97} INFO - Command exited with return code 1
[2024-09-11T00:30:11.685+0000] {taskinstance.py:1935} ERROR - Task failed with exception
Traceback (most recent call last):
  File "/home/airflow/.local/lib/python3.11/site-packages/airflow/operators/bash.py", line 210, in execute
    raise AirflowException(
airflow.exceptions.AirflowException: Bash command failed. The command returned a non-zero exit code 1.
[2024-09-11T00:30:11.690+0000] {taskinstance.py:1398} INFO - Marking task as UP_FOR_RETRY. dag_id=data_pipeline_api, task_id=analyze_data, execution_date=20240910T003000, start_date=20240911T003002, end_date=20240911T003011
[2024-09-11T00:30:11.712+0000] {standard_task_runner.py:104} ERROR - Failed to execute job 97 for task analyze_data (Bash command failed. The command returned a non-zero exit code 1.; 45591)
[2024-09-11T00:30:11.735+0000] {local_task_job_runner.py:228} INFO - Task exited with return code 1
[2024-09-11T00:30:11.759+0000] {taskinstance.py:2776} INFO - 0 downstream tasks scheduled from follow-on schedule check
