[2024-08-22T00:35:26.012+0000] {taskinstance.py:1157} INFO - Dependencies all met for dep_context=non-requeueable deps ti=<TaskInstance: data_pipeline_api.fetch_data scheduled__2024-08-21T00:30:00+00:00 [queued]>
[2024-08-22T00:35:26.017+0000] {taskinstance.py:1157} INFO - Dependencies all met for dep_context=requeueable deps ti=<TaskInstance: data_pipeline_api.fetch_data scheduled__2024-08-21T00:30:00+00:00 [queued]>
[2024-08-22T00:35:26.019+0000] {taskinstance.py:1359} INFO - Starting attempt 1 of 2
[2024-08-22T00:35:26.025+0000] {taskinstance.py:1380} INFO - Executing <Task(BashOperator): fetch_data> on 2024-08-21 00:30:00+00:00
[2024-08-22T00:35:26.028+0000] {standard_task_runner.py:57} INFO - Started process 91869 to run task
[2024-08-22T00:35:26.029+0000] {standard_task_runner.py:84} INFO - Running: ['***', 'tasks', 'run', 'data_pipeline_api', 'fetch_data', 'scheduled__2024-08-21T00:30:00+00:00', '--job-id', '79', '--raw', '--subdir', 'DAGS_FOLDER/spark-jobs.py', '--cfg-path', '/tmp/tmp3pog0i76']
[2024-08-22T00:35:26.031+0000] {standard_task_runner.py:85} INFO - Job 79: Subtask fetch_data
[2024-08-22T00:35:26.059+0000] {task_command.py:415} INFO - Running <TaskInstance: data_pipeline_api.fetch_data scheduled__2024-08-21T00:30:00+00:00 [running]> on host 27ef58cc88fc
[2024-08-22T00:35:26.096+0000] {taskinstance.py:1660} INFO - Exporting env vars: AIRFLOW_CTX_DAG_OWNER='***' AIRFLOW_CTX_DAG_ID='data_pipeline_api' AIRFLOW_CTX_TASK_ID='fetch_data' AIRFLOW_CTX_EXECUTION_DATE='2024-08-21T00:30:00+00:00' AIRFLOW_CTX_TRY_NUMBER='1' AIRFLOW_CTX_DAG_RUN_ID='scheduled__2024-08-21T00:30:00+00:00'
[2024-08-22T00:35:26.097+0000] {subprocess.py:63} INFO - Tmp dir root location: /tmp
[2024-08-22T00:35:26.101+0000] {subprocess.py:75} INFO - Running command: ['/bin/bash', '-c', 'bash /opt/***/jobs/spark-submit.sh /opt/***/jobs/fetch_data.py ']
[2024-08-22T00:35:26.110+0000] {subprocess.py:86} INFO - Output:
[2024-08-22T00:35:26.132+0000] {subprocess.py:93} INFO - /opt/***/jobs/fetch_data.py
[2024-08-22T00:35:26.229+0000] {subprocess.py:93} INFO - /home/***/.local/lib/python3.11/site-packages/pyspark/bin/load-spark-env.sh: line 68: ps: command not found
[2024-08-22T00:35:27.705+0000] {subprocess.py:93} INFO - 24/08/22 00:35:27 WARN NativeCodeLoader: Unable to load native-hadoop library for your platform... using builtin-java classes where applicable
[2024-08-22T00:35:29.829+0000] {subprocess.py:93} INFO - 24/08/22 00:35:29 INFO ShutdownHookManager: Shutdown hook called
[2024-08-22T00:35:29.831+0000] {subprocess.py:93} INFO - 24/08/22 00:35:29 INFO ShutdownHookManager: Deleting directory /tmp/spark-8c89788d-17d4-49da-bef3-6ad8465e49b2
[2024-08-22T00:35:29.895+0000] {subprocess.py:97} INFO - Command exited with return code 0
[2024-08-22T00:35:29.948+0000] {taskinstance.py:1398} INFO - Marking task as SUCCESS. dag_id=data_pipeline_api, task_id=fetch_data, execution_date=20240821T003000, start_date=20240822T003526, end_date=20240822T003529
[2024-08-22T00:35:30.004+0000] {local_task_job_runner.py:228} INFO - Task exited with return code 0
[2024-08-22T00:35:30.026+0000] {taskinstance.py:2776} INFO - 0 downstream tasks scheduled from follow-on schedule check
