[2024-08-09T13:25:31.997+0000] {taskinstance.py:1157} INFO - Dependencies all met for dep_context=non-requeueable deps ti=<TaskInstance: data_pipeline_api.process_data manual__2024-08-09T13:25:30.584850+00:00 [queued]>
[2024-08-09T13:25:32.001+0000] {taskinstance.py:1157} INFO - Dependencies all met for dep_context=requeueable deps ti=<TaskInstance: data_pipeline_api.process_data manual__2024-08-09T13:25:30.584850+00:00 [queued]>
[2024-08-09T13:25:32.001+0000] {taskinstance.py:1359} INFO - Starting attempt 1 of 2
[2024-08-09T13:25:32.008+0000] {taskinstance.py:1380} INFO - Executing <Task(BashOperator): process_data> on 2024-08-09 13:25:30.584850+00:00
[2024-08-09T13:25:32.012+0000] {standard_task_runner.py:57} INFO - Started process 3728 to run task
[2024-08-09T13:25:32.015+0000] {standard_task_runner.py:84} INFO - Running: ['***', 'tasks', 'run', 'data_pipeline_api', 'process_data', 'manual__2024-08-09T13:25:30.584850+00:00', '--job-id', '18', '--raw', '--subdir', 'DAGS_FOLDER/spark-jobs.py', '--cfg-path', '/tmp/tmpvxsbv6n8']
[2024-08-09T13:25:32.017+0000] {standard_task_runner.py:85} INFO - Job 18: Subtask process_data
[2024-08-09T13:25:32.057+0000] {task_command.py:415} INFO - Running <TaskInstance: data_pipeline_api.process_data manual__2024-08-09T13:25:30.584850+00:00 [running]> on host 27ef58cc88fc
[2024-08-09T13:25:32.100+0000] {taskinstance.py:1660} INFO - Exporting env vars: AIRFLOW_CTX_DAG_OWNER='***' AIRFLOW_CTX_DAG_ID='data_pipeline_api' AIRFLOW_CTX_TASK_ID='process_data' AIRFLOW_CTX_EXECUTION_DATE='2024-08-09T13:25:30.584850+00:00' AIRFLOW_CTX_TRY_NUMBER='1' AIRFLOW_CTX_DAG_RUN_ID='manual__2024-08-09T13:25:30.584850+00:00'
[2024-08-09T13:25:32.101+0000] {subprocess.py:63} INFO - Tmp dir root location: /tmp
[2024-08-09T13:25:32.102+0000] {subprocess.py:75} INFO - Running command: ['/bin/bash', '-c', 'bash /opt/***/jobs/spark-submit.sh /opt/***/jobs/process_data.py ']
[2024-08-09T13:25:32.108+0000] {subprocess.py:86} INFO - Output:
[2024-08-09T13:25:32.111+0000] {subprocess.py:93} INFO - /opt/***/jobs/process_data.py
[2024-08-09T13:25:32.179+0000] {subprocess.py:93} INFO - /home/***/.local/lib/python3.11/site-packages/pyspark/bin/load-spark-env.sh: line 68: ps: command not found
[2024-08-09T13:25:33.924+0000] {subprocess.py:93} INFO - 24/08/09 13:25:33 WARN NativeCodeLoader: Unable to load native-hadoop library for your platform... using builtin-java classes where applicable
[2024-08-09T13:25:34.766+0000] {subprocess.py:93} INFO - 24/08/09 13:25:34 INFO SparkContext: Running Spark version 3.5.1
[2024-08-09T13:25:34.767+0000] {subprocess.py:93} INFO - 24/08/09 13:25:34 INFO SparkContext: OS info Linux, 6.6.32-linuxkit, aarch64
[2024-08-09T13:25:34.767+0000] {subprocess.py:93} INFO - 24/08/09 13:25:34 INFO SparkContext: Java version 11.0.23
[2024-08-09T13:25:34.792+0000] {subprocess.py:93} INFO - 24/08/09 13:25:34 INFO ResourceUtils: ==============================================================
[2024-08-09T13:25:34.795+0000] {subprocess.py:93} INFO - 24/08/09 13:25:34 INFO ResourceUtils: No custom resources configured for spark.driver.
[2024-08-09T13:25:34.796+0000] {subprocess.py:93} INFO - 24/08/09 13:25:34 INFO ResourceUtils: ==============================================================
[2024-08-09T13:25:34.799+0000] {subprocess.py:93} INFO - 24/08/09 13:25:34 INFO SparkContext: Submitted application: FinanceDataProcessing
[2024-08-09T13:25:34.810+0000] {subprocess.py:93} INFO - 24/08/09 13:25:34 INFO ResourceProfile: Default ResourceProfile created, executor resources: Map(cores -> name: cores, amount: 1, script: , vendor: , memory -> name: memory, amount: 1024, script: , vendor: , offHeap -> name: offHeap, amount: 1024, script: , vendor: ), task resources: Map(cpus -> name: cpus, amount: 1.0)
[2024-08-09T13:25:34.818+0000] {subprocess.py:93} INFO - 24/08/09 13:25:34 INFO ResourceProfile: Limiting resource is cpus at 1 tasks per executor
[2024-08-09T13:25:34.819+0000] {subprocess.py:93} INFO - 24/08/09 13:25:34 INFO ResourceProfileManager: Added ResourceProfile id: 0
[2024-08-09T13:25:34.875+0000] {subprocess.py:93} INFO - 24/08/09 13:25:34 INFO SecurityManager: Changing view acls to: ***
[2024-08-09T13:25:34.876+0000] {subprocess.py:93} INFO - 24/08/09 13:25:34 INFO SecurityManager: Changing modify acls to: ***
[2024-08-09T13:25:34.876+0000] {subprocess.py:93} INFO - 24/08/09 13:25:34 INFO SecurityManager: Changing view acls groups to:
[2024-08-09T13:25:34.877+0000] {subprocess.py:93} INFO - 24/08/09 13:25:34 INFO SecurityManager: Changing modify acls groups to:
[2024-08-09T13:25:34.878+0000] {subprocess.py:93} INFO - 24/08/09 13:25:34 INFO SecurityManager: SecurityManager: authentication disabled; ui acls disabled; users with view permissions: ***; groups with view permissions: EMPTY; users with modify permissions: ***; groups with modify permissions: EMPTY
[2024-08-09T13:25:35.090+0000] {subprocess.py:93} INFO - 24/08/09 13:25:35 INFO Utils: Successfully started service 'sparkDriver' on port 37113.
[2024-08-09T13:25:35.110+0000] {subprocess.py:93} INFO - 24/08/09 13:25:35 INFO SparkEnv: Registering MapOutputTracker
[2024-08-09T13:25:35.136+0000] {subprocess.py:93} INFO - 24/08/09 13:25:35 INFO SparkEnv: Registering BlockManagerMaster
[2024-08-09T13:25:35.152+0000] {subprocess.py:93} INFO - 24/08/09 13:25:35 INFO BlockManagerMasterEndpoint: Using org.apache.spark.storage.DefaultTopologyMapper for getting topology information
[2024-08-09T13:25:35.153+0000] {subprocess.py:93} INFO - 24/08/09 13:25:35 INFO BlockManagerMasterEndpoint: BlockManagerMasterEndpoint up
[2024-08-09T13:25:35.157+0000] {subprocess.py:93} INFO - 24/08/09 13:25:35 INFO SparkEnv: Registering BlockManagerMasterHeartbeat
[2024-08-09T13:25:35.168+0000] {subprocess.py:93} INFO - 24/08/09 13:25:35 INFO DiskBlockManager: Created local directory at /tmp/blockmgr-f1b40c8e-fca7-439d-9ab0-7b21a485293c
[2024-08-09T13:25:35.176+0000] {subprocess.py:93} INFO - 24/08/09 13:25:35 INFO MemoryStore: MemoryStore started with capacity 1458.4 MiB
[2024-08-09T13:25:35.186+0000] {subprocess.py:93} INFO - 24/08/09 13:25:35 INFO SparkEnv: Registering OutputCommitCoordinator
[2024-08-09T13:25:35.290+0000] {subprocess.py:93} INFO - 24/08/09 13:25:35 INFO JettyUtils: Start Jetty 0.0.0.0:4040 for SparkUI
[2024-08-09T13:25:35.325+0000] {subprocess.py:93} INFO - 24/08/09 13:25:35 WARN Utils: Service 'SparkUI' could not bind on port 4040. Attempting port 4041.
[2024-08-09T13:25:35.330+0000] {subprocess.py:93} INFO - 24/08/09 13:25:35 INFO Utils: Successfully started service 'SparkUI' on port 4041.
[2024-08-09T13:25:35.352+0000] {subprocess.py:93} INFO - 24/08/09 13:25:35 INFO SparkContext: Added JAR file:///opt/bitnami/spark/resources/elasticsearch-spark-30_2.12-8.4.3.jar at spark://27ef58cc88fc:37113/jars/elasticsearch-spark-30_2.12-8.4.3.jar with timestamp 1723209934758
[2024-08-09T13:25:35.409+0000] {subprocess.py:93} INFO - 24/08/09 13:25:35 INFO StandaloneAppClient$ClientEndpoint: Connecting to master spark://spark-master:7077...
[2024-08-09T13:25:35.488+0000] {subprocess.py:93} INFO - 24/08/09 13:25:35 INFO TransportClientFactory: Successfully created connection to spark-master/172.18.0.4:7077 after 46 ms (0 ms spent in bootstraps)
[2024-08-09T13:25:35.682+0000] {subprocess.py:93} INFO - 24/08/09 13:25:35 INFO StandaloneSchedulerBackend: Connected to Spark cluster with app ID app-20240809132535-0015
[2024-08-09T13:25:35.690+0000] {subprocess.py:93} INFO - 24/08/09 13:25:35 INFO Utils: Successfully started service 'org.apache.spark.network.netty.NettyBlockTransferService' on port 42733.
[2024-08-09T13:25:35.691+0000] {subprocess.py:93} INFO - 24/08/09 13:25:35 INFO NettyBlockTransferService: Server created on 27ef58cc88fc:42733
[2024-08-09T13:25:35.692+0000] {subprocess.py:93} INFO - 24/08/09 13:25:35 INFO BlockManager: Using org.apache.spark.storage.RandomBlockReplicationPolicy for block replication policy
[2024-08-09T13:25:35.697+0000] {subprocess.py:93} INFO - 24/08/09 13:25:35 INFO BlockManagerMaster: Registering BlockManager BlockManagerId(driver, 27ef58cc88fc, 42733, None)
[2024-08-09T13:25:35.702+0000] {subprocess.py:93} INFO - 24/08/09 13:25:35 INFO BlockManagerMasterEndpoint: Registering block manager 27ef58cc88fc:42733 with 1458.4 MiB RAM, BlockManagerId(driver, 27ef58cc88fc, 42733, None)
[2024-08-09T13:25:35.708+0000] {subprocess.py:93} INFO - 24/08/09 13:25:35 INFO BlockManagerMaster: Registered BlockManager BlockManagerId(driver, 27ef58cc88fc, 42733, None)
[2024-08-09T13:25:35.710+0000] {subprocess.py:93} INFO - 24/08/09 13:25:35 INFO BlockManager: Initialized BlockManager: BlockManagerId(driver, 27ef58cc88fc, 42733, None)
[2024-08-09T13:25:35.974+0000] {subprocess.py:93} INFO - 24/08/09 13:25:35 INFO StandaloneSchedulerBackend: SchedulerBackend is ready for scheduling beginning after reached minRegisteredResourcesRatio: 0.0
[2024-08-09T13:25:36.216+0000] {subprocess.py:93} INFO - =========== Processing (Market trends) ===================
[2024-08-09T13:25:36.223+0000] {subprocess.py:93} INFO - 24/08/09 13:25:36 INFO SharedState: Setting hive.metastore.warehouse.dir ('null') to the value of spark.sql.warehouse.dir.
[2024-08-09T13:25:36.224+0000] {subprocess.py:93} INFO - 24/08/09 13:25:36 INFO SharedState: Warehouse path is 'file:/tmp/***tmp6g6ywtle/spark-warehouse'.
[2024-08-09T13:25:37.193+0000] {subprocess.py:93} INFO - step 1: loading…
[2024-08-09T13:25:37.370+0000] {subprocess.py:93} INFO - 24/08/09 13:25:37 INFO Version: Elasticsearch Hadoop v8.4.3 [a7873eb469]
[2024-08-09T13:25:37.554+0000] {subprocess.py:93} INFO - 24/08/09 13:25:37 INFO InMemoryFileIndex: It took 95 ms to list leaf files for 1 paths.
[2024-08-09T13:25:37.632+0000] {subprocess.py:93} INFO - 24/08/09 13:25:37 INFO InMemoryFileIndex: It took 2 ms to list leaf files for 1 paths.
[2024-08-09T13:25:39.394+0000] {subprocess.py:93} INFO - 24/08/09 13:25:39 INFO StandaloneAppClient$ClientEndpoint: Executor added: app-20240809132535-0015/0 on worker-20240809124721-172.18.0.6-35359 (172.18.0.6:35359) with 1 core(s)
[2024-08-09T13:25:39.400+0000] {subprocess.py:93} INFO - 24/08/09 13:25:39 INFO StandaloneSchedulerBackend: Granted executor ID app-20240809132535-0015/0 on hostPort 172.18.0.6:35359 with 1 core(s), 1024.0 MiB RAM
[2024-08-09T13:25:39.403+0000] {subprocess.py:93} INFO - 24/08/09 13:25:39 INFO StandaloneAppClient$ClientEndpoint: Executor added: app-20240809132535-0015/1 on worker-20240809124721-172.18.0.7-36933 (172.18.0.7:36933) with 1 core(s)
[2024-08-09T13:25:39.406+0000] {subprocess.py:93} INFO - 24/08/09 13:25:39 INFO StandaloneSchedulerBackend: Granted executor ID app-20240809132535-0015/1 on hostPort 172.18.0.7:36933 with 1 core(s), 1024.0 MiB RAM
[2024-08-09T13:25:39.449+0000] {subprocess.py:93} INFO - 24/08/09 13:25:39 INFO StandaloneAppClient$ClientEndpoint: Executor updated: app-20240809132535-0015/0 is now RUNNING
[2024-08-09T13:25:39.450+0000] {subprocess.py:93} INFO - 24/08/09 13:25:39 INFO StandaloneAppClient$ClientEndpoint: Executor updated: app-20240809132535-0015/1 is now RUNNING
[2024-08-09T13:25:40.457+0000] {subprocess.py:93} INFO - 24/08/09 13:25:40 INFO FileSourceStrategy: Pushed Filters:
[2024-08-09T13:25:40.463+0000] {subprocess.py:93} INFO - 24/08/09 13:25:40 INFO FileSourceStrategy: Post-Scan Filters:
[2024-08-09T13:25:40.729+0000] {subprocess.py:93} INFO - 24/08/09 13:25:40 INFO MemoryStore: Block broadcast_0 stored as values in memory (estimated size 200.9 KiB, free 1458.2 MiB)
[2024-08-09T13:25:40.774+0000] {subprocess.py:93} INFO - 24/08/09 13:25:40 INFO MemoryStore: Block broadcast_0_piece0 stored as bytes in memory (estimated size 34.7 KiB, free 1458.2 MiB)
[2024-08-09T13:25:40.778+0000] {subprocess.py:93} INFO - 24/08/09 13:25:40 INFO BlockManagerInfo: Added broadcast_0_piece0 in memory on 27ef58cc88fc:42733 (size: 34.7 KiB, free: 1458.4 MiB)
[2024-08-09T13:25:40.784+0000] {subprocess.py:93} INFO - 24/08/09 13:25:40 INFO SparkContext: Created broadcast 0 from json at NativeMethodAccessorImpl.java:0
[2024-08-09T13:25:40.804+0000] {subprocess.py:93} INFO - 24/08/09 13:25:40 INFO FileSourceScanExec: Planning scan with bin packing, max size: 4194304 bytes, open cost is considered as scanning 4194304 bytes.
[2024-08-09T13:25:40.980+0000] {subprocess.py:93} INFO - 24/08/09 13:25:40 INFO SparkContext: Starting job: json at NativeMethodAccessorImpl.java:0
[2024-08-09T13:25:40.998+0000] {subprocess.py:93} INFO - 24/08/09 13:25:40 INFO DAGScheduler: Got job 0 (json at NativeMethodAccessorImpl.java:0) with 1 output partitions
[2024-08-09T13:25:40.998+0000] {subprocess.py:93} INFO - 24/08/09 13:25:40 INFO DAGScheduler: Final stage: ResultStage 0 (json at NativeMethodAccessorImpl.java:0)
[2024-08-09T13:25:40.999+0000] {subprocess.py:93} INFO - 24/08/09 13:25:40 INFO DAGScheduler: Parents of final stage: List()
[2024-08-09T13:25:41.000+0000] {subprocess.py:93} INFO - 24/08/09 13:25:41 INFO DAGScheduler: Missing parents: List()
[2024-08-09T13:25:41.004+0000] {subprocess.py:93} INFO - 24/08/09 13:25:41 INFO DAGScheduler: Submitting ResultStage 0 (MapPartitionsRDD[3] at json at NativeMethodAccessorImpl.java:0), which has no missing parents
[2024-08-09T13:25:41.106+0000] {subprocess.py:93} INFO - 24/08/09 13:25:41 INFO MemoryStore: Block broadcast_1 stored as values in memory (estimated size 16.6 KiB, free 1458.2 MiB)
[2024-08-09T13:25:41.107+0000] {subprocess.py:93} INFO - 24/08/09 13:25:41 INFO MemoryStore: Block broadcast_1_piece0 stored as bytes in memory (estimated size 7.8 KiB, free 1458.1 MiB)
[2024-08-09T13:25:41.109+0000] {subprocess.py:93} INFO - 24/08/09 13:25:41 INFO BlockManagerInfo: Added broadcast_1_piece0 in memory on 27ef58cc88fc:42733 (size: 7.8 KiB, free: 1458.4 MiB)
[2024-08-09T13:25:41.110+0000] {subprocess.py:93} INFO - 24/08/09 13:25:41 INFO SparkContext: Created broadcast 1 from broadcast at DAGScheduler.scala:1585
[2024-08-09T13:25:41.127+0000] {subprocess.py:93} INFO - 24/08/09 13:25:41 INFO DAGScheduler: Submitting 1 missing tasks from ResultStage 0 (MapPartitionsRDD[3] at json at NativeMethodAccessorImpl.java:0) (first 15 tasks are for partitions Vector(0))
[2024-08-09T13:25:41.127+0000] {subprocess.py:93} INFO - 24/08/09 13:25:41 INFO TaskSchedulerImpl: Adding task set 0.0 with 1 tasks resource profile 0
[2024-08-09T13:25:41.902+0000] {subprocess.py:93} INFO - 24/08/09 13:25:41 INFO StandaloneSchedulerBackend$StandaloneDriverEndpoint: Registered executor NettyRpcEndpointRef(spark-client://Executor) (172.18.0.6:53812) with ID 0,  ResourceProfileId 0
[2024-08-09T13:25:41.903+0000] {subprocess.py:93} INFO - 24/08/09 13:25:41 INFO StandaloneSchedulerBackend$StandaloneDriverEndpoint: Registered executor NettyRpcEndpointRef(spark-client://Executor) (172.18.0.7:32958) with ID 1,  ResourceProfileId 0
[2024-08-09T13:25:41.956+0000] {subprocess.py:93} INFO - 24/08/09 13:25:41 INFO BlockManagerMasterEndpoint: Registering block manager 172.18.0.6:46449 with 1458.4 MiB RAM, BlockManagerId(0, 172.18.0.6, 46449, None)
[2024-08-09T13:25:41.956+0000] {subprocess.py:93} INFO - 24/08/09 13:25:41 INFO BlockManagerMasterEndpoint: Registering block manager 172.18.0.7:45961 with 1458.4 MiB RAM, BlockManagerId(1, 172.18.0.7, 45961, None)
[2024-08-09T13:25:42.073+0000] {subprocess.py:93} INFO - 24/08/09 13:25:42 INFO TaskSetManager: Starting task 0.0 in stage 0.0 (TID 0) (172.18.0.6, executor 0, partition 0, PROCESS_LOCAL, 8427 bytes)
[2024-08-09T13:25:42.282+0000] {subprocess.py:93} INFO - 24/08/09 13:25:42 INFO BlockManagerInfo: Added broadcast_1_piece0 in memory on 172.18.0.6:46449 (size: 7.8 KiB, free: 1458.4 MiB)
[2024-08-09T13:25:42.886+0000] {subprocess.py:93} INFO - 24/08/09 13:25:42 INFO BlockManagerInfo: Added broadcast_0_piece0 in memory on 172.18.0.6:46449 (size: 34.7 KiB, free: 1458.4 MiB)
[2024-08-09T13:25:43.017+0000] {subprocess.py:93} INFO - 24/08/09 13:25:43 INFO TaskSetManager: Finished task 0.0 in stage 0.0 (TID 0) in 954 ms on 172.18.0.6 (executor 0) (1/1)
[2024-08-09T13:25:43.018+0000] {subprocess.py:93} INFO - 24/08/09 13:25:43 INFO TaskSchedulerImpl: Removed TaskSet 0.0, whose tasks have all completed, from pool
[2024-08-09T13:25:43.022+0000] {subprocess.py:93} INFO - 24/08/09 13:25:43 INFO DAGScheduler: ResultStage 0 (json at NativeMethodAccessorImpl.java:0) finished in 2.007 s
[2024-08-09T13:25:43.024+0000] {subprocess.py:93} INFO - 24/08/09 13:25:43 INFO DAGScheduler: Job 0 is finished. Cancelling potential speculative or zombie tasks for this job
[2024-08-09T13:25:43.025+0000] {subprocess.py:93} INFO - 24/08/09 13:25:43 INFO TaskSchedulerImpl: Killing all running tasks in stage 0: Stage finished
[2024-08-09T13:25:43.027+0000] {subprocess.py:93} INFO - 24/08/09 13:25:43 INFO DAGScheduler: Job 0 finished: json at NativeMethodAccessorImpl.java:0, took 2.045819 s
[2024-08-09T13:25:43.059+0000] {subprocess.py:93} INFO - step 2: processing…
[2024-08-09T13:25:43.124+0000] {subprocess.py:93} INFO - step 3: writing…
[2024-08-09T13:25:43.504+0000] {subprocess.py:93} INFO - 24/08/09 13:25:43 INFO BlockManagerInfo: Removed broadcast_1_piece0 on 27ef58cc88fc:42733 in memory (size: 7.8 KiB, free: 1458.4 MiB)
[2024-08-09T13:25:43.516+0000] {subprocess.py:93} INFO - 24/08/09 13:25:43 INFO DataSource: Overwriting data for market_trends
[2024-08-09T13:25:43.543+0000] {subprocess.py:93} INFO - 24/08/09 13:25:43 INFO BlockManagerInfo: Removed broadcast_1_piece0 on 172.18.0.6:46449 in memory (size: 7.8 KiB, free: 1458.4 MiB)
[2024-08-09T13:25:43.546+0000] {subprocess.py:93} INFO - 24/08/09 13:25:43 INFO RestRepository: Skipping delete by query as the plugin is not installed...
[2024-08-09T13:25:43.576+0000] {subprocess.py:93} INFO - 24/08/09 13:25:43 INFO BlockManagerInfo: Removed broadcast_0_piece0 on 27ef58cc88fc:42733 in memory (size: 34.7 KiB, free: 1458.4 MiB)
[2024-08-09T13:25:43.581+0000] {subprocess.py:93} INFO - 24/08/09 13:25:43 INFO BlockManagerInfo: Removed broadcast_0_piece0 on 172.18.0.6:46449 in memory (size: 34.7 KiB, free: 1458.4 MiB)
[2024-08-09T13:25:43.655+0000] {subprocess.py:93} INFO - 24/08/09 13:25:43 INFO FileSourceStrategy: Pushed Filters:
[2024-08-09T13:25:43.655+0000] {subprocess.py:93} INFO - 24/08/09 13:25:43 INFO FileSourceStrategy: Post-Scan Filters:
[2024-08-09T13:25:43.826+0000] {subprocess.py:93} INFO - 24/08/09 13:25:43 INFO CodeGenerator: Code generated in 122.603042 ms
[2024-08-09T13:25:43.830+0000] {subprocess.py:93} INFO - 24/08/09 13:25:43 INFO MemoryStore: Block broadcast_2 stored as values in memory (estimated size 200.9 KiB, free 1458.2 MiB)
[2024-08-09T13:25:43.836+0000] {subprocess.py:93} INFO - 24/08/09 13:25:43 INFO MemoryStore: Block broadcast_2_piece0 stored as bytes in memory (estimated size 34.7 KiB, free 1458.2 MiB)
[2024-08-09T13:25:43.837+0000] {subprocess.py:93} INFO - 24/08/09 13:25:43 INFO BlockManagerInfo: Added broadcast_2_piece0 in memory on 27ef58cc88fc:42733 (size: 34.7 KiB, free: 1458.4 MiB)
[2024-08-09T13:25:43.841+0000] {subprocess.py:93} INFO - 24/08/09 13:25:43 INFO SparkContext: Created broadcast 2 from rdd at EsSparkSQL.scala:103
[2024-08-09T13:25:43.842+0000] {subprocess.py:93} INFO - 24/08/09 13:25:43 INFO FileSourceScanExec: Planning scan with bin packing, max size: 4194304 bytes, open cost is considered as scanning 4194304 bytes.
[2024-08-09T13:25:43.866+0000] {subprocess.py:93} INFO - 24/08/09 13:25:43 INFO SparkContext: Starting job: runJob at EsSparkSQL.scala:103
[2024-08-09T13:25:43.868+0000] {subprocess.py:93} INFO - 24/08/09 13:25:43 INFO DAGScheduler: Got job 1 (runJob at EsSparkSQL.scala:103) with 1 output partitions
[2024-08-09T13:25:43.868+0000] {subprocess.py:93} INFO - 24/08/09 13:25:43 INFO DAGScheduler: Final stage: ResultStage 1 (runJob at EsSparkSQL.scala:103)
[2024-08-09T13:25:43.869+0000] {subprocess.py:93} INFO - 24/08/09 13:25:43 INFO DAGScheduler: Parents of final stage: List()
[2024-08-09T13:25:43.870+0000] {subprocess.py:93} INFO - 24/08/09 13:25:43 INFO DAGScheduler: Missing parents: List()
[2024-08-09T13:25:43.870+0000] {subprocess.py:93} INFO - 24/08/09 13:25:43 INFO DAGScheduler: Submitting ResultStage 1 (MapPartitionsRDD[9] at rdd at EsSparkSQL.scala:103), which has no missing parents
[2024-08-09T13:25:43.891+0000] {subprocess.py:93} INFO - 24/08/09 13:25:43 INFO MemoryStore: Block broadcast_3 stored as values in memory (estimated size 36.9 KiB, free 1458.1 MiB)
[2024-08-09T13:25:43.895+0000] {subprocess.py:93} INFO - 24/08/09 13:25:43 INFO MemoryStore: Block broadcast_3_piece0 stored as bytes in memory (estimated size 15.6 KiB, free 1458.1 MiB)
[2024-08-09T13:25:43.896+0000] {subprocess.py:93} INFO - 24/08/09 13:25:43 INFO BlockManagerInfo: Added broadcast_3_piece0 in memory on 27ef58cc88fc:42733 (size: 15.6 KiB, free: 1458.4 MiB)
[2024-08-09T13:25:43.896+0000] {subprocess.py:93} INFO - 24/08/09 13:25:43 INFO SparkContext: Created broadcast 3 from broadcast at DAGScheduler.scala:1585
[2024-08-09T13:25:43.896+0000] {subprocess.py:93} INFO - 24/08/09 13:25:43 INFO DAGScheduler: Submitting 1 missing tasks from ResultStage 1 (MapPartitionsRDD[9] at rdd at EsSparkSQL.scala:103) (first 15 tasks are for partitions Vector(0))
[2024-08-09T13:25:43.896+0000] {subprocess.py:93} INFO - 24/08/09 13:25:43 INFO TaskSchedulerImpl: Adding task set 1.0 with 1 tasks resource profile 0
[2024-08-09T13:25:43.898+0000] {subprocess.py:93} INFO - 24/08/09 13:25:43 INFO TaskSetManager: Starting task 0.0 in stage 1.0 (TID 1) (172.18.0.6, executor 0, partition 0, PROCESS_LOCAL, 8427 bytes)
[2024-08-09T13:25:43.920+0000] {subprocess.py:93} INFO - 24/08/09 13:25:43 INFO BlockManagerInfo: Added broadcast_3_piece0 in memory on 172.18.0.6:46449 (size: 15.6 KiB, free: 1458.4 MiB)
[2024-08-09T13:25:44.788+0000] {subprocess.py:93} INFO - 24/08/09 13:25:44 INFO BlockManagerInfo: Added broadcast_2_piece0 in memory on 172.18.0.6:46449 (size: 34.7 KiB, free: 1458.4 MiB)
[2024-08-09T13:25:44.963+0000] {subprocess.py:93} INFO - 24/08/09 13:25:44 INFO TaskSetManager: Finished task 0.0 in stage 1.0 (TID 1) in 1066 ms on 172.18.0.6 (executor 0) (1/1)
[2024-08-09T13:25:44.963+0000] {subprocess.py:93} INFO - 24/08/09 13:25:44 INFO TaskSchedulerImpl: Removed TaskSet 1.0, whose tasks have all completed, from pool
[2024-08-09T13:25:44.964+0000] {subprocess.py:93} INFO - 24/08/09 13:25:44 INFO DAGScheduler: ResultStage 1 (runJob at EsSparkSQL.scala:103) finished in 1.093 s
[2024-08-09T13:25:44.964+0000] {subprocess.py:93} INFO - 24/08/09 13:25:44 INFO DAGScheduler: Job 1 is finished. Cancelling potential speculative or zombie tasks for this job
[2024-08-09T13:25:44.965+0000] {subprocess.py:93} INFO - 24/08/09 13:25:44 INFO TaskSchedulerImpl: Killing all running tasks in stage 1: Stage finished
[2024-08-09T13:25:44.966+0000] {subprocess.py:93} INFO - 24/08/09 13:25:44 INFO DAGScheduler: Job 1 finished: runJob at EsSparkSQL.scala:103, took 1.097900 s
[2024-08-09T13:25:44.968+0000] {subprocess.py:93} INFO - =========== Processing (stock time series) ===================
[2024-08-09T13:25:44.968+0000] {subprocess.py:93} INFO - step 1: loading…
[2024-08-09T13:25:44.975+0000] {subprocess.py:93} INFO - 24/08/09 13:25:44 INFO InMemoryFileIndex: It took 1 ms to list leaf files for 1 paths.
[2024-08-09T13:25:44.979+0000] {subprocess.py:93} INFO - 24/08/09 13:25:44 INFO InMemoryFileIndex: It took 0 ms to list leaf files for 1 paths.
[2024-08-09T13:25:45.006+0000] {subprocess.py:93} INFO - 24/08/09 13:25:45 INFO FileSourceStrategy: Pushed Filters:
[2024-08-09T13:25:45.006+0000] {subprocess.py:93} INFO - 24/08/09 13:25:45 INFO FileSourceStrategy: Post-Scan Filters:
[2024-08-09T13:25:45.010+0000] {subprocess.py:93} INFO - 24/08/09 13:25:45 INFO MemoryStore: Block broadcast_4 stored as values in memory (estimated size 200.9 KiB, free 1457.9 MiB)
[2024-08-09T13:25:45.018+0000] {subprocess.py:93} INFO - 24/08/09 13:25:45 INFO MemoryStore: Block broadcast_4_piece0 stored as bytes in memory (estimated size 34.7 KiB, free 1457.9 MiB)
[2024-08-09T13:25:45.021+0000] {subprocess.py:93} INFO - 24/08/09 13:25:45 INFO BlockManagerInfo: Added broadcast_4_piece0 in memory on 27ef58cc88fc:42733 (size: 34.7 KiB, free: 1458.3 MiB)
[2024-08-09T13:25:45.025+0000] {subprocess.py:93} INFO - 24/08/09 13:25:45 INFO SparkContext: Created broadcast 4 from json at NativeMethodAccessorImpl.java:0
[2024-08-09T13:25:45.025+0000] {subprocess.py:93} INFO - 24/08/09 13:25:45 INFO FileSourceScanExec: Planning scan with bin packing, max size: 4194304 bytes, open cost is considered as scanning 4194304 bytes.
[2024-08-09T13:25:45.027+0000] {subprocess.py:93} INFO - 24/08/09 13:25:45 INFO SparkContext: Starting job: json at NativeMethodAccessorImpl.java:0
[2024-08-09T13:25:45.028+0000] {subprocess.py:93} INFO - 24/08/09 13:25:45 INFO DAGScheduler: Got job 2 (json at NativeMethodAccessorImpl.java:0) with 1 output partitions
[2024-08-09T13:25:45.028+0000] {subprocess.py:93} INFO - 24/08/09 13:25:45 INFO DAGScheduler: Final stage: ResultStage 2 (json at NativeMethodAccessorImpl.java:0)
[2024-08-09T13:25:45.029+0000] {subprocess.py:93} INFO - 24/08/09 13:25:45 INFO DAGScheduler: Parents of final stage: List()
[2024-08-09T13:25:45.029+0000] {subprocess.py:93} INFO - 24/08/09 13:25:45 INFO DAGScheduler: Missing parents: List()
[2024-08-09T13:25:45.030+0000] {subprocess.py:93} INFO - 24/08/09 13:25:45 INFO DAGScheduler: Submitting ResultStage 2 (MapPartitionsRDD[13] at json at NativeMethodAccessorImpl.java:0), which has no missing parents
[2024-08-09T13:25:45.032+0000] {subprocess.py:93} INFO - 24/08/09 13:25:45 INFO MemoryStore: Block broadcast_5 stored as values in memory (estimated size 16.6 KiB, free 1457.9 MiB)
[2024-08-09T13:25:45.034+0000] {subprocess.py:93} INFO - 24/08/09 13:25:45 INFO MemoryStore: Block broadcast_5_piece0 stored as bytes in memory (estimated size 7.8 KiB, free 1457.9 MiB)
[2024-08-09T13:25:45.036+0000] {subprocess.py:93} INFO - 24/08/09 13:25:45 INFO BlockManagerInfo: Added broadcast_5_piece0 in memory on 27ef58cc88fc:42733 (size: 7.8 KiB, free: 1458.3 MiB)
[2024-08-09T13:25:45.036+0000] {subprocess.py:93} INFO - 24/08/09 13:25:45 INFO SparkContext: Created broadcast 5 from broadcast at DAGScheduler.scala:1585
[2024-08-09T13:25:45.036+0000] {subprocess.py:93} INFO - 24/08/09 13:25:45 INFO DAGScheduler: Submitting 1 missing tasks from ResultStage 2 (MapPartitionsRDD[13] at json at NativeMethodAccessorImpl.java:0) (first 15 tasks are for partitions Vector(0))
[2024-08-09T13:25:45.036+0000] {subprocess.py:93} INFO - 24/08/09 13:25:45 INFO TaskSchedulerImpl: Adding task set 2.0 with 1 tasks resource profile 0
[2024-08-09T13:25:45.037+0000] {subprocess.py:93} INFO - 24/08/09 13:25:45 INFO TaskSetManager: Starting task 0.0 in stage 2.0 (TID 2) (172.18.0.6, executor 0, partition 0, PROCESS_LOCAL, 8431 bytes)
[2024-08-09T13:25:45.048+0000] {subprocess.py:93} INFO - 24/08/09 13:25:45 INFO BlockManagerInfo: Added broadcast_5_piece0 in memory on 172.18.0.6:46449 (size: 7.8 KiB, free: 1458.3 MiB)
[2024-08-09T13:25:45.061+0000] {subprocess.py:93} INFO - 24/08/09 13:25:45 INFO BlockManagerInfo: Added broadcast_4_piece0 in memory on 172.18.0.6:46449 (size: 34.7 KiB, free: 1458.3 MiB)
[2024-08-09T13:25:45.107+0000] {subprocess.py:93} INFO - 24/08/09 13:25:45 INFO TaskSetManager: Finished task 0.0 in stage 2.0 (TID 2) in 69 ms on 172.18.0.6 (executor 0) (1/1)
[2024-08-09T13:25:45.107+0000] {subprocess.py:93} INFO - 24/08/09 13:25:45 INFO TaskSchedulerImpl: Removed TaskSet 2.0, whose tasks have all completed, from pool
[2024-08-09T13:25:45.108+0000] {subprocess.py:93} INFO - 24/08/09 13:25:45 INFO DAGScheduler: ResultStage 2 (json at NativeMethodAccessorImpl.java:0) finished in 0.077 s
[2024-08-09T13:25:45.111+0000] {subprocess.py:93} INFO - 24/08/09 13:25:45 INFO DAGScheduler: Job 2 is finished. Cancelling potential speculative or zombie tasks for this job
[2024-08-09T13:25:45.112+0000] {subprocess.py:93} INFO - 24/08/09 13:25:45 INFO TaskSchedulerImpl: Killing all running tasks in stage 2: Stage finished
[2024-08-09T13:25:45.112+0000] {subprocess.py:93} INFO - 24/08/09 13:25:45 INFO DAGScheduler: Job 2 finished: json at NativeMethodAccessorImpl.java:0, took 0.080539 s
[2024-08-09T13:25:45.370+0000] {subprocess.py:93} INFO - 24/08/09 13:25:45 INFO BlockManagerInfo: Removed broadcast_4_piece0 on 27ef58cc88fc:42733 in memory (size: 34.7 KiB, free: 1458.3 MiB)
[2024-08-09T13:25:45.381+0000] {subprocess.py:93} INFO - 24/08/09 13:25:45 INFO BlockManagerInfo: Removed broadcast_4_piece0 on 172.18.0.6:46449 in memory (size: 34.7 KiB, free: 1458.3 MiB)
[2024-08-09T13:25:45.395+0000] {subprocess.py:93} INFO - 24/08/09 13:25:45 INFO BlockManagerInfo: Removed broadcast_5_piece0 on 27ef58cc88fc:42733 in memory (size: 7.8 KiB, free: 1458.4 MiB)
[2024-08-09T13:25:45.399+0000] {subprocess.py:93} INFO - 24/08/09 13:25:45 INFO BlockManagerInfo: Removed broadcast_5_piece0 on 172.18.0.6:46449 in memory (size: 7.8 KiB, free: 1458.4 MiB)
[2024-08-09T13:25:45.407+0000] {subprocess.py:93} INFO - 24/08/09 13:25:45 INFO BlockManagerInfo: Removed broadcast_3_piece0 on 27ef58cc88fc:42733 in memory (size: 15.6 KiB, free: 1458.4 MiB)
[2024-08-09T13:25:45.412+0000] {subprocess.py:93} INFO - 24/08/09 13:25:45 INFO BlockManagerInfo: Removed broadcast_3_piece0 on 172.18.0.6:46449 in memory (size: 15.6 KiB, free: 1458.4 MiB)
[2024-08-09T13:25:45.423+0000] {subprocess.py:93} INFO - 24/08/09 13:25:45 INFO BlockManagerInfo: Removed broadcast_2_piece0 on 27ef58cc88fc:42733 in memory (size: 34.7 KiB, free: 1458.4 MiB)
[2024-08-09T13:25:45.429+0000] {subprocess.py:93} INFO - 24/08/09 13:25:45 INFO BlockManagerInfo: Removed broadcast_2_piece0 on 172.18.0.6:46449 in memory (size: 34.7 KiB, free: 1458.4 MiB)
[2024-08-09T13:25:45.615+0000] {subprocess.py:93} INFO - 24/08/09 13:25:45 WARN SparkStringUtils: Truncated the string representation of a plan since it was too large. This behavior can be adjusted by setting 'spark.sql.debug.maxToStringFields'.
[2024-08-09T13:25:45.637+0000] {subprocess.py:93} INFO - step 2: processing…
[2024-08-09T13:25:46.124+0000] {subprocess.py:93} INFO - 24/08/09 13:25:46 INFO FileSourceStrategy: Pushed Filters:
[2024-08-09T13:25:46.124+0000] {subprocess.py:93} INFO - 24/08/09 13:25:46 INFO FileSourceStrategy: Post-Scan Filters:
[2024-08-09T13:25:46.148+0000] {subprocess.py:93} INFO - 24/08/09 13:25:46 INFO MemoryStore: Block broadcast_6 stored as values in memory (estimated size 200.9 KiB, free 1458.2 MiB)
[2024-08-09T13:25:46.160+0000] {subprocess.py:93} INFO - 24/08/09 13:25:46 INFO MemoryStore: Block broadcast_6_piece0 stored as bytes in memory (estimated size 34.7 KiB, free 1458.2 MiB)
[2024-08-09T13:25:46.162+0000] {subprocess.py:93} INFO - 24/08/09 13:25:46 INFO BlockManagerInfo: Added broadcast_6_piece0 in memory on 27ef58cc88fc:42733 (size: 34.7 KiB, free: 1458.4 MiB)
[2024-08-09T13:25:46.164+0000] {subprocess.py:93} INFO - 24/08/09 13:25:46 INFO SparkContext: Created broadcast 6 from showString at NativeMethodAccessorImpl.java:0
[2024-08-09T13:25:46.168+0000] {subprocess.py:93} INFO - 24/08/09 13:25:46 INFO FileSourceScanExec: Planning scan with bin packing, max size: 4194304 bytes, open cost is considered as scanning 4194304 bytes.
[2024-08-09T13:25:46.178+0000] {subprocess.py:93} INFO - 24/08/09 13:25:46 INFO SparkContext: Starting job: showString at NativeMethodAccessorImpl.java:0
[2024-08-09T13:25:46.180+0000] {subprocess.py:93} INFO - 24/08/09 13:25:46 INFO DAGScheduler: Got job 3 (showString at NativeMethodAccessorImpl.java:0) with 1 output partitions
[2024-08-09T13:25:46.180+0000] {subprocess.py:93} INFO - 24/08/09 13:25:46 INFO DAGScheduler: Final stage: ResultStage 3 (showString at NativeMethodAccessorImpl.java:0)
[2024-08-09T13:25:46.180+0000] {subprocess.py:93} INFO - 24/08/09 13:25:46 INFO DAGScheduler: Parents of final stage: List()
[2024-08-09T13:25:46.181+0000] {subprocess.py:93} INFO - 24/08/09 13:25:46 INFO DAGScheduler: Missing parents: List()
[2024-08-09T13:25:46.182+0000] {subprocess.py:93} INFO - 24/08/09 13:25:46 INFO DAGScheduler: Submitting ResultStage 3 (MapPartitionsRDD[17] at showString at NativeMethodAccessorImpl.java:0), which has no missing parents
[2024-08-09T13:25:46.224+0000] {subprocess.py:93} INFO - 24/08/09 13:25:46 INFO MemoryStore: Block broadcast_7 stored as values in memory (estimated size 82.3 KiB, free 1458.1 MiB)
[2024-08-09T13:25:46.227+0000] {subprocess.py:93} INFO - 24/08/09 13:25:46 INFO MemoryStore: Block broadcast_7_piece0 stored as bytes in memory (estimated size 15.0 KiB, free 1458.1 MiB)
[2024-08-09T13:25:46.227+0000] {subprocess.py:93} INFO - 24/08/09 13:25:46 INFO BlockManagerInfo: Added broadcast_7_piece0 in memory on 27ef58cc88fc:42733 (size: 15.0 KiB, free: 1458.4 MiB)
[2024-08-09T13:25:46.228+0000] {subprocess.py:93} INFO - 24/08/09 13:25:46 INFO SparkContext: Created broadcast 7 from broadcast at DAGScheduler.scala:1585
[2024-08-09T13:25:46.228+0000] {subprocess.py:93} INFO - 24/08/09 13:25:46 INFO DAGScheduler: Submitting 1 missing tasks from ResultStage 3 (MapPartitionsRDD[17] at showString at NativeMethodAccessorImpl.java:0) (first 15 tasks are for partitions Vector(0))
[2024-08-09T13:25:46.229+0000] {subprocess.py:93} INFO - 24/08/09 13:25:46 INFO TaskSchedulerImpl: Adding task set 3.0 with 1 tasks resource profile 0
[2024-08-09T13:25:46.229+0000] {subprocess.py:93} INFO - 24/08/09 13:25:46 INFO TaskSetManager: Starting task 0.0 in stage 3.0 (TID 3) (172.18.0.6, executor 0, partition 0, PROCESS_LOCAL, 8431 bytes)
[2024-08-09T13:25:46.268+0000] {subprocess.py:93} INFO - 24/08/09 13:25:46 INFO BlockManagerInfo: Added broadcast_7_piece0 in memory on 172.18.0.6:46449 (size: 15.0 KiB, free: 1458.4 MiB)
[2024-08-09T13:25:47.440+0000] {subprocess.py:93} INFO - 24/08/09 13:25:47 INFO BlockManagerInfo: Added broadcast_6_piece0 in memory on 172.18.0.6:46449 (size: 34.7 KiB, free: 1458.4 MiB)
[2024-08-09T13:25:47.486+0000] {subprocess.py:93} INFO - 24/08/09 13:25:47 INFO TaskSetManager: Finished task 0.0 in stage 3.0 (TID 3) in 1259 ms on 172.18.0.6 (executor 0) (1/1)
[2024-08-09T13:25:47.487+0000] {subprocess.py:93} INFO - 24/08/09 13:25:47 INFO TaskSchedulerImpl: Removed TaskSet 3.0, whose tasks have all completed, from pool
[2024-08-09T13:25:47.487+0000] {subprocess.py:93} INFO - 24/08/09 13:25:47 INFO DAGScheduler: ResultStage 3 (showString at NativeMethodAccessorImpl.java:0) finished in 1.305 s
[2024-08-09T13:25:47.492+0000] {subprocess.py:93} INFO - 24/08/09 13:25:47 INFO DAGScheduler: Job 3 is finished. Cancelling potential speculative or zombie tasks for this job
[2024-08-09T13:25:47.492+0000] {subprocess.py:93} INFO - 24/08/09 13:25:47 INFO TaskSchedulerImpl: Killing all running tasks in stage 3: Stage finished
[2024-08-09T13:25:47.495+0000] {subprocess.py:93} INFO - 24/08/09 13:25:47 INFO DAGScheduler: Job 3 finished: showString at NativeMethodAccessorImpl.java:0, took 1.309260 s
[2024-08-09T13:25:47.521+0000] {subprocess.py:93} INFO - 24/08/09 13:25:47 INFO BlockManagerInfo: Removed broadcast_7_piece0 on 27ef58cc88fc:42733 in memory (size: 15.0 KiB, free: 1458.4 MiB)
[2024-08-09T13:25:47.531+0000] {subprocess.py:93} INFO - 24/08/09 13:25:47 INFO BlockManagerInfo: Removed broadcast_7_piece0 on 172.18.0.6:46449 in memory (size: 15.0 KiB, free: 1458.4 MiB)
[2024-08-09T13:25:47.560+0000] {subprocess.py:93} INFO - 24/08/09 13:25:47 INFO CodeGenerator: Code generated in 52.528083 ms
[2024-08-09T13:25:47.569+0000] {subprocess.py:93} INFO - +------+--------------+------------+----------+-------------------+------+------------------+-------------------------+---------------------------------+--------------+------+-----------+--------------------+-----+--------------+--------------------+
[2024-08-09T13:25:47.572+0000] {subprocess.py:93} INFO - |change|change_percent|interval_sec|key_events|    last_update_utc|period|pre_or_post_market|pre_or_post_market_change|pre_or_post_market_change_percent|previous_close| price|     symbol|         time_series| type|utc_offset_sec|price_change_percent|
[2024-08-09T13:25:47.573+0000] {subprocess.py:93} INFO - +------+--------------+------------+----------+-------------------+------+------------------+-------------------------+---------------------------------+--------------+------+-----------+--------------------+-----+--------------+--------------------+
[2024-08-09T13:25:47.573+0000] {subprocess.py:93} INFO - |     0|             0|          60|        []|2024-08-09 13:25:03|    1D|             211.4|                    -1.91|                          -0.8954|        213.31|213.31|AAPL:NASDAQ|{{-0.24, -0.0011,...|stock|        -14400|                 0.0|
[2024-08-09T13:25:47.573+0000] {subprocess.py:93} INFO - +------+--------------+------------+----------+-------------------+------+------------------+-------------------------+---------------------------------+--------------+------+-----------+--------------------+-----+--------------+--------------------+
[2024-08-09T13:25:47.573+0000] {subprocess.py:93} INFO - 
[2024-08-09T13:25:47.607+0000] {subprocess.py:93} INFO - 24/08/09 13:25:47 INFO FileSourceStrategy: Pushed Filters:
[2024-08-09T13:25:47.607+0000] {subprocess.py:93} INFO - 24/08/09 13:25:47 INFO FileSourceStrategy: Post-Scan Filters:
[2024-08-09T13:25:47.628+0000] {subprocess.py:93} INFO - 24/08/09 13:25:47 INFO MemoryStore: Block broadcast_8 stored as values in memory (estimated size 200.9 KiB, free 1458.0 MiB)
[2024-08-09T13:25:47.634+0000] {subprocess.py:93} INFO - 24/08/09 13:25:47 INFO MemoryStore: Block broadcast_8_piece0 stored as bytes in memory (estimated size 34.7 KiB, free 1457.9 MiB)
[2024-08-09T13:25:47.636+0000] {subprocess.py:93} INFO - 24/08/09 13:25:47 INFO BlockManagerInfo: Added broadcast_8_piece0 in memory on 27ef58cc88fc:42733 (size: 34.7 KiB, free: 1458.3 MiB)
[2024-08-09T13:25:47.639+0000] {subprocess.py:93} INFO - 24/08/09 13:25:47 INFO SparkContext: Created broadcast 8 from showString at NativeMethodAccessorImpl.java:0
[2024-08-09T13:25:47.642+0000] {subprocess.py:93} INFO - 24/08/09 13:25:47 INFO FileSourceScanExec: Planning scan with bin packing, max size: 4194304 bytes, open cost is considered as scanning 4194304 bytes.
[2024-08-09T13:25:47.646+0000] {subprocess.py:93} INFO - 24/08/09 13:25:47 INFO SparkContext: Starting job: showString at NativeMethodAccessorImpl.java:0
[2024-08-09T13:25:47.648+0000] {subprocess.py:93} INFO - 24/08/09 13:25:47 INFO DAGScheduler: Got job 4 (showString at NativeMethodAccessorImpl.java:0) with 1 output partitions
[2024-08-09T13:25:47.648+0000] {subprocess.py:93} INFO - 24/08/09 13:25:47 INFO DAGScheduler: Final stage: ResultStage 4 (showString at NativeMethodAccessorImpl.java:0)
[2024-08-09T13:25:47.650+0000] {subprocess.py:93} INFO - 24/08/09 13:25:47 INFO DAGScheduler: Parents of final stage: List()
[2024-08-09T13:25:47.653+0000] {subprocess.py:93} INFO - 24/08/09 13:25:47 INFO DAGScheduler: Missing parents: List()
[2024-08-09T13:25:47.654+0000] {subprocess.py:93} INFO - 24/08/09 13:25:47 INFO DAGScheduler: Submitting ResultStage 4 (MapPartitionsRDD[21] at showString at NativeMethodAccessorImpl.java:0), which has no missing parents
[2024-08-09T13:25:47.681+0000] {subprocess.py:93} INFO - 24/08/09 13:25:47 INFO MemoryStore: Block broadcast_9 stored as values in memory (estimated size 118.2 KiB, free 1457.8 MiB)
[2024-08-09T13:25:47.681+0000] {subprocess.py:93} INFO - 24/08/09 13:25:47 INFO MemoryStore: Block broadcast_9_piece0 stored as bytes in memory (estimated size 20.1 KiB, free 1457.8 MiB)
[2024-08-09T13:25:47.682+0000] {subprocess.py:93} INFO - 24/08/09 13:25:47 INFO BlockManagerInfo: Added broadcast_9_piece0 in memory on 27ef58cc88fc:42733 (size: 20.1 KiB, free: 1458.3 MiB)
[2024-08-09T13:25:47.682+0000] {subprocess.py:93} INFO - 24/08/09 13:25:47 INFO SparkContext: Created broadcast 9 from broadcast at DAGScheduler.scala:1585
[2024-08-09T13:25:47.682+0000] {subprocess.py:93} INFO - 24/08/09 13:25:47 INFO DAGScheduler: Submitting 1 missing tasks from ResultStage 4 (MapPartitionsRDD[21] at showString at NativeMethodAccessorImpl.java:0) (first 15 tasks are for partitions Vector(0))
[2024-08-09T13:25:47.683+0000] {subprocess.py:93} INFO - 24/08/09 13:25:47 INFO TaskSchedulerImpl: Adding task set 4.0 with 1 tasks resource profile 0
[2024-08-09T13:25:47.683+0000] {subprocess.py:93} INFO - 24/08/09 13:25:47 INFO TaskSetManager: Starting task 0.0 in stage 4.0 (TID 4) (172.18.0.6, executor 0, partition 0, PROCESS_LOCAL, 8431 bytes)
[2024-08-09T13:25:47.708+0000] {subprocess.py:93} INFO - 24/08/09 13:25:47 INFO BlockManagerInfo: Added broadcast_9_piece0 in memory on 172.18.0.6:46449 (size: 20.1 KiB, free: 1458.3 MiB)
[2024-08-09T13:25:47.900+0000] {subprocess.py:93} INFO - 24/08/09 13:25:47 INFO BlockManagerInfo: Added broadcast_8_piece0 in memory on 172.18.0.6:46449 (size: 34.7 KiB, free: 1458.3 MiB)
[2024-08-09T13:25:47.930+0000] {subprocess.py:93} INFO - 24/08/09 13:25:47 INFO TaskSetManager: Finished task 0.0 in stage 4.0 (TID 4) in 247 ms on 172.18.0.6 (executor 0) (1/1)
[2024-08-09T13:25:47.932+0000] {subprocess.py:93} INFO - 24/08/09 13:25:47 INFO TaskSchedulerImpl: Removed TaskSet 4.0, whose tasks have all completed, from pool
[2024-08-09T13:25:47.934+0000] {subprocess.py:93} INFO - 24/08/09 13:25:47 INFO DAGScheduler: ResultStage 4 (showString at NativeMethodAccessorImpl.java:0) finished in 0.276 s
[2024-08-09T13:25:47.935+0000] {subprocess.py:93} INFO - 24/08/09 13:25:47 INFO DAGScheduler: Job 4 is finished. Cancelling potential speculative or zombie tasks for this job
[2024-08-09T13:25:47.936+0000] {subprocess.py:93} INFO - 24/08/09 13:25:47 INFO TaskSchedulerImpl: Killing all running tasks in stage 4: Stage finished
[2024-08-09T13:25:47.937+0000] {subprocess.py:93} INFO - 24/08/09 13:25:47 INFO DAGScheduler: Job 4 finished: showString at NativeMethodAccessorImpl.java:0, took 0.285821 s
[2024-08-09T13:25:47.952+0000] {subprocess.py:93} INFO - +--------------------+------+--------------+------------+----------+-------------------+------+------------------+-------------------------+---------------------------------+--------------+------+-----------+-----+--------------+--------------------+
[2024-08-09T13:25:47.954+0000] {subprocess.py:93} INFO - |                 arr|change|change_percent|interval_sec|key_events|    last_update_utc|period|pre_or_post_market|pre_or_post_market_change|pre_or_post_market_change_percent|previous_close| price|     symbol| type|utc_offset_sec|price_change_percent|
[2024-08-09T13:25:47.955+0000] {subprocess.py:93} INFO - +--------------------+------+--------------+------------+----------+-------------------+------+------------------+-------------------------+---------------------------------+--------------+------+-----------+-----+--------------+--------------------+
[2024-08-09T13:25:47.957+0000] {subprocess.py:93} INFO - |[{-0.24, -0.0011,...|     0|             0|          60|        []|2024-08-09 13:25:03|    1D|             211.4|                    -1.91|                          -0.8954|        213.31|213.31|AAPL:NASDAQ|stock|        -14400|                 0.0|
[2024-08-09T13:25:47.957+0000] {subprocess.py:93} INFO - +--------------------+------+--------------+------------+----------+-------------------+------+------------------+-------------------------+---------------------------------+--------------+------+-----------+-----+--------------+--------------------+
[2024-08-09T13:25:47.958+0000] {subprocess.py:93} INFO - 
[2024-08-09T13:25:48.043+0000] {subprocess.py:93} INFO - 24/08/09 13:25:48 INFO BlockManagerInfo: Removed broadcast_9_piece0 on 27ef58cc88fc:42733 in memory (size: 20.1 KiB, free: 1458.3 MiB)
[2024-08-09T13:25:48.048+0000] {subprocess.py:93} INFO - 24/08/09 13:25:48 INFO BlockManagerInfo: Removed broadcast_9_piece0 on 172.18.0.6:46449 in memory (size: 20.1 KiB, free: 1458.3 MiB)
[2024-08-09T13:25:48.248+0000] {subprocess.py:93} INFO - 24/08/09 13:25:48 INFO FileSourceStrategy: Pushed Filters:
[2024-08-09T13:25:48.251+0000] {subprocess.py:93} INFO - 24/08/09 13:25:48 INFO FileSourceStrategy: Post-Scan Filters: (size(array(time_series#87.2024-08-08 09:30:00, time_series#87.2024-08-08 09:31:00, time_series#87.2024-08-08 09:32:00, time_series#87.2024-08-08 09:33:00, time_series#87.2024-08-08 09:34:00, time_series#87.2024-08-08 09:35:00, time_series#87.2024-08-08 09:36:00, time_series#87.2024-08-08 09:37:00, time_series#87.2024-08-08 09:38:00, time_series#87.2024-08-08 09:39:00, time_series#87.2024-08-08 09:40:00, time_series#87.2024-08-08 09:41:00, time_series#87.2024-08-08 09:42:00, time_series#87.2024-08-08 09:43:00, time_series#87.2024-08-08 09:44:00, time_series#87.2024-08-08 09:45:00, time_series#87.2024-08-08 09:46:00, time_series#87.2024-08-08 09:47:00, time_series#87.2024-08-08 09:48:00, time_series#87.2024-08-08 09:49:00, time_series#87.2024-08-08 09:50:00, time_series#87.2024-08-08 09:51:00, time_series#87.2024-08-08 09:52:00, time_series#87.2024-08-08 09:53:00, ... 367 more fields), true) > 0)
[2024-08-09T13:25:48.477+0000] {subprocess.py:93} INFO - 24/08/09 13:25:48 INFO CodeGenerator: Code generated in 94.200375 ms
[2024-08-09T13:25:48.484+0000] {subprocess.py:93} INFO - 24/08/09 13:25:48 INFO MemoryStore: Block broadcast_10 stored as values in memory (estimated size 200.9 KiB, free 1457.7 MiB)
[2024-08-09T13:25:48.501+0000] {subprocess.py:93} INFO - 24/08/09 13:25:48 INFO MemoryStore: Block broadcast_10_piece0 stored as bytes in memory (estimated size 34.7 KiB, free 1457.7 MiB)
[2024-08-09T13:25:48.502+0000] {subprocess.py:93} INFO - 24/08/09 13:25:48 INFO BlockManagerInfo: Added broadcast_10_piece0 in memory on 27ef58cc88fc:42733 (size: 34.7 KiB, free: 1458.3 MiB)
[2024-08-09T13:25:48.504+0000] {subprocess.py:93} INFO - 24/08/09 13:25:48 INFO SparkContext: Created broadcast 10 from showString at NativeMethodAccessorImpl.java:0
[2024-08-09T13:25:48.507+0000] {subprocess.py:93} INFO - 24/08/09 13:25:48 INFO FileSourceScanExec: Planning scan with bin packing, max size: 4194304 bytes, open cost is considered as scanning 4194304 bytes.
[2024-08-09T13:25:48.525+0000] {subprocess.py:93} INFO - 24/08/09 13:25:48 INFO SparkContext: Starting job: showString at NativeMethodAccessorImpl.java:0
[2024-08-09T13:25:48.527+0000] {subprocess.py:93} INFO - 24/08/09 13:25:48 INFO DAGScheduler: Got job 5 (showString at NativeMethodAccessorImpl.java:0) with 1 output partitions
[2024-08-09T13:25:48.528+0000] {subprocess.py:93} INFO - 24/08/09 13:25:48 INFO DAGScheduler: Final stage: ResultStage 5 (showString at NativeMethodAccessorImpl.java:0)
[2024-08-09T13:25:48.528+0000] {subprocess.py:93} INFO - 24/08/09 13:25:48 INFO DAGScheduler: Parents of final stage: List()
[2024-08-09T13:25:48.530+0000] {subprocess.py:93} INFO - 24/08/09 13:25:48 INFO DAGScheduler: Missing parents: List()
[2024-08-09T13:25:48.531+0000] {subprocess.py:93} INFO - 24/08/09 13:25:48 INFO DAGScheduler: Submitting ResultStage 5 (MapPartitionsRDD[27] at showString at NativeMethodAccessorImpl.java:0), which has no missing parents
[2024-08-09T13:25:48.546+0000] {subprocess.py:93} INFO - 24/08/09 13:25:48 INFO MemoryStore: Block broadcast_11 stored as values in memory (estimated size 131.7 KiB, free 1457.6 MiB)
[2024-08-09T13:25:48.549+0000] {subprocess.py:93} INFO - 24/08/09 13:25:48 INFO MemoryStore: Block broadcast_11_piece0 stored as bytes in memory (estimated size 24.5 KiB, free 1457.6 MiB)
[2024-08-09T13:25:48.550+0000] {subprocess.py:93} INFO - 24/08/09 13:25:48 INFO BlockManagerInfo: Added broadcast_11_piece0 in memory on 27ef58cc88fc:42733 (size: 24.5 KiB, free: 1458.3 MiB)
[2024-08-09T13:25:48.552+0000] {subprocess.py:93} INFO - 24/08/09 13:25:48 INFO SparkContext: Created broadcast 11 from broadcast at DAGScheduler.scala:1585
[2024-08-09T13:25:48.555+0000] {subprocess.py:93} INFO - 24/08/09 13:25:48 INFO DAGScheduler: Submitting 1 missing tasks from ResultStage 5 (MapPartitionsRDD[27] at showString at NativeMethodAccessorImpl.java:0) (first 15 tasks are for partitions Vector(0))
[2024-08-09T13:25:48.556+0000] {subprocess.py:93} INFO - 24/08/09 13:25:48 INFO TaskSchedulerImpl: Adding task set 5.0 with 1 tasks resource profile 0
[2024-08-09T13:25:48.556+0000] {subprocess.py:93} INFO - 24/08/09 13:25:48 INFO TaskSetManager: Starting task 0.0 in stage 5.0 (TID 5) (172.18.0.6, executor 0, partition 0, PROCESS_LOCAL, 8431 bytes)
[2024-08-09T13:25:48.604+0000] {subprocess.py:93} INFO - 24/08/09 13:25:48 INFO BlockManagerInfo: Added broadcast_11_piece0 in memory on 172.18.0.6:46449 (size: 24.5 KiB, free: 1458.3 MiB)
[2024-08-09T13:25:48.610+0000] {subprocess.py:93} INFO - 24/08/09 13:25:48 INFO BlockManagerInfo: Removed broadcast_6_piece0 on 27ef58cc88fc:42733 in memory (size: 34.7 KiB, free: 1458.3 MiB)
[2024-08-09T13:25:48.612+0000] {subprocess.py:93} INFO - 24/08/09 13:25:48 INFO BlockManagerInfo: Removed broadcast_6_piece0 on 172.18.0.6:46449 in memory (size: 34.7 KiB, free: 1458.3 MiB)
[2024-08-09T13:25:48.858+0000] {subprocess.py:93} INFO - 24/08/09 13:25:48 INFO BlockManagerInfo: Added broadcast_10_piece0 in memory on 172.18.0.6:46449 (size: 34.7 KiB, free: 1458.3 MiB)
[2024-08-09T13:25:48.893+0000] {subprocess.py:93} INFO - 24/08/09 13:25:48 INFO TaskSetManager: Finished task 0.0 in stage 5.0 (TID 5) in 337 ms on 172.18.0.6 (executor 0) (1/1)
[2024-08-09T13:25:48.894+0000] {subprocess.py:93} INFO - 24/08/09 13:25:48 INFO TaskSchedulerImpl: Removed TaskSet 5.0, whose tasks have all completed, from pool
[2024-08-09T13:25:48.895+0000] {subprocess.py:93} INFO - 24/08/09 13:25:48 INFO DAGScheduler: ResultStage 5 (showString at NativeMethodAccessorImpl.java:0) finished in 0.363 s
[2024-08-09T13:25:48.895+0000] {subprocess.py:93} INFO - 24/08/09 13:25:48 INFO DAGScheduler: Job 5 is finished. Cancelling potential speculative or zombie tasks for this job
[2024-08-09T13:25:48.896+0000] {subprocess.py:93} INFO - 24/08/09 13:25:48 INFO TaskSchedulerImpl: Killing all running tasks in stage 5: Stage finished
[2024-08-09T13:25:48.896+0000] {subprocess.py:93} INFO - 24/08/09 13:25:48 INFO DAGScheduler: Job 5 finished: showString at NativeMethodAccessorImpl.java:0, took 0.370071 s
[2024-08-09T13:25:48.907+0000] {subprocess.py:93} INFO - +--------------------+------+--------------+------------+----------+-------------------+------+------------------+-------------------------+---------------------------------+--------------+------+-----------+-----+--------------+--------------------+
[2024-08-09T13:25:48.910+0000] {subprocess.py:93} INFO - |                  ts|change|change_percent|interval_sec|key_events|    last_update_utc|period|pre_or_post_market|pre_or_post_market_change|pre_or_post_market_change_percent|previous_close| price|     symbol| type|utc_offset_sec|price_change_percent|
[2024-08-09T13:25:48.910+0000] {subprocess.py:93} INFO - +--------------------+------+--------------+------------+----------+-------------------+------+------------------+-------------------------+---------------------------------+--------------+------+-----------+-----+--------------+--------------------+
[2024-08-09T13:25:48.911+0000] {subprocess.py:93} INFO - |{-0.24, -0.0011, ...|     0|             0|          60|        []|2024-08-09 13:25:03|    1D|             211.4|                    -1.91|                          -0.8954|        213.31|213.31|AAPL:NASDAQ|stock|        -14400|                 0.0|
[2024-08-09T13:25:48.911+0000] {subprocess.py:93} INFO - |{-0.365, -0.0017,...|     0|             0|          60|        []|2024-08-09 13:25:03|    1D|             211.4|                    -1.91|                          -0.8954|        213.31|213.31|AAPL:NASDAQ|stock|        -14400|                 0.0|
[2024-08-09T13:25:48.911+0000] {subprocess.py:93} INFO - |{-0.22, -0.001, 2...|     0|             0|          60|        []|2024-08-09 13:25:03|    1D|             211.4|                    -1.91|                          -0.8954|        213.31|213.31|AAPL:NASDAQ|stock|        -14400|                 0.0|
[2024-08-09T13:25:48.912+0000] {subprocess.py:93} INFO - |{-0.99, -0.0046, ...|     0|             0|          60|        []|2024-08-09 13:25:03|    1D|             211.4|                    -1.91|                          -0.8954|        213.31|213.31|AAPL:NASDAQ|stock|        -14400|                 0.0|
[2024-08-09T13:25:48.912+0000] {subprocess.py:93} INFO - |{-0.67, -0.0031, ...|     0|             0|          60|        []|2024-08-09 13:25:03|    1D|             211.4|                    -1.91|                          -0.8954|        213.31|213.31|AAPL:NASDAQ|stock|        -14400|                 0.0|
[2024-08-09T13:25:48.912+0000] {subprocess.py:93} INFO - |{-0.91, -0.0043, ...|     0|             0|          60|        []|2024-08-09 13:25:03|    1D|             211.4|                    -1.91|                          -0.8954|        213.31|213.31|AAPL:NASDAQ|stock|        -14400|                 0.0|
[2024-08-09T13:25:48.912+0000] {subprocess.py:93} INFO - |{-1.64, -0.0077, ...|     0|             0|          60|        []|2024-08-09 13:25:03|    1D|             211.4|                    -1.91|                          -0.8954|        213.31|213.31|AAPL:NASDAQ|stock|        -14400|                 0.0|
[2024-08-09T13:25:48.912+0000] {subprocess.py:93} INFO - |{-1.88, -0.0088, ...|     0|             0|          60|        []|2024-08-09 13:25:03|    1D|             211.4|                    -1.91|                          -0.8954|        213.31|213.31|AAPL:NASDAQ|stock|        -14400|                 0.0|
[2024-08-09T13:25:48.913+0000] {subprocess.py:93} INFO - |{-2.3816, -0.0112...|     0|             0|          60|        []|2024-08-09 13:25:03|    1D|             211.4|                    -1.91|                          -0.8954|        213.31|213.31|AAPL:NASDAQ|stock|        -14400|                 0.0|
[2024-08-09T13:25:48.913+0000] {subprocess.py:93} INFO - |{-2.24, -0.0105, ...|     0|             0|          60|        []|2024-08-09 13:25:03|    1D|             211.4|                    -1.91|                          -0.8954|        213.31|213.31|AAPL:NASDAQ|stock|        -14400|                 0.0|
[2024-08-09T13:25:48.913+0000] {subprocess.py:93} INFO - |{-2.04, -0.0096, ...|     0|             0|          60|        []|2024-08-09 13:25:03|    1D|             211.4|                    -1.91|                          -0.8954|        213.31|213.31|AAPL:NASDAQ|stock|        -14400|                 0.0|
[2024-08-09T13:25:48.913+0000] {subprocess.py:93} INFO - |{-2.48, -0.0116, ...|     0|             0|          60|        []|2024-08-09 13:25:03|    1D|             211.4|                    -1.91|                          -0.8954|        213.31|213.31|AAPL:NASDAQ|stock|        -14400|                 0.0|
[2024-08-09T13:25:48.913+0000] {subprocess.py:93} INFO - |{-2.16, -0.0101, ...|     0|             0|          60|        []|2024-08-09 13:25:03|    1D|             211.4|                    -1.91|                          -0.8954|        213.31|213.31|AAPL:NASDAQ|stock|        -14400|                 0.0|
[2024-08-09T13:25:48.913+0000] {subprocess.py:93} INFO - |{-2.5372, -0.0119...|     0|             0|          60|        []|2024-08-09 13:25:03|    1D|             211.4|                    -1.91|                          -0.8954|        213.31|213.31|AAPL:NASDAQ|stock|        -14400|                 0.0|
[2024-08-09T13:25:48.915+0000] {subprocess.py:93} INFO - |{-2.94, -0.0138, ...|     0|             0|          60|        []|2024-08-09 13:25:03|    1D|             211.4|                    -1.91|                          -0.8954|        213.31|213.31|AAPL:NASDAQ|stock|        -14400|                 0.0|
[2024-08-09T13:25:48.915+0000] {subprocess.py:93} INFO - |{-3.14, -0.0147, ...|     0|             0|          60|        []|2024-08-09 13:25:03|    1D|             211.4|                    -1.91|                          -0.8954|        213.31|213.31|AAPL:NASDAQ|stock|        -14400|                 0.0|
[2024-08-09T13:25:48.915+0000] {subprocess.py:93} INFO - |{-3.04, -0.0143, ...|     0|             0|          60|        []|2024-08-09 13:25:03|    1D|             211.4|                    -1.91|                          -0.8954|        213.31|213.31|AAPL:NASDAQ|stock|        -14400|                 0.0|
[2024-08-09T13:25:48.915+0000] {subprocess.py:93} INFO - |{-3.41, -0.016, 2...|     0|             0|          60|        []|2024-08-09 13:25:03|    1D|             211.4|                    -1.91|                          -0.8954|        213.31|213.31|AAPL:NASDAQ|stock|        -14400|                 0.0|
[2024-08-09T13:25:48.916+0000] {subprocess.py:93} INFO - |{-3.8599, -0.0181...|     0|             0|          60|        []|2024-08-09 13:25:03|    1D|             211.4|                    -1.91|                          -0.8954|        213.31|213.31|AAPL:NASDAQ|stock|        -14400|                 0.0|
[2024-08-09T13:25:48.918+0000] {subprocess.py:93} INFO - |{-3.835, -0.018, ...|     0|             0|          60|        []|2024-08-09 13:25:03|    1D|             211.4|                    -1.91|                          -0.8954|        213.31|213.31|AAPL:NASDAQ|stock|        -14400|                 0.0|
[2024-08-09T13:25:48.921+0000] {subprocess.py:93} INFO - +--------------------+------+--------------+------------+----------+-------------------+------+------------------+-------------------------+---------------------------------+--------------+------+-----------+-----+--------------+--------------------+
[2024-08-09T13:25:48.921+0000] {subprocess.py:93} INFO - only showing top 20 rows
[2024-08-09T13:25:48.922+0000] {subprocess.py:93} INFO - 
[2024-08-09T13:25:48.962+0000] {subprocess.py:93} INFO - 24/08/09 13:25:48 INFO BlockManagerInfo: Removed broadcast_11_piece0 on 27ef58cc88fc:42733 in memory (size: 24.5 KiB, free: 1458.3 MiB)
[2024-08-09T13:25:48.966+0000] {subprocess.py:93} INFO - 24/08/09 13:25:48 INFO BlockManagerInfo: Removed broadcast_11_piece0 on 172.18.0.6:46449 in memory (size: 24.5 KiB, free: 1458.3 MiB)
[2024-08-09T13:25:49.064+0000] {subprocess.py:93} INFO - 24/08/09 13:25:49 INFO BlockManagerInfo: Removed broadcast_8_piece0 on 27ef58cc88fc:42733 in memory (size: 34.7 KiB, free: 1458.4 MiB)
[2024-08-09T13:25:49.066+0000] {subprocess.py:93} INFO - 24/08/09 13:25:49 INFO BlockManagerInfo: Removed broadcast_8_piece0 on 172.18.0.6:46449 in memory (size: 34.7 KiB, free: 1458.4 MiB)
[2024-08-09T13:25:49.086+0000] {subprocess.py:93} INFO - 24/08/09 13:25:49 INFO BlockManagerInfo: Removed broadcast_10_piece0 on 27ef58cc88fc:42733 in memory (size: 34.7 KiB, free: 1458.4 MiB)
[2024-08-09T13:25:49.087+0000] {subprocess.py:93} INFO - 24/08/09 13:25:49 INFO BlockManagerInfo: Removed broadcast_10_piece0 on 172.18.0.6:46449 in memory (size: 34.7 KiB, free: 1458.4 MiB)
[2024-08-09T13:25:49.722+0000] {subprocess.py:93} INFO - 24/08/09 13:25:49 INFO FileSourceStrategy: Pushed Filters:
[2024-08-09T13:25:49.725+0000] {subprocess.py:93} INFO - 24/08/09 13:25:49 INFO FileSourceStrategy: Post-Scan Filters: (size(array(time_series#87.2024-08-08 09:30:00, time_series#87.2024-08-08 09:31:00, time_series#87.2024-08-08 09:32:00, time_series#87.2024-08-08 09:33:00, time_series#87.2024-08-08 09:34:00, time_series#87.2024-08-08 09:35:00, time_series#87.2024-08-08 09:36:00, time_series#87.2024-08-08 09:37:00, time_series#87.2024-08-08 09:38:00, time_series#87.2024-08-08 09:39:00, time_series#87.2024-08-08 09:40:00, time_series#87.2024-08-08 09:41:00, time_series#87.2024-08-08 09:42:00, time_series#87.2024-08-08 09:43:00, time_series#87.2024-08-08 09:44:00, time_series#87.2024-08-08 09:45:00, time_series#87.2024-08-08 09:46:00, time_series#87.2024-08-08 09:47:00, time_series#87.2024-08-08 09:48:00, time_series#87.2024-08-08 09:49:00, time_series#87.2024-08-08 09:50:00, time_series#87.2024-08-08 09:51:00, time_series#87.2024-08-08 09:52:00, time_series#87.2024-08-08 09:53:00, ... 367 more fields), true) > 0)
[2024-08-09T13:25:49.746+0000] {subprocess.py:93} INFO - 24/08/09 13:25:49 WARN WindowExec: No Partition Defined for Window operation! Moving all data to a single partition, this can cause serious performance degradation.
[2024-08-09T13:25:49.752+0000] {subprocess.py:93} INFO - 24/08/09 13:25:49 WARN WindowExec: No Partition Defined for Window operation! Moving all data to a single partition, this can cause serious performance degradation.
[2024-08-09T13:25:49.755+0000] {subprocess.py:93} INFO - 24/08/09 13:25:49 WARN WindowExec: No Partition Defined for Window operation! Moving all data to a single partition, this can cause serious performance degradation.
[2024-08-09T13:25:49.756+0000] {subprocess.py:93} INFO - 24/08/09 13:25:49 WARN WindowExec: No Partition Defined for Window operation! Moving all data to a single partition, this can cause serious performance degradation.
[2024-08-09T13:25:49.798+0000] {subprocess.py:93} INFO - 24/08/09 13:25:49 INFO CodeGenerator: Code generated in 6.347375 ms
[2024-08-09T13:25:49.813+0000] {subprocess.py:93} INFO - 24/08/09 13:25:49 INFO DAGScheduler: Registering RDD 34 (showString at NativeMethodAccessorImpl.java:0) as input to shuffle 0
[2024-08-09T13:25:49.818+0000] {subprocess.py:93} INFO - 24/08/09 13:25:49 INFO DAGScheduler: Got map stage job 6 (showString at NativeMethodAccessorImpl.java:0) with 2 output partitions
[2024-08-09T13:25:49.818+0000] {subprocess.py:93} INFO - 24/08/09 13:25:49 INFO DAGScheduler: Final stage: ShuffleMapStage 6 (showString at NativeMethodAccessorImpl.java:0)
[2024-08-09T13:25:49.819+0000] {subprocess.py:93} INFO - 24/08/09 13:25:49 INFO DAGScheduler: Parents of final stage: List()
[2024-08-09T13:25:49.821+0000] {subprocess.py:93} INFO - 24/08/09 13:25:49 INFO DAGScheduler: Missing parents: List()
[2024-08-09T13:25:49.823+0000] {subprocess.py:93} INFO - 24/08/09 13:25:49 INFO DAGScheduler: Submitting ShuffleMapStage 6 (MapPartitionsRDD[34] at showString at NativeMethodAccessorImpl.java:0), which has no missing parents
[2024-08-09T13:25:49.835+0000] {subprocess.py:93} INFO - 24/08/09 13:25:49 INFO MemoryStore: Block broadcast_12 stored as values in memory (estimated size 15.3 KiB, free 1458.4 MiB)
[2024-08-09T13:25:49.844+0000] {subprocess.py:93} INFO - 24/08/09 13:25:49 INFO MemoryStore: Block broadcast_12_piece0 stored as bytes in memory (estimated size 8.1 KiB, free 1458.4 MiB)
[2024-08-09T13:25:49.846+0000] {subprocess.py:93} INFO - 24/08/09 13:25:49 INFO BlockManagerInfo: Added broadcast_12_piece0 in memory on 27ef58cc88fc:42733 (size: 8.1 KiB, free: 1458.4 MiB)
[2024-08-09T13:25:49.852+0000] {subprocess.py:93} INFO - 24/08/09 13:25:49 INFO SparkContext: Created broadcast 12 from broadcast at DAGScheduler.scala:1585
[2024-08-09T13:25:49.855+0000] {subprocess.py:93} INFO - 24/08/09 13:25:49 INFO CodeGenerator: Code generated in 32.904917 ms
[2024-08-09T13:25:49.856+0000] {subprocess.py:93} INFO - 24/08/09 13:25:49 INFO DAGScheduler: Submitting 2 missing tasks from ShuffleMapStage 6 (MapPartitionsRDD[34] at showString at NativeMethodAccessorImpl.java:0) (first 15 tasks are for partitions Vector(0, 1))
[2024-08-09T13:25:49.856+0000] {subprocess.py:93} INFO - 24/08/09 13:25:49 INFO TaskSchedulerImpl: Adding task set 6.0 with 2 tasks resource profile 0
[2024-08-09T13:25:49.858+0000] {subprocess.py:93} INFO - 24/08/09 13:25:49 INFO MemoryStore: Block broadcast_13 stored as values in memory (estimated size 200.9 KiB, free 1458.2 MiB)
[2024-08-09T13:25:49.862+0000] {subprocess.py:93} INFO - 24/08/09 13:25:49 INFO TaskSetManager: Starting task 0.0 in stage 6.0 (TID 6) (172.18.0.6, executor 0, partition 0, PROCESS_LOCAL, 12490 bytes)
[2024-08-09T13:25:49.863+0000] {subprocess.py:93} INFO - 24/08/09 13:25:49 INFO TaskSetManager: Starting task 1.0 in stage 6.0 (TID 7) (172.18.0.7, executor 1, partition 1, PROCESS_LOCAL, 12539 bytes)
[2024-08-09T13:25:49.866+0000] {subprocess.py:93} INFO - 24/08/09 13:25:49 INFO MemoryStore: Block broadcast_13_piece0 stored as bytes in memory (estimated size 34.7 KiB, free 1458.1 MiB)
[2024-08-09T13:25:49.868+0000] {subprocess.py:93} INFO - 24/08/09 13:25:49 INFO BlockManagerInfo: Added broadcast_13_piece0 in memory on 27ef58cc88fc:42733 (size: 34.7 KiB, free: 1458.4 MiB)
[2024-08-09T13:25:49.872+0000] {subprocess.py:93} INFO - 24/08/09 13:25:49 INFO SparkContext: Created broadcast 13 from showString at NativeMethodAccessorImpl.java:0
[2024-08-09T13:25:49.873+0000] {subprocess.py:93} INFO - 24/08/09 13:25:49 INFO FileSourceScanExec: Planning scan with bin packing, max size: 4194304 bytes, open cost is considered as scanning 4194304 bytes.
[2024-08-09T13:25:49.887+0000] {subprocess.py:93} INFO - 24/08/09 13:25:49 INFO DAGScheduler: Registering RDD 40 (showString at NativeMethodAccessorImpl.java:0) as input to shuffle 1
[2024-08-09T13:25:49.888+0000] {subprocess.py:93} INFO - 24/08/09 13:25:49 INFO DAGScheduler: Got map stage job 7 (showString at NativeMethodAccessorImpl.java:0) with 1 output partitions
[2024-08-09T13:25:49.888+0000] {subprocess.py:93} INFO - 24/08/09 13:25:49 INFO DAGScheduler: Final stage: ShuffleMapStage 7 (showString at NativeMethodAccessorImpl.java:0)
[2024-08-09T13:25:49.889+0000] {subprocess.py:93} INFO - 24/08/09 13:25:49 INFO DAGScheduler: Parents of final stage: List()
[2024-08-09T13:25:49.891+0000] {subprocess.py:93} INFO - 24/08/09 13:25:49 INFO DAGScheduler: Missing parents: List()
[2024-08-09T13:25:49.893+0000] {subprocess.py:93} INFO - 24/08/09 13:25:49 INFO DAGScheduler: Submitting ShuffleMapStage 7 (MapPartitionsRDD[40] at showString at NativeMethodAccessorImpl.java:0), which has no missing parents
[2024-08-09T13:25:49.918+0000] {subprocess.py:93} INFO - 24/08/09 13:25:49 INFO MemoryStore: Block broadcast_14 stored as values in memory (estimated size 131.8 KiB, free 1458.0 MiB)
[2024-08-09T13:25:49.922+0000] {subprocess.py:93} INFO - 24/08/09 13:25:49 INFO MemoryStore: Block broadcast_14_piece0 stored as bytes in memory (estimated size 25.3 KiB, free 1458.0 MiB)
[2024-08-09T13:25:49.923+0000] {subprocess.py:93} INFO - 24/08/09 13:25:49 INFO BlockManagerInfo: Added broadcast_14_piece0 in memory on 27ef58cc88fc:42733 (size: 25.3 KiB, free: 1458.3 MiB)
[2024-08-09T13:25:49.923+0000] {subprocess.py:93} INFO - 24/08/09 13:25:49 INFO SparkContext: Created broadcast 14 from broadcast at DAGScheduler.scala:1585
[2024-08-09T13:25:49.923+0000] {subprocess.py:93} INFO - 24/08/09 13:25:49 INFO DAGScheduler: Submitting 1 missing tasks from ShuffleMapStage 7 (MapPartitionsRDD[40] at showString at NativeMethodAccessorImpl.java:0) (first 15 tasks are for partitions Vector(0))
[2024-08-09T13:25:49.923+0000] {subprocess.py:93} INFO - 24/08/09 13:25:49 INFO TaskSchedulerImpl: Adding task set 7.0 with 1 tasks resource profile 0
[2024-08-09T13:25:49.938+0000] {subprocess.py:93} INFO - 24/08/09 13:25:49 INFO BlockManagerInfo: Added broadcast_12_piece0 in memory on 172.18.0.6:46449 (size: 8.1 KiB, free: 1458.4 MiB)
[2024-08-09T13:25:50.118+0000] {subprocess.py:93} INFO - 24/08/09 13:25:50 INFO BlockManagerInfo: Added broadcast_12_piece0 in memory on 172.18.0.7:45961 (size: 8.1 KiB, free: 1458.4 MiB)
[2024-08-09T13:25:50.751+0000] {subprocess.py:93} INFO - 24/08/09 13:25:50 INFO TaskSetManager: Starting task 0.0 in stage 7.0 (TID 8) (172.18.0.6, executor 0, partition 0, PROCESS_LOCAL, 8420 bytes)
[2024-08-09T13:25:50.756+0000] {subprocess.py:93} INFO - 24/08/09 13:25:50 INFO TaskSetManager: Finished task 0.0 in stage 6.0 (TID 6) in 898 ms on 172.18.0.6 (executor 0) (1/2)
[2024-08-09T13:25:50.760+0000] {subprocess.py:93} INFO - 24/08/09 13:25:50 INFO PythonAccumulatorV2: Connected to AccumulatorServer at host: 127.0.0.1 port: 53631
[2024-08-09T13:25:50.781+0000] {subprocess.py:93} INFO - 24/08/09 13:25:50 INFO BlockManagerInfo: Added broadcast_14_piece0 in memory on 172.18.0.6:46449 (size: 25.3 KiB, free: 1458.4 MiB)
[2024-08-09T13:25:51.115+0000] {subprocess.py:93} INFO - 24/08/09 13:25:51 INFO BlockManagerInfo: Added broadcast_13_piece0 in memory on 172.18.0.6:46449 (size: 34.7 KiB, free: 1458.3 MiB)
[2024-08-09T13:25:51.167+0000] {subprocess.py:93} INFO - 24/08/09 13:25:51 INFO TaskSetManager: Finished task 0.0 in stage 7.0 (TID 8) in 417 ms on 172.18.0.6 (executor 0) (1/1)
[2024-08-09T13:25:51.168+0000] {subprocess.py:93} INFO - 24/08/09 13:25:51 INFO TaskSchedulerImpl: Removed TaskSet 7.0, whose tasks have all completed, from pool
[2024-08-09T13:25:51.169+0000] {subprocess.py:93} INFO - 24/08/09 13:25:51 INFO DAGScheduler: ShuffleMapStage 7 (showString at NativeMethodAccessorImpl.java:0) finished in 1.273 s
[2024-08-09T13:25:51.172+0000] {subprocess.py:93} INFO - 24/08/09 13:25:51 INFO DAGScheduler: looking for newly runnable stages
[2024-08-09T13:25:51.173+0000] {subprocess.py:93} INFO - 24/08/09 13:25:51 INFO DAGScheduler: running: Set(ShuffleMapStage 6)
[2024-08-09T13:25:51.174+0000] {subprocess.py:93} INFO - 24/08/09 13:25:51 INFO DAGScheduler: waiting: Set()
[2024-08-09T13:25:51.175+0000] {subprocess.py:93} INFO - 24/08/09 13:25:51 INFO DAGScheduler: failed: Set()
[2024-08-09T13:25:51.210+0000] {subprocess.py:93} INFO - 24/08/09 13:25:51 WARN WindowExec: No Partition Defined for Window operation! Moving all data to a single partition, this can cause serious performance degradation.
[2024-08-09T13:25:51.213+0000] {subprocess.py:93} INFO - 24/08/09 13:25:51 WARN WindowExec: No Partition Defined for Window operation! Moving all data to a single partition, this can cause serious performance degradation.
[2024-08-09T13:25:51.236+0000] {subprocess.py:93} INFO - 24/08/09 13:25:51 WARN WindowExec: No Partition Defined for Window operation! Moving all data to a single partition, this can cause serious performance degradation.
[2024-08-09T13:25:51.239+0000] {subprocess.py:93} INFO - 24/08/09 13:25:51 WARN WindowExec: No Partition Defined for Window operation! Moving all data to a single partition, this can cause serious performance degradation.
[2024-08-09T13:25:51.241+0000] {subprocess.py:93} INFO - 24/08/09 13:25:51 INFO BlockManagerInfo: Removed broadcast_14_piece0 on 27ef58cc88fc:42733 in memory (size: 25.3 KiB, free: 1458.4 MiB)
[2024-08-09T13:25:51.245+0000] {subprocess.py:93} INFO - 24/08/09 13:25:51 INFO BlockManagerInfo: Removed broadcast_14_piece0 on 172.18.0.6:46449 in memory (size: 25.3 KiB, free: 1458.4 MiB)
[2024-08-09T13:25:51.361+0000] {subprocess.py:93} INFO - 24/08/09 13:25:51 INFO CodeGenerator: Code generated in 24.353542 ms
[2024-08-09T13:25:51.380+0000] {subprocess.py:93} INFO - 24/08/09 13:25:51 INFO CodeGenerator: Code generated in 11.485166 ms
[2024-08-09T13:25:51.462+0000] {subprocess.py:93} INFO - 24/08/09 13:25:51 INFO SparkContext: Starting job: $anonfun$withThreadLocalCaptured$1 at FutureTask.java:264
[2024-08-09T13:25:51.463+0000] {subprocess.py:93} INFO - 24/08/09 13:25:51 INFO DAGScheduler: Got job 8 ($anonfun$withThreadLocalCaptured$1 at FutureTask.java:264) with 1 output partitions
[2024-08-09T13:25:51.463+0000] {subprocess.py:93} INFO - 24/08/09 13:25:51 INFO DAGScheduler: Final stage: ResultStage 9 ($anonfun$withThreadLocalCaptured$1 at FutureTask.java:264)
[2024-08-09T13:25:51.464+0000] {subprocess.py:93} INFO - 24/08/09 13:25:51 INFO DAGScheduler: Parents of final stage: List(ShuffleMapStage 8)
[2024-08-09T13:25:51.464+0000] {subprocess.py:93} INFO - 24/08/09 13:25:51 INFO DAGScheduler: Missing parents: List()
[2024-08-09T13:25:51.464+0000] {subprocess.py:93} INFO - 24/08/09 13:25:51 INFO DAGScheduler: Submitting ResultStage 9 (MapPartitionsRDD[45] at $anonfun$withThreadLocalCaptured$1 at FutureTask.java:264), which has no missing parents
[2024-08-09T13:25:51.475+0000] {subprocess.py:93} INFO - 24/08/09 13:25:51 INFO MemoryStore: Block broadcast_15 stored as values in memory (estimated size 281.9 KiB, free 1457.9 MiB)
[2024-08-09T13:25:51.481+0000] {subprocess.py:93} INFO - 24/08/09 13:25:51 INFO MemoryStore: Block broadcast_15_piece0 stored as bytes in memory (estimated size 40.7 KiB, free 1457.8 MiB)
[2024-08-09T13:25:51.482+0000] {subprocess.py:93} INFO - 24/08/09 13:25:51 INFO TaskSetManager: Finished task 1.0 in stage 6.0 (TID 7) in 1619 ms on 172.18.0.7 (executor 1) (2/2)
[2024-08-09T13:25:51.482+0000] {subprocess.py:93} INFO - 24/08/09 13:25:51 INFO TaskSchedulerImpl: Removed TaskSet 6.0, whose tasks have all completed, from pool
[2024-08-09T13:25:51.483+0000] {subprocess.py:93} INFO - 24/08/09 13:25:51 INFO BlockManagerInfo: Added broadcast_15_piece0 in memory on 27ef58cc88fc:42733 (size: 40.7 KiB, free: 1458.3 MiB)
[2024-08-09T13:25:51.483+0000] {subprocess.py:93} INFO - 24/08/09 13:25:51 INFO SparkContext: Created broadcast 15 from broadcast at DAGScheduler.scala:1585
[2024-08-09T13:25:51.483+0000] {subprocess.py:93} INFO - 24/08/09 13:25:51 INFO DAGScheduler: Submitting 1 missing tasks from ResultStage 9 (MapPartitionsRDD[45] at $anonfun$withThreadLocalCaptured$1 at FutureTask.java:264) (first 15 tasks are for partitions Vector(0))
[2024-08-09T13:25:51.484+0000] {subprocess.py:93} INFO - 24/08/09 13:25:51 INFO TaskSchedulerImpl: Adding task set 9.0 with 1 tasks resource profile 0
[2024-08-09T13:25:51.486+0000] {subprocess.py:93} INFO - 24/08/09 13:25:51 INFO DAGScheduler: ShuffleMapStage 6 (showString at NativeMethodAccessorImpl.java:0) finished in 1.662 s
[2024-08-09T13:25:51.487+0000] {subprocess.py:93} INFO - 24/08/09 13:25:51 INFO DAGScheduler: looking for newly runnable stages
[2024-08-09T13:25:51.491+0000] {subprocess.py:93} INFO - 24/08/09 13:25:51 INFO DAGScheduler: running: Set(ResultStage 9)
[2024-08-09T13:25:51.495+0000] {subprocess.py:93} INFO - 24/08/09 13:25:51 INFO DAGScheduler: waiting: Set()
[2024-08-09T13:25:51.497+0000] {subprocess.py:93} INFO - 24/08/09 13:25:51 INFO DAGScheduler: failed: Set()
[2024-08-09T13:25:51.497+0000] {subprocess.py:93} INFO - 24/08/09 13:25:51 INFO TaskSetManager: Starting task 0.0 in stage 9.0 (TID 9) (172.18.0.6, executor 0, partition 0, NODE_LOCAL, 7815 bytes)
[2024-08-09T13:25:51.498+0000] {subprocess.py:93} INFO - 24/08/09 13:25:51 WARN WindowExec: No Partition Defined for Window operation! Moving all data to a single partition, this can cause serious performance degradation.
[2024-08-09T13:25:51.498+0000] {subprocess.py:93} INFO - 24/08/09 13:25:51 WARN WindowExec: No Partition Defined for Window operation! Moving all data to a single partition, this can cause serious performance degradation.
[2024-08-09T13:25:51.510+0000] {subprocess.py:93} INFO - 24/08/09 13:25:51 INFO BlockManagerInfo: Added broadcast_15_piece0 in memory on 172.18.0.6:46449 (size: 40.7 KiB, free: 1458.3 MiB)
[2024-08-09T13:25:51.606+0000] {subprocess.py:93} INFO - 24/08/09 13:25:51 INFO MapOutputTrackerMasterEndpoint: Asked to send map output locations for shuffle 1 to 172.18.0.6:53812
[2024-08-09T13:25:51.614+0000] {subprocess.py:93} INFO - 24/08/09 13:25:51 INFO BlockManagerInfo: Removed broadcast_12_piece0 on 27ef58cc88fc:42733 in memory (size: 8.1 KiB, free: 1458.3 MiB)
[2024-08-09T13:25:51.618+0000] {subprocess.py:93} INFO - 24/08/09 13:25:51 INFO BlockManagerInfo: Removed broadcast_12_piece0 on 172.18.0.6:46449 in memory (size: 8.1 KiB, free: 1458.3 MiB)
[2024-08-09T13:25:51.623+0000] {subprocess.py:93} INFO - 24/08/09 13:25:51 INFO BlockManagerInfo: Removed broadcast_12_piece0 on 172.18.0.7:45961 in memory (size: 8.1 KiB, free: 1458.4 MiB)
[2024-08-09T13:25:51.864+0000] {subprocess.py:93} INFO - 24/08/09 13:25:51 INFO TaskSetManager: Finished task 0.0 in stage 9.0 (TID 9) in 378 ms on 172.18.0.6 (executor 0) (1/1)
[2024-08-09T13:25:51.864+0000] {subprocess.py:93} INFO - 24/08/09 13:25:51 INFO TaskSchedulerImpl: Removed TaskSet 9.0, whose tasks have all completed, from pool
[2024-08-09T13:25:51.865+0000] {subprocess.py:93} INFO - 24/08/09 13:25:51 INFO DAGScheduler: ResultStage 9 ($anonfun$withThreadLocalCaptured$1 at FutureTask.java:264) finished in 0.394 s
[2024-08-09T13:25:51.865+0000] {subprocess.py:93} INFO - 24/08/09 13:25:51 INFO DAGScheduler: Job 8 is finished. Cancelling potential speculative or zombie tasks for this job
[2024-08-09T13:25:51.865+0000] {subprocess.py:93} INFO - 24/08/09 13:25:51 INFO TaskSchedulerImpl: Killing all running tasks in stage 9: Stage finished
[2024-08-09T13:25:51.866+0000] {subprocess.py:93} INFO - 24/08/09 13:25:51 INFO DAGScheduler: Job 8 finished: $anonfun$withThreadLocalCaptured$1 at FutureTask.java:264, took 0.403377 s
[2024-08-09T13:25:51.891+0000] {subprocess.py:93} INFO - 24/08/09 13:25:51 INFO BlockManagerInfo: Removed broadcast_15_piece0 on 27ef58cc88fc:42733 in memory (size: 40.7 KiB, free: 1458.4 MiB)
[2024-08-09T13:25:51.893+0000] {subprocess.py:93} INFO - 24/08/09 13:25:51 INFO BlockManagerInfo: Removed broadcast_15_piece0 on 172.18.0.6:46449 in memory (size: 40.7 KiB, free: 1458.4 MiB)
[2024-08-09T13:25:51.899+0000] {subprocess.py:93} INFO - 24/08/09 13:25:51 INFO CodeGenerator: Code generated in 10.826208 ms
[2024-08-09T13:25:51.909+0000] {subprocess.py:93} INFO - 24/08/09 13:25:51 INFO MemoryStore: Block broadcast_16_piece0 stored as bytes in memory (estimated size 13.8 KiB, free 1458.2 MiB)
[2024-08-09T13:25:51.909+0000] {subprocess.py:93} INFO - 24/08/09 13:25:51 INFO BlockManagerInfo: Added broadcast_16_piece0 in memory on 27ef58cc88fc:42733 (size: 13.8 KiB, free: 1458.4 MiB)
[2024-08-09T13:25:51.910+0000] {subprocess.py:93} INFO - 24/08/09 13:25:51 INFO SparkContext: Created broadcast 16 from $anonfun$withThreadLocalCaptured$1 at FutureTask.java:264
[2024-08-09T13:25:51.916+0000] {subprocess.py:93} INFO - 24/08/09 13:25:51 WARN WindowExec: No Partition Defined for Window operation! Moving all data to a single partition, this can cause serious performance degradation.
[2024-08-09T13:25:51.919+0000] {subprocess.py:93} INFO - 24/08/09 13:25:51 WARN WindowExec: No Partition Defined for Window operation! Moving all data to a single partition, this can cause serious performance degradation.
[2024-08-09T13:25:51.987+0000] {subprocess.py:93} INFO - 24/08/09 13:25:51 INFO CodeGenerator: Code generated in 20.329626 ms
[2024-08-09T13:25:51.996+0000] {subprocess.py:93} INFO - 24/08/09 13:25:51 INFO CodeGenerator: Code generated in 5.006834 ms
[2024-08-09T13:25:52.005+0000] {subprocess.py:93} INFO - 24/08/09 13:25:52 INFO SparkContext: Starting job: showString at NativeMethodAccessorImpl.java:0
[2024-08-09T13:25:52.006+0000] {subprocess.py:93} INFO - 24/08/09 13:25:52 INFO DAGScheduler: Got job 9 (showString at NativeMethodAccessorImpl.java:0) with 1 output partitions
[2024-08-09T13:25:52.006+0000] {subprocess.py:93} INFO - 24/08/09 13:25:52 INFO DAGScheduler: Final stage: ResultStage 11 (showString at NativeMethodAccessorImpl.java:0)
[2024-08-09T13:25:52.007+0000] {subprocess.py:93} INFO - 24/08/09 13:25:52 INFO DAGScheduler: Parents of final stage: List(ShuffleMapStage 10)
[2024-08-09T13:25:52.007+0000] {subprocess.py:93} INFO - 24/08/09 13:25:52 INFO DAGScheduler: Missing parents: List()
[2024-08-09T13:25:52.007+0000] {subprocess.py:93} INFO - 24/08/09 13:25:52 INFO DAGScheduler: Submitting ResultStage 11 (MapPartitionsRDD[50] at showString at NativeMethodAccessorImpl.java:0), which has no missing parents
[2024-08-09T13:25:52.009+0000] {subprocess.py:93} INFO - 24/08/09 13:25:52 INFO MemoryStore: Block broadcast_17 stored as values in memory (estimated size 46.0 KiB, free 1458.1 MiB)
[2024-08-09T13:25:52.013+0000] {subprocess.py:93} INFO - 24/08/09 13:25:52 INFO MemoryStore: Block broadcast_17_piece0 stored as bytes in memory (estimated size 20.4 KiB, free 1458.1 MiB)
[2024-08-09T13:25:52.014+0000] {subprocess.py:93} INFO - 24/08/09 13:25:52 INFO BlockManagerInfo: Added broadcast_17_piece0 in memory on 27ef58cc88fc:42733 (size: 20.4 KiB, free: 1458.3 MiB)
[2024-08-09T13:25:52.015+0000] {subprocess.py:93} INFO - 24/08/09 13:25:52 INFO SparkContext: Created broadcast 17 from broadcast at DAGScheduler.scala:1585
[2024-08-09T13:25:52.015+0000] {subprocess.py:93} INFO - 24/08/09 13:25:52 INFO DAGScheduler: Submitting 1 missing tasks from ResultStage 11 (MapPartitionsRDD[50] at showString at NativeMethodAccessorImpl.java:0) (first 15 tasks are for partitions Vector(0))
[2024-08-09T13:25:52.015+0000] {subprocess.py:93} INFO - 24/08/09 13:25:52 INFO TaskSchedulerImpl: Adding task set 11.0 with 1 tasks resource profile 0
[2024-08-09T13:25:52.017+0000] {subprocess.py:93} INFO - 24/08/09 13:25:52 INFO TaskSetManager: Starting task 0.0 in stage 11.0 (TID 10) (172.18.0.6, executor 0, partition 0, NODE_LOCAL, 7815 bytes)
[2024-08-09T13:25:52.027+0000] {subprocess.py:93} INFO - 24/08/09 13:25:52 INFO BlockManagerInfo: Added broadcast_17_piece0 in memory on 172.18.0.6:46449 (size: 20.4 KiB, free: 1458.3 MiB)
[2024-08-09T13:25:52.036+0000] {subprocess.py:93} INFO - 24/08/09 13:25:52 INFO MapOutputTrackerMasterEndpoint: Asked to send map output locations for shuffle 0 to 172.18.0.6:53812
[2024-08-09T13:25:52.147+0000] {subprocess.py:93} INFO - 24/08/09 13:25:52 INFO BlockManagerInfo: Added broadcast_16_piece0 in memory on 172.18.0.6:46449 (size: 13.8 KiB, free: 1458.3 MiB)
[2024-08-09T13:25:52.160+0000] {subprocess.py:93} INFO - 24/08/09 13:25:52 INFO TaskSetManager: Finished task 0.0 in stage 11.0 (TID 10) in 144 ms on 172.18.0.6 (executor 0) (1/1)
[2024-08-09T13:25:52.161+0000] {subprocess.py:93} INFO - 24/08/09 13:25:52 INFO TaskSchedulerImpl: Removed TaskSet 11.0, whose tasks have all completed, from pool
[2024-08-09T13:25:52.161+0000] {subprocess.py:93} INFO - 24/08/09 13:25:52 INFO DAGScheduler: ResultStage 11 (showString at NativeMethodAccessorImpl.java:0) finished in 0.154 s
[2024-08-09T13:25:52.162+0000] {subprocess.py:93} INFO - 24/08/09 13:25:52 INFO DAGScheduler: Job 9 is finished. Cancelling potential speculative or zombie tasks for this job
[2024-08-09T13:25:52.166+0000] {subprocess.py:93} INFO - 24/08/09 13:25:52 INFO TaskSchedulerImpl: Killing all running tasks in stage 11: Stage finished
[2024-08-09T13:25:52.167+0000] {subprocess.py:93} INFO - 24/08/09 13:25:52 INFO DAGScheduler: Job 9 finished: showString at NativeMethodAccessorImpl.java:0, took 0.156238 s
[2024-08-09T13:25:52.186+0000] {subprocess.py:93} INFO - 24/08/09 13:25:52 INFO CodeGenerator: Code generated in 15.491 ms
[2024-08-09T13:25:52.191+0000] {subprocess.py:93} INFO - +-------------------+--------------------+------+--------------+------------+----------+-------------------+------+------------------+-------------------------+---------------------------------+--------------+------+-----------+-----+--------------+--------------------+
[2024-08-09T13:25:52.193+0000] {subprocess.py:93} INFO - |                col|                  ts|change|change_percent|interval_sec|key_events|    last_update_utc|period|pre_or_post_market|pre_or_post_market_change|pre_or_post_market_change_percent|previous_close| price|     symbol| type|utc_offset_sec|price_change_percent|
[2024-08-09T13:25:52.193+0000] {subprocess.py:93} INFO - +-------------------+--------------------+------+--------------+------------+----------+-------------------+------+------------------+-------------------------+---------------------------------+--------------+------+-----------+-----+--------------+--------------------+
[2024-08-09T13:25:52.194+0000] {subprocess.py:93} INFO - |2024-08-08 09:30:00|{-0.24, -0.0011, ...|     0|             0|          60|        []|2024-08-09 13:25:03|    1D|             211.4|                    -1.91|                          -0.8954|        213.31|213.31|AAPL:NASDAQ|stock|        -14400|                 0.0|
[2024-08-09T13:25:52.195+0000] {subprocess.py:93} INFO - |2024-08-08 09:31:00|{-0.365, -0.0017,...|     0|             0|          60|        []|2024-08-09 13:25:03|    1D|             211.4|                    -1.91|                          -0.8954|        213.31|213.31|AAPL:NASDAQ|stock|        -14400|                 0.0|
[2024-08-09T13:25:52.196+0000] {subprocess.py:93} INFO - |2024-08-08 09:32:00|{-0.22, -0.001, 2...|     0|             0|          60|        []|2024-08-09 13:25:03|    1D|             211.4|                    -1.91|                          -0.8954|        213.31|213.31|AAPL:NASDAQ|stock|        -14400|                 0.0|
[2024-08-09T13:25:52.196+0000] {subprocess.py:93} INFO - |2024-08-08 09:33:00|{-0.99, -0.0046, ...|     0|             0|          60|        []|2024-08-09 13:25:03|    1D|             211.4|                    -1.91|                          -0.8954|        213.31|213.31|AAPL:NASDAQ|stock|        -14400|                 0.0|
[2024-08-09T13:25:52.197+0000] {subprocess.py:93} INFO - |2024-08-08 09:34:00|{-0.67, -0.0031, ...|     0|             0|          60|        []|2024-08-09 13:25:03|    1D|             211.4|                    -1.91|                          -0.8954|        213.31|213.31|AAPL:NASDAQ|stock|        -14400|                 0.0|
[2024-08-09T13:25:52.197+0000] {subprocess.py:93} INFO - |2024-08-08 09:35:00|{-0.91, -0.0043, ...|     0|             0|          60|        []|2024-08-09 13:25:03|    1D|             211.4|                    -1.91|                          -0.8954|        213.31|213.31|AAPL:NASDAQ|stock|        -14400|                 0.0|
[2024-08-09T13:25:52.198+0000] {subprocess.py:93} INFO - |2024-08-08 09:36:00|{-1.64, -0.0077, ...|     0|             0|          60|        []|2024-08-09 13:25:03|    1D|             211.4|                    -1.91|                          -0.8954|        213.31|213.31|AAPL:NASDAQ|stock|        -14400|                 0.0|
[2024-08-09T13:25:52.199+0000] {subprocess.py:93} INFO - |2024-08-08 09:37:00|{-1.88, -0.0088, ...|     0|             0|          60|        []|2024-08-09 13:25:03|    1D|             211.4|                    -1.91|                          -0.8954|        213.31|213.31|AAPL:NASDAQ|stock|        -14400|                 0.0|
[2024-08-09T13:25:52.199+0000] {subprocess.py:93} INFO - |2024-08-08 09:38:00|{-2.3816, -0.0112...|     0|             0|          60|        []|2024-08-09 13:25:03|    1D|             211.4|                    -1.91|                          -0.8954|        213.31|213.31|AAPL:NASDAQ|stock|        -14400|                 0.0|
[2024-08-09T13:25:52.200+0000] {subprocess.py:93} INFO - |2024-08-08 09:39:00|{-2.24, -0.0105, ...|     0|             0|          60|        []|2024-08-09 13:25:03|    1D|             211.4|                    -1.91|                          -0.8954|        213.31|213.31|AAPL:NASDAQ|stock|        -14400|                 0.0|
[2024-08-09T13:25:52.201+0000] {subprocess.py:93} INFO - |2024-08-08 09:40:00|{-2.04, -0.0096, ...|     0|             0|          60|        []|2024-08-09 13:25:03|    1D|             211.4|                    -1.91|                          -0.8954|        213.31|213.31|AAPL:NASDAQ|stock|        -14400|                 0.0|
[2024-08-09T13:25:52.201+0000] {subprocess.py:93} INFO - |2024-08-08 09:41:00|{-2.48, -0.0116, ...|     0|             0|          60|        []|2024-08-09 13:25:03|    1D|             211.4|                    -1.91|                          -0.8954|        213.31|213.31|AAPL:NASDAQ|stock|        -14400|                 0.0|
[2024-08-09T13:25:52.202+0000] {subprocess.py:93} INFO - |2024-08-08 09:42:00|{-2.16, -0.0101, ...|     0|             0|          60|        []|2024-08-09 13:25:03|    1D|             211.4|                    -1.91|                          -0.8954|        213.31|213.31|AAPL:NASDAQ|stock|        -14400|                 0.0|
[2024-08-09T13:25:52.202+0000] {subprocess.py:93} INFO - |2024-08-08 09:43:00|{-2.5372, -0.0119...|     0|             0|          60|        []|2024-08-09 13:25:03|    1D|             211.4|                    -1.91|                          -0.8954|        213.31|213.31|AAPL:NASDAQ|stock|        -14400|                 0.0|
[2024-08-09T13:25:52.203+0000] {subprocess.py:93} INFO - |2024-08-08 09:44:00|{-2.94, -0.0138, ...|     0|             0|          60|        []|2024-08-09 13:25:03|    1D|             211.4|                    -1.91|                          -0.8954|        213.31|213.31|AAPL:NASDAQ|stock|        -14400|                 0.0|
[2024-08-09T13:25:52.203+0000] {subprocess.py:93} INFO - |2024-08-08 09:45:00|{-3.14, -0.0147, ...|     0|             0|          60|        []|2024-08-09 13:25:03|    1D|             211.4|                    -1.91|                          -0.8954|        213.31|213.31|AAPL:NASDAQ|stock|        -14400|                 0.0|
[2024-08-09T13:25:52.203+0000] {subprocess.py:93} INFO - |2024-08-08 09:46:00|{-3.04, -0.0143, ...|     0|             0|          60|        []|2024-08-09 13:25:03|    1D|             211.4|                    -1.91|                          -0.8954|        213.31|213.31|AAPL:NASDAQ|stock|        -14400|                 0.0|
[2024-08-09T13:25:52.204+0000] {subprocess.py:93} INFO - |2024-08-08 09:47:00|{-3.41, -0.016, 2...|     0|             0|          60|        []|2024-08-09 13:25:03|    1D|             211.4|                    -1.91|                          -0.8954|        213.31|213.31|AAPL:NASDAQ|stock|        -14400|                 0.0|
[2024-08-09T13:25:52.204+0000] {subprocess.py:93} INFO - |2024-08-08 09:48:00|{-3.8599, -0.0181...|     0|             0|          60|        []|2024-08-09 13:25:03|    1D|             211.4|                    -1.91|                          -0.8954|        213.31|213.31|AAPL:NASDAQ|stock|        -14400|                 0.0|
[2024-08-09T13:25:52.204+0000] {subprocess.py:93} INFO - |2024-08-08 09:49:00|{-3.835, -0.018, ...|     0|             0|          60|        []|2024-08-09 13:25:03|    1D|             211.4|                    -1.91|                          -0.8954|        213.31|213.31|AAPL:NASDAQ|stock|        -14400|                 0.0|
[2024-08-09T13:25:52.206+0000] {subprocess.py:93} INFO - +-------------------+--------------------+------+--------------+------------+----------+-------------------+------+------------------+-------------------------+---------------------------------+--------------+------+-----------+-----+--------------+--------------------+
[2024-08-09T13:25:52.207+0000] {subprocess.py:93} INFO - only showing top 20 rows
[2024-08-09T13:25:52.208+0000] {subprocess.py:93} INFO - 
[2024-08-09T13:25:52.227+0000] {subprocess.py:93} INFO - step 3: writing…
[2024-08-09T13:25:52.227+0000] {subprocess.py:93} INFO - Traceback (most recent call last):
[2024-08-09T13:25:52.228+0000] {subprocess.py:93} INFO -   File "/opt/***/jobs/process_data.py", line 99, in <module>
[2024-08-09T13:25:52.228+0000] {subprocess.py:93} INFO -     save_to_elasticsearch(processed_stock_time_series, "stock_time_series", mapping_id="time_series")
[2024-08-09T13:25:52.228+0000] {subprocess.py:93} INFO - TypeError: save_to_elasticsearch() got an unexpected keyword argument 'mapping_id'
[2024-08-09T13:25:52.349+0000] {subprocess.py:93} INFO - 24/08/09 13:25:52 INFO SparkContext: Invoking stop() from shutdown hook
[2024-08-09T13:25:52.349+0000] {subprocess.py:93} INFO - 24/08/09 13:25:52 INFO SparkContext: SparkContext is stopping with exitCode 0.
[2024-08-09T13:25:52.356+0000] {subprocess.py:93} INFO - 24/08/09 13:25:52 INFO SparkUI: Stopped Spark web UI at http://27ef58cc88fc:4041
[2024-08-09T13:25:52.358+0000] {subprocess.py:93} INFO - 24/08/09 13:25:52 INFO StandaloneSchedulerBackend: Shutting down all executors
[2024-08-09T13:25:52.359+0000] {subprocess.py:93} INFO - 24/08/09 13:25:52 INFO StandaloneSchedulerBackend$StandaloneDriverEndpoint: Asking each executor to shut down
[2024-08-09T13:25:52.383+0000] {subprocess.py:93} INFO - 24/08/09 13:25:52 INFO MapOutputTrackerMasterEndpoint: MapOutputTrackerMasterEndpoint stopped!
[2024-08-09T13:25:52.417+0000] {subprocess.py:93} INFO - 24/08/09 13:25:52 INFO MemoryStore: MemoryStore cleared
[2024-08-09T13:25:52.419+0000] {subprocess.py:93} INFO - 24/08/09 13:25:52 INFO BlockManager: BlockManager stopped
[2024-08-09T13:25:52.422+0000] {subprocess.py:93} INFO - 24/08/09 13:25:52 INFO BlockManagerMaster: BlockManagerMaster stopped
[2024-08-09T13:25:52.424+0000] {subprocess.py:93} INFO - 24/08/09 13:25:52 INFO OutputCommitCoordinator$OutputCommitCoordinatorEndpoint: OutputCommitCoordinator stopped!
[2024-08-09T13:25:52.436+0000] {subprocess.py:93} INFO - 24/08/09 13:25:52 INFO SparkContext: Successfully stopped SparkContext
[2024-08-09T13:25:52.437+0000] {subprocess.py:93} INFO - 24/08/09 13:25:52 INFO ShutdownHookManager: Shutdown hook called
[2024-08-09T13:25:52.437+0000] {subprocess.py:93} INFO - 24/08/09 13:25:52 INFO ShutdownHookManager: Deleting directory /tmp/spark-bd05a2b9-0365-4c6a-b0c4-74048dffa1aa
[2024-08-09T13:25:52.439+0000] {subprocess.py:93} INFO - 24/08/09 13:25:52 INFO ShutdownHookManager: Deleting directory /tmp/spark-cea5c7d5-0cbd-4ec3-b69f-c3abf259e67c
[2024-08-09T13:25:52.441+0000] {subprocess.py:93} INFO - 24/08/09 13:25:52 INFO ShutdownHookManager: Deleting directory /tmp/spark-bd05a2b9-0365-4c6a-b0c4-74048dffa1aa/pyspark-ba2311cf-100f-4298-a6d4-d59d2959f228
[2024-08-09T13:25:52.492+0000] {subprocess.py:97} INFO - Command exited with return code 1
[2024-08-09T13:25:52.513+0000] {taskinstance.py:1935} ERROR - Task failed with exception
Traceback (most recent call last):
  File "/home/airflow/.local/lib/python3.11/site-packages/airflow/operators/bash.py", line 210, in execute
    raise AirflowException(
airflow.exceptions.AirflowException: Bash command failed. The command returned a non-zero exit code 1.
[2024-08-09T13:25:52.518+0000] {taskinstance.py:1398} INFO - Marking task as UP_FOR_RETRY. dag_id=data_pipeline_api, task_id=process_data, execution_date=20240809T132530, start_date=20240809T132531, end_date=20240809T132552
[2024-08-09T13:25:52.530+0000] {standard_task_runner.py:104} ERROR - Failed to execute job 18 for task process_data (Bash command failed. The command returned a non-zero exit code 1.; 3728)
[2024-08-09T13:25:52.567+0000] {local_task_job_runner.py:228} INFO - Task exited with return code 1
[2024-08-09T13:25:52.584+0000] {taskinstance.py:2776} INFO - 0 downstream tasks scheduled from follow-on schedule check
