[2024-09-16T00:30:01.795+0000] {taskinstance.py:1157} INFO - Dependencies all met for dep_context=non-requeueable deps ti=<TaskInstance: data_pipeline_api.analyze_data scheduled__2024-09-15T00:30:00+00:00 [queued]>
[2024-09-16T00:30:01.801+0000] {taskinstance.py:1157} INFO - Dependencies all met for dep_context=requeueable deps ti=<TaskInstance: data_pipeline_api.analyze_data scheduled__2024-09-15T00:30:00+00:00 [queued]>
[2024-09-16T00:30:01.802+0000] {taskinstance.py:1359} INFO - Starting attempt 1 of 2
[2024-09-16T00:30:01.809+0000] {taskinstance.py:1380} INFO - Executing <Task(BashOperator): analyze_data> on 2024-09-15 00:30:00+00:00
[2024-09-16T00:30:01.812+0000] {standard_task_runner.py:57} INFO - Started process 23730 to run task
[2024-09-16T00:30:01.813+0000] {standard_task_runner.py:84} INFO - Running: ['***', 'tasks', 'run', 'data_pipeline_api', 'analyze_data', 'scheduled__2024-09-15T00:30:00+00:00', '--job-id', '10', '--raw', '--subdir', 'DAGS_FOLDER/spark-jobs.py', '--cfg-path', '/tmp/tmpsv2k7qaa']
[2024-09-16T00:30:01.816+0000] {standard_task_runner.py:85} INFO - Job 10: Subtask analyze_data
[2024-09-16T00:30:01.865+0000] {task_command.py:415} INFO - Running <TaskInstance: data_pipeline_api.analyze_data scheduled__2024-09-15T00:30:00+00:00 [running]> on host 595e69e30fc0
[2024-09-16T00:30:01.915+0000] {taskinstance.py:1660} INFO - Exporting env vars: AIRFLOW_CTX_DAG_OWNER='***' AIRFLOW_CTX_DAG_ID='data_pipeline_api' AIRFLOW_CTX_TASK_ID='analyze_data' AIRFLOW_CTX_EXECUTION_DATE='2024-09-15T00:30:00+00:00' AIRFLOW_CTX_TRY_NUMBER='1' AIRFLOW_CTX_DAG_RUN_ID='scheduled__2024-09-15T00:30:00+00:00'
[2024-09-16T00:30:01.916+0000] {subprocess.py:63} INFO - Tmp dir root location: /tmp
[2024-09-16T00:30:01.917+0000] {subprocess.py:75} INFO - Running command: ['/bin/bash', '-c', 'bash /opt/***/jobs/spark-submit.sh /opt/***/jobs/analyze_data.py ']
[2024-09-16T00:30:01.923+0000] {subprocess.py:86} INFO - Output:
[2024-09-16T00:30:01.943+0000] {subprocess.py:93} INFO - /opt/***/jobs/analyze_data.py
[2024-09-16T00:30:02.019+0000] {subprocess.py:93} INFO - /home/***/.local/lib/python3.11/site-packages/pyspark/bin/load-spark-env.sh: line 68: ps: command not found
[2024-09-16T00:30:04.284+0000] {subprocess.py:93} INFO - 24/09/16 00:30:04 WARN NativeCodeLoader: Unable to load native-hadoop library for your platform... using builtin-java classes where applicable
[2024-09-16T00:30:05.232+0000] {subprocess.py:93} INFO - 24/09/16 00:30:05 INFO SparkContext: Running Spark version 3.5.1
[2024-09-16T00:30:05.232+0000] {subprocess.py:93} INFO - 24/09/16 00:30:05 INFO SparkContext: OS info Linux, 6.6.32-linuxkit, aarch64
[2024-09-16T00:30:05.233+0000] {subprocess.py:93} INFO - 24/09/16 00:30:05 INFO SparkContext: Java version 11.0.23
[2024-09-16T00:30:05.263+0000] {subprocess.py:93} INFO - 24/09/16 00:30:05 INFO ResourceUtils: ==============================================================
[2024-09-16T00:30:05.263+0000] {subprocess.py:93} INFO - 24/09/16 00:30:05 INFO ResourceUtils: No custom resources configured for spark.driver.
[2024-09-16T00:30:05.263+0000] {subprocess.py:93} INFO - 24/09/16 00:30:05 INFO ResourceUtils: ==============================================================
[2024-09-16T00:30:05.264+0000] {subprocess.py:93} INFO - 24/09/16 00:30:05 INFO SparkContext: Submitted application: FinanceDataAnalysis
[2024-09-16T00:30:05.285+0000] {subprocess.py:93} INFO - 24/09/16 00:30:05 INFO ResourceProfile: Default ResourceProfile created, executor resources: Map(cores -> name: cores, amount: 1, script: , vendor: , memory -> name: memory, amount: 1024, script: , vendor: , offHeap -> name: offHeap, amount: 1024, script: , vendor: ), task resources: Map(cpus -> name: cpus, amount: 1.0)
[2024-09-16T00:30:05.294+0000] {subprocess.py:93} INFO - 24/09/16 00:30:05 INFO ResourceProfile: Limiting resource is cpus at 1 tasks per executor
[2024-09-16T00:30:05.295+0000] {subprocess.py:93} INFO - 24/09/16 00:30:05 INFO ResourceProfileManager: Added ResourceProfile id: 0
[2024-09-16T00:30:05.354+0000] {subprocess.py:93} INFO - 24/09/16 00:30:05 INFO SecurityManager: Changing view acls to: ***
[2024-09-16T00:30:05.355+0000] {subprocess.py:93} INFO - 24/09/16 00:30:05 INFO SecurityManager: Changing modify acls to: ***
[2024-09-16T00:30:05.355+0000] {subprocess.py:93} INFO - 24/09/16 00:30:05 INFO SecurityManager: Changing view acls groups to:
[2024-09-16T00:30:05.355+0000] {subprocess.py:93} INFO - 24/09/16 00:30:05 INFO SecurityManager: Changing modify acls groups to:
[2024-09-16T00:30:05.355+0000] {subprocess.py:93} INFO - 24/09/16 00:30:05 INFO SecurityManager: SecurityManager: authentication disabled; ui acls disabled; users with view permissions: ***; groups with view permissions: EMPTY; users with modify permissions: ***; groups with modify permissions: EMPTY
[2024-09-16T00:30:05.538+0000] {subprocess.py:93} INFO - 24/09/16 00:30:05 INFO Utils: Successfully started service 'sparkDriver' on port 33563.
[2024-09-16T00:30:05.563+0000] {subprocess.py:93} INFO - 24/09/16 00:30:05 INFO SparkEnv: Registering MapOutputTracker
[2024-09-16T00:30:05.592+0000] {subprocess.py:93} INFO - 24/09/16 00:30:05 INFO SparkEnv: Registering BlockManagerMaster
[2024-09-16T00:30:05.618+0000] {subprocess.py:93} INFO - 24/09/16 00:30:05 INFO BlockManagerMasterEndpoint: Using org.apache.spark.storage.DefaultTopologyMapper for getting topology information
[2024-09-16T00:30:05.618+0000] {subprocess.py:93} INFO - 24/09/16 00:30:05 INFO BlockManagerMasterEndpoint: BlockManagerMasterEndpoint up
[2024-09-16T00:30:05.621+0000] {subprocess.py:93} INFO - 24/09/16 00:30:05 INFO SparkEnv: Registering BlockManagerMasterHeartbeat
[2024-09-16T00:30:05.648+0000] {subprocess.py:93} INFO - 24/09/16 00:30:05 INFO DiskBlockManager: Created local directory at /tmp/blockmgr-4345f70d-c00a-42f6-90c1-1628ad519a47
[2024-09-16T00:30:05.666+0000] {subprocess.py:93} INFO - 24/09/16 00:30:05 INFO MemoryStore: MemoryStore started with capacity 1458.4 MiB
[2024-09-16T00:30:05.688+0000] {subprocess.py:93} INFO - 24/09/16 00:30:05 INFO SparkEnv: Registering OutputCommitCoordinator
[2024-09-16T00:30:05.937+0000] {subprocess.py:93} INFO - 24/09/16 00:30:05 INFO JettyUtils: Start Jetty 0.0.0.0:4040 for SparkUI
[2024-09-16T00:30:06.005+0000] {subprocess.py:93} INFO - 24/09/16 00:30:06 WARN Utils: Service 'SparkUI' could not bind on port 4040. Attempting port 4041.
[2024-09-16T00:30:06.010+0000] {subprocess.py:93} INFO - 24/09/16 00:30:06 INFO Utils: Successfully started service 'SparkUI' on port 4041.
[2024-09-16T00:30:06.034+0000] {subprocess.py:93} INFO - 24/09/16 00:30:06 INFO SparkContext: Added JAR file:///opt/bitnami/spark/resources/elasticsearch-spark-30_2.12-8.4.3.jar at spark://595e69e30fc0:33563/jars/elasticsearch-spark-30_2.12-8.4.3.jar with timestamp 1726446605222
[2024-09-16T00:30:06.089+0000] {subprocess.py:93} INFO - 24/09/16 00:30:06 INFO StandaloneAppClient$ClientEndpoint: Connecting to master spark://spark-master:7077...
[2024-09-16T00:30:06.123+0000] {subprocess.py:93} INFO - 24/09/16 00:30:06 INFO TransportClientFactory: Successfully created connection to spark-master/172.18.0.3:7077 after 17 ms (0 ms spent in bootstraps)
[2024-09-16T00:30:06.388+0000] {subprocess.py:93} INFO - 24/09/16 00:30:06 INFO StandaloneSchedulerBackend: Connected to Spark cluster with app ID app-20240916003006-0007
[2024-09-16T00:30:06.403+0000] {subprocess.py:93} INFO - 24/09/16 00:30:06 INFO Utils: Successfully started service 'org.apache.spark.network.netty.NettyBlockTransferService' on port 33939.
[2024-09-16T00:30:06.404+0000] {subprocess.py:93} INFO - 24/09/16 00:30:06 INFO NettyBlockTransferService: Server created on 595e69e30fc0:33939
[2024-09-16T00:30:06.405+0000] {subprocess.py:93} INFO - 24/09/16 00:30:06 INFO BlockManager: Using org.apache.spark.storage.RandomBlockReplicationPolicy for block replication policy
[2024-09-16T00:30:06.413+0000] {subprocess.py:93} INFO - 24/09/16 00:30:06 INFO BlockManagerMaster: Registering BlockManager BlockManagerId(driver, 595e69e30fc0, 33939, None)
[2024-09-16T00:30:06.418+0000] {subprocess.py:93} INFO - 24/09/16 00:30:06 INFO BlockManagerMasterEndpoint: Registering block manager 595e69e30fc0:33939 with 1458.4 MiB RAM, BlockManagerId(driver, 595e69e30fc0, 33939, None)
[2024-09-16T00:30:06.422+0000] {subprocess.py:93} INFO - 24/09/16 00:30:06 INFO BlockManagerMaster: Registered BlockManager BlockManagerId(driver, 595e69e30fc0, 33939, None)
[2024-09-16T00:30:06.423+0000] {subprocess.py:93} INFO - 24/09/16 00:30:06 INFO BlockManager: Initialized BlockManager: BlockManagerId(driver, 595e69e30fc0, 33939, None)
[2024-09-16T00:30:06.618+0000] {subprocess.py:93} INFO - 24/09/16 00:30:06 INFO StandaloneSchedulerBackend: SchedulerBackend is ready for scheduling beginning after reached minRegisteredResourcesRatio: 0.0
[2024-09-16T00:30:06.768+0000] {subprocess.py:93} INFO - 24/09/16 00:30:06 INFO SharedState: Setting hive.metastore.warehouse.dir ('null') to the value of spark.sql.warehouse.dir.
[2024-09-16T00:30:06.770+0000] {subprocess.py:93} INFO - 24/09/16 00:30:06 INFO SharedState: Warehouse path is 'file:/tmp/***tmpkrcqy63r/spark-warehouse'.
[2024-09-16T00:30:07.517+0000] {subprocess.py:93} INFO - 24/09/16 00:30:07 INFO Version: Elasticsearch Hadoop v8.4.3 [a7873eb469]
[2024-09-16T00:30:09.512+0000] {subprocess.py:93} INFO - 24/09/16 00:30:09 INFO FileOutputCommitter: File Output Committer Algorithm version is 1
[2024-09-16T00:30:09.516+0000] {subprocess.py:93} INFO - 24/09/16 00:30:09 INFO FileOutputCommitter: FileOutputCommitter skip cleanup _temporary folders under output directory:false, ignore cleanup failures: false
[2024-09-16T00:30:09.517+0000] {subprocess.py:93} INFO - 24/09/16 00:30:09 INFO SQLHadoopMapReduceCommitProtocol: Using output committer class org.apache.hadoop.mapreduce.lib.output.FileOutputCommitter
[2024-09-16T00:30:09.784+0000] {subprocess.py:93} INFO - 24/09/16 00:30:09 INFO CodeGenerator: Code generated in 197.911875 ms
[2024-09-16T00:30:09.820+0000] {subprocess.py:93} INFO - 24/09/16 00:30:09 INFO CodeGenerator: Code generated in 15.984459 ms
[2024-09-16T00:30:09.860+0000] {subprocess.py:93} INFO - 24/09/16 00:30:09 INFO ScalaEsRowRDD: Reading from [market_trends]
[2024-09-16T00:30:09.897+0000] {subprocess.py:93} INFO - 24/09/16 00:30:09 INFO SparkContext: Starting job: csv at NativeMethodAccessorImpl.java:0
[2024-09-16T00:30:09.906+0000] {subprocess.py:93} INFO - 24/09/16 00:30:09 INFO DAGScheduler: Got job 0 (csv at NativeMethodAccessorImpl.java:0) with 1 output partitions
[2024-09-16T00:30:09.906+0000] {subprocess.py:93} INFO - 24/09/16 00:30:09 INFO DAGScheduler: Final stage: ResultStage 0 (csv at NativeMethodAccessorImpl.java:0)
[2024-09-16T00:30:09.907+0000] {subprocess.py:93} INFO - 24/09/16 00:30:09 INFO DAGScheduler: Parents of final stage: List()
[2024-09-16T00:30:09.908+0000] {subprocess.py:93} INFO - 24/09/16 00:30:09 INFO DAGScheduler: Missing parents: List()
[2024-09-16T00:30:09.911+0000] {subprocess.py:93} INFO - 24/09/16 00:30:09 INFO DAGScheduler: Submitting ResultStage 0 (MapPartitionsRDD[5] at csv at NativeMethodAccessorImpl.java:0), which has no missing parents
[2024-09-16T00:30:10.007+0000] {subprocess.py:93} INFO - 24/09/16 00:30:10 INFO MemoryStore: Block broadcast_0 stored as values in memory (estimated size 237.3 KiB, free 1458.2 MiB)
[2024-09-16T00:30:10.053+0000] {subprocess.py:93} INFO - 24/09/16 00:30:10 INFO MemoryStore: Block broadcast_0_piece0 stored as bytes in memory (estimated size 86.7 KiB, free 1458.1 MiB)
[2024-09-16T00:30:10.055+0000] {subprocess.py:93} INFO - 24/09/16 00:30:10 INFO BlockManagerInfo: Added broadcast_0_piece0 in memory on 595e69e30fc0:33939 (size: 86.7 KiB, free: 1458.3 MiB)
[2024-09-16T00:30:10.057+0000] {subprocess.py:93} INFO - 24/09/16 00:30:10 INFO SparkContext: Created broadcast 0 from broadcast at DAGScheduler.scala:1585
[2024-09-16T00:30:10.066+0000] {subprocess.py:93} INFO - 24/09/16 00:30:10 INFO DAGScheduler: Submitting 1 missing tasks from ResultStage 0 (MapPartitionsRDD[5] at csv at NativeMethodAccessorImpl.java:0) (first 15 tasks are for partitions Vector(0))
[2024-09-16T00:30:10.066+0000] {subprocess.py:93} INFO - 24/09/16 00:30:10 INFO TaskSchedulerImpl: Adding task set 0.0 with 1 tasks resource profile 0
[2024-09-16T00:30:23.129+0000] {subprocess.py:93} INFO - 24/09/16 00:30:23 INFO StandaloneAppClient$ClientEndpoint: Executor added: app-20240916003006-0007/0 on worker-20240915011145-172.18.0.8-40123 (172.18.0.8:40123) with 1 core(s)
[2024-09-16T00:30:23.133+0000] {subprocess.py:93} INFO - 24/09/16 00:30:23 INFO StandaloneSchedulerBackend: Granted executor ID app-20240916003006-0007/0 on hostPort 172.18.0.8:40123 with 1 core(s), 1024.0 MiB RAM
[2024-09-16T00:30:23.134+0000] {subprocess.py:93} INFO - 24/09/16 00:30:23 INFO StandaloneAppClient$ClientEndpoint: Executor added: app-20240916003006-0007/1 on worker-20240915011145-172.18.0.9-43093 (172.18.0.9:43093) with 1 core(s)
[2024-09-16T00:30:23.134+0000] {subprocess.py:93} INFO - 24/09/16 00:30:23 INFO StandaloneSchedulerBackend: Granted executor ID app-20240916003006-0007/1 on hostPort 172.18.0.9:43093 with 1 core(s), 1024.0 MiB RAM
[2024-09-16T00:30:23.178+0000] {subprocess.py:93} INFO - 24/09/16 00:30:23 INFO StandaloneAppClient$ClientEndpoint: Executor updated: app-20240916003006-0007/0 is now RUNNING
[2024-09-16T00:30:23.178+0000] {subprocess.py:93} INFO - 24/09/16 00:30:23 INFO StandaloneAppClient$ClientEndpoint: Executor updated: app-20240916003006-0007/1 is now RUNNING
[2024-09-16T00:30:24.848+0000] {subprocess.py:93} INFO - 24/09/16 00:30:24 INFO StandaloneSchedulerBackend$StandaloneDriverEndpoint: Registered executor NettyRpcEndpointRef(spark-client://Executor) (172.18.0.8:57792) with ID 0,  ResourceProfileId 0
[2024-09-16T00:30:24.856+0000] {subprocess.py:93} INFO - 24/09/16 00:30:24 INFO StandaloneSchedulerBackend$StandaloneDriverEndpoint: Registered executor NettyRpcEndpointRef(spark-client://Executor) (172.18.0.9:55388) with ID 1,  ResourceProfileId 0
[2024-09-16T00:30:24.893+0000] {subprocess.py:93} INFO - 24/09/16 00:30:24 INFO BlockManagerMasterEndpoint: Registering block manager 172.18.0.9:41783 with 1458.4 MiB RAM, BlockManagerId(1, 172.18.0.9, 41783, None)
[2024-09-16T00:30:24.895+0000] {subprocess.py:93} INFO - 24/09/16 00:30:24 INFO BlockManagerMasterEndpoint: Registering block manager 172.18.0.8:46847 with 1458.4 MiB RAM, BlockManagerId(0, 172.18.0.8, 46847, None)
[2024-09-16T00:30:24.981+0000] {subprocess.py:93} INFO - 24/09/16 00:30:24 INFO TaskSetManager: Starting task 0.0 in stage 0.0 (TID 0) (172.18.0.9, executor 1, partition 0, ANY, 15633 bytes)
[2024-09-16T00:30:25.102+0000] {subprocess.py:93} INFO - 24/09/16 00:30:25 INFO BlockManagerInfo: Added broadcast_0_piece0 in memory on 172.18.0.9:41783 (size: 86.7 KiB, free: 1458.3 MiB)
[2024-09-16T00:30:26.190+0000] {subprocess.py:93} INFO - 24/09/16 00:30:26 INFO TaskSetManager: Finished task 0.0 in stage 0.0 (TID 0) in 1219 ms on 172.18.0.9 (executor 1) (1/1)
[2024-09-16T00:30:26.191+0000] {subprocess.py:93} INFO - 24/09/16 00:30:26 INFO TaskSchedulerImpl: Removed TaskSet 0.0, whose tasks have all completed, from pool
[2024-09-16T00:30:26.194+0000] {subprocess.py:93} INFO - 24/09/16 00:30:26 INFO DAGScheduler: ResultStage 0 (csv at NativeMethodAccessorImpl.java:0) finished in 16.277 s
[2024-09-16T00:30:26.196+0000] {subprocess.py:93} INFO - 24/09/16 00:30:26 INFO DAGScheduler: Job 0 is finished. Cancelling potential speculative or zombie tasks for this job
[2024-09-16T00:30:26.196+0000] {subprocess.py:93} INFO - 24/09/16 00:30:26 INFO TaskSchedulerImpl: Killing all running tasks in stage 0: Stage finished
[2024-09-16T00:30:26.198+0000] {subprocess.py:93} INFO - 24/09/16 00:30:26 INFO DAGScheduler: Job 0 finished: csv at NativeMethodAccessorImpl.java:0, took 16.300454 s
[2024-09-16T00:30:26.202+0000] {subprocess.py:93} INFO - 24/09/16 00:30:26 INFO FileFormatWriter: Start to commit write Job 949f8901-28d0-445a-8ef7-cd94945ba3be.
[2024-09-16T00:30:26.263+0000] {subprocess.py:93} INFO - 24/09/16 00:30:26 INFO BlockManagerInfo: Removed broadcast_0_piece0 on 595e69e30fc0:33939 in memory (size: 86.7 KiB, free: 1458.4 MiB)
[2024-09-16T00:30:26.265+0000] {subprocess.py:93} INFO - 24/09/16 00:30:26 INFO BlockManagerInfo: Removed broadcast_0_piece0 on 172.18.0.9:41783 in memory (size: 86.7 KiB, free: 1458.4 MiB)
[2024-09-16T00:30:26.268+0000] {subprocess.py:93} INFO - 24/09/16 00:30:26 INFO FileFormatWriter: Write Job 949f8901-28d0-445a-8ef7-cd94945ba3be committed. Elapsed time: 66 ms.
[2024-09-16T00:30:26.271+0000] {subprocess.py:93} INFO - 24/09/16 00:30:26 INFO FileFormatWriter: Finished processing stats for write job 949f8901-28d0-445a-8ef7-cd94945ba3be.
[2024-09-16T00:30:26.331+0000] {subprocess.py:93} INFO - 24/09/16 00:30:26 INFO FileOutputCommitter: File Output Committer Algorithm version is 1
[2024-09-16T00:30:26.332+0000] {subprocess.py:93} INFO - 24/09/16 00:30:26 INFO FileOutputCommitter: FileOutputCommitter skip cleanup _temporary folders under output directory:false, ignore cleanup failures: false
[2024-09-16T00:30:26.332+0000] {subprocess.py:93} INFO - 24/09/16 00:30:26 INFO SQLHadoopMapReduceCommitProtocol: Using output committer class org.apache.hadoop.mapreduce.lib.output.FileOutputCommitter
[2024-09-16T00:30:26.353+0000] {subprocess.py:93} INFO - 24/09/16 00:30:26 INFO CodeGenerator: Code generated in 7.491375 ms
[2024-09-16T00:30:26.374+0000] {subprocess.py:93} INFO - 24/09/16 00:30:26 INFO ScalaEsRowRDD: Reading from [market_trends]
[2024-09-16T00:30:26.380+0000] {subprocess.py:93} INFO - 24/09/16 00:30:26 INFO SparkContext: Starting job: csv at NativeMethodAccessorImpl.java:0
[2024-09-16T00:30:26.381+0000] {subprocess.py:93} INFO - 24/09/16 00:30:26 INFO DAGScheduler: Got job 1 (csv at NativeMethodAccessorImpl.java:0) with 1 output partitions
[2024-09-16T00:30:26.381+0000] {subprocess.py:93} INFO - 24/09/16 00:30:26 INFO DAGScheduler: Final stage: ResultStage 1 (csv at NativeMethodAccessorImpl.java:0)
[2024-09-16T00:30:26.381+0000] {subprocess.py:93} INFO - 24/09/16 00:30:26 INFO DAGScheduler: Parents of final stage: List()
[2024-09-16T00:30:26.382+0000] {subprocess.py:93} INFO - 24/09/16 00:30:26 INFO DAGScheduler: Missing parents: List()
[2024-09-16T00:30:26.383+0000] {subprocess.py:93} INFO - 24/09/16 00:30:26 INFO DAGScheduler: Submitting ResultStage 1 (MapPartitionsRDD[11] at csv at NativeMethodAccessorImpl.java:0), which has no missing parents
[2024-09-16T00:30:26.403+0000] {subprocess.py:93} INFO - 24/09/16 00:30:26 INFO MemoryStore: Block broadcast_1 stored as values in memory (estimated size 237.3 KiB, free 1458.2 MiB)
[2024-09-16T00:30:26.408+0000] {subprocess.py:93} INFO - 24/09/16 00:30:26 INFO MemoryStore: Block broadcast_1_piece0 stored as bytes in memory (estimated size 86.7 KiB, free 1458.1 MiB)
[2024-09-16T00:30:26.409+0000] {subprocess.py:93} INFO - 24/09/16 00:30:26 INFO BlockManagerInfo: Added broadcast_1_piece0 in memory on 595e69e30fc0:33939 (size: 86.7 KiB, free: 1458.3 MiB)
[2024-09-16T00:30:26.409+0000] {subprocess.py:93} INFO - 24/09/16 00:30:26 INFO SparkContext: Created broadcast 1 from broadcast at DAGScheduler.scala:1585
[2024-09-16T00:30:26.410+0000] {subprocess.py:93} INFO - 24/09/16 00:30:26 INFO DAGScheduler: Submitting 1 missing tasks from ResultStage 1 (MapPartitionsRDD[11] at csv at NativeMethodAccessorImpl.java:0) (first 15 tasks are for partitions Vector(0))
[2024-09-16T00:30:26.410+0000] {subprocess.py:93} INFO - 24/09/16 00:30:26 INFO TaskSchedulerImpl: Adding task set 1.0 with 1 tasks resource profile 0
[2024-09-16T00:30:26.413+0000] {subprocess.py:93} INFO - 24/09/16 00:30:26 INFO TaskSetManager: Starting task 0.0 in stage 1.0 (TID 1) (172.18.0.9, executor 1, partition 0, ANY, 15633 bytes)
[2024-09-16T00:30:26.434+0000] {subprocess.py:93} INFO - 24/09/16 00:30:26 INFO BlockManagerInfo: Added broadcast_1_piece0 in memory on 172.18.0.9:41783 (size: 86.7 KiB, free: 1458.3 MiB)
[2024-09-16T00:30:26.506+0000] {subprocess.py:93} INFO - 24/09/16 00:30:26 INFO TaskSetManager: Finished task 0.0 in stage 1.0 (TID 1) in 93 ms on 172.18.0.9 (executor 1) (1/1)
[2024-09-16T00:30:26.506+0000] {subprocess.py:93} INFO - 24/09/16 00:30:26 INFO TaskSchedulerImpl: Removed TaskSet 1.0, whose tasks have all completed, from pool
[2024-09-16T00:30:26.506+0000] {subprocess.py:93} INFO - 24/09/16 00:30:26 INFO DAGScheduler: ResultStage 1 (csv at NativeMethodAccessorImpl.java:0) finished in 0.123 s
[2024-09-16T00:30:26.507+0000] {subprocess.py:93} INFO - 24/09/16 00:30:26 INFO DAGScheduler: Job 1 is finished. Cancelling potential speculative or zombie tasks for this job
[2024-09-16T00:30:26.508+0000] {subprocess.py:93} INFO - 24/09/16 00:30:26 INFO TaskSchedulerImpl: Killing all running tasks in stage 1: Stage finished
[2024-09-16T00:30:26.509+0000] {subprocess.py:93} INFO - 24/09/16 00:30:26 INFO DAGScheduler: Job 1 finished: csv at NativeMethodAccessorImpl.java:0, took 0.126947 s
[2024-09-16T00:30:26.509+0000] {subprocess.py:93} INFO - 24/09/16 00:30:26 INFO FileFormatWriter: Start to commit write Job 5105879b-9cee-4e76-abfc-9a98f9a35123.
[2024-09-16T00:30:26.528+0000] {subprocess.py:93} INFO - 24/09/16 00:30:26 INFO FileFormatWriter: Write Job 5105879b-9cee-4e76-abfc-9a98f9a35123 committed. Elapsed time: 19 ms.
[2024-09-16T00:30:26.529+0000] {subprocess.py:93} INFO - 24/09/16 00:30:26 INFO FileFormatWriter: Finished processing stats for write job 5105879b-9cee-4e76-abfc-9a98f9a35123.
[2024-09-16T00:30:26.856+0000] {subprocess.py:93} INFO - 24/09/16 00:30:26 INFO CodeGenerator: Code generated in 68.918125 ms
[2024-09-16T00:30:26.886+0000] {subprocess.py:93} INFO - 24/09/16 00:30:26 INFO ScalaEsRowRDD: Reading from [stock_time_series]
[2024-09-16T00:30:26.898+0000] {subprocess.py:93} INFO - 24/09/16 00:30:26 INFO DAGScheduler: Registering RDD 15 (csv at NativeMethodAccessorImpl.java:0) as input to shuffle 0
[2024-09-16T00:30:26.900+0000] {subprocess.py:93} INFO - 24/09/16 00:30:26 INFO DAGScheduler: Got map stage job 2 (csv at NativeMethodAccessorImpl.java:0) with 1 output partitions
[2024-09-16T00:30:26.900+0000] {subprocess.py:93} INFO - 24/09/16 00:30:26 INFO DAGScheduler: Final stage: ShuffleMapStage 2 (csv at NativeMethodAccessorImpl.java:0)
[2024-09-16T00:30:26.901+0000] {subprocess.py:93} INFO - 24/09/16 00:30:26 INFO DAGScheduler: Parents of final stage: List()
[2024-09-16T00:30:26.901+0000] {subprocess.py:93} INFO - 24/09/16 00:30:26 INFO DAGScheduler: Missing parents: List()
[2024-09-16T00:30:26.902+0000] {subprocess.py:93} INFO - 24/09/16 00:30:26 INFO DAGScheduler: Submitting ShuffleMapStage 2 (MapPartitionsRDD[15] at csv at NativeMethodAccessorImpl.java:0), which has no missing parents
[2024-09-16T00:30:26.909+0000] {subprocess.py:93} INFO - 24/09/16 00:30:26 INFO MemoryStore: Block broadcast_2 stored as values in memory (estimated size 56.7 KiB, free 1458.0 MiB)
[2024-09-16T00:30:26.910+0000] {subprocess.py:93} INFO - 24/09/16 00:30:26 INFO MemoryStore: Block broadcast_2_piece0 stored as bytes in memory (estimated size 23.9 KiB, free 1458.0 MiB)
[2024-09-16T00:30:26.911+0000] {subprocess.py:93} INFO - 24/09/16 00:30:26 INFO BlockManagerInfo: Added broadcast_2_piece0 in memory on 595e69e30fc0:33939 (size: 23.9 KiB, free: 1458.3 MiB)
[2024-09-16T00:30:26.911+0000] {subprocess.py:93} INFO - 24/09/16 00:30:26 INFO SparkContext: Created broadcast 2 from broadcast at DAGScheduler.scala:1585
[2024-09-16T00:30:26.912+0000] {subprocess.py:93} INFO - 24/09/16 00:30:26 INFO DAGScheduler: Submitting 1 missing tasks from ShuffleMapStage 2 (MapPartitionsRDD[15] at csv at NativeMethodAccessorImpl.java:0) (first 15 tasks are for partitions Vector(0))
[2024-09-16T00:30:26.912+0000] {subprocess.py:93} INFO - 24/09/16 00:30:26 INFO TaskSchedulerImpl: Adding task set 2.0 with 1 tasks resource profile 0
[2024-09-16T00:30:26.913+0000] {subprocess.py:93} INFO - 24/09/16 00:30:26 INFO TaskSetManager: Starting task 0.0 in stage 2.0 (TID 2) (172.18.0.9, executor 1, partition 0, ANY, 15330 bytes)
[2024-09-16T00:30:26.924+0000] {subprocess.py:93} INFO - 24/09/16 00:30:26 INFO BlockManagerInfo: Added broadcast_2_piece0 in memory on 172.18.0.9:41783 (size: 23.9 KiB, free: 1458.3 MiB)
[2024-09-16T00:30:27.194+0000] {subprocess.py:93} INFO - 24/09/16 00:30:27 INFO TaskSetManager: Finished task 0.0 in stage 2.0 (TID 2) in 282 ms on 172.18.0.9 (executor 1) (1/1)
[2024-09-16T00:30:27.195+0000] {subprocess.py:93} INFO - 24/09/16 00:30:27 INFO TaskSchedulerImpl: Removed TaskSet 2.0, whose tasks have all completed, from pool
[2024-09-16T00:30:27.200+0000] {subprocess.py:93} INFO - 24/09/16 00:30:27 INFO DAGScheduler: ShuffleMapStage 2 (csv at NativeMethodAccessorImpl.java:0) finished in 0.296 s
[2024-09-16T00:30:27.201+0000] {subprocess.py:93} INFO - 24/09/16 00:30:27 INFO DAGScheduler: looking for newly runnable stages
[2024-09-16T00:30:27.202+0000] {subprocess.py:93} INFO - 24/09/16 00:30:27 INFO DAGScheduler: running: Set()
[2024-09-16T00:30:27.203+0000] {subprocess.py:93} INFO - 24/09/16 00:30:27 INFO DAGScheduler: waiting: Set()
[2024-09-16T00:30:27.204+0000] {subprocess.py:93} INFO - 24/09/16 00:30:27 INFO DAGScheduler: failed: Set()
[2024-09-16T00:30:27.264+0000] {subprocess.py:93} INFO - 24/09/16 00:30:27 INFO ShufflePartitionsUtil: For shuffle(0), advisory target size: 67108864, actual target size 1048576, minimum partition size: 1048576
[2024-09-16T00:30:27.283+0000] {subprocess.py:93} INFO - 24/09/16 00:30:27 INFO FileOutputCommitter: File Output Committer Algorithm version is 1
[2024-09-16T00:30:27.284+0000] {subprocess.py:93} INFO - 24/09/16 00:30:27 INFO FileOutputCommitter: FileOutputCommitter skip cleanup _temporary folders under output directory:false, ignore cleanup failures: false
[2024-09-16T00:30:27.284+0000] {subprocess.py:93} INFO - 24/09/16 00:30:27 INFO SQLHadoopMapReduceCommitProtocol: Using output committer class org.apache.hadoop.mapreduce.lib.output.FileOutputCommitter
[2024-09-16T00:30:27.304+0000] {subprocess.py:93} INFO - 24/09/16 00:30:27 INFO HashAggregateExec: spark.sql.codegen.aggregate.map.twolevel.enabled is set to true, but current version of codegened fast hashmap does not support this aggregate.
[2024-09-16T00:30:27.341+0000] {subprocess.py:93} INFO - 24/09/16 00:30:27 INFO CodeGenerator: Code generated in 23.336334 ms
[2024-09-16T00:30:27.360+0000] {subprocess.py:93} INFO - 24/09/16 00:30:27 INFO SparkContext: Starting job: csv at NativeMethodAccessorImpl.java:0
[2024-09-16T00:30:27.361+0000] {subprocess.py:93} INFO - 24/09/16 00:30:27 INFO DAGScheduler: Got job 3 (csv at NativeMethodAccessorImpl.java:0) with 1 output partitions
[2024-09-16T00:30:27.361+0000] {subprocess.py:93} INFO - 24/09/16 00:30:27 INFO DAGScheduler: Final stage: ResultStage 4 (csv at NativeMethodAccessorImpl.java:0)
[2024-09-16T00:30:27.361+0000] {subprocess.py:93} INFO - 24/09/16 00:30:27 INFO DAGScheduler: Parents of final stage: List(ShuffleMapStage 3)
[2024-09-16T00:30:27.362+0000] {subprocess.py:93} INFO - 24/09/16 00:30:27 INFO DAGScheduler: Missing parents: List()
[2024-09-16T00:30:27.362+0000] {subprocess.py:93} INFO - 24/09/16 00:30:27 INFO DAGScheduler: Submitting ResultStage 4 (MapPartitionsRDD[19] at csv at NativeMethodAccessorImpl.java:0), which has no missing parents
[2024-09-16T00:30:27.371+0000] {subprocess.py:93} INFO - 24/09/16 00:30:27 INFO MemoryStore: Block broadcast_3 stored as values in memory (estimated size 264.4 KiB, free 1457.7 MiB)
[2024-09-16T00:30:27.373+0000] {subprocess.py:93} INFO - 24/09/16 00:30:27 INFO MemoryStore: Block broadcast_3_piece0 stored as bytes in memory (estimated size 97.4 KiB, free 1457.7 MiB)
[2024-09-16T00:30:27.374+0000] {subprocess.py:93} INFO - 24/09/16 00:30:27 INFO BlockManagerInfo: Added broadcast_3_piece0 in memory on 595e69e30fc0:33939 (size: 97.4 KiB, free: 1458.2 MiB)
[2024-09-16T00:30:27.374+0000] {subprocess.py:93} INFO - 24/09/16 00:30:27 INFO SparkContext: Created broadcast 3 from broadcast at DAGScheduler.scala:1585
[2024-09-16T00:30:27.374+0000] {subprocess.py:93} INFO - 24/09/16 00:30:27 INFO DAGScheduler: Submitting 1 missing tasks from ResultStage 4 (MapPartitionsRDD[19] at csv at NativeMethodAccessorImpl.java:0) (first 15 tasks are for partitions Vector(0))
[2024-09-16T00:30:27.374+0000] {subprocess.py:93} INFO - 24/09/16 00:30:27 INFO TaskSchedulerImpl: Adding task set 4.0 with 1 tasks resource profile 0
[2024-09-16T00:30:27.377+0000] {subprocess.py:93} INFO - 24/09/16 00:30:27 INFO TaskSetManager: Starting task 0.0 in stage 4.0 (TID 3) (172.18.0.9, executor 1, partition 0, NODE_LOCAL, 8091 bytes)
[2024-09-16T00:30:27.392+0000] {subprocess.py:93} INFO - 24/09/16 00:30:27 INFO BlockManagerInfo: Added broadcast_3_piece0 in memory on 172.18.0.9:41783 (size: 97.4 KiB, free: 1458.2 MiB)
[2024-09-16T00:30:27.427+0000] {subprocess.py:93} INFO - 24/09/16 00:30:27 INFO MapOutputTrackerMasterEndpoint: Asked to send map output locations for shuffle 0 to 172.18.0.9:55388
[2024-09-16T00:30:27.494+0000] {subprocess.py:93} INFO - 24/09/16 00:30:27 INFO TaskSetManager: Finished task 0.0 in stage 4.0 (TID 3) in 119 ms on 172.18.0.9 (executor 1) (1/1)
[2024-09-16T00:30:27.495+0000] {subprocess.py:93} INFO - 24/09/16 00:30:27 INFO TaskSchedulerImpl: Removed TaskSet 4.0, whose tasks have all completed, from pool
[2024-09-16T00:30:27.495+0000] {subprocess.py:93} INFO - 24/09/16 00:30:27 INFO DAGScheduler: ResultStage 4 (csv at NativeMethodAccessorImpl.java:0) finished in 0.132 s
[2024-09-16T00:30:27.496+0000] {subprocess.py:93} INFO - 24/09/16 00:30:27 INFO DAGScheduler: Job 3 is finished. Cancelling potential speculative or zombie tasks for this job
[2024-09-16T00:30:27.496+0000] {subprocess.py:93} INFO - 24/09/16 00:30:27 INFO TaskSchedulerImpl: Killing all running tasks in stage 4: Stage finished
[2024-09-16T00:30:27.496+0000] {subprocess.py:93} INFO - 24/09/16 00:30:27 INFO DAGScheduler: Job 3 finished: csv at NativeMethodAccessorImpl.java:0, took 0.135511 s
[2024-09-16T00:30:27.497+0000] {subprocess.py:93} INFO - 24/09/16 00:30:27 INFO FileFormatWriter: Start to commit write Job a708d0b1-532b-40e3-bc57-5a33b057c7e2.
[2024-09-16T00:30:27.508+0000] {subprocess.py:93} INFO - 24/09/16 00:30:27 INFO FileFormatWriter: Write Job a708d0b1-532b-40e3-bc57-5a33b057c7e2 committed. Elapsed time: 11 ms.
[2024-09-16T00:30:27.509+0000] {subprocess.py:93} INFO - 24/09/16 00:30:27 INFO FileFormatWriter: Finished processing stats for write job a708d0b1-532b-40e3-bc57-5a33b057c7e2.
[2024-09-16T00:30:27.571+0000] {subprocess.py:93} INFO - 24/09/16 00:30:27 INFO CodeGenerator: Code generated in 26.375625 ms
[2024-09-16T00:30:27.586+0000] {subprocess.py:93} INFO - 24/09/16 00:30:27 INFO ScalaEsRowRDD: Reading from [stock_time_series]
[2024-09-16T00:30:27.591+0000] {subprocess.py:93} INFO - 24/09/16 00:30:27 INFO DAGScheduler: Registering RDD 23 (csv at NativeMethodAccessorImpl.java:0) as input to shuffle 1
[2024-09-16T00:30:27.591+0000] {subprocess.py:93} INFO - 24/09/16 00:30:27 INFO DAGScheduler: Got map stage job 4 (csv at NativeMethodAccessorImpl.java:0) with 1 output partitions
[2024-09-16T00:30:27.592+0000] {subprocess.py:93} INFO - 24/09/16 00:30:27 INFO DAGScheduler: Final stage: ShuffleMapStage 5 (csv at NativeMethodAccessorImpl.java:0)
[2024-09-16T00:30:27.592+0000] {subprocess.py:93} INFO - 24/09/16 00:30:27 INFO DAGScheduler: Parents of final stage: List()
[2024-09-16T00:30:27.592+0000] {subprocess.py:93} INFO - 24/09/16 00:30:27 INFO DAGScheduler: Missing parents: List()
[2024-09-16T00:30:27.593+0000] {subprocess.py:93} INFO - 24/09/16 00:30:27 INFO DAGScheduler: Submitting ShuffleMapStage 5 (MapPartitionsRDD[23] at csv at NativeMethodAccessorImpl.java:0), which has no missing parents
[2024-09-16T00:30:27.596+0000] {subprocess.py:93} INFO - 24/09/16 00:30:27 INFO MemoryStore: Block broadcast_4 stored as values in memory (estimated size 53.7 KiB, free 1457.6 MiB)
[2024-09-16T00:30:27.598+0000] {subprocess.py:93} INFO - 24/09/16 00:30:27 INFO MemoryStore: Block broadcast_4_piece0 stored as bytes in memory (estimated size 23.1 KiB, free 1457.6 MiB)
[2024-09-16T00:30:27.599+0000] {subprocess.py:93} INFO - 24/09/16 00:30:27 INFO BlockManagerInfo: Added broadcast_4_piece0 in memory on 595e69e30fc0:33939 (size: 23.1 KiB, free: 1458.2 MiB)
[2024-09-16T00:30:27.600+0000] {subprocess.py:93} INFO - 24/09/16 00:30:27 INFO SparkContext: Created broadcast 4 from broadcast at DAGScheduler.scala:1585
[2024-09-16T00:30:27.600+0000] {subprocess.py:93} INFO - 24/09/16 00:30:27 INFO DAGScheduler: Submitting 1 missing tasks from ShuffleMapStage 5 (MapPartitionsRDD[23] at csv at NativeMethodAccessorImpl.java:0) (first 15 tasks are for partitions Vector(0))
[2024-09-16T00:30:27.600+0000] {subprocess.py:93} INFO - 24/09/16 00:30:27 INFO TaskSchedulerImpl: Adding task set 5.0 with 1 tasks resource profile 0
[2024-09-16T00:30:27.602+0000] {subprocess.py:93} INFO - 24/09/16 00:30:27 INFO TaskSetManager: Starting task 0.0 in stage 5.0 (TID 4) (172.18.0.8, executor 0, partition 0, ANY, 15302 bytes)
[2024-09-16T00:30:27.754+0000] {subprocess.py:93} INFO - 24/09/16 00:30:27 INFO BlockManagerInfo: Added broadcast_4_piece0 in memory on 172.18.0.8:46847 (size: 23.1 KiB, free: 1458.4 MiB)
[2024-09-16T00:30:28.936+0000] {subprocess.py:93} INFO - 24/09/16 00:30:28 INFO TaskSetManager: Finished task 0.0 in stage 5.0 (TID 4) in 1335 ms on 172.18.0.8 (executor 0) (1/1)
[2024-09-16T00:30:28.937+0000] {subprocess.py:93} INFO - 24/09/16 00:30:28 INFO TaskSchedulerImpl: Removed TaskSet 5.0, whose tasks have all completed, from pool
[2024-09-16T00:30:28.937+0000] {subprocess.py:93} INFO - 24/09/16 00:30:28 INFO DAGScheduler: ShuffleMapStage 5 (csv at NativeMethodAccessorImpl.java:0) finished in 1.344 s
[2024-09-16T00:30:28.938+0000] {subprocess.py:93} INFO - 24/09/16 00:30:28 INFO DAGScheduler: looking for newly runnable stages
[2024-09-16T00:30:28.938+0000] {subprocess.py:93} INFO - 24/09/16 00:30:28 INFO DAGScheduler: running: Set()
[2024-09-16T00:30:28.938+0000] {subprocess.py:93} INFO - 24/09/16 00:30:28 INFO DAGScheduler: waiting: Set()
[2024-09-16T00:30:28.938+0000] {subprocess.py:93} INFO - 24/09/16 00:30:28 INFO DAGScheduler: failed: Set()
[2024-09-16T00:30:28.941+0000] {subprocess.py:93} INFO - 24/09/16 00:30:28 INFO ShufflePartitionsUtil: For shuffle(1), advisory target size: 67108864, actual target size 1048576, minimum partition size: 1048576
[2024-09-16T00:30:28.948+0000] {subprocess.py:93} INFO - 24/09/16 00:30:28 INFO FileOutputCommitter: File Output Committer Algorithm version is 1
[2024-09-16T00:30:28.949+0000] {subprocess.py:93} INFO - 24/09/16 00:30:28 INFO FileOutputCommitter: FileOutputCommitter skip cleanup _temporary folders under output directory:false, ignore cleanup failures: false
[2024-09-16T00:30:28.949+0000] {subprocess.py:93} INFO - 24/09/16 00:30:28 INFO SQLHadoopMapReduceCommitProtocol: Using output committer class org.apache.hadoop.mapreduce.lib.output.FileOutputCommitter
[2024-09-16T00:30:28.965+0000] {subprocess.py:93} INFO - 24/09/16 00:30:28 INFO BlockManagerInfo: Removed broadcast_3_piece0 on 595e69e30fc0:33939 in memory (size: 97.4 KiB, free: 1458.3 MiB)
[2024-09-16T00:30:28.971+0000] {subprocess.py:93} INFO - 24/09/16 00:30:28 INFO BlockManagerInfo: Removed broadcast_3_piece0 on 172.18.0.9:41783 in memory (size: 97.4 KiB, free: 1458.3 MiB)
[2024-09-16T00:30:28.975+0000] {subprocess.py:93} INFO - 24/09/16 00:30:28 INFO HashAggregateExec: spark.sql.codegen.aggregate.map.twolevel.enabled is set to true, but current version of codegened fast hashmap does not support this aggregate.
[2024-09-16T00:30:28.976+0000] {subprocess.py:93} INFO - 24/09/16 00:30:28 INFO BlockManagerInfo: Removed broadcast_4_piece0 on 595e69e30fc0:33939 in memory (size: 23.1 KiB, free: 1458.3 MiB)
[2024-09-16T00:30:28.981+0000] {subprocess.py:93} INFO - 24/09/16 00:30:28 INFO BlockManagerInfo: Removed broadcast_4_piece0 on 172.18.0.8:46847 in memory (size: 23.1 KiB, free: 1458.4 MiB)
[2024-09-16T00:30:28.996+0000] {subprocess.py:93} INFO - 24/09/16 00:30:28 INFO BlockManagerInfo: Removed broadcast_1_piece0 on 595e69e30fc0:33939 in memory (size: 86.7 KiB, free: 1458.4 MiB)
[2024-09-16T00:30:28.997+0000] {subprocess.py:93} INFO - 24/09/16 00:30:28 INFO BlockManagerInfo: Removed broadcast_1_piece0 on 172.18.0.9:41783 in memory (size: 86.7 KiB, free: 1458.4 MiB)
[2024-09-16T00:30:29.000+0000] {subprocess.py:93} INFO - 24/09/16 00:30:29 INFO SparkContext: Starting job: csv at NativeMethodAccessorImpl.java:0
[2024-09-16T00:30:29.002+0000] {subprocess.py:93} INFO - 24/09/16 00:30:29 INFO DAGScheduler: Got job 5 (csv at NativeMethodAccessorImpl.java:0) with 1 output partitions
[2024-09-16T00:30:29.002+0000] {subprocess.py:93} INFO - 24/09/16 00:30:29 INFO DAGScheduler: Final stage: ResultStage 7 (csv at NativeMethodAccessorImpl.java:0)
[2024-09-16T00:30:29.003+0000] {subprocess.py:93} INFO - 24/09/16 00:30:29 INFO DAGScheduler: Parents of final stage: List(ShuffleMapStage 6)
[2024-09-16T00:30:29.004+0000] {subprocess.py:93} INFO - 24/09/16 00:30:29 INFO DAGScheduler: Missing parents: List()
[2024-09-16T00:30:29.007+0000] {subprocess.py:93} INFO - 24/09/16 00:30:29 INFO DAGScheduler: Submitting ResultStage 7 (MapPartitionsRDD[27] at csv at NativeMethodAccessorImpl.java:0), which has no missing parents
[2024-09-16T00:30:29.009+0000] {subprocess.py:93} INFO - 24/09/16 00:30:29 INFO BlockManagerInfo: Removed broadcast_2_piece0 on 595e69e30fc0:33939 in memory (size: 23.9 KiB, free: 1458.4 MiB)
[2024-09-16T00:30:29.010+0000] {subprocess.py:93} INFO - 24/09/16 00:30:29 INFO BlockManagerInfo: Removed broadcast_2_piece0 on 172.18.0.9:41783 in memory (size: 23.9 KiB, free: 1458.4 MiB)
[2024-09-16T00:30:29.020+0000] {subprocess.py:93} INFO - 24/09/16 00:30:29 INFO MemoryStore: Block broadcast_5 stored as values in memory (estimated size 261.8 KiB, free 1458.1 MiB)
[2024-09-16T00:30:29.021+0000] {subprocess.py:93} INFO - 24/09/16 00:30:29 INFO MemoryStore: Block broadcast_5_piece0 stored as bytes in memory (estimated size 97.0 KiB, free 1458.0 MiB)
[2024-09-16T00:30:29.022+0000] {subprocess.py:93} INFO - 24/09/16 00:30:29 INFO BlockManagerInfo: Added broadcast_5_piece0 in memory on 595e69e30fc0:33939 (size: 97.0 KiB, free: 1458.3 MiB)
[2024-09-16T00:30:29.022+0000] {subprocess.py:93} INFO - 24/09/16 00:30:29 INFO SparkContext: Created broadcast 5 from broadcast at DAGScheduler.scala:1585
[2024-09-16T00:30:29.022+0000] {subprocess.py:93} INFO - 24/09/16 00:30:29 INFO DAGScheduler: Submitting 1 missing tasks from ResultStage 7 (MapPartitionsRDD[27] at csv at NativeMethodAccessorImpl.java:0) (first 15 tasks are for partitions Vector(0))
[2024-09-16T00:30:29.022+0000] {subprocess.py:93} INFO - 24/09/16 00:30:29 INFO TaskSchedulerImpl: Adding task set 7.0 with 1 tasks resource profile 0
[2024-09-16T00:30:29.023+0000] {subprocess.py:93} INFO - 24/09/16 00:30:29 INFO TaskSetManager: Starting task 0.0 in stage 7.0 (TID 5) (172.18.0.8, executor 0, partition 0, NODE_LOCAL, 8091 bytes)
[2024-09-16T00:30:29.043+0000] {subprocess.py:93} INFO - 24/09/16 00:30:29 INFO BlockManagerInfo: Added broadcast_5_piece0 in memory on 172.18.0.8:46847 (size: 97.0 KiB, free: 1458.3 MiB)
[2024-09-16T00:30:29.207+0000] {subprocess.py:93} INFO - 24/09/16 00:30:29 INFO MapOutputTrackerMasterEndpoint: Asked to send map output locations for shuffle 1 to 172.18.0.8:57792
[2024-09-16T00:30:29.275+0000] {subprocess.py:93} INFO - 24/09/16 00:30:29 INFO TaskSetManager: Finished task 0.0 in stage 7.0 (TID 5) in 251 ms on 172.18.0.8 (executor 0) (1/1)
[2024-09-16T00:30:29.276+0000] {subprocess.py:93} INFO - 24/09/16 00:30:29 INFO TaskSchedulerImpl: Removed TaskSet 7.0, whose tasks have all completed, from pool
[2024-09-16T00:30:29.276+0000] {subprocess.py:93} INFO - 24/09/16 00:30:29 INFO DAGScheduler: ResultStage 7 (csv at NativeMethodAccessorImpl.java:0) finished in 0.268 s
[2024-09-16T00:30:29.277+0000] {subprocess.py:93} INFO - 24/09/16 00:30:29 INFO DAGScheduler: Job 5 is finished. Cancelling potential speculative or zombie tasks for this job
[2024-09-16T00:30:29.277+0000] {subprocess.py:93} INFO - 24/09/16 00:30:29 INFO TaskSchedulerImpl: Killing all running tasks in stage 7: Stage finished
[2024-09-16T00:30:29.277+0000] {subprocess.py:93} INFO - 24/09/16 00:30:29 INFO DAGScheduler: Job 5 finished: csv at NativeMethodAccessorImpl.java:0, took 0.276147 s
[2024-09-16T00:30:29.279+0000] {subprocess.py:93} INFO - 24/09/16 00:30:29 INFO FileFormatWriter: Start to commit write Job 9414dafc-bcdb-409f-aede-14195d9db9ef.
[2024-09-16T00:30:29.289+0000] {subprocess.py:93} INFO - 24/09/16 00:30:29 INFO FileFormatWriter: Write Job 9414dafc-bcdb-409f-aede-14195d9db9ef committed. Elapsed time: 10 ms.
[2024-09-16T00:30:29.290+0000] {subprocess.py:93} INFO - 24/09/16 00:30:29 INFO FileFormatWriter: Finished processing stats for write job 9414dafc-bcdb-409f-aede-14195d9db9ef.
[2024-09-16T00:30:29.338+0000] {subprocess.py:93} INFO - 24/09/16 00:30:29 INFO SparkContext: Invoking stop() from shutdown hook
[2024-09-16T00:30:29.339+0000] {subprocess.py:93} INFO - 24/09/16 00:30:29 INFO SparkContext: SparkContext is stopping with exitCode 0.
[2024-09-16T00:30:29.345+0000] {subprocess.py:93} INFO - 24/09/16 00:30:29 INFO SparkUI: Stopped Spark web UI at http://595e69e30fc0:4041
[2024-09-16T00:30:29.348+0000] {subprocess.py:93} INFO - 24/09/16 00:30:29 INFO StandaloneSchedulerBackend: Shutting down all executors
[2024-09-16T00:30:29.349+0000] {subprocess.py:93} INFO - 24/09/16 00:30:29 INFO StandaloneSchedulerBackend$StandaloneDriverEndpoint: Asking each executor to shut down
[2024-09-16T00:30:29.363+0000] {subprocess.py:93} INFO - 24/09/16 00:30:29 INFO MapOutputTrackerMasterEndpoint: MapOutputTrackerMasterEndpoint stopped!
[2024-09-16T00:30:29.388+0000] {subprocess.py:93} INFO - 24/09/16 00:30:29 INFO MemoryStore: MemoryStore cleared
[2024-09-16T00:30:29.389+0000] {subprocess.py:93} INFO - 24/09/16 00:30:29 INFO BlockManager: BlockManager stopped
[2024-09-16T00:30:29.392+0000] {subprocess.py:93} INFO - 24/09/16 00:30:29 INFO BlockManagerMaster: BlockManagerMaster stopped
[2024-09-16T00:30:29.394+0000] {subprocess.py:93} INFO - 24/09/16 00:30:29 INFO OutputCommitCoordinator$OutputCommitCoordinatorEndpoint: OutputCommitCoordinator stopped!
[2024-09-16T00:30:29.418+0000] {subprocess.py:93} INFO - 24/09/16 00:30:29 INFO SparkContext: Successfully stopped SparkContext
[2024-09-16T00:30:29.419+0000] {subprocess.py:93} INFO - 24/09/16 00:30:29 INFO ShutdownHookManager: Shutdown hook called
[2024-09-16T00:30:29.419+0000] {subprocess.py:93} INFO - 24/09/16 00:30:29 INFO ShutdownHookManager: Deleting directory /tmp/spark-236bee38-0e66-48d2-854b-1d44ae4e223f/pyspark-eaa3cf48-973d-4cd8-bbfd-bde0e2078941
[2024-09-16T00:30:29.420+0000] {subprocess.py:93} INFO - 24/09/16 00:30:29 INFO ShutdownHookManager: Deleting directory /tmp/spark-96951180-7096-4210-856a-8b91a5ded1ed
[2024-09-16T00:30:29.423+0000] {subprocess.py:93} INFO - 24/09/16 00:30:29 INFO ShutdownHookManager: Deleting directory /tmp/spark-236bee38-0e66-48d2-854b-1d44ae4e223f
[2024-09-16T00:30:29.481+0000] {subprocess.py:97} INFO - Command exited with return code 0
[2024-09-16T00:30:29.505+0000] {taskinstance.py:1398} INFO - Marking task as SUCCESS. dag_id=data_pipeline_api, task_id=analyze_data, execution_date=20240915T003000, start_date=20240916T003001, end_date=20240916T003029
[2024-09-16T00:30:29.558+0000] {local_task_job_runner.py:228} INFO - Task exited with return code 0
[2024-09-16T00:30:29.587+0000] {taskinstance.py:2776} INFO - 0 downstream tasks scheduled from follow-on schedule check
