[2024-09-09T00:30:01.537+0000] {taskinstance.py:1157} INFO - Dependencies all met for dep_context=non-requeueable deps ti=<TaskInstance: data_pipeline_api.analyze_data scheduled__2024-09-08T00:30:00+00:00 [queued]>
[2024-09-09T00:30:01.541+0000] {taskinstance.py:1157} INFO - Dependencies all met for dep_context=requeueable deps ti=<TaskInstance: data_pipeline_api.analyze_data scheduled__2024-09-08T00:30:00+00:00 [queued]>
[2024-09-09T00:30:01.541+0000] {taskinstance.py:1359} INFO - Starting attempt 1 of 2
[2024-09-09T00:30:01.547+0000] {taskinstance.py:1380} INFO - Executing <Task(BashOperator): analyze_data> on 2024-09-08 00:30:00+00:00
[2024-09-09T00:30:01.550+0000] {standard_task_runner.py:57} INFO - Started process 5024 to run task
[2024-09-09T00:30:01.559+0000] {standard_task_runner.py:84} INFO - Running: ['***', 'tasks', 'run', 'data_pipeline_api', 'analyze_data', 'scheduled__2024-09-08T00:30:00+00:00', '--job-id', '88', '--raw', '--subdir', 'DAGS_FOLDER/spark-jobs.py', '--cfg-path', '/tmp/tmpjtq339v9']
[2024-09-09T00:30:01.564+0000] {standard_task_runner.py:85} INFO - Job 88: Subtask analyze_data
[2024-09-09T00:30:01.643+0000] {task_command.py:415} INFO - Running <TaskInstance: data_pipeline_api.analyze_data scheduled__2024-09-08T00:30:00+00:00 [running]> on host 27ef58cc88fc
[2024-09-09T00:30:01.707+0000] {taskinstance.py:1660} INFO - Exporting env vars: AIRFLOW_CTX_DAG_OWNER='***' AIRFLOW_CTX_DAG_ID='data_pipeline_api' AIRFLOW_CTX_TASK_ID='analyze_data' AIRFLOW_CTX_EXECUTION_DATE='2024-09-08T00:30:00+00:00' AIRFLOW_CTX_TRY_NUMBER='1' AIRFLOW_CTX_DAG_RUN_ID='scheduled__2024-09-08T00:30:00+00:00'
[2024-09-09T00:30:01.708+0000] {subprocess.py:63} INFO - Tmp dir root location: /tmp
[2024-09-09T00:30:01.711+0000] {subprocess.py:75} INFO - Running command: ['/bin/bash', '-c', 'bash /opt/***/jobs/spark-submit.sh /opt/***/jobs/analyze_data.py ']
[2024-09-09T00:30:01.719+0000] {subprocess.py:86} INFO - Output:
[2024-09-09T00:30:01.736+0000] {subprocess.py:93} INFO - /opt/***/jobs/analyze_data.py
[2024-09-09T00:30:01.822+0000] {subprocess.py:93} INFO - /home/***/.local/lib/python3.11/site-packages/pyspark/bin/load-spark-env.sh: line 68: ps: command not found
[2024-09-09T00:30:03.544+0000] {subprocess.py:93} INFO - 24/09/09 00:30:03 WARN NativeCodeLoader: Unable to load native-hadoop library for your platform... using builtin-java classes where applicable
[2024-09-09T00:30:04.361+0000] {subprocess.py:93} INFO - 24/09/09 00:30:04 INFO SparkContext: Running Spark version 3.5.1
[2024-09-09T00:30:04.364+0000] {subprocess.py:93} INFO - 24/09/09 00:30:04 INFO SparkContext: OS info Linux, 6.6.32-linuxkit, aarch64
[2024-09-09T00:30:04.367+0000] {subprocess.py:93} INFO - 24/09/09 00:30:04 INFO SparkContext: Java version 11.0.23
[2024-09-09T00:30:04.401+0000] {subprocess.py:93} INFO - 24/09/09 00:30:04 INFO ResourceUtils: ==============================================================
[2024-09-09T00:30:04.402+0000] {subprocess.py:93} INFO - 24/09/09 00:30:04 INFO ResourceUtils: No custom resources configured for spark.driver.
[2024-09-09T00:30:04.402+0000] {subprocess.py:93} INFO - 24/09/09 00:30:04 INFO ResourceUtils: ==============================================================
[2024-09-09T00:30:04.403+0000] {subprocess.py:93} INFO - 24/09/09 00:30:04 INFO SparkContext: Submitted application: FinanceDataAnalysis
[2024-09-09T00:30:04.420+0000] {subprocess.py:93} INFO - 24/09/09 00:30:04 INFO ResourceProfile: Default ResourceProfile created, executor resources: Map(cores -> name: cores, amount: 1, script: , vendor: , memory -> name: memory, amount: 1024, script: , vendor: , offHeap -> name: offHeap, amount: 1024, script: , vendor: ), task resources: Map(cpus -> name: cpus, amount: 1.0)
[2024-09-09T00:30:04.428+0000] {subprocess.py:93} INFO - 24/09/09 00:30:04 INFO ResourceProfile: Limiting resource is cpus at 1 tasks per executor
[2024-09-09T00:30:04.432+0000] {subprocess.py:93} INFO - 24/09/09 00:30:04 INFO ResourceProfileManager: Added ResourceProfile id: 0
[2024-09-09T00:30:04.481+0000] {subprocess.py:93} INFO - 24/09/09 00:30:04 INFO SecurityManager: Changing view acls to: ***
[2024-09-09T00:30:04.482+0000] {subprocess.py:93} INFO - 24/09/09 00:30:04 INFO SecurityManager: Changing modify acls to: ***
[2024-09-09T00:30:04.482+0000] {subprocess.py:93} INFO - 24/09/09 00:30:04 INFO SecurityManager: Changing view acls groups to:
[2024-09-09T00:30:04.482+0000] {subprocess.py:93} INFO - 24/09/09 00:30:04 INFO SecurityManager: Changing modify acls groups to:
[2024-09-09T00:30:04.482+0000] {subprocess.py:93} INFO - 24/09/09 00:30:04 INFO SecurityManager: SecurityManager: authentication disabled; ui acls disabled; users with view permissions: ***; groups with view permissions: EMPTY; users with modify permissions: ***; groups with modify permissions: EMPTY
[2024-09-09T00:30:04.720+0000] {subprocess.py:93} INFO - 24/09/09 00:30:04 INFO Utils: Successfully started service 'sparkDriver' on port 46505.
[2024-09-09T00:30:04.752+0000] {subprocess.py:93} INFO - 24/09/09 00:30:04 INFO SparkEnv: Registering MapOutputTracker
[2024-09-09T00:30:04.786+0000] {subprocess.py:93} INFO - 24/09/09 00:30:04 INFO SparkEnv: Registering BlockManagerMaster
[2024-09-09T00:30:04.797+0000] {subprocess.py:93} INFO - 24/09/09 00:30:04 INFO BlockManagerMasterEndpoint: Using org.apache.spark.storage.DefaultTopologyMapper for getting topology information
[2024-09-09T00:30:04.798+0000] {subprocess.py:93} INFO - 24/09/09 00:30:04 INFO BlockManagerMasterEndpoint: BlockManagerMasterEndpoint up
[2024-09-09T00:30:04.803+0000] {subprocess.py:93} INFO - 24/09/09 00:30:04 INFO SparkEnv: Registering BlockManagerMasterHeartbeat
[2024-09-09T00:30:04.816+0000] {subprocess.py:93} INFO - 24/09/09 00:30:04 INFO DiskBlockManager: Created local directory at /tmp/blockmgr-102448b1-ec34-4d3e-ba4c-82c12bacb6a4
[2024-09-09T00:30:04.835+0000] {subprocess.py:93} INFO - 24/09/09 00:30:04 INFO MemoryStore: MemoryStore started with capacity 1458.4 MiB
[2024-09-09T00:30:04.844+0000] {subprocess.py:93} INFO - 24/09/09 00:30:04 INFO SparkEnv: Registering OutputCommitCoordinator
[2024-09-09T00:30:04.956+0000] {subprocess.py:93} INFO - 24/09/09 00:30:04 INFO JettyUtils: Start Jetty 0.0.0.0:4040 for SparkUI
[2024-09-09T00:30:05.004+0000] {subprocess.py:93} INFO - 24/09/09 00:30:05 WARN Utils: Service 'SparkUI' could not bind on port 4040. Attempting port 4041.
[2024-09-09T00:30:05.011+0000] {subprocess.py:93} INFO - 24/09/09 00:30:05 INFO Utils: Successfully started service 'SparkUI' on port 4041.
[2024-09-09T00:30:05.034+0000] {subprocess.py:93} INFO - 24/09/09 00:30:05 INFO SparkContext: Added JAR file:///opt/bitnami/spark/resources/elasticsearch-spark-30_2.12-8.4.3.jar at spark://27ef58cc88fc:46505/jars/elasticsearch-spark-30_2.12-8.4.3.jar with timestamp 1725841804356
[2024-09-09T00:30:05.105+0000] {subprocess.py:93} INFO - 24/09/09 00:30:05 INFO StandaloneAppClient$ClientEndpoint: Connecting to master spark://spark-master:7077...
[2024-09-09T00:30:05.153+0000] {subprocess.py:93} INFO - 24/09/09 00:30:05 INFO TransportClientFactory: Successfully created connection to spark-master/172.18.0.4:7077 after 26 ms (0 ms spent in bootstraps)
[2024-09-09T00:30:05.387+0000] {subprocess.py:93} INFO - 24/09/09 00:30:05 INFO StandaloneSchedulerBackend: Connected to Spark cluster with app ID app-20240909003005-0003
[2024-09-09T00:30:05.398+0000] {subprocess.py:93} INFO - 24/09/09 00:30:05 INFO Utils: Successfully started service 'org.apache.spark.network.netty.NettyBlockTransferService' on port 44721.
[2024-09-09T00:30:05.398+0000] {subprocess.py:93} INFO - 24/09/09 00:30:05 INFO NettyBlockTransferService: Server created on 27ef58cc88fc:44721
[2024-09-09T00:30:05.401+0000] {subprocess.py:93} INFO - 24/09/09 00:30:05 INFO BlockManager: Using org.apache.spark.storage.RandomBlockReplicationPolicy for block replication policy
[2024-09-09T00:30:05.408+0000] {subprocess.py:93} INFO - 24/09/09 00:30:05 INFO BlockManagerMaster: Registering BlockManager BlockManagerId(driver, 27ef58cc88fc, 44721, None)
[2024-09-09T00:30:05.412+0000] {subprocess.py:93} INFO - 24/09/09 00:30:05 INFO BlockManagerMasterEndpoint: Registering block manager 27ef58cc88fc:44721 with 1458.4 MiB RAM, BlockManagerId(driver, 27ef58cc88fc, 44721, None)
[2024-09-09T00:30:05.415+0000] {subprocess.py:93} INFO - 24/09/09 00:30:05 INFO StandaloneAppClient$ClientEndpoint: Executor added: app-20240909003005-0003/0 on worker-20240908204352-172.18.0.8-33881 (172.18.0.8:33881) with 1 core(s)
[2024-09-09T00:30:05.415+0000] {subprocess.py:93} INFO - 24/09/09 00:30:05 INFO BlockManagerMaster: Registered BlockManager BlockManagerId(driver, 27ef58cc88fc, 44721, None)
[2024-09-09T00:30:05.416+0000] {subprocess.py:93} INFO - 24/09/09 00:30:05 INFO BlockManager: Initialized BlockManager: BlockManagerId(driver, 27ef58cc88fc, 44721, None)
[2024-09-09T00:30:05.417+0000] {subprocess.py:93} INFO - 24/09/09 00:30:05 INFO StandaloneSchedulerBackend: Granted executor ID app-20240909003005-0003/0 on hostPort 172.18.0.8:33881 with 1 core(s), 1024.0 MiB RAM
[2024-09-09T00:30:05.417+0000] {subprocess.py:93} INFO - 24/09/09 00:30:05 INFO StandaloneAppClient$ClientEndpoint: Executor added: app-20240909003005-0003/1 on worker-20240908204352-172.18.0.7-33815 (172.18.0.7:33815) with 1 core(s)
[2024-09-09T00:30:05.418+0000] {subprocess.py:93} INFO - 24/09/09 00:30:05 INFO StandaloneSchedulerBackend: Granted executor ID app-20240909003005-0003/1 on hostPort 172.18.0.7:33815 with 1 core(s), 1024.0 MiB RAM
[2024-09-09T00:30:05.589+0000] {subprocess.py:93} INFO - 24/09/09 00:30:05 INFO StandaloneSchedulerBackend: SchedulerBackend is ready for scheduling beginning after reached minRegisteredResourcesRatio: 0.0
[2024-09-09T00:30:05.745+0000] {subprocess.py:93} INFO - 24/09/09 00:30:05 INFO SharedState: Setting hive.metastore.warehouse.dir ('null') to the value of spark.sql.warehouse.dir.
[2024-09-09T00:30:05.746+0000] {subprocess.py:93} INFO - 24/09/09 00:30:05 INFO SharedState: Warehouse path is 'file:/tmp/***tmp7pwnon8q/spark-warehouse'.
[2024-09-09T00:30:05.934+0000] {subprocess.py:93} INFO - 24/09/09 00:30:05 INFO StandaloneAppClient$ClientEndpoint: Executor updated: app-20240909003005-0003/1 is now RUNNING
[2024-09-09T00:30:05.935+0000] {subprocess.py:93} INFO - 24/09/09 00:30:05 INFO StandaloneAppClient$ClientEndpoint: Executor updated: app-20240909003005-0003/0 is now RUNNING
[2024-09-09T00:30:06.528+0000] {subprocess.py:93} INFO - 24/09/09 00:30:06 INFO Version: Elasticsearch Hadoop v8.4.3 [a7873eb469]
[2024-09-09T00:30:08.611+0000] {subprocess.py:93} INFO - 24/09/09 00:30:08 INFO StandaloneSchedulerBackend$StandaloneDriverEndpoint: Registered executor NettyRpcEndpointRef(spark-client://Executor) (172.18.0.7:53012) with ID 1,  ResourceProfileId 0
[2024-09-09T00:30:08.618+0000] {subprocess.py:93} INFO - 24/09/09 00:30:08 INFO StandaloneSchedulerBackend$StandaloneDriverEndpoint: Registered executor NettyRpcEndpointRef(spark-client://Executor) (172.18.0.8:49010) with ID 0,  ResourceProfileId 0
[2024-09-09T00:30:08.663+0000] {subprocess.py:93} INFO - Traceback (most recent call last):
[2024-09-09T00:30:08.663+0000] {subprocess.py:93} INFO -   File "/opt/***/jobs/analyze_data.py", line 48, in <module>
[2024-09-09T00:30:08.664+0000] {subprocess.py:93} INFO -     save_analysis_result(top_gainers, "data/top_gainers.csv")
[2024-09-09T00:30:08.664+0000] {subprocess.py:93} INFO -   File "/opt/***/jobs/analyze_data.py", line 41, in save_analysis_result
[2024-09-09T00:30:08.665+0000] {subprocess.py:93} INFO -     df.coalesce(1).write.mode("overwrite").csv(file_path, header=True)
[2024-09-09T00:30:08.665+0000] {subprocess.py:93} INFO -   File "/home/***/.local/lib/python3.11/site-packages/pyspark/python/lib/pyspark.zip/pyspark/sql/readwriter.py", line 1864, in csv
[2024-09-09T00:30:08.665+0000] {subprocess.py:93} INFO -   File "/home/***/.local/lib/python3.11/site-packages/pyspark/python/lib/py4j-0.10.9.7-src.zip/py4j/java_gateway.py", line 1322, in __call__
[2024-09-09T00:30:08.666+0000] {subprocess.py:93} INFO -   File "/home/***/.local/lib/python3.11/site-packages/pyspark/python/lib/pyspark.zip/pyspark/errors/exceptions/captured.py", line 185, in deco
[2024-09-09T00:30:08.669+0000] {subprocess.py:93} INFO - pyspark.errors.exceptions.captured.AnalysisException: [UNSUPPORTED_DATA_TYPE_FOR_DATASOURCE] The CSV datasource doesn't support the column `_metadata` of the type "MAP<STRING, STRING>".
[2024-09-09T00:30:08.695+0000] {subprocess.py:93} INFO - 24/09/09 00:30:08 INFO BlockManagerMasterEndpoint: Registering block manager 172.18.0.7:44959 with 1458.4 MiB RAM, BlockManagerId(1, 172.18.0.7, 44959, None)
[2024-09-09T00:30:08.698+0000] {subprocess.py:93} INFO - 24/09/09 00:30:08 INFO BlockManagerMasterEndpoint: Registering block manager 172.18.0.8:36085 with 1458.4 MiB RAM, BlockManagerId(0, 172.18.0.8, 36085, None)
[2024-09-09T00:30:08.707+0000] {subprocess.py:93} INFO - 24/09/09 00:30:08 INFO SparkContext: Invoking stop() from shutdown hook
[2024-09-09T00:30:08.709+0000] {subprocess.py:93} INFO - 24/09/09 00:30:08 INFO SparkContext: SparkContext is stopping with exitCode 0.
[2024-09-09T00:30:08.717+0000] {subprocess.py:93} INFO - 24/09/09 00:30:08 INFO SparkUI: Stopped Spark web UI at http://27ef58cc88fc:4041
[2024-09-09T00:30:08.721+0000] {subprocess.py:93} INFO - 24/09/09 00:30:08 INFO StandaloneSchedulerBackend: Shutting down all executors
[2024-09-09T00:30:08.721+0000] {subprocess.py:93} INFO - 24/09/09 00:30:08 INFO StandaloneSchedulerBackend$StandaloneDriverEndpoint: Asking each executor to shut down
[2024-09-09T00:30:08.749+0000] {subprocess.py:93} INFO - 24/09/09 00:30:08 INFO MapOutputTrackerMasterEndpoint: MapOutputTrackerMasterEndpoint stopped!
[2024-09-09T00:30:08.788+0000] {subprocess.py:93} INFO - 24/09/09 00:30:08 INFO MemoryStore: MemoryStore cleared
[2024-09-09T00:30:08.794+0000] {subprocess.py:93} INFO - 24/09/09 00:30:08 INFO BlockManager: BlockManager stopped
[2024-09-09T00:30:08.814+0000] {subprocess.py:93} INFO - 24/09/09 00:30:08 INFO BlockManagerMaster: BlockManagerMaster stopped
[2024-09-09T00:30:08.843+0000] {subprocess.py:93} INFO - 24/09/09 00:30:08 INFO OutputCommitCoordinator$OutputCommitCoordinatorEndpoint: OutputCommitCoordinator stopped!
[2024-09-09T00:30:08.871+0000] {subprocess.py:93} INFO - 24/09/09 00:30:08 INFO SparkContext: Successfully stopped SparkContext
[2024-09-09T00:30:08.873+0000] {subprocess.py:93} INFO - 24/09/09 00:30:08 INFO ShutdownHookManager: Shutdown hook called
[2024-09-09T00:30:08.874+0000] {subprocess.py:93} INFO - 24/09/09 00:30:08 INFO ShutdownHookManager: Deleting directory /tmp/spark-5ba3a30a-2cbc-41fc-ab7d-90b9ab08a09a
[2024-09-09T00:30:08.884+0000] {subprocess.py:93} INFO - 24/09/09 00:30:08 INFO ShutdownHookManager: Deleting directory /tmp/spark-8c501eb2-5300-4116-ac5a-20ebe1e15494/pyspark-718079b2-7e93-4975-853b-5bf874c1cf36
[2024-09-09T00:30:08.894+0000] {subprocess.py:93} INFO - 24/09/09 00:30:08 INFO ShutdownHookManager: Deleting directory /tmp/spark-8c501eb2-5300-4116-ac5a-20ebe1e15494
[2024-09-09T00:30:08.932+0000] {subprocess.py:97} INFO - Command exited with return code 1
[2024-09-09T00:30:08.976+0000] {taskinstance.py:1935} ERROR - Task failed with exception
Traceback (most recent call last):
  File "/home/airflow/.local/lib/python3.11/site-packages/airflow/operators/bash.py", line 210, in execute
    raise AirflowException(
airflow.exceptions.AirflowException: Bash command failed. The command returned a non-zero exit code 1.
[2024-09-09T00:30:08.980+0000] {taskinstance.py:1398} INFO - Marking task as UP_FOR_RETRY. dag_id=data_pipeline_api, task_id=analyze_data, execution_date=20240908T003000, start_date=20240909T003001, end_date=20240909T003008
[2024-09-09T00:30:08.996+0000] {standard_task_runner.py:104} ERROR - Failed to execute job 88 for task analyze_data (Bash command failed. The command returned a non-zero exit code 1.; 5024)
[2024-09-09T00:30:09.020+0000] {local_task_job_runner.py:228} INFO - Task exited with return code 1
[2024-09-09T00:30:09.055+0000] {taskinstance.py:2776} INFO - 0 downstream tasks scheduled from follow-on schedule check
