[2024-09-09T00:32:09.919+0000] {taskinstance.py:1157} INFO - Dependencies all met for dep_context=non-requeueable deps ti=<TaskInstance: data_pipeline_api.analyze_data scheduled__2024-09-08T00:30:00+00:00 [queued]>
[2024-09-09T00:32:09.922+0000] {taskinstance.py:1157} INFO - Dependencies all met for dep_context=requeueable deps ti=<TaskInstance: data_pipeline_api.analyze_data scheduled__2024-09-08T00:30:00+00:00 [queued]>
[2024-09-09T00:32:09.922+0000] {taskinstance.py:1359} INFO - Starting attempt 2 of 2
[2024-09-09T00:32:09.926+0000] {taskinstance.py:1380} INFO - Executing <Task(BashOperator): analyze_data> on 2024-09-08 00:30:00+00:00
[2024-09-09T00:32:09.928+0000] {standard_task_runner.py:57} INFO - Started process 5664 to run task
[2024-09-09T00:32:09.930+0000] {standard_task_runner.py:84} INFO - Running: ['***', 'tasks', 'run', 'data_pipeline_api', 'analyze_data', 'scheduled__2024-09-08T00:30:00+00:00', '--job-id', '90', '--raw', '--subdir', 'DAGS_FOLDER/spark-jobs.py', '--cfg-path', '/tmp/tmp76vf0vau']
[2024-09-09T00:32:09.931+0000] {standard_task_runner.py:85} INFO - Job 90: Subtask analyze_data
[2024-09-09T00:32:09.955+0000] {task_command.py:415} INFO - Running <TaskInstance: data_pipeline_api.analyze_data scheduled__2024-09-08T00:30:00+00:00 [running]> on host 27ef58cc88fc
[2024-09-09T00:32:09.983+0000] {taskinstance.py:1660} INFO - Exporting env vars: AIRFLOW_CTX_DAG_OWNER='***' AIRFLOW_CTX_DAG_ID='data_pipeline_api' AIRFLOW_CTX_TASK_ID='analyze_data' AIRFLOW_CTX_EXECUTION_DATE='2024-09-08T00:30:00+00:00' AIRFLOW_CTX_TRY_NUMBER='2' AIRFLOW_CTX_DAG_RUN_ID='scheduled__2024-09-08T00:30:00+00:00'
[2024-09-09T00:32:09.984+0000] {subprocess.py:63} INFO - Tmp dir root location: /tmp
[2024-09-09T00:32:09.984+0000] {subprocess.py:75} INFO - Running command: ['/bin/bash', '-c', 'bash /opt/***/jobs/spark-submit.sh /opt/***/jobs/analyze_data.py ']
[2024-09-09T00:32:09.987+0000] {subprocess.py:86} INFO - Output:
[2024-09-09T00:32:09.990+0000] {subprocess.py:93} INFO - /opt/***/jobs/analyze_data.py
[2024-09-09T00:32:10.030+0000] {subprocess.py:93} INFO - /home/***/.local/lib/python3.11/site-packages/pyspark/bin/load-spark-env.sh: line 68: ps: command not found
[2024-09-09T00:32:10.889+0000] {subprocess.py:93} INFO - 24/09/09 00:32:10 WARN NativeCodeLoader: Unable to load native-hadoop library for your platform... using builtin-java classes where applicable
[2024-09-09T00:32:11.435+0000] {subprocess.py:93} INFO - 24/09/09 00:32:11 INFO SparkContext: Running Spark version 3.5.1
[2024-09-09T00:32:11.439+0000] {subprocess.py:93} INFO - 24/09/09 00:32:11 INFO SparkContext: OS info Linux, 6.6.32-linuxkit, aarch64
[2024-09-09T00:32:11.440+0000] {subprocess.py:93} INFO - 24/09/09 00:32:11 INFO SparkContext: Java version 11.0.23
[2024-09-09T00:32:11.448+0000] {subprocess.py:93} INFO - 24/09/09 00:32:11 INFO ResourceUtils: ==============================================================
[2024-09-09T00:32:11.448+0000] {subprocess.py:93} INFO - 24/09/09 00:32:11 INFO ResourceUtils: No custom resources configured for spark.driver.
[2024-09-09T00:32:11.448+0000] {subprocess.py:93} INFO - 24/09/09 00:32:11 INFO ResourceUtils: ==============================================================
[2024-09-09T00:32:11.448+0000] {subprocess.py:93} INFO - 24/09/09 00:32:11 INFO SparkContext: Submitted application: FinanceDataAnalysis
[2024-09-09T00:32:11.457+0000] {subprocess.py:93} INFO - 24/09/09 00:32:11 INFO ResourceProfile: Default ResourceProfile created, executor resources: Map(cores -> name: cores, amount: 1, script: , vendor: , memory -> name: memory, amount: 1024, script: , vendor: , offHeap -> name: offHeap, amount: 1024, script: , vendor: ), task resources: Map(cpus -> name: cpus, amount: 1.0)
[2024-09-09T00:32:11.469+0000] {subprocess.py:93} INFO - 24/09/09 00:32:11 INFO ResourceProfile: Limiting resource is cpus at 1 tasks per executor
[2024-09-09T00:32:11.469+0000] {subprocess.py:93} INFO - 24/09/09 00:32:11 INFO ResourceProfileManager: Added ResourceProfile id: 0
[2024-09-09T00:32:11.501+0000] {subprocess.py:93} INFO - 24/09/09 00:32:11 INFO SecurityManager: Changing view acls to: ***
[2024-09-09T00:32:11.502+0000] {subprocess.py:93} INFO - 24/09/09 00:32:11 INFO SecurityManager: Changing modify acls to: ***
[2024-09-09T00:32:11.502+0000] {subprocess.py:93} INFO - 24/09/09 00:32:11 INFO SecurityManager: Changing view acls groups to:
[2024-09-09T00:32:11.503+0000] {subprocess.py:93} INFO - 24/09/09 00:32:11 INFO SecurityManager: Changing modify acls groups to:
[2024-09-09T00:32:11.503+0000] {subprocess.py:93} INFO - 24/09/09 00:32:11 INFO SecurityManager: SecurityManager: authentication disabled; ui acls disabled; users with view permissions: ***; groups with view permissions: EMPTY; users with modify permissions: ***; groups with modify permissions: EMPTY
[2024-09-09T00:32:11.603+0000] {subprocess.py:93} INFO - 24/09/09 00:32:11 INFO Utils: Successfully started service 'sparkDriver' on port 33575.
[2024-09-09T00:32:11.616+0000] {subprocess.py:93} INFO - 24/09/09 00:32:11 INFO SparkEnv: Registering MapOutputTracker
[2024-09-09T00:32:11.632+0000] {subprocess.py:93} INFO - 24/09/09 00:32:11 INFO SparkEnv: Registering BlockManagerMaster
[2024-09-09T00:32:11.640+0000] {subprocess.py:93} INFO - 24/09/09 00:32:11 INFO BlockManagerMasterEndpoint: Using org.apache.spark.storage.DefaultTopologyMapper for getting topology information
[2024-09-09T00:32:11.640+0000] {subprocess.py:93} INFO - 24/09/09 00:32:11 INFO BlockManagerMasterEndpoint: BlockManagerMasterEndpoint up
[2024-09-09T00:32:11.642+0000] {subprocess.py:93} INFO - 24/09/09 00:32:11 INFO SparkEnv: Registering BlockManagerMasterHeartbeat
[2024-09-09T00:32:11.651+0000] {subprocess.py:93} INFO - 24/09/09 00:32:11 INFO DiskBlockManager: Created local directory at /tmp/blockmgr-e3f9d4f5-c7cc-4f1f-b314-5601dd544dd7
[2024-09-09T00:32:11.656+0000] {subprocess.py:93} INFO - 24/09/09 00:32:11 INFO MemoryStore: MemoryStore started with capacity 1458.4 MiB
[2024-09-09T00:32:11.663+0000] {subprocess.py:93} INFO - 24/09/09 00:32:11 INFO SparkEnv: Registering OutputCommitCoordinator
[2024-09-09T00:32:11.714+0000] {subprocess.py:93} INFO - 24/09/09 00:32:11 INFO JettyUtils: Start Jetty 0.0.0.0:4040 for SparkUI
[2024-09-09T00:32:11.740+0000] {subprocess.py:93} INFO - 24/09/09 00:32:11 INFO Utils: Successfully started service 'SparkUI' on port 4040.
[2024-09-09T00:32:11.755+0000] {subprocess.py:93} INFO - 24/09/09 00:32:11 INFO SparkContext: Added JAR file:///opt/bitnami/spark/resources/elasticsearch-spark-30_2.12-8.4.3.jar at spark://27ef58cc88fc:33575/jars/elasticsearch-spark-30_2.12-8.4.3.jar with timestamp 1725841931431
[2024-09-09T00:32:11.795+0000] {subprocess.py:93} INFO - 24/09/09 00:32:11 INFO StandaloneAppClient$ClientEndpoint: Connecting to master spark://spark-master:7077...
[2024-09-09T00:32:11.819+0000] {subprocess.py:93} INFO - 24/09/09 00:32:11 INFO TransportClientFactory: Successfully created connection to spark-master/172.18.0.4:7077 after 12 ms (0 ms spent in bootstraps)
[2024-09-09T00:32:11.866+0000] {subprocess.py:93} INFO - 24/09/09 00:32:11 INFO StandaloneSchedulerBackend: Connected to Spark cluster with app ID app-20240909003211-0005
[2024-09-09T00:32:11.867+0000] {subprocess.py:93} INFO - 24/09/09 00:32:11 INFO StandaloneAppClient$ClientEndpoint: Executor added: app-20240909003211-0005/0 on worker-20240908204352-172.18.0.8-33881 (172.18.0.8:33881) with 1 core(s)
[2024-09-09T00:32:11.868+0000] {subprocess.py:93} INFO - 24/09/09 00:32:11 INFO StandaloneSchedulerBackend: Granted executor ID app-20240909003211-0005/0 on hostPort 172.18.0.8:33881 with 1 core(s), 1024.0 MiB RAM
[2024-09-09T00:32:11.868+0000] {subprocess.py:93} INFO - 24/09/09 00:32:11 INFO StandaloneAppClient$ClientEndpoint: Executor added: app-20240909003211-0005/1 on worker-20240908204352-172.18.0.7-33815 (172.18.0.7:33815) with 1 core(s)
[2024-09-09T00:32:11.868+0000] {subprocess.py:93} INFO - 24/09/09 00:32:11 INFO StandaloneSchedulerBackend: Granted executor ID app-20240909003211-0005/1 on hostPort 172.18.0.7:33815 with 1 core(s), 1024.0 MiB RAM
[2024-09-09T00:32:11.873+0000] {subprocess.py:93} INFO - 24/09/09 00:32:11 INFO Utils: Successfully started service 'org.apache.spark.network.netty.NettyBlockTransferService' on port 36081.
[2024-09-09T00:32:11.876+0000] {subprocess.py:93} INFO - 24/09/09 00:32:11 INFO NettyBlockTransferService: Server created on 27ef58cc88fc:36081
[2024-09-09T00:32:11.877+0000] {subprocess.py:93} INFO - 24/09/09 00:32:11 INFO BlockManager: Using org.apache.spark.storage.RandomBlockReplicationPolicy for block replication policy
[2024-09-09T00:32:11.878+0000] {subprocess.py:93} INFO - 24/09/09 00:32:11 INFO BlockManagerMaster: Registering BlockManager BlockManagerId(driver, 27ef58cc88fc, 36081, None)
[2024-09-09T00:32:11.882+0000] {subprocess.py:93} INFO - 24/09/09 00:32:11 INFO BlockManagerMasterEndpoint: Registering block manager 27ef58cc88fc:36081 with 1458.4 MiB RAM, BlockManagerId(driver, 27ef58cc88fc, 36081, None)
[2024-09-09T00:32:11.883+0000] {subprocess.py:93} INFO - 24/09/09 00:32:11 INFO BlockManagerMaster: Registered BlockManager BlockManagerId(driver, 27ef58cc88fc, 36081, None)
[2024-09-09T00:32:11.883+0000] {subprocess.py:93} INFO - 24/09/09 00:32:11 INFO BlockManager: Initialized BlockManager: BlockManagerId(driver, 27ef58cc88fc, 36081, None)
[2024-09-09T00:32:11.919+0000] {subprocess.py:93} INFO - 24/09/09 00:32:11 INFO StandaloneAppClient$ClientEndpoint: Executor updated: app-20240909003211-0005/0 is now RUNNING
[2024-09-09T00:32:11.920+0000] {subprocess.py:93} INFO - 24/09/09 00:32:11 INFO StandaloneAppClient$ClientEndpoint: Executor updated: app-20240909003211-0005/1 is now RUNNING
[2024-09-09T00:32:12.010+0000] {subprocess.py:93} INFO - 24/09/09 00:32:12 INFO StandaloneSchedulerBackend: SchedulerBackend is ready for scheduling beginning after reached minRegisteredResourcesRatio: 0.0
[2024-09-09T00:32:12.139+0000] {subprocess.py:93} INFO - 24/09/09 00:32:12 INFO SharedState: Setting hive.metastore.warehouse.dir ('null') to the value of spark.sql.warehouse.dir.
[2024-09-09T00:32:12.140+0000] {subprocess.py:93} INFO - 24/09/09 00:32:12 INFO SharedState: Warehouse path is 'file:/tmp/***tmphowtl6rp/spark-warehouse'.
[2024-09-09T00:32:12.657+0000] {subprocess.py:93} INFO - 24/09/09 00:32:12 INFO Version: Elasticsearch Hadoop v8.4.3 [a7873eb469]
[2024-09-09T00:32:13.344+0000] {subprocess.py:93} INFO - 24/09/09 00:32:13 INFO StandaloneSchedulerBackend$StandaloneDriverEndpoint: Registered executor NettyRpcEndpointRef(spark-client://Executor) (172.18.0.8:38404) with ID 0,  ResourceProfileId 0
[2024-09-09T00:32:13.372+0000] {subprocess.py:93} INFO - 24/09/09 00:32:13 INFO StandaloneSchedulerBackend$StandaloneDriverEndpoint: Registered executor NettyRpcEndpointRef(spark-client://Executor) (172.18.0.7:53104) with ID 1,  ResourceProfileId 0
[2024-09-09T00:32:13.390+0000] {subprocess.py:93} INFO - 24/09/09 00:32:13 INFO BlockManagerMasterEndpoint: Registering block manager 172.18.0.8:35789 with 1458.4 MiB RAM, BlockManagerId(0, 172.18.0.8, 35789, None)
[2024-09-09T00:32:13.407+0000] {subprocess.py:93} INFO - 24/09/09 00:32:13 INFO BlockManagerMasterEndpoint: Registering block manager 172.18.0.7:43685 with 1458.4 MiB RAM, BlockManagerId(1, 172.18.0.7, 43685, None)
[2024-09-09T00:32:13.816+0000] {subprocess.py:93} INFO - Traceback (most recent call last):
[2024-09-09T00:32:13.816+0000] {subprocess.py:93} INFO -   File "/opt/***/jobs/analyze_data.py", line 48, in <module>
[2024-09-09T00:32:13.817+0000] {subprocess.py:93} INFO -     save_analysis_result(top_gainers, "data/top_gainers.csv")
[2024-09-09T00:32:13.817+0000] {subprocess.py:93} INFO -   File "/opt/***/jobs/analyze_data.py", line 41, in save_analysis_result
[2024-09-09T00:32:13.817+0000] {subprocess.py:93} INFO -     df.coalesce(1).write.mode("overwrite").csv(file_path, header=True)
[2024-09-09T00:32:13.817+0000] {subprocess.py:93} INFO -   File "/home/***/.local/lib/python3.11/site-packages/pyspark/python/lib/pyspark.zip/pyspark/sql/readwriter.py", line 1864, in csv
[2024-09-09T00:32:13.817+0000] {subprocess.py:93} INFO -   File "/home/***/.local/lib/python3.11/site-packages/pyspark/python/lib/py4j-0.10.9.7-src.zip/py4j/java_gateway.py", line 1322, in __call__
[2024-09-09T00:32:13.817+0000] {subprocess.py:93} INFO -   File "/home/***/.local/lib/python3.11/site-packages/pyspark/python/lib/pyspark.zip/pyspark/errors/exceptions/captured.py", line 185, in deco
[2024-09-09T00:32:13.820+0000] {subprocess.py:93} INFO - pyspark.errors.exceptions.captured.AnalysisException: [UNSUPPORTED_DATA_TYPE_FOR_DATASOURCE] The CSV datasource doesn't support the column `_metadata` of the type "MAP<STRING, STRING>".
[2024-09-09T00:32:13.839+0000] {subprocess.py:93} INFO - 24/09/09 00:32:13 INFO SparkContext: Invoking stop() from shutdown hook
[2024-09-09T00:32:13.840+0000] {subprocess.py:93} INFO - 24/09/09 00:32:13 INFO SparkContext: SparkContext is stopping with exitCode 0.
[2024-09-09T00:32:13.844+0000] {subprocess.py:93} INFO - 24/09/09 00:32:13 INFO SparkUI: Stopped Spark web UI at http://27ef58cc88fc:4040
[2024-09-09T00:32:13.846+0000] {subprocess.py:93} INFO - 24/09/09 00:32:13 INFO StandaloneSchedulerBackend: Shutting down all executors
[2024-09-09T00:32:13.846+0000] {subprocess.py:93} INFO - 24/09/09 00:32:13 INFO StandaloneSchedulerBackend$StandaloneDriverEndpoint: Asking each executor to shut down
[2024-09-09T00:32:13.858+0000] {subprocess.py:93} INFO - 24/09/09 00:32:13 INFO MapOutputTrackerMasterEndpoint: MapOutputTrackerMasterEndpoint stopped!
[2024-09-09T00:32:13.869+0000] {subprocess.py:93} INFO - 24/09/09 00:32:13 INFO MemoryStore: MemoryStore cleared
[2024-09-09T00:32:13.869+0000] {subprocess.py:93} INFO - 24/09/09 00:32:13 INFO BlockManager: BlockManager stopped
[2024-09-09T00:32:13.872+0000] {subprocess.py:93} INFO - 24/09/09 00:32:13 INFO BlockManagerMaster: BlockManagerMaster stopped
[2024-09-09T00:32:13.873+0000] {subprocess.py:93} INFO - 24/09/09 00:32:13 INFO OutputCommitCoordinator$OutputCommitCoordinatorEndpoint: OutputCommitCoordinator stopped!
[2024-09-09T00:32:13.878+0000] {subprocess.py:93} INFO - 24/09/09 00:32:13 INFO SparkContext: Successfully stopped SparkContext
[2024-09-09T00:32:13.878+0000] {subprocess.py:93} INFO - 24/09/09 00:32:13 INFO ShutdownHookManager: Shutdown hook called
[2024-09-09T00:32:13.879+0000] {subprocess.py:93} INFO - 24/09/09 00:32:13 INFO ShutdownHookManager: Deleting directory /tmp/spark-432c3cab-23bf-45ad-b4a2-d2a083e76ef8
[2024-09-09T00:32:13.880+0000] {subprocess.py:93} INFO - 24/09/09 00:32:13 INFO ShutdownHookManager: Deleting directory /tmp/spark-e4d88e11-e419-4c82-8368-89310f24094a/pyspark-d9cbecb9-9a5d-4451-a999-b596b22d3a42
[2024-09-09T00:32:13.883+0000] {subprocess.py:93} INFO - 24/09/09 00:32:13 INFO ShutdownHookManager: Deleting directory /tmp/spark-e4d88e11-e419-4c82-8368-89310f24094a
[2024-09-09T00:32:13.913+0000] {subprocess.py:97} INFO - Command exited with return code 1
[2024-09-09T00:32:13.919+0000] {taskinstance.py:1935} ERROR - Task failed with exception
Traceback (most recent call last):
  File "/home/airflow/.local/lib/python3.11/site-packages/airflow/operators/bash.py", line 210, in execute
    raise AirflowException(
airflow.exceptions.AirflowException: Bash command failed. The command returned a non-zero exit code 1.
[2024-09-09T00:32:13.921+0000] {taskinstance.py:1398} INFO - Marking task as FAILED. dag_id=data_pipeline_api, task_id=analyze_data, execution_date=20240908T003000, start_date=20240909T003209, end_date=20240909T003213
[2024-09-09T00:32:13.926+0000] {standard_task_runner.py:104} ERROR - Failed to execute job 90 for task analyze_data (Bash command failed. The command returned a non-zero exit code 1.; 5664)
[2024-09-09T00:32:13.940+0000] {local_task_job_runner.py:228} INFO - Task exited with return code 1
[2024-09-09T00:32:13.950+0000] {taskinstance.py:2776} INFO - 0 downstream tasks scheduled from follow-on schedule check
