[2024-09-17T00:43:44.463+0000] {taskinstance.py:1157} INFO - Dependencies all met for dep_context=non-requeueable deps ti=<TaskInstance: data_pipeline_api.fetch_data scheduled__2024-09-16T00:30:00+00:00 [queued]>
[2024-09-17T00:43:44.469+0000] {taskinstance.py:1157} INFO - Dependencies all met for dep_context=requeueable deps ti=<TaskInstance: data_pipeline_api.fetch_data scheduled__2024-09-16T00:30:00+00:00 [queued]>
[2024-09-17T00:43:44.470+0000] {taskinstance.py:1359} INFO - Starting attempt 1 of 2
[2024-09-17T00:43:44.483+0000] {taskinstance.py:1380} INFO - Executing <Task(BashOperator): fetch_data> on 2024-09-16 00:30:00+00:00
[2024-09-17T00:43:44.494+0000] {standard_task_runner.py:57} INFO - Started process 46049 to run task
[2024-09-17T00:43:44.498+0000] {standard_task_runner.py:84} INFO - Running: ['***', 'tasks', 'run', 'data_pipeline_api', 'fetch_data', 'scheduled__2024-09-16T00:30:00+00:00', '--job-id', '14', '--raw', '--subdir', 'DAGS_FOLDER/spark-jobs.py', '--cfg-path', '/tmp/tmpuz_4bnmg']
[2024-09-17T00:43:44.501+0000] {standard_task_runner.py:85} INFO - Job 14: Subtask fetch_data
[2024-09-17T00:43:44.553+0000] {task_command.py:415} INFO - Running <TaskInstance: data_pipeline_api.fetch_data scheduled__2024-09-16T00:30:00+00:00 [running]> on host 595e69e30fc0
[2024-09-17T00:43:44.619+0000] {taskinstance.py:1660} INFO - Exporting env vars: AIRFLOW_CTX_DAG_OWNER='***' AIRFLOW_CTX_DAG_ID='data_pipeline_api' AIRFLOW_CTX_TASK_ID='fetch_data' AIRFLOW_CTX_EXECUTION_DATE='2024-09-16T00:30:00+00:00' AIRFLOW_CTX_TRY_NUMBER='1' AIRFLOW_CTX_DAG_RUN_ID='scheduled__2024-09-16T00:30:00+00:00'
[2024-09-17T00:43:44.620+0000] {subprocess.py:63} INFO - Tmp dir root location: /tmp
[2024-09-17T00:43:44.622+0000] {subprocess.py:75} INFO - Running command: ['/bin/bash', '-c', 'bash /opt/***/jobs/spark-submit.sh /opt/***/jobs/fetch_data.py ']
[2024-09-17T00:43:44.634+0000] {subprocess.py:86} INFO - Output:
[2024-09-17T00:43:44.656+0000] {subprocess.py:93} INFO - /opt/***/jobs/fetch_data.py
[2024-09-17T00:43:44.753+0000] {subprocess.py:93} INFO - /home/***/.local/lib/python3.11/site-packages/pyspark/bin/load-spark-env.sh: line 68: ps: command not found
[2024-09-17T00:43:46.593+0000] {subprocess.py:93} INFO - 24/09/17 00:43:46 WARN NativeCodeLoader: Unable to load native-hadoop library for your platform... using builtin-java classes where applicable
[2024-09-17T00:43:48.305+0000] {subprocess.py:93} INFO - 24/09/17 00:43:48 INFO ShutdownHookManager: Shutdown hook called
[2024-09-17T00:43:48.306+0000] {subprocess.py:93} INFO - 24/09/17 00:43:48 INFO ShutdownHookManager: Deleting directory /tmp/spark-be2d6734-93c8-4b86-9127-8b4e4bfae18b
[2024-09-17T00:43:48.338+0000] {subprocess.py:97} INFO - Command exited with return code 0
[2024-09-17T00:43:48.379+0000] {taskinstance.py:1398} INFO - Marking task as SUCCESS. dag_id=data_pipeline_api, task_id=fetch_data, execution_date=20240916T003000, start_date=20240917T004344, end_date=20240917T004348
[2024-09-17T00:43:48.433+0000] {local_task_job_runner.py:228} INFO - Task exited with return code 0
[2024-09-17T00:43:48.517+0000] {taskinstance.py:2776} INFO - 0 downstream tasks scheduled from follow-on schedule check
