[2024-08-20T00:41:06.976+0000] {taskinstance.py:1157} INFO - Dependencies all met for dep_context=non-requeueable deps ti=<TaskInstance: data_pipeline_api.analyze_data scheduled__2024-08-19T00:30:00+00:00 [queued]>
[2024-08-20T00:41:06.981+0000] {taskinstance.py:1157} INFO - Dependencies all met for dep_context=requeueable deps ti=<TaskInstance: data_pipeline_api.analyze_data scheduled__2024-08-19T00:30:00+00:00 [queued]>
[2024-08-20T00:41:06.982+0000] {taskinstance.py:1359} INFO - Starting attempt 1 of 2
[2024-08-20T00:41:06.987+0000] {taskinstance.py:1380} INFO - Executing <Task(BashOperator): analyze_data> on 2024-08-19 00:30:00+00:00
[2024-08-20T00:41:06.993+0000] {standard_task_runner.py:57} INFO - Started process 76425 to run task
[2024-08-20T00:41:06.995+0000] {standard_task_runner.py:84} INFO - Running: ['***', 'tasks', 'run', 'data_pipeline_api', 'analyze_data', 'scheduled__2024-08-19T00:30:00+00:00', '--job-id', '69', '--raw', '--subdir', 'DAGS_FOLDER/spark-jobs.py', '--cfg-path', '/tmp/tmp6k5ljwsn']
[2024-08-20T00:41:06.996+0000] {standard_task_runner.py:85} INFO - Job 69: Subtask analyze_data
[2024-08-20T00:41:07.019+0000] {task_command.py:415} INFO - Running <TaskInstance: data_pipeline_api.analyze_data scheduled__2024-08-19T00:30:00+00:00 [running]> on host 27ef58cc88fc
[2024-08-20T00:41:07.061+0000] {taskinstance.py:1660} INFO - Exporting env vars: AIRFLOW_CTX_DAG_OWNER='***' AIRFLOW_CTX_DAG_ID='data_pipeline_api' AIRFLOW_CTX_TASK_ID='analyze_data' AIRFLOW_CTX_EXECUTION_DATE='2024-08-19T00:30:00+00:00' AIRFLOW_CTX_TRY_NUMBER='1' AIRFLOW_CTX_DAG_RUN_ID='scheduled__2024-08-19T00:30:00+00:00'
[2024-08-20T00:41:07.062+0000] {subprocess.py:63} INFO - Tmp dir root location: /tmp
[2024-08-20T00:41:07.063+0000] {subprocess.py:75} INFO - Running command: ['/bin/bash', '-c', 'bash /opt/***/jobs/spark-submit.sh /opt/***/jobs/analyze_data.py ']
[2024-08-20T00:41:07.071+0000] {subprocess.py:86} INFO - Output:
[2024-08-20T00:41:07.084+0000] {subprocess.py:93} INFO - /opt/***/jobs/analyze_data.py
[2024-08-20T00:41:07.158+0000] {subprocess.py:93} INFO - /home/***/.local/lib/python3.11/site-packages/pyspark/bin/load-spark-env.sh: line 68: ps: command not found
[2024-08-20T00:41:08.646+0000] {subprocess.py:93} INFO - 24/08/20 00:41:08 WARN NativeCodeLoader: Unable to load native-hadoop library for your platform... using builtin-java classes where applicable
[2024-08-20T00:41:09.326+0000] {subprocess.py:93} INFO - 24/08/20 00:41:09 INFO SparkContext: Running Spark version 3.5.1
[2024-08-20T00:41:09.326+0000] {subprocess.py:93} INFO - 24/08/20 00:41:09 INFO SparkContext: OS info Linux, 6.6.32-linuxkit, aarch64
[2024-08-20T00:41:09.329+0000] {subprocess.py:93} INFO - 24/08/20 00:41:09 INFO SparkContext: Java version 11.0.23
[2024-08-20T00:41:09.344+0000] {subprocess.py:93} INFO - 24/08/20 00:41:09 INFO ResourceUtils: ==============================================================
[2024-08-20T00:41:09.347+0000] {subprocess.py:93} INFO - 24/08/20 00:41:09 INFO ResourceUtils: No custom resources configured for spark.driver.
[2024-08-20T00:41:09.351+0000] {subprocess.py:93} INFO - 24/08/20 00:41:09 INFO ResourceUtils: ==============================================================
[2024-08-20T00:41:09.351+0000] {subprocess.py:93} INFO - 24/08/20 00:41:09 INFO SparkContext: Submitted application: FinanceDataAnalysis
[2024-08-20T00:41:09.361+0000] {subprocess.py:93} INFO - 24/08/20 00:41:09 INFO ResourceProfile: Default ResourceProfile created, executor resources: Map(cores -> name: cores, amount: 1, script: , vendor: , memory -> name: memory, amount: 1024, script: , vendor: , offHeap -> name: offHeap, amount: 1024, script: , vendor: ), task resources: Map(cpus -> name: cpus, amount: 1.0)
[2024-08-20T00:41:09.368+0000] {subprocess.py:93} INFO - 24/08/20 00:41:09 INFO ResourceProfile: Limiting resource is cpus at 1 tasks per executor
[2024-08-20T00:41:09.369+0000] {subprocess.py:93} INFO - 24/08/20 00:41:09 INFO ResourceProfileManager: Added ResourceProfile id: 0
[2024-08-20T00:41:09.420+0000] {subprocess.py:93} INFO - 24/08/20 00:41:09 INFO SecurityManager: Changing view acls to: ***
[2024-08-20T00:41:09.421+0000] {subprocess.py:93} INFO - 24/08/20 00:41:09 INFO SecurityManager: Changing modify acls to: ***
[2024-08-20T00:41:09.423+0000] {subprocess.py:93} INFO - 24/08/20 00:41:09 INFO SecurityManager: Changing view acls groups to:
[2024-08-20T00:41:09.425+0000] {subprocess.py:93} INFO - 24/08/20 00:41:09 INFO SecurityManager: Changing modify acls groups to:
[2024-08-20T00:41:09.428+0000] {subprocess.py:93} INFO - 24/08/20 00:41:09 INFO SecurityManager: SecurityManager: authentication disabled; ui acls disabled; users with view permissions: ***; groups with view permissions: EMPTY; users with modify permissions: ***; groups with modify permissions: EMPTY
[2024-08-20T00:41:09.578+0000] {subprocess.py:93} INFO - 24/08/20 00:41:09 INFO Utils: Successfully started service 'sparkDriver' on port 39219.
[2024-08-20T00:41:09.599+0000] {subprocess.py:93} INFO - 24/08/20 00:41:09 INFO SparkEnv: Registering MapOutputTracker
[2024-08-20T00:41:09.619+0000] {subprocess.py:93} INFO - 24/08/20 00:41:09 INFO SparkEnv: Registering BlockManagerMaster
[2024-08-20T00:41:09.631+0000] {subprocess.py:93} INFO - 24/08/20 00:41:09 INFO BlockManagerMasterEndpoint: Using org.apache.spark.storage.DefaultTopologyMapper for getting topology information
[2024-08-20T00:41:09.632+0000] {subprocess.py:93} INFO - 24/08/20 00:41:09 INFO BlockManagerMasterEndpoint: BlockManagerMasterEndpoint up
[2024-08-20T00:41:09.634+0000] {subprocess.py:93} INFO - 24/08/20 00:41:09 INFO SparkEnv: Registering BlockManagerMasterHeartbeat
[2024-08-20T00:41:09.649+0000] {subprocess.py:93} INFO - 24/08/20 00:41:09 INFO DiskBlockManager: Created local directory at /tmp/blockmgr-f0a9e6a8-1985-4f75-8717-0bff1be6f2c8
[2024-08-20T00:41:09.661+0000] {subprocess.py:93} INFO - 24/08/20 00:41:09 INFO MemoryStore: MemoryStore started with capacity 1458.4 MiB
[2024-08-20T00:41:09.669+0000] {subprocess.py:93} INFO - 24/08/20 00:41:09 INFO SparkEnv: Registering OutputCommitCoordinator
[2024-08-20T00:41:09.754+0000] {subprocess.py:93} INFO - 24/08/20 00:41:09 INFO JettyUtils: Start Jetty 0.0.0.0:4040 for SparkUI
[2024-08-20T00:41:09.789+0000] {subprocess.py:93} INFO - 24/08/20 00:41:09 WARN Utils: Service 'SparkUI' could not bind on port 4040. Attempting port 4041.
[2024-08-20T00:41:09.795+0000] {subprocess.py:93} INFO - 24/08/20 00:41:09 INFO Utils: Successfully started service 'SparkUI' on port 4041.
[2024-08-20T00:41:09.814+0000] {subprocess.py:93} INFO - 24/08/20 00:41:09 INFO SparkContext: Added JAR file:///opt/bitnami/spark/resources/elasticsearch-spark-30_2.12-8.4.3.jar at spark://27ef58cc88fc:39219/jars/elasticsearch-spark-30_2.12-8.4.3.jar with timestamp 1724114469319
[2024-08-20T00:41:09.867+0000] {subprocess.py:93} INFO - 24/08/20 00:41:09 INFO StandaloneAppClient$ClientEndpoint: Connecting to master spark://spark-master:7077...
[2024-08-20T00:41:09.895+0000] {subprocess.py:93} INFO - 24/08/20 00:41:09 INFO TransportClientFactory: Successfully created connection to spark-master/172.18.0.4:7077 after 14 ms (0 ms spent in bootstraps)
[2024-08-20T00:41:10.085+0000] {subprocess.py:93} INFO - 24/08/20 00:41:10 INFO StandaloneSchedulerBackend: Connected to Spark cluster with app ID app-20240820004110-0050
[2024-08-20T00:41:10.096+0000] {subprocess.py:93} INFO - 24/08/20 00:41:10 INFO Utils: Successfully started service 'org.apache.spark.network.netty.NettyBlockTransferService' on port 43783.
[2024-08-20T00:41:10.097+0000] {subprocess.py:93} INFO - 24/08/20 00:41:10 INFO NettyBlockTransferService: Server created on 27ef58cc88fc:43783
[2024-08-20T00:41:10.098+0000] {subprocess.py:93} INFO - 24/08/20 00:41:10 INFO BlockManager: Using org.apache.spark.storage.RandomBlockReplicationPolicy for block replication policy
[2024-08-20T00:41:10.104+0000] {subprocess.py:93} INFO - 24/08/20 00:41:10 INFO BlockManagerMaster: Registering BlockManager BlockManagerId(driver, 27ef58cc88fc, 43783, None)
[2024-08-20T00:41:10.107+0000] {subprocess.py:93} INFO - 24/08/20 00:41:10 INFO BlockManagerMasterEndpoint: Registering block manager 27ef58cc88fc:43783 with 1458.4 MiB RAM, BlockManagerId(driver, 27ef58cc88fc, 43783, None)
[2024-08-20T00:41:10.110+0000] {subprocess.py:93} INFO - 24/08/20 00:41:10 INFO BlockManagerMaster: Registered BlockManager BlockManagerId(driver, 27ef58cc88fc, 43783, None)
[2024-08-20T00:41:10.111+0000] {subprocess.py:93} INFO - 24/08/20 00:41:10 INFO BlockManager: Initialized BlockManager: BlockManagerId(driver, 27ef58cc88fc, 43783, None)
[2024-08-20T00:41:10.318+0000] {subprocess.py:93} INFO - 24/08/20 00:41:10 INFO StandaloneSchedulerBackend: SchedulerBackend is ready for scheduling beginning after reached minRegisteredResourcesRatio: 0.0
[2024-08-20T00:41:10.485+0000] {subprocess.py:93} INFO - 24/08/20 00:41:10 INFO SharedState: Setting hive.metastore.warehouse.dir ('null') to the value of spark.sql.warehouse.dir.
[2024-08-20T00:41:10.486+0000] {subprocess.py:93} INFO - 24/08/20 00:41:10 INFO SharedState: Warehouse path is 'file:/tmp/***tmpxpvm8a1f/spark-warehouse'.
[2024-08-20T00:41:11.309+0000] {subprocess.py:93} INFO - 24/08/20 00:41:11 INFO Version: Elasticsearch Hadoop v8.4.3 [a7873eb469]
[2024-08-20T00:41:13.610+0000] {subprocess.py:93} INFO - Traceback (most recent call last):
[2024-08-20T00:41:13.611+0000] {subprocess.py:93} INFO -   File "/opt/***/jobs/analyze_data.py", line 48, in <module>
[2024-08-20T00:41:13.612+0000] {subprocess.py:93} INFO -     save_analysis_result(top_gainers, "data/top_gainers.csv")
[2024-08-20T00:41:13.612+0000] {subprocess.py:93} INFO -   File "/opt/***/jobs/analyze_data.py", line 41, in save_analysis_result
[2024-08-20T00:41:13.613+0000] {subprocess.py:93} INFO -     df.coalesce(1).write.mode("overwrite").csv(file_path, header=True)
[2024-08-20T00:41:13.613+0000] {subprocess.py:93} INFO -   File "/home/***/.local/lib/python3.11/site-packages/pyspark/python/lib/pyspark.zip/pyspark/sql/readwriter.py", line 1864, in csv
[2024-08-20T00:41:13.615+0000] {subprocess.py:93} INFO -   File "/home/***/.local/lib/python3.11/site-packages/pyspark/python/lib/py4j-0.10.9.7-src.zip/py4j/java_gateway.py", line 1322, in __call__
[2024-08-20T00:41:13.615+0000] {subprocess.py:93} INFO -   File "/home/***/.local/lib/python3.11/site-packages/pyspark/python/lib/pyspark.zip/pyspark/errors/exceptions/captured.py", line 185, in deco
[2024-08-20T00:41:13.618+0000] {subprocess.py:93} INFO - pyspark.errors.exceptions.captured.AnalysisException: [UNSUPPORTED_DATA_TYPE_FOR_DATASOURCE] The CSV datasource doesn't support the column `_metadata` of the type "MAP<STRING, STRING>".
[2024-08-20T00:41:13.677+0000] {subprocess.py:93} INFO - 24/08/20 00:41:13 INFO SparkContext: Invoking stop() from shutdown hook
[2024-08-20T00:41:13.677+0000] {subprocess.py:93} INFO - 24/08/20 00:41:13 INFO SparkContext: SparkContext is stopping with exitCode 0.
[2024-08-20T00:41:13.681+0000] {subprocess.py:93} INFO - 24/08/20 00:41:13 INFO SparkUI: Stopped Spark web UI at http://27ef58cc88fc:4041
[2024-08-20T00:41:13.683+0000] {subprocess.py:93} INFO - 24/08/20 00:41:13 INFO StandaloneSchedulerBackend: Shutting down all executors
[2024-08-20T00:41:13.685+0000] {subprocess.py:93} INFO - 24/08/20 00:41:13 INFO StandaloneSchedulerBackend$StandaloneDriverEndpoint: Asking each executor to shut down
[2024-08-20T00:41:13.695+0000] {subprocess.py:93} INFO - 24/08/20 00:41:13 INFO MapOutputTrackerMasterEndpoint: MapOutputTrackerMasterEndpoint stopped!
[2024-08-20T00:41:13.707+0000] {subprocess.py:93} INFO - 24/08/20 00:41:13 INFO MemoryStore: MemoryStore cleared
[2024-08-20T00:41:13.707+0000] {subprocess.py:93} INFO - 24/08/20 00:41:13 INFO BlockManager: BlockManager stopped
[2024-08-20T00:41:13.714+0000] {subprocess.py:93} INFO - 24/08/20 00:41:13 INFO BlockManagerMaster: BlockManagerMaster stopped
[2024-08-20T00:41:13.716+0000] {subprocess.py:93} INFO - 24/08/20 00:41:13 INFO OutputCommitCoordinator$OutputCommitCoordinatorEndpoint: OutputCommitCoordinator stopped!
[2024-08-20T00:41:13.730+0000] {subprocess.py:93} INFO - 24/08/20 00:41:13 INFO SparkContext: Successfully stopped SparkContext
[2024-08-20T00:41:13.731+0000] {subprocess.py:93} INFO - 24/08/20 00:41:13 INFO ShutdownHookManager: Shutdown hook called
[2024-08-20T00:41:13.731+0000] {subprocess.py:93} INFO - 24/08/20 00:41:13 INFO ShutdownHookManager: Deleting directory /tmp/spark-573c5ce9-510d-44d6-a729-053ed5e74570
[2024-08-20T00:41:13.737+0000] {subprocess.py:93} INFO - 24/08/20 00:41:13 INFO ShutdownHookManager: Deleting directory /tmp/spark-c9de204c-7f15-4cfb-8ebf-298ae0193bbc
[2024-08-20T00:41:13.740+0000] {subprocess.py:93} INFO - 24/08/20 00:41:13 INFO ShutdownHookManager: Deleting directory /tmp/spark-c9de204c-7f15-4cfb-8ebf-298ae0193bbc/pyspark-85d9f21b-4c73-48d1-adbe-cb5ae067c58b
[2024-08-20T00:41:13.781+0000] {subprocess.py:97} INFO - Command exited with return code 1
[2024-08-20T00:41:13.794+0000] {taskinstance.py:1935} ERROR - Task failed with exception
Traceback (most recent call last):
  File "/home/airflow/.local/lib/python3.11/site-packages/airflow/operators/bash.py", line 210, in execute
    raise AirflowException(
airflow.exceptions.AirflowException: Bash command failed. The command returned a non-zero exit code 1.
[2024-08-20T00:41:13.798+0000] {taskinstance.py:1398} INFO - Marking task as UP_FOR_RETRY. dag_id=data_pipeline_api, task_id=analyze_data, execution_date=20240819T003000, start_date=20240820T004106, end_date=20240820T004113
[2024-08-20T00:41:13.807+0000] {standard_task_runner.py:104} ERROR - Failed to execute job 69 for task analyze_data (Bash command failed. The command returned a non-zero exit code 1.; 76425)
[2024-08-20T00:41:13.835+0000] {local_task_job_runner.py:228} INFO - Task exited with return code 1
[2024-08-20T00:41:13.852+0000] {taskinstance.py:2776} INFO - 0 downstream tasks scheduled from follow-on schedule check
