[2024-09-09T00:30:01.538+0000] {taskinstance.py:1157} INFO - Dependencies all met for dep_context=non-requeueable deps ti=<TaskInstance: data_pipeline_api.fetch_data scheduled__2024-09-08T00:30:00+00:00 [queued]>
[2024-09-09T00:30:01.541+0000] {taskinstance.py:1157} INFO - Dependencies all met for dep_context=requeueable deps ti=<TaskInstance: data_pipeline_api.fetch_data scheduled__2024-09-08T00:30:00+00:00 [queued]>
[2024-09-09T00:30:01.541+0000] {taskinstance.py:1359} INFO - Starting attempt 1 of 2
[2024-09-09T00:30:01.548+0000] {taskinstance.py:1380} INFO - Executing <Task(BashOperator): fetch_data> on 2024-09-08 00:30:00+00:00
[2024-09-09T00:30:01.554+0000] {standard_task_runner.py:57} INFO - Started process 5026 to run task
[2024-09-09T00:30:01.559+0000] {standard_task_runner.py:84} INFO - Running: ['***', 'tasks', 'run', 'data_pipeline_api', 'fetch_data', 'scheduled__2024-09-08T00:30:00+00:00', '--job-id', '89', '--raw', '--subdir', 'DAGS_FOLDER/spark-jobs.py', '--cfg-path', '/tmp/tmptq516syy']
[2024-09-09T00:30:01.564+0000] {standard_task_runner.py:85} INFO - Job 89: Subtask fetch_data
[2024-09-09T00:30:01.640+0000] {task_command.py:415} INFO - Running <TaskInstance: data_pipeline_api.fetch_data scheduled__2024-09-08T00:30:00+00:00 [running]> on host 27ef58cc88fc
[2024-09-09T00:30:01.704+0000] {taskinstance.py:1660} INFO - Exporting env vars: AIRFLOW_CTX_DAG_OWNER='***' AIRFLOW_CTX_DAG_ID='data_pipeline_api' AIRFLOW_CTX_TASK_ID='fetch_data' AIRFLOW_CTX_EXECUTION_DATE='2024-09-08T00:30:00+00:00' AIRFLOW_CTX_TRY_NUMBER='1' AIRFLOW_CTX_DAG_RUN_ID='scheduled__2024-09-08T00:30:00+00:00'
[2024-09-09T00:30:01.706+0000] {subprocess.py:63} INFO - Tmp dir root location: /tmp
[2024-09-09T00:30:01.708+0000] {subprocess.py:75} INFO - Running command: ['/bin/bash', '-c', 'bash /opt/***/jobs/spark-submit.sh /opt/***/jobs/fetch_data.py ']
[2024-09-09T00:30:01.717+0000] {subprocess.py:86} INFO - Output:
[2024-09-09T00:30:01.736+0000] {subprocess.py:93} INFO - /opt/***/jobs/fetch_data.py
[2024-09-09T00:30:01.823+0000] {subprocess.py:93} INFO - /home/***/.local/lib/python3.11/site-packages/pyspark/bin/load-spark-env.sh: line 68: ps: command not found
[2024-09-09T00:30:03.541+0000] {subprocess.py:93} INFO - 24/09/09 00:30:03 WARN NativeCodeLoader: Unable to load native-hadoop library for your platform... using builtin-java classes where applicable
[2024-09-09T00:30:05.487+0000] {subprocess.py:93} INFO - 24/09/09 00:30:05 INFO ShutdownHookManager: Shutdown hook called
[2024-09-09T00:30:05.488+0000] {subprocess.py:93} INFO - 24/09/09 00:30:05 INFO ShutdownHookManager: Deleting directory /tmp/spark-3f8903ad-5b72-4735-9453-38fb9e7129e6
[2024-09-09T00:30:05.531+0000] {subprocess.py:97} INFO - Command exited with return code 0
[2024-09-09T00:30:05.567+0000] {taskinstance.py:1398} INFO - Marking task as SUCCESS. dag_id=data_pipeline_api, task_id=fetch_data, execution_date=20240908T003000, start_date=20240909T003001, end_date=20240909T003005
[2024-09-09T00:30:05.609+0000] {local_task_job_runner.py:228} INFO - Task exited with return code 0
[2024-09-09T00:30:05.637+0000] {taskinstance.py:2776} INFO - 0 downstream tasks scheduled from follow-on schedule check
