[2024-08-08T09:25:19.844+0000] {processor.py:157} INFO - Started process (PID=192) to work on /opt/airflow/dags/data-pipeline.py
[2024-08-08T09:25:19.845+0000] {processor.py:829} INFO - Processing file /opt/airflow/dags/data-pipeline.py for tasks to queue
[2024-08-08T09:25:19.852+0000] {logging_mixin.py:151} INFO - [2024-08-08T09:25:19.851+0000] {dagbag.py:539} INFO - Filling up the DagBag from /opt/airflow/dags/data-pipeline.py
[2024-08-08T09:25:19.883+0000] {processor.py:839} INFO - DAG(s) dict_keys(['github-archive-pipeline']) retrieved from /opt/airflow/dags/data-pipeline.py
[2024-08-08T09:25:19.910+0000] {logging_mixin.py:151} INFO - [2024-08-08T09:25:19.910+0000] {dag.py:2915} INFO - Sync 1 DAGs
[2024-08-08T09:25:19.934+0000] {logging_mixin.py:151} INFO - [2024-08-08T09:25:19.934+0000] {dag.py:3696} INFO - Setting next_dagrun for github-archive-pipeline to 2024-08-07T00:30:00+00:00, run_after=2024-08-08T00:30:00+00:00
[2024-08-08T09:25:19.951+0000] {processor.py:179} INFO - Processing /opt/airflow/dags/data-pipeline.py took 0.116 seconds
[2024-08-08T09:25:50.560+0000] {processor.py:157} INFO - Started process (PID=1023) to work on /opt/airflow/dags/data-pipeline.py
[2024-08-08T09:25:50.561+0000] {processor.py:829} INFO - Processing file /opt/airflow/dags/data-pipeline.py for tasks to queue
[2024-08-08T09:25:50.562+0000] {logging_mixin.py:151} INFO - [2024-08-08T09:25:50.562+0000] {dagbag.py:539} INFO - Filling up the DagBag from /opt/airflow/dags/data-pipeline.py
[2024-08-08T09:25:50.568+0000] {processor.py:839} INFO - DAG(s) dict_keys(['github-archive-pipeline']) retrieved from /opt/airflow/dags/data-pipeline.py
[2024-08-08T09:25:50.580+0000] {logging_mixin.py:151} INFO - [2024-08-08T09:25:50.580+0000] {dag.py:2915} INFO - Sync 1 DAGs
[2024-08-08T09:25:50.589+0000] {logging_mixin.py:151} INFO - [2024-08-08T09:25:50.589+0000] {dag.py:3696} INFO - Setting next_dagrun for github-archive-pipeline to 2024-08-07T00:30:00+00:00, run_after=2024-08-08T00:30:00+00:00
[2024-08-08T09:25:50.595+0000] {processor.py:179} INFO - Processing /opt/airflow/dags/data-pipeline.py took 0.037 seconds
[2024-08-08T09:26:21.122+0000] {processor.py:157} INFO - Started process (PID=1048) to work on /opt/airflow/dags/data-pipeline.py
[2024-08-08T09:26:21.123+0000] {processor.py:829} INFO - Processing file /opt/airflow/dags/data-pipeline.py for tasks to queue
[2024-08-08T09:26:21.127+0000] {logging_mixin.py:151} INFO - [2024-08-08T09:26:21.127+0000] {dagbag.py:539} INFO - Filling up the DagBag from /opt/airflow/dags/data-pipeline.py
[2024-08-08T09:26:21.140+0000] {processor.py:839} INFO - DAG(s) dict_keys(['github-archive-pipeline']) retrieved from /opt/airflow/dags/data-pipeline.py
[2024-08-08T09:26:21.157+0000] {logging_mixin.py:151} INFO - [2024-08-08T09:26:21.156+0000] {dag.py:2915} INFO - Sync 1 DAGs
[2024-08-08T09:26:21.166+0000] {logging_mixin.py:151} INFO - [2024-08-08T09:26:21.166+0000] {dag.py:3696} INFO - Setting next_dagrun for github-archive-pipeline to 2024-08-07T00:30:00+00:00, run_after=2024-08-08T00:30:00+00:00
[2024-08-08T09:26:21.172+0000] {processor.py:179} INFO - Processing /opt/airflow/dags/data-pipeline.py took 0.053 seconds
[2024-08-08T09:26:51.704+0000] {processor.py:157} INFO - Started process (PID=1073) to work on /opt/airflow/dags/data-pipeline.py
[2024-08-08T09:26:51.704+0000] {processor.py:829} INFO - Processing file /opt/airflow/dags/data-pipeline.py for tasks to queue
[2024-08-08T09:26:51.706+0000] {logging_mixin.py:151} INFO - [2024-08-08T09:26:51.706+0000] {dagbag.py:539} INFO - Filling up the DagBag from /opt/airflow/dags/data-pipeline.py
[2024-08-08T09:26:51.717+0000] {processor.py:839} INFO - DAG(s) dict_keys(['github-archive-pipeline']) retrieved from /opt/airflow/dags/data-pipeline.py
[2024-08-08T09:26:51.740+0000] {logging_mixin.py:151} INFO - [2024-08-08T09:26:51.740+0000] {dag.py:2915} INFO - Sync 1 DAGs
[2024-08-08T09:26:51.750+0000] {logging_mixin.py:151} INFO - [2024-08-08T09:26:51.750+0000] {dag.py:3696} INFO - Setting next_dagrun for github-archive-pipeline to 2024-08-07T00:30:00+00:00, run_after=2024-08-08T00:30:00+00:00
[2024-08-08T09:26:51.757+0000] {processor.py:179} INFO - Processing /opt/airflow/dags/data-pipeline.py took 0.056 seconds
[2024-08-08T09:27:22.434+0000] {processor.py:157} INFO - Started process (PID=1098) to work on /opt/airflow/dags/data-pipeline.py
[2024-08-08T09:27:22.435+0000] {processor.py:829} INFO - Processing file /opt/airflow/dags/data-pipeline.py for tasks to queue
[2024-08-08T09:27:22.436+0000] {logging_mixin.py:151} INFO - [2024-08-08T09:27:22.435+0000] {dagbag.py:539} INFO - Filling up the DagBag from /opt/airflow/dags/data-pipeline.py
[2024-08-08T09:27:22.441+0000] {processor.py:839} INFO - DAG(s) dict_keys(['github-archive-pipeline']) retrieved from /opt/airflow/dags/data-pipeline.py
[2024-08-08T09:27:22.452+0000] {logging_mixin.py:151} INFO - [2024-08-08T09:27:22.452+0000] {dag.py:2915} INFO - Sync 1 DAGs
[2024-08-08T09:27:22.461+0000] {logging_mixin.py:151} INFO - [2024-08-08T09:27:22.461+0000] {dag.py:3696} INFO - Setting next_dagrun for github-archive-pipeline to 2024-08-07T00:30:00+00:00, run_after=2024-08-08T00:30:00+00:00
[2024-08-08T09:27:22.466+0000] {processor.py:179} INFO - Processing /opt/airflow/dags/data-pipeline.py took 0.033 seconds
