[2024-09-15T01:14:45.335+0000] {taskinstance.py:1157} INFO - Dependencies all met for dep_context=non-requeueable deps ti=<TaskInstance: data_pipeline_api.fetch_data scheduled__2024-09-14T00:30:00+00:00 [queued]>
[2024-09-15T01:14:45.339+0000] {taskinstance.py:1157} INFO - Dependencies all met for dep_context=requeueable deps ti=<TaskInstance: data_pipeline_api.fetch_data scheduled__2024-09-14T00:30:00+00:00 [queued]>
[2024-09-15T01:14:45.340+0000] {taskinstance.py:1359} INFO - Starting attempt 1 of 2
[2024-09-15T01:14:45.348+0000] {taskinstance.py:1380} INFO - Executing <Task(BashOperator): fetch_data> on 2024-09-14 00:30:00+00:00
[2024-09-15T01:14:45.372+0000] {standard_task_runner.py:57} INFO - Started process 264 to run task
[2024-09-15T01:14:45.381+0000] {standard_task_runner.py:84} INFO - Running: ['***', 'tasks', 'run', 'data_pipeline_api', 'fetch_data', 'scheduled__2024-09-14T00:30:00+00:00', '--job-id', '2', '--raw', '--subdir', 'DAGS_FOLDER/spark-jobs.py', '--cfg-path', '/tmp/tmp05t8jckj']
[2024-09-15T01:14:45.417+0000] {standard_task_runner.py:85} INFO - Job 2: Subtask fetch_data
[2024-09-15T01:14:45.692+0000] {task_command.py:415} INFO - Running <TaskInstance: data_pipeline_api.fetch_data scheduled__2024-09-14T00:30:00+00:00 [running]> on host 595e69e30fc0
[2024-09-15T01:14:46.053+0000] {taskinstance.py:1660} INFO - Exporting env vars: AIRFLOW_CTX_DAG_OWNER='***' AIRFLOW_CTX_DAG_ID='data_pipeline_api' AIRFLOW_CTX_TASK_ID='fetch_data' AIRFLOW_CTX_EXECUTION_DATE='2024-09-14T00:30:00+00:00' AIRFLOW_CTX_TRY_NUMBER='1' AIRFLOW_CTX_DAG_RUN_ID='scheduled__2024-09-14T00:30:00+00:00'
[2024-09-15T01:14:46.058+0000] {subprocess.py:63} INFO - Tmp dir root location: /tmp
[2024-09-15T01:14:46.061+0000] {subprocess.py:75} INFO - Running command: ['/bin/bash', '-c', 'bash /opt/***/jobs/spark-submit.sh /opt/***/jobs/fetch_data.py ']
[2024-09-15T01:14:46.088+0000] {subprocess.py:86} INFO - Output:
[2024-09-15T01:14:46.117+0000] {subprocess.py:93} INFO - /opt/***/jobs/fetch_data.py
[2024-09-15T01:14:46.361+0000] {subprocess.py:93} INFO - /home/***/.local/lib/python3.11/site-packages/pyspark/bin/load-spark-env.sh: line 68: ps: command not found
[2024-09-15T01:14:53.005+0000] {subprocess.py:93} INFO - 24/09/15 01:14:53 WARN NativeCodeLoader: Unable to load native-hadoop library for your platform... using builtin-java classes where applicable
[2024-09-15T01:14:56.204+0000] {subprocess.py:93} INFO - 24/09/15 01:14:56 INFO ShutdownHookManager: Shutdown hook called
[2024-09-15T01:14:56.212+0000] {subprocess.py:93} INFO - 24/09/15 01:14:56 INFO ShutdownHookManager: Deleting directory /tmp/spark-593f836f-b34c-4469-97fb-3230326e3604
[2024-09-15T01:14:56.281+0000] {subprocess.py:97} INFO - Command exited with return code 0
[2024-09-15T01:14:56.343+0000] {taskinstance.py:1398} INFO - Marking task as SUCCESS. dag_id=data_pipeline_api, task_id=fetch_data, execution_date=20240914T003000, start_date=20240915T011445, end_date=20240915T011456
[2024-09-15T01:14:56.394+0000] {local_task_job_runner.py:228} INFO - Task exited with return code 0
[2024-09-15T01:14:56.416+0000] {taskinstance.py:2776} INFO - 0 downstream tasks scheduled from follow-on schedule check
