[2024-09-15T01:14:45.332+0000] {taskinstance.py:1157} INFO - Dependencies all met for dep_context=non-requeueable deps ti=<TaskInstance: data_pipeline_api.analyze_data scheduled__2024-09-14T00:30:00+00:00 [queued]>
[2024-09-15T01:14:45.336+0000] {taskinstance.py:1157} INFO - Dependencies all met for dep_context=requeueable deps ti=<TaskInstance: data_pipeline_api.analyze_data scheduled__2024-09-14T00:30:00+00:00 [queued]>
[2024-09-15T01:14:45.337+0000] {taskinstance.py:1359} INFO - Starting attempt 1 of 2
[2024-09-15T01:14:45.345+0000] {taskinstance.py:1380} INFO - Executing <Task(BashOperator): analyze_data> on 2024-09-14 00:30:00+00:00
[2024-09-15T01:14:45.365+0000] {standard_task_runner.py:57} INFO - Started process 263 to run task
[2024-09-15T01:14:45.373+0000] {standard_task_runner.py:84} INFO - Running: ['***', 'tasks', 'run', 'data_pipeline_api', 'analyze_data', 'scheduled__2024-09-14T00:30:00+00:00', '--job-id', '4', '--raw', '--subdir', 'DAGS_FOLDER/spark-jobs.py', '--cfg-path', '/tmp/tmplz4nv6z_']
[2024-09-15T01:14:45.393+0000] {standard_task_runner.py:85} INFO - Job 4: Subtask analyze_data
[2024-09-15T01:14:45.824+0000] {task_command.py:415} INFO - Running <TaskInstance: data_pipeline_api.analyze_data scheduled__2024-09-14T00:30:00+00:00 [running]> on host 595e69e30fc0
[2024-09-15T01:14:46.083+0000] {taskinstance.py:1660} INFO - Exporting env vars: AIRFLOW_CTX_DAG_OWNER='***' AIRFLOW_CTX_DAG_ID='data_pipeline_api' AIRFLOW_CTX_TASK_ID='analyze_data' AIRFLOW_CTX_EXECUTION_DATE='2024-09-14T00:30:00+00:00' AIRFLOW_CTX_TRY_NUMBER='1' AIRFLOW_CTX_DAG_RUN_ID='scheduled__2024-09-14T00:30:00+00:00'
[2024-09-15T01:14:46.084+0000] {subprocess.py:63} INFO - Tmp dir root location: /tmp
[2024-09-15T01:14:46.085+0000] {subprocess.py:75} INFO - Running command: ['/bin/bash', '-c', 'bash /opt/***/jobs/spark-submit.sh /opt/***/jobs/analyze_data.py ']
[2024-09-15T01:14:46.098+0000] {subprocess.py:86} INFO - Output:
[2024-09-15T01:14:46.118+0000] {subprocess.py:93} INFO - /opt/***/jobs/analyze_data.py
[2024-09-15T01:14:46.361+0000] {subprocess.py:93} INFO - /home/***/.local/lib/python3.11/site-packages/pyspark/bin/load-spark-env.sh: line 68: ps: command not found
[2024-09-15T01:14:53.259+0000] {subprocess.py:93} INFO - 24/09/15 01:14:53 WARN NativeCodeLoader: Unable to load native-hadoop library for your platform... using builtin-java classes where applicable
[2024-09-15T01:14:55.334+0000] {subprocess.py:93} INFO - 24/09/15 01:14:55 INFO SparkContext: Running Spark version 3.5.1
[2024-09-15T01:14:55.336+0000] {subprocess.py:93} INFO - 24/09/15 01:14:55 INFO SparkContext: OS info Linux, 6.6.32-linuxkit, aarch64
[2024-09-15T01:14:55.337+0000] {subprocess.py:93} INFO - 24/09/15 01:14:55 INFO SparkContext: Java version 11.0.23
[2024-09-15T01:14:55.402+0000] {subprocess.py:93} INFO - 24/09/15 01:14:55 INFO ResourceUtils: ==============================================================
[2024-09-15T01:14:55.403+0000] {subprocess.py:93} INFO - 24/09/15 01:14:55 INFO ResourceUtils: No custom resources configured for spark.driver.
[2024-09-15T01:14:55.404+0000] {subprocess.py:93} INFO - 24/09/15 01:14:55 INFO ResourceUtils: ==============================================================
[2024-09-15T01:14:55.404+0000] {subprocess.py:93} INFO - 24/09/15 01:14:55 INFO SparkContext: Submitted application: FinanceDataAnalysis
[2024-09-15T01:14:55.459+0000] {subprocess.py:93} INFO - 24/09/15 01:14:55 INFO ResourceProfile: Default ResourceProfile created, executor resources: Map(cores -> name: cores, amount: 1, script: , vendor: , memory -> name: memory, amount: 1024, script: , vendor: , offHeap -> name: offHeap, amount: 1024, script: , vendor: ), task resources: Map(cpus -> name: cpus, amount: 1.0)
[2024-09-15T01:14:55.515+0000] {subprocess.py:93} INFO - 24/09/15 01:14:55 INFO ResourceProfile: Limiting resource is cpus at 1 tasks per executor
[2024-09-15T01:14:55.517+0000] {subprocess.py:93} INFO - 24/09/15 01:14:55 INFO ResourceProfileManager: Added ResourceProfile id: 0
[2024-09-15T01:14:55.627+0000] {subprocess.py:93} INFO - 24/09/15 01:14:55 INFO SecurityManager: Changing view acls to: ***
[2024-09-15T01:14:55.628+0000] {subprocess.py:93} INFO - 24/09/15 01:14:55 INFO SecurityManager: Changing modify acls to: ***
[2024-09-15T01:14:55.628+0000] {subprocess.py:93} INFO - 24/09/15 01:14:55 INFO SecurityManager: Changing view acls groups to:
[2024-09-15T01:14:55.628+0000] {subprocess.py:93} INFO - 24/09/15 01:14:55 INFO SecurityManager: Changing modify acls groups to:
[2024-09-15T01:14:55.628+0000] {subprocess.py:93} INFO - 24/09/15 01:14:55 INFO SecurityManager: SecurityManager: authentication disabled; ui acls disabled; users with view permissions: ***; groups with view permissions: EMPTY; users with modify permissions: ***; groups with modify permissions: EMPTY
[2024-09-15T01:14:56.052+0000] {subprocess.py:93} INFO - 24/09/15 01:14:56 INFO Utils: Successfully started service 'sparkDriver' on port 34953.
[2024-09-15T01:14:56.103+0000] {subprocess.py:93} INFO - 24/09/15 01:14:56 INFO SparkEnv: Registering MapOutputTracker
[2024-09-15T01:14:56.171+0000] {subprocess.py:93} INFO - 24/09/15 01:14:56 INFO SparkEnv: Registering BlockManagerMaster
[2024-09-15T01:14:56.219+0000] {subprocess.py:93} INFO - 24/09/15 01:14:56 INFO BlockManagerMasterEndpoint: Using org.apache.spark.storage.DefaultTopologyMapper for getting topology information
[2024-09-15T01:14:56.221+0000] {subprocess.py:93} INFO - 24/09/15 01:14:56 INFO BlockManagerMasterEndpoint: BlockManagerMasterEndpoint up
[2024-09-15T01:14:56.231+0000] {subprocess.py:93} INFO - 24/09/15 01:14:56 INFO SparkEnv: Registering BlockManagerMasterHeartbeat
[2024-09-15T01:14:56.291+0000] {subprocess.py:93} INFO - 24/09/15 01:14:56 INFO DiskBlockManager: Created local directory at /tmp/blockmgr-5eba8dc1-2a71-4986-9db5-1859a501e0af
[2024-09-15T01:14:56.316+0000] {subprocess.py:93} INFO - 24/09/15 01:14:56 INFO MemoryStore: MemoryStore started with capacity 1458.4 MiB
[2024-09-15T01:14:56.330+0000] {subprocess.py:93} INFO - 24/09/15 01:14:56 INFO SparkEnv: Registering OutputCommitCoordinator
[2024-09-15T01:14:56.481+0000] {subprocess.py:93} INFO - 24/09/15 01:14:56 INFO JettyUtils: Start Jetty 0.0.0.0:4040 for SparkUI
[2024-09-15T01:14:56.565+0000] {subprocess.py:93} INFO - 24/09/15 01:14:56 INFO Utils: Successfully started service 'SparkUI' on port 4040.
[2024-09-15T01:14:56.607+0000] {subprocess.py:93} INFO - 24/09/15 01:14:56 INFO SparkContext: Added JAR file:///opt/bitnami/spark/resources/elasticsearch-spark-30_2.12-8.4.3.jar at spark://595e69e30fc0:34953/jars/elasticsearch-spark-30_2.12-8.4.3.jar with timestamp 1726362895325
[2024-09-15T01:14:56.758+0000] {subprocess.py:93} INFO - 24/09/15 01:14:56 INFO StandaloneAppClient$ClientEndpoint: Connecting to master spark://spark-master:7077...
[2024-09-15T01:14:56.815+0000] {subprocess.py:93} INFO - 24/09/15 01:14:56 INFO TransportClientFactory: Successfully created connection to spark-master/172.18.0.3:7077 after 28 ms (0 ms spent in bootstraps)
[2024-09-15T01:14:57.630+0000] {subprocess.py:93} INFO - 24/09/15 01:14:57 INFO StandaloneSchedulerBackend: Connected to Spark cluster with app ID app-20240915011457-0001
[2024-09-15T01:14:57.654+0000] {subprocess.py:93} INFO - 24/09/15 01:14:57 INFO Utils: Successfully started service 'org.apache.spark.network.netty.NettyBlockTransferService' on port 42009.
[2024-09-15T01:14:57.655+0000] {subprocess.py:93} INFO - 24/09/15 01:14:57 INFO NettyBlockTransferService: Server created on 595e69e30fc0:42009
[2024-09-15T01:14:57.656+0000] {subprocess.py:93} INFO - 24/09/15 01:14:57 INFO BlockManager: Using org.apache.spark.storage.RandomBlockReplicationPolicy for block replication policy
[2024-09-15T01:14:57.677+0000] {subprocess.py:93} INFO - 24/09/15 01:14:57 INFO BlockManagerMaster: Registering BlockManager BlockManagerId(driver, 595e69e30fc0, 42009, None)
[2024-09-15T01:14:57.685+0000] {subprocess.py:93} INFO - 24/09/15 01:14:57 INFO BlockManagerMasterEndpoint: Registering block manager 595e69e30fc0:42009 with 1458.4 MiB RAM, BlockManagerId(driver, 595e69e30fc0, 42009, None)
[2024-09-15T01:14:57.693+0000] {subprocess.py:93} INFO - 24/09/15 01:14:57 INFO BlockManagerMaster: Registered BlockManager BlockManagerId(driver, 595e69e30fc0, 42009, None)
[2024-09-15T01:14:57.697+0000] {subprocess.py:93} INFO - 24/09/15 01:14:57 INFO BlockManager: Initialized BlockManager: BlockManagerId(driver, 595e69e30fc0, 42009, None)
[2024-09-15T01:14:58.168+0000] {subprocess.py:93} INFO - 24/09/15 01:14:58 INFO StandaloneSchedulerBackend: SchedulerBackend is ready for scheduling beginning after reached minRegisteredResourcesRatio: 0.0
[2024-09-15T01:14:58.501+0000] {subprocess.py:93} INFO - 24/09/15 01:14:58 INFO SharedState: Setting hive.metastore.warehouse.dir ('null') to the value of spark.sql.warehouse.dir.
[2024-09-15T01:14:58.503+0000] {subprocess.py:93} INFO - 24/09/15 01:14:58 INFO SharedState: Warehouse path is 'file:/tmp/***tmp8i7rw51m/spark-warehouse'.
[2024-09-15T01:14:59.899+0000] {subprocess.py:93} INFO - 24/09/15 01:14:59 INFO Version: Elasticsearch Hadoop v8.4.3 [a7873eb469]
[2024-09-15T01:15:01.096+0000] {subprocess.py:93} INFO - Traceback (most recent call last):
[2024-09-15T01:15:01.102+0000] {subprocess.py:93} INFO -   File "/opt/***/jobs/analyze_data.py", line 46, in <module>
[2024-09-15T01:15:01.105+0000] {subprocess.py:93} INFO -     market_trends = load_data_from_elasticsearch(spark, "market_trends")
[2024-09-15T01:15:01.105+0000] {subprocess.py:93} INFO -                     ^^^^^^^^^^^^^^^^^^^^^^^^^^^^^^^^^^^^^^^^^^^^^^^^^^^^
[2024-09-15T01:15:01.106+0000] {subprocess.py:93} INFO -   File "/opt/***/jobs/analyze_data.py", line 13, in load_data_from_elasticsearch
[2024-09-15T01:15:01.106+0000] {subprocess.py:93} INFO -     return spark.read.format("org.elasticsearch.spark.sql").options(**es_read_conf).load()
[2024-09-15T01:15:01.106+0000] {subprocess.py:93} INFO -            ^^^^^^^^^^^^^^^^^^^^^^^^^^^^^^^^^^^^^^^^^^^^^^^^^^^^^^^^^^^^^^^^^^^^^^^^^^^^^^^
[2024-09-15T01:15:01.107+0000] {subprocess.py:93} INFO -   File "/home/***/.local/lib/python3.11/site-packages/pyspark/python/lib/pyspark.zip/pyspark/sql/readwriter.py", line 314, in load
[2024-09-15T01:15:01.109+0000] {subprocess.py:93} INFO -   File "/home/***/.local/lib/python3.11/site-packages/pyspark/python/lib/py4j-0.10.9.7-src.zip/py4j/java_gateway.py", line 1322, in __call__
[2024-09-15T01:15:01.113+0000] {subprocess.py:93} INFO -   File "/home/***/.local/lib/python3.11/site-packages/pyspark/python/lib/pyspark.zip/pyspark/errors/exceptions/captured.py", line 179, in deco
[2024-09-15T01:15:01.115+0000] {subprocess.py:93} INFO -   File "/home/***/.local/lib/python3.11/site-packages/pyspark/python/lib/py4j-0.10.9.7-src.zip/py4j/protocol.py", line 326, in get_return_value
[2024-09-15T01:15:01.122+0000] {subprocess.py:93} INFO - py4j.protocol.Py4JJavaError: An error occurred while calling o38.load.
[2024-09-15T01:15:01.122+0000] {subprocess.py:93} INFO - : org.elasticsearch.hadoop.EsHadoopIllegalArgumentException: Cannot find mapping for market_trends - one is required before using Spark SQL
[2024-09-15T01:15:01.123+0000] {subprocess.py:93} INFO - 	at org.elasticsearch.spark.sql.SchemaUtils$.discoverMappingAndGeoFields(SchemaUtils.scala:122)
[2024-09-15T01:15:01.123+0000] {subprocess.py:93} INFO - 	at org.elasticsearch.spark.sql.SchemaUtils$.discoverMapping(SchemaUtils.scala:93)
[2024-09-15T01:15:01.124+0000] {subprocess.py:93} INFO - 	at org.elasticsearch.spark.sql.ElasticsearchRelation.lazySchema$lzycompute(DefaultSource.scala:238)
[2024-09-15T01:15:01.124+0000] {subprocess.py:93} INFO - 	at org.elasticsearch.spark.sql.ElasticsearchRelation.lazySchema(DefaultSource.scala:238)
[2024-09-15T01:15:01.125+0000] {subprocess.py:93} INFO - 	at org.elasticsearch.spark.sql.ElasticsearchRelation.$anonfun$schema$1(DefaultSource.scala:242)
[2024-09-15T01:15:01.125+0000] {subprocess.py:93} INFO - 	at scala.Option.getOrElse(Option.scala:189)
[2024-09-15T01:15:01.125+0000] {subprocess.py:93} INFO - 	at org.elasticsearch.spark.sql.ElasticsearchRelation.schema(DefaultSource.scala:242)
[2024-09-15T01:15:01.125+0000] {subprocess.py:93} INFO - 	at org.apache.spark.sql.execution.datasources.DataSource.resolveRelation(DataSource.scala:434)
[2024-09-15T01:15:01.126+0000] {subprocess.py:93} INFO - 	at org.apache.spark.sql.DataFrameReader.loadV1Source(DataFrameReader.scala:229)
[2024-09-15T01:15:01.126+0000] {subprocess.py:93} INFO - 	at org.apache.spark.sql.DataFrameReader.$anonfun$load$2(DataFrameReader.scala:211)
[2024-09-15T01:15:01.126+0000] {subprocess.py:93} INFO - 	at scala.Option.getOrElse(Option.scala:189)
[2024-09-15T01:15:01.127+0000] {subprocess.py:93} INFO - 	at org.apache.spark.sql.DataFrameReader.load(DataFrameReader.scala:211)
[2024-09-15T01:15:01.128+0000] {subprocess.py:93} INFO - 	at org.apache.spark.sql.DataFrameReader.load(DataFrameReader.scala:172)
[2024-09-15T01:15:01.129+0000] {subprocess.py:93} INFO - 	at java.base/jdk.internal.reflect.NativeMethodAccessorImpl.invoke0(Native Method)
[2024-09-15T01:15:01.130+0000] {subprocess.py:93} INFO - 	at java.base/jdk.internal.reflect.NativeMethodAccessorImpl.invoke(NativeMethodAccessorImpl.java:62)
[2024-09-15T01:15:01.131+0000] {subprocess.py:93} INFO - 	at java.base/jdk.internal.reflect.DelegatingMethodAccessorImpl.invoke(DelegatingMethodAccessorImpl.java:43)
[2024-09-15T01:15:01.131+0000] {subprocess.py:93} INFO - 	at java.base/java.lang.reflect.Method.invoke(Method.java:566)
[2024-09-15T01:15:01.131+0000] {subprocess.py:93} INFO - 	at py4j.reflection.MethodInvoker.invoke(MethodInvoker.java:244)
[2024-09-15T01:15:01.131+0000] {subprocess.py:93} INFO - 	at py4j.reflection.ReflectionEngine.invoke(ReflectionEngine.java:374)
[2024-09-15T01:15:01.131+0000] {subprocess.py:93} INFO - 	at py4j.Gateway.invoke(Gateway.java:282)
[2024-09-15T01:15:01.132+0000] {subprocess.py:93} INFO - 	at py4j.commands.AbstractCommand.invokeMethod(AbstractCommand.java:132)
[2024-09-15T01:15:01.132+0000] {subprocess.py:93} INFO - 	at py4j.commands.CallCommand.execute(CallCommand.java:79)
[2024-09-15T01:15:01.133+0000] {subprocess.py:93} INFO - 	at py4j.ClientServerConnection.waitForCommands(ClientServerConnection.java:182)
[2024-09-15T01:15:01.133+0000] {subprocess.py:93} INFO - 	at py4j.ClientServerConnection.run(ClientServerConnection.java:106)
[2024-09-15T01:15:01.134+0000] {subprocess.py:93} INFO - 	at java.base/java.lang.Thread.run(Thread.java:829)
[2024-09-15T01:15:01.135+0000] {subprocess.py:93} INFO - 
[2024-09-15T01:15:01.236+0000] {subprocess.py:93} INFO - 24/09/15 01:15:01 INFO SparkContext: Invoking stop() from shutdown hook
[2024-09-15T01:15:01.236+0000] {subprocess.py:93} INFO - 24/09/15 01:15:01 INFO SparkContext: SparkContext is stopping with exitCode 0.
[2024-09-15T01:15:01.271+0000] {subprocess.py:93} INFO - 24/09/15 01:15:01 INFO SparkUI: Stopped Spark web UI at http://595e69e30fc0:4040
[2024-09-15T01:15:01.281+0000] {subprocess.py:93} INFO - 24/09/15 01:15:01 INFO StandaloneSchedulerBackend: Shutting down all executors
[2024-09-15T01:15:01.288+0000] {subprocess.py:93} INFO - 24/09/15 01:15:01 INFO StandaloneSchedulerBackend$StandaloneDriverEndpoint: Asking each executor to shut down
[2024-09-15T01:15:01.343+0000] {subprocess.py:93} INFO - 24/09/15 01:15:01 INFO MapOutputTrackerMasterEndpoint: MapOutputTrackerMasterEndpoint stopped!
[2024-09-15T01:15:01.417+0000] {subprocess.py:93} INFO - 24/09/15 01:15:01 INFO MemoryStore: MemoryStore cleared
[2024-09-15T01:15:01.418+0000] {subprocess.py:93} INFO - 24/09/15 01:15:01 INFO BlockManager: BlockManager stopped
[2024-09-15T01:15:01.437+0000] {subprocess.py:93} INFO - 24/09/15 01:15:01 INFO BlockManagerMaster: BlockManagerMaster stopped
[2024-09-15T01:15:01.446+0000] {subprocess.py:93} INFO - 24/09/15 01:15:01 INFO OutputCommitCoordinator$OutputCommitCoordinatorEndpoint: OutputCommitCoordinator stopped!
[2024-09-15T01:15:01.564+0000] {subprocess.py:93} INFO - 24/09/15 01:15:01 INFO SparkContext: Successfully stopped SparkContext
[2024-09-15T01:15:01.565+0000] {subprocess.py:93} INFO - 24/09/15 01:15:01 INFO ShutdownHookManager: Shutdown hook called
[2024-09-15T01:15:01.565+0000] {subprocess.py:93} INFO - 24/09/15 01:15:01 INFO ShutdownHookManager: Deleting directory /tmp/spark-785f743f-9ee8-49d3-be51-5326cb190c53
[2024-09-15T01:15:01.592+0000] {subprocess.py:93} INFO - 24/09/15 01:15:01 INFO ShutdownHookManager: Deleting directory /tmp/spark-9174ae92-f06a-4ed3-aefe-927a331c0367
[2024-09-15T01:15:01.606+0000] {subprocess.py:93} INFO - 24/09/15 01:15:01 INFO ShutdownHookManager: Deleting directory /tmp/spark-9174ae92-f06a-4ed3-aefe-927a331c0367/pyspark-57d4e004-7c00-4790-8b5b-a6774cf317a4
[2024-09-15T01:15:01.787+0000] {subprocess.py:97} INFO - Command exited with return code 1
[2024-09-15T01:15:02.008+0000] {taskinstance.py:1935} ERROR - Task failed with exception
Traceback (most recent call last):
  File "/home/airflow/.local/lib/python3.11/site-packages/airflow/operators/bash.py", line 210, in execute
    raise AirflowException(
airflow.exceptions.AirflowException: Bash command failed. The command returned a non-zero exit code 1.
[2024-09-15T01:15:02.072+0000] {taskinstance.py:1398} INFO - Marking task as UP_FOR_RETRY. dag_id=data_pipeline_api, task_id=analyze_data, execution_date=20240914T003000, start_date=20240915T011445, end_date=20240915T011502
[2024-09-15T01:15:02.120+0000] {standard_task_runner.py:104} ERROR - Failed to execute job 4 for task analyze_data (Bash command failed. The command returned a non-zero exit code 1.; 263)
[2024-09-15T01:15:02.171+0000] {local_task_job_runner.py:228} INFO - Task exited with return code 1
[2024-09-15T01:15:02.256+0000] {taskinstance.py:2776} INFO - 0 downstream tasks scheduled from follow-on schedule check
