[2024-08-19T03:01:22.572+0000] {taskinstance.py:1157} INFO - Dependencies all met for dep_context=non-requeueable deps ti=<TaskInstance: data_pipeline_api.analyze_data scheduled__2024-08-18T00:30:00+00:00 [queued]>
[2024-08-19T03:01:22.575+0000] {taskinstance.py:1157} INFO - Dependencies all met for dep_context=requeueable deps ti=<TaskInstance: data_pipeline_api.analyze_data scheduled__2024-08-18T00:30:00+00:00 [queued]>
[2024-08-19T03:01:22.576+0000] {taskinstance.py:1359} INFO - Starting attempt 2 of 2
[2024-08-19T03:01:22.581+0000] {taskinstance.py:1380} INFO - Executing <Task(BashOperator): analyze_data> on 2024-08-18 00:30:00+00:00
[2024-08-19T03:01:22.584+0000] {standard_task_runner.py:57} INFO - Started process 69262 to run task
[2024-08-19T03:01:22.586+0000] {standard_task_runner.py:84} INFO - Running: ['***', 'tasks', 'run', 'data_pipeline_api', 'analyze_data', 'scheduled__2024-08-18T00:30:00+00:00', '--job-id', '68', '--raw', '--subdir', 'DAGS_FOLDER/spark-jobs.py', '--cfg-path', '/tmp/tmpdiimcnov']
[2024-08-19T03:01:22.587+0000] {standard_task_runner.py:85} INFO - Job 68: Subtask analyze_data
[2024-08-19T03:01:22.608+0000] {task_command.py:415} INFO - Running <TaskInstance: data_pipeline_api.analyze_data scheduled__2024-08-18T00:30:00+00:00 [running]> on host 27ef58cc88fc
[2024-08-19T03:01:22.636+0000] {taskinstance.py:1660} INFO - Exporting env vars: AIRFLOW_CTX_DAG_OWNER='***' AIRFLOW_CTX_DAG_ID='data_pipeline_api' AIRFLOW_CTX_TASK_ID='analyze_data' AIRFLOW_CTX_EXECUTION_DATE='2024-08-18T00:30:00+00:00' AIRFLOW_CTX_TRY_NUMBER='2' AIRFLOW_CTX_DAG_RUN_ID='scheduled__2024-08-18T00:30:00+00:00'
[2024-08-19T03:01:22.637+0000] {subprocess.py:63} INFO - Tmp dir root location: /tmp
[2024-08-19T03:01:22.637+0000] {subprocess.py:75} INFO - Running command: ['/bin/bash', '-c', 'bash /opt/***/jobs/spark-submit.sh /opt/***/jobs/analyze_data.py ']
[2024-08-19T03:01:22.640+0000] {subprocess.py:86} INFO - Output:
[2024-08-19T03:01:22.643+0000] {subprocess.py:93} INFO - /opt/***/jobs/analyze_data.py
[2024-08-19T03:01:22.688+0000] {subprocess.py:93} INFO - /home/***/.local/lib/python3.11/site-packages/pyspark/bin/load-spark-env.sh: line 68: ps: command not found
[2024-08-19T03:01:24.023+0000] {subprocess.py:93} INFO - 24/08/19 03:01:24 WARN NativeCodeLoader: Unable to load native-hadoop library for your platform... using builtin-java classes where applicable
[2024-08-19T03:01:24.590+0000] {subprocess.py:93} INFO - 24/08/19 03:01:24 INFO SparkContext: Running Spark version 3.5.1
[2024-08-19T03:01:24.592+0000] {subprocess.py:93} INFO - 24/08/19 03:01:24 INFO SparkContext: OS info Linux, 6.6.32-linuxkit, aarch64
[2024-08-19T03:01:24.592+0000] {subprocess.py:93} INFO - 24/08/19 03:01:24 INFO SparkContext: Java version 11.0.23
[2024-08-19T03:01:24.603+0000] {subprocess.py:93} INFO - 24/08/19 03:01:24 INFO ResourceUtils: ==============================================================
[2024-08-19T03:01:24.603+0000] {subprocess.py:93} INFO - 24/08/19 03:01:24 INFO ResourceUtils: No custom resources configured for spark.driver.
[2024-08-19T03:01:24.603+0000] {subprocess.py:93} INFO - 24/08/19 03:01:24 INFO ResourceUtils: ==============================================================
[2024-08-19T03:01:24.603+0000] {subprocess.py:93} INFO - 24/08/19 03:01:24 INFO SparkContext: Submitted application: FinanceDataAnalysis
[2024-08-19T03:01:24.613+0000] {subprocess.py:93} INFO - 24/08/19 03:01:24 INFO ResourceProfile: Default ResourceProfile created, executor resources: Map(cores -> name: cores, amount: 1, script: , vendor: , memory -> name: memory, amount: 1024, script: , vendor: , offHeap -> name: offHeap, amount: 1024, script: , vendor: ), task resources: Map(cpus -> name: cpus, amount: 1.0)
[2024-08-19T03:01:24.618+0000] {subprocess.py:93} INFO - 24/08/19 03:01:24 INFO ResourceProfile: Limiting resource is cpus at 1 tasks per executor
[2024-08-19T03:01:24.619+0000] {subprocess.py:93} INFO - 24/08/19 03:01:24 INFO ResourceProfileManager: Added ResourceProfile id: 0
[2024-08-19T03:01:24.653+0000] {subprocess.py:93} INFO - 24/08/19 03:01:24 INFO SecurityManager: Changing view acls to: ***
[2024-08-19T03:01:24.654+0000] {subprocess.py:93} INFO - 24/08/19 03:01:24 INFO SecurityManager: Changing modify acls to: ***
[2024-08-19T03:01:24.654+0000] {subprocess.py:93} INFO - 24/08/19 03:01:24 INFO SecurityManager: Changing view acls groups to:
[2024-08-19T03:01:24.654+0000] {subprocess.py:93} INFO - 24/08/19 03:01:24 INFO SecurityManager: Changing modify acls groups to:
[2024-08-19T03:01:24.654+0000] {subprocess.py:93} INFO - 24/08/19 03:01:24 INFO SecurityManager: SecurityManager: authentication disabled; ui acls disabled; users with view permissions: ***; groups with view permissions: EMPTY; users with modify permissions: ***; groups with modify permissions: EMPTY
[2024-08-19T03:01:24.745+0000] {subprocess.py:93} INFO - 24/08/19 03:01:24 INFO Utils: Successfully started service 'sparkDriver' on port 34579.
[2024-08-19T03:01:24.757+0000] {subprocess.py:93} INFO - 24/08/19 03:01:24 INFO SparkEnv: Registering MapOutputTracker
[2024-08-19T03:01:24.772+0000] {subprocess.py:93} INFO - 24/08/19 03:01:24 INFO SparkEnv: Registering BlockManagerMaster
[2024-08-19T03:01:24.781+0000] {subprocess.py:93} INFO - 24/08/19 03:01:24 INFO BlockManagerMasterEndpoint: Using org.apache.spark.storage.DefaultTopologyMapper for getting topology information
[2024-08-19T03:01:24.782+0000] {subprocess.py:93} INFO - 24/08/19 03:01:24 INFO BlockManagerMasterEndpoint: BlockManagerMasterEndpoint up
[2024-08-19T03:01:24.783+0000] {subprocess.py:93} INFO - 24/08/19 03:01:24 INFO SparkEnv: Registering BlockManagerMasterHeartbeat
[2024-08-19T03:01:24.794+0000] {subprocess.py:93} INFO - 24/08/19 03:01:24 INFO DiskBlockManager: Created local directory at /tmp/blockmgr-1c11bc7f-8a3c-490e-82a5-7abf90cff478
[2024-08-19T03:01:24.801+0000] {subprocess.py:93} INFO - 24/08/19 03:01:24 INFO MemoryStore: MemoryStore started with capacity 1458.4 MiB
[2024-08-19T03:01:24.810+0000] {subprocess.py:93} INFO - 24/08/19 03:01:24 INFO SparkEnv: Registering OutputCommitCoordinator
[2024-08-19T03:01:24.871+0000] {subprocess.py:93} INFO - 24/08/19 03:01:24 INFO JettyUtils: Start Jetty 0.0.0.0:4040 for SparkUI
[2024-08-19T03:01:24.894+0000] {subprocess.py:93} INFO - 24/08/19 03:01:24 INFO Utils: Successfully started service 'SparkUI' on port 4040.
[2024-08-19T03:01:24.909+0000] {subprocess.py:93} INFO - 24/08/19 03:01:24 INFO SparkContext: Added JAR file:///opt/bitnami/spark/resources/elasticsearch-spark-30_2.12-8.4.3.jar at spark://27ef58cc88fc:34579/jars/elasticsearch-spark-30_2.12-8.4.3.jar with timestamp 1724036484585
[2024-08-19T03:01:24.945+0000] {subprocess.py:93} INFO - 24/08/19 03:01:24 INFO StandaloneAppClient$ClientEndpoint: Connecting to master spark://spark-master:7077...
[2024-08-19T03:01:24.966+0000] {subprocess.py:93} INFO - 24/08/19 03:01:24 INFO TransportClientFactory: Successfully created connection to spark-master/172.18.0.4:7077 after 11 ms (0 ms spent in bootstraps)
[2024-08-19T03:01:25.016+0000] {subprocess.py:93} INFO - 24/08/19 03:01:25 INFO StandaloneSchedulerBackend: Connected to Spark cluster with app ID app-20240819030125-0048
[2024-08-19T03:01:25.017+0000] {subprocess.py:93} INFO - 24/08/19 03:01:25 INFO StandaloneAppClient$ClientEndpoint: Executor added: app-20240819030125-0048/0 on worker-20240809124721-172.18.0.7-36933 (172.18.0.7:36933) with 1 core(s)
[2024-08-19T03:01:25.018+0000] {subprocess.py:93} INFO - 24/08/19 03:01:25 INFO StandaloneSchedulerBackend: Granted executor ID app-20240819030125-0048/0 on hostPort 172.18.0.7:36933 with 1 core(s), 1024.0 MiB RAM
[2024-08-19T03:01:25.019+0000] {subprocess.py:93} INFO - 24/08/19 03:01:25 INFO StandaloneAppClient$ClientEndpoint: Executor added: app-20240819030125-0048/1 on worker-20240809124721-172.18.0.6-35359 (172.18.0.6:35359) with 1 core(s)
[2024-08-19T03:01:25.019+0000] {subprocess.py:93} INFO - 24/08/19 03:01:25 INFO StandaloneSchedulerBackend: Granted executor ID app-20240819030125-0048/1 on hostPort 172.18.0.6:35359 with 1 core(s), 1024.0 MiB RAM
[2024-08-19T03:01:25.026+0000] {subprocess.py:93} INFO - 24/08/19 03:01:25 INFO Utils: Successfully started service 'org.apache.spark.network.netty.NettyBlockTransferService' on port 45945.
[2024-08-19T03:01:25.027+0000] {subprocess.py:93} INFO - 24/08/19 03:01:25 INFO NettyBlockTransferService: Server created on 27ef58cc88fc:45945
[2024-08-19T03:01:25.027+0000] {subprocess.py:93} INFO - 24/08/19 03:01:25 INFO BlockManager: Using org.apache.spark.storage.RandomBlockReplicationPolicy for block replication policy
[2024-08-19T03:01:25.033+0000] {subprocess.py:93} INFO - 24/08/19 03:01:25 INFO BlockManagerMaster: Registering BlockManager BlockManagerId(driver, 27ef58cc88fc, 45945, None)
[2024-08-19T03:01:25.036+0000] {subprocess.py:93} INFO - 24/08/19 03:01:25 INFO BlockManagerMasterEndpoint: Registering block manager 27ef58cc88fc:45945 with 1458.4 MiB RAM, BlockManagerId(driver, 27ef58cc88fc, 45945, None)
[2024-08-19T03:01:25.037+0000] {subprocess.py:93} INFO - 24/08/19 03:01:25 INFO BlockManagerMaster: Registered BlockManager BlockManagerId(driver, 27ef58cc88fc, 45945, None)
[2024-08-19T03:01:25.040+0000] {subprocess.py:93} INFO - 24/08/19 03:01:25 INFO BlockManager: Initialized BlockManager: BlockManagerId(driver, 27ef58cc88fc, 45945, None)
[2024-08-19T03:01:25.063+0000] {subprocess.py:93} INFO - 24/08/19 03:01:25 INFO StandaloneAppClient$ClientEndpoint: Executor updated: app-20240819030125-0048/0 is now RUNNING
[2024-08-19T03:01:25.064+0000] {subprocess.py:93} INFO - 24/08/19 03:01:25 INFO StandaloneAppClient$ClientEndpoint: Executor updated: app-20240819030125-0048/1 is now RUNNING
[2024-08-19T03:01:25.181+0000] {subprocess.py:93} INFO - 24/08/19 03:01:25 INFO StandaloneSchedulerBackend: SchedulerBackend is ready for scheduling beginning after reached minRegisteredResourcesRatio: 0.0
[2024-08-19T03:01:25.318+0000] {subprocess.py:93} INFO - 24/08/19 03:01:25 INFO SharedState: Setting hive.metastore.warehouse.dir ('null') to the value of spark.sql.warehouse.dir.
[2024-08-19T03:01:25.320+0000] {subprocess.py:93} INFO - 24/08/19 03:01:25 INFO SharedState: Warehouse path is 'file:/tmp/***tmp89z1twva/spark-warehouse'.
[2024-08-19T03:01:25.865+0000] {subprocess.py:93} INFO - 24/08/19 03:01:25 INFO Version: Elasticsearch Hadoop v8.4.3 [a7873eb469]
[2024-08-19T03:01:26.641+0000] {subprocess.py:93} INFO - 24/08/19 03:01:26 INFO StandaloneSchedulerBackend$StandaloneDriverEndpoint: Registered executor NettyRpcEndpointRef(spark-client://Executor) (172.18.0.7:56004) with ID 0,  ResourceProfileId 0
[2024-08-19T03:01:26.648+0000] {subprocess.py:93} INFO - 24/08/19 03:01:26 INFO StandaloneSchedulerBackend$StandaloneDriverEndpoint: Registered executor NettyRpcEndpointRef(spark-client://Executor) (172.18.0.6:54482) with ID 1,  ResourceProfileId 0
[2024-08-19T03:01:26.684+0000] {subprocess.py:93} INFO - 24/08/19 03:01:26 INFO BlockManagerMasterEndpoint: Registering block manager 172.18.0.7:37197 with 1458.4 MiB RAM, BlockManagerId(0, 172.18.0.7, 37197, None)
[2024-08-19T03:01:26.685+0000] {subprocess.py:93} INFO - 24/08/19 03:01:26 INFO BlockManagerMasterEndpoint: Registering block manager 172.18.0.6:40943 with 1458.4 MiB RAM, BlockManagerId(1, 172.18.0.6, 40943, None)
[2024-08-19T03:01:27.120+0000] {subprocess.py:93} INFO - Traceback (most recent call last):
[2024-08-19T03:01:27.121+0000] {subprocess.py:93} INFO -   File "/opt/***/jobs/analyze_data.py", line 48, in <module>
[2024-08-19T03:01:27.121+0000] {subprocess.py:93} INFO -     save_analysis_result(top_gainers, "data/top_gainers.csv")
[2024-08-19T03:01:27.121+0000] {subprocess.py:93} INFO -   File "/opt/***/jobs/analyze_data.py", line 41, in save_analysis_result
[2024-08-19T03:01:27.122+0000] {subprocess.py:93} INFO -     df.coalesce(1).write.mode("overwrite").csv(file_path, header=True)
[2024-08-19T03:01:27.122+0000] {subprocess.py:93} INFO -   File "/home/***/.local/lib/python3.11/site-packages/pyspark/python/lib/pyspark.zip/pyspark/sql/readwriter.py", line 1864, in csv
[2024-08-19T03:01:27.122+0000] {subprocess.py:93} INFO -   File "/home/***/.local/lib/python3.11/site-packages/pyspark/python/lib/py4j-0.10.9.7-src.zip/py4j/java_gateway.py", line 1322, in __call__
[2024-08-19T03:01:27.123+0000] {subprocess.py:93} INFO -   File "/home/***/.local/lib/python3.11/site-packages/pyspark/python/lib/pyspark.zip/pyspark/errors/exceptions/captured.py", line 185, in deco
[2024-08-19T03:01:27.125+0000] {subprocess.py:93} INFO - pyspark.errors.exceptions.captured.AnalysisException: [UNSUPPORTED_DATA_TYPE_FOR_DATASOURCE] The CSV datasource doesn't support the column `_metadata` of the type "MAP<STRING, STRING>".
[2024-08-19T03:01:27.145+0000] {subprocess.py:93} INFO - 24/08/19 03:01:27 INFO SparkContext: Invoking stop() from shutdown hook
[2024-08-19T03:01:27.147+0000] {subprocess.py:93} INFO - 24/08/19 03:01:27 INFO SparkContext: SparkContext is stopping with exitCode 0.
[2024-08-19T03:01:27.150+0000] {subprocess.py:93} INFO - 24/08/19 03:01:27 INFO SparkUI: Stopped Spark web UI at http://27ef58cc88fc:4040
[2024-08-19T03:01:27.152+0000] {subprocess.py:93} INFO - 24/08/19 03:01:27 INFO StandaloneSchedulerBackend: Shutting down all executors
[2024-08-19T03:01:27.152+0000] {subprocess.py:93} INFO - 24/08/19 03:01:27 INFO StandaloneSchedulerBackend$StandaloneDriverEndpoint: Asking each executor to shut down
[2024-08-19T03:01:27.164+0000] {subprocess.py:93} INFO - 24/08/19 03:01:27 INFO MapOutputTrackerMasterEndpoint: MapOutputTrackerMasterEndpoint stopped!
[2024-08-19T03:01:27.177+0000] {subprocess.py:93} INFO - 24/08/19 03:01:27 INFO MemoryStore: MemoryStore cleared
[2024-08-19T03:01:27.177+0000] {subprocess.py:93} INFO - 24/08/19 03:01:27 INFO BlockManager: BlockManager stopped
[2024-08-19T03:01:27.180+0000] {subprocess.py:93} INFO - 24/08/19 03:01:27 INFO BlockManagerMaster: BlockManagerMaster stopped
[2024-08-19T03:01:27.181+0000] {subprocess.py:93} INFO - 24/08/19 03:01:27 INFO OutputCommitCoordinator$OutputCommitCoordinatorEndpoint: OutputCommitCoordinator stopped!
[2024-08-19T03:01:27.185+0000] {subprocess.py:93} INFO - 24/08/19 03:01:27 INFO SparkContext: Successfully stopped SparkContext
[2024-08-19T03:01:27.185+0000] {subprocess.py:93} INFO - 24/08/19 03:01:27 INFO ShutdownHookManager: Shutdown hook called
[2024-08-19T03:01:27.186+0000] {subprocess.py:93} INFO - 24/08/19 03:01:27 INFO ShutdownHookManager: Deleting directory /tmp/spark-8b9a404a-4940-4b47-97dc-f44257a1dbbb
[2024-08-19T03:01:27.187+0000] {subprocess.py:93} INFO - 24/08/19 03:01:27 INFO ShutdownHookManager: Deleting directory /tmp/spark-0a9912b4-4f8f-43b5-9646-580e91b7b840
[2024-08-19T03:01:27.190+0000] {subprocess.py:93} INFO - 24/08/19 03:01:27 INFO ShutdownHookManager: Deleting directory /tmp/spark-8b9a404a-4940-4b47-97dc-f44257a1dbbb/pyspark-1fec3cd4-1e57-4b16-a571-f74821b3f108
[2024-08-19T03:01:27.211+0000] {subprocess.py:97} INFO - Command exited with return code 1
[2024-08-19T03:01:27.236+0000] {taskinstance.py:1935} ERROR - Task failed with exception
Traceback (most recent call last):
  File "/home/airflow/.local/lib/python3.11/site-packages/airflow/operators/bash.py", line 210, in execute
    raise AirflowException(
airflow.exceptions.AirflowException: Bash command failed. The command returned a non-zero exit code 1.
[2024-08-19T03:01:27.244+0000] {taskinstance.py:1398} INFO - Marking task as FAILED. dag_id=data_pipeline_api, task_id=analyze_data, execution_date=20240818T003000, start_date=20240819T030122, end_date=20240819T030127
[2024-08-19T03:01:27.262+0000] {standard_task_runner.py:104} ERROR - Failed to execute job 68 for task analyze_data (Bash command failed. The command returned a non-zero exit code 1.; 69262)
[2024-08-19T03:01:27.273+0000] {local_task_job_runner.py:228} INFO - Task exited with return code 1
[2024-08-19T03:01:27.288+0000] {taskinstance.py:2776} INFO - 0 downstream tasks scheduled from follow-on schedule check
