[2024-08-19T01:05:51.257+0000] {taskinstance.py:1157} INFO - Dependencies all met for dep_context=non-requeueable deps ti=<TaskInstance: data_pipeline_api.analyze_data scheduled__2024-08-18T00:30:00+00:00 [queued]>
[2024-08-19T01:05:51.267+0000] {taskinstance.py:1157} INFO - Dependencies all met for dep_context=requeueable deps ti=<TaskInstance: data_pipeline_api.analyze_data scheduled__2024-08-18T00:30:00+00:00 [queued]>
[2024-08-19T01:05:51.268+0000] {taskinstance.py:1359} INFO - Starting attempt 1 of 2
[2024-08-19T01:05:51.286+0000] {taskinstance.py:1380} INFO - Executing <Task(BashOperator): analyze_data> on 2024-08-18 00:30:00+00:00
[2024-08-19T01:05:51.295+0000] {standard_task_runner.py:57} INFO - Started process 68628 to run task
[2024-08-19T01:05:51.299+0000] {standard_task_runner.py:84} INFO - Running: ['***', 'tasks', 'run', 'data_pipeline_api', 'analyze_data', 'scheduled__2024-08-18T00:30:00+00:00', '--job-id', '66', '--raw', '--subdir', 'DAGS_FOLDER/spark-jobs.py', '--cfg-path', '/tmp/tmpvv3spp02']
[2024-08-19T01:05:51.302+0000] {standard_task_runner.py:85} INFO - Job 66: Subtask analyze_data
[2024-08-19T01:05:51.432+0000] {task_command.py:415} INFO - Running <TaskInstance: data_pipeline_api.analyze_data scheduled__2024-08-18T00:30:00+00:00 [running]> on host 27ef58cc88fc
[2024-08-19T01:05:51.507+0000] {taskinstance.py:1660} INFO - Exporting env vars: AIRFLOW_CTX_DAG_OWNER='***' AIRFLOW_CTX_DAG_ID='data_pipeline_api' AIRFLOW_CTX_TASK_ID='analyze_data' AIRFLOW_CTX_EXECUTION_DATE='2024-08-18T00:30:00+00:00' AIRFLOW_CTX_TRY_NUMBER='1' AIRFLOW_CTX_DAG_RUN_ID='scheduled__2024-08-18T00:30:00+00:00'
[2024-08-19T01:05:51.509+0000] {subprocess.py:63} INFO - Tmp dir root location: /tmp
[2024-08-19T01:05:51.510+0000] {subprocess.py:75} INFO - Running command: ['/bin/bash', '-c', 'bash /opt/***/jobs/spark-submit.sh /opt/***/jobs/analyze_data.py ']
[2024-08-19T01:05:51.532+0000] {subprocess.py:86} INFO - Output:
[2024-08-19T01:05:51.545+0000] {subprocess.py:93} INFO - /opt/***/jobs/analyze_data.py
[2024-08-19T01:05:51.653+0000] {subprocess.py:93} INFO - /home/***/.local/lib/python3.11/site-packages/pyspark/bin/load-spark-env.sh: line 68: ps: command not found
[2024-08-19T01:05:55.788+0000] {subprocess.py:93} INFO - 24/08/19 01:05:55 WARN NativeCodeLoader: Unable to load native-hadoop library for your platform... using builtin-java classes where applicable
[2024-08-19T01:05:57.571+0000] {subprocess.py:93} INFO - 24/08/19 01:05:57 INFO SparkContext: Running Spark version 3.5.1
[2024-08-19T01:05:57.572+0000] {subprocess.py:93} INFO - 24/08/19 01:05:57 INFO SparkContext: OS info Linux, 6.6.32-linuxkit, aarch64
[2024-08-19T01:05:57.575+0000] {subprocess.py:93} INFO - 24/08/19 01:05:57 INFO SparkContext: Java version 11.0.23
[2024-08-19T01:05:57.632+0000] {subprocess.py:93} INFO - 24/08/19 01:05:57 INFO ResourceUtils: ==============================================================
[2024-08-19T01:05:57.634+0000] {subprocess.py:93} INFO - 24/08/19 01:05:57 INFO ResourceUtils: No custom resources configured for spark.driver.
[2024-08-19T01:05:57.634+0000] {subprocess.py:93} INFO - 24/08/19 01:05:57 INFO ResourceUtils: ==============================================================
[2024-08-19T01:05:57.635+0000] {subprocess.py:93} INFO - 24/08/19 01:05:57 INFO SparkContext: Submitted application: FinanceDataAnalysis
[2024-08-19T01:05:57.664+0000] {subprocess.py:93} INFO - 24/08/19 01:05:57 INFO ResourceProfile: Default ResourceProfile created, executor resources: Map(cores -> name: cores, amount: 1, script: , vendor: , memory -> name: memory, amount: 1024, script: , vendor: , offHeap -> name: offHeap, amount: 1024, script: , vendor: ), task resources: Map(cpus -> name: cpus, amount: 1.0)
[2024-08-19T01:05:57.679+0000] {subprocess.py:93} INFO - 24/08/19 01:05:57 INFO ResourceProfile: Limiting resource is cpus at 1 tasks per executor
[2024-08-19T01:05:57.681+0000] {subprocess.py:93} INFO - 24/08/19 01:05:57 INFO ResourceProfileManager: Added ResourceProfile id: 0
[2024-08-19T01:05:57.789+0000] {subprocess.py:93} INFO - 24/08/19 01:05:57 INFO SecurityManager: Changing view acls to: ***
[2024-08-19T01:05:57.792+0000] {subprocess.py:93} INFO - 24/08/19 01:05:57 INFO SecurityManager: Changing modify acls to: ***
[2024-08-19T01:05:57.793+0000] {subprocess.py:93} INFO - 24/08/19 01:05:57 INFO SecurityManager: Changing view acls groups to:
[2024-08-19T01:05:57.796+0000] {subprocess.py:93} INFO - 24/08/19 01:05:57 INFO SecurityManager: Changing modify acls groups to:
[2024-08-19T01:05:57.796+0000] {subprocess.py:93} INFO - 24/08/19 01:05:57 INFO SecurityManager: SecurityManager: authentication disabled; ui acls disabled; users with view permissions: ***; groups with view permissions: EMPTY; users with modify permissions: ***; groups with modify permissions: EMPTY
[2024-08-19T01:05:58.245+0000] {subprocess.py:93} INFO - 24/08/19 01:05:58 INFO Utils: Successfully started service 'sparkDriver' on port 33043.
[2024-08-19T01:05:58.406+0000] {subprocess.py:93} INFO - 24/08/19 01:05:58 INFO SparkEnv: Registering MapOutputTracker
[2024-08-19T01:05:58.462+0000] {subprocess.py:93} INFO - 24/08/19 01:05:58 INFO SparkEnv: Registering BlockManagerMaster
[2024-08-19T01:05:58.518+0000] {subprocess.py:93} INFO - 24/08/19 01:05:58 INFO BlockManagerMasterEndpoint: Using org.apache.spark.storage.DefaultTopologyMapper for getting topology information
[2024-08-19T01:05:58.522+0000] {subprocess.py:93} INFO - 24/08/19 01:05:58 INFO BlockManagerMasterEndpoint: BlockManagerMasterEndpoint up
[2024-08-19T01:05:58.528+0000] {subprocess.py:93} INFO - 24/08/19 01:05:58 INFO SparkEnv: Registering BlockManagerMasterHeartbeat
[2024-08-19T01:05:58.589+0000] {subprocess.py:93} INFO - 24/08/19 01:05:58 INFO DiskBlockManager: Created local directory at /tmp/blockmgr-ee63eb16-0956-49b7-b0d1-3d7ebc4707b7
[2024-08-19T01:05:58.617+0000] {subprocess.py:93} INFO - 24/08/19 01:05:58 INFO MemoryStore: MemoryStore started with capacity 1458.4 MiB
[2024-08-19T01:05:58.707+0000] {subprocess.py:93} INFO - 24/08/19 01:05:58 INFO SparkEnv: Registering OutputCommitCoordinator
[2024-08-19T01:05:58.901+0000] {subprocess.py:93} INFO - 24/08/19 01:05:58 INFO JettyUtils: Start Jetty 0.0.0.0:4040 for SparkUI
[2024-08-19T01:05:58.984+0000] {subprocess.py:93} INFO - 24/08/19 01:05:58 INFO Utils: Successfully started service 'SparkUI' on port 4040.
[2024-08-19T01:05:59.052+0000] {subprocess.py:93} INFO - 24/08/19 01:05:59 INFO SparkContext: Added JAR file:///opt/bitnami/spark/resources/elasticsearch-spark-30_2.12-8.4.3.jar at spark://27ef58cc88fc:33043/jars/elasticsearch-spark-30_2.12-8.4.3.jar with timestamp 1724029557546
[2024-08-19T01:05:59.205+0000] {subprocess.py:93} INFO - 24/08/19 01:05:59 INFO StandaloneAppClient$ClientEndpoint: Connecting to master spark://spark-master:7077...
[2024-08-19T01:05:59.290+0000] {subprocess.py:93} INFO - 24/08/19 01:05:59 INFO TransportClientFactory: Successfully created connection to spark-master/172.18.0.4:7077 after 45 ms (0 ms spent in bootstraps)
[2024-08-19T01:05:59.610+0000] {subprocess.py:93} INFO - 24/08/19 01:05:59 INFO StandaloneSchedulerBackend: Connected to Spark cluster with app ID app-20240819010559-0046
[2024-08-19T01:05:59.621+0000] {subprocess.py:93} INFO - 24/08/19 01:05:59 INFO Utils: Successfully started service 'org.apache.spark.network.netty.NettyBlockTransferService' on port 42935.
[2024-08-19T01:05:59.622+0000] {subprocess.py:93} INFO - 24/08/19 01:05:59 INFO NettyBlockTransferService: Server created on 27ef58cc88fc:42935
[2024-08-19T01:05:59.625+0000] {subprocess.py:93} INFO - 24/08/19 01:05:59 INFO BlockManager: Using org.apache.spark.storage.RandomBlockReplicationPolicy for block replication policy
[2024-08-19T01:05:59.630+0000] {subprocess.py:93} INFO - 24/08/19 01:05:59 INFO BlockManagerMaster: Registering BlockManager BlockManagerId(driver, 27ef58cc88fc, 42935, None)
[2024-08-19T01:05:59.634+0000] {subprocess.py:93} INFO - 24/08/19 01:05:59 INFO BlockManagerMasterEndpoint: Registering block manager 27ef58cc88fc:42935 with 1458.4 MiB RAM, BlockManagerId(driver, 27ef58cc88fc, 42935, None)
[2024-08-19T01:05:59.637+0000] {subprocess.py:93} INFO - 24/08/19 01:05:59 INFO BlockManagerMaster: Registered BlockManager BlockManagerId(driver, 27ef58cc88fc, 42935, None)
[2024-08-19T01:05:59.639+0000] {subprocess.py:93} INFO - 24/08/19 01:05:59 INFO BlockManager: Initialized BlockManager: BlockManagerId(driver, 27ef58cc88fc, 42935, None)
[2024-08-19T01:05:59.662+0000] {subprocess.py:93} INFO - 24/08/19 01:05:59 INFO StandaloneAppClient$ClientEndpoint: Executor added: app-20240819010559-0046/0 on worker-20240809124721-172.18.0.7-36933 (172.18.0.7:36933) with 1 core(s)
[2024-08-19T01:05:59.666+0000] {subprocess.py:93} INFO - 24/08/19 01:05:59 INFO StandaloneSchedulerBackend: Granted executor ID app-20240819010559-0046/0 on hostPort 172.18.0.7:36933 with 1 core(s), 1024.0 MiB RAM
[2024-08-19T01:05:59.667+0000] {subprocess.py:93} INFO - 24/08/19 01:05:59 INFO StandaloneAppClient$ClientEndpoint: Executor added: app-20240819010559-0046/1 on worker-20240809124721-172.18.0.6-35359 (172.18.0.6:35359) with 1 core(s)
[2024-08-19T01:05:59.667+0000] {subprocess.py:93} INFO - 24/08/19 01:05:59 INFO StandaloneSchedulerBackend: Granted executor ID app-20240819010559-0046/1 on hostPort 172.18.0.6:35359 with 1 core(s), 1024.0 MiB RAM
[2024-08-19T01:06:00.015+0000] {subprocess.py:93} INFO - 24/08/19 01:06:00 INFO StandaloneAppClient$ClientEndpoint: Executor updated: app-20240819010559-0046/0 is now RUNNING
[2024-08-19T01:06:00.022+0000] {subprocess.py:93} INFO - 24/08/19 01:06:00 INFO StandaloneAppClient$ClientEndpoint: Executor updated: app-20240819010559-0046/1 is now RUNNING
[2024-08-19T01:06:00.111+0000] {subprocess.py:93} INFO - 24/08/19 01:06:00 INFO StandaloneSchedulerBackend: SchedulerBackend is ready for scheduling beginning after reached minRegisteredResourcesRatio: 0.0
[2024-08-19T01:06:00.506+0000] {subprocess.py:93} INFO - 24/08/19 01:06:00 INFO SharedState: Setting hive.metastore.warehouse.dir ('null') to the value of spark.sql.warehouse.dir.
[2024-08-19T01:06:00.509+0000] {subprocess.py:93} INFO - 24/08/19 01:06:00 INFO SharedState: Warehouse path is 'file:/tmp/***tmp848fpblg/spark-warehouse'.
[2024-08-19T01:06:01.965+0000] {subprocess.py:93} INFO - 24/08/19 01:06:01 INFO Version: Elasticsearch Hadoop v8.4.3 [a7873eb469]
[2024-08-19T01:06:04.960+0000] {subprocess.py:93} INFO - 24/08/19 01:06:04 INFO StandaloneSchedulerBackend$StandaloneDriverEndpoint: Registered executor NettyRpcEndpointRef(spark-client://Executor) (172.18.0.6:55418) with ID 1,  ResourceProfileId 0
[2024-08-19T01:06:04.992+0000] {subprocess.py:93} INFO - 24/08/19 01:06:04 INFO StandaloneSchedulerBackend$StandaloneDriverEndpoint: Registered executor NettyRpcEndpointRef(spark-client://Executor) (172.18.0.7:35404) with ID 0,  ResourceProfileId 0
[2024-08-19T01:06:05.051+0000] {subprocess.py:93} INFO - 24/08/19 01:06:05 INFO BlockManagerMasterEndpoint: Registering block manager 172.18.0.6:42235 with 1458.4 MiB RAM, BlockManagerId(1, 172.18.0.6, 42235, None)
[2024-08-19T01:06:05.055+0000] {subprocess.py:93} INFO - 24/08/19 01:06:05 INFO BlockManagerMasterEndpoint: Registering block manager 172.18.0.7:43357 with 1458.4 MiB RAM, BlockManagerId(0, 172.18.0.7, 43357, None)
[2024-08-19T01:06:06.228+0000] {subprocess.py:93} INFO - Traceback (most recent call last):
[2024-08-19T01:06:06.228+0000] {subprocess.py:93} INFO -   File "/opt/***/jobs/analyze_data.py", line 48, in <module>
[2024-08-19T01:06:06.229+0000] {subprocess.py:93} INFO -     save_analysis_result(top_gainers, "data/top_gainers.csv")
[2024-08-19T01:06:06.229+0000] {subprocess.py:93} INFO -   File "/opt/***/jobs/analyze_data.py", line 41, in save_analysis_result
[2024-08-19T01:06:06.229+0000] {subprocess.py:93} INFO -     df.coalesce(1).write.mode("overwrite").csv(file_path, header=True)
[2024-08-19T01:06:06.229+0000] {subprocess.py:93} INFO -   File "/home/***/.local/lib/python3.11/site-packages/pyspark/python/lib/pyspark.zip/pyspark/sql/readwriter.py", line 1864, in csv
[2024-08-19T01:06:06.229+0000] {subprocess.py:93} INFO -   File "/home/***/.local/lib/python3.11/site-packages/pyspark/python/lib/py4j-0.10.9.7-src.zip/py4j/java_gateway.py", line 1322, in __call__
[2024-08-19T01:06:06.230+0000] {subprocess.py:93} INFO -   File "/home/***/.local/lib/python3.11/site-packages/pyspark/python/lib/pyspark.zip/pyspark/errors/exceptions/captured.py", line 185, in deco
[2024-08-19T01:06:06.242+0000] {subprocess.py:93} INFO - pyspark.errors.exceptions.captured.AnalysisException: [UNSUPPORTED_DATA_TYPE_FOR_DATASOURCE] The CSV datasource doesn't support the column `_metadata` of the type "MAP<STRING, STRING>".
[2024-08-19T01:06:06.412+0000] {subprocess.py:93} INFO - 24/08/19 01:06:06 INFO SparkContext: Invoking stop() from shutdown hook
[2024-08-19T01:06:06.414+0000] {subprocess.py:93} INFO - 24/08/19 01:06:06 INFO SparkContext: SparkContext is stopping with exitCode 0.
[2024-08-19T01:06:06.629+0000] {subprocess.py:93} INFO - 24/08/19 01:06:06 INFO SparkUI: Stopped Spark web UI at http://27ef58cc88fc:4040
[2024-08-19T01:06:06.652+0000] {subprocess.py:93} INFO - 24/08/19 01:06:06 INFO StandaloneSchedulerBackend: Shutting down all executors
[2024-08-19T01:06:06.655+0000] {subprocess.py:93} INFO - 24/08/19 01:06:06 INFO StandaloneSchedulerBackend$StandaloneDriverEndpoint: Asking each executor to shut down
[2024-08-19T01:06:06.815+0000] {subprocess.py:93} INFO - 24/08/19 01:06:06 INFO MapOutputTrackerMasterEndpoint: MapOutputTrackerMasterEndpoint stopped!
[2024-08-19T01:06:07.030+0000] {subprocess.py:93} INFO - 24/08/19 01:06:07 INFO MemoryStore: MemoryStore cleared
[2024-08-19T01:06:07.032+0000] {subprocess.py:93} INFO - 24/08/19 01:06:07 INFO BlockManager: BlockManager stopped
[2024-08-19T01:06:07.065+0000] {subprocess.py:93} INFO - 24/08/19 01:06:07 INFO BlockManagerMaster: BlockManagerMaster stopped
[2024-08-19T01:06:07.078+0000] {subprocess.py:93} INFO - 24/08/19 01:06:07 INFO OutputCommitCoordinator$OutputCommitCoordinatorEndpoint: OutputCommitCoordinator stopped!
[2024-08-19T01:06:07.163+0000] {subprocess.py:93} INFO - 24/08/19 01:06:07 INFO SparkContext: Successfully stopped SparkContext
[2024-08-19T01:06:07.166+0000] {subprocess.py:93} INFO - 24/08/19 01:06:07 INFO ShutdownHookManager: Shutdown hook called
[2024-08-19T01:06:07.170+0000] {subprocess.py:93} INFO - 24/08/19 01:06:07 INFO ShutdownHookManager: Deleting directory /tmp/spark-4a31f054-51c9-4fa2-90af-b0d67c80ba43
[2024-08-19T01:06:07.179+0000] {subprocess.py:93} INFO - 24/08/19 01:06:07 INFO ShutdownHookManager: Deleting directory /tmp/spark-a76e108e-b205-412e-9197-ccbfef6df232
[2024-08-19T01:06:07.181+0000] {subprocess.py:93} INFO - 24/08/19 01:06:07 INFO ShutdownHookManager: Deleting directory /tmp/spark-4a31f054-51c9-4fa2-90af-b0d67c80ba43/pyspark-a304b4d0-fe40-42cb-9920-0948329d21ee
[2024-08-19T01:06:07.267+0000] {subprocess.py:97} INFO - Command exited with return code 1
[2024-08-19T01:06:07.397+0000] {taskinstance.py:1935} ERROR - Task failed with exception
Traceback (most recent call last):
  File "/home/airflow/.local/lib/python3.11/site-packages/airflow/operators/bash.py", line 210, in execute
    raise AirflowException(
airflow.exceptions.AirflowException: Bash command failed. The command returned a non-zero exit code 1.
[2024-08-19T01:06:07.421+0000] {taskinstance.py:1398} INFO - Marking task as UP_FOR_RETRY. dag_id=data_pipeline_api, task_id=analyze_data, execution_date=20240818T003000, start_date=20240819T010551, end_date=20240819T010607
[2024-08-19T01:06:07.462+0000] {standard_task_runner.py:104} ERROR - Failed to execute job 66 for task analyze_data (Bash command failed. The command returned a non-zero exit code 1.; 68628)
[2024-08-19T01:06:07.504+0000] {local_task_job_runner.py:228} INFO - Task exited with return code 1
[2024-08-19T01:06:07.589+0000] {taskinstance.py:2776} INFO - 0 downstream tasks scheduled from follow-on schedule check
