[2024-08-09T13:25:32.004+0000] {taskinstance.py:1157} INFO - Dependencies all met for dep_context=non-requeueable deps ti=<TaskInstance: data_pipeline_api.fetch_data manual__2024-08-09T13:25:30.584850+00:00 [queued]>
[2024-08-09T13:25:32.008+0000] {taskinstance.py:1157} INFO - Dependencies all met for dep_context=requeueable deps ti=<TaskInstance: data_pipeline_api.fetch_data manual__2024-08-09T13:25:30.584850+00:00 [queued]>
[2024-08-09T13:25:32.009+0000] {taskinstance.py:1359} INFO - Starting attempt 1 of 2
[2024-08-09T13:25:32.015+0000] {taskinstance.py:1380} INFO - Executing <Task(BashOperator): fetch_data> on 2024-08-09 13:25:30.584850+00:00
[2024-08-09T13:25:32.018+0000] {standard_task_runner.py:57} INFO - Started process 3730 to run task
[2024-08-09T13:25:32.021+0000] {standard_task_runner.py:84} INFO - Running: ['***', 'tasks', 'run', 'data_pipeline_api', 'fetch_data', 'manual__2024-08-09T13:25:30.584850+00:00', '--job-id', '20', '--raw', '--subdir', 'DAGS_FOLDER/spark-jobs.py', '--cfg-path', '/tmp/tmphy_w2gpa']
[2024-08-09T13:25:32.023+0000] {standard_task_runner.py:85} INFO - Job 20: Subtask fetch_data
[2024-08-09T13:25:32.064+0000] {task_command.py:415} INFO - Running <TaskInstance: data_pipeline_api.fetch_data manual__2024-08-09T13:25:30.584850+00:00 [running]> on host 27ef58cc88fc
[2024-08-09T13:25:32.108+0000] {taskinstance.py:1660} INFO - Exporting env vars: AIRFLOW_CTX_DAG_OWNER='***' AIRFLOW_CTX_DAG_ID='data_pipeline_api' AIRFLOW_CTX_TASK_ID='fetch_data' AIRFLOW_CTX_EXECUTION_DATE='2024-08-09T13:25:30.584850+00:00' AIRFLOW_CTX_TRY_NUMBER='1' AIRFLOW_CTX_DAG_RUN_ID='manual__2024-08-09T13:25:30.584850+00:00'
[2024-08-09T13:25:32.109+0000] {subprocess.py:63} INFO - Tmp dir root location: /tmp
[2024-08-09T13:25:32.109+0000] {subprocess.py:75} INFO - Running command: ['/bin/bash', '-c', 'bash /opt/***/jobs/spark-submit.sh /opt/***/jobs/fetch_data.py ']
[2024-08-09T13:25:32.114+0000] {subprocess.py:86} INFO - Output:
[2024-08-09T13:25:32.115+0000] {subprocess.py:93} INFO - /opt/***/jobs/fetch_data.py
[2024-08-09T13:25:32.179+0000] {subprocess.py:93} INFO - /home/***/.local/lib/python3.11/site-packages/pyspark/bin/load-spark-env.sh: line 68: ps: command not found
[2024-08-09T13:25:33.848+0000] {subprocess.py:93} INFO - 24/08/09 13:25:33 WARN NativeCodeLoader: Unable to load native-hadoop library for your platform... using builtin-java classes where applicable
[2024-08-09T13:25:37.354+0000] {subprocess.py:93} INFO - 24/08/09 13:25:37 INFO ShutdownHookManager: Shutdown hook called
[2024-08-09T13:25:37.356+0000] {subprocess.py:93} INFO - 24/08/09 13:25:37 INFO ShutdownHookManager: Deleting directory /tmp/spark-df937a18-7ae7-410b-b1d0-3bae6a427866
[2024-08-09T13:25:37.420+0000] {subprocess.py:97} INFO - Command exited with return code 0
[2024-08-09T13:25:37.549+0000] {taskinstance.py:1398} INFO - Marking task as SUCCESS. dag_id=data_pipeline_api, task_id=fetch_data, execution_date=20240809T132530, start_date=20240809T132532, end_date=20240809T132537
[2024-08-09T13:25:37.598+0000] {local_task_job_runner.py:228} INFO - Task exited with return code 0
[2024-08-09T13:25:37.649+0000] {taskinstance.py:2776} INFO - 0 downstream tasks scheduled from follow-on schedule check
