[2024-09-08T20:44:02.484+0000] {taskinstance.py:1157} INFO - Dependencies all met for dep_context=non-requeueable deps ti=<TaskInstance: data_pipeline_api.fetch_data scheduled__2024-09-07T00:30:00+00:00 [queued]>
[2024-09-08T20:44:02.520+0000] {taskinstance.py:1157} INFO - Dependencies all met for dep_context=requeueable deps ti=<TaskInstance: data_pipeline_api.fetch_data scheduled__2024-09-07T00:30:00+00:00 [queued]>
[2024-09-08T20:44:02.526+0000] {taskinstance.py:1359} INFO - Starting attempt 1 of 2
[2024-09-08T20:44:02.570+0000] {taskinstance.py:1380} INFO - Executing <Task(BashOperator): fetch_data> on 2024-09-07 00:30:00+00:00
[2024-09-08T20:44:02.589+0000] {standard_task_runner.py:57} INFO - Started process 195 to run task
[2024-09-08T20:44:02.599+0000] {standard_task_runner.py:84} INFO - Running: ['***', 'tasks', 'run', 'data_pipeline_api', 'fetch_data', 'scheduled__2024-09-07T00:30:00+00:00', '--job-id', '83', '--raw', '--subdir', 'DAGS_FOLDER/spark-jobs.py', '--cfg-path', '/tmp/tmpuofranoj']
[2024-09-08T20:44:02.605+0000] {standard_task_runner.py:85} INFO - Job 83: Subtask fetch_data
[2024-09-08T20:44:02.711+0000] {task_command.py:415} INFO - Running <TaskInstance: data_pipeline_api.fetch_data scheduled__2024-09-07T00:30:00+00:00 [running]> on host 27ef58cc88fc
[2024-09-08T20:44:02.811+0000] {taskinstance.py:1660} INFO - Exporting env vars: AIRFLOW_CTX_DAG_OWNER='***' AIRFLOW_CTX_DAG_ID='data_pipeline_api' AIRFLOW_CTX_TASK_ID='fetch_data' AIRFLOW_CTX_EXECUTION_DATE='2024-09-07T00:30:00+00:00' AIRFLOW_CTX_TRY_NUMBER='1' AIRFLOW_CTX_DAG_RUN_ID='scheduled__2024-09-07T00:30:00+00:00'
[2024-09-08T20:44:02.813+0000] {subprocess.py:63} INFO - Tmp dir root location: /tmp
[2024-09-08T20:44:02.818+0000] {subprocess.py:75} INFO - Running command: ['/bin/bash', '-c', 'bash /opt/***/jobs/spark-submit.sh /opt/***/jobs/fetch_data.py ']
[2024-09-08T20:44:02.832+0000] {subprocess.py:86} INFO - Output:
[2024-09-08T20:44:02.852+0000] {subprocess.py:93} INFO - /opt/***/jobs/fetch_data.py
[2024-09-08T20:44:02.962+0000] {subprocess.py:93} INFO - /home/***/.local/lib/python3.11/site-packages/pyspark/bin/load-spark-env.sh: line 68: ps: command not found
[2024-09-08T20:44:06.028+0000] {subprocess.py:93} INFO - 24/09/08 20:44:06 WARN NativeCodeLoader: Unable to load native-hadoop library for your platform... using builtin-java classes where applicable
[2024-09-08T20:44:08.242+0000] {subprocess.py:93} INFO - 24/09/08 20:44:08 INFO ShutdownHookManager: Shutdown hook called
[2024-09-08T20:44:08.244+0000] {subprocess.py:93} INFO - 24/09/08 20:44:08 INFO ShutdownHookManager: Deleting directory /tmp/spark-78bc71ba-3375-4d79-ae0d-937f34ddcc88
[2024-09-08T20:44:08.312+0000] {subprocess.py:97} INFO - Command exited with return code 0
[2024-09-08T20:44:08.372+0000] {taskinstance.py:1398} INFO - Marking task as SUCCESS. dag_id=data_pipeline_api, task_id=fetch_data, execution_date=20240907T003000, start_date=20240908T204402, end_date=20240908T204408
[2024-09-08T20:44:08.431+0000] {local_task_job_runner.py:228} INFO - Task exited with return code 0
[2024-09-08T20:44:08.448+0000] {taskinstance.py:2776} INFO - 0 downstream tasks scheduled from follow-on schedule check
