[2024-08-09T13:01:21.196+0000] {taskinstance.py:1157} INFO - Dependencies all met for dep_context=non-requeueable deps ti=<TaskInstance: data_pipeline_api.analyze_data manual__2024-08-09T12:59:09.295959+00:00 [queued]>
[2024-08-09T13:01:21.205+0000] {taskinstance.py:1157} INFO - Dependencies all met for dep_context=requeueable deps ti=<TaskInstance: data_pipeline_api.analyze_data manual__2024-08-09T12:59:09.295959+00:00 [queued]>
[2024-08-09T13:01:21.205+0000] {taskinstance.py:1359} INFO - Starting attempt 2 of 2
[2024-08-09T13:01:21.216+0000] {taskinstance.py:1380} INFO - Executing <Task(BashOperator): analyze_data> on 2024-08-09 12:59:09.295959+00:00
[2024-08-09T13:01:21.221+0000] {standard_task_runner.py:57} INFO - Started process 1847 to run task
[2024-08-09T13:01:21.232+0000] {standard_task_runner.py:84} INFO - Running: ['***', 'tasks', 'run', 'data_pipeline_api', 'analyze_data', 'manual__2024-08-09T12:59:09.295959+00:00', '--job-id', '11', '--raw', '--subdir', 'DAGS_FOLDER/spark-jobs.py', '--cfg-path', '/tmp/tmpu76yrw6r']
[2024-08-09T13:01:21.237+0000] {standard_task_runner.py:85} INFO - Job 11: Subtask analyze_data
[2024-08-09T13:01:21.275+0000] {task_command.py:415} INFO - Running <TaskInstance: data_pipeline_api.analyze_data manual__2024-08-09T12:59:09.295959+00:00 [running]> on host 27ef58cc88fc
[2024-08-09T13:01:21.345+0000] {taskinstance.py:1660} INFO - Exporting env vars: AIRFLOW_CTX_DAG_OWNER='***' AIRFLOW_CTX_DAG_ID='data_pipeline_api' AIRFLOW_CTX_TASK_ID='analyze_data' AIRFLOW_CTX_EXECUTION_DATE='2024-08-09T12:59:09.295959+00:00' AIRFLOW_CTX_TRY_NUMBER='2' AIRFLOW_CTX_DAG_RUN_ID='manual__2024-08-09T12:59:09.295959+00:00'
[2024-08-09T13:01:21.351+0000] {subprocess.py:63} INFO - Tmp dir root location: /tmp
[2024-08-09T13:01:21.352+0000] {subprocess.py:75} INFO - Running command: ['/bin/bash', '-c', 'bash /opt/***/jobs/spark-submit.sh /opt/***/jobs/analyze_data.py ']
[2024-08-09T13:01:21.360+0000] {subprocess.py:86} INFO - Output:
[2024-08-09T13:01:21.365+0000] {subprocess.py:93} INFO - /opt/***/jobs/analyze_data.py
[2024-08-09T13:01:21.445+0000] {subprocess.py:93} INFO - /home/***/.local/lib/python3.11/site-packages/pyspark/bin/load-spark-env.sh: line 68: ps: command not found
[2024-08-09T13:01:22.890+0000] {subprocess.py:93} INFO - 24/08/09 13:01:22 WARN NativeCodeLoader: Unable to load native-hadoop library for your platform... using builtin-java classes where applicable
[2024-08-09T13:01:23.774+0000] {subprocess.py:93} INFO - 24/08/09 13:01:23 INFO SparkContext: Running Spark version 3.5.1
[2024-08-09T13:01:23.777+0000] {subprocess.py:93} INFO - 24/08/09 13:01:23 INFO SparkContext: OS info Linux, 6.6.32-linuxkit, aarch64
[2024-08-09T13:01:23.778+0000] {subprocess.py:93} INFO - 24/08/09 13:01:23 INFO SparkContext: Java version 11.0.23
[2024-08-09T13:01:23.791+0000] {subprocess.py:93} INFO - 24/08/09 13:01:23 INFO ResourceUtils: ==============================================================
[2024-08-09T13:01:23.792+0000] {subprocess.py:93} INFO - 24/08/09 13:01:23 INFO ResourceUtils: No custom resources configured for spark.driver.
[2024-08-09T13:01:23.793+0000] {subprocess.py:93} INFO - 24/08/09 13:01:23 INFO ResourceUtils: ==============================================================
[2024-08-09T13:01:23.794+0000] {subprocess.py:93} INFO - 24/08/09 13:01:23 INFO SparkContext: Submitted application: FinanceDataAnalysis
[2024-08-09T13:01:23.805+0000] {subprocess.py:93} INFO - 24/08/09 13:01:23 INFO ResourceProfile: Default ResourceProfile created, executor resources: Map(cores -> name: cores, amount: 1, script: , vendor: , memory -> name: memory, amount: 1024, script: , vendor: , offHeap -> name: offHeap, amount: 1024, script: , vendor: ), task resources: Map(cpus -> name: cpus, amount: 1.0)
[2024-08-09T13:01:23.823+0000] {subprocess.py:93} INFO - 24/08/09 13:01:23 INFO ResourceProfile: Limiting resource is cpus at 1 tasks per executor
[2024-08-09T13:01:23.824+0000] {subprocess.py:93} INFO - 24/08/09 13:01:23 INFO ResourceProfileManager: Added ResourceProfile id: 0
[2024-08-09T13:01:23.861+0000] {subprocess.py:93} INFO - 24/08/09 13:01:23 INFO SecurityManager: Changing view acls to: ***
[2024-08-09T13:01:23.862+0000] {subprocess.py:93} INFO - 24/08/09 13:01:23 INFO SecurityManager: Changing modify acls to: ***
[2024-08-09T13:01:23.862+0000] {subprocess.py:93} INFO - 24/08/09 13:01:23 INFO SecurityManager: Changing view acls groups to:
[2024-08-09T13:01:23.863+0000] {subprocess.py:93} INFO - 24/08/09 13:01:23 INFO SecurityManager: Changing modify acls groups to:
[2024-08-09T13:01:23.863+0000] {subprocess.py:93} INFO - 24/08/09 13:01:23 INFO SecurityManager: SecurityManager: authentication disabled; ui acls disabled; users with view permissions: ***; groups with view permissions: EMPTY; users with modify permissions: ***; groups with modify permissions: EMPTY
[2024-08-09T13:01:24.198+0000] {subprocess.py:93} INFO - 24/08/09 13:01:24 INFO Utils: Successfully started service 'sparkDriver' on port 37215.
[2024-08-09T13:01:24.231+0000] {subprocess.py:93} INFO - 24/08/09 13:01:24 INFO SparkEnv: Registering MapOutputTracker
[2024-08-09T13:01:24.256+0000] {subprocess.py:93} INFO - 24/08/09 13:01:24 INFO SparkEnv: Registering BlockManagerMaster
[2024-08-09T13:01:24.271+0000] {subprocess.py:93} INFO - 24/08/09 13:01:24 INFO BlockManagerMasterEndpoint: Using org.apache.spark.storage.DefaultTopologyMapper for getting topology information
[2024-08-09T13:01:24.273+0000] {subprocess.py:93} INFO - 24/08/09 13:01:24 INFO BlockManagerMasterEndpoint: BlockManagerMasterEndpoint up
[2024-08-09T13:01:24.274+0000] {subprocess.py:93} INFO - 24/08/09 13:01:24 INFO SparkEnv: Registering BlockManagerMasterHeartbeat
[2024-08-09T13:01:24.287+0000] {subprocess.py:93} INFO - 24/08/09 13:01:24 INFO DiskBlockManager: Created local directory at /tmp/blockmgr-30549ba0-8f23-4c76-a053-adc911497719
[2024-08-09T13:01:24.296+0000] {subprocess.py:93} INFO - 24/08/09 13:01:24 INFO MemoryStore: MemoryStore started with capacity 1458.4 MiB
[2024-08-09T13:01:24.304+0000] {subprocess.py:93} INFO - 24/08/09 13:01:24 INFO SparkEnv: Registering OutputCommitCoordinator
[2024-08-09T13:01:24.437+0000] {subprocess.py:93} INFO - 24/08/09 13:01:24 INFO JettyUtils: Start Jetty 0.0.0.0:4040 for SparkUI
[2024-08-09T13:01:24.503+0000] {subprocess.py:93} INFO - 24/08/09 13:01:24 INFO Utils: Successfully started service 'SparkUI' on port 4040.
[2024-08-09T13:01:24.530+0000] {subprocess.py:93} INFO - 24/08/09 13:01:24 INFO SparkContext: Added JAR file:///opt/bitnami/spark/resources/elasticsearch-spark-30_2.12-8.4.3.jar at spark://27ef58cc88fc:37215/jars/elasticsearch-spark-30_2.12-8.4.3.jar with timestamp 1723208483769
[2024-08-09T13:01:24.578+0000] {subprocess.py:93} INFO - 24/08/09 13:01:24 INFO StandaloneAppClient$ClientEndpoint: Connecting to master spark://spark-master:7077...
[2024-08-09T13:01:24.611+0000] {subprocess.py:93} INFO - 24/08/09 13:01:24 INFO TransportClientFactory: Successfully created connection to spark-master/172.18.0.4:7077 after 16 ms (0 ms spent in bootstraps)
[2024-08-09T13:01:24.676+0000] {subprocess.py:93} INFO - 24/08/09 13:01:24 INFO StandaloneSchedulerBackend: Connected to Spark cluster with app ID app-20240809130124-0007
[2024-08-09T13:01:24.681+0000] {subprocess.py:93} INFO - 24/08/09 13:01:24 INFO StandaloneAppClient$ClientEndpoint: Executor added: app-20240809130124-0007/0 on worker-20240809124721-172.18.0.6-35359 (172.18.0.6:35359) with 1 core(s)
[2024-08-09T13:01:24.683+0000] {subprocess.py:93} INFO - 24/08/09 13:01:24 INFO StandaloneSchedulerBackend: Granted executor ID app-20240809130124-0007/0 on hostPort 172.18.0.6:35359 with 1 core(s), 1024.0 MiB RAM
[2024-08-09T13:01:24.685+0000] {subprocess.py:93} INFO - 24/08/09 13:01:24 INFO StandaloneAppClient$ClientEndpoint: Executor added: app-20240809130124-0007/1 on worker-20240809124721-172.18.0.7-36933 (172.18.0.7:36933) with 1 core(s)
[2024-08-09T13:01:24.686+0000] {subprocess.py:93} INFO - 24/08/09 13:01:24 INFO StandaloneSchedulerBackend: Granted executor ID app-20240809130124-0007/1 on hostPort 172.18.0.7:36933 with 1 core(s), 1024.0 MiB RAM
[2024-08-09T13:01:24.687+0000] {subprocess.py:93} INFO - 24/08/09 13:01:24 INFO Utils: Successfully started service 'org.apache.spark.network.netty.NettyBlockTransferService' on port 45889.
[2024-08-09T13:01:24.692+0000] {subprocess.py:93} INFO - 24/08/09 13:01:24 INFO NettyBlockTransferService: Server created on 27ef58cc88fc:45889
[2024-08-09T13:01:24.693+0000] {subprocess.py:93} INFO - 24/08/09 13:01:24 INFO BlockManager: Using org.apache.spark.storage.RandomBlockReplicationPolicy for block replication policy
[2024-08-09T13:01:24.696+0000] {subprocess.py:93} INFO - 24/08/09 13:01:24 INFO BlockManagerMaster: Registering BlockManager BlockManagerId(driver, 27ef58cc88fc, 45889, None)
[2024-08-09T13:01:24.699+0000] {subprocess.py:93} INFO - 24/08/09 13:01:24 INFO BlockManagerMasterEndpoint: Registering block manager 27ef58cc88fc:45889 with 1458.4 MiB RAM, BlockManagerId(driver, 27ef58cc88fc, 45889, None)
[2024-08-09T13:01:24.703+0000] {subprocess.py:93} INFO - 24/08/09 13:01:24 INFO BlockManagerMaster: Registered BlockManager BlockManagerId(driver, 27ef58cc88fc, 45889, None)
[2024-08-09T13:01:24.705+0000] {subprocess.py:93} INFO - 24/08/09 13:01:24 INFO BlockManager: Initialized BlockManager: BlockManagerId(driver, 27ef58cc88fc, 45889, None)
[2024-08-09T13:01:24.790+0000] {subprocess.py:93} INFO - 24/08/09 13:01:24 INFO StandaloneAppClient$ClientEndpoint: Executor updated: app-20240809130124-0007/0 is now RUNNING
[2024-08-09T13:01:24.793+0000] {subprocess.py:93} INFO - 24/08/09 13:01:24 INFO StandaloneAppClient$ClientEndpoint: Executor updated: app-20240809130124-0007/1 is now RUNNING
[2024-08-09T13:01:25.014+0000] {subprocess.py:93} INFO - 24/08/09 13:01:25 INFO StandaloneSchedulerBackend: SchedulerBackend is ready for scheduling beginning after reached minRegisteredResourcesRatio: 0.0
[2024-08-09T13:01:25.213+0000] {subprocess.py:93} INFO - 24/08/09 13:01:25 INFO SharedState: Setting hive.metastore.warehouse.dir ('null') to the value of spark.sql.warehouse.dir.
[2024-08-09T13:01:25.217+0000] {subprocess.py:93} INFO - 24/08/09 13:01:25 INFO SharedState: Warehouse path is 'file:/tmp/***tmp_try1n0p/spark-warehouse'.
[2024-08-09T13:01:26.184+0000] {subprocess.py:93} INFO - 24/08/09 13:01:26 INFO Version: Elasticsearch Hadoop v8.4.3 [a7873eb469]
[2024-08-09T13:01:27.248+0000] {subprocess.py:93} INFO - 24/08/09 13:01:27 INFO StandaloneSchedulerBackend$StandaloneDriverEndpoint: Registered executor NettyRpcEndpointRef(spark-client://Executor) (172.18.0.6:44652) with ID 0,  ResourceProfileId 0
[2024-08-09T13:01:27.258+0000] {subprocess.py:93} INFO - 24/08/09 13:01:27 INFO StandaloneSchedulerBackend$StandaloneDriverEndpoint: Registered executor NettyRpcEndpointRef(spark-client://Executor) (172.18.0.7:49638) with ID 1,  ResourceProfileId 0
[2024-08-09T13:01:27.306+0000] {subprocess.py:93} INFO - 24/08/09 13:01:27 INFO BlockManagerMasterEndpoint: Registering block manager 172.18.0.6:36033 with 1458.4 MiB RAM, BlockManagerId(0, 172.18.0.6, 36033, None)
[2024-08-09T13:01:27.309+0000] {subprocess.py:93} INFO - 24/08/09 13:01:27 INFO BlockManagerMasterEndpoint: Registering block manager 172.18.0.7:38747 with 1458.4 MiB RAM, BlockManagerId(1, 172.18.0.7, 38747, None)
[2024-08-09T13:01:27.556+0000] {subprocess.py:93} INFO - Traceback (most recent call last):
[2024-08-09T13:01:27.557+0000] {subprocess.py:93} INFO -   File "/opt/***/jobs/analyze_data.py", line 46, in <module>
[2024-08-09T13:01:27.557+0000] {subprocess.py:93} INFO -     top_gainers, top_losers = analyze_market_trends(market_trends)
[2024-08-09T13:01:27.558+0000] {subprocess.py:93} INFO -                               ^^^^^^^^^^^^^^^^^^^^^^^^^^^^^^^^^^^^
[2024-08-09T13:01:27.558+0000] {subprocess.py:93} INFO -   File "/opt/***/jobs/analyze_data.py", line 17, in analyze_market_trends
[2024-08-09T13:01:27.558+0000] {subprocess.py:93} INFO -     top_gainers = data.orderBy(col("change_percent").desc()).limit(5)
[2024-08-09T13:01:27.559+0000] {subprocess.py:93} INFO -                   ^^^^^^^^^^^^^^^^^^^^^^^^^^^^^^^^^^^^^^^^^^
[2024-08-09T13:01:27.559+0000] {subprocess.py:93} INFO -   File "/home/***/.local/lib/python3.11/site-packages/pyspark/python/lib/pyspark.zip/pyspark/sql/dataframe.py", line 2740, in sort
[2024-08-09T13:01:27.559+0000] {subprocess.py:93} INFO -   File "/home/***/.local/lib/python3.11/site-packages/pyspark/python/lib/py4j-0.10.9.7-src.zip/py4j/java_gateway.py", line 1322, in __call__
[2024-08-09T13:01:27.559+0000] {subprocess.py:93} INFO -   File "/home/***/.local/lib/python3.11/site-packages/pyspark/python/lib/pyspark.zip/pyspark/errors/exceptions/captured.py", line 185, in deco
[2024-08-09T13:01:27.563+0000] {subprocess.py:93} INFO - pyspark.errors.exceptions.captured.AnalysisException: [UNRESOLVED_COLUMN.WITH_SUGGESTION] A column or function parameter with name `change_percent` cannot be resolved. Did you mean one of the following? [`_metadata`].;
[2024-08-09T13:01:27.567+0000] {subprocess.py:93} INFO - 'Sort ['change_percent DESC NULLS LAST], true
[2024-08-09T13:01:27.570+0000] {subprocess.py:93} INFO - +- Relation [_metadata#0] ElasticsearchRelation(Map(es.mapping.id -> symbol, es.port -> 9200, es.resource -> market_trends, es.read.metadata -> true, es.nodes -> es),org.apache.spark.sql.SQLContext@63e07585,None)
[2024-08-09T13:01:27.570+0000] {subprocess.py:93} INFO - 
[2024-08-09T13:01:27.606+0000] {subprocess.py:93} INFO - 24/08/09 13:01:27 INFO SparkContext: Invoking stop() from shutdown hook
[2024-08-09T13:01:27.606+0000] {subprocess.py:93} INFO - 24/08/09 13:01:27 INFO SparkContext: SparkContext is stopping with exitCode 0.
[2024-08-09T13:01:27.636+0000] {subprocess.py:93} INFO - 24/08/09 13:01:27 INFO SparkUI: Stopped Spark web UI at http://27ef58cc88fc:4040
[2024-08-09T13:01:27.648+0000] {subprocess.py:93} INFO - 24/08/09 13:01:27 INFO StandaloneSchedulerBackend: Shutting down all executors
[2024-08-09T13:01:27.649+0000] {subprocess.py:93} INFO - 24/08/09 13:01:27 INFO StandaloneSchedulerBackend$StandaloneDriverEndpoint: Asking each executor to shut down
[2024-08-09T13:01:27.697+0000] {subprocess.py:93} INFO - 24/08/09 13:01:27 INFO MapOutputTrackerMasterEndpoint: MapOutputTrackerMasterEndpoint stopped!
[2024-08-09T13:01:27.728+0000] {subprocess.py:93} INFO - 24/08/09 13:01:27 INFO MemoryStore: MemoryStore cleared
[2024-08-09T13:01:27.728+0000] {subprocess.py:93} INFO - 24/08/09 13:01:27 INFO BlockManager: BlockManager stopped
[2024-08-09T13:01:27.735+0000] {subprocess.py:93} INFO - 24/08/09 13:01:27 INFO BlockManagerMaster: BlockManagerMaster stopped
[2024-08-09T13:01:27.737+0000] {subprocess.py:93} INFO - 24/08/09 13:01:27 INFO OutputCommitCoordinator$OutputCommitCoordinatorEndpoint: OutputCommitCoordinator stopped!
[2024-08-09T13:01:27.745+0000] {subprocess.py:93} INFO - 24/08/09 13:01:27 INFO SparkContext: Successfully stopped SparkContext
[2024-08-09T13:01:27.746+0000] {subprocess.py:93} INFO - 24/08/09 13:01:27 INFO ShutdownHookManager: Shutdown hook called
[2024-08-09T13:01:27.746+0000] {subprocess.py:93} INFO - 24/08/09 13:01:27 INFO ShutdownHookManager: Deleting directory /tmp/spark-de231d35-028f-43a7-9af2-63fb0f6319c4/pyspark-0a73dee4-f1a4-45bf-b2a9-fb8d7a76cbe0
[2024-08-09T13:01:27.750+0000] {subprocess.py:93} INFO - 24/08/09 13:01:27 INFO ShutdownHookManager: Deleting directory /tmp/spark-ffb2bb46-54fe-4e7b-8017-c4a654d80f8c
[2024-08-09T13:01:27.753+0000] {subprocess.py:93} INFO - 24/08/09 13:01:27 INFO ShutdownHookManager: Deleting directory /tmp/spark-de231d35-028f-43a7-9af2-63fb0f6319c4
[2024-08-09T13:01:27.776+0000] {subprocess.py:97} INFO - Command exited with return code 1
[2024-08-09T13:01:27.807+0000] {taskinstance.py:1935} ERROR - Task failed with exception
Traceback (most recent call last):
  File "/home/airflow/.local/lib/python3.11/site-packages/airflow/operators/bash.py", line 210, in execute
    raise AirflowException(
airflow.exceptions.AirflowException: Bash command failed. The command returned a non-zero exit code 1.
[2024-08-09T13:01:27.812+0000] {taskinstance.py:1398} INFO - Marking task as FAILED. dag_id=data_pipeline_api, task_id=analyze_data, execution_date=20240809T125909, start_date=20240809T130121, end_date=20240809T130127
[2024-08-09T13:01:27.828+0000] {standard_task_runner.py:104} ERROR - Failed to execute job 11 for task analyze_data (Bash command failed. The command returned a non-zero exit code 1.; 1847)
[2024-08-09T13:01:27.864+0000] {local_task_job_runner.py:228} INFO - Task exited with return code 1
[2024-08-09T13:01:27.927+0000] {taskinstance.py:2776} INFO - 0 downstream tasks scheduled from follow-on schedule check
