[2024-08-15T00:38:07.127+0000] {taskinstance.py:1157} INFO - Dependencies all met for dep_context=non-requeueable deps ti=<TaskInstance: data_pipeline_api.fetch_data scheduled__2024-08-14T00:30:00+00:00 [queued]>
[2024-08-15T00:38:07.138+0000] {taskinstance.py:1157} INFO - Dependencies all met for dep_context=requeueable deps ti=<TaskInstance: data_pipeline_api.fetch_data scheduled__2024-08-14T00:30:00+00:00 [queued]>
[2024-08-15T00:38:07.139+0000] {taskinstance.py:1359} INFO - Starting attempt 1 of 2
[2024-08-15T00:38:07.150+0000] {taskinstance.py:1380} INFO - Executing <Task(BashOperator): fetch_data> on 2024-08-14 00:30:00+00:00
[2024-08-15T00:38:07.154+0000] {standard_task_runner.py:57} INFO - Started process 43192 to run task
[2024-08-15T00:38:07.157+0000] {standard_task_runner.py:84} INFO - Running: ['***', 'tasks', 'run', 'data_pipeline_api', 'fetch_data', 'scheduled__2024-08-14T00:30:00+00:00', '--job-id', '47', '--raw', '--subdir', 'DAGS_FOLDER/spark-jobs.py', '--cfg-path', '/tmp/tmpj59zp7g7']
[2024-08-15T00:38:07.159+0000] {standard_task_runner.py:85} INFO - Job 47: Subtask fetch_data
[2024-08-15T00:38:07.232+0000] {task_command.py:415} INFO - Running <TaskInstance: data_pipeline_api.fetch_data scheduled__2024-08-14T00:30:00+00:00 [running]> on host 27ef58cc88fc
[2024-08-15T00:38:07.329+0000] {taskinstance.py:1660} INFO - Exporting env vars: AIRFLOW_CTX_DAG_OWNER='***' AIRFLOW_CTX_DAG_ID='data_pipeline_api' AIRFLOW_CTX_TASK_ID='fetch_data' AIRFLOW_CTX_EXECUTION_DATE='2024-08-14T00:30:00+00:00' AIRFLOW_CTX_TRY_NUMBER='1' AIRFLOW_CTX_DAG_RUN_ID='scheduled__2024-08-14T00:30:00+00:00'
[2024-08-15T00:38:07.331+0000] {subprocess.py:63} INFO - Tmp dir root location: /tmp
[2024-08-15T00:38:07.333+0000] {subprocess.py:75} INFO - Running command: ['/bin/bash', '-c', 'bash /opt/***/jobs/spark-submit.sh /opt/***/jobs/fetch_data.py ']
[2024-08-15T00:38:07.340+0000] {subprocess.py:86} INFO - Output:
[2024-08-15T00:38:07.354+0000] {subprocess.py:93} INFO - /opt/***/jobs/fetch_data.py
[2024-08-15T00:38:07.455+0000] {subprocess.py:93} INFO - /home/***/.local/lib/python3.11/site-packages/pyspark/bin/load-spark-env.sh: line 68: ps: command not found
[2024-08-15T00:38:08.954+0000] {subprocess.py:93} INFO - 24/08/15 00:38:08 WARN NativeCodeLoader: Unable to load native-hadoop library for your platform... using builtin-java classes where applicable
[2024-08-15T00:38:10.611+0000] {subprocess.py:93} INFO - 24/08/15 00:38:10 INFO ShutdownHookManager: Shutdown hook called
[2024-08-15T00:38:10.621+0000] {subprocess.py:93} INFO - 24/08/15 00:38:10 INFO ShutdownHookManager: Deleting directory /tmp/spark-7e321060-1848-4d60-910b-884765481111
[2024-08-15T00:38:10.664+0000] {subprocess.py:97} INFO - Command exited with return code 0
[2024-08-15T00:38:10.709+0000] {taskinstance.py:1398} INFO - Marking task as SUCCESS. dag_id=data_pipeline_api, task_id=fetch_data, execution_date=20240814T003000, start_date=20240815T003807, end_date=20240815T003810
[2024-08-15T00:38:10.760+0000] {local_task_job_runner.py:228} INFO - Task exited with return code 0
[2024-08-15T00:38:10.787+0000] {taskinstance.py:2776} INFO - 0 downstream tasks scheduled from follow-on schedule check
